[2025-03-08T20:32:35.853+0000] {processor.py:186} INFO - Started process (PID=104) to work on /home/airflow/.local/lib/python3.12/site-packages/airflow/example_dags/example_sla_dag.py
[2025-03-08T20:32:35.854+0000] {processor.py:914} INFO - Processing file /home/airflow/.local/lib/python3.12/site-packages/airflow/example_dags/example_sla_dag.py for tasks to queue
[2025-03-08T20:32:35.856+0000] {logging_mixin.py:190} INFO - [2025-03-08T20:32:35.856+0000] {dagbag.py:588} INFO - Filling up the DagBag from /home/airflow/.local/lib/python3.12/site-packages/airflow/example_dags/example_sla_dag.py
[2025-03-08T20:32:35.866+0000] {processor.py:925} INFO - DAG(s) 'example_sla_dag' retrieved from /home/airflow/.local/lib/python3.12/site-packages/airflow/example_dags/example_sla_dag.py
[2025-03-08T20:32:35.953+0000] {logging_mixin.py:190} INFO - [2025-03-08T20:32:35.952+0000] {override.py:1912} INFO - Created Permission View: can edit on DAG:example_sla_dag
[2025-03-08T20:32:35.964+0000] {logging_mixin.py:190} INFO - [2025-03-08T20:32:35.963+0000] {override.py:1912} INFO - Created Permission View: can read on DAG:example_sla_dag
[2025-03-08T20:32:35.970+0000] {logging_mixin.py:190} INFO - [2025-03-08T20:32:35.970+0000] {override.py:1912} INFO - Created Permission View: can delete on DAG:example_sla_dag
[2025-03-08T20:32:35.978+0000] {logging_mixin.py:190} INFO - [2025-03-08T20:32:35.978+0000] {override.py:1912} INFO - Created Permission View: can read on DAG Run:example_sla_dag
[2025-03-08T20:32:35.983+0000] {logging_mixin.py:190} INFO - [2025-03-08T20:32:35.983+0000] {override.py:1912} INFO - Created Permission View: menu access on DAG Run:example_sla_dag
[2025-03-08T20:32:35.989+0000] {logging_mixin.py:190} INFO - [2025-03-08T20:32:35.988+0000] {override.py:1912} INFO - Created Permission View: can create on DAG Run:example_sla_dag
[2025-03-08T20:32:35.994+0000] {logging_mixin.py:190} INFO - [2025-03-08T20:32:35.994+0000] {override.py:1912} INFO - Created Permission View: can delete on DAG Run:example_sla_dag
[2025-03-08T20:32:35.995+0000] {logging_mixin.py:190} INFO - [2025-03-08T20:32:35.995+0000] {dag.py:3239} INFO - Sync 1 DAGs
[2025-03-08T20:32:36.005+0000] {logging_mixin.py:190} INFO - [2025-03-08T20:32:36.005+0000] {dag.py:3262} INFO - Creating ORM DAG for example_sla_dag
[2025-03-08T20:32:36.015+0000] {logging_mixin.py:190} INFO - [2025-03-08T20:32:36.015+0000] {dag.py:4180} INFO - Setting next_dagrun for example_sla_dag to 2025-03-08 20:30:00+00:00, run_after=2025-03-08 20:32:00+00:00
[2025-03-08T20:32:36.029+0000] {processor.py:208} INFO - Processing /home/airflow/.local/lib/python3.12/site-packages/airflow/example_dags/example_sla_dag.py took 0.180 seconds
[2025-03-08T20:33:06.266+0000] {processor.py:186} INFO - Started process (PID=167) to work on /home/airflow/.local/lib/python3.12/site-packages/airflow/example_dags/example_sla_dag.py
[2025-03-08T20:33:06.267+0000] {processor.py:914} INFO - Processing file /home/airflow/.local/lib/python3.12/site-packages/airflow/example_dags/example_sla_dag.py for tasks to queue
[2025-03-08T20:33:06.269+0000] {logging_mixin.py:190} INFO - [2025-03-08T20:33:06.269+0000] {dagbag.py:588} INFO - Filling up the DagBag from /home/airflow/.local/lib/python3.12/site-packages/airflow/example_dags/example_sla_dag.py
[2025-03-08T20:33:06.278+0000] {processor.py:925} INFO - DAG(s) 'example_sla_dag' retrieved from /home/airflow/.local/lib/python3.12/site-packages/airflow/example_dags/example_sla_dag.py
[2025-03-08T20:33:06.296+0000] {logging_mixin.py:190} INFO - [2025-03-08T20:33:06.296+0000] {dag.py:3239} INFO - Sync 1 DAGs
[2025-03-08T20:33:06.318+0000] {logging_mixin.py:190} INFO - [2025-03-08T20:33:06.318+0000] {dag.py:4180} INFO - Setting next_dagrun for example_sla_dag to 2025-03-08 20:30:00+00:00, run_after=2025-03-08 20:32:00+00:00
[2025-03-08T20:33:06.334+0000] {processor.py:208} INFO - Processing /home/airflow/.local/lib/python3.12/site-packages/airflow/example_dags/example_sla_dag.py took 0.073 seconds
[2025-03-08T20:33:36.838+0000] {processor.py:186} INFO - Started process (PID=230) to work on /home/airflow/.local/lib/python3.12/site-packages/airflow/example_dags/example_sla_dag.py
[2025-03-08T20:33:36.839+0000] {processor.py:914} INFO - Processing file /home/airflow/.local/lib/python3.12/site-packages/airflow/example_dags/example_sla_dag.py for tasks to queue
[2025-03-08T20:33:36.841+0000] {logging_mixin.py:190} INFO - [2025-03-08T20:33:36.841+0000] {dagbag.py:588} INFO - Filling up the DagBag from /home/airflow/.local/lib/python3.12/site-packages/airflow/example_dags/example_sla_dag.py
[2025-03-08T20:33:36.849+0000] {processor.py:925} INFO - DAG(s) 'example_sla_dag' retrieved from /home/airflow/.local/lib/python3.12/site-packages/airflow/example_dags/example_sla_dag.py
[2025-03-08T20:33:36.867+0000] {logging_mixin.py:190} INFO - [2025-03-08T20:33:36.866+0000] {dag.py:3239} INFO - Sync 1 DAGs
[2025-03-08T20:33:36.891+0000] {logging_mixin.py:190} INFO - [2025-03-08T20:33:36.891+0000] {dag.py:4180} INFO - Setting next_dagrun for example_sla_dag to 2025-03-08 20:30:00+00:00, run_after=2025-03-08 20:32:00+00:00
[2025-03-08T20:33:36.906+0000] {processor.py:208} INFO - Processing /home/airflow/.local/lib/python3.12/site-packages/airflow/example_dags/example_sla_dag.py took 0.073 seconds
[2025-03-08T20:34:07.691+0000] {processor.py:186} INFO - Started process (PID=293) to work on /home/airflow/.local/lib/python3.12/site-packages/airflow/example_dags/example_sla_dag.py
[2025-03-08T20:34:07.705+0000] {processor.py:914} INFO - Processing file /home/airflow/.local/lib/python3.12/site-packages/airflow/example_dags/example_sla_dag.py for tasks to queue
[2025-03-08T20:34:07.708+0000] {logging_mixin.py:190} INFO - [2025-03-08T20:34:07.707+0000] {dagbag.py:588} INFO - Filling up the DagBag from /home/airflow/.local/lib/python3.12/site-packages/airflow/example_dags/example_sla_dag.py
[2025-03-08T20:34:07.719+0000] {processor.py:925} INFO - DAG(s) 'example_sla_dag' retrieved from /home/airflow/.local/lib/python3.12/site-packages/airflow/example_dags/example_sla_dag.py
[2025-03-08T20:34:07.739+0000] {logging_mixin.py:190} INFO - [2025-03-08T20:34:07.739+0000] {dag.py:3239} INFO - Sync 1 DAGs
[2025-03-08T20:34:07.768+0000] {logging_mixin.py:190} INFO - [2025-03-08T20:34:07.768+0000] {dag.py:4180} INFO - Setting next_dagrun for example_sla_dag to 2025-03-08 20:32:00+00:00, run_after=2025-03-08 20:34:00+00:00
[2025-03-08T20:34:07.790+0000] {processor.py:208} INFO - Processing /home/airflow/.local/lib/python3.12/site-packages/airflow/example_dags/example_sla_dag.py took 0.106 seconds
[2025-03-08T20:34:38.711+0000] {processor.py:186} INFO - Started process (PID=356) to work on /home/airflow/.local/lib/python3.12/site-packages/airflow/example_dags/example_sla_dag.py
[2025-03-08T20:34:38.712+0000] {processor.py:914} INFO - Processing file /home/airflow/.local/lib/python3.12/site-packages/airflow/example_dags/example_sla_dag.py for tasks to queue
[2025-03-08T20:34:38.714+0000] {logging_mixin.py:190} INFO - [2025-03-08T20:34:38.713+0000] {dagbag.py:588} INFO - Filling up the DagBag from /home/airflow/.local/lib/python3.12/site-packages/airflow/example_dags/example_sla_dag.py
[2025-03-08T20:34:38.722+0000] {processor.py:925} INFO - DAG(s) 'example_sla_dag' retrieved from /home/airflow/.local/lib/python3.12/site-packages/airflow/example_dags/example_sla_dag.py
[2025-03-08T20:34:38.740+0000] {logging_mixin.py:190} INFO - [2025-03-08T20:34:38.740+0000] {dag.py:3239} INFO - Sync 1 DAGs
[2025-03-08T20:34:38.765+0000] {logging_mixin.py:190} INFO - [2025-03-08T20:34:38.765+0000] {dag.py:4180} INFO - Setting next_dagrun for example_sla_dag to 2025-03-08 20:32:00+00:00, run_after=2025-03-08 20:34:00+00:00
[2025-03-08T20:34:38.782+0000] {processor.py:208} INFO - Processing /home/airflow/.local/lib/python3.12/site-packages/airflow/example_dags/example_sla_dag.py took 0.076 seconds
[2025-03-08T20:35:09.372+0000] {processor.py:186} INFO - Started process (PID=418) to work on /home/airflow/.local/lib/python3.12/site-packages/airflow/example_dags/example_sla_dag.py
[2025-03-08T20:35:09.372+0000] {processor.py:914} INFO - Processing file /home/airflow/.local/lib/python3.12/site-packages/airflow/example_dags/example_sla_dag.py for tasks to queue
[2025-03-08T20:35:09.374+0000] {logging_mixin.py:190} INFO - [2025-03-08T20:35:09.374+0000] {dagbag.py:588} INFO - Filling up the DagBag from /home/airflow/.local/lib/python3.12/site-packages/airflow/example_dags/example_sla_dag.py
[2025-03-08T20:35:09.383+0000] {processor.py:925} INFO - DAG(s) 'example_sla_dag' retrieved from /home/airflow/.local/lib/python3.12/site-packages/airflow/example_dags/example_sla_dag.py
[2025-03-08T20:35:09.400+0000] {logging_mixin.py:190} INFO - [2025-03-08T20:35:09.399+0000] {dag.py:3239} INFO - Sync 1 DAGs
[2025-03-08T20:35:09.420+0000] {logging_mixin.py:190} INFO - [2025-03-08T20:35:09.420+0000] {dag.py:4180} INFO - Setting next_dagrun for example_sla_dag to 2025-03-08 20:32:00+00:00, run_after=2025-03-08 20:34:00+00:00
[2025-03-08T20:35:09.438+0000] {processor.py:208} INFO - Processing /home/airflow/.local/lib/python3.12/site-packages/airflow/example_dags/example_sla_dag.py took 0.071 seconds
[2025-03-08T20:35:39.875+0000] {processor.py:186} INFO - Started process (PID=481) to work on /home/airflow/.local/lib/python3.12/site-packages/airflow/example_dags/example_sla_dag.py
[2025-03-08T20:35:39.875+0000] {processor.py:914} INFO - Processing file /home/airflow/.local/lib/python3.12/site-packages/airflow/example_dags/example_sla_dag.py for tasks to queue
[2025-03-08T20:35:39.877+0000] {logging_mixin.py:190} INFO - [2025-03-08T20:35:39.877+0000] {dagbag.py:588} INFO - Filling up the DagBag from /home/airflow/.local/lib/python3.12/site-packages/airflow/example_dags/example_sla_dag.py
[2025-03-08T20:35:39.886+0000] {processor.py:925} INFO - DAG(s) 'example_sla_dag' retrieved from /home/airflow/.local/lib/python3.12/site-packages/airflow/example_dags/example_sla_dag.py
[2025-03-08T20:35:39.903+0000] {logging_mixin.py:190} INFO - [2025-03-08T20:35:39.903+0000] {dag.py:3239} INFO - Sync 1 DAGs
[2025-03-08T20:35:39.925+0000] {logging_mixin.py:190} INFO - [2025-03-08T20:35:39.925+0000] {dag.py:4180} INFO - Setting next_dagrun for example_sla_dag to 2025-03-08 20:32:00+00:00, run_after=2025-03-08 20:34:00+00:00
[2025-03-08T20:35:39.943+0000] {processor.py:208} INFO - Processing /home/airflow/.local/lib/python3.12/site-packages/airflow/example_dags/example_sla_dag.py took 0.075 seconds
[2025-03-08T20:36:10.243+0000] {processor.py:186} INFO - Started process (PID=544) to work on /home/airflow/.local/lib/python3.12/site-packages/airflow/example_dags/example_sla_dag.py
[2025-03-08T20:36:10.244+0000] {processor.py:914} INFO - Processing file /home/airflow/.local/lib/python3.12/site-packages/airflow/example_dags/example_sla_dag.py for tasks to queue
[2025-03-08T20:36:10.246+0000] {logging_mixin.py:190} INFO - [2025-03-08T20:36:10.246+0000] {dagbag.py:588} INFO - Filling up the DagBag from /home/airflow/.local/lib/python3.12/site-packages/airflow/example_dags/example_sla_dag.py
[2025-03-08T20:36:10.255+0000] {processor.py:925} INFO - DAG(s) 'example_sla_dag' retrieved from /home/airflow/.local/lib/python3.12/site-packages/airflow/example_dags/example_sla_dag.py
[2025-03-08T20:36:10.273+0000] {logging_mixin.py:190} INFO - [2025-03-08T20:36:10.272+0000] {dag.py:3239} INFO - Sync 1 DAGs
[2025-03-08T20:36:10.296+0000] {logging_mixin.py:190} INFO - [2025-03-08T20:36:10.295+0000] {dag.py:4180} INFO - Setting next_dagrun for example_sla_dag to 2025-03-08 20:34:00+00:00, run_after=2025-03-08 20:36:00+00:00
[2025-03-08T20:36:10.311+0000] {processor.py:208} INFO - Processing /home/airflow/.local/lib/python3.12/site-packages/airflow/example_dags/example_sla_dag.py took 0.074 seconds
[2025-03-08T20:36:41.654+0000] {processor.py:186} INFO - Started process (PID=607) to work on /home/airflow/.local/lib/python3.12/site-packages/airflow/example_dags/example_sla_dag.py
[2025-03-08T20:36:41.655+0000] {processor.py:914} INFO - Processing file /home/airflow/.local/lib/python3.12/site-packages/airflow/example_dags/example_sla_dag.py for tasks to queue
[2025-03-08T20:36:41.658+0000] {logging_mixin.py:190} INFO - [2025-03-08T20:36:41.657+0000] {dagbag.py:588} INFO - Filling up the DagBag from /home/airflow/.local/lib/python3.12/site-packages/airflow/example_dags/example_sla_dag.py
[2025-03-08T20:36:41.668+0000] {processor.py:925} INFO - DAG(s) 'example_sla_dag' retrieved from /home/airflow/.local/lib/python3.12/site-packages/airflow/example_dags/example_sla_dag.py
[2025-03-08T20:36:41.688+0000] {logging_mixin.py:190} INFO - [2025-03-08T20:36:41.687+0000] {dag.py:3239} INFO - Sync 1 DAGs
[2025-03-08T20:36:41.712+0000] {logging_mixin.py:190} INFO - [2025-03-08T20:36:41.711+0000] {dag.py:4180} INFO - Setting next_dagrun for example_sla_dag to 2025-03-08 20:34:00+00:00, run_after=2025-03-08 20:36:00+00:00
[2025-03-08T20:36:41.728+0000] {processor.py:208} INFO - Processing /home/airflow/.local/lib/python3.12/site-packages/airflow/example_dags/example_sla_dag.py took 0.080 seconds
[2025-03-08T20:37:12.724+0000] {processor.py:186} INFO - Started process (PID=670) to work on /home/airflow/.local/lib/python3.12/site-packages/airflow/example_dags/example_sla_dag.py
[2025-03-08T20:37:12.726+0000] {processor.py:914} INFO - Processing file /home/airflow/.local/lib/python3.12/site-packages/airflow/example_dags/example_sla_dag.py for tasks to queue
[2025-03-08T20:37:12.730+0000] {logging_mixin.py:190} INFO - [2025-03-08T20:37:12.729+0000] {dagbag.py:588} INFO - Filling up the DagBag from /home/airflow/.local/lib/python3.12/site-packages/airflow/example_dags/example_sla_dag.py
[2025-03-08T20:37:12.745+0000] {processor.py:925} INFO - DAG(s) 'example_sla_dag' retrieved from /home/airflow/.local/lib/python3.12/site-packages/airflow/example_dags/example_sla_dag.py
[2025-03-08T20:37:12.765+0000] {logging_mixin.py:190} INFO - [2025-03-08T20:37:12.765+0000] {dag.py:3239} INFO - Sync 1 DAGs
[2025-03-08T20:37:12.790+0000] {logging_mixin.py:190} INFO - [2025-03-08T20:37:12.790+0000] {dag.py:4180} INFO - Setting next_dagrun for example_sla_dag to 2025-03-08 20:34:00+00:00, run_after=2025-03-08 20:36:00+00:00
[2025-03-08T20:37:12.808+0000] {processor.py:208} INFO - Processing /home/airflow/.local/lib/python3.12/site-packages/airflow/example_dags/example_sla_dag.py took 0.096 seconds
[2025-03-08T20:37:43.366+0000] {processor.py:186} INFO - Started process (PID=733) to work on /home/airflow/.local/lib/python3.12/site-packages/airflow/example_dags/example_sla_dag.py
[2025-03-08T20:37:43.367+0000] {processor.py:914} INFO - Processing file /home/airflow/.local/lib/python3.12/site-packages/airflow/example_dags/example_sla_dag.py for tasks to queue
[2025-03-08T20:37:43.369+0000] {logging_mixin.py:190} INFO - [2025-03-08T20:37:43.369+0000] {dagbag.py:588} INFO - Filling up the DagBag from /home/airflow/.local/lib/python3.12/site-packages/airflow/example_dags/example_sla_dag.py
[2025-03-08T20:37:43.380+0000] {processor.py:925} INFO - DAG(s) 'example_sla_dag' retrieved from /home/airflow/.local/lib/python3.12/site-packages/airflow/example_dags/example_sla_dag.py
[2025-03-08T20:37:43.398+0000] {logging_mixin.py:190} INFO - [2025-03-08T20:37:43.398+0000] {dag.py:3239} INFO - Sync 1 DAGs
[2025-03-08T20:37:43.423+0000] {logging_mixin.py:190} INFO - [2025-03-08T20:37:43.422+0000] {dag.py:4180} INFO - Setting next_dagrun for example_sla_dag to 2025-03-08 20:34:00+00:00, run_after=2025-03-08 20:36:00+00:00
[2025-03-08T20:37:43.438+0000] {processor.py:208} INFO - Processing /home/airflow/.local/lib/python3.12/site-packages/airflow/example_dags/example_sla_dag.py took 0.079 seconds
[2025-03-08T20:38:14.653+0000] {processor.py:186} INFO - Started process (PID=796) to work on /home/airflow/.local/lib/python3.12/site-packages/airflow/example_dags/example_sla_dag.py
[2025-03-08T20:38:14.654+0000] {processor.py:914} INFO - Processing file /home/airflow/.local/lib/python3.12/site-packages/airflow/example_dags/example_sla_dag.py for tasks to queue
[2025-03-08T20:38:14.656+0000] {logging_mixin.py:190} INFO - [2025-03-08T20:38:14.655+0000] {dagbag.py:588} INFO - Filling up the DagBag from /home/airflow/.local/lib/python3.12/site-packages/airflow/example_dags/example_sla_dag.py
[2025-03-08T20:38:14.664+0000] {processor.py:925} INFO - DAG(s) 'example_sla_dag' retrieved from /home/airflow/.local/lib/python3.12/site-packages/airflow/example_dags/example_sla_dag.py
[2025-03-08T20:38:14.680+0000] {logging_mixin.py:190} INFO - [2025-03-08T20:38:14.680+0000] {dag.py:3239} INFO - Sync 1 DAGs
[2025-03-08T20:38:14.703+0000] {logging_mixin.py:190} INFO - [2025-03-08T20:38:14.703+0000] {dag.py:4180} INFO - Setting next_dagrun for example_sla_dag to 2025-03-08 20:36:00+00:00, run_after=2025-03-08 20:38:00+00:00
[2025-03-08T20:38:14.721+0000] {processor.py:208} INFO - Processing /home/airflow/.local/lib/python3.12/site-packages/airflow/example_dags/example_sla_dag.py took 0.074 seconds
[2025-03-08T20:38:45.129+0000] {processor.py:186} INFO - Started process (PID=859) to work on /home/airflow/.local/lib/python3.12/site-packages/airflow/example_dags/example_sla_dag.py
[2025-03-08T20:38:45.130+0000] {processor.py:914} INFO - Processing file /home/airflow/.local/lib/python3.12/site-packages/airflow/example_dags/example_sla_dag.py for tasks to queue
[2025-03-08T20:38:45.132+0000] {logging_mixin.py:190} INFO - [2025-03-08T20:38:45.131+0000] {dagbag.py:588} INFO - Filling up the DagBag from /home/airflow/.local/lib/python3.12/site-packages/airflow/example_dags/example_sla_dag.py
[2025-03-08T20:38:45.141+0000] {processor.py:925} INFO - DAG(s) 'example_sla_dag' retrieved from /home/airflow/.local/lib/python3.12/site-packages/airflow/example_dags/example_sla_dag.py
[2025-03-08T20:38:45.157+0000] {logging_mixin.py:190} INFO - [2025-03-08T20:38:45.157+0000] {dag.py:3239} INFO - Sync 1 DAGs
[2025-03-08T20:38:45.181+0000] {logging_mixin.py:190} INFO - [2025-03-08T20:38:45.180+0000] {dag.py:4180} INFO - Setting next_dagrun for example_sla_dag to 2025-03-08 20:36:00+00:00, run_after=2025-03-08 20:38:00+00:00
[2025-03-08T20:38:45.198+0000] {processor.py:208} INFO - Processing /home/airflow/.local/lib/python3.12/site-packages/airflow/example_dags/example_sla_dag.py took 0.075 seconds
[2025-03-08T20:39:16.744+0000] {processor.py:186} INFO - Started process (PID=922) to work on /home/airflow/.local/lib/python3.12/site-packages/airflow/example_dags/example_sla_dag.py
[2025-03-08T20:39:16.744+0000] {processor.py:914} INFO - Processing file /home/airflow/.local/lib/python3.12/site-packages/airflow/example_dags/example_sla_dag.py for tasks to queue
[2025-03-08T20:39:16.746+0000] {logging_mixin.py:190} INFO - [2025-03-08T20:39:16.746+0000] {dagbag.py:588} INFO - Filling up the DagBag from /home/airflow/.local/lib/python3.12/site-packages/airflow/example_dags/example_sla_dag.py
[2025-03-08T20:39:16.754+0000] {processor.py:925} INFO - DAG(s) 'example_sla_dag' retrieved from /home/airflow/.local/lib/python3.12/site-packages/airflow/example_dags/example_sla_dag.py
[2025-03-08T20:39:16.770+0000] {logging_mixin.py:190} INFO - [2025-03-08T20:39:16.770+0000] {dag.py:3239} INFO - Sync 1 DAGs
[2025-03-08T20:39:16.792+0000] {logging_mixin.py:190} INFO - [2025-03-08T20:39:16.792+0000] {dag.py:4180} INFO - Setting next_dagrun for example_sla_dag to 2025-03-08 20:36:00+00:00, run_after=2025-03-08 20:38:00+00:00
[2025-03-08T20:39:16.807+0000] {processor.py:208} INFO - Processing /home/airflow/.local/lib/python3.12/site-packages/airflow/example_dags/example_sla_dag.py took 0.068 seconds
[2025-03-08T20:39:47.905+0000] {processor.py:186} INFO - Started process (PID=985) to work on /home/airflow/.local/lib/python3.12/site-packages/airflow/example_dags/example_sla_dag.py
[2025-03-08T20:39:47.906+0000] {processor.py:914} INFO - Processing file /home/airflow/.local/lib/python3.12/site-packages/airflow/example_dags/example_sla_dag.py for tasks to queue
[2025-03-08T20:39:47.908+0000] {logging_mixin.py:190} INFO - [2025-03-08T20:39:47.907+0000] {dagbag.py:588} INFO - Filling up the DagBag from /home/airflow/.local/lib/python3.12/site-packages/airflow/example_dags/example_sla_dag.py
[2025-03-08T20:39:47.916+0000] {processor.py:925} INFO - DAG(s) 'example_sla_dag' retrieved from /home/airflow/.local/lib/python3.12/site-packages/airflow/example_dags/example_sla_dag.py
[2025-03-08T20:39:47.931+0000] {logging_mixin.py:190} INFO - [2025-03-08T20:39:47.931+0000] {dag.py:3239} INFO - Sync 1 DAGs
[2025-03-08T20:39:47.952+0000] {logging_mixin.py:190} INFO - [2025-03-08T20:39:47.951+0000] {dag.py:4180} INFO - Setting next_dagrun for example_sla_dag to 2025-03-08 20:36:00+00:00, run_after=2025-03-08 20:38:00+00:00
[2025-03-08T20:39:47.967+0000] {processor.py:208} INFO - Processing /home/airflow/.local/lib/python3.12/site-packages/airflow/example_dags/example_sla_dag.py took 0.067 seconds
[2025-03-08T20:40:18.567+0000] {processor.py:186} INFO - Started process (PID=1048) to work on /home/airflow/.local/lib/python3.12/site-packages/airflow/example_dags/example_sla_dag.py
[2025-03-08T20:40:18.567+0000] {processor.py:914} INFO - Processing file /home/airflow/.local/lib/python3.12/site-packages/airflow/example_dags/example_sla_dag.py for tasks to queue
[2025-03-08T20:40:18.570+0000] {logging_mixin.py:190} INFO - [2025-03-08T20:40:18.569+0000] {dagbag.py:588} INFO - Filling up the DagBag from /home/airflow/.local/lib/python3.12/site-packages/airflow/example_dags/example_sla_dag.py
[2025-03-08T20:40:18.579+0000] {processor.py:925} INFO - DAG(s) 'example_sla_dag' retrieved from /home/airflow/.local/lib/python3.12/site-packages/airflow/example_dags/example_sla_dag.py
[2025-03-08T20:40:18.595+0000] {logging_mixin.py:190} INFO - [2025-03-08T20:40:18.595+0000] {dag.py:3239} INFO - Sync 1 DAGs
[2025-03-08T20:40:18.616+0000] {logging_mixin.py:190} INFO - [2025-03-08T20:40:18.616+0000] {dag.py:4180} INFO - Setting next_dagrun for example_sla_dag to 2025-03-08 20:38:00+00:00, run_after=2025-03-08 20:40:00+00:00
[2025-03-08T20:40:18.631+0000] {processor.py:208} INFO - Processing /home/airflow/.local/lib/python3.12/site-packages/airflow/example_dags/example_sla_dag.py took 0.069 seconds
[2025-03-08T20:40:49.882+0000] {processor.py:186} INFO - Started process (PID=1111) to work on /home/airflow/.local/lib/python3.12/site-packages/airflow/example_dags/example_sla_dag.py
[2025-03-08T20:40:49.883+0000] {processor.py:914} INFO - Processing file /home/airflow/.local/lib/python3.12/site-packages/airflow/example_dags/example_sla_dag.py for tasks to queue
[2025-03-08T20:40:49.885+0000] {logging_mixin.py:190} INFO - [2025-03-08T20:40:49.885+0000] {dagbag.py:588} INFO - Filling up the DagBag from /home/airflow/.local/lib/python3.12/site-packages/airflow/example_dags/example_sla_dag.py
[2025-03-08T20:40:49.893+0000] {processor.py:925} INFO - DAG(s) 'example_sla_dag' retrieved from /home/airflow/.local/lib/python3.12/site-packages/airflow/example_dags/example_sla_dag.py
[2025-03-08T20:40:49.908+0000] {logging_mixin.py:190} INFO - [2025-03-08T20:40:49.908+0000] {dag.py:3239} INFO - Sync 1 DAGs
[2025-03-08T20:40:49.928+0000] {logging_mixin.py:190} INFO - [2025-03-08T20:40:49.928+0000] {dag.py:4180} INFO - Setting next_dagrun for example_sla_dag to 2025-03-08 20:38:00+00:00, run_after=2025-03-08 20:40:00+00:00
[2025-03-08T20:40:49.942+0000] {processor.py:208} INFO - Processing /home/airflow/.local/lib/python3.12/site-packages/airflow/example_dags/example_sla_dag.py took 0.065 seconds
[2025-03-08T20:41:21.531+0000] {processor.py:186} INFO - Started process (PID=1174) to work on /home/airflow/.local/lib/python3.12/site-packages/airflow/example_dags/example_sla_dag.py
[2025-03-08T20:41:21.532+0000] {processor.py:914} INFO - Processing file /home/airflow/.local/lib/python3.12/site-packages/airflow/example_dags/example_sla_dag.py for tasks to queue
[2025-03-08T20:41:21.534+0000] {logging_mixin.py:190} INFO - [2025-03-08T20:41:21.534+0000] {dagbag.py:588} INFO - Filling up the DagBag from /home/airflow/.local/lib/python3.12/site-packages/airflow/example_dags/example_sla_dag.py
[2025-03-08T20:41:21.543+0000] {processor.py:925} INFO - DAG(s) 'example_sla_dag' retrieved from /home/airflow/.local/lib/python3.12/site-packages/airflow/example_dags/example_sla_dag.py
[2025-03-08T20:41:21.558+0000] {logging_mixin.py:190} INFO - [2025-03-08T20:41:21.558+0000] {dag.py:3239} INFO - Sync 1 DAGs
[2025-03-08T20:41:21.580+0000] {logging_mixin.py:190} INFO - [2025-03-08T20:41:21.580+0000] {dag.py:4180} INFO - Setting next_dagrun for example_sla_dag to 2025-03-08 20:38:00+00:00, run_after=2025-03-08 20:40:00+00:00
[2025-03-08T20:41:21.595+0000] {processor.py:208} INFO - Processing /home/airflow/.local/lib/python3.12/site-packages/airflow/example_dags/example_sla_dag.py took 0.069 seconds
[2025-03-08T20:41:52.649+0000] {processor.py:186} INFO - Started process (PID=1237) to work on /home/airflow/.local/lib/python3.12/site-packages/airflow/example_dags/example_sla_dag.py
[2025-03-08T20:41:52.649+0000] {processor.py:914} INFO - Processing file /home/airflow/.local/lib/python3.12/site-packages/airflow/example_dags/example_sla_dag.py for tasks to queue
[2025-03-08T20:41:52.651+0000] {logging_mixin.py:190} INFO - [2025-03-08T20:41:52.651+0000] {dagbag.py:588} INFO - Filling up the DagBag from /home/airflow/.local/lib/python3.12/site-packages/airflow/example_dags/example_sla_dag.py
[2025-03-08T20:41:52.660+0000] {processor.py:925} INFO - DAG(s) 'example_sla_dag' retrieved from /home/airflow/.local/lib/python3.12/site-packages/airflow/example_dags/example_sla_dag.py
[2025-03-08T20:41:52.675+0000] {logging_mixin.py:190} INFO - [2025-03-08T20:41:52.674+0000] {dag.py:3239} INFO - Sync 1 DAGs
[2025-03-08T20:41:52.695+0000] {logging_mixin.py:190} INFO - [2025-03-08T20:41:52.695+0000] {dag.py:4180} INFO - Setting next_dagrun for example_sla_dag to 2025-03-08 20:38:00+00:00, run_after=2025-03-08 20:40:00+00:00
[2025-03-08T20:41:52.709+0000] {processor.py:208} INFO - Processing /home/airflow/.local/lib/python3.12/site-packages/airflow/example_dags/example_sla_dag.py took 0.065 seconds
[2025-03-08T20:42:23.398+0000] {processor.py:186} INFO - Started process (PID=1300) to work on /home/airflow/.local/lib/python3.12/site-packages/airflow/example_dags/example_sla_dag.py
[2025-03-08T20:42:23.399+0000] {processor.py:914} INFO - Processing file /home/airflow/.local/lib/python3.12/site-packages/airflow/example_dags/example_sla_dag.py for tasks to queue
[2025-03-08T20:42:23.401+0000] {logging_mixin.py:190} INFO - [2025-03-08T20:42:23.400+0000] {dagbag.py:588} INFO - Filling up the DagBag from /home/airflow/.local/lib/python3.12/site-packages/airflow/example_dags/example_sla_dag.py
[2025-03-08T20:42:23.409+0000] {processor.py:925} INFO - DAG(s) 'example_sla_dag' retrieved from /home/airflow/.local/lib/python3.12/site-packages/airflow/example_dags/example_sla_dag.py
[2025-03-08T20:42:23.424+0000] {logging_mixin.py:190} INFO - [2025-03-08T20:42:23.424+0000] {dag.py:3239} INFO - Sync 1 DAGs
[2025-03-08T20:42:23.445+0000] {logging_mixin.py:190} INFO - [2025-03-08T20:42:23.445+0000] {dag.py:4180} INFO - Setting next_dagrun for example_sla_dag to 2025-03-08 20:40:00+00:00, run_after=2025-03-08 20:42:00+00:00
[2025-03-08T20:42:23.462+0000] {processor.py:208} INFO - Processing /home/airflow/.local/lib/python3.12/site-packages/airflow/example_dags/example_sla_dag.py took 0.069 seconds
[2025-03-08T20:42:54.015+0000] {processor.py:186} INFO - Started process (PID=1363) to work on /home/airflow/.local/lib/python3.12/site-packages/airflow/example_dags/example_sla_dag.py
[2025-03-08T20:42:54.015+0000] {processor.py:914} INFO - Processing file /home/airflow/.local/lib/python3.12/site-packages/airflow/example_dags/example_sla_dag.py for tasks to queue
[2025-03-08T20:42:54.017+0000] {logging_mixin.py:190} INFO - [2025-03-08T20:42:54.017+0000] {dagbag.py:588} INFO - Filling up the DagBag from /home/airflow/.local/lib/python3.12/site-packages/airflow/example_dags/example_sla_dag.py
[2025-03-08T20:42:54.026+0000] {processor.py:925} INFO - DAG(s) 'example_sla_dag' retrieved from /home/airflow/.local/lib/python3.12/site-packages/airflow/example_dags/example_sla_dag.py
[2025-03-08T20:42:54.041+0000] {logging_mixin.py:190} INFO - [2025-03-08T20:42:54.040+0000] {dag.py:3239} INFO - Sync 1 DAGs
[2025-03-08T20:42:54.062+0000] {logging_mixin.py:190} INFO - [2025-03-08T20:42:54.061+0000] {dag.py:4180} INFO - Setting next_dagrun for example_sla_dag to 2025-03-08 20:40:00+00:00, run_after=2025-03-08 20:42:00+00:00
[2025-03-08T20:42:54.077+0000] {processor.py:208} INFO - Processing /home/airflow/.local/lib/python3.12/site-packages/airflow/example_dags/example_sla_dag.py took 0.068 seconds
[2025-03-08T20:43:24.503+0000] {processor.py:186} INFO - Started process (PID=1426) to work on /home/airflow/.local/lib/python3.12/site-packages/airflow/example_dags/example_sla_dag.py
[2025-03-08T20:43:24.504+0000] {processor.py:914} INFO - Processing file /home/airflow/.local/lib/python3.12/site-packages/airflow/example_dags/example_sla_dag.py for tasks to queue
[2025-03-08T20:43:24.506+0000] {logging_mixin.py:190} INFO - [2025-03-08T20:43:24.506+0000] {dagbag.py:588} INFO - Filling up the DagBag from /home/airflow/.local/lib/python3.12/site-packages/airflow/example_dags/example_sla_dag.py
[2025-03-08T20:43:24.515+0000] {processor.py:925} INFO - DAG(s) 'example_sla_dag' retrieved from /home/airflow/.local/lib/python3.12/site-packages/airflow/example_dags/example_sla_dag.py
[2025-03-08T20:43:24.532+0000] {logging_mixin.py:190} INFO - [2025-03-08T20:43:24.531+0000] {dag.py:3239} INFO - Sync 1 DAGs
[2025-03-08T20:43:24.558+0000] {logging_mixin.py:190} INFO - [2025-03-08T20:43:24.558+0000] {dag.py:4180} INFO - Setting next_dagrun for example_sla_dag to 2025-03-08 20:40:00+00:00, run_after=2025-03-08 20:42:00+00:00
[2025-03-08T20:43:24.574+0000] {processor.py:208} INFO - Processing /home/airflow/.local/lib/python3.12/site-packages/airflow/example_dags/example_sla_dag.py took 0.075 seconds
[2025-03-08T20:43:56.076+0000] {processor.py:186} INFO - Started process (PID=1489) to work on /home/airflow/.local/lib/python3.12/site-packages/airflow/example_dags/example_sla_dag.py
[2025-03-08T20:43:56.076+0000] {processor.py:914} INFO - Processing file /home/airflow/.local/lib/python3.12/site-packages/airflow/example_dags/example_sla_dag.py for tasks to queue
[2025-03-08T20:43:56.078+0000] {logging_mixin.py:190} INFO - [2025-03-08T20:43:56.078+0000] {dagbag.py:588} INFO - Filling up the DagBag from /home/airflow/.local/lib/python3.12/site-packages/airflow/example_dags/example_sla_dag.py
[2025-03-08T20:43:56.087+0000] {processor.py:925} INFO - DAG(s) 'example_sla_dag' retrieved from /home/airflow/.local/lib/python3.12/site-packages/airflow/example_dags/example_sla_dag.py
[2025-03-08T20:43:56.102+0000] {logging_mixin.py:190} INFO - [2025-03-08T20:43:56.102+0000] {dag.py:3239} INFO - Sync 1 DAGs
[2025-03-08T20:43:56.122+0000] {logging_mixin.py:190} INFO - [2025-03-08T20:43:56.122+0000] {dag.py:4180} INFO - Setting next_dagrun for example_sla_dag to 2025-03-08 20:40:00+00:00, run_after=2025-03-08 20:42:00+00:00
[2025-03-08T20:43:56.138+0000] {processor.py:208} INFO - Processing /home/airflow/.local/lib/python3.12/site-packages/airflow/example_dags/example_sla_dag.py took 0.067 seconds
[2025-03-08T20:44:26.910+0000] {processor.py:186} INFO - Started process (PID=1552) to work on /home/airflow/.local/lib/python3.12/site-packages/airflow/example_dags/example_sla_dag.py
[2025-03-08T20:44:26.910+0000] {processor.py:914} INFO - Processing file /home/airflow/.local/lib/python3.12/site-packages/airflow/example_dags/example_sla_dag.py for tasks to queue
[2025-03-08T20:44:26.912+0000] {logging_mixin.py:190} INFO - [2025-03-08T20:44:26.912+0000] {dagbag.py:588} INFO - Filling up the DagBag from /home/airflow/.local/lib/python3.12/site-packages/airflow/example_dags/example_sla_dag.py
[2025-03-08T20:44:26.921+0000] {processor.py:925} INFO - DAG(s) 'example_sla_dag' retrieved from /home/airflow/.local/lib/python3.12/site-packages/airflow/example_dags/example_sla_dag.py
[2025-03-08T20:44:26.938+0000] {logging_mixin.py:190} INFO - [2025-03-08T20:44:26.938+0000] {dag.py:3239} INFO - Sync 1 DAGs
[2025-03-08T20:44:26.958+0000] {logging_mixin.py:190} INFO - [2025-03-08T20:44:26.958+0000] {dag.py:4180} INFO - Setting next_dagrun for example_sla_dag to 2025-03-08 20:42:00+00:00, run_after=2025-03-08 20:44:00+00:00
[2025-03-08T20:44:26.974+0000] {processor.py:208} INFO - Processing /home/airflow/.local/lib/python3.12/site-packages/airflow/example_dags/example_sla_dag.py took 0.070 seconds
[2025-03-08T20:44:57.367+0000] {processor.py:186} INFO - Started process (PID=1615) to work on /home/airflow/.local/lib/python3.12/site-packages/airflow/example_dags/example_sla_dag.py
[2025-03-08T20:44:57.368+0000] {processor.py:914} INFO - Processing file /home/airflow/.local/lib/python3.12/site-packages/airflow/example_dags/example_sla_dag.py for tasks to queue
[2025-03-08T20:44:57.370+0000] {logging_mixin.py:190} INFO - [2025-03-08T20:44:57.370+0000] {dagbag.py:588} INFO - Filling up the DagBag from /home/airflow/.local/lib/python3.12/site-packages/airflow/example_dags/example_sla_dag.py
[2025-03-08T20:44:57.379+0000] {processor.py:925} INFO - DAG(s) 'example_sla_dag' retrieved from /home/airflow/.local/lib/python3.12/site-packages/airflow/example_dags/example_sla_dag.py
[2025-03-08T20:44:57.396+0000] {logging_mixin.py:190} INFO - [2025-03-08T20:44:57.396+0000] {dag.py:3239} INFO - Sync 1 DAGs
[2025-03-08T20:44:57.418+0000] {logging_mixin.py:190} INFO - [2025-03-08T20:44:57.417+0000] {dag.py:4180} INFO - Setting next_dagrun for example_sla_dag to 2025-03-08 20:42:00+00:00, run_after=2025-03-08 20:44:00+00:00
[2025-03-08T20:44:57.434+0000] {processor.py:208} INFO - Processing /home/airflow/.local/lib/python3.12/site-packages/airflow/example_dags/example_sla_dag.py took 0.071 seconds
[2025-03-08T20:45:28.854+0000] {processor.py:186} INFO - Started process (PID=1678) to work on /home/airflow/.local/lib/python3.12/site-packages/airflow/example_dags/example_sla_dag.py
[2025-03-08T20:45:28.854+0000] {processor.py:914} INFO - Processing file /home/airflow/.local/lib/python3.12/site-packages/airflow/example_dags/example_sla_dag.py for tasks to queue
[2025-03-08T20:45:28.856+0000] {logging_mixin.py:190} INFO - [2025-03-08T20:45:28.856+0000] {dagbag.py:588} INFO - Filling up the DagBag from /home/airflow/.local/lib/python3.12/site-packages/airflow/example_dags/example_sla_dag.py
[2025-03-08T20:45:28.865+0000] {processor.py:925} INFO - DAG(s) 'example_sla_dag' retrieved from /home/airflow/.local/lib/python3.12/site-packages/airflow/example_dags/example_sla_dag.py
[2025-03-08T20:45:28.880+0000] {logging_mixin.py:190} INFO - [2025-03-08T20:45:28.880+0000] {dag.py:3239} INFO - Sync 1 DAGs
[2025-03-08T20:45:28.901+0000] {logging_mixin.py:190} INFO - [2025-03-08T20:45:28.901+0000] {dag.py:4180} INFO - Setting next_dagrun for example_sla_dag to 2025-03-08 20:42:00+00:00, run_after=2025-03-08 20:44:00+00:00
[2025-03-08T20:45:28.919+0000] {processor.py:208} INFO - Processing /home/airflow/.local/lib/python3.12/site-packages/airflow/example_dags/example_sla_dag.py took 0.070 seconds
[2025-03-08T20:46:00.465+0000] {processor.py:186} INFO - Started process (PID=1741) to work on /home/airflow/.local/lib/python3.12/site-packages/airflow/example_dags/example_sla_dag.py
[2025-03-08T20:46:00.470+0000] {processor.py:914} INFO - Processing file /home/airflow/.local/lib/python3.12/site-packages/airflow/example_dags/example_sla_dag.py for tasks to queue
[2025-03-08T20:46:00.472+0000] {logging_mixin.py:190} INFO - [2025-03-08T20:46:00.472+0000] {dagbag.py:588} INFO - Filling up the DagBag from /home/airflow/.local/lib/python3.12/site-packages/airflow/example_dags/example_sla_dag.py
[2025-03-08T20:46:00.482+0000] {processor.py:925} INFO - DAG(s) 'example_sla_dag' retrieved from /home/airflow/.local/lib/python3.12/site-packages/airflow/example_dags/example_sla_dag.py
[2025-03-08T20:46:00.498+0000] {logging_mixin.py:190} INFO - [2025-03-08T20:46:00.498+0000] {dag.py:3239} INFO - Sync 1 DAGs
[2025-03-08T20:46:00.521+0000] {logging_mixin.py:190} INFO - [2025-03-08T20:46:00.521+0000] {dag.py:4180} INFO - Setting next_dagrun for example_sla_dag to 2025-03-08 20:44:00+00:00, run_after=2025-03-08 20:46:00+00:00
[2025-03-08T20:46:00.540+0000] {processor.py:208} INFO - Processing /home/airflow/.local/lib/python3.12/site-packages/airflow/example_dags/example_sla_dag.py took 0.079 seconds
[2025-03-08T20:46:32.081+0000] {processor.py:186} INFO - Started process (PID=1810) to work on /home/airflow/.local/lib/python3.12/site-packages/airflow/example_dags/example_sla_dag.py
[2025-03-08T20:46:32.081+0000] {processor.py:914} INFO - Processing file /home/airflow/.local/lib/python3.12/site-packages/airflow/example_dags/example_sla_dag.py for tasks to queue
[2025-03-08T20:46:32.084+0000] {logging_mixin.py:190} INFO - [2025-03-08T20:46:32.084+0000] {dagbag.py:588} INFO - Filling up the DagBag from /home/airflow/.local/lib/python3.12/site-packages/airflow/example_dags/example_sla_dag.py
[2025-03-08T20:46:32.094+0000] {processor.py:925} INFO - DAG(s) 'example_sla_dag' retrieved from /home/airflow/.local/lib/python3.12/site-packages/airflow/example_dags/example_sla_dag.py
[2025-03-08T20:46:32.111+0000] {logging_mixin.py:190} INFO - [2025-03-08T20:46:32.110+0000] {dag.py:3239} INFO - Sync 1 DAGs
[2025-03-08T20:46:32.136+0000] {logging_mixin.py:190} INFO - [2025-03-08T20:46:32.136+0000] {dag.py:4180} INFO - Setting next_dagrun for example_sla_dag to 2025-03-08 20:44:00+00:00, run_after=2025-03-08 20:46:00+00:00
[2025-03-08T20:46:32.155+0000] {processor.py:208} INFO - Processing /home/airflow/.local/lib/python3.12/site-packages/airflow/example_dags/example_sla_dag.py took 0.080 seconds
[2025-03-08T20:47:02.457+0000] {processor.py:186} INFO - Started process (PID=1873) to work on /home/airflow/.local/lib/python3.12/site-packages/airflow/example_dags/example_sla_dag.py
[2025-03-08T20:47:02.458+0000] {processor.py:914} INFO - Processing file /home/airflow/.local/lib/python3.12/site-packages/airflow/example_dags/example_sla_dag.py for tasks to queue
[2025-03-08T20:47:02.460+0000] {logging_mixin.py:190} INFO - [2025-03-08T20:47:02.460+0000] {dagbag.py:588} INFO - Filling up the DagBag from /home/airflow/.local/lib/python3.12/site-packages/airflow/example_dags/example_sla_dag.py
[2025-03-08T20:47:02.470+0000] {processor.py:925} INFO - DAG(s) 'example_sla_dag' retrieved from /home/airflow/.local/lib/python3.12/site-packages/airflow/example_dags/example_sla_dag.py
[2025-03-08T20:47:02.493+0000] {logging_mixin.py:190} INFO - [2025-03-08T20:47:02.492+0000] {dag.py:3239} INFO - Sync 1 DAGs
[2025-03-08T20:47:02.515+0000] {logging_mixin.py:190} INFO - [2025-03-08T20:47:02.515+0000] {dag.py:4180} INFO - Setting next_dagrun for example_sla_dag to 2025-03-08 20:44:00+00:00, run_after=2025-03-08 20:46:00+00:00
[2025-03-08T20:47:02.535+0000] {processor.py:208} INFO - Processing /home/airflow/.local/lib/python3.12/site-packages/airflow/example_dags/example_sla_dag.py took 0.084 seconds
[2025-03-08T20:47:34.084+0000] {processor.py:186} INFO - Started process (PID=1936) to work on /home/airflow/.local/lib/python3.12/site-packages/airflow/example_dags/example_sla_dag.py
[2025-03-08T20:47:34.085+0000] {processor.py:914} INFO - Processing file /home/airflow/.local/lib/python3.12/site-packages/airflow/example_dags/example_sla_dag.py for tasks to queue
[2025-03-08T20:47:34.087+0000] {logging_mixin.py:190} INFO - [2025-03-08T20:47:34.087+0000] {dagbag.py:588} INFO - Filling up the DagBag from /home/airflow/.local/lib/python3.12/site-packages/airflow/example_dags/example_sla_dag.py
[2025-03-08T20:47:34.096+0000] {processor.py:925} INFO - DAG(s) 'example_sla_dag' retrieved from /home/airflow/.local/lib/python3.12/site-packages/airflow/example_dags/example_sla_dag.py
[2025-03-08T20:47:34.112+0000] {logging_mixin.py:190} INFO - [2025-03-08T20:47:34.112+0000] {dag.py:3239} INFO - Sync 1 DAGs
[2025-03-08T20:47:34.133+0000] {logging_mixin.py:190} INFO - [2025-03-08T20:47:34.133+0000] {dag.py:4180} INFO - Setting next_dagrun for example_sla_dag to 2025-03-08 20:44:00+00:00, run_after=2025-03-08 20:46:00+00:00
[2025-03-08T20:47:34.150+0000] {processor.py:208} INFO - Processing /home/airflow/.local/lib/python3.12/site-packages/airflow/example_dags/example_sla_dag.py took 0.071 seconds
[2025-03-08T20:48:05.281+0000] {processor.py:186} INFO - Started process (PID=1999) to work on /home/airflow/.local/lib/python3.12/site-packages/airflow/example_dags/example_sla_dag.py
[2025-03-08T20:48:05.282+0000] {processor.py:914} INFO - Processing file /home/airflow/.local/lib/python3.12/site-packages/airflow/example_dags/example_sla_dag.py for tasks to queue
[2025-03-08T20:48:05.284+0000] {logging_mixin.py:190} INFO - [2025-03-08T20:48:05.283+0000] {dagbag.py:588} INFO - Filling up the DagBag from /home/airflow/.local/lib/python3.12/site-packages/airflow/example_dags/example_sla_dag.py
[2025-03-08T20:48:05.293+0000] {processor.py:925} INFO - DAG(s) 'example_sla_dag' retrieved from /home/airflow/.local/lib/python3.12/site-packages/airflow/example_dags/example_sla_dag.py
[2025-03-08T20:48:05.309+0000] {logging_mixin.py:190} INFO - [2025-03-08T20:48:05.309+0000] {dag.py:3239} INFO - Sync 1 DAGs
[2025-03-08T20:48:05.331+0000] {logging_mixin.py:190} INFO - [2025-03-08T20:48:05.330+0000] {dag.py:4180} INFO - Setting next_dagrun for example_sla_dag to 2025-03-08 20:46:00+00:00, run_after=2025-03-08 20:48:00+00:00
[2025-03-08T20:48:05.347+0000] {processor.py:208} INFO - Processing /home/airflow/.local/lib/python3.12/site-packages/airflow/example_dags/example_sla_dag.py took 0.072 seconds
[2025-03-08T20:48:35.746+0000] {processor.py:186} INFO - Started process (PID=2062) to work on /home/airflow/.local/lib/python3.12/site-packages/airflow/example_dags/example_sla_dag.py
[2025-03-08T20:48:35.746+0000] {processor.py:914} INFO - Processing file /home/airflow/.local/lib/python3.12/site-packages/airflow/example_dags/example_sla_dag.py for tasks to queue
[2025-03-08T20:48:35.749+0000] {logging_mixin.py:190} INFO - [2025-03-08T20:48:35.749+0000] {dagbag.py:588} INFO - Filling up the DagBag from /home/airflow/.local/lib/python3.12/site-packages/airflow/example_dags/example_sla_dag.py
[2025-03-08T20:48:35.759+0000] {processor.py:925} INFO - DAG(s) 'example_sla_dag' retrieved from /home/airflow/.local/lib/python3.12/site-packages/airflow/example_dags/example_sla_dag.py
[2025-03-08T20:48:35.777+0000] {logging_mixin.py:190} INFO - [2025-03-08T20:48:35.776+0000] {dag.py:3239} INFO - Sync 1 DAGs
[2025-03-08T20:48:35.805+0000] {logging_mixin.py:190} INFO - [2025-03-08T20:48:35.805+0000] {dag.py:4180} INFO - Setting next_dagrun for example_sla_dag to 2025-03-08 20:46:00+00:00, run_after=2025-03-08 20:48:00+00:00
[2025-03-08T20:48:35.824+0000] {processor.py:208} INFO - Processing /home/airflow/.local/lib/python3.12/site-packages/airflow/example_dags/example_sla_dag.py took 0.084 seconds
[2025-03-08T20:49:07.129+0000] {processor.py:186} INFO - Started process (PID=2125) to work on /home/airflow/.local/lib/python3.12/site-packages/airflow/example_dags/example_sla_dag.py
[2025-03-08T20:49:07.130+0000] {processor.py:914} INFO - Processing file /home/airflow/.local/lib/python3.12/site-packages/airflow/example_dags/example_sla_dag.py for tasks to queue
[2025-03-08T20:49:07.132+0000] {logging_mixin.py:190} INFO - [2025-03-08T20:49:07.132+0000] {dagbag.py:588} INFO - Filling up the DagBag from /home/airflow/.local/lib/python3.12/site-packages/airflow/example_dags/example_sla_dag.py
[2025-03-08T20:49:07.142+0000] {processor.py:925} INFO - DAG(s) 'example_sla_dag' retrieved from /home/airflow/.local/lib/python3.12/site-packages/airflow/example_dags/example_sla_dag.py
[2025-03-08T20:49:07.159+0000] {logging_mixin.py:190} INFO - [2025-03-08T20:49:07.158+0000] {dag.py:3239} INFO - Sync 1 DAGs
[2025-03-08T20:49:07.182+0000] {logging_mixin.py:190} INFO - [2025-03-08T20:49:07.182+0000] {dag.py:4180} INFO - Setting next_dagrun for example_sla_dag to 2025-03-08 20:46:00+00:00, run_after=2025-03-08 20:48:00+00:00
[2025-03-08T20:49:07.199+0000] {processor.py:208} INFO - Processing /home/airflow/.local/lib/python3.12/site-packages/airflow/example_dags/example_sla_dag.py took 0.075 seconds
[2025-03-08T20:49:38.651+0000] {processor.py:186} INFO - Started process (PID=2188) to work on /home/airflow/.local/lib/python3.12/site-packages/airflow/example_dags/example_sla_dag.py
[2025-03-08T20:49:38.651+0000] {processor.py:914} INFO - Processing file /home/airflow/.local/lib/python3.12/site-packages/airflow/example_dags/example_sla_dag.py for tasks to queue
[2025-03-08T20:49:38.653+0000] {logging_mixin.py:190} INFO - [2025-03-08T20:49:38.653+0000] {dagbag.py:588} INFO - Filling up the DagBag from /home/airflow/.local/lib/python3.12/site-packages/airflow/example_dags/example_sla_dag.py
[2025-03-08T20:49:38.662+0000] {processor.py:925} INFO - DAG(s) 'example_sla_dag' retrieved from /home/airflow/.local/lib/python3.12/site-packages/airflow/example_dags/example_sla_dag.py
[2025-03-08T20:49:38.678+0000] {logging_mixin.py:190} INFO - [2025-03-08T20:49:38.678+0000] {dag.py:3239} INFO - Sync 1 DAGs
[2025-03-08T20:49:38.700+0000] {logging_mixin.py:190} INFO - [2025-03-08T20:49:38.700+0000] {dag.py:4180} INFO - Setting next_dagrun for example_sla_dag to 2025-03-08 20:46:00+00:00, run_after=2025-03-08 20:48:00+00:00
[2025-03-08T20:49:38.716+0000] {processor.py:208} INFO - Processing /home/airflow/.local/lib/python3.12/site-packages/airflow/example_dags/example_sla_dag.py took 0.070 seconds
[2025-03-08T20:50:09.647+0000] {processor.py:186} INFO - Started process (PID=2251) to work on /home/airflow/.local/lib/python3.12/site-packages/airflow/example_dags/example_sla_dag.py
[2025-03-08T20:50:09.648+0000] {processor.py:914} INFO - Processing file /home/airflow/.local/lib/python3.12/site-packages/airflow/example_dags/example_sla_dag.py for tasks to queue
[2025-03-08T20:50:09.650+0000] {logging_mixin.py:190} INFO - [2025-03-08T20:50:09.650+0000] {dagbag.py:588} INFO - Filling up the DagBag from /home/airflow/.local/lib/python3.12/site-packages/airflow/example_dags/example_sla_dag.py
[2025-03-08T20:50:09.659+0000] {processor.py:925} INFO - DAG(s) 'example_sla_dag' retrieved from /home/airflow/.local/lib/python3.12/site-packages/airflow/example_dags/example_sla_dag.py
[2025-03-08T20:50:09.678+0000] {logging_mixin.py:190} INFO - [2025-03-08T20:50:09.677+0000] {dag.py:3239} INFO - Sync 1 DAGs
[2025-03-08T20:50:09.699+0000] {logging_mixin.py:190} INFO - [2025-03-08T20:50:09.699+0000] {dag.py:4180} INFO - Setting next_dagrun for example_sla_dag to 2025-03-08 20:48:00+00:00, run_after=2025-03-08 20:50:00+00:00
[2025-03-08T20:50:09.714+0000] {processor.py:208} INFO - Processing /home/airflow/.local/lib/python3.12/site-packages/airflow/example_dags/example_sla_dag.py took 0.072 seconds
