[2025-03-08T20:32:30.567+0000] {processor.py:186} INFO - Started process (PID=75) to work on /home/airflow/.local/lib/python3.12/site-packages/airflow/example_dags/example_external_task_marker_dag.py
[2025-03-08T20:32:30.568+0000] {processor.py:914} INFO - Processing file /home/airflow/.local/lib/python3.12/site-packages/airflow/example_dags/example_external_task_marker_dag.py for tasks to queue
[2025-03-08T20:32:30.570+0000] {logging_mixin.py:190} INFO - [2025-03-08T20:32:30.570+0000] {dagbag.py:588} INFO - Filling up the DagBag from /home/airflow/.local/lib/python3.12/site-packages/airflow/example_dags/example_external_task_marker_dag.py
[2025-03-08T20:32:30.579+0000] {processor.py:925} INFO - DAG(s) 'example_external_task_marker_child', 'example_external_task_marker_parent' retrieved from /home/airflow/.local/lib/python3.12/site-packages/airflow/example_dags/example_external_task_marker_dag.py
[2025-03-08T20:32:30.678+0000] {logging_mixin.py:190} INFO - [2025-03-08T20:32:30.678+0000] {override.py:1912} INFO - Created Permission View: can edit on DAG:example_external_task_marker_child
[2025-03-08T20:32:30.688+0000] {logging_mixin.py:190} INFO - [2025-03-08T20:32:30.688+0000] {override.py:1912} INFO - Created Permission View: can read on DAG:example_external_task_marker_child
[2025-03-08T20:32:30.695+0000] {logging_mixin.py:190} INFO - [2025-03-08T20:32:30.695+0000] {override.py:1912} INFO - Created Permission View: can delete on DAG:example_external_task_marker_child
[2025-03-08T20:32:30.701+0000] {logging_mixin.py:190} INFO - [2025-03-08T20:32:30.701+0000] {override.py:1912} INFO - Created Permission View: can read on DAG Run:example_external_task_marker_child
[2025-03-08T20:32:30.708+0000] {logging_mixin.py:190} INFO - [2025-03-08T20:32:30.708+0000] {override.py:1912} INFO - Created Permission View: menu access on DAG Run:example_external_task_marker_child
[2025-03-08T20:32:30.714+0000] {logging_mixin.py:190} INFO - [2025-03-08T20:32:30.713+0000] {override.py:1912} INFO - Created Permission View: can create on DAG Run:example_external_task_marker_child
[2025-03-08T20:32:30.719+0000] {logging_mixin.py:190} INFO - [2025-03-08T20:32:30.718+0000] {override.py:1912} INFO - Created Permission View: can delete on DAG Run:example_external_task_marker_child
[2025-03-08T20:32:30.729+0000] {logging_mixin.py:190} INFO - [2025-03-08T20:32:30.728+0000] {override.py:1912} INFO - Created Permission View: can edit on DAG:example_external_task_marker_parent
[2025-03-08T20:32:30.735+0000] {logging_mixin.py:190} INFO - [2025-03-08T20:32:30.734+0000] {override.py:1912} INFO - Created Permission View: can read on DAG:example_external_task_marker_parent
[2025-03-08T20:32:30.740+0000] {logging_mixin.py:190} INFO - [2025-03-08T20:32:30.739+0000] {override.py:1912} INFO - Created Permission View: can delete on DAG:example_external_task_marker_parent
[2025-03-08T20:32:30.745+0000] {logging_mixin.py:190} INFO - [2025-03-08T20:32:30.745+0000] {override.py:1912} INFO - Created Permission View: can read on DAG Run:example_external_task_marker_parent
[2025-03-08T20:32:30.751+0000] {logging_mixin.py:190} INFO - [2025-03-08T20:32:30.751+0000] {override.py:1912} INFO - Created Permission View: menu access on DAG Run:example_external_task_marker_parent
[2025-03-08T20:32:30.756+0000] {logging_mixin.py:190} INFO - [2025-03-08T20:32:30.756+0000] {override.py:1912} INFO - Created Permission View: can create on DAG Run:example_external_task_marker_parent
[2025-03-08T20:32:30.761+0000] {logging_mixin.py:190} INFO - [2025-03-08T20:32:30.761+0000] {override.py:1912} INFO - Created Permission View: can delete on DAG Run:example_external_task_marker_parent
[2025-03-08T20:32:30.762+0000] {logging_mixin.py:190} INFO - [2025-03-08T20:32:30.761+0000] {dag.py:3239} INFO - Sync 2 DAGs
[2025-03-08T20:32:30.773+0000] {logging_mixin.py:190} INFO - [2025-03-08T20:32:30.773+0000] {dag.py:3262} INFO - Creating ORM DAG for example_external_task_marker_child
[2025-03-08T20:32:30.774+0000] {logging_mixin.py:190} INFO - [2025-03-08T20:32:30.774+0000] {dag.py:3262} INFO - Creating ORM DAG for example_external_task_marker_parent
[2025-03-08T20:32:30.775+0000] {logging_mixin.py:190} INFO - [2025-03-08T20:32:30.775+0000] {dag.py:4180} INFO - Setting next_dagrun for example_external_task_marker_child to None, run_after=None
[2025-03-08T20:32:30.776+0000] {logging_mixin.py:190} INFO - [2025-03-08T20:32:30.775+0000] {dag.py:4180} INFO - Setting next_dagrun for example_external_task_marker_parent to None, run_after=None
[2025-03-08T20:32:30.792+0000] {processor.py:208} INFO - Processing /home/airflow/.local/lib/python3.12/site-packages/airflow/example_dags/example_external_task_marker_dag.py took 0.230 seconds
[2025-03-08T20:33:01.632+0000] {processor.py:186} INFO - Started process (PID=138) to work on /home/airflow/.local/lib/python3.12/site-packages/airflow/example_dags/example_external_task_marker_dag.py
[2025-03-08T20:33:01.632+0000] {processor.py:914} INFO - Processing file /home/airflow/.local/lib/python3.12/site-packages/airflow/example_dags/example_external_task_marker_dag.py for tasks to queue
[2025-03-08T20:33:01.634+0000] {logging_mixin.py:190} INFO - [2025-03-08T20:33:01.634+0000] {dagbag.py:588} INFO - Filling up the DagBag from /home/airflow/.local/lib/python3.12/site-packages/airflow/example_dags/example_external_task_marker_dag.py
[2025-03-08T20:33:01.644+0000] {processor.py:925} INFO - DAG(s) 'example_external_task_marker_parent', 'example_external_task_marker_child' retrieved from /home/airflow/.local/lib/python3.12/site-packages/airflow/example_dags/example_external_task_marker_dag.py
[2025-03-08T20:33:01.671+0000] {logging_mixin.py:190} INFO - [2025-03-08T20:33:01.671+0000] {dag.py:3239} INFO - Sync 2 DAGs
[2025-03-08T20:33:01.683+0000] {logging_mixin.py:190} INFO - [2025-03-08T20:33:01.683+0000] {dag.py:4180} INFO - Setting next_dagrun for example_external_task_marker_child to None, run_after=None
[2025-03-08T20:33:01.687+0000] {logging_mixin.py:190} INFO - [2025-03-08T20:33:01.686+0000] {dag.py:4180} INFO - Setting next_dagrun for example_external_task_marker_parent to None, run_after=None
[2025-03-08T20:33:01.699+0000] {processor.py:208} INFO - Processing /home/airflow/.local/lib/python3.12/site-packages/airflow/example_dags/example_external_task_marker_dag.py took 0.073 seconds
[2025-03-08T20:33:32.273+0000] {processor.py:186} INFO - Started process (PID=201) to work on /home/airflow/.local/lib/python3.12/site-packages/airflow/example_dags/example_external_task_marker_dag.py
[2025-03-08T20:33:32.274+0000] {processor.py:914} INFO - Processing file /home/airflow/.local/lib/python3.12/site-packages/airflow/example_dags/example_external_task_marker_dag.py for tasks to queue
[2025-03-08T20:33:32.276+0000] {logging_mixin.py:190} INFO - [2025-03-08T20:33:32.276+0000] {dagbag.py:588} INFO - Filling up the DagBag from /home/airflow/.local/lib/python3.12/site-packages/airflow/example_dags/example_external_task_marker_dag.py
[2025-03-08T20:33:32.283+0000] {processor.py:925} INFO - DAG(s) 'example_external_task_marker_child', 'example_external_task_marker_parent' retrieved from /home/airflow/.local/lib/python3.12/site-packages/airflow/example_dags/example_external_task_marker_dag.py
[2025-03-08T20:33:32.304+0000] {logging_mixin.py:190} INFO - [2025-03-08T20:33:32.304+0000] {dag.py:3239} INFO - Sync 2 DAGs
[2025-03-08T20:33:32.318+0000] {logging_mixin.py:190} INFO - [2025-03-08T20:33:32.317+0000] {dag.py:4180} INFO - Setting next_dagrun for example_external_task_marker_child to None, run_after=None
[2025-03-08T20:33:32.321+0000] {logging_mixin.py:190} INFO - [2025-03-08T20:33:32.321+0000] {dag.py:4180} INFO - Setting next_dagrun for example_external_task_marker_parent to None, run_after=None
[2025-03-08T20:33:32.335+0000] {processor.py:208} INFO - Processing /home/airflow/.local/lib/python3.12/site-packages/airflow/example_dags/example_external_task_marker_dag.py took 0.068 seconds
[2025-03-08T20:34:03.131+0000] {processor.py:186} INFO - Started process (PID=264) to work on /home/airflow/.local/lib/python3.12/site-packages/airflow/example_dags/example_external_task_marker_dag.py
[2025-03-08T20:34:03.132+0000] {processor.py:914} INFO - Processing file /home/airflow/.local/lib/python3.12/site-packages/airflow/example_dags/example_external_task_marker_dag.py for tasks to queue
[2025-03-08T20:34:03.135+0000] {logging_mixin.py:190} INFO - [2025-03-08T20:34:03.134+0000] {dagbag.py:588} INFO - Filling up the DagBag from /home/airflow/.local/lib/python3.12/site-packages/airflow/example_dags/example_external_task_marker_dag.py
[2025-03-08T20:34:03.144+0000] {processor.py:925} INFO - DAG(s) 'example_external_task_marker_parent', 'example_external_task_marker_child' retrieved from /home/airflow/.local/lib/python3.12/site-packages/airflow/example_dags/example_external_task_marker_dag.py
[2025-03-08T20:34:03.172+0000] {logging_mixin.py:190} INFO - [2025-03-08T20:34:03.172+0000] {dag.py:3239} INFO - Sync 2 DAGs
[2025-03-08T20:34:03.188+0000] {logging_mixin.py:190} INFO - [2025-03-08T20:34:03.187+0000] {dag.py:4180} INFO - Setting next_dagrun for example_external_task_marker_child to None, run_after=None
[2025-03-08T20:34:03.192+0000] {logging_mixin.py:190} INFO - [2025-03-08T20:34:03.192+0000] {dag.py:4180} INFO - Setting next_dagrun for example_external_task_marker_parent to None, run_after=None
[2025-03-08T20:34:03.209+0000] {processor.py:208} INFO - Processing /home/airflow/.local/lib/python3.12/site-packages/airflow/example_dags/example_external_task_marker_dag.py took 0.083 seconds
[2025-03-08T20:34:33.484+0000] {processor.py:186} INFO - Started process (PID=327) to work on /home/airflow/.local/lib/python3.12/site-packages/airflow/example_dags/example_external_task_marker_dag.py
[2025-03-08T20:34:33.485+0000] {processor.py:914} INFO - Processing file /home/airflow/.local/lib/python3.12/site-packages/airflow/example_dags/example_external_task_marker_dag.py for tasks to queue
[2025-03-08T20:34:33.487+0000] {logging_mixin.py:190} INFO - [2025-03-08T20:34:33.486+0000] {dagbag.py:588} INFO - Filling up the DagBag from /home/airflow/.local/lib/python3.12/site-packages/airflow/example_dags/example_external_task_marker_dag.py
[2025-03-08T20:34:33.493+0000] {processor.py:925} INFO - DAG(s) 'example_external_task_marker_parent', 'example_external_task_marker_child' retrieved from /home/airflow/.local/lib/python3.12/site-packages/airflow/example_dags/example_external_task_marker_dag.py
[2025-03-08T20:34:33.515+0000] {logging_mixin.py:190} INFO - [2025-03-08T20:34:33.515+0000] {dag.py:3239} INFO - Sync 2 DAGs
[2025-03-08T20:34:33.530+0000] {logging_mixin.py:190} INFO - [2025-03-08T20:34:33.530+0000] {dag.py:4180} INFO - Setting next_dagrun for example_external_task_marker_child to None, run_after=None
[2025-03-08T20:34:33.535+0000] {logging_mixin.py:190} INFO - [2025-03-08T20:34:33.535+0000] {dag.py:4180} INFO - Setting next_dagrun for example_external_task_marker_parent to None, run_after=None
[2025-03-08T20:34:33.551+0000] {processor.py:208} INFO - Processing /home/airflow/.local/lib/python3.12/site-packages/airflow/example_dags/example_external_task_marker_dag.py took 0.072 seconds
[2025-03-08T20:35:04.238+0000] {processor.py:186} INFO - Started process (PID=390) to work on /home/airflow/.local/lib/python3.12/site-packages/airflow/example_dags/example_external_task_marker_dag.py
[2025-03-08T20:35:04.238+0000] {processor.py:914} INFO - Processing file /home/airflow/.local/lib/python3.12/site-packages/airflow/example_dags/example_external_task_marker_dag.py for tasks to queue
[2025-03-08T20:35:04.241+0000] {logging_mixin.py:190} INFO - [2025-03-08T20:35:04.240+0000] {dagbag.py:588} INFO - Filling up the DagBag from /home/airflow/.local/lib/python3.12/site-packages/airflow/example_dags/example_external_task_marker_dag.py
[2025-03-08T20:35:04.247+0000] {processor.py:925} INFO - DAG(s) 'example_external_task_marker_child', 'example_external_task_marker_parent' retrieved from /home/airflow/.local/lib/python3.12/site-packages/airflow/example_dags/example_external_task_marker_dag.py
[2025-03-08T20:35:04.266+0000] {logging_mixin.py:190} INFO - [2025-03-08T20:35:04.266+0000] {dag.py:3239} INFO - Sync 2 DAGs
[2025-03-08T20:35:04.278+0000] {logging_mixin.py:190} INFO - [2025-03-08T20:35:04.278+0000] {dag.py:4180} INFO - Setting next_dagrun for example_external_task_marker_child to None, run_after=None
[2025-03-08T20:35:04.281+0000] {logging_mixin.py:190} INFO - [2025-03-08T20:35:04.281+0000] {dag.py:4180} INFO - Setting next_dagrun for example_external_task_marker_parent to None, run_after=None
[2025-03-08T20:35:04.299+0000] {processor.py:208} INFO - Processing /home/airflow/.local/lib/python3.12/site-packages/airflow/example_dags/example_external_task_marker_dag.py took 0.067 seconds
[2025-03-08T20:35:34.736+0000] {processor.py:186} INFO - Started process (PID=453) to work on /home/airflow/.local/lib/python3.12/site-packages/airflow/example_dags/example_external_task_marker_dag.py
[2025-03-08T20:35:34.736+0000] {processor.py:914} INFO - Processing file /home/airflow/.local/lib/python3.12/site-packages/airflow/example_dags/example_external_task_marker_dag.py for tasks to queue
[2025-03-08T20:35:34.739+0000] {logging_mixin.py:190} INFO - [2025-03-08T20:35:34.738+0000] {dagbag.py:588} INFO - Filling up the DagBag from /home/airflow/.local/lib/python3.12/site-packages/airflow/example_dags/example_external_task_marker_dag.py
[2025-03-08T20:35:34.747+0000] {processor.py:925} INFO - DAG(s) 'example_external_task_marker_parent', 'example_external_task_marker_child' retrieved from /home/airflow/.local/lib/python3.12/site-packages/airflow/example_dags/example_external_task_marker_dag.py
[2025-03-08T20:35:34.767+0000] {logging_mixin.py:190} INFO - [2025-03-08T20:35:34.767+0000] {dag.py:3239} INFO - Sync 2 DAGs
[2025-03-08T20:35:34.779+0000] {logging_mixin.py:190} INFO - [2025-03-08T20:35:34.779+0000] {dag.py:4180} INFO - Setting next_dagrun for example_external_task_marker_child to None, run_after=None
[2025-03-08T20:35:34.782+0000] {logging_mixin.py:190} INFO - [2025-03-08T20:35:34.782+0000] {dag.py:4180} INFO - Setting next_dagrun for example_external_task_marker_parent to None, run_after=None
[2025-03-08T20:35:34.795+0000] {processor.py:208} INFO - Processing /home/airflow/.local/lib/python3.12/site-packages/airflow/example_dags/example_external_task_marker_dag.py took 0.064 seconds
[2025-03-08T20:36:05.405+0000] {processor.py:186} INFO - Started process (PID=516) to work on /home/airflow/.local/lib/python3.12/site-packages/airflow/example_dags/example_external_task_marker_dag.py
[2025-03-08T20:36:05.405+0000] {processor.py:914} INFO - Processing file /home/airflow/.local/lib/python3.12/site-packages/airflow/example_dags/example_external_task_marker_dag.py for tasks to queue
[2025-03-08T20:36:05.408+0000] {logging_mixin.py:190} INFO - [2025-03-08T20:36:05.407+0000] {dagbag.py:588} INFO - Filling up the DagBag from /home/airflow/.local/lib/python3.12/site-packages/airflow/example_dags/example_external_task_marker_dag.py
[2025-03-08T20:36:05.414+0000] {processor.py:925} INFO - DAG(s) 'example_external_task_marker_parent', 'example_external_task_marker_child' retrieved from /home/airflow/.local/lib/python3.12/site-packages/airflow/example_dags/example_external_task_marker_dag.py
[2025-03-08T20:36:05.432+0000] {logging_mixin.py:190} INFO - [2025-03-08T20:36:05.432+0000] {dag.py:3239} INFO - Sync 2 DAGs
[2025-03-08T20:36:05.444+0000] {logging_mixin.py:190} INFO - [2025-03-08T20:36:05.444+0000] {dag.py:4180} INFO - Setting next_dagrun for example_external_task_marker_child to None, run_after=None
[2025-03-08T20:36:05.448+0000] {logging_mixin.py:190} INFO - [2025-03-08T20:36:05.448+0000] {dag.py:4180} INFO - Setting next_dagrun for example_external_task_marker_parent to None, run_after=None
[2025-03-08T20:36:05.463+0000] {processor.py:208} INFO - Processing /home/airflow/.local/lib/python3.12/site-packages/airflow/example_dags/example_external_task_marker_dag.py took 0.064 seconds
[2025-03-08T20:36:36.427+0000] {processor.py:186} INFO - Started process (PID=579) to work on /home/airflow/.local/lib/python3.12/site-packages/airflow/example_dags/example_external_task_marker_dag.py
[2025-03-08T20:36:36.428+0000] {processor.py:914} INFO - Processing file /home/airflow/.local/lib/python3.12/site-packages/airflow/example_dags/example_external_task_marker_dag.py for tasks to queue
[2025-03-08T20:36:36.430+0000] {logging_mixin.py:190} INFO - [2025-03-08T20:36:36.429+0000] {dagbag.py:588} INFO - Filling up the DagBag from /home/airflow/.local/lib/python3.12/site-packages/airflow/example_dags/example_external_task_marker_dag.py
[2025-03-08T20:36:36.437+0000] {processor.py:925} INFO - DAG(s) 'example_external_task_marker_parent', 'example_external_task_marker_child' retrieved from /home/airflow/.local/lib/python3.12/site-packages/airflow/example_dags/example_external_task_marker_dag.py
[2025-03-08T20:36:36.459+0000] {logging_mixin.py:190} INFO - [2025-03-08T20:36:36.458+0000] {dag.py:3239} INFO - Sync 2 DAGs
[2025-03-08T20:36:36.473+0000] {logging_mixin.py:190} INFO - [2025-03-08T20:36:36.473+0000] {dag.py:4180} INFO - Setting next_dagrun for example_external_task_marker_child to None, run_after=None
[2025-03-08T20:36:36.477+0000] {logging_mixin.py:190} INFO - [2025-03-08T20:36:36.477+0000] {dag.py:4180} INFO - Setting next_dagrun for example_external_task_marker_parent to None, run_after=None
[2025-03-08T20:36:36.491+0000] {processor.py:208} INFO - Processing /home/airflow/.local/lib/python3.12/site-packages/airflow/example_dags/example_external_task_marker_dag.py took 0.069 seconds
[2025-03-08T20:37:07.360+0000] {processor.py:186} INFO - Started process (PID=642) to work on /home/airflow/.local/lib/python3.12/site-packages/airflow/example_dags/example_external_task_marker_dag.py
[2025-03-08T20:37:07.361+0000] {processor.py:914} INFO - Processing file /home/airflow/.local/lib/python3.12/site-packages/airflow/example_dags/example_external_task_marker_dag.py for tasks to queue
[2025-03-08T20:37:07.363+0000] {logging_mixin.py:190} INFO - [2025-03-08T20:37:07.362+0000] {dagbag.py:588} INFO - Filling up the DagBag from /home/airflow/.local/lib/python3.12/site-packages/airflow/example_dags/example_external_task_marker_dag.py
[2025-03-08T20:37:07.370+0000] {processor.py:925} INFO - DAG(s) 'example_external_task_marker_child', 'example_external_task_marker_parent' retrieved from /home/airflow/.local/lib/python3.12/site-packages/airflow/example_dags/example_external_task_marker_dag.py
[2025-03-08T20:37:07.390+0000] {logging_mixin.py:190} INFO - [2025-03-08T20:37:07.390+0000] {dag.py:3239} INFO - Sync 2 DAGs
[2025-03-08T20:37:07.403+0000] {logging_mixin.py:190} INFO - [2025-03-08T20:37:07.403+0000] {dag.py:4180} INFO - Setting next_dagrun for example_external_task_marker_child to None, run_after=None
[2025-03-08T20:37:07.407+0000] {logging_mixin.py:190} INFO - [2025-03-08T20:37:07.407+0000] {dag.py:4180} INFO - Setting next_dagrun for example_external_task_marker_parent to None, run_after=None
[2025-03-08T20:37:07.421+0000] {processor.py:208} INFO - Processing /home/airflow/.local/lib/python3.12/site-packages/airflow/example_dags/example_external_task_marker_dag.py took 0.067 seconds
[2025-03-08T20:37:38.238+0000] {processor.py:186} INFO - Started process (PID=705) to work on /home/airflow/.local/lib/python3.12/site-packages/airflow/example_dags/example_external_task_marker_dag.py
[2025-03-08T20:37:38.238+0000] {processor.py:914} INFO - Processing file /home/airflow/.local/lib/python3.12/site-packages/airflow/example_dags/example_external_task_marker_dag.py for tasks to queue
[2025-03-08T20:37:38.240+0000] {logging_mixin.py:190} INFO - [2025-03-08T20:37:38.240+0000] {dagbag.py:588} INFO - Filling up the DagBag from /home/airflow/.local/lib/python3.12/site-packages/airflow/example_dags/example_external_task_marker_dag.py
[2025-03-08T20:37:38.247+0000] {processor.py:925} INFO - DAG(s) 'example_external_task_marker_parent', 'example_external_task_marker_child' retrieved from /home/airflow/.local/lib/python3.12/site-packages/airflow/example_dags/example_external_task_marker_dag.py
[2025-03-08T20:37:38.265+0000] {logging_mixin.py:190} INFO - [2025-03-08T20:37:38.265+0000] {dag.py:3239} INFO - Sync 2 DAGs
[2025-03-08T20:37:38.277+0000] {logging_mixin.py:190} INFO - [2025-03-08T20:37:38.277+0000] {dag.py:4180} INFO - Setting next_dagrun for example_external_task_marker_child to None, run_after=None
[2025-03-08T20:37:38.280+0000] {logging_mixin.py:190} INFO - [2025-03-08T20:37:38.280+0000] {dag.py:4180} INFO - Setting next_dagrun for example_external_task_marker_parent to None, run_after=None
[2025-03-08T20:37:38.294+0000] {processor.py:208} INFO - Processing /home/airflow/.local/lib/python3.12/site-packages/airflow/example_dags/example_external_task_marker_dag.py took 0.061 seconds
[2025-03-08T20:38:08.452+0000] {processor.py:186} INFO - Started process (PID=768) to work on /home/airflow/.local/lib/python3.12/site-packages/airflow/example_dags/example_external_task_marker_dag.py
[2025-03-08T20:38:08.453+0000] {processor.py:914} INFO - Processing file /home/airflow/.local/lib/python3.12/site-packages/airflow/example_dags/example_external_task_marker_dag.py for tasks to queue
[2025-03-08T20:38:08.455+0000] {logging_mixin.py:190} INFO - [2025-03-08T20:38:08.455+0000] {dagbag.py:588} INFO - Filling up the DagBag from /home/airflow/.local/lib/python3.12/site-packages/airflow/example_dags/example_external_task_marker_dag.py
[2025-03-08T20:38:08.463+0000] {processor.py:925} INFO - DAG(s) 'example_external_task_marker_parent', 'example_external_task_marker_child' retrieved from /home/airflow/.local/lib/python3.12/site-packages/airflow/example_dags/example_external_task_marker_dag.py
[2025-03-08T20:38:08.489+0000] {logging_mixin.py:190} INFO - [2025-03-08T20:38:08.488+0000] {dag.py:3239} INFO - Sync 2 DAGs
[2025-03-08T20:38:08.503+0000] {logging_mixin.py:190} INFO - [2025-03-08T20:38:08.503+0000] {dag.py:4180} INFO - Setting next_dagrun for example_external_task_marker_child to None, run_after=None
[2025-03-08T20:38:08.508+0000] {logging_mixin.py:190} INFO - [2025-03-08T20:38:08.507+0000] {dag.py:4180} INFO - Setting next_dagrun for example_external_task_marker_parent to None, run_after=None
[2025-03-08T20:38:08.523+0000] {processor.py:208} INFO - Processing /home/airflow/.local/lib/python3.12/site-packages/airflow/example_dags/example_external_task_marker_dag.py took 0.077 seconds
[2025-03-08T20:38:39.218+0000] {processor.py:186} INFO - Started process (PID=831) to work on /home/airflow/.local/lib/python3.12/site-packages/airflow/example_dags/example_external_task_marker_dag.py
[2025-03-08T20:38:39.218+0000] {processor.py:914} INFO - Processing file /home/airflow/.local/lib/python3.12/site-packages/airflow/example_dags/example_external_task_marker_dag.py for tasks to queue
[2025-03-08T20:38:39.221+0000] {logging_mixin.py:190} INFO - [2025-03-08T20:38:39.220+0000] {dagbag.py:588} INFO - Filling up the DagBag from /home/airflow/.local/lib/python3.12/site-packages/airflow/example_dags/example_external_task_marker_dag.py
[2025-03-08T20:38:39.228+0000] {processor.py:925} INFO - DAG(s) 'example_external_task_marker_parent', 'example_external_task_marker_child' retrieved from /home/airflow/.local/lib/python3.12/site-packages/airflow/example_dags/example_external_task_marker_dag.py
[2025-03-08T20:38:39.246+0000] {logging_mixin.py:190} INFO - [2025-03-08T20:38:39.246+0000] {dag.py:3239} INFO - Sync 2 DAGs
[2025-03-08T20:38:39.258+0000] {logging_mixin.py:190} INFO - [2025-03-08T20:38:39.258+0000] {dag.py:4180} INFO - Setting next_dagrun for example_external_task_marker_child to None, run_after=None
[2025-03-08T20:38:39.262+0000] {logging_mixin.py:190} INFO - [2025-03-08T20:38:39.262+0000] {dag.py:4180} INFO - Setting next_dagrun for example_external_task_marker_parent to None, run_after=None
[2025-03-08T20:38:39.278+0000] {processor.py:208} INFO - Processing /home/airflow/.local/lib/python3.12/site-packages/airflow/example_dags/example_external_task_marker_dag.py took 0.065 seconds
[2025-03-08T20:39:09.557+0000] {processor.py:186} INFO - Started process (PID=894) to work on /home/airflow/.local/lib/python3.12/site-packages/airflow/example_dags/example_external_task_marker_dag.py
[2025-03-08T20:39:09.557+0000] {processor.py:914} INFO - Processing file /home/airflow/.local/lib/python3.12/site-packages/airflow/example_dags/example_external_task_marker_dag.py for tasks to queue
[2025-03-08T20:39:09.559+0000] {logging_mixin.py:190} INFO - [2025-03-08T20:39:09.559+0000] {dagbag.py:588} INFO - Filling up the DagBag from /home/airflow/.local/lib/python3.12/site-packages/airflow/example_dags/example_external_task_marker_dag.py
[2025-03-08T20:39:09.567+0000] {processor.py:925} INFO - DAG(s) 'example_external_task_marker_parent', 'example_external_task_marker_child' retrieved from /home/airflow/.local/lib/python3.12/site-packages/airflow/example_dags/example_external_task_marker_dag.py
[2025-03-08T20:39:09.586+0000] {logging_mixin.py:190} INFO - [2025-03-08T20:39:09.586+0000] {dag.py:3239} INFO - Sync 2 DAGs
[2025-03-08T20:39:09.600+0000] {logging_mixin.py:190} INFO - [2025-03-08T20:39:09.600+0000] {dag.py:4180} INFO - Setting next_dagrun for example_external_task_marker_child to None, run_after=None
[2025-03-08T20:39:09.603+0000] {logging_mixin.py:190} INFO - [2025-03-08T20:39:09.603+0000] {dag.py:4180} INFO - Setting next_dagrun for example_external_task_marker_parent to None, run_after=None
[2025-03-08T20:39:09.619+0000] {processor.py:208} INFO - Processing /home/airflow/.local/lib/python3.12/site-packages/airflow/example_dags/example_external_task_marker_dag.py took 0.067 seconds
[2025-03-08T20:39:39.780+0000] {processor.py:186} INFO - Started process (PID=957) to work on /home/airflow/.local/lib/python3.12/site-packages/airflow/example_dags/example_external_task_marker_dag.py
[2025-03-08T20:39:39.781+0000] {processor.py:914} INFO - Processing file /home/airflow/.local/lib/python3.12/site-packages/airflow/example_dags/example_external_task_marker_dag.py for tasks to queue
[2025-03-08T20:39:39.783+0000] {logging_mixin.py:190} INFO - [2025-03-08T20:39:39.782+0000] {dagbag.py:588} INFO - Filling up the DagBag from /home/airflow/.local/lib/python3.12/site-packages/airflow/example_dags/example_external_task_marker_dag.py
[2025-03-08T20:39:39.790+0000] {processor.py:925} INFO - DAG(s) 'example_external_task_marker_parent', 'example_external_task_marker_child' retrieved from /home/airflow/.local/lib/python3.12/site-packages/airflow/example_dags/example_external_task_marker_dag.py
[2025-03-08T20:39:39.809+0000] {logging_mixin.py:190} INFO - [2025-03-08T20:39:39.808+0000] {dag.py:3239} INFO - Sync 2 DAGs
[2025-03-08T20:39:39.821+0000] {logging_mixin.py:190} INFO - [2025-03-08T20:39:39.821+0000] {dag.py:4180} INFO - Setting next_dagrun for example_external_task_marker_child to None, run_after=None
[2025-03-08T20:39:39.824+0000] {logging_mixin.py:190} INFO - [2025-03-08T20:39:39.824+0000] {dag.py:4180} INFO - Setting next_dagrun for example_external_task_marker_parent to None, run_after=None
[2025-03-08T20:39:39.839+0000] {processor.py:208} INFO - Processing /home/airflow/.local/lib/python3.12/site-packages/airflow/example_dags/example_external_task_marker_dag.py took 0.064 seconds
[2025-03-08T20:40:10.454+0000] {processor.py:186} INFO - Started process (PID=1020) to work on /home/airflow/.local/lib/python3.12/site-packages/airflow/example_dags/example_external_task_marker_dag.py
[2025-03-08T20:40:10.455+0000] {processor.py:914} INFO - Processing file /home/airflow/.local/lib/python3.12/site-packages/airflow/example_dags/example_external_task_marker_dag.py for tasks to queue
[2025-03-08T20:40:10.457+0000] {logging_mixin.py:190} INFO - [2025-03-08T20:40:10.456+0000] {dagbag.py:588} INFO - Filling up the DagBag from /home/airflow/.local/lib/python3.12/site-packages/airflow/example_dags/example_external_task_marker_dag.py
[2025-03-08T20:40:10.464+0000] {processor.py:925} INFO - DAG(s) 'example_external_task_marker_parent', 'example_external_task_marker_child' retrieved from /home/airflow/.local/lib/python3.12/site-packages/airflow/example_dags/example_external_task_marker_dag.py
[2025-03-08T20:40:10.484+0000] {logging_mixin.py:190} INFO - [2025-03-08T20:40:10.484+0000] {dag.py:3239} INFO - Sync 2 DAGs
[2025-03-08T20:40:10.497+0000] {logging_mixin.py:190} INFO - [2025-03-08T20:40:10.496+0000] {dag.py:4180} INFO - Setting next_dagrun for example_external_task_marker_child to None, run_after=None
[2025-03-08T20:40:10.500+0000] {logging_mixin.py:190} INFO - [2025-03-08T20:40:10.500+0000] {dag.py:4180} INFO - Setting next_dagrun for example_external_task_marker_parent to None, run_after=None
[2025-03-08T20:40:10.513+0000] {processor.py:208} INFO - Processing /home/airflow/.local/lib/python3.12/site-packages/airflow/example_dags/example_external_task_marker_dag.py took 0.064 seconds
[2025-03-08T20:40:40.991+0000] {processor.py:186} INFO - Started process (PID=1083) to work on /home/airflow/.local/lib/python3.12/site-packages/airflow/example_dags/example_external_task_marker_dag.py
[2025-03-08T20:40:40.992+0000] {processor.py:914} INFO - Processing file /home/airflow/.local/lib/python3.12/site-packages/airflow/example_dags/example_external_task_marker_dag.py for tasks to queue
[2025-03-08T20:40:40.994+0000] {logging_mixin.py:190} INFO - [2025-03-08T20:40:40.994+0000] {dagbag.py:588} INFO - Filling up the DagBag from /home/airflow/.local/lib/python3.12/site-packages/airflow/example_dags/example_external_task_marker_dag.py
[2025-03-08T20:40:41.001+0000] {processor.py:925} INFO - DAG(s) 'example_external_task_marker_parent', 'example_external_task_marker_child' retrieved from /home/airflow/.local/lib/python3.12/site-packages/airflow/example_dags/example_external_task_marker_dag.py
[2025-03-08T20:40:41.020+0000] {logging_mixin.py:190} INFO - [2025-03-08T20:40:41.019+0000] {dag.py:3239} INFO - Sync 2 DAGs
[2025-03-08T20:40:41.032+0000] {logging_mixin.py:190} INFO - [2025-03-08T20:40:41.032+0000] {dag.py:4180} INFO - Setting next_dagrun for example_external_task_marker_child to None, run_after=None
[2025-03-08T20:40:41.035+0000] {logging_mixin.py:190} INFO - [2025-03-08T20:40:41.035+0000] {dag.py:4180} INFO - Setting next_dagrun for example_external_task_marker_parent to None, run_after=None
[2025-03-08T20:40:41.049+0000] {processor.py:208} INFO - Processing /home/airflow/.local/lib/python3.12/site-packages/airflow/example_dags/example_external_task_marker_dag.py took 0.063 seconds
[2025-03-08T20:41:11.392+0000] {processor.py:186} INFO - Started process (PID=1146) to work on /home/airflow/.local/lib/python3.12/site-packages/airflow/example_dags/example_external_task_marker_dag.py
[2025-03-08T20:41:11.392+0000] {processor.py:914} INFO - Processing file /home/airflow/.local/lib/python3.12/site-packages/airflow/example_dags/example_external_task_marker_dag.py for tasks to queue
[2025-03-08T20:41:11.394+0000] {logging_mixin.py:190} INFO - [2025-03-08T20:41:11.394+0000] {dagbag.py:588} INFO - Filling up the DagBag from /home/airflow/.local/lib/python3.12/site-packages/airflow/example_dags/example_external_task_marker_dag.py
[2025-03-08T20:41:11.401+0000] {processor.py:925} INFO - DAG(s) 'example_external_task_marker_child', 'example_external_task_marker_parent' retrieved from /home/airflow/.local/lib/python3.12/site-packages/airflow/example_dags/example_external_task_marker_dag.py
[2025-03-08T20:41:11.420+0000] {logging_mixin.py:190} INFO - [2025-03-08T20:41:11.420+0000] {dag.py:3239} INFO - Sync 2 DAGs
[2025-03-08T20:41:11.433+0000] {logging_mixin.py:190} INFO - [2025-03-08T20:41:11.433+0000] {dag.py:4180} INFO - Setting next_dagrun for example_external_task_marker_child to None, run_after=None
[2025-03-08T20:41:11.436+0000] {logging_mixin.py:190} INFO - [2025-03-08T20:41:11.436+0000] {dag.py:4180} INFO - Setting next_dagrun for example_external_task_marker_parent to None, run_after=None
[2025-03-08T20:41:11.449+0000] {processor.py:208} INFO - Processing /home/airflow/.local/lib/python3.12/site-packages/airflow/example_dags/example_external_task_marker_dag.py took 0.064 seconds
[2025-03-08T20:41:41.552+0000] {processor.py:186} INFO - Started process (PID=1209) to work on /home/airflow/.local/lib/python3.12/site-packages/airflow/example_dags/example_external_task_marker_dag.py
[2025-03-08T20:41:41.553+0000] {processor.py:914} INFO - Processing file /home/airflow/.local/lib/python3.12/site-packages/airflow/example_dags/example_external_task_marker_dag.py for tasks to queue
[2025-03-08T20:41:41.555+0000] {logging_mixin.py:190} INFO - [2025-03-08T20:41:41.555+0000] {dagbag.py:588} INFO - Filling up the DagBag from /home/airflow/.local/lib/python3.12/site-packages/airflow/example_dags/example_external_task_marker_dag.py
[2025-03-08T20:41:41.563+0000] {processor.py:925} INFO - DAG(s) 'example_external_task_marker_child', 'example_external_task_marker_parent' retrieved from /home/airflow/.local/lib/python3.12/site-packages/airflow/example_dags/example_external_task_marker_dag.py
[2025-03-08T20:41:41.581+0000] {logging_mixin.py:190} INFO - [2025-03-08T20:41:41.580+0000] {dag.py:3239} INFO - Sync 2 DAGs
[2025-03-08T20:41:41.593+0000] {logging_mixin.py:190} INFO - [2025-03-08T20:41:41.593+0000] {dag.py:4180} INFO - Setting next_dagrun for example_external_task_marker_child to None, run_after=None
[2025-03-08T20:41:41.597+0000] {logging_mixin.py:190} INFO - [2025-03-08T20:41:41.597+0000] {dag.py:4180} INFO - Setting next_dagrun for example_external_task_marker_parent to None, run_after=None
[2025-03-08T20:41:41.610+0000] {processor.py:208} INFO - Processing /home/airflow/.local/lib/python3.12/site-packages/airflow/example_dags/example_external_task_marker_dag.py took 0.063 seconds
[2025-03-08T20:42:12.152+0000] {processor.py:186} INFO - Started process (PID=1272) to work on /home/airflow/.local/lib/python3.12/site-packages/airflow/example_dags/example_external_task_marker_dag.py
[2025-03-08T20:42:12.153+0000] {processor.py:914} INFO - Processing file /home/airflow/.local/lib/python3.12/site-packages/airflow/example_dags/example_external_task_marker_dag.py for tasks to queue
[2025-03-08T20:42:12.155+0000] {logging_mixin.py:190} INFO - [2025-03-08T20:42:12.155+0000] {dagbag.py:588} INFO - Filling up the DagBag from /home/airflow/.local/lib/python3.12/site-packages/airflow/example_dags/example_external_task_marker_dag.py
[2025-03-08T20:42:12.162+0000] {processor.py:925} INFO - DAG(s) 'example_external_task_marker_parent', 'example_external_task_marker_child' retrieved from /home/airflow/.local/lib/python3.12/site-packages/airflow/example_dags/example_external_task_marker_dag.py
[2025-03-08T20:42:12.182+0000] {logging_mixin.py:190} INFO - [2025-03-08T20:42:12.182+0000] {dag.py:3239} INFO - Sync 2 DAGs
[2025-03-08T20:42:12.197+0000] {logging_mixin.py:190} INFO - [2025-03-08T20:42:12.197+0000] {dag.py:4180} INFO - Setting next_dagrun for example_external_task_marker_child to None, run_after=None
[2025-03-08T20:42:12.201+0000] {logging_mixin.py:190} INFO - [2025-03-08T20:42:12.201+0000] {dag.py:4180} INFO - Setting next_dagrun for example_external_task_marker_parent to None, run_after=None
[2025-03-08T20:42:12.214+0000] {processor.py:208} INFO - Processing /home/airflow/.local/lib/python3.12/site-packages/airflow/example_dags/example_external_task_marker_dag.py took 0.068 seconds
[2025-03-08T20:42:42.568+0000] {processor.py:186} INFO - Started process (PID=1335) to work on /home/airflow/.local/lib/python3.12/site-packages/airflow/example_dags/example_external_task_marker_dag.py
[2025-03-08T20:42:42.569+0000] {processor.py:914} INFO - Processing file /home/airflow/.local/lib/python3.12/site-packages/airflow/example_dags/example_external_task_marker_dag.py for tasks to queue
[2025-03-08T20:42:42.572+0000] {logging_mixin.py:190} INFO - [2025-03-08T20:42:42.571+0000] {dagbag.py:588} INFO - Filling up the DagBag from /home/airflow/.local/lib/python3.12/site-packages/airflow/example_dags/example_external_task_marker_dag.py
[2025-03-08T20:42:42.580+0000] {processor.py:925} INFO - DAG(s) 'example_external_task_marker_parent', 'example_external_task_marker_child' retrieved from /home/airflow/.local/lib/python3.12/site-packages/airflow/example_dags/example_external_task_marker_dag.py
[2025-03-08T20:42:42.603+0000] {logging_mixin.py:190} INFO - [2025-03-08T20:42:42.603+0000] {dag.py:3239} INFO - Sync 2 DAGs
[2025-03-08T20:42:42.618+0000] {logging_mixin.py:190} INFO - [2025-03-08T20:42:42.618+0000] {dag.py:4180} INFO - Setting next_dagrun for example_external_task_marker_child to None, run_after=None
[2025-03-08T20:42:42.623+0000] {logging_mixin.py:190} INFO - [2025-03-08T20:42:42.623+0000] {dag.py:4180} INFO - Setting next_dagrun for example_external_task_marker_parent to None, run_after=None
[2025-03-08T20:42:42.644+0000] {processor.py:208} INFO - Processing /home/airflow/.local/lib/python3.12/site-packages/airflow/example_dags/example_external_task_marker_dag.py took 0.082 seconds
[2025-03-08T20:43:13.491+0000] {processor.py:186} INFO - Started process (PID=1398) to work on /home/airflow/.local/lib/python3.12/site-packages/airflow/example_dags/example_external_task_marker_dag.py
[2025-03-08T20:43:13.492+0000] {processor.py:914} INFO - Processing file /home/airflow/.local/lib/python3.12/site-packages/airflow/example_dags/example_external_task_marker_dag.py for tasks to queue
[2025-03-08T20:43:13.494+0000] {logging_mixin.py:190} INFO - [2025-03-08T20:43:13.493+0000] {dagbag.py:588} INFO - Filling up the DagBag from /home/airflow/.local/lib/python3.12/site-packages/airflow/example_dags/example_external_task_marker_dag.py
[2025-03-08T20:43:13.501+0000] {processor.py:925} INFO - DAG(s) 'example_external_task_marker_child', 'example_external_task_marker_parent' retrieved from /home/airflow/.local/lib/python3.12/site-packages/airflow/example_dags/example_external_task_marker_dag.py
[2025-03-08T20:43:13.522+0000] {logging_mixin.py:190} INFO - [2025-03-08T20:43:13.521+0000] {dag.py:3239} INFO - Sync 2 DAGs
[2025-03-08T20:43:13.535+0000] {logging_mixin.py:190} INFO - [2025-03-08T20:43:13.535+0000] {dag.py:4180} INFO - Setting next_dagrun for example_external_task_marker_child to None, run_after=None
[2025-03-08T20:43:13.539+0000] {logging_mixin.py:190} INFO - [2025-03-08T20:43:13.539+0000] {dag.py:4180} INFO - Setting next_dagrun for example_external_task_marker_parent to None, run_after=None
[2025-03-08T20:43:13.555+0000] {processor.py:208} INFO - Processing /home/airflow/.local/lib/python3.12/site-packages/airflow/example_dags/example_external_task_marker_dag.py took 0.070 seconds
[2025-03-08T20:43:43.938+0000] {processor.py:186} INFO - Started process (PID=1461) to work on /home/airflow/.local/lib/python3.12/site-packages/airflow/example_dags/example_external_task_marker_dag.py
[2025-03-08T20:43:43.938+0000] {processor.py:914} INFO - Processing file /home/airflow/.local/lib/python3.12/site-packages/airflow/example_dags/example_external_task_marker_dag.py for tasks to queue
[2025-03-08T20:43:43.940+0000] {logging_mixin.py:190} INFO - [2025-03-08T20:43:43.940+0000] {dagbag.py:588} INFO - Filling up the DagBag from /home/airflow/.local/lib/python3.12/site-packages/airflow/example_dags/example_external_task_marker_dag.py
[2025-03-08T20:43:43.948+0000] {processor.py:925} INFO - DAG(s) 'example_external_task_marker_parent', 'example_external_task_marker_child' retrieved from /home/airflow/.local/lib/python3.12/site-packages/airflow/example_dags/example_external_task_marker_dag.py
[2025-03-08T20:43:43.967+0000] {logging_mixin.py:190} INFO - [2025-03-08T20:43:43.966+0000] {dag.py:3239} INFO - Sync 2 DAGs
[2025-03-08T20:43:43.979+0000] {logging_mixin.py:190} INFO - [2025-03-08T20:43:43.979+0000] {dag.py:4180} INFO - Setting next_dagrun for example_external_task_marker_child to None, run_after=None
[2025-03-08T20:43:43.983+0000] {logging_mixin.py:190} INFO - [2025-03-08T20:43:43.983+0000] {dag.py:4180} INFO - Setting next_dagrun for example_external_task_marker_parent to None, run_after=None
[2025-03-08T20:43:43.997+0000] {processor.py:208} INFO - Processing /home/airflow/.local/lib/python3.12/site-packages/airflow/example_dags/example_external_task_marker_dag.py took 0.066 seconds
[2025-03-08T20:44:14.390+0000] {processor.py:186} INFO - Started process (PID=1524) to work on /home/airflow/.local/lib/python3.12/site-packages/airflow/example_dags/example_external_task_marker_dag.py
[2025-03-08T20:44:14.391+0000] {processor.py:914} INFO - Processing file /home/airflow/.local/lib/python3.12/site-packages/airflow/example_dags/example_external_task_marker_dag.py for tasks to queue
[2025-03-08T20:44:14.393+0000] {logging_mixin.py:190} INFO - [2025-03-08T20:44:14.393+0000] {dagbag.py:588} INFO - Filling up the DagBag from /home/airflow/.local/lib/python3.12/site-packages/airflow/example_dags/example_external_task_marker_dag.py
[2025-03-08T20:44:14.401+0000] {processor.py:925} INFO - DAG(s) 'example_external_task_marker_parent', 'example_external_task_marker_child' retrieved from /home/airflow/.local/lib/python3.12/site-packages/airflow/example_dags/example_external_task_marker_dag.py
[2025-03-08T20:44:14.420+0000] {logging_mixin.py:190} INFO - [2025-03-08T20:44:14.420+0000] {dag.py:3239} INFO - Sync 2 DAGs
[2025-03-08T20:44:14.433+0000] {logging_mixin.py:190} INFO - [2025-03-08T20:44:14.433+0000] {dag.py:4180} INFO - Setting next_dagrun for example_external_task_marker_child to None, run_after=None
[2025-03-08T20:44:14.436+0000] {logging_mixin.py:190} INFO - [2025-03-08T20:44:14.436+0000] {dag.py:4180} INFO - Setting next_dagrun for example_external_task_marker_parent to None, run_after=None
[2025-03-08T20:44:14.450+0000] {processor.py:208} INFO - Processing /home/airflow/.local/lib/python3.12/site-packages/airflow/example_dags/example_external_task_marker_dag.py took 0.065 seconds
[2025-03-08T20:44:45.202+0000] {processor.py:186} INFO - Started process (PID=1587) to work on /home/airflow/.local/lib/python3.12/site-packages/airflow/example_dags/example_external_task_marker_dag.py
[2025-03-08T20:44:45.202+0000] {processor.py:914} INFO - Processing file /home/airflow/.local/lib/python3.12/site-packages/airflow/example_dags/example_external_task_marker_dag.py for tasks to queue
[2025-03-08T20:44:45.204+0000] {logging_mixin.py:190} INFO - [2025-03-08T20:44:45.204+0000] {dagbag.py:588} INFO - Filling up the DagBag from /home/airflow/.local/lib/python3.12/site-packages/airflow/example_dags/example_external_task_marker_dag.py
[2025-03-08T20:44:45.211+0000] {processor.py:925} INFO - DAG(s) 'example_external_task_marker_child', 'example_external_task_marker_parent' retrieved from /home/airflow/.local/lib/python3.12/site-packages/airflow/example_dags/example_external_task_marker_dag.py
[2025-03-08T20:44:45.229+0000] {logging_mixin.py:190} INFO - [2025-03-08T20:44:45.229+0000] {dag.py:3239} INFO - Sync 2 DAGs
[2025-03-08T20:44:45.241+0000] {logging_mixin.py:190} INFO - [2025-03-08T20:44:45.241+0000] {dag.py:4180} INFO - Setting next_dagrun for example_external_task_marker_child to None, run_after=None
[2025-03-08T20:44:45.245+0000] {logging_mixin.py:190} INFO - [2025-03-08T20:44:45.245+0000] {dag.py:4180} INFO - Setting next_dagrun for example_external_task_marker_parent to None, run_after=None
[2025-03-08T20:44:45.259+0000] {processor.py:208} INFO - Processing /home/airflow/.local/lib/python3.12/site-packages/airflow/example_dags/example_external_task_marker_dag.py took 0.062 seconds
[2025-03-08T20:45:15.677+0000] {processor.py:186} INFO - Started process (PID=1650) to work on /home/airflow/.local/lib/python3.12/site-packages/airflow/example_dags/example_external_task_marker_dag.py
[2025-03-08T20:45:15.677+0000] {processor.py:914} INFO - Processing file /home/airflow/.local/lib/python3.12/site-packages/airflow/example_dags/example_external_task_marker_dag.py for tasks to queue
[2025-03-08T20:45:15.679+0000] {logging_mixin.py:190} INFO - [2025-03-08T20:45:15.679+0000] {dagbag.py:588} INFO - Filling up the DagBag from /home/airflow/.local/lib/python3.12/site-packages/airflow/example_dags/example_external_task_marker_dag.py
[2025-03-08T20:45:15.687+0000] {processor.py:925} INFO - DAG(s) 'example_external_task_marker_child', 'example_external_task_marker_parent' retrieved from /home/airflow/.local/lib/python3.12/site-packages/airflow/example_dags/example_external_task_marker_dag.py
[2025-03-08T20:45:15.707+0000] {logging_mixin.py:190} INFO - [2025-03-08T20:45:15.706+0000] {dag.py:3239} INFO - Sync 2 DAGs
[2025-03-08T20:45:15.720+0000] {logging_mixin.py:190} INFO - [2025-03-08T20:45:15.720+0000] {dag.py:4180} INFO - Setting next_dagrun for example_external_task_marker_child to None, run_after=None
[2025-03-08T20:45:15.725+0000] {logging_mixin.py:190} INFO - [2025-03-08T20:45:15.724+0000] {dag.py:4180} INFO - Setting next_dagrun for example_external_task_marker_parent to None, run_after=None
[2025-03-08T20:45:15.739+0000] {processor.py:208} INFO - Processing /home/airflow/.local/lib/python3.12/site-packages/airflow/example_dags/example_external_task_marker_dag.py took 0.067 seconds
[2025-03-08T20:45:46.235+0000] {processor.py:186} INFO - Started process (PID=1713) to work on /home/airflow/.local/lib/python3.12/site-packages/airflow/example_dags/example_external_task_marker_dag.py
[2025-03-08T20:45:46.236+0000] {processor.py:914} INFO - Processing file /home/airflow/.local/lib/python3.12/site-packages/airflow/example_dags/example_external_task_marker_dag.py for tasks to queue
[2025-03-08T20:45:46.237+0000] {logging_mixin.py:190} INFO - [2025-03-08T20:45:46.237+0000] {dagbag.py:588} INFO - Filling up the DagBag from /home/airflow/.local/lib/python3.12/site-packages/airflow/example_dags/example_external_task_marker_dag.py
[2025-03-08T20:45:46.244+0000] {processor.py:925} INFO - DAG(s) 'example_external_task_marker_parent', 'example_external_task_marker_child' retrieved from /home/airflow/.local/lib/python3.12/site-packages/airflow/example_dags/example_external_task_marker_dag.py
[2025-03-08T20:45:46.263+0000] {logging_mixin.py:190} INFO - [2025-03-08T20:45:46.263+0000] {dag.py:3239} INFO - Sync 2 DAGs
[2025-03-08T20:45:46.277+0000] {logging_mixin.py:190} INFO - [2025-03-08T20:45:46.277+0000] {dag.py:4180} INFO - Setting next_dagrun for example_external_task_marker_child to None, run_after=None
[2025-03-08T20:45:46.280+0000] {logging_mixin.py:190} INFO - [2025-03-08T20:45:46.280+0000] {dag.py:4180} INFO - Setting next_dagrun for example_external_task_marker_parent to None, run_after=None
[2025-03-08T20:45:46.293+0000] {processor.py:208} INFO - Processing /home/airflow/.local/lib/python3.12/site-packages/airflow/example_dags/example_external_task_marker_dag.py took 0.062 seconds
[2025-03-08T20:46:16.673+0000] {processor.py:186} INFO - Started process (PID=1776) to work on /home/airflow/.local/lib/python3.12/site-packages/airflow/example_dags/example_external_task_marker_dag.py
[2025-03-08T20:46:16.673+0000] {processor.py:914} INFO - Processing file /home/airflow/.local/lib/python3.12/site-packages/airflow/example_dags/example_external_task_marker_dag.py for tasks to queue
[2025-03-08T20:46:16.675+0000] {logging_mixin.py:190} INFO - [2025-03-08T20:46:16.675+0000] {dagbag.py:588} INFO - Filling up the DagBag from /home/airflow/.local/lib/python3.12/site-packages/airflow/example_dags/example_external_task_marker_dag.py
[2025-03-08T20:46:16.682+0000] {processor.py:925} INFO - DAG(s) 'example_external_task_marker_child', 'example_external_task_marker_parent' retrieved from /home/airflow/.local/lib/python3.12/site-packages/airflow/example_dags/example_external_task_marker_dag.py
[2025-03-08T20:46:16.699+0000] {logging_mixin.py:190} INFO - [2025-03-08T20:46:16.699+0000] {dag.py:3239} INFO - Sync 2 DAGs
[2025-03-08T20:46:16.711+0000] {logging_mixin.py:190} INFO - [2025-03-08T20:46:16.711+0000] {dag.py:4180} INFO - Setting next_dagrun for example_external_task_marker_child to None, run_after=None
[2025-03-08T20:46:16.715+0000] {logging_mixin.py:190} INFO - [2025-03-08T20:46:16.714+0000] {dag.py:4180} INFO - Setting next_dagrun for example_external_task_marker_parent to None, run_after=None
[2025-03-08T20:46:16.728+0000] {processor.py:208} INFO - Processing /home/airflow/.local/lib/python3.12/site-packages/airflow/example_dags/example_external_task_marker_dag.py took 0.060 seconds
[2025-03-08T20:46:47.525+0000] {processor.py:186} INFO - Started process (PID=1839) to work on /home/airflow/.local/lib/python3.12/site-packages/airflow/example_dags/example_external_task_marker_dag.py
[2025-03-08T20:46:47.526+0000] {processor.py:914} INFO - Processing file /home/airflow/.local/lib/python3.12/site-packages/airflow/example_dags/example_external_task_marker_dag.py for tasks to queue
[2025-03-08T20:46:47.529+0000] {logging_mixin.py:190} INFO - [2025-03-08T20:46:47.528+0000] {dagbag.py:588} INFO - Filling up the DagBag from /home/airflow/.local/lib/python3.12/site-packages/airflow/example_dags/example_external_task_marker_dag.py
[2025-03-08T20:46:47.536+0000] {processor.py:925} INFO - DAG(s) 'example_external_task_marker_child', 'example_external_task_marker_parent' retrieved from /home/airflow/.local/lib/python3.12/site-packages/airflow/example_dags/example_external_task_marker_dag.py
[2025-03-08T20:46:47.555+0000] {logging_mixin.py:190} INFO - [2025-03-08T20:46:47.555+0000] {dag.py:3239} INFO - Sync 2 DAGs
[2025-03-08T20:46:47.567+0000] {logging_mixin.py:190} INFO - [2025-03-08T20:46:47.567+0000] {dag.py:4180} INFO - Setting next_dagrun for example_external_task_marker_child to None, run_after=None
[2025-03-08T20:46:47.571+0000] {logging_mixin.py:190} INFO - [2025-03-08T20:46:47.571+0000] {dag.py:4180} INFO - Setting next_dagrun for example_external_task_marker_parent to None, run_after=None
[2025-03-08T20:46:47.584+0000] {processor.py:208} INFO - Processing /home/airflow/.local/lib/python3.12/site-packages/airflow/example_dags/example_external_task_marker_dag.py took 0.064 seconds
[2025-03-08T20:47:17.890+0000] {processor.py:186} INFO - Started process (PID=1902) to work on /home/airflow/.local/lib/python3.12/site-packages/airflow/example_dags/example_external_task_marker_dag.py
[2025-03-08T20:47:17.891+0000] {processor.py:914} INFO - Processing file /home/airflow/.local/lib/python3.12/site-packages/airflow/example_dags/example_external_task_marker_dag.py for tasks to queue
[2025-03-08T20:47:17.893+0000] {logging_mixin.py:190} INFO - [2025-03-08T20:47:17.893+0000] {dagbag.py:588} INFO - Filling up the DagBag from /home/airflow/.local/lib/python3.12/site-packages/airflow/example_dags/example_external_task_marker_dag.py
[2025-03-08T20:47:17.902+0000] {processor.py:925} INFO - DAG(s) 'example_external_task_marker_parent', 'example_external_task_marker_child' retrieved from /home/airflow/.local/lib/python3.12/site-packages/airflow/example_dags/example_external_task_marker_dag.py
[2025-03-08T20:47:17.921+0000] {logging_mixin.py:190} INFO - [2025-03-08T20:47:17.921+0000] {dag.py:3239} INFO - Sync 2 DAGs
[2025-03-08T20:47:17.933+0000] {logging_mixin.py:190} INFO - [2025-03-08T20:47:17.933+0000] {dag.py:4180} INFO - Setting next_dagrun for example_external_task_marker_child to None, run_after=None
[2025-03-08T20:47:17.936+0000] {logging_mixin.py:190} INFO - [2025-03-08T20:47:17.936+0000] {dag.py:4180} INFO - Setting next_dagrun for example_external_task_marker_parent to None, run_after=None
[2025-03-08T20:47:17.950+0000] {processor.py:208} INFO - Processing /home/airflow/.local/lib/python3.12/site-packages/airflow/example_dags/example_external_task_marker_dag.py took 0.066 seconds
[2025-03-08T20:47:48.077+0000] {processor.py:186} INFO - Started process (PID=1965) to work on /home/airflow/.local/lib/python3.12/site-packages/airflow/example_dags/example_external_task_marker_dag.py
[2025-03-08T20:47:48.077+0000] {processor.py:914} INFO - Processing file /home/airflow/.local/lib/python3.12/site-packages/airflow/example_dags/example_external_task_marker_dag.py for tasks to queue
[2025-03-08T20:47:48.079+0000] {logging_mixin.py:190} INFO - [2025-03-08T20:47:48.079+0000] {dagbag.py:588} INFO - Filling up the DagBag from /home/airflow/.local/lib/python3.12/site-packages/airflow/example_dags/example_external_task_marker_dag.py
[2025-03-08T20:47:48.086+0000] {processor.py:925} INFO - DAG(s) 'example_external_task_marker_child', 'example_external_task_marker_parent' retrieved from /home/airflow/.local/lib/python3.12/site-packages/airflow/example_dags/example_external_task_marker_dag.py
[2025-03-08T20:47:48.105+0000] {logging_mixin.py:190} INFO - [2025-03-08T20:47:48.105+0000] {dag.py:3239} INFO - Sync 2 DAGs
[2025-03-08T20:47:48.117+0000] {logging_mixin.py:190} INFO - [2025-03-08T20:47:48.117+0000] {dag.py:4180} INFO - Setting next_dagrun for example_external_task_marker_child to None, run_after=None
[2025-03-08T20:47:48.120+0000] {logging_mixin.py:190} INFO - [2025-03-08T20:47:48.120+0000] {dag.py:4180} INFO - Setting next_dagrun for example_external_task_marker_parent to None, run_after=None
[2025-03-08T20:47:48.134+0000] {processor.py:208} INFO - Processing /home/airflow/.local/lib/python3.12/site-packages/airflow/example_dags/example_external_task_marker_dag.py took 0.062 seconds
[2025-03-08T20:48:18.693+0000] {processor.py:186} INFO - Started process (PID=2028) to work on /home/airflow/.local/lib/python3.12/site-packages/airflow/example_dags/example_external_task_marker_dag.py
[2025-03-08T20:48:18.694+0000] {processor.py:914} INFO - Processing file /home/airflow/.local/lib/python3.12/site-packages/airflow/example_dags/example_external_task_marker_dag.py for tasks to queue
[2025-03-08T20:48:18.697+0000] {logging_mixin.py:190} INFO - [2025-03-08T20:48:18.696+0000] {dagbag.py:588} INFO - Filling up the DagBag from /home/airflow/.local/lib/python3.12/site-packages/airflow/example_dags/example_external_task_marker_dag.py
[2025-03-08T20:48:18.705+0000] {processor.py:925} INFO - DAG(s) 'example_external_task_marker_child', 'example_external_task_marker_parent' retrieved from /home/airflow/.local/lib/python3.12/site-packages/airflow/example_dags/example_external_task_marker_dag.py
[2025-03-08T20:48:18.729+0000] {logging_mixin.py:190} INFO - [2025-03-08T20:48:18.729+0000] {dag.py:3239} INFO - Sync 2 DAGs
[2025-03-08T20:48:18.744+0000] {logging_mixin.py:190} INFO - [2025-03-08T20:48:18.744+0000] {dag.py:4180} INFO - Setting next_dagrun for example_external_task_marker_child to None, run_after=None
[2025-03-08T20:48:18.748+0000] {logging_mixin.py:190} INFO - [2025-03-08T20:48:18.748+0000] {dag.py:4180} INFO - Setting next_dagrun for example_external_task_marker_parent to None, run_after=None
[2025-03-08T20:48:18.766+0000] {processor.py:208} INFO - Processing /home/airflow/.local/lib/python3.12/site-packages/airflow/example_dags/example_external_task_marker_dag.py took 0.080 seconds
[2025-03-08T20:48:49.029+0000] {processor.py:186} INFO - Started process (PID=2091) to work on /home/airflow/.local/lib/python3.12/site-packages/airflow/example_dags/example_external_task_marker_dag.py
[2025-03-08T20:48:49.030+0000] {processor.py:914} INFO - Processing file /home/airflow/.local/lib/python3.12/site-packages/airflow/example_dags/example_external_task_marker_dag.py for tasks to queue
[2025-03-08T20:48:49.032+0000] {logging_mixin.py:190} INFO - [2025-03-08T20:48:49.032+0000] {dagbag.py:588} INFO - Filling up the DagBag from /home/airflow/.local/lib/python3.12/site-packages/airflow/example_dags/example_external_task_marker_dag.py
[2025-03-08T20:48:49.039+0000] {processor.py:925} INFO - DAG(s) 'example_external_task_marker_child', 'example_external_task_marker_parent' retrieved from /home/airflow/.local/lib/python3.12/site-packages/airflow/example_dags/example_external_task_marker_dag.py
[2025-03-08T20:48:49.059+0000] {logging_mixin.py:190} INFO - [2025-03-08T20:48:49.058+0000] {dag.py:3239} INFO - Sync 2 DAGs
[2025-03-08T20:48:49.071+0000] {logging_mixin.py:190} INFO - [2025-03-08T20:48:49.071+0000] {dag.py:4180} INFO - Setting next_dagrun for example_external_task_marker_child to None, run_after=None
[2025-03-08T20:48:49.075+0000] {logging_mixin.py:190} INFO - [2025-03-08T20:48:49.075+0000] {dag.py:4180} INFO - Setting next_dagrun for example_external_task_marker_parent to None, run_after=None
[2025-03-08T20:48:49.090+0000] {processor.py:208} INFO - Processing /home/airflow/.local/lib/python3.12/site-packages/airflow/example_dags/example_external_task_marker_dag.py took 0.066 seconds
[2025-03-08T20:49:19.295+0000] {processor.py:186} INFO - Started process (PID=2154) to work on /home/airflow/.local/lib/python3.12/site-packages/airflow/example_dags/example_external_task_marker_dag.py
[2025-03-08T20:49:19.296+0000] {processor.py:914} INFO - Processing file /home/airflow/.local/lib/python3.12/site-packages/airflow/example_dags/example_external_task_marker_dag.py for tasks to queue
[2025-03-08T20:49:19.298+0000] {logging_mixin.py:190} INFO - [2025-03-08T20:49:19.298+0000] {dagbag.py:588} INFO - Filling up the DagBag from /home/airflow/.local/lib/python3.12/site-packages/airflow/example_dags/example_external_task_marker_dag.py
[2025-03-08T20:49:19.305+0000] {processor.py:925} INFO - DAG(s) 'example_external_task_marker_child', 'example_external_task_marker_parent' retrieved from /home/airflow/.local/lib/python3.12/site-packages/airflow/example_dags/example_external_task_marker_dag.py
[2025-03-08T20:49:19.326+0000] {logging_mixin.py:190} INFO - [2025-03-08T20:49:19.325+0000] {dag.py:3239} INFO - Sync 2 DAGs
[2025-03-08T20:49:19.339+0000] {logging_mixin.py:190} INFO - [2025-03-08T20:49:19.339+0000] {dag.py:4180} INFO - Setting next_dagrun for example_external_task_marker_child to None, run_after=None
[2025-03-08T20:49:19.346+0000] {logging_mixin.py:190} INFO - [2025-03-08T20:49:19.345+0000] {dag.py:4180} INFO - Setting next_dagrun for example_external_task_marker_parent to None, run_after=None
[2025-03-08T20:49:19.363+0000] {processor.py:208} INFO - Processing /home/airflow/.local/lib/python3.12/site-packages/airflow/example_dags/example_external_task_marker_dag.py took 0.073 seconds
[2025-03-08T20:49:50.115+0000] {processor.py:186} INFO - Started process (PID=2217) to work on /home/airflow/.local/lib/python3.12/site-packages/airflow/example_dags/example_external_task_marker_dag.py
[2025-03-08T20:49:50.115+0000] {processor.py:914} INFO - Processing file /home/airflow/.local/lib/python3.12/site-packages/airflow/example_dags/example_external_task_marker_dag.py for tasks to queue
[2025-03-08T20:49:50.117+0000] {logging_mixin.py:190} INFO - [2025-03-08T20:49:50.117+0000] {dagbag.py:588} INFO - Filling up the DagBag from /home/airflow/.local/lib/python3.12/site-packages/airflow/example_dags/example_external_task_marker_dag.py
[2025-03-08T20:49:50.124+0000] {processor.py:925} INFO - DAG(s) 'example_external_task_marker_parent', 'example_external_task_marker_child' retrieved from /home/airflow/.local/lib/python3.12/site-packages/airflow/example_dags/example_external_task_marker_dag.py
[2025-03-08T20:49:50.144+0000] {logging_mixin.py:190} INFO - [2025-03-08T20:49:50.143+0000] {dag.py:3239} INFO - Sync 2 DAGs
[2025-03-08T20:49:50.156+0000] {logging_mixin.py:190} INFO - [2025-03-08T20:49:50.156+0000] {dag.py:4180} INFO - Setting next_dagrun for example_external_task_marker_child to None, run_after=None
[2025-03-08T20:49:50.160+0000] {logging_mixin.py:190} INFO - [2025-03-08T20:49:50.160+0000] {dag.py:4180} INFO - Setting next_dagrun for example_external_task_marker_parent to None, run_after=None
[2025-03-08T20:49:50.174+0000] {processor.py:208} INFO - Processing /home/airflow/.local/lib/python3.12/site-packages/airflow/example_dags/example_external_task_marker_dag.py took 0.064 seconds
[2025-03-08T20:50:20.319+0000] {processor.py:186} INFO - Started process (PID=2280) to work on /home/airflow/.local/lib/python3.12/site-packages/airflow/example_dags/example_external_task_marker_dag.py
[2025-03-08T20:50:20.320+0000] {processor.py:914} INFO - Processing file /home/airflow/.local/lib/python3.12/site-packages/airflow/example_dags/example_external_task_marker_dag.py for tasks to queue
[2025-03-08T20:50:20.322+0000] {logging_mixin.py:190} INFO - [2025-03-08T20:50:20.322+0000] {dagbag.py:588} INFO - Filling up the DagBag from /home/airflow/.local/lib/python3.12/site-packages/airflow/example_dags/example_external_task_marker_dag.py
[2025-03-08T20:50:20.329+0000] {processor.py:925} INFO - DAG(s) 'example_external_task_marker_parent', 'example_external_task_marker_child' retrieved from /home/airflow/.local/lib/python3.12/site-packages/airflow/example_dags/example_external_task_marker_dag.py
[2025-03-08T20:50:20.350+0000] {logging_mixin.py:190} INFO - [2025-03-08T20:50:20.350+0000] {dag.py:3239} INFO - Sync 2 DAGs
[2025-03-08T20:50:20.362+0000] {logging_mixin.py:190} INFO - [2025-03-08T20:50:20.362+0000] {dag.py:4180} INFO - Setting next_dagrun for example_external_task_marker_child to None, run_after=None
[2025-03-08T20:50:20.366+0000] {logging_mixin.py:190} INFO - [2025-03-08T20:50:20.366+0000] {dag.py:4180} INFO - Setting next_dagrun for example_external_task_marker_parent to None, run_after=None
[2025-03-08T20:50:20.381+0000] {processor.py:208} INFO - Processing /home/airflow/.local/lib/python3.12/site-packages/airflow/example_dags/example_external_task_marker_dag.py took 0.067 seconds
