[2025-03-08T20:32:32.827+0000] {processor.py:186} INFO - Started process (PID=81) to work on /home/airflow/.local/lib/python3.12/site-packages/airflow/example_dags/example_latest_only_with_trigger.py
[2025-03-08T20:32:32.828+0000] {processor.py:914} INFO - Processing file /home/airflow/.local/lib/python3.12/site-packages/airflow/example_dags/example_latest_only_with_trigger.py for tasks to queue
[2025-03-08T20:32:32.830+0000] {logging_mixin.py:190} INFO - [2025-03-08T20:32:32.830+0000] {dagbag.py:588} INFO - Filling up the DagBag from /home/airflow/.local/lib/python3.12/site-packages/airflow/example_dags/example_latest_only_with_trigger.py
[2025-03-08T20:32:32.845+0000] {processor.py:925} INFO - DAG(s) 'latest_only_with_trigger' retrieved from /home/airflow/.local/lib/python3.12/site-packages/airflow/example_dags/example_latest_only_with_trigger.py
[2025-03-08T20:32:32.930+0000] {logging_mixin.py:190} INFO - [2025-03-08T20:32:32.929+0000] {override.py:1912} INFO - Created Permission View: can edit on DAG:latest_only_with_trigger
[2025-03-08T20:32:32.938+0000] {logging_mixin.py:190} INFO - [2025-03-08T20:32:32.938+0000] {override.py:1912} INFO - Created Permission View: can read on DAG:latest_only_with_trigger
[2025-03-08T20:32:32.944+0000] {logging_mixin.py:190} INFO - [2025-03-08T20:32:32.943+0000] {override.py:1912} INFO - Created Permission View: can delete on DAG:latest_only_with_trigger
[2025-03-08T20:32:32.949+0000] {logging_mixin.py:190} INFO - [2025-03-08T20:32:32.948+0000] {override.py:1912} INFO - Created Permission View: can read on DAG Run:latest_only_with_trigger
[2025-03-08T20:32:32.954+0000] {logging_mixin.py:190} INFO - [2025-03-08T20:32:32.954+0000] {override.py:1912} INFO - Created Permission View: menu access on DAG Run:latest_only_with_trigger
[2025-03-08T20:32:32.959+0000] {logging_mixin.py:190} INFO - [2025-03-08T20:32:32.959+0000] {override.py:1912} INFO - Created Permission View: can create on DAG Run:latest_only_with_trigger
[2025-03-08T20:32:32.964+0000] {logging_mixin.py:190} INFO - [2025-03-08T20:32:32.964+0000] {override.py:1912} INFO - Created Permission View: can delete on DAG Run:latest_only_with_trigger
[2025-03-08T20:32:32.965+0000] {logging_mixin.py:190} INFO - [2025-03-08T20:32:32.965+0000] {dag.py:3239} INFO - Sync 1 DAGs
[2025-03-08T20:32:32.976+0000] {logging_mixin.py:190} INFO - [2025-03-08T20:32:32.976+0000] {dag.py:3262} INFO - Creating ORM DAG for latest_only_with_trigger
[2025-03-08T20:32:32.985+0000] {logging_mixin.py:190} INFO - [2025-03-08T20:32:32.985+0000] {dag.py:4180} INFO - Setting next_dagrun for latest_only_with_trigger to 2025-03-08 16:00:00+00:00, run_after=2025-03-08 20:00:00+00:00
[2025-03-08T20:32:32.998+0000] {processor.py:208} INFO - Processing /home/airflow/.local/lib/python3.12/site-packages/airflow/example_dags/example_latest_only_with_trigger.py took 0.178 seconds
[2025-03-08T20:33:03.372+0000] {processor.py:186} INFO - Started process (PID=144) to work on /home/airflow/.local/lib/python3.12/site-packages/airflow/example_dags/example_latest_only_with_trigger.py
[2025-03-08T20:33:03.372+0000] {processor.py:914} INFO - Processing file /home/airflow/.local/lib/python3.12/site-packages/airflow/example_dags/example_latest_only_with_trigger.py for tasks to queue
[2025-03-08T20:33:03.374+0000] {logging_mixin.py:190} INFO - [2025-03-08T20:33:03.374+0000] {dagbag.py:588} INFO - Filling up the DagBag from /home/airflow/.local/lib/python3.12/site-packages/airflow/example_dags/example_latest_only_with_trigger.py
[2025-03-08T20:33:03.381+0000] {processor.py:925} INFO - DAG(s) 'latest_only_with_trigger' retrieved from /home/airflow/.local/lib/python3.12/site-packages/airflow/example_dags/example_latest_only_with_trigger.py
[2025-03-08T20:33:03.399+0000] {logging_mixin.py:190} INFO - [2025-03-08T20:33:03.399+0000] {dag.py:3239} INFO - Sync 1 DAGs
[2025-03-08T20:33:03.419+0000] {logging_mixin.py:190} INFO - [2025-03-08T20:33:03.419+0000] {dag.py:4180} INFO - Setting next_dagrun for latest_only_with_trigger to 2025-03-08 16:00:00+00:00, run_after=2025-03-08 20:00:00+00:00
[2025-03-08T20:33:03.436+0000] {processor.py:208} INFO - Processing /home/airflow/.local/lib/python3.12/site-packages/airflow/example_dags/example_latest_only_with_trigger.py took 0.070 seconds
[2025-03-08T20:33:33.599+0000] {processor.py:186} INFO - Started process (PID=206) to work on /home/airflow/.local/lib/python3.12/site-packages/airflow/example_dags/example_latest_only_with_trigger.py
[2025-03-08T20:33:33.600+0000] {processor.py:914} INFO - Processing file /home/airflow/.local/lib/python3.12/site-packages/airflow/example_dags/example_latest_only_with_trigger.py for tasks to queue
[2025-03-08T20:33:33.604+0000] {logging_mixin.py:190} INFO - [2025-03-08T20:33:33.603+0000] {dagbag.py:588} INFO - Filling up the DagBag from /home/airflow/.local/lib/python3.12/site-packages/airflow/example_dags/example_latest_only_with_trigger.py
[2025-03-08T20:33:33.610+0000] {processor.py:925} INFO - DAG(s) 'latest_only_with_trigger' retrieved from /home/airflow/.local/lib/python3.12/site-packages/airflow/example_dags/example_latest_only_with_trigger.py
[2025-03-08T20:33:33.636+0000] {logging_mixin.py:190} INFO - [2025-03-08T20:33:33.635+0000] {dag.py:3239} INFO - Sync 1 DAGs
[2025-03-08T20:33:33.664+0000] {logging_mixin.py:190} INFO - [2025-03-08T20:33:33.663+0000] {dag.py:4180} INFO - Setting next_dagrun for latest_only_with_trigger to 2025-03-08 16:00:00+00:00, run_after=2025-03-08 20:00:00+00:00
[2025-03-08T20:33:33.684+0000] {processor.py:208} INFO - Processing /home/airflow/.local/lib/python3.12/site-packages/airflow/example_dags/example_latest_only_with_trigger.py took 0.091 seconds
[2025-03-08T20:34:04.440+0000] {processor.py:186} INFO - Started process (PID=269) to work on /home/airflow/.local/lib/python3.12/site-packages/airflow/example_dags/example_latest_only_with_trigger.py
[2025-03-08T20:34:04.441+0000] {processor.py:914} INFO - Processing file /home/airflow/.local/lib/python3.12/site-packages/airflow/example_dags/example_latest_only_with_trigger.py for tasks to queue
[2025-03-08T20:34:04.443+0000] {logging_mixin.py:190} INFO - [2025-03-08T20:34:04.443+0000] {dagbag.py:588} INFO - Filling up the DagBag from /home/airflow/.local/lib/python3.12/site-packages/airflow/example_dags/example_latest_only_with_trigger.py
[2025-03-08T20:34:04.450+0000] {processor.py:925} INFO - DAG(s) 'latest_only_with_trigger' retrieved from /home/airflow/.local/lib/python3.12/site-packages/airflow/example_dags/example_latest_only_with_trigger.py
[2025-03-08T20:34:04.474+0000] {logging_mixin.py:190} INFO - [2025-03-08T20:34:04.473+0000] {dag.py:3239} INFO - Sync 1 DAGs
[2025-03-08T20:34:04.494+0000] {logging_mixin.py:190} INFO - [2025-03-08T20:34:04.493+0000] {dag.py:4180} INFO - Setting next_dagrun for latest_only_with_trigger to 2025-03-08 16:00:00+00:00, run_after=2025-03-08 20:00:00+00:00
[2025-03-08T20:34:04.513+0000] {processor.py:208} INFO - Processing /home/airflow/.local/lib/python3.12/site-packages/airflow/example_dags/example_latest_only_with_trigger.py took 0.078 seconds
[2025-03-08T20:34:34.701+0000] {processor.py:186} INFO - Started process (PID=331) to work on /home/airflow/.local/lib/python3.12/site-packages/airflow/example_dags/example_latest_only_with_trigger.py
[2025-03-08T20:34:34.702+0000] {processor.py:914} INFO - Processing file /home/airflow/.local/lib/python3.12/site-packages/airflow/example_dags/example_latest_only_with_trigger.py for tasks to queue
[2025-03-08T20:34:34.705+0000] {logging_mixin.py:190} INFO - [2025-03-08T20:34:34.705+0000] {dagbag.py:588} INFO - Filling up the DagBag from /home/airflow/.local/lib/python3.12/site-packages/airflow/example_dags/example_latest_only_with_trigger.py
[2025-03-08T20:34:34.714+0000] {processor.py:925} INFO - DAG(s) 'latest_only_with_trigger' retrieved from /home/airflow/.local/lib/python3.12/site-packages/airflow/example_dags/example_latest_only_with_trigger.py
[2025-03-08T20:34:34.738+0000] {logging_mixin.py:190} INFO - [2025-03-08T20:34:34.737+0000] {dag.py:3239} INFO - Sync 1 DAGs
[2025-03-08T20:34:34.763+0000] {logging_mixin.py:190} INFO - [2025-03-08T20:34:34.763+0000] {dag.py:4180} INFO - Setting next_dagrun for latest_only_with_trigger to 2025-03-08 16:00:00+00:00, run_after=2025-03-08 20:00:00+00:00
[2025-03-08T20:34:34.783+0000] {processor.py:208} INFO - Processing /home/airflow/.local/lib/python3.12/site-packages/airflow/example_dags/example_latest_only_with_trigger.py took 0.088 seconds
[2025-03-08T20:35:05.431+0000] {processor.py:186} INFO - Started process (PID=394) to work on /home/airflow/.local/lib/python3.12/site-packages/airflow/example_dags/example_latest_only_with_trigger.py
[2025-03-08T20:35:05.431+0000] {processor.py:914} INFO - Processing file /home/airflow/.local/lib/python3.12/site-packages/airflow/example_dags/example_latest_only_with_trigger.py for tasks to queue
[2025-03-08T20:35:05.434+0000] {logging_mixin.py:190} INFO - [2025-03-08T20:35:05.433+0000] {dagbag.py:588} INFO - Filling up the DagBag from /home/airflow/.local/lib/python3.12/site-packages/airflow/example_dags/example_latest_only_with_trigger.py
[2025-03-08T20:35:05.440+0000] {processor.py:925} INFO - DAG(s) 'latest_only_with_trigger' retrieved from /home/airflow/.local/lib/python3.12/site-packages/airflow/example_dags/example_latest_only_with_trigger.py
[2025-03-08T20:35:05.456+0000] {logging_mixin.py:190} INFO - [2025-03-08T20:35:05.456+0000] {dag.py:3239} INFO - Sync 1 DAGs
[2025-03-08T20:35:05.478+0000] {logging_mixin.py:190} INFO - [2025-03-08T20:35:05.478+0000] {dag.py:4180} INFO - Setting next_dagrun for latest_only_with_trigger to 2025-03-08 16:00:00+00:00, run_after=2025-03-08 20:00:00+00:00
[2025-03-08T20:35:05.493+0000] {processor.py:208} INFO - Processing /home/airflow/.local/lib/python3.12/site-packages/airflow/example_dags/example_latest_only_with_trigger.py took 0.068 seconds
[2025-03-08T20:35:35.919+0000] {processor.py:186} INFO - Started process (PID=457) to work on /home/airflow/.local/lib/python3.12/site-packages/airflow/example_dags/example_latest_only_with_trigger.py
[2025-03-08T20:35:35.920+0000] {processor.py:914} INFO - Processing file /home/airflow/.local/lib/python3.12/site-packages/airflow/example_dags/example_latest_only_with_trigger.py for tasks to queue
[2025-03-08T20:35:35.922+0000] {logging_mixin.py:190} INFO - [2025-03-08T20:35:35.922+0000] {dagbag.py:588} INFO - Filling up the DagBag from /home/airflow/.local/lib/python3.12/site-packages/airflow/example_dags/example_latest_only_with_trigger.py
[2025-03-08T20:35:35.928+0000] {processor.py:925} INFO - DAG(s) 'latest_only_with_trigger' retrieved from /home/airflow/.local/lib/python3.12/site-packages/airflow/example_dags/example_latest_only_with_trigger.py
[2025-03-08T20:35:35.946+0000] {logging_mixin.py:190} INFO - [2025-03-08T20:35:35.946+0000] {dag.py:3239} INFO - Sync 1 DAGs
[2025-03-08T20:35:35.965+0000] {logging_mixin.py:190} INFO - [2025-03-08T20:35:35.965+0000] {dag.py:4180} INFO - Setting next_dagrun for latest_only_with_trigger to 2025-03-08 16:00:00+00:00, run_after=2025-03-08 20:00:00+00:00
[2025-03-08T20:35:35.980+0000] {processor.py:208} INFO - Processing /home/airflow/.local/lib/python3.12/site-packages/airflow/example_dags/example_latest_only_with_trigger.py took 0.066 seconds
[2025-03-08T20:36:06.594+0000] {processor.py:186} INFO - Started process (PID=520) to work on /home/airflow/.local/lib/python3.12/site-packages/airflow/example_dags/example_latest_only_with_trigger.py
[2025-03-08T20:36:06.595+0000] {processor.py:914} INFO - Processing file /home/airflow/.local/lib/python3.12/site-packages/airflow/example_dags/example_latest_only_with_trigger.py for tasks to queue
[2025-03-08T20:36:06.597+0000] {logging_mixin.py:190} INFO - [2025-03-08T20:36:06.597+0000] {dagbag.py:588} INFO - Filling up the DagBag from /home/airflow/.local/lib/python3.12/site-packages/airflow/example_dags/example_latest_only_with_trigger.py
[2025-03-08T20:36:06.604+0000] {processor.py:925} INFO - DAG(s) 'latest_only_with_trigger' retrieved from /home/airflow/.local/lib/python3.12/site-packages/airflow/example_dags/example_latest_only_with_trigger.py
[2025-03-08T20:36:06.620+0000] {logging_mixin.py:190} INFO - [2025-03-08T20:36:06.619+0000] {dag.py:3239} INFO - Sync 1 DAGs
[2025-03-08T20:36:06.637+0000] {logging_mixin.py:190} INFO - [2025-03-08T20:36:06.637+0000] {dag.py:4180} INFO - Setting next_dagrun for latest_only_with_trigger to 2025-03-08 16:00:00+00:00, run_after=2025-03-08 20:00:00+00:00
[2025-03-08T20:36:06.654+0000] {processor.py:208} INFO - Processing /home/airflow/.local/lib/python3.12/site-packages/airflow/example_dags/example_latest_only_with_trigger.py took 0.066 seconds
[2025-03-08T20:36:36.704+0000] {processor.py:186} INFO - Started process (PID=583) to work on /home/airflow/.local/lib/python3.12/site-packages/airflow/example_dags/example_latest_only_with_trigger.py
[2025-03-08T20:36:36.705+0000] {processor.py:914} INFO - Processing file /home/airflow/.local/lib/python3.12/site-packages/airflow/example_dags/example_latest_only_with_trigger.py for tasks to queue
[2025-03-08T20:36:36.707+0000] {logging_mixin.py:190} INFO - [2025-03-08T20:36:36.707+0000] {dagbag.py:588} INFO - Filling up the DagBag from /home/airflow/.local/lib/python3.12/site-packages/airflow/example_dags/example_latest_only_with_trigger.py
[2025-03-08T20:36:36.713+0000] {processor.py:925} INFO - DAG(s) 'latest_only_with_trigger' retrieved from /home/airflow/.local/lib/python3.12/site-packages/airflow/example_dags/example_latest_only_with_trigger.py
[2025-03-08T20:36:36.730+0000] {logging_mixin.py:190} INFO - [2025-03-08T20:36:36.729+0000] {dag.py:3239} INFO - Sync 1 DAGs
[2025-03-08T20:36:36.748+0000] {logging_mixin.py:190} INFO - [2025-03-08T20:36:36.748+0000] {dag.py:4180} INFO - Setting next_dagrun for latest_only_with_trigger to 2025-03-08 16:00:00+00:00, run_after=2025-03-08 20:00:00+00:00
[2025-03-08T20:36:36.765+0000] {processor.py:208} INFO - Processing /home/airflow/.local/lib/python3.12/site-packages/airflow/example_dags/example_latest_only_with_trigger.py took 0.066 seconds
[2025-03-08T20:37:07.637+0000] {processor.py:186} INFO - Started process (PID=646) to work on /home/airflow/.local/lib/python3.12/site-packages/airflow/example_dags/example_latest_only_with_trigger.py
[2025-03-08T20:37:07.638+0000] {processor.py:914} INFO - Processing file /home/airflow/.local/lib/python3.12/site-packages/airflow/example_dags/example_latest_only_with_trigger.py for tasks to queue
[2025-03-08T20:37:07.640+0000] {logging_mixin.py:190} INFO - [2025-03-08T20:37:07.640+0000] {dagbag.py:588} INFO - Filling up the DagBag from /home/airflow/.local/lib/python3.12/site-packages/airflow/example_dags/example_latest_only_with_trigger.py
[2025-03-08T20:37:07.647+0000] {processor.py:925} INFO - DAG(s) 'latest_only_with_trigger' retrieved from /home/airflow/.local/lib/python3.12/site-packages/airflow/example_dags/example_latest_only_with_trigger.py
[2025-03-08T20:37:07.664+0000] {logging_mixin.py:190} INFO - [2025-03-08T20:37:07.664+0000] {dag.py:3239} INFO - Sync 1 DAGs
[2025-03-08T20:37:07.685+0000] {logging_mixin.py:190} INFO - [2025-03-08T20:37:07.684+0000] {dag.py:4180} INFO - Setting next_dagrun for latest_only_with_trigger to 2025-03-08 16:00:00+00:00, run_after=2025-03-08 20:00:00+00:00
[2025-03-08T20:37:07.702+0000] {processor.py:208} INFO - Processing /home/airflow/.local/lib/python3.12/site-packages/airflow/example_dags/example_latest_only_with_trigger.py took 0.070 seconds
[2025-03-08T20:37:38.420+0000] {processor.py:186} INFO - Started process (PID=709) to work on /home/airflow/.local/lib/python3.12/site-packages/airflow/example_dags/example_latest_only_with_trigger.py
[2025-03-08T20:37:38.421+0000] {processor.py:914} INFO - Processing file /home/airflow/.local/lib/python3.12/site-packages/airflow/example_dags/example_latest_only_with_trigger.py for tasks to queue
[2025-03-08T20:37:38.423+0000] {logging_mixin.py:190} INFO - [2025-03-08T20:37:38.423+0000] {dagbag.py:588} INFO - Filling up the DagBag from /home/airflow/.local/lib/python3.12/site-packages/airflow/example_dags/example_latest_only_with_trigger.py
[2025-03-08T20:37:38.430+0000] {processor.py:925} INFO - DAG(s) 'latest_only_with_trigger' retrieved from /home/airflow/.local/lib/python3.12/site-packages/airflow/example_dags/example_latest_only_with_trigger.py
[2025-03-08T20:37:38.452+0000] {logging_mixin.py:190} INFO - [2025-03-08T20:37:38.451+0000] {dag.py:3239} INFO - Sync 1 DAGs
[2025-03-08T20:37:38.483+0000] {logging_mixin.py:190} INFO - [2025-03-08T20:37:38.482+0000] {dag.py:4180} INFO - Setting next_dagrun for latest_only_with_trigger to 2025-03-08 16:00:00+00:00, run_after=2025-03-08 20:00:00+00:00
[2025-03-08T20:37:38.502+0000] {processor.py:208} INFO - Processing /home/airflow/.local/lib/python3.12/site-packages/airflow/example_dags/example_latest_only_with_trigger.py took 0.088 seconds
[2025-03-08T20:38:08.649+0000] {processor.py:186} INFO - Started process (PID=772) to work on /home/airflow/.local/lib/python3.12/site-packages/airflow/example_dags/example_latest_only_with_trigger.py
[2025-03-08T20:38:08.649+0000] {processor.py:914} INFO - Processing file /home/airflow/.local/lib/python3.12/site-packages/airflow/example_dags/example_latest_only_with_trigger.py for tasks to queue
[2025-03-08T20:38:08.652+0000] {logging_mixin.py:190} INFO - [2025-03-08T20:38:08.652+0000] {dagbag.py:588} INFO - Filling up the DagBag from /home/airflow/.local/lib/python3.12/site-packages/airflow/example_dags/example_latest_only_with_trigger.py
[2025-03-08T20:38:08.659+0000] {processor.py:925} INFO - DAG(s) 'latest_only_with_trigger' retrieved from /home/airflow/.local/lib/python3.12/site-packages/airflow/example_dags/example_latest_only_with_trigger.py
[2025-03-08T20:38:08.678+0000] {logging_mixin.py:190} INFO - [2025-03-08T20:38:08.677+0000] {dag.py:3239} INFO - Sync 1 DAGs
[2025-03-08T20:38:08.699+0000] {logging_mixin.py:190} INFO - [2025-03-08T20:38:08.699+0000] {dag.py:4180} INFO - Setting next_dagrun for latest_only_with_trigger to 2025-03-08 16:00:00+00:00, run_after=2025-03-08 20:00:00+00:00
[2025-03-08T20:38:08.718+0000] {processor.py:208} INFO - Processing /home/airflow/.local/lib/python3.12/site-packages/airflow/example_dags/example_latest_only_with_trigger.py took 0.074 seconds
[2025-03-08T20:38:39.398+0000] {processor.py:186} INFO - Started process (PID=835) to work on /home/airflow/.local/lib/python3.12/site-packages/airflow/example_dags/example_latest_only_with_trigger.py
[2025-03-08T20:38:39.399+0000] {processor.py:914} INFO - Processing file /home/airflow/.local/lib/python3.12/site-packages/airflow/example_dags/example_latest_only_with_trigger.py for tasks to queue
[2025-03-08T20:38:39.401+0000] {logging_mixin.py:190} INFO - [2025-03-08T20:38:39.401+0000] {dagbag.py:588} INFO - Filling up the DagBag from /home/airflow/.local/lib/python3.12/site-packages/airflow/example_dags/example_latest_only_with_trigger.py
[2025-03-08T20:38:39.407+0000] {processor.py:925} INFO - DAG(s) 'latest_only_with_trigger' retrieved from /home/airflow/.local/lib/python3.12/site-packages/airflow/example_dags/example_latest_only_with_trigger.py
[2025-03-08T20:38:39.424+0000] {logging_mixin.py:190} INFO - [2025-03-08T20:38:39.424+0000] {dag.py:3239} INFO - Sync 1 DAGs
[2025-03-08T20:38:39.443+0000] {logging_mixin.py:190} INFO - [2025-03-08T20:38:39.443+0000] {dag.py:4180} INFO - Setting next_dagrun for latest_only_with_trigger to 2025-03-08 16:00:00+00:00, run_after=2025-03-08 20:00:00+00:00
[2025-03-08T20:38:39.459+0000] {processor.py:208} INFO - Processing /home/airflow/.local/lib/python3.12/site-packages/airflow/example_dags/example_latest_only_with_trigger.py took 0.066 seconds
[2025-03-08T20:39:09.735+0000] {processor.py:186} INFO - Started process (PID=898) to work on /home/airflow/.local/lib/python3.12/site-packages/airflow/example_dags/example_latest_only_with_trigger.py
[2025-03-08T20:39:09.735+0000] {processor.py:914} INFO - Processing file /home/airflow/.local/lib/python3.12/site-packages/airflow/example_dags/example_latest_only_with_trigger.py for tasks to queue
[2025-03-08T20:39:09.737+0000] {logging_mixin.py:190} INFO - [2025-03-08T20:39:09.737+0000] {dagbag.py:588} INFO - Filling up the DagBag from /home/airflow/.local/lib/python3.12/site-packages/airflow/example_dags/example_latest_only_with_trigger.py
[2025-03-08T20:39:09.743+0000] {processor.py:925} INFO - DAG(s) 'latest_only_with_trigger' retrieved from /home/airflow/.local/lib/python3.12/site-packages/airflow/example_dags/example_latest_only_with_trigger.py
[2025-03-08T20:39:09.760+0000] {logging_mixin.py:190} INFO - [2025-03-08T20:39:09.760+0000] {dag.py:3239} INFO - Sync 1 DAGs
[2025-03-08T20:39:09.780+0000] {logging_mixin.py:190} INFO - [2025-03-08T20:39:09.780+0000] {dag.py:4180} INFO - Setting next_dagrun for latest_only_with_trigger to 2025-03-08 16:00:00+00:00, run_after=2025-03-08 20:00:00+00:00
[2025-03-08T20:39:09.797+0000] {processor.py:208} INFO - Processing /home/airflow/.local/lib/python3.12/site-packages/airflow/example_dags/example_latest_only_with_trigger.py took 0.068 seconds
[2025-03-08T20:39:39.952+0000] {processor.py:186} INFO - Started process (PID=961) to work on /home/airflow/.local/lib/python3.12/site-packages/airflow/example_dags/example_latest_only_with_trigger.py
[2025-03-08T20:39:39.952+0000] {processor.py:914} INFO - Processing file /home/airflow/.local/lib/python3.12/site-packages/airflow/example_dags/example_latest_only_with_trigger.py for tasks to queue
[2025-03-08T20:39:39.955+0000] {logging_mixin.py:190} INFO - [2025-03-08T20:39:39.954+0000] {dagbag.py:588} INFO - Filling up the DagBag from /home/airflow/.local/lib/python3.12/site-packages/airflow/example_dags/example_latest_only_with_trigger.py
[2025-03-08T20:39:39.961+0000] {processor.py:925} INFO - DAG(s) 'latest_only_with_trigger' retrieved from /home/airflow/.local/lib/python3.12/site-packages/airflow/example_dags/example_latest_only_with_trigger.py
[2025-03-08T20:39:39.977+0000] {logging_mixin.py:190} INFO - [2025-03-08T20:39:39.977+0000] {dag.py:3239} INFO - Sync 1 DAGs
[2025-03-08T20:39:39.996+0000] {logging_mixin.py:190} INFO - [2025-03-08T20:39:39.996+0000] {dag.py:4180} INFO - Setting next_dagrun for latest_only_with_trigger to 2025-03-08 16:00:00+00:00, run_after=2025-03-08 20:00:00+00:00
[2025-03-08T20:39:40.011+0000] {processor.py:208} INFO - Processing /home/airflow/.local/lib/python3.12/site-packages/airflow/example_dags/example_latest_only_with_trigger.py took 0.064 seconds
[2025-03-08T20:40:10.633+0000] {processor.py:186} INFO - Started process (PID=1024) to work on /home/airflow/.local/lib/python3.12/site-packages/airflow/example_dags/example_latest_only_with_trigger.py
[2025-03-08T20:40:10.634+0000] {processor.py:914} INFO - Processing file /home/airflow/.local/lib/python3.12/site-packages/airflow/example_dags/example_latest_only_with_trigger.py for tasks to queue
[2025-03-08T20:40:10.636+0000] {logging_mixin.py:190} INFO - [2025-03-08T20:40:10.635+0000] {dagbag.py:588} INFO - Filling up the DagBag from /home/airflow/.local/lib/python3.12/site-packages/airflow/example_dags/example_latest_only_with_trigger.py
[2025-03-08T20:40:10.642+0000] {processor.py:925} INFO - DAG(s) 'latest_only_with_trigger' retrieved from /home/airflow/.local/lib/python3.12/site-packages/airflow/example_dags/example_latest_only_with_trigger.py
[2025-03-08T20:40:10.661+0000] {logging_mixin.py:190} INFO - [2025-03-08T20:40:10.661+0000] {dag.py:3239} INFO - Sync 1 DAGs
[2025-03-08T20:40:10.682+0000] {logging_mixin.py:190} INFO - [2025-03-08T20:40:10.681+0000] {dag.py:4180} INFO - Setting next_dagrun for latest_only_with_trigger to 2025-03-08 16:00:00+00:00, run_after=2025-03-08 20:00:00+00:00
[2025-03-08T20:40:10.698+0000] {processor.py:208} INFO - Processing /home/airflow/.local/lib/python3.12/site-packages/airflow/example_dags/example_latest_only_with_trigger.py took 0.071 seconds
[2025-03-08T20:40:41.163+0000] {processor.py:186} INFO - Started process (PID=1087) to work on /home/airflow/.local/lib/python3.12/site-packages/airflow/example_dags/example_latest_only_with_trigger.py
[2025-03-08T20:40:41.164+0000] {processor.py:914} INFO - Processing file /home/airflow/.local/lib/python3.12/site-packages/airflow/example_dags/example_latest_only_with_trigger.py for tasks to queue
[2025-03-08T20:40:41.166+0000] {logging_mixin.py:190} INFO - [2025-03-08T20:40:41.166+0000] {dagbag.py:588} INFO - Filling up the DagBag from /home/airflow/.local/lib/python3.12/site-packages/airflow/example_dags/example_latest_only_with_trigger.py
[2025-03-08T20:40:41.172+0000] {processor.py:925} INFO - DAG(s) 'latest_only_with_trigger' retrieved from /home/airflow/.local/lib/python3.12/site-packages/airflow/example_dags/example_latest_only_with_trigger.py
[2025-03-08T20:40:41.189+0000] {logging_mixin.py:190} INFO - [2025-03-08T20:40:41.189+0000] {dag.py:3239} INFO - Sync 1 DAGs
[2025-03-08T20:40:41.209+0000] {logging_mixin.py:190} INFO - [2025-03-08T20:40:41.209+0000] {dag.py:4180} INFO - Setting next_dagrun for latest_only_with_trigger to 2025-03-08 16:00:00+00:00, run_after=2025-03-08 20:00:00+00:00
[2025-03-08T20:40:41.225+0000] {processor.py:208} INFO - Processing /home/airflow/.local/lib/python3.12/site-packages/airflow/example_dags/example_latest_only_with_trigger.py took 0.067 seconds
[2025-03-08T20:41:11.707+0000] {processor.py:186} INFO - Started process (PID=1150) to work on /home/airflow/.local/lib/python3.12/site-packages/airflow/example_dags/example_latest_only_with_trigger.py
[2025-03-08T20:41:11.708+0000] {processor.py:914} INFO - Processing file /home/airflow/.local/lib/python3.12/site-packages/airflow/example_dags/example_latest_only_with_trigger.py for tasks to queue
[2025-03-08T20:41:11.710+0000] {logging_mixin.py:190} INFO - [2025-03-08T20:41:11.710+0000] {dagbag.py:588} INFO - Filling up the DagBag from /home/airflow/.local/lib/python3.12/site-packages/airflow/example_dags/example_latest_only_with_trigger.py
[2025-03-08T20:41:11.717+0000] {processor.py:925} INFO - DAG(s) 'latest_only_with_trigger' retrieved from /home/airflow/.local/lib/python3.12/site-packages/airflow/example_dags/example_latest_only_with_trigger.py
[2025-03-08T20:41:11.734+0000] {logging_mixin.py:190} INFO - [2025-03-08T20:41:11.733+0000] {dag.py:3239} INFO - Sync 1 DAGs
[2025-03-08T20:41:11.753+0000] {logging_mixin.py:190} INFO - [2025-03-08T20:41:11.753+0000] {dag.py:4180} INFO - Setting next_dagrun for latest_only_with_trigger to 2025-03-08 16:00:00+00:00, run_after=2025-03-08 20:00:00+00:00
[2025-03-08T20:41:11.771+0000] {processor.py:208} INFO - Processing /home/airflow/.local/lib/python3.12/site-packages/airflow/example_dags/example_latest_only_with_trigger.py took 0.068 seconds
[2025-03-08T20:41:41.822+0000] {processor.py:186} INFO - Started process (PID=1213) to work on /home/airflow/.local/lib/python3.12/site-packages/airflow/example_dags/example_latest_only_with_trigger.py
[2025-03-08T20:41:41.823+0000] {processor.py:914} INFO - Processing file /home/airflow/.local/lib/python3.12/site-packages/airflow/example_dags/example_latest_only_with_trigger.py for tasks to queue
[2025-03-08T20:41:41.825+0000] {logging_mixin.py:190} INFO - [2025-03-08T20:41:41.825+0000] {dagbag.py:588} INFO - Filling up the DagBag from /home/airflow/.local/lib/python3.12/site-packages/airflow/example_dags/example_latest_only_with_trigger.py
[2025-03-08T20:41:41.832+0000] {processor.py:925} INFO - DAG(s) 'latest_only_with_trigger' retrieved from /home/airflow/.local/lib/python3.12/site-packages/airflow/example_dags/example_latest_only_with_trigger.py
[2025-03-08T20:41:41.849+0000] {logging_mixin.py:190} INFO - [2025-03-08T20:41:41.849+0000] {dag.py:3239} INFO - Sync 1 DAGs
[2025-03-08T20:41:41.868+0000] {logging_mixin.py:190} INFO - [2025-03-08T20:41:41.868+0000] {dag.py:4180} INFO - Setting next_dagrun for latest_only_with_trigger to 2025-03-08 16:00:00+00:00, run_after=2025-03-08 20:00:00+00:00
[2025-03-08T20:41:41.885+0000] {processor.py:208} INFO - Processing /home/airflow/.local/lib/python3.12/site-packages/airflow/example_dags/example_latest_only_with_trigger.py took 0.069 seconds
[2025-03-08T20:42:12.333+0000] {processor.py:186} INFO - Started process (PID=1276) to work on /home/airflow/.local/lib/python3.12/site-packages/airflow/example_dags/example_latest_only_with_trigger.py
[2025-03-08T20:42:12.333+0000] {processor.py:914} INFO - Processing file /home/airflow/.local/lib/python3.12/site-packages/airflow/example_dags/example_latest_only_with_trigger.py for tasks to queue
[2025-03-08T20:42:12.336+0000] {logging_mixin.py:190} INFO - [2025-03-08T20:42:12.335+0000] {dagbag.py:588} INFO - Filling up the DagBag from /home/airflow/.local/lib/python3.12/site-packages/airflow/example_dags/example_latest_only_with_trigger.py
[2025-03-08T20:42:12.342+0000] {processor.py:925} INFO - DAG(s) 'latest_only_with_trigger' retrieved from /home/airflow/.local/lib/python3.12/site-packages/airflow/example_dags/example_latest_only_with_trigger.py
[2025-03-08T20:42:12.360+0000] {logging_mixin.py:190} INFO - [2025-03-08T20:42:12.360+0000] {dag.py:3239} INFO - Sync 1 DAGs
[2025-03-08T20:42:12.379+0000] {logging_mixin.py:190} INFO - [2025-03-08T20:42:12.379+0000] {dag.py:4180} INFO - Setting next_dagrun for latest_only_with_trigger to 2025-03-08 16:00:00+00:00, run_after=2025-03-08 20:00:00+00:00
[2025-03-08T20:42:12.396+0000] {processor.py:208} INFO - Processing /home/airflow/.local/lib/python3.12/site-packages/airflow/example_dags/example_latest_only_with_trigger.py took 0.069 seconds
[2025-03-08T20:42:42.925+0000] {processor.py:186} INFO - Started process (PID=1339) to work on /home/airflow/.local/lib/python3.12/site-packages/airflow/example_dags/example_latest_only_with_trigger.py
[2025-03-08T20:42:42.929+0000] {processor.py:914} INFO - Processing file /home/airflow/.local/lib/python3.12/site-packages/airflow/example_dags/example_latest_only_with_trigger.py for tasks to queue
[2025-03-08T20:42:42.932+0000] {logging_mixin.py:190} INFO - [2025-03-08T20:42:42.932+0000] {dagbag.py:588} INFO - Filling up the DagBag from /home/airflow/.local/lib/python3.12/site-packages/airflow/example_dags/example_latest_only_with_trigger.py
[2025-03-08T20:42:42.944+0000] {processor.py:925} INFO - DAG(s) 'latest_only_with_trigger' retrieved from /home/airflow/.local/lib/python3.12/site-packages/airflow/example_dags/example_latest_only_with_trigger.py
[2025-03-08T20:42:42.967+0000] {logging_mixin.py:190} INFO - [2025-03-08T20:42:42.967+0000] {dag.py:3239} INFO - Sync 1 DAGs
[2025-03-08T20:42:42.998+0000] {logging_mixin.py:190} INFO - [2025-03-08T20:42:42.997+0000] {dag.py:4180} INFO - Setting next_dagrun for latest_only_with_trigger to 2025-03-08 16:00:00+00:00, run_after=2025-03-08 20:00:00+00:00
[2025-03-08T20:42:43.020+0000] {processor.py:208} INFO - Processing /home/airflow/.local/lib/python3.12/site-packages/airflow/example_dags/example_latest_only_with_trigger.py took 0.103 seconds
[2025-03-08T20:43:13.793+0000] {processor.py:186} INFO - Started process (PID=1402) to work on /home/airflow/.local/lib/python3.12/site-packages/airflow/example_dags/example_latest_only_with_trigger.py
[2025-03-08T20:43:13.794+0000] {processor.py:914} INFO - Processing file /home/airflow/.local/lib/python3.12/site-packages/airflow/example_dags/example_latest_only_with_trigger.py for tasks to queue
[2025-03-08T20:43:13.796+0000] {logging_mixin.py:190} INFO - [2025-03-08T20:43:13.795+0000] {dagbag.py:588} INFO - Filling up the DagBag from /home/airflow/.local/lib/python3.12/site-packages/airflow/example_dags/example_latest_only_with_trigger.py
[2025-03-08T20:43:13.805+0000] {processor.py:925} INFO - DAG(s) 'latest_only_with_trigger' retrieved from /home/airflow/.local/lib/python3.12/site-packages/airflow/example_dags/example_latest_only_with_trigger.py
[2025-03-08T20:43:13.828+0000] {logging_mixin.py:190} INFO - [2025-03-08T20:43:13.828+0000] {dag.py:3239} INFO - Sync 1 DAGs
[2025-03-08T20:43:13.848+0000] {logging_mixin.py:190} INFO - [2025-03-08T20:43:13.848+0000] {dag.py:4180} INFO - Setting next_dagrun for latest_only_with_trigger to 2025-03-08 16:00:00+00:00, run_after=2025-03-08 20:00:00+00:00
[2025-03-08T20:43:13.866+0000] {processor.py:208} INFO - Processing /home/airflow/.local/lib/python3.12/site-packages/airflow/example_dags/example_latest_only_with_trigger.py took 0.079 seconds
[2025-03-08T20:43:44.215+0000] {processor.py:186} INFO - Started process (PID=1465) to work on /home/airflow/.local/lib/python3.12/site-packages/airflow/example_dags/example_latest_only_with_trigger.py
[2025-03-08T20:43:44.216+0000] {processor.py:914} INFO - Processing file /home/airflow/.local/lib/python3.12/site-packages/airflow/example_dags/example_latest_only_with_trigger.py for tasks to queue
[2025-03-08T20:43:44.218+0000] {logging_mixin.py:190} INFO - [2025-03-08T20:43:44.218+0000] {dagbag.py:588} INFO - Filling up the DagBag from /home/airflow/.local/lib/python3.12/site-packages/airflow/example_dags/example_latest_only_with_trigger.py
[2025-03-08T20:43:44.224+0000] {processor.py:925} INFO - DAG(s) 'latest_only_with_trigger' retrieved from /home/airflow/.local/lib/python3.12/site-packages/airflow/example_dags/example_latest_only_with_trigger.py
[2025-03-08T20:43:44.241+0000] {logging_mixin.py:190} INFO - [2025-03-08T20:43:44.241+0000] {dag.py:3239} INFO - Sync 1 DAGs
[2025-03-08T20:43:44.261+0000] {logging_mixin.py:190} INFO - [2025-03-08T20:43:44.261+0000] {dag.py:4180} INFO - Setting next_dagrun for latest_only_with_trigger to 2025-03-08 16:00:00+00:00, run_after=2025-03-08 20:00:00+00:00
[2025-03-08T20:43:44.277+0000] {processor.py:208} INFO - Processing /home/airflow/.local/lib/python3.12/site-packages/airflow/example_dags/example_latest_only_with_trigger.py took 0.067 seconds
[2025-03-08T20:44:14.676+0000] {processor.py:186} INFO - Started process (PID=1528) to work on /home/airflow/.local/lib/python3.12/site-packages/airflow/example_dags/example_latest_only_with_trigger.py
[2025-03-08T20:44:14.676+0000] {processor.py:914} INFO - Processing file /home/airflow/.local/lib/python3.12/site-packages/airflow/example_dags/example_latest_only_with_trigger.py for tasks to queue
[2025-03-08T20:44:14.678+0000] {logging_mixin.py:190} INFO - [2025-03-08T20:44:14.678+0000] {dagbag.py:588} INFO - Filling up the DagBag from /home/airflow/.local/lib/python3.12/site-packages/airflow/example_dags/example_latest_only_with_trigger.py
[2025-03-08T20:44:14.685+0000] {processor.py:925} INFO - DAG(s) 'latest_only_with_trigger' retrieved from /home/airflow/.local/lib/python3.12/site-packages/airflow/example_dags/example_latest_only_with_trigger.py
[2025-03-08T20:44:14.702+0000] {logging_mixin.py:190} INFO - [2025-03-08T20:44:14.702+0000] {dag.py:3239} INFO - Sync 1 DAGs
[2025-03-08T20:44:14.722+0000] {logging_mixin.py:190} INFO - [2025-03-08T20:44:14.722+0000] {dag.py:4180} INFO - Setting next_dagrun for latest_only_with_trigger to 2025-03-08 16:00:00+00:00, run_after=2025-03-08 20:00:00+00:00
[2025-03-08T20:44:14.742+0000] {processor.py:208} INFO - Processing /home/airflow/.local/lib/python3.12/site-packages/airflow/example_dags/example_latest_only_with_trigger.py took 0.071 seconds
[2025-03-08T20:44:45.452+0000] {processor.py:186} INFO - Started process (PID=1591) to work on /home/airflow/.local/lib/python3.12/site-packages/airflow/example_dags/example_latest_only_with_trigger.py
[2025-03-08T20:44:45.453+0000] {processor.py:914} INFO - Processing file /home/airflow/.local/lib/python3.12/site-packages/airflow/example_dags/example_latest_only_with_trigger.py for tasks to queue
[2025-03-08T20:44:45.455+0000] {logging_mixin.py:190} INFO - [2025-03-08T20:44:45.454+0000] {dagbag.py:588} INFO - Filling up the DagBag from /home/airflow/.local/lib/python3.12/site-packages/airflow/example_dags/example_latest_only_with_trigger.py
[2025-03-08T20:44:45.462+0000] {processor.py:925} INFO - DAG(s) 'latest_only_with_trigger' retrieved from /home/airflow/.local/lib/python3.12/site-packages/airflow/example_dags/example_latest_only_with_trigger.py
[2025-03-08T20:44:45.479+0000] {logging_mixin.py:190} INFO - [2025-03-08T20:44:45.478+0000] {dag.py:3239} INFO - Sync 1 DAGs
[2025-03-08T20:44:45.499+0000] {logging_mixin.py:190} INFO - [2025-03-08T20:44:45.499+0000] {dag.py:4180} INFO - Setting next_dagrun for latest_only_with_trigger to 2025-03-08 16:00:00+00:00, run_after=2025-03-08 20:00:00+00:00
[2025-03-08T20:44:45.515+0000] {processor.py:208} INFO - Processing /home/airflow/.local/lib/python3.12/site-packages/airflow/example_dags/example_latest_only_with_trigger.py took 0.068 seconds
[2025-03-08T20:45:15.958+0000] {processor.py:186} INFO - Started process (PID=1654) to work on /home/airflow/.local/lib/python3.12/site-packages/airflow/example_dags/example_latest_only_with_trigger.py
[2025-03-08T20:45:15.959+0000] {processor.py:914} INFO - Processing file /home/airflow/.local/lib/python3.12/site-packages/airflow/example_dags/example_latest_only_with_trigger.py for tasks to queue
[2025-03-08T20:45:15.961+0000] {logging_mixin.py:190} INFO - [2025-03-08T20:45:15.961+0000] {dagbag.py:588} INFO - Filling up the DagBag from /home/airflow/.local/lib/python3.12/site-packages/airflow/example_dags/example_latest_only_with_trigger.py
[2025-03-08T20:45:15.967+0000] {processor.py:925} INFO - DAG(s) 'latest_only_with_trigger' retrieved from /home/airflow/.local/lib/python3.12/site-packages/airflow/example_dags/example_latest_only_with_trigger.py
[2025-03-08T20:45:15.985+0000] {logging_mixin.py:190} INFO - [2025-03-08T20:45:15.985+0000] {dag.py:3239} INFO - Sync 1 DAGs
[2025-03-08T20:45:16.005+0000] {logging_mixin.py:190} INFO - [2025-03-08T20:45:16.004+0000] {dag.py:4180} INFO - Setting next_dagrun for latest_only_with_trigger to 2025-03-08 16:00:00+00:00, run_after=2025-03-08 20:00:00+00:00
[2025-03-08T20:45:16.021+0000] {processor.py:208} INFO - Processing /home/airflow/.local/lib/python3.12/site-packages/airflow/example_dags/example_latest_only_with_trigger.py took 0.069 seconds
[2025-03-08T20:45:46.491+0000] {processor.py:186} INFO - Started process (PID=1717) to work on /home/airflow/.local/lib/python3.12/site-packages/airflow/example_dags/example_latest_only_with_trigger.py
[2025-03-08T20:45:46.492+0000] {processor.py:914} INFO - Processing file /home/airflow/.local/lib/python3.12/site-packages/airflow/example_dags/example_latest_only_with_trigger.py for tasks to queue
[2025-03-08T20:45:46.494+0000] {logging_mixin.py:190} INFO - [2025-03-08T20:45:46.494+0000] {dagbag.py:588} INFO - Filling up the DagBag from /home/airflow/.local/lib/python3.12/site-packages/airflow/example_dags/example_latest_only_with_trigger.py
[2025-03-08T20:45:46.501+0000] {processor.py:925} INFO - DAG(s) 'latest_only_with_trigger' retrieved from /home/airflow/.local/lib/python3.12/site-packages/airflow/example_dags/example_latest_only_with_trigger.py
[2025-03-08T20:45:46.520+0000] {logging_mixin.py:190} INFO - [2025-03-08T20:45:46.519+0000] {dag.py:3239} INFO - Sync 1 DAGs
[2025-03-08T20:45:46.542+0000] {logging_mixin.py:190} INFO - [2025-03-08T20:45:46.542+0000] {dag.py:4180} INFO - Setting next_dagrun for latest_only_with_trigger to 2025-03-08 16:00:00+00:00, run_after=2025-03-08 20:00:00+00:00
[2025-03-08T20:45:46.558+0000] {processor.py:208} INFO - Processing /home/airflow/.local/lib/python3.12/site-packages/airflow/example_dags/example_latest_only_with_trigger.py took 0.072 seconds
[2025-03-08T20:46:16.925+0000] {processor.py:186} INFO - Started process (PID=1780) to work on /home/airflow/.local/lib/python3.12/site-packages/airflow/example_dags/example_latest_only_with_trigger.py
[2025-03-08T20:46:16.926+0000] {processor.py:914} INFO - Processing file /home/airflow/.local/lib/python3.12/site-packages/airflow/example_dags/example_latest_only_with_trigger.py for tasks to queue
[2025-03-08T20:46:16.928+0000] {logging_mixin.py:190} INFO - [2025-03-08T20:46:16.927+0000] {dagbag.py:588} INFO - Filling up the DagBag from /home/airflow/.local/lib/python3.12/site-packages/airflow/example_dags/example_latest_only_with_trigger.py
[2025-03-08T20:46:16.934+0000] {processor.py:925} INFO - DAG(s) 'latest_only_with_trigger' retrieved from /home/airflow/.local/lib/python3.12/site-packages/airflow/example_dags/example_latest_only_with_trigger.py
[2025-03-08T20:46:16.951+0000] {logging_mixin.py:190} INFO - [2025-03-08T20:46:16.950+0000] {dag.py:3239} INFO - Sync 1 DAGs
[2025-03-08T20:46:16.970+0000] {logging_mixin.py:190} INFO - [2025-03-08T20:46:16.969+0000] {dag.py:4180} INFO - Setting next_dagrun for latest_only_with_trigger to 2025-03-08 16:00:00+00:00, run_after=2025-03-08 20:00:00+00:00
[2025-03-08T20:46:16.985+0000] {processor.py:208} INFO - Processing /home/airflow/.local/lib/python3.12/site-packages/airflow/example_dags/example_latest_only_with_trigger.py took 0.065 seconds
[2025-03-08T20:46:47.698+0000] {processor.py:186} INFO - Started process (PID=1843) to work on /home/airflow/.local/lib/python3.12/site-packages/airflow/example_dags/example_latest_only_with_trigger.py
[2025-03-08T20:46:47.698+0000] {processor.py:914} INFO - Processing file /home/airflow/.local/lib/python3.12/site-packages/airflow/example_dags/example_latest_only_with_trigger.py for tasks to queue
[2025-03-08T20:46:47.700+0000] {logging_mixin.py:190} INFO - [2025-03-08T20:46:47.700+0000] {dagbag.py:588} INFO - Filling up the DagBag from /home/airflow/.local/lib/python3.12/site-packages/airflow/example_dags/example_latest_only_with_trigger.py
[2025-03-08T20:46:47.707+0000] {processor.py:925} INFO - DAG(s) 'latest_only_with_trigger' retrieved from /home/airflow/.local/lib/python3.12/site-packages/airflow/example_dags/example_latest_only_with_trigger.py
[2025-03-08T20:46:47.723+0000] {logging_mixin.py:190} INFO - [2025-03-08T20:46:47.723+0000] {dag.py:3239} INFO - Sync 1 DAGs
[2025-03-08T20:46:47.742+0000] {logging_mixin.py:190} INFO - [2025-03-08T20:46:47.742+0000] {dag.py:4180} INFO - Setting next_dagrun for latest_only_with_trigger to 2025-03-08 16:00:00+00:00, run_after=2025-03-08 20:00:00+00:00
[2025-03-08T20:46:47.759+0000] {processor.py:208} INFO - Processing /home/airflow/.local/lib/python3.12/site-packages/airflow/example_dags/example_latest_only_with_trigger.py took 0.067 seconds
[2025-03-08T20:47:18.060+0000] {processor.py:186} INFO - Started process (PID=1906) to work on /home/airflow/.local/lib/python3.12/site-packages/airflow/example_dags/example_latest_only_with_trigger.py
[2025-03-08T20:47:18.061+0000] {processor.py:914} INFO - Processing file /home/airflow/.local/lib/python3.12/site-packages/airflow/example_dags/example_latest_only_with_trigger.py for tasks to queue
[2025-03-08T20:47:18.063+0000] {logging_mixin.py:190} INFO - [2025-03-08T20:47:18.062+0000] {dagbag.py:588} INFO - Filling up the DagBag from /home/airflow/.local/lib/python3.12/site-packages/airflow/example_dags/example_latest_only_with_trigger.py
[2025-03-08T20:47:18.070+0000] {processor.py:925} INFO - DAG(s) 'latest_only_with_trigger' retrieved from /home/airflow/.local/lib/python3.12/site-packages/airflow/example_dags/example_latest_only_with_trigger.py
[2025-03-08T20:47:18.087+0000] {logging_mixin.py:190} INFO - [2025-03-08T20:47:18.086+0000] {dag.py:3239} INFO - Sync 1 DAGs
[2025-03-08T20:47:18.106+0000] {logging_mixin.py:190} INFO - [2025-03-08T20:47:18.105+0000] {dag.py:4180} INFO - Setting next_dagrun for latest_only_with_trigger to 2025-03-08 16:00:00+00:00, run_after=2025-03-08 20:00:00+00:00
[2025-03-08T20:47:18.122+0000] {processor.py:208} INFO - Processing /home/airflow/.local/lib/python3.12/site-packages/airflow/example_dags/example_latest_only_with_trigger.py took 0.066 seconds
[2025-03-08T20:47:48.247+0000] {processor.py:186} INFO - Started process (PID=1969) to work on /home/airflow/.local/lib/python3.12/site-packages/airflow/example_dags/example_latest_only_with_trigger.py
[2025-03-08T20:47:48.247+0000] {processor.py:914} INFO - Processing file /home/airflow/.local/lib/python3.12/site-packages/airflow/example_dags/example_latest_only_with_trigger.py for tasks to queue
[2025-03-08T20:47:48.249+0000] {logging_mixin.py:190} INFO - [2025-03-08T20:47:48.249+0000] {dagbag.py:588} INFO - Filling up the DagBag from /home/airflow/.local/lib/python3.12/site-packages/airflow/example_dags/example_latest_only_with_trigger.py
[2025-03-08T20:47:48.256+0000] {processor.py:925} INFO - DAG(s) 'latest_only_with_trigger' retrieved from /home/airflow/.local/lib/python3.12/site-packages/airflow/example_dags/example_latest_only_with_trigger.py
[2025-03-08T20:47:48.272+0000] {logging_mixin.py:190} INFO - [2025-03-08T20:47:48.272+0000] {dag.py:3239} INFO - Sync 1 DAGs
[2025-03-08T20:47:48.291+0000] {logging_mixin.py:190} INFO - [2025-03-08T20:47:48.291+0000] {dag.py:4180} INFO - Setting next_dagrun for latest_only_with_trigger to 2025-03-08 16:00:00+00:00, run_after=2025-03-08 20:00:00+00:00
[2025-03-08T20:47:48.309+0000] {processor.py:208} INFO - Processing /home/airflow/.local/lib/python3.12/site-packages/airflow/example_dags/example_latest_only_with_trigger.py took 0.067 seconds
[2025-03-08T20:48:18.898+0000] {processor.py:186} INFO - Started process (PID=2032) to work on /home/airflow/.local/lib/python3.12/site-packages/airflow/example_dags/example_latest_only_with_trigger.py
[2025-03-08T20:48:18.899+0000] {processor.py:914} INFO - Processing file /home/airflow/.local/lib/python3.12/site-packages/airflow/example_dags/example_latest_only_with_trigger.py for tasks to queue
[2025-03-08T20:48:18.901+0000] {logging_mixin.py:190} INFO - [2025-03-08T20:48:18.901+0000] {dagbag.py:588} INFO - Filling up the DagBag from /home/airflow/.local/lib/python3.12/site-packages/airflow/example_dags/example_latest_only_with_trigger.py
[2025-03-08T20:48:18.907+0000] {processor.py:925} INFO - DAG(s) 'latest_only_with_trigger' retrieved from /home/airflow/.local/lib/python3.12/site-packages/airflow/example_dags/example_latest_only_with_trigger.py
[2025-03-08T20:48:18.924+0000] {logging_mixin.py:190} INFO - [2025-03-08T20:48:18.924+0000] {dag.py:3239} INFO - Sync 1 DAGs
[2025-03-08T20:48:18.944+0000] {logging_mixin.py:190} INFO - [2025-03-08T20:48:18.944+0000] {dag.py:4180} INFO - Setting next_dagrun for latest_only_with_trigger to 2025-03-08 16:00:00+00:00, run_after=2025-03-08 20:00:00+00:00
[2025-03-08T20:48:18.959+0000] {processor.py:208} INFO - Processing /home/airflow/.local/lib/python3.12/site-packages/airflow/example_dags/example_latest_only_with_trigger.py took 0.066 seconds
[2025-03-08T20:48:49.211+0000] {processor.py:186} INFO - Started process (PID=2095) to work on /home/airflow/.local/lib/python3.12/site-packages/airflow/example_dags/example_latest_only_with_trigger.py
[2025-03-08T20:48:49.211+0000] {processor.py:914} INFO - Processing file /home/airflow/.local/lib/python3.12/site-packages/airflow/example_dags/example_latest_only_with_trigger.py for tasks to queue
[2025-03-08T20:48:49.214+0000] {logging_mixin.py:190} INFO - [2025-03-08T20:48:49.213+0000] {dagbag.py:588} INFO - Filling up the DagBag from /home/airflow/.local/lib/python3.12/site-packages/airflow/example_dags/example_latest_only_with_trigger.py
[2025-03-08T20:48:49.220+0000] {processor.py:925} INFO - DAG(s) 'latest_only_with_trigger' retrieved from /home/airflow/.local/lib/python3.12/site-packages/airflow/example_dags/example_latest_only_with_trigger.py
[2025-03-08T20:48:49.238+0000] {logging_mixin.py:190} INFO - [2025-03-08T20:48:49.238+0000] {dag.py:3239} INFO - Sync 1 DAGs
[2025-03-08T20:48:49.257+0000] {logging_mixin.py:190} INFO - [2025-03-08T20:48:49.257+0000] {dag.py:4180} INFO - Setting next_dagrun for latest_only_with_trigger to 2025-03-08 16:00:00+00:00, run_after=2025-03-08 20:00:00+00:00
[2025-03-08T20:48:49.274+0000] {processor.py:208} INFO - Processing /home/airflow/.local/lib/python3.12/site-packages/airflow/example_dags/example_latest_only_with_trigger.py took 0.069 seconds
[2025-03-08T20:49:19.496+0000] {processor.py:186} INFO - Started process (PID=2158) to work on /home/airflow/.local/lib/python3.12/site-packages/airflow/example_dags/example_latest_only_with_trigger.py
[2025-03-08T20:49:19.497+0000] {processor.py:914} INFO - Processing file /home/airflow/.local/lib/python3.12/site-packages/airflow/example_dags/example_latest_only_with_trigger.py for tasks to queue
[2025-03-08T20:49:19.499+0000] {logging_mixin.py:190} INFO - [2025-03-08T20:49:19.498+0000] {dagbag.py:588} INFO - Filling up the DagBag from /home/airflow/.local/lib/python3.12/site-packages/airflow/example_dags/example_latest_only_with_trigger.py
[2025-03-08T20:49:19.505+0000] {processor.py:925} INFO - DAG(s) 'latest_only_with_trigger' retrieved from /home/airflow/.local/lib/python3.12/site-packages/airflow/example_dags/example_latest_only_with_trigger.py
[2025-03-08T20:49:19.523+0000] {logging_mixin.py:190} INFO - [2025-03-08T20:49:19.523+0000] {dag.py:3239} INFO - Sync 1 DAGs
[2025-03-08T20:49:19.546+0000] {logging_mixin.py:190} INFO - [2025-03-08T20:49:19.546+0000] {dag.py:4180} INFO - Setting next_dagrun for latest_only_with_trigger to 2025-03-08 16:00:00+00:00, run_after=2025-03-08 20:00:00+00:00
[2025-03-08T20:49:19.569+0000] {processor.py:208} INFO - Processing /home/airflow/.local/lib/python3.12/site-packages/airflow/example_dags/example_latest_only_with_trigger.py took 0.078 seconds
[2025-03-08T20:49:50.391+0000] {processor.py:186} INFO - Started process (PID=2221) to work on /home/airflow/.local/lib/python3.12/site-packages/airflow/example_dags/example_latest_only_with_trigger.py
[2025-03-08T20:49:50.392+0000] {processor.py:914} INFO - Processing file /home/airflow/.local/lib/python3.12/site-packages/airflow/example_dags/example_latest_only_with_trigger.py for tasks to queue
[2025-03-08T20:49:50.394+0000] {logging_mixin.py:190} INFO - [2025-03-08T20:49:50.394+0000] {dagbag.py:588} INFO - Filling up the DagBag from /home/airflow/.local/lib/python3.12/site-packages/airflow/example_dags/example_latest_only_with_trigger.py
[2025-03-08T20:49:50.401+0000] {processor.py:925} INFO - DAG(s) 'latest_only_with_trigger' retrieved from /home/airflow/.local/lib/python3.12/site-packages/airflow/example_dags/example_latest_only_with_trigger.py
[2025-03-08T20:49:50.419+0000] {logging_mixin.py:190} INFO - [2025-03-08T20:49:50.418+0000] {dag.py:3239} INFO - Sync 1 DAGs
[2025-03-08T20:49:50.438+0000] {logging_mixin.py:190} INFO - [2025-03-08T20:49:50.438+0000] {dag.py:4180} INFO - Setting next_dagrun for latest_only_with_trigger to 2025-03-08 16:00:00+00:00, run_after=2025-03-08 20:00:00+00:00
[2025-03-08T20:49:50.456+0000] {processor.py:208} INFO - Processing /home/airflow/.local/lib/python3.12/site-packages/airflow/example_dags/example_latest_only_with_trigger.py took 0.070 seconds
[2025-03-08T20:50:20.506+0000] {processor.py:186} INFO - Started process (PID=2284) to work on /home/airflow/.local/lib/python3.12/site-packages/airflow/example_dags/example_latest_only_with_trigger.py
[2025-03-08T20:50:20.506+0000] {processor.py:914} INFO - Processing file /home/airflow/.local/lib/python3.12/site-packages/airflow/example_dags/example_latest_only_with_trigger.py for tasks to queue
[2025-03-08T20:50:20.508+0000] {logging_mixin.py:190} INFO - [2025-03-08T20:50:20.508+0000] {dagbag.py:588} INFO - Filling up the DagBag from /home/airflow/.local/lib/python3.12/site-packages/airflow/example_dags/example_latest_only_with_trigger.py
[2025-03-08T20:50:20.515+0000] {processor.py:925} INFO - DAG(s) 'latest_only_with_trigger' retrieved from /home/airflow/.local/lib/python3.12/site-packages/airflow/example_dags/example_latest_only_with_trigger.py
[2025-03-08T20:50:20.533+0000] {logging_mixin.py:190} INFO - [2025-03-08T20:50:20.533+0000] {dag.py:3239} INFO - Sync 1 DAGs
[2025-03-08T20:50:20.553+0000] {logging_mixin.py:190} INFO - [2025-03-08T20:50:20.552+0000] {dag.py:4180} INFO - Setting next_dagrun for latest_only_with_trigger to 2025-03-08 16:00:00+00:00, run_after=2025-03-08 20:00:00+00:00
[2025-03-08T20:50:20.569+0000] {processor.py:208} INFO - Processing /home/airflow/.local/lib/python3.12/site-packages/airflow/example_dags/example_latest_only_with_trigger.py took 0.069 seconds
