[2025-03-08T20:32:34.466+0000] {processor.py:186} INFO - Started process (PID=94) to work on /home/airflow/.local/lib/python3.12/site-packages/airflow/example_dags/example_xcomargs.py
[2025-03-08T20:32:34.467+0000] {processor.py:914} INFO - Processing file /home/airflow/.local/lib/python3.12/site-packages/airflow/example_dags/example_xcomargs.py for tasks to queue
[2025-03-08T20:32:34.468+0000] {logging_mixin.py:190} INFO - [2025-03-08T20:32:34.468+0000] {dagbag.py:588} INFO - Filling up the DagBag from /home/airflow/.local/lib/python3.12/site-packages/airflow/example_dags/example_xcomargs.py
[2025-03-08T20:32:34.481+0000] {processor.py:925} INFO - DAG(s) 'example_xcom_args', 'example_xcom_args_with_operators' retrieved from /home/airflow/.local/lib/python3.12/site-packages/airflow/example_dags/example_xcomargs.py
[2025-03-08T20:32:34.581+0000] {logging_mixin.py:190} INFO - [2025-03-08T20:32:34.580+0000] {override.py:1912} INFO - Created Permission View: can edit on DAG:example_xcom_args
[2025-03-08T20:32:34.589+0000] {logging_mixin.py:190} INFO - [2025-03-08T20:32:34.589+0000] {override.py:1912} INFO - Created Permission View: can read on DAG:example_xcom_args
[2025-03-08T20:32:34.594+0000] {logging_mixin.py:190} INFO - [2025-03-08T20:32:34.594+0000] {override.py:1912} INFO - Created Permission View: can delete on DAG:example_xcom_args
[2025-03-08T20:32:34.600+0000] {logging_mixin.py:190} INFO - [2025-03-08T20:32:34.600+0000] {override.py:1912} INFO - Created Permission View: can read on DAG Run:example_xcom_args
[2025-03-08T20:32:34.607+0000] {logging_mixin.py:190} INFO - [2025-03-08T20:32:34.606+0000] {override.py:1912} INFO - Created Permission View: menu access on DAG Run:example_xcom_args
[2025-03-08T20:32:34.612+0000] {logging_mixin.py:190} INFO - [2025-03-08T20:32:34.611+0000] {override.py:1912} INFO - Created Permission View: can create on DAG Run:example_xcom_args
[2025-03-08T20:32:34.618+0000] {logging_mixin.py:190} INFO - [2025-03-08T20:32:34.618+0000] {override.py:1912} INFO - Created Permission View: can delete on DAG Run:example_xcom_args
[2025-03-08T20:32:34.629+0000] {logging_mixin.py:190} INFO - [2025-03-08T20:32:34.629+0000] {override.py:1912} INFO - Created Permission View: can edit on DAG:example_xcom_args_with_operators
[2025-03-08T20:32:34.635+0000] {logging_mixin.py:190} INFO - [2025-03-08T20:32:34.634+0000] {override.py:1912} INFO - Created Permission View: can read on DAG:example_xcom_args_with_operators
[2025-03-08T20:32:34.640+0000] {logging_mixin.py:190} INFO - [2025-03-08T20:32:34.640+0000] {override.py:1912} INFO - Created Permission View: can delete on DAG:example_xcom_args_with_operators
[2025-03-08T20:32:34.646+0000] {logging_mixin.py:190} INFO - [2025-03-08T20:32:34.646+0000] {override.py:1912} INFO - Created Permission View: can read on DAG Run:example_xcom_args_with_operators
[2025-03-08T20:32:34.652+0000] {logging_mixin.py:190} INFO - [2025-03-08T20:32:34.651+0000] {override.py:1912} INFO - Created Permission View: menu access on DAG Run:example_xcom_args_with_operators
[2025-03-08T20:32:34.657+0000] {logging_mixin.py:190} INFO - [2025-03-08T20:32:34.656+0000] {override.py:1912} INFO - Created Permission View: can create on DAG Run:example_xcom_args_with_operators
[2025-03-08T20:32:34.662+0000] {logging_mixin.py:190} INFO - [2025-03-08T20:32:34.662+0000] {override.py:1912} INFO - Created Permission View: can delete on DAG Run:example_xcom_args_with_operators
[2025-03-08T20:32:34.663+0000] {logging_mixin.py:190} INFO - [2025-03-08T20:32:34.662+0000] {dag.py:3239} INFO - Sync 2 DAGs
[2025-03-08T20:32:34.673+0000] {logging_mixin.py:190} INFO - [2025-03-08T20:32:34.673+0000] {dag.py:3262} INFO - Creating ORM DAG for example_xcom_args
[2025-03-08T20:32:34.674+0000] {logging_mixin.py:190} INFO - [2025-03-08T20:32:34.674+0000] {dag.py:3262} INFO - Creating ORM DAG for example_xcom_args_with_operators
[2025-03-08T20:32:34.675+0000] {logging_mixin.py:190} INFO - [2025-03-08T20:32:34.675+0000] {dag.py:4180} INFO - Setting next_dagrun for example_xcom_args to None, run_after=None
[2025-03-08T20:32:34.676+0000] {logging_mixin.py:190} INFO - [2025-03-08T20:32:34.675+0000] {dag.py:4180} INFO - Setting next_dagrun for example_xcom_args_with_operators to None, run_after=None
[2025-03-08T20:32:34.691+0000] {processor.py:208} INFO - Processing /home/airflow/.local/lib/python3.12/site-packages/airflow/example_dags/example_xcomargs.py took 0.230 seconds
[2025-03-08T20:33:05.560+0000] {processor.py:186} INFO - Started process (PID=157) to work on /home/airflow/.local/lib/python3.12/site-packages/airflow/example_dags/example_xcomargs.py
[2025-03-08T20:33:05.561+0000] {processor.py:914} INFO - Processing file /home/airflow/.local/lib/python3.12/site-packages/airflow/example_dags/example_xcomargs.py for tasks to queue
[2025-03-08T20:33:05.562+0000] {logging_mixin.py:190} INFO - [2025-03-08T20:33:05.562+0000] {dagbag.py:588} INFO - Filling up the DagBag from /home/airflow/.local/lib/python3.12/site-packages/airflow/example_dags/example_xcomargs.py
[2025-03-08T20:33:05.571+0000] {processor.py:925} INFO - DAG(s) 'example_xcom_args', 'example_xcom_args_with_operators' retrieved from /home/airflow/.local/lib/python3.12/site-packages/airflow/example_dags/example_xcomargs.py
[2025-03-08T20:33:05.594+0000] {logging_mixin.py:190} INFO - [2025-03-08T20:33:05.594+0000] {dag.py:3239} INFO - Sync 2 DAGs
[2025-03-08T20:33:05.606+0000] {logging_mixin.py:190} INFO - [2025-03-08T20:33:05.606+0000] {dag.py:4180} INFO - Setting next_dagrun for example_xcom_args to None, run_after=None
[2025-03-08T20:33:05.610+0000] {logging_mixin.py:190} INFO - [2025-03-08T20:33:05.610+0000] {dag.py:4180} INFO - Setting next_dagrun for example_xcom_args_with_operators to None, run_after=None
[2025-03-08T20:33:05.624+0000] {processor.py:208} INFO - Processing /home/airflow/.local/lib/python3.12/site-packages/airflow/example_dags/example_xcomargs.py took 0.069 seconds
[2025-03-08T20:33:35.946+0000] {processor.py:186} INFO - Started process (PID=219) to work on /home/airflow/.local/lib/python3.12/site-packages/airflow/example_dags/example_xcomargs.py
[2025-03-08T20:33:35.947+0000] {processor.py:914} INFO - Processing file /home/airflow/.local/lib/python3.12/site-packages/airflow/example_dags/example_xcomargs.py for tasks to queue
[2025-03-08T20:33:35.949+0000] {logging_mixin.py:190} INFO - [2025-03-08T20:33:35.949+0000] {dagbag.py:588} INFO - Filling up the DagBag from /home/airflow/.local/lib/python3.12/site-packages/airflow/example_dags/example_xcomargs.py
[2025-03-08T20:33:35.957+0000] {processor.py:925} INFO - DAG(s) 'example_xcom_args', 'example_xcom_args_with_operators' retrieved from /home/airflow/.local/lib/python3.12/site-packages/airflow/example_dags/example_xcomargs.py
[2025-03-08T20:33:35.978+0000] {logging_mixin.py:190} INFO - [2025-03-08T20:33:35.977+0000] {dag.py:3239} INFO - Sync 2 DAGs
[2025-03-08T20:33:35.993+0000] {logging_mixin.py:190} INFO - [2025-03-08T20:33:35.992+0000] {dag.py:4180} INFO - Setting next_dagrun for example_xcom_args to None, run_after=None
[2025-03-08T20:33:35.998+0000] {logging_mixin.py:190} INFO - [2025-03-08T20:33:35.997+0000] {dag.py:4180} INFO - Setting next_dagrun for example_xcom_args_with_operators to None, run_after=None
[2025-03-08T20:33:36.015+0000] {processor.py:208} INFO - Processing /home/airflow/.local/lib/python3.12/site-packages/airflow/example_dags/example_xcomargs.py took 0.073 seconds
[2025-03-08T20:34:06.863+0000] {processor.py:186} INFO - Started process (PID=282) to work on /home/airflow/.local/lib/python3.12/site-packages/airflow/example_dags/example_xcomargs.py
[2025-03-08T20:34:06.889+0000] {processor.py:914} INFO - Processing file /home/airflow/.local/lib/python3.12/site-packages/airflow/example_dags/example_xcomargs.py for tasks to queue
[2025-03-08T20:34:06.892+0000] {logging_mixin.py:190} INFO - [2025-03-08T20:34:06.892+0000] {dagbag.py:588} INFO - Filling up the DagBag from /home/airflow/.local/lib/python3.12/site-packages/airflow/example_dags/example_xcomargs.py
[2025-03-08T20:34:06.903+0000] {processor.py:925} INFO - DAG(s) 'example_xcom_args', 'example_xcom_args_with_operators' retrieved from /home/airflow/.local/lib/python3.12/site-packages/airflow/example_dags/example_xcomargs.py
[2025-03-08T20:34:06.929+0000] {logging_mixin.py:190} INFO - [2025-03-08T20:34:06.929+0000] {dag.py:3239} INFO - Sync 2 DAGs
[2025-03-08T20:34:06.946+0000] {logging_mixin.py:190} INFO - [2025-03-08T20:34:06.946+0000] {dag.py:4180} INFO - Setting next_dagrun for example_xcom_args to None, run_after=None
[2025-03-08T20:34:06.951+0000] {logging_mixin.py:190} INFO - [2025-03-08T20:34:06.951+0000] {dag.py:4180} INFO - Setting next_dagrun for example_xcom_args_with_operators to None, run_after=None
[2025-03-08T20:34:06.969+0000] {processor.py:208} INFO - Processing /home/airflow/.local/lib/python3.12/site-packages/airflow/example_dags/example_xcomargs.py took 0.111 seconds
[2025-03-08T20:34:37.083+0000] {processor.py:186} INFO - Started process (PID=345) to work on /home/airflow/.local/lib/python3.12/site-packages/airflow/example_dags/example_xcomargs.py
[2025-03-08T20:34:37.084+0000] {processor.py:914} INFO - Processing file /home/airflow/.local/lib/python3.12/site-packages/airflow/example_dags/example_xcomargs.py for tasks to queue
[2025-03-08T20:34:37.086+0000] {logging_mixin.py:190} INFO - [2025-03-08T20:34:37.086+0000] {dagbag.py:588} INFO - Filling up the DagBag from /home/airflow/.local/lib/python3.12/site-packages/airflow/example_dags/example_xcomargs.py
[2025-03-08T20:34:37.097+0000] {processor.py:925} INFO - DAG(s) 'example_xcom_args', 'example_xcom_args_with_operators' retrieved from /home/airflow/.local/lib/python3.12/site-packages/airflow/example_dags/example_xcomargs.py
[2025-03-08T20:34:37.117+0000] {logging_mixin.py:190} INFO - [2025-03-08T20:34:37.117+0000] {dag.py:3239} INFO - Sync 2 DAGs
[2025-03-08T20:34:37.129+0000] {logging_mixin.py:190} INFO - [2025-03-08T20:34:37.129+0000] {dag.py:4180} INFO - Setting next_dagrun for example_xcom_args to None, run_after=None
[2025-03-08T20:34:37.132+0000] {logging_mixin.py:190} INFO - [2025-03-08T20:34:37.132+0000] {dag.py:4180} INFO - Setting next_dagrun for example_xcom_args_with_operators to None, run_after=None
[2025-03-08T20:34:37.147+0000] {processor.py:208} INFO - Processing /home/airflow/.local/lib/python3.12/site-packages/airflow/example_dags/example_xcomargs.py took 0.070 seconds
[2025-03-08T20:35:07.915+0000] {processor.py:186} INFO - Started process (PID=408) to work on /home/airflow/.local/lib/python3.12/site-packages/airflow/example_dags/example_xcomargs.py
[2025-03-08T20:35:07.916+0000] {processor.py:914} INFO - Processing file /home/airflow/.local/lib/python3.12/site-packages/airflow/example_dags/example_xcomargs.py for tasks to queue
[2025-03-08T20:35:07.918+0000] {logging_mixin.py:190} INFO - [2025-03-08T20:35:07.918+0000] {dagbag.py:588} INFO - Filling up the DagBag from /home/airflow/.local/lib/python3.12/site-packages/airflow/example_dags/example_xcomargs.py
[2025-03-08T20:35:07.927+0000] {processor.py:925} INFO - DAG(s) 'example_xcom_args_with_operators', 'example_xcom_args' retrieved from /home/airflow/.local/lib/python3.12/site-packages/airflow/example_dags/example_xcomargs.py
[2025-03-08T20:35:07.946+0000] {logging_mixin.py:190} INFO - [2025-03-08T20:35:07.946+0000] {dag.py:3239} INFO - Sync 2 DAGs
[2025-03-08T20:35:07.959+0000] {logging_mixin.py:190} INFO - [2025-03-08T20:35:07.959+0000] {dag.py:4180} INFO - Setting next_dagrun for example_xcom_args to None, run_after=None
[2025-03-08T20:35:07.963+0000] {logging_mixin.py:190} INFO - [2025-03-08T20:35:07.963+0000] {dag.py:4180} INFO - Setting next_dagrun for example_xcom_args_with_operators to None, run_after=None
[2025-03-08T20:35:07.980+0000] {processor.py:208} INFO - Processing /home/airflow/.local/lib/python3.12/site-packages/airflow/example_dags/example_xcomargs.py took 0.071 seconds
[2025-03-08T20:35:39.220+0000] {processor.py:186} INFO - Started process (PID=471) to work on /home/airflow/.local/lib/python3.12/site-packages/airflow/example_dags/example_xcomargs.py
[2025-03-08T20:35:39.220+0000] {processor.py:914} INFO - Processing file /home/airflow/.local/lib/python3.12/site-packages/airflow/example_dags/example_xcomargs.py for tasks to queue
[2025-03-08T20:35:39.222+0000] {logging_mixin.py:190} INFO - [2025-03-08T20:35:39.222+0000] {dagbag.py:588} INFO - Filling up the DagBag from /home/airflow/.local/lib/python3.12/site-packages/airflow/example_dags/example_xcomargs.py
[2025-03-08T20:35:39.230+0000] {processor.py:925} INFO - DAG(s) 'example_xcom_args', 'example_xcom_args_with_operators' retrieved from /home/airflow/.local/lib/python3.12/site-packages/airflow/example_dags/example_xcomargs.py
[2025-03-08T20:35:39.249+0000] {logging_mixin.py:190} INFO - [2025-03-08T20:35:39.249+0000] {dag.py:3239} INFO - Sync 2 DAGs
[2025-03-08T20:35:39.262+0000] {logging_mixin.py:190} INFO - [2025-03-08T20:35:39.262+0000] {dag.py:4180} INFO - Setting next_dagrun for example_xcom_args to None, run_after=None
[2025-03-08T20:35:39.268+0000] {logging_mixin.py:190} INFO - [2025-03-08T20:35:39.268+0000] {dag.py:4180} INFO - Setting next_dagrun for example_xcom_args_with_operators to None, run_after=None
[2025-03-08T20:35:39.288+0000] {processor.py:208} INFO - Processing /home/airflow/.local/lib/python3.12/site-packages/airflow/example_dags/example_xcomargs.py took 0.075 seconds
[2025-03-08T20:36:09.803+0000] {processor.py:186} INFO - Started process (PID=534) to work on /home/airflow/.local/lib/python3.12/site-packages/airflow/example_dags/example_xcomargs.py
[2025-03-08T20:36:09.804+0000] {processor.py:914} INFO - Processing file /home/airflow/.local/lib/python3.12/site-packages/airflow/example_dags/example_xcomargs.py for tasks to queue
[2025-03-08T20:36:09.806+0000] {logging_mixin.py:190} INFO - [2025-03-08T20:36:09.805+0000] {dagbag.py:588} INFO - Filling up the DagBag from /home/airflow/.local/lib/python3.12/site-packages/airflow/example_dags/example_xcomargs.py
[2025-03-08T20:36:09.815+0000] {processor.py:925} INFO - DAG(s) 'example_xcom_args', 'example_xcom_args_with_operators' retrieved from /home/airflow/.local/lib/python3.12/site-packages/airflow/example_dags/example_xcomargs.py
[2025-03-08T20:36:09.833+0000] {logging_mixin.py:190} INFO - [2025-03-08T20:36:09.833+0000] {dag.py:3239} INFO - Sync 2 DAGs
[2025-03-08T20:36:09.845+0000] {logging_mixin.py:190} INFO - [2025-03-08T20:36:09.845+0000] {dag.py:4180} INFO - Setting next_dagrun for example_xcom_args to None, run_after=None
[2025-03-08T20:36:09.849+0000] {logging_mixin.py:190} INFO - [2025-03-08T20:36:09.849+0000] {dag.py:4180} INFO - Setting next_dagrun for example_xcom_args_with_operators to None, run_after=None
[2025-03-08T20:36:09.867+0000] {processor.py:208} INFO - Processing /home/airflow/.local/lib/python3.12/site-packages/airflow/example_dags/example_xcomargs.py took 0.069 seconds
[2025-03-08T20:36:41.009+0000] {processor.py:186} INFO - Started process (PID=597) to work on /home/airflow/.local/lib/python3.12/site-packages/airflow/example_dags/example_xcomargs.py
[2025-03-08T20:36:41.010+0000] {processor.py:914} INFO - Processing file /home/airflow/.local/lib/python3.12/site-packages/airflow/example_dags/example_xcomargs.py for tasks to queue
[2025-03-08T20:36:41.012+0000] {logging_mixin.py:190} INFO - [2025-03-08T20:36:41.011+0000] {dagbag.py:588} INFO - Filling up the DagBag from /home/airflow/.local/lib/python3.12/site-packages/airflow/example_dags/example_xcomargs.py
[2025-03-08T20:36:41.020+0000] {processor.py:925} INFO - DAG(s) 'example_xcom_args', 'example_xcom_args_with_operators' retrieved from /home/airflow/.local/lib/python3.12/site-packages/airflow/example_dags/example_xcomargs.py
[2025-03-08T20:36:41.038+0000] {logging_mixin.py:190} INFO - [2025-03-08T20:36:41.038+0000] {dag.py:3239} INFO - Sync 2 DAGs
[2025-03-08T20:36:41.050+0000] {logging_mixin.py:190} INFO - [2025-03-08T20:36:41.050+0000] {dag.py:4180} INFO - Setting next_dagrun for example_xcom_args to None, run_after=None
[2025-03-08T20:36:41.053+0000] {logging_mixin.py:190} INFO - [2025-03-08T20:36:41.053+0000] {dag.py:4180} INFO - Setting next_dagrun for example_xcom_args_with_operators to None, run_after=None
[2025-03-08T20:36:41.066+0000] {processor.py:208} INFO - Processing /home/airflow/.local/lib/python3.12/site-packages/airflow/example_dags/example_xcomargs.py took 0.062 seconds
[2025-03-08T20:37:12.194+0000] {processor.py:186} INFO - Started process (PID=660) to work on /home/airflow/.local/lib/python3.12/site-packages/airflow/example_dags/example_xcomargs.py
[2025-03-08T20:37:12.195+0000] {processor.py:914} INFO - Processing file /home/airflow/.local/lib/python3.12/site-packages/airflow/example_dags/example_xcomargs.py for tasks to queue
[2025-03-08T20:37:12.197+0000] {logging_mixin.py:190} INFO - [2025-03-08T20:37:12.197+0000] {dagbag.py:588} INFO - Filling up the DagBag from /home/airflow/.local/lib/python3.12/site-packages/airflow/example_dags/example_xcomargs.py
[2025-03-08T20:37:12.207+0000] {processor.py:925} INFO - DAG(s) 'example_xcom_args', 'example_xcom_args_with_operators' retrieved from /home/airflow/.local/lib/python3.12/site-packages/airflow/example_dags/example_xcomargs.py
[2025-03-08T20:37:12.232+0000] {logging_mixin.py:190} INFO - [2025-03-08T20:37:12.232+0000] {dag.py:3239} INFO - Sync 2 DAGs
[2025-03-08T20:37:12.247+0000] {logging_mixin.py:190} INFO - [2025-03-08T20:37:12.247+0000] {dag.py:4180} INFO - Setting next_dagrun for example_xcom_args to None, run_after=None
[2025-03-08T20:37:12.252+0000] {logging_mixin.py:190} INFO - [2025-03-08T20:37:12.252+0000] {dag.py:4180} INFO - Setting next_dagrun for example_xcom_args_with_operators to None, run_after=None
[2025-03-08T20:37:12.269+0000] {processor.py:208} INFO - Processing /home/airflow/.local/lib/python3.12/site-packages/airflow/example_dags/example_xcomargs.py took 0.080 seconds
[2025-03-08T20:37:42.814+0000] {processor.py:186} INFO - Started process (PID=723) to work on /home/airflow/.local/lib/python3.12/site-packages/airflow/example_dags/example_xcomargs.py
[2025-03-08T20:37:42.815+0000] {processor.py:914} INFO - Processing file /home/airflow/.local/lib/python3.12/site-packages/airflow/example_dags/example_xcomargs.py for tasks to queue
[2025-03-08T20:37:42.817+0000] {logging_mixin.py:190} INFO - [2025-03-08T20:37:42.817+0000] {dagbag.py:588} INFO - Filling up the DagBag from /home/airflow/.local/lib/python3.12/site-packages/airflow/example_dags/example_xcomargs.py
[2025-03-08T20:37:42.829+0000] {processor.py:925} INFO - DAG(s) 'example_xcom_args', 'example_xcom_args_with_operators' retrieved from /home/airflow/.local/lib/python3.12/site-packages/airflow/example_dags/example_xcomargs.py
[2025-03-08T20:37:42.871+0000] {logging_mixin.py:190} INFO - [2025-03-08T20:37:42.871+0000] {dag.py:3239} INFO - Sync 2 DAGs
[2025-03-08T20:37:42.895+0000] {logging_mixin.py:190} INFO - [2025-03-08T20:37:42.894+0000] {dag.py:4180} INFO - Setting next_dagrun for example_xcom_args to None, run_after=None
[2025-03-08T20:37:42.904+0000] {logging_mixin.py:190} INFO - [2025-03-08T20:37:42.904+0000] {dag.py:4180} INFO - Setting next_dagrun for example_xcom_args_with_operators to None, run_after=None
[2025-03-08T20:37:42.931+0000] {processor.py:208} INFO - Processing /home/airflow/.local/lib/python3.12/site-packages/airflow/example_dags/example_xcomargs.py took 0.122 seconds
[2025-03-08T20:38:13.961+0000] {processor.py:186} INFO - Started process (PID=786) to work on /home/airflow/.local/lib/python3.12/site-packages/airflow/example_dags/example_xcomargs.py
[2025-03-08T20:38:13.962+0000] {processor.py:914} INFO - Processing file /home/airflow/.local/lib/python3.12/site-packages/airflow/example_dags/example_xcomargs.py for tasks to queue
[2025-03-08T20:38:13.964+0000] {logging_mixin.py:190} INFO - [2025-03-08T20:38:13.964+0000] {dagbag.py:588} INFO - Filling up the DagBag from /home/airflow/.local/lib/python3.12/site-packages/airflow/example_dags/example_xcomargs.py
[2025-03-08T20:38:13.973+0000] {processor.py:925} INFO - DAG(s) 'example_xcom_args_with_operators', 'example_xcom_args' retrieved from /home/airflow/.local/lib/python3.12/site-packages/airflow/example_dags/example_xcomargs.py
[2025-03-08T20:38:13.994+0000] {logging_mixin.py:190} INFO - [2025-03-08T20:38:13.993+0000] {dag.py:3239} INFO - Sync 2 DAGs
[2025-03-08T20:38:14.007+0000] {logging_mixin.py:190} INFO - [2025-03-08T20:38:14.006+0000] {dag.py:4180} INFO - Setting next_dagrun for example_xcom_args to None, run_after=None
[2025-03-08T20:38:14.011+0000] {logging_mixin.py:190} INFO - [2025-03-08T20:38:14.010+0000] {dag.py:4180} INFO - Setting next_dagrun for example_xcom_args_with_operators to None, run_after=None
[2025-03-08T20:38:14.026+0000] {processor.py:208} INFO - Processing /home/airflow/.local/lib/python3.12/site-packages/airflow/example_dags/example_xcomargs.py took 0.070 seconds
[2025-03-08T20:38:44.679+0000] {processor.py:186} INFO - Started process (PID=849) to work on /home/airflow/.local/lib/python3.12/site-packages/airflow/example_dags/example_xcomargs.py
[2025-03-08T20:38:44.679+0000] {processor.py:914} INFO - Processing file /home/airflow/.local/lib/python3.12/site-packages/airflow/example_dags/example_xcomargs.py for tasks to queue
[2025-03-08T20:38:44.682+0000] {logging_mixin.py:190} INFO - [2025-03-08T20:38:44.681+0000] {dagbag.py:588} INFO - Filling up the DagBag from /home/airflow/.local/lib/python3.12/site-packages/airflow/example_dags/example_xcomargs.py
[2025-03-08T20:38:44.690+0000] {processor.py:925} INFO - DAG(s) 'example_xcom_args_with_operators', 'example_xcom_args' retrieved from /home/airflow/.local/lib/python3.12/site-packages/airflow/example_dags/example_xcomargs.py
[2025-03-08T20:38:44.712+0000] {logging_mixin.py:190} INFO - [2025-03-08T20:38:44.711+0000] {dag.py:3239} INFO - Sync 2 DAGs
[2025-03-08T20:38:44.725+0000] {logging_mixin.py:190} INFO - [2025-03-08T20:38:44.725+0000] {dag.py:4180} INFO - Setting next_dagrun for example_xcom_args to None, run_after=None
[2025-03-08T20:38:44.729+0000] {logging_mixin.py:190} INFO - [2025-03-08T20:38:44.729+0000] {dag.py:4180} INFO - Setting next_dagrun for example_xcom_args_with_operators to None, run_after=None
[2025-03-08T20:38:44.744+0000] {processor.py:208} INFO - Processing /home/airflow/.local/lib/python3.12/site-packages/airflow/example_dags/example_xcomargs.py took 0.070 seconds
[2025-03-08T20:39:16.083+0000] {processor.py:186} INFO - Started process (PID=912) to work on /home/airflow/.local/lib/python3.12/site-packages/airflow/example_dags/example_xcomargs.py
[2025-03-08T20:39:16.084+0000] {processor.py:914} INFO - Processing file /home/airflow/.local/lib/python3.12/site-packages/airflow/example_dags/example_xcomargs.py for tasks to queue
[2025-03-08T20:39:16.086+0000] {logging_mixin.py:190} INFO - [2025-03-08T20:39:16.086+0000] {dagbag.py:588} INFO - Filling up the DagBag from /home/airflow/.local/lib/python3.12/site-packages/airflow/example_dags/example_xcomargs.py
[2025-03-08T20:39:16.094+0000] {processor.py:925} INFO - DAG(s) 'example_xcom_args_with_operators', 'example_xcom_args' retrieved from /home/airflow/.local/lib/python3.12/site-packages/airflow/example_dags/example_xcomargs.py
[2025-03-08T20:39:16.115+0000] {logging_mixin.py:190} INFO - [2025-03-08T20:39:16.114+0000] {dag.py:3239} INFO - Sync 2 DAGs
[2025-03-08T20:39:16.127+0000] {logging_mixin.py:190} INFO - [2025-03-08T20:39:16.127+0000] {dag.py:4180} INFO - Setting next_dagrun for example_xcom_args to None, run_after=None
[2025-03-08T20:39:16.131+0000] {logging_mixin.py:190} INFO - [2025-03-08T20:39:16.130+0000] {dag.py:4180} INFO - Setting next_dagrun for example_xcom_args_with_operators to None, run_after=None
[2025-03-08T20:39:16.145+0000] {processor.py:208} INFO - Processing /home/airflow/.local/lib/python3.12/site-packages/airflow/example_dags/example_xcomargs.py took 0.066 seconds
[2025-03-08T20:39:47.358+0000] {processor.py:186} INFO - Started process (PID=975) to work on /home/airflow/.local/lib/python3.12/site-packages/airflow/example_dags/example_xcomargs.py
[2025-03-08T20:39:47.358+0000] {processor.py:914} INFO - Processing file /home/airflow/.local/lib/python3.12/site-packages/airflow/example_dags/example_xcomargs.py for tasks to queue
[2025-03-08T20:39:47.360+0000] {logging_mixin.py:190} INFO - [2025-03-08T20:39:47.360+0000] {dagbag.py:588} INFO - Filling up the DagBag from /home/airflow/.local/lib/python3.12/site-packages/airflow/example_dags/example_xcomargs.py
[2025-03-08T20:39:47.369+0000] {processor.py:925} INFO - DAG(s) 'example_xcom_args_with_operators', 'example_xcom_args' retrieved from /home/airflow/.local/lib/python3.12/site-packages/airflow/example_dags/example_xcomargs.py
[2025-03-08T20:39:47.388+0000] {logging_mixin.py:190} INFO - [2025-03-08T20:39:47.388+0000] {dag.py:3239} INFO - Sync 2 DAGs
[2025-03-08T20:39:47.399+0000] {logging_mixin.py:190} INFO - [2025-03-08T20:39:47.399+0000] {dag.py:4180} INFO - Setting next_dagrun for example_xcom_args to None, run_after=None
[2025-03-08T20:39:47.403+0000] {logging_mixin.py:190} INFO - [2025-03-08T20:39:47.403+0000] {dag.py:4180} INFO - Setting next_dagrun for example_xcom_args_with_operators to None, run_after=None
[2025-03-08T20:39:47.416+0000] {processor.py:208} INFO - Processing /home/airflow/.local/lib/python3.12/site-packages/airflow/example_dags/example_xcomargs.py took 0.064 seconds
[2025-03-08T20:40:17.940+0000] {processor.py:186} INFO - Started process (PID=1038) to work on /home/airflow/.local/lib/python3.12/site-packages/airflow/example_dags/example_xcomargs.py
[2025-03-08T20:40:17.941+0000] {processor.py:914} INFO - Processing file /home/airflow/.local/lib/python3.12/site-packages/airflow/example_dags/example_xcomargs.py for tasks to queue
[2025-03-08T20:40:17.943+0000] {logging_mixin.py:190} INFO - [2025-03-08T20:40:17.942+0000] {dagbag.py:588} INFO - Filling up the DagBag from /home/airflow/.local/lib/python3.12/site-packages/airflow/example_dags/example_xcomargs.py
[2025-03-08T20:40:17.951+0000] {processor.py:925} INFO - DAG(s) 'example_xcom_args', 'example_xcom_args_with_operators' retrieved from /home/airflow/.local/lib/python3.12/site-packages/airflow/example_dags/example_xcomargs.py
[2025-03-08T20:40:17.971+0000] {logging_mixin.py:190} INFO - [2025-03-08T20:40:17.971+0000] {dag.py:3239} INFO - Sync 2 DAGs
[2025-03-08T20:40:17.984+0000] {logging_mixin.py:190} INFO - [2025-03-08T20:40:17.984+0000] {dag.py:4180} INFO - Setting next_dagrun for example_xcom_args to None, run_after=None
[2025-03-08T20:40:17.987+0000] {logging_mixin.py:190} INFO - [2025-03-08T20:40:17.987+0000] {dag.py:4180} INFO - Setting next_dagrun for example_xcom_args_with_operators to None, run_after=None
[2025-03-08T20:40:18.001+0000] {processor.py:208} INFO - Processing /home/airflow/.local/lib/python3.12/site-packages/airflow/example_dags/example_xcomargs.py took 0.066 seconds
[2025-03-08T20:40:49.367+0000] {processor.py:186} INFO - Started process (PID=1101) to work on /home/airflow/.local/lib/python3.12/site-packages/airflow/example_dags/example_xcomargs.py
[2025-03-08T20:40:49.367+0000] {processor.py:914} INFO - Processing file /home/airflow/.local/lib/python3.12/site-packages/airflow/example_dags/example_xcomargs.py for tasks to queue
[2025-03-08T20:40:49.369+0000] {logging_mixin.py:190} INFO - [2025-03-08T20:40:49.369+0000] {dagbag.py:588} INFO - Filling up the DagBag from /home/airflow/.local/lib/python3.12/site-packages/airflow/example_dags/example_xcomargs.py
[2025-03-08T20:40:49.378+0000] {processor.py:925} INFO - DAG(s) 'example_xcom_args_with_operators', 'example_xcom_args' retrieved from /home/airflow/.local/lib/python3.12/site-packages/airflow/example_dags/example_xcomargs.py
[2025-03-08T20:40:49.398+0000] {logging_mixin.py:190} INFO - [2025-03-08T20:40:49.398+0000] {dag.py:3239} INFO - Sync 2 DAGs
[2025-03-08T20:40:49.411+0000] {logging_mixin.py:190} INFO - [2025-03-08T20:40:49.411+0000] {dag.py:4180} INFO - Setting next_dagrun for example_xcom_args to None, run_after=None
[2025-03-08T20:40:49.415+0000] {logging_mixin.py:190} INFO - [2025-03-08T20:40:49.414+0000] {dag.py:4180} INFO - Setting next_dagrun for example_xcom_args_with_operators to None, run_after=None
[2025-03-08T20:40:49.429+0000] {processor.py:208} INFO - Processing /home/airflow/.local/lib/python3.12/site-packages/airflow/example_dags/example_xcomargs.py took 0.067 seconds
[2025-03-08T20:41:21.006+0000] {processor.py:186} INFO - Started process (PID=1164) to work on /home/airflow/.local/lib/python3.12/site-packages/airflow/example_dags/example_xcomargs.py
[2025-03-08T20:41:21.007+0000] {processor.py:914} INFO - Processing file /home/airflow/.local/lib/python3.12/site-packages/airflow/example_dags/example_xcomargs.py for tasks to queue
[2025-03-08T20:41:21.009+0000] {logging_mixin.py:190} INFO - [2025-03-08T20:41:21.009+0000] {dagbag.py:588} INFO - Filling up the DagBag from /home/airflow/.local/lib/python3.12/site-packages/airflow/example_dags/example_xcomargs.py
[2025-03-08T20:41:21.018+0000] {processor.py:925} INFO - DAG(s) 'example_xcom_args', 'example_xcom_args_with_operators' retrieved from /home/airflow/.local/lib/python3.12/site-packages/airflow/example_dags/example_xcomargs.py
[2025-03-08T20:41:21.037+0000] {logging_mixin.py:190} INFO - [2025-03-08T20:41:21.037+0000] {dag.py:3239} INFO - Sync 2 DAGs
[2025-03-08T20:41:21.049+0000] {logging_mixin.py:190} INFO - [2025-03-08T20:41:21.049+0000] {dag.py:4180} INFO - Setting next_dagrun for example_xcom_args to None, run_after=None
[2025-03-08T20:41:21.052+0000] {logging_mixin.py:190} INFO - [2025-03-08T20:41:21.052+0000] {dag.py:4180} INFO - Setting next_dagrun for example_xcom_args_with_operators to None, run_after=None
[2025-03-08T20:41:21.067+0000] {processor.py:208} INFO - Processing /home/airflow/.local/lib/python3.12/site-packages/airflow/example_dags/example_xcomargs.py took 0.069 seconds
[2025-03-08T20:41:52.121+0000] {processor.py:186} INFO - Started process (PID=1227) to work on /home/airflow/.local/lib/python3.12/site-packages/airflow/example_dags/example_xcomargs.py
[2025-03-08T20:41:52.122+0000] {processor.py:914} INFO - Processing file /home/airflow/.local/lib/python3.12/site-packages/airflow/example_dags/example_xcomargs.py for tasks to queue
[2025-03-08T20:41:52.124+0000] {logging_mixin.py:190} INFO - [2025-03-08T20:41:52.124+0000] {dagbag.py:588} INFO - Filling up the DagBag from /home/airflow/.local/lib/python3.12/site-packages/airflow/example_dags/example_xcomargs.py
[2025-03-08T20:41:52.132+0000] {processor.py:925} INFO - DAG(s) 'example_xcom_args_with_operators', 'example_xcom_args' retrieved from /home/airflow/.local/lib/python3.12/site-packages/airflow/example_dags/example_xcomargs.py
[2025-03-08T20:41:52.151+0000] {logging_mixin.py:190} INFO - [2025-03-08T20:41:52.151+0000] {dag.py:3239} INFO - Sync 2 DAGs
[2025-03-08T20:41:52.164+0000] {logging_mixin.py:190} INFO - [2025-03-08T20:41:52.163+0000] {dag.py:4180} INFO - Setting next_dagrun for example_xcom_args to None, run_after=None
[2025-03-08T20:41:52.167+0000] {logging_mixin.py:190} INFO - [2025-03-08T20:41:52.167+0000] {dag.py:4180} INFO - Setting next_dagrun for example_xcom_args_with_operators to None, run_after=None
[2025-03-08T20:41:52.180+0000] {processor.py:208} INFO - Processing /home/airflow/.local/lib/python3.12/site-packages/airflow/example_dags/example_xcomargs.py took 0.065 seconds
[2025-03-08T20:42:22.874+0000] {processor.py:186} INFO - Started process (PID=1290) to work on /home/airflow/.local/lib/python3.12/site-packages/airflow/example_dags/example_xcomargs.py
[2025-03-08T20:42:22.874+0000] {processor.py:914} INFO - Processing file /home/airflow/.local/lib/python3.12/site-packages/airflow/example_dags/example_xcomargs.py for tasks to queue
[2025-03-08T20:42:22.876+0000] {logging_mixin.py:190} INFO - [2025-03-08T20:42:22.876+0000] {dagbag.py:588} INFO - Filling up the DagBag from /home/airflow/.local/lib/python3.12/site-packages/airflow/example_dags/example_xcomargs.py
[2025-03-08T20:42:22.885+0000] {processor.py:925} INFO - DAG(s) 'example_xcom_args', 'example_xcom_args_with_operators' retrieved from /home/airflow/.local/lib/python3.12/site-packages/airflow/example_dags/example_xcomargs.py
[2025-03-08T20:42:22.904+0000] {logging_mixin.py:190} INFO - [2025-03-08T20:42:22.904+0000] {dag.py:3239} INFO - Sync 2 DAGs
[2025-03-08T20:42:22.916+0000] {logging_mixin.py:190} INFO - [2025-03-08T20:42:22.916+0000] {dag.py:4180} INFO - Setting next_dagrun for example_xcom_args to None, run_after=None
[2025-03-08T20:42:22.920+0000] {logging_mixin.py:190} INFO - [2025-03-08T20:42:22.920+0000] {dag.py:4180} INFO - Setting next_dagrun for example_xcom_args_with_operators to None, run_after=None
[2025-03-08T20:42:22.934+0000] {processor.py:208} INFO - Processing /home/airflow/.local/lib/python3.12/site-packages/airflow/example_dags/example_xcomargs.py took 0.066 seconds
[2025-03-08T20:42:53.367+0000] {processor.py:186} INFO - Started process (PID=1353) to work on /home/airflow/.local/lib/python3.12/site-packages/airflow/example_dags/example_xcomargs.py
[2025-03-08T20:42:53.367+0000] {processor.py:914} INFO - Processing file /home/airflow/.local/lib/python3.12/site-packages/airflow/example_dags/example_xcomargs.py for tasks to queue
[2025-03-08T20:42:53.369+0000] {logging_mixin.py:190} INFO - [2025-03-08T20:42:53.369+0000] {dagbag.py:588} INFO - Filling up the DagBag from /home/airflow/.local/lib/python3.12/site-packages/airflow/example_dags/example_xcomargs.py
[2025-03-08T20:42:53.377+0000] {processor.py:925} INFO - DAG(s) 'example_xcom_args', 'example_xcom_args_with_operators' retrieved from /home/airflow/.local/lib/python3.12/site-packages/airflow/example_dags/example_xcomargs.py
[2025-03-08T20:42:53.397+0000] {logging_mixin.py:190} INFO - [2025-03-08T20:42:53.396+0000] {dag.py:3239} INFO - Sync 2 DAGs
[2025-03-08T20:42:53.409+0000] {logging_mixin.py:190} INFO - [2025-03-08T20:42:53.408+0000] {dag.py:4180} INFO - Setting next_dagrun for example_xcom_args to None, run_after=None
[2025-03-08T20:42:53.412+0000] {logging_mixin.py:190} INFO - [2025-03-08T20:42:53.412+0000] {dag.py:4180} INFO - Setting next_dagrun for example_xcom_args_with_operators to None, run_after=None
[2025-03-08T20:42:53.426+0000] {processor.py:208} INFO - Processing /home/airflow/.local/lib/python3.12/site-packages/airflow/example_dags/example_xcomargs.py took 0.064 seconds
[2025-03-08T20:43:24.048+0000] {processor.py:186} INFO - Started process (PID=1416) to work on /home/airflow/.local/lib/python3.12/site-packages/airflow/example_dags/example_xcomargs.py
[2025-03-08T20:43:24.049+0000] {processor.py:914} INFO - Processing file /home/airflow/.local/lib/python3.12/site-packages/airflow/example_dags/example_xcomargs.py for tasks to queue
[2025-03-08T20:43:24.051+0000] {logging_mixin.py:190} INFO - [2025-03-08T20:43:24.051+0000] {dagbag.py:588} INFO - Filling up the DagBag from /home/airflow/.local/lib/python3.12/site-packages/airflow/example_dags/example_xcomargs.py
[2025-03-08T20:43:24.060+0000] {processor.py:925} INFO - DAG(s) 'example_xcom_args_with_operators', 'example_xcom_args' retrieved from /home/airflow/.local/lib/python3.12/site-packages/airflow/example_dags/example_xcomargs.py
[2025-03-08T20:43:24.080+0000] {logging_mixin.py:190} INFO - [2025-03-08T20:43:24.080+0000] {dag.py:3239} INFO - Sync 2 DAGs
[2025-03-08T20:43:24.093+0000] {logging_mixin.py:190} INFO - [2025-03-08T20:43:24.092+0000] {dag.py:4180} INFO - Setting next_dagrun for example_xcom_args to None, run_after=None
[2025-03-08T20:43:24.096+0000] {logging_mixin.py:190} INFO - [2025-03-08T20:43:24.096+0000] {dag.py:4180} INFO - Setting next_dagrun for example_xcom_args_with_operators to None, run_after=None
[2025-03-08T20:43:24.110+0000] {processor.py:208} INFO - Processing /home/airflow/.local/lib/python3.12/site-packages/airflow/example_dags/example_xcomargs.py took 0.067 seconds
[2025-03-08T20:43:55.542+0000] {processor.py:186} INFO - Started process (PID=1479) to work on /home/airflow/.local/lib/python3.12/site-packages/airflow/example_dags/example_xcomargs.py
[2025-03-08T20:43:55.543+0000] {processor.py:914} INFO - Processing file /home/airflow/.local/lib/python3.12/site-packages/airflow/example_dags/example_xcomargs.py for tasks to queue
[2025-03-08T20:43:55.545+0000] {logging_mixin.py:190} INFO - [2025-03-08T20:43:55.545+0000] {dagbag.py:588} INFO - Filling up the DagBag from /home/airflow/.local/lib/python3.12/site-packages/airflow/example_dags/example_xcomargs.py
[2025-03-08T20:43:55.554+0000] {processor.py:925} INFO - DAG(s) 'example_xcom_args_with_operators', 'example_xcom_args' retrieved from /home/airflow/.local/lib/python3.12/site-packages/airflow/example_dags/example_xcomargs.py
[2025-03-08T20:43:55.574+0000] {logging_mixin.py:190} INFO - [2025-03-08T20:43:55.574+0000] {dag.py:3239} INFO - Sync 2 DAGs
[2025-03-08T20:43:55.586+0000] {logging_mixin.py:190} INFO - [2025-03-08T20:43:55.586+0000] {dag.py:4180} INFO - Setting next_dagrun for example_xcom_args to None, run_after=None
[2025-03-08T20:43:55.590+0000] {logging_mixin.py:190} INFO - [2025-03-08T20:43:55.590+0000] {dag.py:4180} INFO - Setting next_dagrun for example_xcom_args_with_operators to None, run_after=None
[2025-03-08T20:43:55.605+0000] {processor.py:208} INFO - Processing /home/airflow/.local/lib/python3.12/site-packages/airflow/example_dags/example_xcomargs.py took 0.069 seconds
[2025-03-08T20:44:26.283+0000] {processor.py:186} INFO - Started process (PID=1542) to work on /home/airflow/.local/lib/python3.12/site-packages/airflow/example_dags/example_xcomargs.py
[2025-03-08T20:44:26.284+0000] {processor.py:914} INFO - Processing file /home/airflow/.local/lib/python3.12/site-packages/airflow/example_dags/example_xcomargs.py for tasks to queue
[2025-03-08T20:44:26.286+0000] {logging_mixin.py:190} INFO - [2025-03-08T20:44:26.286+0000] {dagbag.py:588} INFO - Filling up the DagBag from /home/airflow/.local/lib/python3.12/site-packages/airflow/example_dags/example_xcomargs.py
[2025-03-08T20:44:26.295+0000] {processor.py:925} INFO - DAG(s) 'example_xcom_args_with_operators', 'example_xcom_args' retrieved from /home/airflow/.local/lib/python3.12/site-packages/airflow/example_dags/example_xcomargs.py
[2025-03-08T20:44:26.314+0000] {logging_mixin.py:190} INFO - [2025-03-08T20:44:26.313+0000] {dag.py:3239} INFO - Sync 2 DAGs
[2025-03-08T20:44:26.327+0000] {logging_mixin.py:190} INFO - [2025-03-08T20:44:26.326+0000] {dag.py:4180} INFO - Setting next_dagrun for example_xcom_args to None, run_after=None
[2025-03-08T20:44:26.330+0000] {logging_mixin.py:190} INFO - [2025-03-08T20:44:26.330+0000] {dag.py:4180} INFO - Setting next_dagrun for example_xcom_args_with_operators to None, run_after=None
[2025-03-08T20:44:26.346+0000] {processor.py:208} INFO - Processing /home/airflow/.local/lib/python3.12/site-packages/airflow/example_dags/example_xcomargs.py took 0.068 seconds
[2025-03-08T20:44:56.937+0000] {processor.py:186} INFO - Started process (PID=1605) to work on /home/airflow/.local/lib/python3.12/site-packages/airflow/example_dags/example_xcomargs.py
[2025-03-08T20:44:56.938+0000] {processor.py:914} INFO - Processing file /home/airflow/.local/lib/python3.12/site-packages/airflow/example_dags/example_xcomargs.py for tasks to queue
[2025-03-08T20:44:56.940+0000] {logging_mixin.py:190} INFO - [2025-03-08T20:44:56.940+0000] {dagbag.py:588} INFO - Filling up the DagBag from /home/airflow/.local/lib/python3.12/site-packages/airflow/example_dags/example_xcomargs.py
[2025-03-08T20:44:56.948+0000] {processor.py:925} INFO - DAG(s) 'example_xcom_args', 'example_xcom_args_with_operators' retrieved from /home/airflow/.local/lib/python3.12/site-packages/airflow/example_dags/example_xcomargs.py
[2025-03-08T20:44:56.968+0000] {logging_mixin.py:190} INFO - [2025-03-08T20:44:56.967+0000] {dag.py:3239} INFO - Sync 2 DAGs
[2025-03-08T20:44:56.981+0000] {logging_mixin.py:190} INFO - [2025-03-08T20:44:56.981+0000] {dag.py:4180} INFO - Setting next_dagrun for example_xcom_args to None, run_after=None
[2025-03-08T20:44:56.985+0000] {logging_mixin.py:190} INFO - [2025-03-08T20:44:56.985+0000] {dag.py:4180} INFO - Setting next_dagrun for example_xcom_args_with_operators to None, run_after=None
[2025-03-08T20:44:56.999+0000] {processor.py:208} INFO - Processing /home/airflow/.local/lib/python3.12/site-packages/airflow/example_dags/example_xcomargs.py took 0.067 seconds
[2025-03-08T20:45:28.302+0000] {processor.py:186} INFO - Started process (PID=1668) to work on /home/airflow/.local/lib/python3.12/site-packages/airflow/example_dags/example_xcomargs.py
[2025-03-08T20:45:28.303+0000] {processor.py:914} INFO - Processing file /home/airflow/.local/lib/python3.12/site-packages/airflow/example_dags/example_xcomargs.py for tasks to queue
[2025-03-08T20:45:28.305+0000] {logging_mixin.py:190} INFO - [2025-03-08T20:45:28.305+0000] {dagbag.py:588} INFO - Filling up the DagBag from /home/airflow/.local/lib/python3.12/site-packages/airflow/example_dags/example_xcomargs.py
[2025-03-08T20:45:28.313+0000] {processor.py:925} INFO - DAG(s) 'example_xcom_args', 'example_xcom_args_with_operators' retrieved from /home/airflow/.local/lib/python3.12/site-packages/airflow/example_dags/example_xcomargs.py
[2025-03-08T20:45:28.333+0000] {logging_mixin.py:190} INFO - [2025-03-08T20:45:28.333+0000] {dag.py:3239} INFO - Sync 2 DAGs
[2025-03-08T20:45:28.345+0000] {logging_mixin.py:190} INFO - [2025-03-08T20:45:28.344+0000] {dag.py:4180} INFO - Setting next_dagrun for example_xcom_args to None, run_after=None
[2025-03-08T20:45:28.348+0000] {logging_mixin.py:190} INFO - [2025-03-08T20:45:28.348+0000] {dag.py:4180} INFO - Setting next_dagrun for example_xcom_args_with_operators to None, run_after=None
[2025-03-08T20:45:28.362+0000] {processor.py:208} INFO - Processing /home/airflow/.local/lib/python3.12/site-packages/airflow/example_dags/example_xcomargs.py took 0.064 seconds
[2025-03-08T20:45:59.852+0000] {processor.py:186} INFO - Started process (PID=1731) to work on /home/airflow/.local/lib/python3.12/site-packages/airflow/example_dags/example_xcomargs.py
[2025-03-08T20:45:59.852+0000] {processor.py:914} INFO - Processing file /home/airflow/.local/lib/python3.12/site-packages/airflow/example_dags/example_xcomargs.py for tasks to queue
[2025-03-08T20:45:59.854+0000] {logging_mixin.py:190} INFO - [2025-03-08T20:45:59.854+0000] {dagbag.py:588} INFO - Filling up the DagBag from /home/airflow/.local/lib/python3.12/site-packages/airflow/example_dags/example_xcomargs.py
[2025-03-08T20:45:59.863+0000] {processor.py:925} INFO - DAG(s) 'example_xcom_args', 'example_xcom_args_with_operators' retrieved from /home/airflow/.local/lib/python3.12/site-packages/airflow/example_dags/example_xcomargs.py
[2025-03-08T20:45:59.883+0000] {logging_mixin.py:190} INFO - [2025-03-08T20:45:59.883+0000] {dag.py:3239} INFO - Sync 2 DAGs
[2025-03-08T20:45:59.896+0000] {logging_mixin.py:190} INFO - [2025-03-08T20:45:59.895+0000] {dag.py:4180} INFO - Setting next_dagrun for example_xcom_args to None, run_after=None
[2025-03-08T20:45:59.900+0000] {logging_mixin.py:190} INFO - [2025-03-08T20:45:59.900+0000] {dag.py:4180} INFO - Setting next_dagrun for example_xcom_args_with_operators to None, run_after=None
[2025-03-08T20:45:59.914+0000] {processor.py:208} INFO - Processing /home/airflow/.local/lib/python3.12/site-packages/airflow/example_dags/example_xcomargs.py took 0.068 seconds
[2025-03-08T20:46:31.400+0000] {processor.py:186} INFO - Started process (PID=1800) to work on /home/airflow/.local/lib/python3.12/site-packages/airflow/example_dags/example_xcomargs.py
[2025-03-08T20:46:31.401+0000] {processor.py:914} INFO - Processing file /home/airflow/.local/lib/python3.12/site-packages/airflow/example_dags/example_xcomargs.py for tasks to queue
[2025-03-08T20:46:31.403+0000] {logging_mixin.py:190} INFO - [2025-03-08T20:46:31.402+0000] {dagbag.py:588} INFO - Filling up the DagBag from /home/airflow/.local/lib/python3.12/site-packages/airflow/example_dags/example_xcomargs.py
[2025-03-08T20:46:31.412+0000] {processor.py:925} INFO - DAG(s) 'example_xcom_args', 'example_xcom_args_with_operators' retrieved from /home/airflow/.local/lib/python3.12/site-packages/airflow/example_dags/example_xcomargs.py
[2025-03-08T20:46:31.432+0000] {logging_mixin.py:190} INFO - [2025-03-08T20:46:31.432+0000] {dag.py:3239} INFO - Sync 2 DAGs
[2025-03-08T20:46:31.445+0000] {logging_mixin.py:190} INFO - [2025-03-08T20:46:31.445+0000] {dag.py:4180} INFO - Setting next_dagrun for example_xcom_args to None, run_after=None
[2025-03-08T20:46:31.449+0000] {logging_mixin.py:190} INFO - [2025-03-08T20:46:31.448+0000] {dag.py:4180} INFO - Setting next_dagrun for example_xcom_args_with_operators to None, run_after=None
[2025-03-08T20:46:31.464+0000] {processor.py:208} INFO - Processing /home/airflow/.local/lib/python3.12/site-packages/airflow/example_dags/example_xcomargs.py took 0.070 seconds
[2025-03-08T20:47:01.979+0000] {processor.py:186} INFO - Started process (PID=1863) to work on /home/airflow/.local/lib/python3.12/site-packages/airflow/example_dags/example_xcomargs.py
[2025-03-08T20:47:01.980+0000] {processor.py:914} INFO - Processing file /home/airflow/.local/lib/python3.12/site-packages/airflow/example_dags/example_xcomargs.py for tasks to queue
[2025-03-08T20:47:01.982+0000] {logging_mixin.py:190} INFO - [2025-03-08T20:47:01.982+0000] {dagbag.py:588} INFO - Filling up the DagBag from /home/airflow/.local/lib/python3.12/site-packages/airflow/example_dags/example_xcomargs.py
[2025-03-08T20:47:01.991+0000] {processor.py:925} INFO - DAG(s) 'example_xcom_args_with_operators', 'example_xcom_args' retrieved from /home/airflow/.local/lib/python3.12/site-packages/airflow/example_dags/example_xcomargs.py
[2025-03-08T20:47:02.012+0000] {logging_mixin.py:190} INFO - [2025-03-08T20:47:02.012+0000] {dag.py:3239} INFO - Sync 2 DAGs
[2025-03-08T20:47:02.026+0000] {logging_mixin.py:190} INFO - [2025-03-08T20:47:02.026+0000] {dag.py:4180} INFO - Setting next_dagrun for example_xcom_args to None, run_after=None
[2025-03-08T20:47:02.030+0000] {logging_mixin.py:190} INFO - [2025-03-08T20:47:02.030+0000] {dag.py:4180} INFO - Setting next_dagrun for example_xcom_args_with_operators to None, run_after=None
[2025-03-08T20:47:02.044+0000] {processor.py:208} INFO - Processing /home/airflow/.local/lib/python3.12/site-packages/airflow/example_dags/example_xcomargs.py took 0.071 seconds
[2025-03-08T20:47:33.441+0000] {processor.py:186} INFO - Started process (PID=1926) to work on /home/airflow/.local/lib/python3.12/site-packages/airflow/example_dags/example_xcomargs.py
[2025-03-08T20:47:33.442+0000] {processor.py:914} INFO - Processing file /home/airflow/.local/lib/python3.12/site-packages/airflow/example_dags/example_xcomargs.py for tasks to queue
[2025-03-08T20:47:33.444+0000] {logging_mixin.py:190} INFO - [2025-03-08T20:47:33.444+0000] {dagbag.py:588} INFO - Filling up the DagBag from /home/airflow/.local/lib/python3.12/site-packages/airflow/example_dags/example_xcomargs.py
[2025-03-08T20:47:33.453+0000] {processor.py:925} INFO - DAG(s) 'example_xcom_args_with_operators', 'example_xcom_args' retrieved from /home/airflow/.local/lib/python3.12/site-packages/airflow/example_dags/example_xcomargs.py
[2025-03-08T20:47:33.473+0000] {logging_mixin.py:190} INFO - [2025-03-08T20:47:33.473+0000] {dag.py:3239} INFO - Sync 2 DAGs
[2025-03-08T20:47:33.487+0000] {logging_mixin.py:190} INFO - [2025-03-08T20:47:33.487+0000] {dag.py:4180} INFO - Setting next_dagrun for example_xcom_args to None, run_after=None
[2025-03-08T20:47:33.490+0000] {logging_mixin.py:190} INFO - [2025-03-08T20:47:33.490+0000] {dag.py:4180} INFO - Setting next_dagrun for example_xcom_args_with_operators to None, run_after=None
[2025-03-08T20:47:33.506+0000] {processor.py:208} INFO - Processing /home/airflow/.local/lib/python3.12/site-packages/airflow/example_dags/example_xcomargs.py took 0.069 seconds
[2025-03-08T20:48:04.741+0000] {processor.py:186} INFO - Started process (PID=1989) to work on /home/airflow/.local/lib/python3.12/site-packages/airflow/example_dags/example_xcomargs.py
[2025-03-08T20:48:04.742+0000] {processor.py:914} INFO - Processing file /home/airflow/.local/lib/python3.12/site-packages/airflow/example_dags/example_xcomargs.py for tasks to queue
[2025-03-08T20:48:04.744+0000] {logging_mixin.py:190} INFO - [2025-03-08T20:48:04.744+0000] {dagbag.py:588} INFO - Filling up the DagBag from /home/airflow/.local/lib/python3.12/site-packages/airflow/example_dags/example_xcomargs.py
[2025-03-08T20:48:04.753+0000] {processor.py:925} INFO - DAG(s) 'example_xcom_args_with_operators', 'example_xcom_args' retrieved from /home/airflow/.local/lib/python3.12/site-packages/airflow/example_dags/example_xcomargs.py
[2025-03-08T20:48:04.772+0000] {logging_mixin.py:190} INFO - [2025-03-08T20:48:04.772+0000] {dag.py:3239} INFO - Sync 2 DAGs
[2025-03-08T20:48:04.784+0000] {logging_mixin.py:190} INFO - [2025-03-08T20:48:04.784+0000] {dag.py:4180} INFO - Setting next_dagrun for example_xcom_args to None, run_after=None
[2025-03-08T20:48:04.788+0000] {logging_mixin.py:190} INFO - [2025-03-08T20:48:04.788+0000] {dag.py:4180} INFO - Setting next_dagrun for example_xcom_args_with_operators to None, run_after=None
[2025-03-08T20:48:04.803+0000] {processor.py:208} INFO - Processing /home/airflow/.local/lib/python3.12/site-packages/airflow/example_dags/example_xcomargs.py took 0.067 seconds
[2025-03-08T20:48:35.269+0000] {processor.py:186} INFO - Started process (PID=2052) to work on /home/airflow/.local/lib/python3.12/site-packages/airflow/example_dags/example_xcomargs.py
[2025-03-08T20:48:35.269+0000] {processor.py:914} INFO - Processing file /home/airflow/.local/lib/python3.12/site-packages/airflow/example_dags/example_xcomargs.py for tasks to queue
[2025-03-08T20:48:35.271+0000] {logging_mixin.py:190} INFO - [2025-03-08T20:48:35.271+0000] {dagbag.py:588} INFO - Filling up the DagBag from /home/airflow/.local/lib/python3.12/site-packages/airflow/example_dags/example_xcomargs.py
[2025-03-08T20:48:35.281+0000] {processor.py:925} INFO - DAG(s) 'example_xcom_args_with_operators', 'example_xcom_args' retrieved from /home/airflow/.local/lib/python3.12/site-packages/airflow/example_dags/example_xcomargs.py
[2025-03-08T20:48:35.301+0000] {logging_mixin.py:190} INFO - [2025-03-08T20:48:35.300+0000] {dag.py:3239} INFO - Sync 2 DAGs
[2025-03-08T20:48:35.314+0000] {logging_mixin.py:190} INFO - [2025-03-08T20:48:35.313+0000] {dag.py:4180} INFO - Setting next_dagrun for example_xcom_args to None, run_after=None
[2025-03-08T20:48:35.318+0000] {logging_mixin.py:190} INFO - [2025-03-08T20:48:35.317+0000] {dag.py:4180} INFO - Setting next_dagrun for example_xcom_args_with_operators to None, run_after=None
[2025-03-08T20:48:35.334+0000] {processor.py:208} INFO - Processing /home/airflow/.local/lib/python3.12/site-packages/airflow/example_dags/example_xcomargs.py took 0.070 seconds
[2025-03-08T20:49:06.629+0000] {processor.py:186} INFO - Started process (PID=2115) to work on /home/airflow/.local/lib/python3.12/site-packages/airflow/example_dags/example_xcomargs.py
[2025-03-08T20:49:06.629+0000] {processor.py:914} INFO - Processing file /home/airflow/.local/lib/python3.12/site-packages/airflow/example_dags/example_xcomargs.py for tasks to queue
[2025-03-08T20:49:06.632+0000] {logging_mixin.py:190} INFO - [2025-03-08T20:49:06.631+0000] {dagbag.py:588} INFO - Filling up the DagBag from /home/airflow/.local/lib/python3.12/site-packages/airflow/example_dags/example_xcomargs.py
[2025-03-08T20:49:06.642+0000] {processor.py:925} INFO - DAG(s) 'example_xcom_args_with_operators', 'example_xcom_args' retrieved from /home/airflow/.local/lib/python3.12/site-packages/airflow/example_dags/example_xcomargs.py
[2025-03-08T20:49:06.669+0000] {logging_mixin.py:190} INFO - [2025-03-08T20:49:06.669+0000] {dag.py:3239} INFO - Sync 2 DAGs
[2025-03-08T20:49:06.683+0000] {logging_mixin.py:190} INFO - [2025-03-08T20:49:06.682+0000] {dag.py:4180} INFO - Setting next_dagrun for example_xcom_args to None, run_after=None
[2025-03-08T20:49:06.688+0000] {logging_mixin.py:190} INFO - [2025-03-08T20:49:06.688+0000] {dag.py:4180} INFO - Setting next_dagrun for example_xcom_args_with_operators to None, run_after=None
[2025-03-08T20:49:06.706+0000] {processor.py:208} INFO - Processing /home/airflow/.local/lib/python3.12/site-packages/airflow/example_dags/example_xcomargs.py took 0.083 seconds
[2025-03-08T20:49:38.092+0000] {processor.py:186} INFO - Started process (PID=2178) to work on /home/airflow/.local/lib/python3.12/site-packages/airflow/example_dags/example_xcomargs.py
[2025-03-08T20:49:38.093+0000] {processor.py:914} INFO - Processing file /home/airflow/.local/lib/python3.12/site-packages/airflow/example_dags/example_xcomargs.py for tasks to queue
[2025-03-08T20:49:38.095+0000] {logging_mixin.py:190} INFO - [2025-03-08T20:49:38.095+0000] {dagbag.py:588} INFO - Filling up the DagBag from /home/airflow/.local/lib/python3.12/site-packages/airflow/example_dags/example_xcomargs.py
[2025-03-08T20:49:38.104+0000] {processor.py:925} INFO - DAG(s) 'example_xcom_args', 'example_xcom_args_with_operators' retrieved from /home/airflow/.local/lib/python3.12/site-packages/airflow/example_dags/example_xcomargs.py
[2025-03-08T20:49:38.125+0000] {logging_mixin.py:190} INFO - [2025-03-08T20:49:38.125+0000] {dag.py:3239} INFO - Sync 2 DAGs
[2025-03-08T20:49:38.137+0000] {logging_mixin.py:190} INFO - [2025-03-08T20:49:38.137+0000] {dag.py:4180} INFO - Setting next_dagrun for example_xcom_args to None, run_after=None
[2025-03-08T20:49:38.141+0000] {logging_mixin.py:190} INFO - [2025-03-08T20:49:38.141+0000] {dag.py:4180} INFO - Setting next_dagrun for example_xcom_args_with_operators to None, run_after=None
[2025-03-08T20:49:38.156+0000] {processor.py:208} INFO - Processing /home/airflow/.local/lib/python3.12/site-packages/airflow/example_dags/example_xcomargs.py took 0.070 seconds
[2025-03-08T20:50:08.882+0000] {processor.py:186} INFO - Started process (PID=2241) to work on /home/airflow/.local/lib/python3.12/site-packages/airflow/example_dags/example_xcomargs.py
[2025-03-08T20:50:08.883+0000] {processor.py:914} INFO - Processing file /home/airflow/.local/lib/python3.12/site-packages/airflow/example_dags/example_xcomargs.py for tasks to queue
[2025-03-08T20:50:08.885+0000] {logging_mixin.py:190} INFO - [2025-03-08T20:50:08.885+0000] {dagbag.py:588} INFO - Filling up the DagBag from /home/airflow/.local/lib/python3.12/site-packages/airflow/example_dags/example_xcomargs.py
[2025-03-08T20:50:08.895+0000] {processor.py:925} INFO - DAG(s) 'example_xcom_args_with_operators', 'example_xcom_args' retrieved from /home/airflow/.local/lib/python3.12/site-packages/airflow/example_dags/example_xcomargs.py
[2025-03-08T20:50:08.920+0000] {logging_mixin.py:190} INFO - [2025-03-08T20:50:08.920+0000] {dag.py:3239} INFO - Sync 2 DAGs
[2025-03-08T20:50:08.935+0000] {logging_mixin.py:190} INFO - [2025-03-08T20:50:08.934+0000] {dag.py:4180} INFO - Setting next_dagrun for example_xcom_args to None, run_after=None
[2025-03-08T20:50:08.939+0000] {logging_mixin.py:190} INFO - [2025-03-08T20:50:08.939+0000] {dag.py:4180} INFO - Setting next_dagrun for example_xcom_args_with_operators to None, run_after=None
[2025-03-08T20:50:08.968+0000] {processor.py:208} INFO - Processing /home/airflow/.local/lib/python3.12/site-packages/airflow/example_dags/example_xcomargs.py took 0.092 seconds
