[2025-03-08T20:32:30.811+0000] {processor.py:186} INFO - Started process (PID=77) to work on /home/airflow/.local/lib/python3.12/site-packages/airflow/example_dags/example_outlet_event_extra.py
[2025-03-08T20:32:30.812+0000] {processor.py:914} INFO - Processing file /home/airflow/.local/lib/python3.12/site-packages/airflow/example_dags/example_outlet_event_extra.py for tasks to queue
[2025-03-08T20:32:30.814+0000] {logging_mixin.py:190} INFO - [2025-03-08T20:32:30.814+0000] {dagbag.py:588} INFO - Filling up the DagBag from /home/airflow/.local/lib/python3.12/site-packages/airflow/example_dags/example_outlet_event_extra.py
[2025-03-08T20:32:32.272+0000] {processor.py:925} INFO - DAG(s) 'dataset_with_extra_from_classic_operator', 'dataset_with_extra_by_context', 'dataset_with_extra_by_yield' retrieved from /home/airflow/.local/lib/python3.12/site-packages/airflow/example_dags/example_outlet_event_extra.py
[2025-03-08T20:32:32.358+0000] {logging_mixin.py:190} INFO - [2025-03-08T20:32:32.358+0000] {override.py:1912} INFO - Created Permission View: can edit on DAG:dataset_with_extra_from_classic_operator
[2025-03-08T20:32:32.368+0000] {logging_mixin.py:190} INFO - [2025-03-08T20:32:32.368+0000] {override.py:1912} INFO - Created Permission View: can read on DAG:dataset_with_extra_from_classic_operator
[2025-03-08T20:32:32.374+0000] {logging_mixin.py:190} INFO - [2025-03-08T20:32:32.374+0000] {override.py:1912} INFO - Created Permission View: can delete on DAG:dataset_with_extra_from_classic_operator
[2025-03-08T20:32:32.380+0000] {logging_mixin.py:190} INFO - [2025-03-08T20:32:32.380+0000] {override.py:1912} INFO - Created Permission View: can read on DAG Run:dataset_with_extra_from_classic_operator
[2025-03-08T20:32:32.385+0000] {logging_mixin.py:190} INFO - [2025-03-08T20:32:32.385+0000] {override.py:1912} INFO - Created Permission View: menu access on DAG Run:dataset_with_extra_from_classic_operator
[2025-03-08T20:32:32.390+0000] {logging_mixin.py:190} INFO - [2025-03-08T20:32:32.390+0000] {override.py:1912} INFO - Created Permission View: can create on DAG Run:dataset_with_extra_from_classic_operator
[2025-03-08T20:32:32.396+0000] {logging_mixin.py:190} INFO - [2025-03-08T20:32:32.395+0000] {override.py:1912} INFO - Created Permission View: can delete on DAG Run:dataset_with_extra_from_classic_operator
[2025-03-08T20:32:32.406+0000] {logging_mixin.py:190} INFO - [2025-03-08T20:32:32.406+0000] {override.py:1912} INFO - Created Permission View: can edit on DAG:dataset_with_extra_by_context
[2025-03-08T20:32:32.412+0000] {logging_mixin.py:190} INFO - [2025-03-08T20:32:32.412+0000] {override.py:1912} INFO - Created Permission View: can read on DAG:dataset_with_extra_by_context
[2025-03-08T20:32:32.418+0000] {logging_mixin.py:190} INFO - [2025-03-08T20:32:32.418+0000] {override.py:1912} INFO - Created Permission View: can delete on DAG:dataset_with_extra_by_context
[2025-03-08T20:32:32.425+0000] {logging_mixin.py:190} INFO - [2025-03-08T20:32:32.425+0000] {override.py:1912} INFO - Created Permission View: can read on DAG Run:dataset_with_extra_by_context
[2025-03-08T20:32:32.431+0000] {logging_mixin.py:190} INFO - [2025-03-08T20:32:32.431+0000] {override.py:1912} INFO - Created Permission View: menu access on DAG Run:dataset_with_extra_by_context
[2025-03-08T20:32:32.437+0000] {logging_mixin.py:190} INFO - [2025-03-08T20:32:32.436+0000] {override.py:1912} INFO - Created Permission View: can create on DAG Run:dataset_with_extra_by_context
[2025-03-08T20:32:32.442+0000] {logging_mixin.py:190} INFO - [2025-03-08T20:32:32.442+0000] {override.py:1912} INFO - Created Permission View: can delete on DAG Run:dataset_with_extra_by_context
[2025-03-08T20:32:32.453+0000] {logging_mixin.py:190} INFO - [2025-03-08T20:32:32.452+0000] {override.py:1912} INFO - Created Permission View: can edit on DAG:dataset_with_extra_by_yield
[2025-03-08T20:32:32.458+0000] {logging_mixin.py:190} INFO - [2025-03-08T20:32:32.458+0000] {override.py:1912} INFO - Created Permission View: can read on DAG:dataset_with_extra_by_yield
[2025-03-08T20:32:32.466+0000] {logging_mixin.py:190} INFO - [2025-03-08T20:32:32.465+0000] {override.py:1912} INFO - Created Permission View: can delete on DAG:dataset_with_extra_by_yield
[2025-03-08T20:32:32.475+0000] {logging_mixin.py:190} INFO - [2025-03-08T20:32:32.475+0000] {override.py:1912} INFO - Created Permission View: can read on DAG Run:dataset_with_extra_by_yield
[2025-03-08T20:32:32.482+0000] {logging_mixin.py:190} INFO - [2025-03-08T20:32:32.482+0000] {override.py:1912} INFO - Created Permission View: menu access on DAG Run:dataset_with_extra_by_yield
[2025-03-08T20:32:32.488+0000] {logging_mixin.py:190} INFO - [2025-03-08T20:32:32.487+0000] {override.py:1912} INFO - Created Permission View: can create on DAG Run:dataset_with_extra_by_yield
[2025-03-08T20:32:32.494+0000] {logging_mixin.py:190} INFO - [2025-03-08T20:32:32.493+0000] {override.py:1912} INFO - Created Permission View: can delete on DAG Run:dataset_with_extra_by_yield
[2025-03-08T20:32:32.494+0000] {logging_mixin.py:190} INFO - [2025-03-08T20:32:32.494+0000] {dag.py:3239} INFO - Sync 3 DAGs
[2025-03-08T20:32:32.507+0000] {logging_mixin.py:190} INFO - [2025-03-08T20:32:32.506+0000] {dag.py:3262} INFO - Creating ORM DAG for dataset_with_extra_by_context
[2025-03-08T20:32:32.508+0000] {logging_mixin.py:190} INFO - [2025-03-08T20:32:32.508+0000] {dag.py:3262} INFO - Creating ORM DAG for dataset_with_extra_from_classic_operator
[2025-03-08T20:32:32.509+0000] {logging_mixin.py:190} INFO - [2025-03-08T20:32:32.508+0000] {dag.py:3262} INFO - Creating ORM DAG for dataset_with_extra_by_yield
[2025-03-08T20:32:32.519+0000] {logging_mixin.py:190} INFO - [2025-03-08T20:32:32.519+0000] {dag.py:4180} INFO - Setting next_dagrun for dataset_with_extra_by_context to 2025-03-07 00:00:00+00:00, run_after=2025-03-08 00:00:00+00:00
[2025-03-08T20:32:32.522+0000] {logging_mixin.py:190} INFO - [2025-03-08T20:32:32.521+0000] {dag.py:4180} INFO - Setting next_dagrun for dataset_with_extra_by_yield to 2025-03-07 00:00:00+00:00, run_after=2025-03-08 00:00:00+00:00
[2025-03-08T20:32:32.524+0000] {logging_mixin.py:190} INFO - [2025-03-08T20:32:32.524+0000] {dag.py:4180} INFO - Setting next_dagrun for dataset_with_extra_from_classic_operator to 2025-03-07 00:00:00+00:00, run_after=2025-03-08 00:00:00+00:00
[2025-03-08T20:32:32.547+0000] {processor.py:208} INFO - Processing /home/airflow/.local/lib/python3.12/site-packages/airflow/example_dags/example_outlet_event_extra.py took 1.741 seconds
[2025-03-08T20:33:02.747+0000] {processor.py:186} INFO - Started process (PID=140) to work on /home/airflow/.local/lib/python3.12/site-packages/airflow/example_dags/example_outlet_event_extra.py
[2025-03-08T20:33:02.748+0000] {processor.py:914} INFO - Processing file /home/airflow/.local/lib/python3.12/site-packages/airflow/example_dags/example_outlet_event_extra.py for tasks to queue
[2025-03-08T20:33:02.752+0000] {logging_mixin.py:190} INFO - [2025-03-08T20:33:02.751+0000] {dagbag.py:588} INFO - Filling up the DagBag from /home/airflow/.local/lib/python3.12/site-packages/airflow/example_dags/example_outlet_event_extra.py
[2025-03-08T20:33:03.269+0000] {processor.py:925} INFO - DAG(s) 'dataset_with_extra_from_classic_operator', 'dataset_with_extra_by_context', 'dataset_with_extra_by_yield' retrieved from /home/airflow/.local/lib/python3.12/site-packages/airflow/example_dags/example_outlet_event_extra.py
[2025-03-08T20:33:03.290+0000] {logging_mixin.py:190} INFO - [2025-03-08T20:33:03.290+0000] {dag.py:3239} INFO - Sync 3 DAGs
[2025-03-08T20:33:03.309+0000] {logging_mixin.py:190} INFO - [2025-03-08T20:33:03.309+0000] {dag.py:4180} INFO - Setting next_dagrun for dataset_with_extra_by_context to 2025-03-07 00:00:00+00:00, run_after=2025-03-08 00:00:00+00:00
[2025-03-08T20:33:03.313+0000] {logging_mixin.py:190} INFO - [2025-03-08T20:33:03.313+0000] {dag.py:4180} INFO - Setting next_dagrun for dataset_with_extra_by_yield to 2025-03-07 00:00:00+00:00, run_after=2025-03-08 00:00:00+00:00
[2025-03-08T20:33:03.316+0000] {logging_mixin.py:190} INFO - [2025-03-08T20:33:03.316+0000] {dag.py:4180} INFO - Setting next_dagrun for dataset_with_extra_from_classic_operator to 2025-03-07 00:00:00+00:00, run_after=2025-03-08 00:00:00+00:00
[2025-03-08T20:33:03.334+0000] {processor.py:208} INFO - Processing /home/airflow/.local/lib/python3.12/site-packages/airflow/example_dags/example_outlet_event_extra.py took 0.593 seconds
[2025-03-08T20:33:33.379+0000] {processor.py:186} INFO - Started process (PID=203) to work on /home/airflow/.local/lib/python3.12/site-packages/airflow/example_dags/example_outlet_event_extra.py
[2025-03-08T20:33:33.380+0000] {processor.py:914} INFO - Processing file /home/airflow/.local/lib/python3.12/site-packages/airflow/example_dags/example_outlet_event_extra.py for tasks to queue
[2025-03-08T20:33:33.383+0000] {logging_mixin.py:190} INFO - [2025-03-08T20:33:33.383+0000] {dagbag.py:588} INFO - Filling up the DagBag from /home/airflow/.local/lib/python3.12/site-packages/airflow/example_dags/example_outlet_event_extra.py
[2025-03-08T20:33:33.967+0000] {processor.py:925} INFO - DAG(s) 'dataset_with_extra_by_context', 'dataset_with_extra_by_yield', 'dataset_with_extra_from_classic_operator' retrieved from /home/airflow/.local/lib/python3.12/site-packages/airflow/example_dags/example_outlet_event_extra.py
[2025-03-08T20:33:33.994+0000] {logging_mixin.py:190} INFO - [2025-03-08T20:33:33.994+0000] {dag.py:3239} INFO - Sync 3 DAGs
[2025-03-08T20:33:34.024+0000] {logging_mixin.py:190} INFO - [2025-03-08T20:33:34.023+0000] {dag.py:4180} INFO - Setting next_dagrun for dataset_with_extra_by_context to 2025-03-07 00:00:00+00:00, run_after=2025-03-08 00:00:00+00:00
[2025-03-08T20:33:34.029+0000] {logging_mixin.py:190} INFO - [2025-03-08T20:33:34.029+0000] {dag.py:4180} INFO - Setting next_dagrun for dataset_with_extra_by_yield to 2025-03-07 00:00:00+00:00, run_after=2025-03-08 00:00:00+00:00
[2025-03-08T20:33:34.032+0000] {logging_mixin.py:190} INFO - [2025-03-08T20:33:34.031+0000] {dag.py:4180} INFO - Setting next_dagrun for dataset_with_extra_from_classic_operator to 2025-03-07 00:00:00+00:00, run_after=2025-03-08 00:00:00+00:00
[2025-03-08T20:33:34.051+0000] {processor.py:208} INFO - Processing /home/airflow/.local/lib/python3.12/site-packages/airflow/example_dags/example_outlet_event_extra.py took 0.677 seconds
[2025-03-08T20:34:04.241+0000] {processor.py:186} INFO - Started process (PID=266) to work on /home/airflow/.local/lib/python3.12/site-packages/airflow/example_dags/example_outlet_event_extra.py
[2025-03-08T20:34:04.242+0000] {processor.py:914} INFO - Processing file /home/airflow/.local/lib/python3.12/site-packages/airflow/example_dags/example_outlet_event_extra.py for tasks to queue
[2025-03-08T20:34:04.244+0000] {logging_mixin.py:190} INFO - [2025-03-08T20:34:04.243+0000] {dagbag.py:588} INFO - Filling up the DagBag from /home/airflow/.local/lib/python3.12/site-packages/airflow/example_dags/example_outlet_event_extra.py
[2025-03-08T20:34:04.797+0000] {processor.py:925} INFO - DAG(s) 'dataset_with_extra_by_yield', 'dataset_with_extra_from_classic_operator', 'dataset_with_extra_by_context' retrieved from /home/airflow/.local/lib/python3.12/site-packages/airflow/example_dags/example_outlet_event_extra.py
[2025-03-08T20:34:04.822+0000] {logging_mixin.py:190} INFO - [2025-03-08T20:34:04.822+0000] {dag.py:3239} INFO - Sync 3 DAGs
[2025-03-08T20:34:04.843+0000] {logging_mixin.py:190} INFO - [2025-03-08T20:34:04.843+0000] {dag.py:4180} INFO - Setting next_dagrun for dataset_with_extra_by_context to 2025-03-07 00:00:00+00:00, run_after=2025-03-08 00:00:00+00:00
[2025-03-08T20:34:04.848+0000] {logging_mixin.py:190} INFO - [2025-03-08T20:34:04.848+0000] {dag.py:4180} INFO - Setting next_dagrun for dataset_with_extra_by_yield to 2025-03-07 00:00:00+00:00, run_after=2025-03-08 00:00:00+00:00
[2025-03-08T20:34:04.852+0000] {logging_mixin.py:190} INFO - [2025-03-08T20:34:04.851+0000] {dag.py:4180} INFO - Setting next_dagrun for dataset_with_extra_from_classic_operator to 2025-03-07 00:00:00+00:00, run_after=2025-03-08 00:00:00+00:00
[2025-03-08T20:34:04.871+0000] {processor.py:208} INFO - Processing /home/airflow/.local/lib/python3.12/site-packages/airflow/example_dags/example_outlet_event_extra.py took 0.636 seconds
[2025-03-08T20:34:35.824+0000] {processor.py:186} INFO - Started process (PID=333) to work on /home/airflow/.local/lib/python3.12/site-packages/airflow/example_dags/example_outlet_event_extra.py
[2025-03-08T20:34:35.825+0000] {processor.py:914} INFO - Processing file /home/airflow/.local/lib/python3.12/site-packages/airflow/example_dags/example_outlet_event_extra.py for tasks to queue
[2025-03-08T20:34:35.828+0000] {logging_mixin.py:190} INFO - [2025-03-08T20:34:35.828+0000] {dagbag.py:588} INFO - Filling up the DagBag from /home/airflow/.local/lib/python3.12/site-packages/airflow/example_dags/example_outlet_event_extra.py
[2025-03-08T20:34:36.380+0000] {processor.py:925} INFO - DAG(s) 'dataset_with_extra_from_classic_operator', 'dataset_with_extra_by_yield', 'dataset_with_extra_by_context' retrieved from /home/airflow/.local/lib/python3.12/site-packages/airflow/example_dags/example_outlet_event_extra.py
[2025-03-08T20:34:36.406+0000] {logging_mixin.py:190} INFO - [2025-03-08T20:34:36.405+0000] {dag.py:3239} INFO - Sync 3 DAGs
[2025-03-08T20:34:36.424+0000] {logging_mixin.py:190} INFO - [2025-03-08T20:34:36.424+0000] {dag.py:4180} INFO - Setting next_dagrun for dataset_with_extra_by_context to 2025-03-07 00:00:00+00:00, run_after=2025-03-08 00:00:00+00:00
[2025-03-08T20:34:36.428+0000] {logging_mixin.py:190} INFO - [2025-03-08T20:34:36.428+0000] {dag.py:4180} INFO - Setting next_dagrun for dataset_with_extra_by_yield to 2025-03-07 00:00:00+00:00, run_after=2025-03-08 00:00:00+00:00
[2025-03-08T20:34:36.430+0000] {logging_mixin.py:190} INFO - [2025-03-08T20:34:36.430+0000] {dag.py:4180} INFO - Setting next_dagrun for dataset_with_extra_from_classic_operator to 2025-03-07 00:00:00+00:00, run_after=2025-03-08 00:00:00+00:00
[2025-03-08T20:34:36.448+0000] {processor.py:208} INFO - Processing /home/airflow/.local/lib/python3.12/site-packages/airflow/example_dags/example_outlet_event_extra.py took 0.631 seconds
[2025-03-08T20:35:06.531+0000] {processor.py:186} INFO - Started process (PID=396) to work on /home/airflow/.local/lib/python3.12/site-packages/airflow/example_dags/example_outlet_event_extra.py
[2025-03-08T20:35:06.532+0000] {processor.py:914} INFO - Processing file /home/airflow/.local/lib/python3.12/site-packages/airflow/example_dags/example_outlet_event_extra.py for tasks to queue
[2025-03-08T20:35:06.534+0000] {logging_mixin.py:190} INFO - [2025-03-08T20:35:06.534+0000] {dagbag.py:588} INFO - Filling up the DagBag from /home/airflow/.local/lib/python3.12/site-packages/airflow/example_dags/example_outlet_event_extra.py
[2025-03-08T20:35:06.975+0000] {processor.py:925} INFO - DAG(s) 'dataset_with_extra_by_context', 'dataset_with_extra_from_classic_operator', 'dataset_with_extra_by_yield' retrieved from /home/airflow/.local/lib/python3.12/site-packages/airflow/example_dags/example_outlet_event_extra.py
[2025-03-08T20:35:06.995+0000] {logging_mixin.py:190} INFO - [2025-03-08T20:35:06.995+0000] {dag.py:3239} INFO - Sync 3 DAGs
[2025-03-08T20:35:07.014+0000] {logging_mixin.py:190} INFO - [2025-03-08T20:35:07.014+0000] {dag.py:4180} INFO - Setting next_dagrun for dataset_with_extra_by_context to 2025-03-07 00:00:00+00:00, run_after=2025-03-08 00:00:00+00:00
[2025-03-08T20:35:07.019+0000] {logging_mixin.py:190} INFO - [2025-03-08T20:35:07.019+0000] {dag.py:4180} INFO - Setting next_dagrun for dataset_with_extra_by_yield to 2025-03-07 00:00:00+00:00, run_after=2025-03-08 00:00:00+00:00
[2025-03-08T20:35:07.022+0000] {logging_mixin.py:190} INFO - [2025-03-08T20:35:07.022+0000] {dag.py:4180} INFO - Setting next_dagrun for dataset_with_extra_from_classic_operator to 2025-03-07 00:00:00+00:00, run_after=2025-03-08 00:00:00+00:00
[2025-03-08T20:35:07.038+0000] {processor.py:208} INFO - Processing /home/airflow/.local/lib/python3.12/site-packages/airflow/example_dags/example_outlet_event_extra.py took 0.512 seconds
[2025-03-08T20:35:38.036+0000] {processor.py:186} INFO - Started process (PID=459) to work on /home/airflow/.local/lib/python3.12/site-packages/airflow/example_dags/example_outlet_event_extra.py
[2025-03-08T20:35:38.037+0000] {processor.py:914} INFO - Processing file /home/airflow/.local/lib/python3.12/site-packages/airflow/example_dags/example_outlet_event_extra.py for tasks to queue
[2025-03-08T20:35:38.039+0000] {logging_mixin.py:190} INFO - [2025-03-08T20:35:38.039+0000] {dagbag.py:588} INFO - Filling up the DagBag from /home/airflow/.local/lib/python3.12/site-packages/airflow/example_dags/example_outlet_event_extra.py
[2025-03-08T20:35:38.484+0000] {processor.py:925} INFO - DAG(s) 'dataset_with_extra_by_yield', 'dataset_with_extra_from_classic_operator', 'dataset_with_extra_by_context' retrieved from /home/airflow/.local/lib/python3.12/site-packages/airflow/example_dags/example_outlet_event_extra.py
[2025-03-08T20:35:38.504+0000] {logging_mixin.py:190} INFO - [2025-03-08T20:35:38.504+0000] {dag.py:3239} INFO - Sync 3 DAGs
[2025-03-08T20:35:38.526+0000] {logging_mixin.py:190} INFO - [2025-03-08T20:35:38.525+0000] {dag.py:4180} INFO - Setting next_dagrun for dataset_with_extra_by_context to 2025-03-07 00:00:00+00:00, run_after=2025-03-08 00:00:00+00:00
[2025-03-08T20:35:38.530+0000] {logging_mixin.py:190} INFO - [2025-03-08T20:35:38.530+0000] {dag.py:4180} INFO - Setting next_dagrun for dataset_with_extra_by_yield to 2025-03-07 00:00:00+00:00, run_after=2025-03-08 00:00:00+00:00
[2025-03-08T20:35:38.533+0000] {logging_mixin.py:190} INFO - [2025-03-08T20:35:38.533+0000] {dag.py:4180} INFO - Setting next_dagrun for dataset_with_extra_from_classic_operator to 2025-03-07 00:00:00+00:00, run_after=2025-03-08 00:00:00+00:00
[2025-03-08T20:35:38.552+0000] {processor.py:208} INFO - Processing /home/airflow/.local/lib/python3.12/site-packages/airflow/example_dags/example_outlet_event_extra.py took 0.520 seconds
[2025-03-08T20:36:08.717+0000] {processor.py:186} INFO - Started process (PID=522) to work on /home/airflow/.local/lib/python3.12/site-packages/airflow/example_dags/example_outlet_event_extra.py
[2025-03-08T20:36:08.717+0000] {processor.py:914} INFO - Processing file /home/airflow/.local/lib/python3.12/site-packages/airflow/example_dags/example_outlet_event_extra.py for tasks to queue
[2025-03-08T20:36:08.719+0000] {logging_mixin.py:190} INFO - [2025-03-08T20:36:08.719+0000] {dagbag.py:588} INFO - Filling up the DagBag from /home/airflow/.local/lib/python3.12/site-packages/airflow/example_dags/example_outlet_event_extra.py
[2025-03-08T20:36:09.163+0000] {processor.py:925} INFO - DAG(s) 'dataset_with_extra_by_yield', 'dataset_with_extra_by_context', 'dataset_with_extra_from_classic_operator' retrieved from /home/airflow/.local/lib/python3.12/site-packages/airflow/example_dags/example_outlet_event_extra.py
[2025-03-08T20:36:09.182+0000] {logging_mixin.py:190} INFO - [2025-03-08T20:36:09.182+0000] {dag.py:3239} INFO - Sync 3 DAGs
[2025-03-08T20:36:09.201+0000] {logging_mixin.py:190} INFO - [2025-03-08T20:36:09.200+0000] {dag.py:4180} INFO - Setting next_dagrun for dataset_with_extra_by_context to 2025-03-07 00:00:00+00:00, run_after=2025-03-08 00:00:00+00:00
[2025-03-08T20:36:09.205+0000] {logging_mixin.py:190} INFO - [2025-03-08T20:36:09.205+0000] {dag.py:4180} INFO - Setting next_dagrun for dataset_with_extra_by_yield to 2025-03-07 00:00:00+00:00, run_after=2025-03-08 00:00:00+00:00
[2025-03-08T20:36:09.207+0000] {logging_mixin.py:190} INFO - [2025-03-08T20:36:09.207+0000] {dag.py:4180} INFO - Setting next_dagrun for dataset_with_extra_from_classic_operator to 2025-03-07 00:00:00+00:00, run_after=2025-03-08 00:00:00+00:00
[2025-03-08T20:36:09.225+0000] {processor.py:208} INFO - Processing /home/airflow/.local/lib/python3.12/site-packages/airflow/example_dags/example_outlet_event_extra.py took 0.513 seconds
[2025-03-08T20:36:39.818+0000] {processor.py:186} INFO - Started process (PID=585) to work on /home/airflow/.local/lib/python3.12/site-packages/airflow/example_dags/example_outlet_event_extra.py
[2025-03-08T20:36:39.819+0000] {processor.py:914} INFO - Processing file /home/airflow/.local/lib/python3.12/site-packages/airflow/example_dags/example_outlet_event_extra.py for tasks to queue
[2025-03-08T20:36:39.822+0000] {logging_mixin.py:190} INFO - [2025-03-08T20:36:39.822+0000] {dagbag.py:588} INFO - Filling up the DagBag from /home/airflow/.local/lib/python3.12/site-packages/airflow/example_dags/example_outlet_event_extra.py
[2025-03-08T20:36:40.301+0000] {processor.py:925} INFO - DAG(s) 'dataset_with_extra_by_context', 'dataset_with_extra_from_classic_operator', 'dataset_with_extra_by_yield' retrieved from /home/airflow/.local/lib/python3.12/site-packages/airflow/example_dags/example_outlet_event_extra.py
[2025-03-08T20:36:40.320+0000] {logging_mixin.py:190} INFO - [2025-03-08T20:36:40.320+0000] {dag.py:3239} INFO - Sync 3 DAGs
[2025-03-08T20:36:40.341+0000] {logging_mixin.py:190} INFO - [2025-03-08T20:36:40.340+0000] {dag.py:4180} INFO - Setting next_dagrun for dataset_with_extra_by_context to 2025-03-07 00:00:00+00:00, run_after=2025-03-08 00:00:00+00:00
[2025-03-08T20:36:40.346+0000] {logging_mixin.py:190} INFO - [2025-03-08T20:36:40.345+0000] {dag.py:4180} INFO - Setting next_dagrun for dataset_with_extra_by_yield to 2025-03-07 00:00:00+00:00, run_after=2025-03-08 00:00:00+00:00
[2025-03-08T20:36:40.348+0000] {logging_mixin.py:190} INFO - [2025-03-08T20:36:40.348+0000] {dag.py:4180} INFO - Setting next_dagrun for dataset_with_extra_from_classic_operator to 2025-03-07 00:00:00+00:00, run_after=2025-03-08 00:00:00+00:00
[2025-03-08T20:36:40.366+0000] {processor.py:208} INFO - Processing /home/airflow/.local/lib/python3.12/site-packages/airflow/example_dags/example_outlet_event_extra.py took 0.554 seconds
[2025-03-08T20:37:10.759+0000] {processor.py:186} INFO - Started process (PID=648) to work on /home/airflow/.local/lib/python3.12/site-packages/airflow/example_dags/example_outlet_event_extra.py
[2025-03-08T20:37:10.760+0000] {processor.py:914} INFO - Processing file /home/airflow/.local/lib/python3.12/site-packages/airflow/example_dags/example_outlet_event_extra.py for tasks to queue
[2025-03-08T20:37:10.764+0000] {logging_mixin.py:190} INFO - [2025-03-08T20:37:10.763+0000] {dagbag.py:588} INFO - Filling up the DagBag from /home/airflow/.local/lib/python3.12/site-packages/airflow/example_dags/example_outlet_event_extra.py
[2025-03-08T20:37:11.384+0000] {processor.py:925} INFO - DAG(s) 'dataset_with_extra_by_context', 'dataset_with_extra_by_yield', 'dataset_with_extra_from_classic_operator' retrieved from /home/airflow/.local/lib/python3.12/site-packages/airflow/example_dags/example_outlet_event_extra.py
[2025-03-08T20:37:11.411+0000] {logging_mixin.py:190} INFO - [2025-03-08T20:37:11.411+0000] {dag.py:3239} INFO - Sync 3 DAGs
[2025-03-08T20:37:11.435+0000] {logging_mixin.py:190} INFO - [2025-03-08T20:37:11.435+0000] {dag.py:4180} INFO - Setting next_dagrun for dataset_with_extra_by_context to 2025-03-07 00:00:00+00:00, run_after=2025-03-08 00:00:00+00:00
[2025-03-08T20:37:11.441+0000] {logging_mixin.py:190} INFO - [2025-03-08T20:37:11.441+0000] {dag.py:4180} INFO - Setting next_dagrun for dataset_with_extra_by_yield to 2025-03-07 00:00:00+00:00, run_after=2025-03-08 00:00:00+00:00
[2025-03-08T20:37:11.444+0000] {logging_mixin.py:190} INFO - [2025-03-08T20:37:11.444+0000] {dag.py:4180} INFO - Setting next_dagrun for dataset_with_extra_from_classic_operator to 2025-03-07 00:00:00+00:00, run_after=2025-03-08 00:00:00+00:00
[2025-03-08T20:37:11.466+0000] {processor.py:208} INFO - Processing /home/airflow/.local/lib/python3.12/site-packages/airflow/example_dags/example_outlet_event_extra.py took 0.715 seconds
[2025-03-08T20:37:41.555+0000] {processor.py:186} INFO - Started process (PID=711) to work on /home/airflow/.local/lib/python3.12/site-packages/airflow/example_dags/example_outlet_event_extra.py
[2025-03-08T20:37:41.555+0000] {processor.py:914} INFO - Processing file /home/airflow/.local/lib/python3.12/site-packages/airflow/example_dags/example_outlet_event_extra.py for tasks to queue
[2025-03-08T20:37:41.558+0000] {logging_mixin.py:190} INFO - [2025-03-08T20:37:41.557+0000] {dagbag.py:588} INFO - Filling up the DagBag from /home/airflow/.local/lib/python3.12/site-packages/airflow/example_dags/example_outlet_event_extra.py
[2025-03-08T20:37:42.117+0000] {processor.py:925} INFO - DAG(s) 'dataset_with_extra_from_classic_operator', 'dataset_with_extra_by_context', 'dataset_with_extra_by_yield' retrieved from /home/airflow/.local/lib/python3.12/site-packages/airflow/example_dags/example_outlet_event_extra.py
[2025-03-08T20:37:42.144+0000] {logging_mixin.py:190} INFO - [2025-03-08T20:37:42.143+0000] {dag.py:3239} INFO - Sync 3 DAGs
[2025-03-08T20:37:42.170+0000] {logging_mixin.py:190} INFO - [2025-03-08T20:37:42.169+0000] {dag.py:4180} INFO - Setting next_dagrun for dataset_with_extra_by_context to 2025-03-07 00:00:00+00:00, run_after=2025-03-08 00:00:00+00:00
[2025-03-08T20:37:42.176+0000] {logging_mixin.py:190} INFO - [2025-03-08T20:37:42.176+0000] {dag.py:4180} INFO - Setting next_dagrun for dataset_with_extra_by_yield to 2025-03-07 00:00:00+00:00, run_after=2025-03-08 00:00:00+00:00
[2025-03-08T20:37:42.178+0000] {logging_mixin.py:190} INFO - [2025-03-08T20:37:42.178+0000] {dag.py:4180} INFO - Setting next_dagrun for dataset_with_extra_from_classic_operator to 2025-03-07 00:00:00+00:00, run_after=2025-03-08 00:00:00+00:00
[2025-03-08T20:37:42.203+0000] {processor.py:208} INFO - Processing /home/airflow/.local/lib/python3.12/site-packages/airflow/example_dags/example_outlet_event_extra.py took 0.654 seconds
[2025-03-08T20:38:12.778+0000] {processor.py:186} INFO - Started process (PID=774) to work on /home/airflow/.local/lib/python3.12/site-packages/airflow/example_dags/example_outlet_event_extra.py
[2025-03-08T20:38:12.779+0000] {processor.py:914} INFO - Processing file /home/airflow/.local/lib/python3.12/site-packages/airflow/example_dags/example_outlet_event_extra.py for tasks to queue
[2025-03-08T20:38:12.781+0000] {logging_mixin.py:190} INFO - [2025-03-08T20:38:12.780+0000] {dagbag.py:588} INFO - Filling up the DagBag from /home/airflow/.local/lib/python3.12/site-packages/airflow/example_dags/example_outlet_event_extra.py
[2025-03-08T20:38:13.279+0000] {processor.py:925} INFO - DAG(s) 'dataset_with_extra_by_yield', 'dataset_with_extra_from_classic_operator', 'dataset_with_extra_by_context' retrieved from /home/airflow/.local/lib/python3.12/site-packages/airflow/example_dags/example_outlet_event_extra.py
[2025-03-08T20:38:13.304+0000] {logging_mixin.py:190} INFO - [2025-03-08T20:38:13.304+0000] {dag.py:3239} INFO - Sync 3 DAGs
[2025-03-08T20:38:13.328+0000] {logging_mixin.py:190} INFO - [2025-03-08T20:38:13.327+0000] {dag.py:4180} INFO - Setting next_dagrun for dataset_with_extra_by_context to 2025-03-07 00:00:00+00:00, run_after=2025-03-08 00:00:00+00:00
[2025-03-08T20:38:13.334+0000] {logging_mixin.py:190} INFO - [2025-03-08T20:38:13.334+0000] {dag.py:4180} INFO - Setting next_dagrun for dataset_with_extra_by_yield to 2025-03-07 00:00:00+00:00, run_after=2025-03-08 00:00:00+00:00
[2025-03-08T20:38:13.338+0000] {logging_mixin.py:190} INFO - [2025-03-08T20:38:13.337+0000] {dag.py:4180} INFO - Setting next_dagrun for dataset_with_extra_from_classic_operator to 2025-03-07 00:00:00+00:00, run_after=2025-03-08 00:00:00+00:00
[2025-03-08T20:38:13.359+0000] {processor.py:208} INFO - Processing /home/airflow/.local/lib/python3.12/site-packages/airflow/example_dags/example_outlet_event_extra.py took 0.586 seconds
[2025-03-08T20:38:43.517+0000] {processor.py:186} INFO - Started process (PID=837) to work on /home/airflow/.local/lib/python3.12/site-packages/airflow/example_dags/example_outlet_event_extra.py
[2025-03-08T20:38:43.517+0000] {processor.py:914} INFO - Processing file /home/airflow/.local/lib/python3.12/site-packages/airflow/example_dags/example_outlet_event_extra.py for tasks to queue
[2025-03-08T20:38:43.519+0000] {logging_mixin.py:190} INFO - [2025-03-08T20:38:43.519+0000] {dagbag.py:588} INFO - Filling up the DagBag from /home/airflow/.local/lib/python3.12/site-packages/airflow/example_dags/example_outlet_event_extra.py
[2025-03-08T20:38:44.038+0000] {processor.py:925} INFO - DAG(s) 'dataset_with_extra_from_classic_operator', 'dataset_with_extra_by_context', 'dataset_with_extra_by_yield' retrieved from /home/airflow/.local/lib/python3.12/site-packages/airflow/example_dags/example_outlet_event_extra.py
[2025-03-08T20:38:44.059+0000] {logging_mixin.py:190} INFO - [2025-03-08T20:38:44.059+0000] {dag.py:3239} INFO - Sync 3 DAGs
[2025-03-08T20:38:44.080+0000] {logging_mixin.py:190} INFO - [2025-03-08T20:38:44.080+0000] {dag.py:4180} INFO - Setting next_dagrun for dataset_with_extra_by_context to 2025-03-07 00:00:00+00:00, run_after=2025-03-08 00:00:00+00:00
[2025-03-08T20:38:44.084+0000] {logging_mixin.py:190} INFO - [2025-03-08T20:38:44.084+0000] {dag.py:4180} INFO - Setting next_dagrun for dataset_with_extra_by_yield to 2025-03-07 00:00:00+00:00, run_after=2025-03-08 00:00:00+00:00
[2025-03-08T20:38:44.087+0000] {logging_mixin.py:190} INFO - [2025-03-08T20:38:44.087+0000] {dag.py:4180} INFO - Setting next_dagrun for dataset_with_extra_from_classic_operator to 2025-03-07 00:00:00+00:00, run_after=2025-03-08 00:00:00+00:00
[2025-03-08T20:38:44.108+0000] {processor.py:208} INFO - Processing /home/airflow/.local/lib/python3.12/site-packages/airflow/example_dags/example_outlet_event_extra.py took 0.597 seconds
[2025-03-08T20:39:14.860+0000] {processor.py:186} INFO - Started process (PID=900) to work on /home/airflow/.local/lib/python3.12/site-packages/airflow/example_dags/example_outlet_event_extra.py
[2025-03-08T20:39:14.861+0000] {processor.py:914} INFO - Processing file /home/airflow/.local/lib/python3.12/site-packages/airflow/example_dags/example_outlet_event_extra.py for tasks to queue
[2025-03-08T20:39:14.863+0000] {logging_mixin.py:190} INFO - [2025-03-08T20:39:14.862+0000] {dagbag.py:588} INFO - Filling up the DagBag from /home/airflow/.local/lib/python3.12/site-packages/airflow/example_dags/example_outlet_event_extra.py
[2025-03-08T20:39:15.339+0000] {processor.py:925} INFO - DAG(s) 'dataset_with_extra_by_yield', 'dataset_with_extra_by_context', 'dataset_with_extra_from_classic_operator' retrieved from /home/airflow/.local/lib/python3.12/site-packages/airflow/example_dags/example_outlet_event_extra.py
[2025-03-08T20:39:15.362+0000] {logging_mixin.py:190} INFO - [2025-03-08T20:39:15.361+0000] {dag.py:3239} INFO - Sync 3 DAGs
[2025-03-08T20:39:15.382+0000] {logging_mixin.py:190} INFO - [2025-03-08T20:39:15.381+0000] {dag.py:4180} INFO - Setting next_dagrun for dataset_with_extra_by_context to 2025-03-07 00:00:00+00:00, run_after=2025-03-08 00:00:00+00:00
[2025-03-08T20:39:15.386+0000] {logging_mixin.py:190} INFO - [2025-03-08T20:39:15.386+0000] {dag.py:4180} INFO - Setting next_dagrun for dataset_with_extra_by_yield to 2025-03-07 00:00:00+00:00, run_after=2025-03-08 00:00:00+00:00
[2025-03-08T20:39:15.389+0000] {logging_mixin.py:190} INFO - [2025-03-08T20:39:15.388+0000] {dag.py:4180} INFO - Setting next_dagrun for dataset_with_extra_from_classic_operator to 2025-03-07 00:00:00+00:00, run_after=2025-03-08 00:00:00+00:00
[2025-03-08T20:39:15.408+0000] {processor.py:208} INFO - Processing /home/airflow/.local/lib/python3.12/site-packages/airflow/example_dags/example_outlet_event_extra.py took 0.553 seconds
[2025-03-08T20:39:46.078+0000] {processor.py:186} INFO - Started process (PID=963) to work on /home/airflow/.local/lib/python3.12/site-packages/airflow/example_dags/example_outlet_event_extra.py
[2025-03-08T20:39:46.079+0000] {processor.py:914} INFO - Processing file /home/airflow/.local/lib/python3.12/site-packages/airflow/example_dags/example_outlet_event_extra.py for tasks to queue
[2025-03-08T20:39:46.081+0000] {logging_mixin.py:190} INFO - [2025-03-08T20:39:46.081+0000] {dagbag.py:588} INFO - Filling up the DagBag from /home/airflow/.local/lib/python3.12/site-packages/airflow/example_dags/example_outlet_event_extra.py
[2025-03-08T20:39:46.573+0000] {processor.py:925} INFO - DAG(s) 'dataset_with_extra_by_yield', 'dataset_with_extra_from_classic_operator', 'dataset_with_extra_by_context' retrieved from /home/airflow/.local/lib/python3.12/site-packages/airflow/example_dags/example_outlet_event_extra.py
[2025-03-08T20:39:46.594+0000] {logging_mixin.py:190} INFO - [2025-03-08T20:39:46.593+0000] {dag.py:3239} INFO - Sync 3 DAGs
[2025-03-08T20:39:46.614+0000] {logging_mixin.py:190} INFO - [2025-03-08T20:39:46.614+0000] {dag.py:4180} INFO - Setting next_dagrun for dataset_with_extra_by_context to 2025-03-07 00:00:00+00:00, run_after=2025-03-08 00:00:00+00:00
[2025-03-08T20:39:46.619+0000] {logging_mixin.py:190} INFO - [2025-03-08T20:39:46.619+0000] {dag.py:4180} INFO - Setting next_dagrun for dataset_with_extra_by_yield to 2025-03-07 00:00:00+00:00, run_after=2025-03-08 00:00:00+00:00
[2025-03-08T20:39:46.622+0000] {logging_mixin.py:190} INFO - [2025-03-08T20:39:46.622+0000] {dag.py:4180} INFO - Setting next_dagrun for dataset_with_extra_from_classic_operator to 2025-03-07 00:00:00+00:00, run_after=2025-03-08 00:00:00+00:00
[2025-03-08T20:39:46.639+0000] {processor.py:208} INFO - Processing /home/airflow/.local/lib/python3.12/site-packages/airflow/example_dags/example_outlet_event_extra.py took 0.566 seconds
[2025-03-08T20:40:16.768+0000] {processor.py:186} INFO - Started process (PID=1026) to work on /home/airflow/.local/lib/python3.12/site-packages/airflow/example_dags/example_outlet_event_extra.py
[2025-03-08T20:40:16.769+0000] {processor.py:914} INFO - Processing file /home/airflow/.local/lib/python3.12/site-packages/airflow/example_dags/example_outlet_event_extra.py for tasks to queue
[2025-03-08T20:40:16.771+0000] {logging_mixin.py:190} INFO - [2025-03-08T20:40:16.771+0000] {dagbag.py:588} INFO - Filling up the DagBag from /home/airflow/.local/lib/python3.12/site-packages/airflow/example_dags/example_outlet_event_extra.py
[2025-03-08T20:40:17.253+0000] {processor.py:925} INFO - DAG(s) 'dataset_with_extra_by_context', 'dataset_with_extra_by_yield', 'dataset_with_extra_from_classic_operator' retrieved from /home/airflow/.local/lib/python3.12/site-packages/airflow/example_dags/example_outlet_event_extra.py
[2025-03-08T20:40:17.273+0000] {logging_mixin.py:190} INFO - [2025-03-08T20:40:17.273+0000] {dag.py:3239} INFO - Sync 3 DAGs
[2025-03-08T20:40:17.294+0000] {logging_mixin.py:190} INFO - [2025-03-08T20:40:17.294+0000] {dag.py:4180} INFO - Setting next_dagrun for dataset_with_extra_by_context to 2025-03-07 00:00:00+00:00, run_after=2025-03-08 00:00:00+00:00
[2025-03-08T20:40:17.299+0000] {logging_mixin.py:190} INFO - [2025-03-08T20:40:17.299+0000] {dag.py:4180} INFO - Setting next_dagrun for dataset_with_extra_by_yield to 2025-03-07 00:00:00+00:00, run_after=2025-03-08 00:00:00+00:00
[2025-03-08T20:40:17.301+0000] {logging_mixin.py:190} INFO - [2025-03-08T20:40:17.301+0000] {dag.py:4180} INFO - Setting next_dagrun for dataset_with_extra_from_classic_operator to 2025-03-07 00:00:00+00:00, run_after=2025-03-08 00:00:00+00:00
[2025-03-08T20:40:17.319+0000] {processor.py:208} INFO - Processing /home/airflow/.local/lib/python3.12/site-packages/airflow/example_dags/example_outlet_event_extra.py took 0.556 seconds
[2025-03-08T20:40:48.293+0000] {processor.py:186} INFO - Started process (PID=1089) to work on /home/airflow/.local/lib/python3.12/site-packages/airflow/example_dags/example_outlet_event_extra.py
[2025-03-08T20:40:48.294+0000] {processor.py:914} INFO - Processing file /home/airflow/.local/lib/python3.12/site-packages/airflow/example_dags/example_outlet_event_extra.py for tasks to queue
[2025-03-08T20:40:48.296+0000] {logging_mixin.py:190} INFO - [2025-03-08T20:40:48.296+0000] {dagbag.py:588} INFO - Filling up the DagBag from /home/airflow/.local/lib/python3.12/site-packages/airflow/example_dags/example_outlet_event_extra.py
[2025-03-08T20:40:48.771+0000] {processor.py:925} INFO - DAG(s) 'dataset_with_extra_from_classic_operator', 'dataset_with_extra_by_context', 'dataset_with_extra_by_yield' retrieved from /home/airflow/.local/lib/python3.12/site-packages/airflow/example_dags/example_outlet_event_extra.py
[2025-03-08T20:40:48.791+0000] {logging_mixin.py:190} INFO - [2025-03-08T20:40:48.791+0000] {dag.py:3239} INFO - Sync 3 DAGs
[2025-03-08T20:40:48.810+0000] {logging_mixin.py:190} INFO - [2025-03-08T20:40:48.810+0000] {dag.py:4180} INFO - Setting next_dagrun for dataset_with_extra_by_context to 2025-03-07 00:00:00+00:00, run_after=2025-03-08 00:00:00+00:00
[2025-03-08T20:40:48.815+0000] {logging_mixin.py:190} INFO - [2025-03-08T20:40:48.815+0000] {dag.py:4180} INFO - Setting next_dagrun for dataset_with_extra_by_yield to 2025-03-07 00:00:00+00:00, run_after=2025-03-08 00:00:00+00:00
[2025-03-08T20:40:48.817+0000] {logging_mixin.py:190} INFO - [2025-03-08T20:40:48.817+0000] {dag.py:4180} INFO - Setting next_dagrun for dataset_with_extra_from_classic_operator to 2025-03-07 00:00:00+00:00, run_after=2025-03-08 00:00:00+00:00
[2025-03-08T20:40:48.840+0000] {processor.py:208} INFO - Processing /home/airflow/.local/lib/python3.12/site-packages/airflow/example_dags/example_outlet_event_extra.py took 0.553 seconds
[2025-03-08T20:41:19.844+0000] {processor.py:186} INFO - Started process (PID=1152) to work on /home/airflow/.local/lib/python3.12/site-packages/airflow/example_dags/example_outlet_event_extra.py
[2025-03-08T20:41:19.845+0000] {processor.py:914} INFO - Processing file /home/airflow/.local/lib/python3.12/site-packages/airflow/example_dags/example_outlet_event_extra.py for tasks to queue
[2025-03-08T20:41:19.847+0000] {logging_mixin.py:190} INFO - [2025-03-08T20:41:19.846+0000] {dagbag.py:588} INFO - Filling up the DagBag from /home/airflow/.local/lib/python3.12/site-packages/airflow/example_dags/example_outlet_event_extra.py
[2025-03-08T20:41:20.292+0000] {processor.py:925} INFO - DAG(s) 'dataset_with_extra_from_classic_operator', 'dataset_with_extra_by_context', 'dataset_with_extra_by_yield' retrieved from /home/airflow/.local/lib/python3.12/site-packages/airflow/example_dags/example_outlet_event_extra.py
[2025-03-08T20:41:20.314+0000] {logging_mixin.py:190} INFO - [2025-03-08T20:41:20.314+0000] {dag.py:3239} INFO - Sync 3 DAGs
[2025-03-08T20:41:20.333+0000] {logging_mixin.py:190} INFO - [2025-03-08T20:41:20.332+0000] {dag.py:4180} INFO - Setting next_dagrun for dataset_with_extra_by_context to 2025-03-07 00:00:00+00:00, run_after=2025-03-08 00:00:00+00:00
[2025-03-08T20:41:20.337+0000] {logging_mixin.py:190} INFO - [2025-03-08T20:41:20.337+0000] {dag.py:4180} INFO - Setting next_dagrun for dataset_with_extra_by_yield to 2025-03-07 00:00:00+00:00, run_after=2025-03-08 00:00:00+00:00
[2025-03-08T20:41:20.339+0000] {logging_mixin.py:190} INFO - [2025-03-08T20:41:20.339+0000] {dag.py:4180} INFO - Setting next_dagrun for dataset_with_extra_from_classic_operator to 2025-03-07 00:00:00+00:00, run_after=2025-03-08 00:00:00+00:00
[2025-03-08T20:41:20.356+0000] {processor.py:208} INFO - Processing /home/airflow/.local/lib/python3.12/site-packages/airflow/example_dags/example_outlet_event_extra.py took 0.518 seconds
[2025-03-08T20:41:50.965+0000] {processor.py:186} INFO - Started process (PID=1215) to work on /home/airflow/.local/lib/python3.12/site-packages/airflow/example_dags/example_outlet_event_extra.py
[2025-03-08T20:41:50.966+0000] {processor.py:914} INFO - Processing file /home/airflow/.local/lib/python3.12/site-packages/airflow/example_dags/example_outlet_event_extra.py for tasks to queue
[2025-03-08T20:41:50.969+0000] {logging_mixin.py:190} INFO - [2025-03-08T20:41:50.969+0000] {dagbag.py:588} INFO - Filling up the DagBag from /home/airflow/.local/lib/python3.12/site-packages/airflow/example_dags/example_outlet_event_extra.py
[2025-03-08T20:41:51.444+0000] {processor.py:925} INFO - DAG(s) 'dataset_with_extra_by_context', 'dataset_with_extra_from_classic_operator', 'dataset_with_extra_by_yield' retrieved from /home/airflow/.local/lib/python3.12/site-packages/airflow/example_dags/example_outlet_event_extra.py
[2025-03-08T20:41:51.467+0000] {logging_mixin.py:190} INFO - [2025-03-08T20:41:51.466+0000] {dag.py:3239} INFO - Sync 3 DAGs
[2025-03-08T20:41:51.486+0000] {logging_mixin.py:190} INFO - [2025-03-08T20:41:51.486+0000] {dag.py:4180} INFO - Setting next_dagrun for dataset_with_extra_by_context to 2025-03-07 00:00:00+00:00, run_after=2025-03-08 00:00:00+00:00
[2025-03-08T20:41:51.491+0000] {logging_mixin.py:190} INFO - [2025-03-08T20:41:51.491+0000] {dag.py:4180} INFO - Setting next_dagrun for dataset_with_extra_by_yield to 2025-03-07 00:00:00+00:00, run_after=2025-03-08 00:00:00+00:00
[2025-03-08T20:41:51.494+0000] {logging_mixin.py:190} INFO - [2025-03-08T20:41:51.494+0000] {dag.py:4180} INFO - Setting next_dagrun for dataset_with_extra_from_classic_operator to 2025-03-07 00:00:00+00:00, run_after=2025-03-08 00:00:00+00:00
[2025-03-08T20:41:51.511+0000] {processor.py:208} INFO - Processing /home/airflow/.local/lib/python3.12/site-packages/airflow/example_dags/example_outlet_event_extra.py took 0.552 seconds
[2025-03-08T20:42:21.580+0000] {processor.py:186} INFO - Started process (PID=1278) to work on /home/airflow/.local/lib/python3.12/site-packages/airflow/example_dags/example_outlet_event_extra.py
[2025-03-08T20:42:21.580+0000] {processor.py:914} INFO - Processing file /home/airflow/.local/lib/python3.12/site-packages/airflow/example_dags/example_outlet_event_extra.py for tasks to queue
[2025-03-08T20:42:21.582+0000] {logging_mixin.py:190} INFO - [2025-03-08T20:42:21.582+0000] {dagbag.py:588} INFO - Filling up the DagBag from /home/airflow/.local/lib/python3.12/site-packages/airflow/example_dags/example_outlet_event_extra.py
[2025-03-08T20:42:22.040+0000] {processor.py:925} INFO - DAG(s) 'dataset_with_extra_by_context', 'dataset_with_extra_by_yield', 'dataset_with_extra_from_classic_operator' retrieved from /home/airflow/.local/lib/python3.12/site-packages/airflow/example_dags/example_outlet_event_extra.py
[2025-03-08T20:42:22.061+0000] {logging_mixin.py:190} INFO - [2025-03-08T20:42:22.061+0000] {dag.py:3239} INFO - Sync 3 DAGs
[2025-03-08T20:42:22.081+0000] {logging_mixin.py:190} INFO - [2025-03-08T20:42:22.081+0000] {dag.py:4180} INFO - Setting next_dagrun for dataset_with_extra_by_context to 2025-03-07 00:00:00+00:00, run_after=2025-03-08 00:00:00+00:00
[2025-03-08T20:42:22.086+0000] {logging_mixin.py:190} INFO - [2025-03-08T20:42:22.085+0000] {dag.py:4180} INFO - Setting next_dagrun for dataset_with_extra_by_yield to 2025-03-07 00:00:00+00:00, run_after=2025-03-08 00:00:00+00:00
[2025-03-08T20:42:22.088+0000] {logging_mixin.py:190} INFO - [2025-03-08T20:42:22.088+0000] {dag.py:4180} INFO - Setting next_dagrun for dataset_with_extra_from_classic_operator to 2025-03-07 00:00:00+00:00, run_after=2025-03-08 00:00:00+00:00
[2025-03-08T20:42:22.106+0000] {processor.py:208} INFO - Processing /home/airflow/.local/lib/python3.12/site-packages/airflow/example_dags/example_outlet_event_extra.py took 0.532 seconds
[2025-03-08T20:42:52.209+0000] {processor.py:186} INFO - Started process (PID=1341) to work on /home/airflow/.local/lib/python3.12/site-packages/airflow/example_dags/example_outlet_event_extra.py
[2025-03-08T20:42:52.209+0000] {processor.py:914} INFO - Processing file /home/airflow/.local/lib/python3.12/site-packages/airflow/example_dags/example_outlet_event_extra.py for tasks to queue
[2025-03-08T20:42:52.211+0000] {logging_mixin.py:190} INFO - [2025-03-08T20:42:52.211+0000] {dagbag.py:588} INFO - Filling up the DagBag from /home/airflow/.local/lib/python3.12/site-packages/airflow/example_dags/example_outlet_event_extra.py
[2025-03-08T20:42:52.660+0000] {processor.py:925} INFO - DAG(s) 'dataset_with_extra_by_context', 'dataset_with_extra_by_yield', 'dataset_with_extra_from_classic_operator' retrieved from /home/airflow/.local/lib/python3.12/site-packages/airflow/example_dags/example_outlet_event_extra.py
[2025-03-08T20:42:52.682+0000] {logging_mixin.py:190} INFO - [2025-03-08T20:42:52.682+0000] {dag.py:3239} INFO - Sync 3 DAGs
[2025-03-08T20:42:52.703+0000] {logging_mixin.py:190} INFO - [2025-03-08T20:42:52.703+0000] {dag.py:4180} INFO - Setting next_dagrun for dataset_with_extra_by_context to 2025-03-07 00:00:00+00:00, run_after=2025-03-08 00:00:00+00:00
[2025-03-08T20:42:52.708+0000] {logging_mixin.py:190} INFO - [2025-03-08T20:42:52.707+0000] {dag.py:4180} INFO - Setting next_dagrun for dataset_with_extra_by_yield to 2025-03-07 00:00:00+00:00, run_after=2025-03-08 00:00:00+00:00
[2025-03-08T20:42:52.710+0000] {logging_mixin.py:190} INFO - [2025-03-08T20:42:52.710+0000] {dag.py:4180} INFO - Setting next_dagrun for dataset_with_extra_from_classic_operator to 2025-03-07 00:00:00+00:00, run_after=2025-03-08 00:00:00+00:00
[2025-03-08T20:42:52.728+0000] {processor.py:208} INFO - Processing /home/airflow/.local/lib/python3.12/site-packages/airflow/example_dags/example_outlet_event_extra.py took 0.526 seconds
[2025-03-08T20:43:22.946+0000] {processor.py:186} INFO - Started process (PID=1404) to work on /home/airflow/.local/lib/python3.12/site-packages/airflow/example_dags/example_outlet_event_extra.py
[2025-03-08T20:43:22.947+0000] {processor.py:914} INFO - Processing file /home/airflow/.local/lib/python3.12/site-packages/airflow/example_dags/example_outlet_event_extra.py for tasks to queue
[2025-03-08T20:43:22.950+0000] {logging_mixin.py:190} INFO - [2025-03-08T20:43:22.949+0000] {dagbag.py:588} INFO - Filling up the DagBag from /home/airflow/.local/lib/python3.12/site-packages/airflow/example_dags/example_outlet_event_extra.py
[2025-03-08T20:43:23.409+0000] {processor.py:925} INFO - DAG(s) 'dataset_with_extra_by_yield', 'dataset_with_extra_from_classic_operator', 'dataset_with_extra_by_context' retrieved from /home/airflow/.local/lib/python3.12/site-packages/airflow/example_dags/example_outlet_event_extra.py
[2025-03-08T20:43:23.430+0000] {logging_mixin.py:190} INFO - [2025-03-08T20:43:23.429+0000] {dag.py:3239} INFO - Sync 3 DAGs
[2025-03-08T20:43:23.450+0000] {logging_mixin.py:190} INFO - [2025-03-08T20:43:23.450+0000] {dag.py:4180} INFO - Setting next_dagrun for dataset_with_extra_by_context to 2025-03-07 00:00:00+00:00, run_after=2025-03-08 00:00:00+00:00
[2025-03-08T20:43:23.454+0000] {logging_mixin.py:190} INFO - [2025-03-08T20:43:23.454+0000] {dag.py:4180} INFO - Setting next_dagrun for dataset_with_extra_by_yield to 2025-03-07 00:00:00+00:00, run_after=2025-03-08 00:00:00+00:00
[2025-03-08T20:43:23.457+0000] {logging_mixin.py:190} INFO - [2025-03-08T20:43:23.457+0000] {dag.py:4180} INFO - Setting next_dagrun for dataset_with_extra_from_classic_operator to 2025-03-07 00:00:00+00:00, run_after=2025-03-08 00:00:00+00:00
[2025-03-08T20:43:23.480+0000] {processor.py:208} INFO - Processing /home/airflow/.local/lib/python3.12/site-packages/airflow/example_dags/example_outlet_event_extra.py took 0.541 seconds
[2025-03-08T20:43:54.359+0000] {processor.py:186} INFO - Started process (PID=1467) to work on /home/airflow/.local/lib/python3.12/site-packages/airflow/example_dags/example_outlet_event_extra.py
[2025-03-08T20:43:54.360+0000] {processor.py:914} INFO - Processing file /home/airflow/.local/lib/python3.12/site-packages/airflow/example_dags/example_outlet_event_extra.py for tasks to queue
[2025-03-08T20:43:54.362+0000] {logging_mixin.py:190} INFO - [2025-03-08T20:43:54.361+0000] {dagbag.py:588} INFO - Filling up the DagBag from /home/airflow/.local/lib/python3.12/site-packages/airflow/example_dags/example_outlet_event_extra.py
[2025-03-08T20:43:54.833+0000] {processor.py:925} INFO - DAG(s) 'dataset_with_extra_by_context', 'dataset_with_extra_by_yield', 'dataset_with_extra_from_classic_operator' retrieved from /home/airflow/.local/lib/python3.12/site-packages/airflow/example_dags/example_outlet_event_extra.py
[2025-03-08T20:43:54.854+0000] {logging_mixin.py:190} INFO - [2025-03-08T20:43:54.854+0000] {dag.py:3239} INFO - Sync 3 DAGs
[2025-03-08T20:43:54.874+0000] {logging_mixin.py:190} INFO - [2025-03-08T20:43:54.874+0000] {dag.py:4180} INFO - Setting next_dagrun for dataset_with_extra_by_context to 2025-03-07 00:00:00+00:00, run_after=2025-03-08 00:00:00+00:00
[2025-03-08T20:43:54.879+0000] {logging_mixin.py:190} INFO - [2025-03-08T20:43:54.879+0000] {dag.py:4180} INFO - Setting next_dagrun for dataset_with_extra_by_yield to 2025-03-07 00:00:00+00:00, run_after=2025-03-08 00:00:00+00:00
[2025-03-08T20:43:54.881+0000] {logging_mixin.py:190} INFO - [2025-03-08T20:43:54.881+0000] {dag.py:4180} INFO - Setting next_dagrun for dataset_with_extra_from_classic_operator to 2025-03-07 00:00:00+00:00, run_after=2025-03-08 00:00:00+00:00
[2025-03-08T20:43:54.899+0000] {processor.py:208} INFO - Processing /home/airflow/.local/lib/python3.12/site-packages/airflow/example_dags/example_outlet_event_extra.py took 0.546 seconds
[2025-03-08T20:44:24.932+0000] {processor.py:186} INFO - Started process (PID=1530) to work on /home/airflow/.local/lib/python3.12/site-packages/airflow/example_dags/example_outlet_event_extra.py
[2025-03-08T20:44:24.932+0000] {processor.py:914} INFO - Processing file /home/airflow/.local/lib/python3.12/site-packages/airflow/example_dags/example_outlet_event_extra.py for tasks to queue
[2025-03-08T20:44:24.934+0000] {logging_mixin.py:190} INFO - [2025-03-08T20:44:24.934+0000] {dagbag.py:588} INFO - Filling up the DagBag from /home/airflow/.local/lib/python3.12/site-packages/airflow/example_dags/example_outlet_event_extra.py
[2025-03-08T20:44:25.372+0000] {processor.py:925} INFO - DAG(s) 'dataset_with_extra_by_context', 'dataset_with_extra_by_yield', 'dataset_with_extra_from_classic_operator' retrieved from /home/airflow/.local/lib/python3.12/site-packages/airflow/example_dags/example_outlet_event_extra.py
[2025-03-08T20:44:25.392+0000] {logging_mixin.py:190} INFO - [2025-03-08T20:44:25.392+0000] {dag.py:3239} INFO - Sync 3 DAGs
[2025-03-08T20:44:25.413+0000] {logging_mixin.py:190} INFO - [2025-03-08T20:44:25.413+0000] {dag.py:4180} INFO - Setting next_dagrun for dataset_with_extra_by_context to 2025-03-07 00:00:00+00:00, run_after=2025-03-08 00:00:00+00:00
[2025-03-08T20:44:25.417+0000] {logging_mixin.py:190} INFO - [2025-03-08T20:44:25.417+0000] {dag.py:4180} INFO - Setting next_dagrun for dataset_with_extra_by_yield to 2025-03-07 00:00:00+00:00, run_after=2025-03-08 00:00:00+00:00
[2025-03-08T20:44:25.420+0000] {logging_mixin.py:190} INFO - [2025-03-08T20:44:25.420+0000] {dag.py:4180} INFO - Setting next_dagrun for dataset_with_extra_from_classic_operator to 2025-03-07 00:00:00+00:00, run_after=2025-03-08 00:00:00+00:00
[2025-03-08T20:44:25.436+0000] {processor.py:208} INFO - Processing /home/airflow/.local/lib/python3.12/site-packages/airflow/example_dags/example_outlet_event_extra.py took 0.510 seconds
[2025-03-08T20:44:55.598+0000] {processor.py:186} INFO - Started process (PID=1593) to work on /home/airflow/.local/lib/python3.12/site-packages/airflow/example_dags/example_outlet_event_extra.py
[2025-03-08T20:44:55.598+0000] {processor.py:914} INFO - Processing file /home/airflow/.local/lib/python3.12/site-packages/airflow/example_dags/example_outlet_event_extra.py for tasks to queue
[2025-03-08T20:44:55.601+0000] {logging_mixin.py:190} INFO - [2025-03-08T20:44:55.600+0000] {dagbag.py:588} INFO - Filling up the DagBag from /home/airflow/.local/lib/python3.12/site-packages/airflow/example_dags/example_outlet_event_extra.py
[2025-03-08T20:44:56.045+0000] {processor.py:925} INFO - DAG(s) 'dataset_with_extra_from_classic_operator', 'dataset_with_extra_by_context', 'dataset_with_extra_by_yield' retrieved from /home/airflow/.local/lib/python3.12/site-packages/airflow/example_dags/example_outlet_event_extra.py
[2025-03-08T20:44:56.064+0000] {logging_mixin.py:190} INFO - [2025-03-08T20:44:56.064+0000] {dag.py:3239} INFO - Sync 3 DAGs
[2025-03-08T20:44:56.082+0000] {logging_mixin.py:190} INFO - [2025-03-08T20:44:56.082+0000] {dag.py:4180} INFO - Setting next_dagrun for dataset_with_extra_by_context to 2025-03-07 00:00:00+00:00, run_after=2025-03-08 00:00:00+00:00
[2025-03-08T20:44:56.087+0000] {logging_mixin.py:190} INFO - [2025-03-08T20:44:56.087+0000] {dag.py:4180} INFO - Setting next_dagrun for dataset_with_extra_by_yield to 2025-03-07 00:00:00+00:00, run_after=2025-03-08 00:00:00+00:00
[2025-03-08T20:44:56.089+0000] {logging_mixin.py:190} INFO - [2025-03-08T20:44:56.089+0000] {dag.py:4180} INFO - Setting next_dagrun for dataset_with_extra_from_classic_operator to 2025-03-07 00:00:00+00:00, run_after=2025-03-08 00:00:00+00:00
[2025-03-08T20:44:56.106+0000] {processor.py:208} INFO - Processing /home/airflow/.local/lib/python3.12/site-packages/airflow/example_dags/example_outlet_event_extra.py took 0.514 seconds
[2025-03-08T20:45:27.112+0000] {processor.py:186} INFO - Started process (PID=1656) to work on /home/airflow/.local/lib/python3.12/site-packages/airflow/example_dags/example_outlet_event_extra.py
[2025-03-08T20:45:27.113+0000] {processor.py:914} INFO - Processing file /home/airflow/.local/lib/python3.12/site-packages/airflow/example_dags/example_outlet_event_extra.py for tasks to queue
[2025-03-08T20:45:27.115+0000] {logging_mixin.py:190} INFO - [2025-03-08T20:45:27.115+0000] {dagbag.py:588} INFO - Filling up the DagBag from /home/airflow/.local/lib/python3.12/site-packages/airflow/example_dags/example_outlet_event_extra.py
[2025-03-08T20:45:27.599+0000] {processor.py:925} INFO - DAG(s) 'dataset_with_extra_by_context', 'dataset_with_extra_by_yield', 'dataset_with_extra_from_classic_operator' retrieved from /home/airflow/.local/lib/python3.12/site-packages/airflow/example_dags/example_outlet_event_extra.py
[2025-03-08T20:45:27.621+0000] {logging_mixin.py:190} INFO - [2025-03-08T20:45:27.621+0000] {dag.py:3239} INFO - Sync 3 DAGs
[2025-03-08T20:45:27.641+0000] {logging_mixin.py:190} INFO - [2025-03-08T20:45:27.641+0000] {dag.py:4180} INFO - Setting next_dagrun for dataset_with_extra_by_context to 2025-03-07 00:00:00+00:00, run_after=2025-03-08 00:00:00+00:00
[2025-03-08T20:45:27.646+0000] {logging_mixin.py:190} INFO - [2025-03-08T20:45:27.646+0000] {dag.py:4180} INFO - Setting next_dagrun for dataset_with_extra_by_yield to 2025-03-07 00:00:00+00:00, run_after=2025-03-08 00:00:00+00:00
[2025-03-08T20:45:27.649+0000] {logging_mixin.py:190} INFO - [2025-03-08T20:45:27.649+0000] {dag.py:4180} INFO - Setting next_dagrun for dataset_with_extra_from_classic_operator to 2025-03-07 00:00:00+00:00, run_after=2025-03-08 00:00:00+00:00
[2025-03-08T20:45:27.668+0000] {processor.py:208} INFO - Processing /home/airflow/.local/lib/python3.12/site-packages/airflow/example_dags/example_outlet_event_extra.py took 0.561 seconds
[2025-03-08T20:45:58.657+0000] {processor.py:186} INFO - Started process (PID=1719) to work on /home/airflow/.local/lib/python3.12/site-packages/airflow/example_dags/example_outlet_event_extra.py
[2025-03-08T20:45:58.658+0000] {processor.py:914} INFO - Processing file /home/airflow/.local/lib/python3.12/site-packages/airflow/example_dags/example_outlet_event_extra.py for tasks to queue
[2025-03-08T20:45:58.660+0000] {logging_mixin.py:190} INFO - [2025-03-08T20:45:58.660+0000] {dagbag.py:588} INFO - Filling up the DagBag from /home/airflow/.local/lib/python3.12/site-packages/airflow/example_dags/example_outlet_event_extra.py
[2025-03-08T20:45:59.187+0000] {processor.py:925} INFO - DAG(s) 'dataset_with_extra_by_context', 'dataset_with_extra_by_yield', 'dataset_with_extra_from_classic_operator' retrieved from /home/airflow/.local/lib/python3.12/site-packages/airflow/example_dags/example_outlet_event_extra.py
[2025-03-08T20:45:59.211+0000] {logging_mixin.py:190} INFO - [2025-03-08T20:45:59.211+0000] {dag.py:3239} INFO - Sync 3 DAGs
[2025-03-08T20:45:59.234+0000] {logging_mixin.py:190} INFO - [2025-03-08T20:45:59.234+0000] {dag.py:4180} INFO - Setting next_dagrun for dataset_with_extra_by_context to 2025-03-07 00:00:00+00:00, run_after=2025-03-08 00:00:00+00:00
[2025-03-08T20:45:59.239+0000] {logging_mixin.py:190} INFO - [2025-03-08T20:45:59.238+0000] {dag.py:4180} INFO - Setting next_dagrun for dataset_with_extra_by_yield to 2025-03-07 00:00:00+00:00, run_after=2025-03-08 00:00:00+00:00
[2025-03-08T20:45:59.241+0000] {logging_mixin.py:190} INFO - [2025-03-08T20:45:59.241+0000] {dag.py:4180} INFO - Setting next_dagrun for dataset_with_extra_from_classic_operator to 2025-03-07 00:00:00+00:00, run_after=2025-03-08 00:00:00+00:00
[2025-03-08T20:45:59.260+0000] {processor.py:208} INFO - Processing /home/airflow/.local/lib/python3.12/site-packages/airflow/example_dags/example_outlet_event_extra.py took 0.609 seconds
[2025-03-08T20:46:30.091+0000] {processor.py:186} INFO - Started process (PID=1782) to work on /home/airflow/.local/lib/python3.12/site-packages/airflow/example_dags/example_outlet_event_extra.py
[2025-03-08T20:46:30.092+0000] {processor.py:914} INFO - Processing file /home/airflow/.local/lib/python3.12/site-packages/airflow/example_dags/example_outlet_event_extra.py for tasks to queue
[2025-03-08T20:46:30.094+0000] {logging_mixin.py:190} INFO - [2025-03-08T20:46:30.094+0000] {dagbag.py:588} INFO - Filling up the DagBag from /home/airflow/.local/lib/python3.12/site-packages/airflow/example_dags/example_outlet_event_extra.py
[2025-03-08T20:46:30.615+0000] {processor.py:925} INFO - DAG(s) 'dataset_with_extra_by_context', 'dataset_with_extra_from_classic_operator', 'dataset_with_extra_by_yield' retrieved from /home/airflow/.local/lib/python3.12/site-packages/airflow/example_dags/example_outlet_event_extra.py
[2025-03-08T20:46:30.639+0000] {logging_mixin.py:190} INFO - [2025-03-08T20:46:30.639+0000] {dag.py:3239} INFO - Sync 3 DAGs
[2025-03-08T20:46:30.662+0000] {logging_mixin.py:190} INFO - [2025-03-08T20:46:30.662+0000] {dag.py:4180} INFO - Setting next_dagrun for dataset_with_extra_by_context to 2025-03-07 00:00:00+00:00, run_after=2025-03-08 00:00:00+00:00
[2025-03-08T20:46:30.669+0000] {logging_mixin.py:190} INFO - [2025-03-08T20:46:30.668+0000] {dag.py:4180} INFO - Setting next_dagrun for dataset_with_extra_by_yield to 2025-03-07 00:00:00+00:00, run_after=2025-03-08 00:00:00+00:00
[2025-03-08T20:46:30.672+0000] {logging_mixin.py:190} INFO - [2025-03-08T20:46:30.672+0000] {dag.py:4180} INFO - Setting next_dagrun for dataset_with_extra_from_classic_operator to 2025-03-07 00:00:00+00:00, run_after=2025-03-08 00:00:00+00:00
[2025-03-08T20:46:30.693+0000] {processor.py:208} INFO - Processing /home/airflow/.local/lib/python3.12/site-packages/airflow/example_dags/example_outlet_event_extra.py took 0.609 seconds
[2025-03-08T20:47:00.864+0000] {processor.py:186} INFO - Started process (PID=1845) to work on /home/airflow/.local/lib/python3.12/site-packages/airflow/example_dags/example_outlet_event_extra.py
[2025-03-08T20:47:00.865+0000] {processor.py:914} INFO - Processing file /home/airflow/.local/lib/python3.12/site-packages/airflow/example_dags/example_outlet_event_extra.py for tasks to queue
[2025-03-08T20:47:00.867+0000] {logging_mixin.py:190} INFO - [2025-03-08T20:47:00.866+0000] {dagbag.py:588} INFO - Filling up the DagBag from /home/airflow/.local/lib/python3.12/site-packages/airflow/example_dags/example_outlet_event_extra.py
[2025-03-08T20:47:01.334+0000] {processor.py:925} INFO - DAG(s) 'dataset_with_extra_from_classic_operator', 'dataset_with_extra_by_yield', 'dataset_with_extra_by_context' retrieved from /home/airflow/.local/lib/python3.12/site-packages/airflow/example_dags/example_outlet_event_extra.py
[2025-03-08T20:47:01.354+0000] {logging_mixin.py:190} INFO - [2025-03-08T20:47:01.354+0000] {dag.py:3239} INFO - Sync 3 DAGs
[2025-03-08T20:47:01.374+0000] {logging_mixin.py:190} INFO - [2025-03-08T20:47:01.373+0000] {dag.py:4180} INFO - Setting next_dagrun for dataset_with_extra_by_context to 2025-03-07 00:00:00+00:00, run_after=2025-03-08 00:00:00+00:00
[2025-03-08T20:47:01.378+0000] {logging_mixin.py:190} INFO - [2025-03-08T20:47:01.378+0000] {dag.py:4180} INFO - Setting next_dagrun for dataset_with_extra_by_yield to 2025-03-07 00:00:00+00:00, run_after=2025-03-08 00:00:00+00:00
[2025-03-08T20:47:01.381+0000] {logging_mixin.py:190} INFO - [2025-03-08T20:47:01.381+0000] {dag.py:4180} INFO - Setting next_dagrun for dataset_with_extra_from_classic_operator to 2025-03-07 00:00:00+00:00, run_after=2025-03-08 00:00:00+00:00
[2025-03-08T20:47:01.400+0000] {processor.py:208} INFO - Processing /home/airflow/.local/lib/python3.12/site-packages/airflow/example_dags/example_outlet_event_extra.py took 0.542 seconds
[2025-03-08T20:47:32.254+0000] {processor.py:186} INFO - Started process (PID=1914) to work on /home/airflow/.local/lib/python3.12/site-packages/airflow/example_dags/example_outlet_event_extra.py
[2025-03-08T20:47:32.254+0000] {processor.py:914} INFO - Processing file /home/airflow/.local/lib/python3.12/site-packages/airflow/example_dags/example_outlet_event_extra.py for tasks to queue
[2025-03-08T20:47:32.257+0000] {logging_mixin.py:190} INFO - [2025-03-08T20:47:32.256+0000] {dagbag.py:588} INFO - Filling up the DagBag from /home/airflow/.local/lib/python3.12/site-packages/airflow/example_dags/example_outlet_event_extra.py
[2025-03-08T20:47:32.723+0000] {processor.py:925} INFO - DAG(s) 'dataset_with_extra_by_context', 'dataset_with_extra_from_classic_operator', 'dataset_with_extra_by_yield' retrieved from /home/airflow/.local/lib/python3.12/site-packages/airflow/example_dags/example_outlet_event_extra.py
[2025-03-08T20:47:32.745+0000] {logging_mixin.py:190} INFO - [2025-03-08T20:47:32.745+0000] {dag.py:3239} INFO - Sync 3 DAGs
[2025-03-08T20:47:32.765+0000] {logging_mixin.py:190} INFO - [2025-03-08T20:47:32.765+0000] {dag.py:4180} INFO - Setting next_dagrun for dataset_with_extra_by_context to 2025-03-07 00:00:00+00:00, run_after=2025-03-08 00:00:00+00:00
[2025-03-08T20:47:32.769+0000] {logging_mixin.py:190} INFO - [2025-03-08T20:47:32.769+0000] {dag.py:4180} INFO - Setting next_dagrun for dataset_with_extra_by_yield to 2025-03-07 00:00:00+00:00, run_after=2025-03-08 00:00:00+00:00
[2025-03-08T20:47:32.774+0000] {logging_mixin.py:190} INFO - [2025-03-08T20:47:32.774+0000] {dag.py:4180} INFO - Setting next_dagrun for dataset_with_extra_from_classic_operator to 2025-03-07 00:00:00+00:00, run_after=2025-03-08 00:00:00+00:00
[2025-03-08T20:47:32.796+0000] {processor.py:208} INFO - Processing /home/airflow/.local/lib/python3.12/site-packages/airflow/example_dags/example_outlet_event_extra.py took 0.548 seconds
[2025-03-08T20:48:03.419+0000] {processor.py:186} INFO - Started process (PID=1977) to work on /home/airflow/.local/lib/python3.12/site-packages/airflow/example_dags/example_outlet_event_extra.py
[2025-03-08T20:48:03.420+0000] {processor.py:914} INFO - Processing file /home/airflow/.local/lib/python3.12/site-packages/airflow/example_dags/example_outlet_event_extra.py for tasks to queue
[2025-03-08T20:48:03.422+0000] {logging_mixin.py:190} INFO - [2025-03-08T20:48:03.422+0000] {dagbag.py:588} INFO - Filling up the DagBag from /home/airflow/.local/lib/python3.12/site-packages/airflow/example_dags/example_outlet_event_extra.py
[2025-03-08T20:48:03.919+0000] {processor.py:925} INFO - DAG(s) 'dataset_with_extra_from_classic_operator', 'dataset_with_extra_by_yield', 'dataset_with_extra_by_context' retrieved from /home/airflow/.local/lib/python3.12/site-packages/airflow/example_dags/example_outlet_event_extra.py
[2025-03-08T20:48:03.940+0000] {logging_mixin.py:190} INFO - [2025-03-08T20:48:03.939+0000] {dag.py:3239} INFO - Sync 3 DAGs
[2025-03-08T20:48:03.960+0000] {logging_mixin.py:190} INFO - [2025-03-08T20:48:03.960+0000] {dag.py:4180} INFO - Setting next_dagrun for dataset_with_extra_by_context to 2025-03-07 00:00:00+00:00, run_after=2025-03-08 00:00:00+00:00
[2025-03-08T20:48:03.965+0000] {logging_mixin.py:190} INFO - [2025-03-08T20:48:03.965+0000] {dag.py:4180} INFO - Setting next_dagrun for dataset_with_extra_by_yield to 2025-03-07 00:00:00+00:00, run_after=2025-03-08 00:00:00+00:00
[2025-03-08T20:48:03.967+0000] {logging_mixin.py:190} INFO - [2025-03-08T20:48:03.967+0000] {dag.py:4180} INFO - Setting next_dagrun for dataset_with_extra_from_classic_operator to 2025-03-07 00:00:00+00:00, run_after=2025-03-08 00:00:00+00:00
[2025-03-08T20:48:03.986+0000] {processor.py:208} INFO - Processing /home/airflow/.local/lib/python3.12/site-packages/airflow/example_dags/example_outlet_event_extra.py took 0.572 seconds
[2025-03-08T20:48:34.092+0000] {processor.py:186} INFO - Started process (PID=2040) to work on /home/airflow/.local/lib/python3.12/site-packages/airflow/example_dags/example_outlet_event_extra.py
[2025-03-08T20:48:34.093+0000] {processor.py:914} INFO - Processing file /home/airflow/.local/lib/python3.12/site-packages/airflow/example_dags/example_outlet_event_extra.py for tasks to queue
[2025-03-08T20:48:34.095+0000] {logging_mixin.py:190} INFO - [2025-03-08T20:48:34.095+0000] {dagbag.py:588} INFO - Filling up the DagBag from /home/airflow/.local/lib/python3.12/site-packages/airflow/example_dags/example_outlet_event_extra.py
[2025-03-08T20:48:34.619+0000] {processor.py:925} INFO - DAG(s) 'dataset_with_extra_from_classic_operator', 'dataset_with_extra_by_yield', 'dataset_with_extra_by_context' retrieved from /home/airflow/.local/lib/python3.12/site-packages/airflow/example_dags/example_outlet_event_extra.py
[2025-03-08T20:48:34.642+0000] {logging_mixin.py:190} INFO - [2025-03-08T20:48:34.642+0000] {dag.py:3239} INFO - Sync 3 DAGs
[2025-03-08T20:48:34.661+0000] {logging_mixin.py:190} INFO - [2025-03-08T20:48:34.661+0000] {dag.py:4180} INFO - Setting next_dagrun for dataset_with_extra_by_context to 2025-03-07 00:00:00+00:00, run_after=2025-03-08 00:00:00+00:00
[2025-03-08T20:48:34.666+0000] {logging_mixin.py:190} INFO - [2025-03-08T20:48:34.666+0000] {dag.py:4180} INFO - Setting next_dagrun for dataset_with_extra_by_yield to 2025-03-07 00:00:00+00:00, run_after=2025-03-08 00:00:00+00:00
[2025-03-08T20:48:34.669+0000] {logging_mixin.py:190} INFO - [2025-03-08T20:48:34.668+0000] {dag.py:4180} INFO - Setting next_dagrun for dataset_with_extra_from_classic_operator to 2025-03-07 00:00:00+00:00, run_after=2025-03-08 00:00:00+00:00
[2025-03-08T20:48:34.689+0000] {processor.py:208} INFO - Processing /home/airflow/.local/lib/python3.12/site-packages/airflow/example_dags/example_outlet_event_extra.py took 0.603 seconds
[2025-03-08T20:49:05.402+0000] {processor.py:186} INFO - Started process (PID=2103) to work on /home/airflow/.local/lib/python3.12/site-packages/airflow/example_dags/example_outlet_event_extra.py
[2025-03-08T20:49:05.403+0000] {processor.py:914} INFO - Processing file /home/airflow/.local/lib/python3.12/site-packages/airflow/example_dags/example_outlet_event_extra.py for tasks to queue
[2025-03-08T20:49:05.406+0000] {logging_mixin.py:190} INFO - [2025-03-08T20:49:05.406+0000] {dagbag.py:588} INFO - Filling up the DagBag from /home/airflow/.local/lib/python3.12/site-packages/airflow/example_dags/example_outlet_event_extra.py
[2025-03-08T20:49:05.935+0000] {processor.py:925} INFO - DAG(s) 'dataset_with_extra_by_yield', 'dataset_with_extra_from_classic_operator', 'dataset_with_extra_by_context' retrieved from /home/airflow/.local/lib/python3.12/site-packages/airflow/example_dags/example_outlet_event_extra.py
[2025-03-08T20:49:05.956+0000] {logging_mixin.py:190} INFO - [2025-03-08T20:49:05.955+0000] {dag.py:3239} INFO - Sync 3 DAGs
[2025-03-08T20:49:05.977+0000] {logging_mixin.py:190} INFO - [2025-03-08T20:49:05.977+0000] {dag.py:4180} INFO - Setting next_dagrun for dataset_with_extra_by_context to 2025-03-07 00:00:00+00:00, run_after=2025-03-08 00:00:00+00:00
[2025-03-08T20:49:05.982+0000] {logging_mixin.py:190} INFO - [2025-03-08T20:49:05.982+0000] {dag.py:4180} INFO - Setting next_dagrun for dataset_with_extra_by_yield to 2025-03-07 00:00:00+00:00, run_after=2025-03-08 00:00:00+00:00
[2025-03-08T20:49:05.985+0000] {logging_mixin.py:190} INFO - [2025-03-08T20:49:05.984+0000] {dag.py:4180} INFO - Setting next_dagrun for dataset_with_extra_from_classic_operator to 2025-03-07 00:00:00+00:00, run_after=2025-03-08 00:00:00+00:00
[2025-03-08T20:49:06.004+0000] {processor.py:208} INFO - Processing /home/airflow/.local/lib/python3.12/site-packages/airflow/example_dags/example_outlet_event_extra.py took 0.609 seconds
[2025-03-08T20:49:36.699+0000] {processor.py:186} INFO - Started process (PID=2166) to work on /home/airflow/.local/lib/python3.12/site-packages/airflow/example_dags/example_outlet_event_extra.py
[2025-03-08T20:49:36.699+0000] {processor.py:914} INFO - Processing file /home/airflow/.local/lib/python3.12/site-packages/airflow/example_dags/example_outlet_event_extra.py for tasks to queue
[2025-03-08T20:49:36.702+0000] {logging_mixin.py:190} INFO - [2025-03-08T20:49:36.701+0000] {dagbag.py:588} INFO - Filling up the DagBag from /home/airflow/.local/lib/python3.12/site-packages/airflow/example_dags/example_outlet_event_extra.py
[2025-03-08T20:49:37.196+0000] {processor.py:925} INFO - DAG(s) 'dataset_with_extra_from_classic_operator', 'dataset_with_extra_by_context', 'dataset_with_extra_by_yield' retrieved from /home/airflow/.local/lib/python3.12/site-packages/airflow/example_dags/example_outlet_event_extra.py
[2025-03-08T20:49:37.220+0000] {logging_mixin.py:190} INFO - [2025-03-08T20:49:37.219+0000] {dag.py:3239} INFO - Sync 3 DAGs
[2025-03-08T20:49:37.240+0000] {logging_mixin.py:190} INFO - [2025-03-08T20:49:37.239+0000] {dag.py:4180} INFO - Setting next_dagrun for dataset_with_extra_by_context to 2025-03-07 00:00:00+00:00, run_after=2025-03-08 00:00:00+00:00
[2025-03-08T20:49:37.260+0000] {logging_mixin.py:190} INFO - [2025-03-08T20:49:37.260+0000] {dag.py:4180} INFO - Setting next_dagrun for dataset_with_extra_by_yield to 2025-03-07 00:00:00+00:00, run_after=2025-03-08 00:00:00+00:00
[2025-03-08T20:49:37.263+0000] {logging_mixin.py:190} INFO - [2025-03-08T20:49:37.263+0000] {dag.py:4180} INFO - Setting next_dagrun for dataset_with_extra_from_classic_operator to 2025-03-07 00:00:00+00:00, run_after=2025-03-08 00:00:00+00:00
[2025-03-08T20:49:37.285+0000] {processor.py:208} INFO - Processing /home/airflow/.local/lib/python3.12/site-packages/airflow/example_dags/example_outlet_event_extra.py took 0.592 seconds
[2025-03-08T20:50:07.574+0000] {processor.py:186} INFO - Started process (PID=2229) to work on /home/airflow/.local/lib/python3.12/site-packages/airflow/example_dags/example_outlet_event_extra.py
[2025-03-08T20:50:07.575+0000] {processor.py:914} INFO - Processing file /home/airflow/.local/lib/python3.12/site-packages/airflow/example_dags/example_outlet_event_extra.py for tasks to queue
[2025-03-08T20:50:07.577+0000] {logging_mixin.py:190} INFO - [2025-03-08T20:50:07.577+0000] {dagbag.py:588} INFO - Filling up the DagBag from /home/airflow/.local/lib/python3.12/site-packages/airflow/example_dags/example_outlet_event_extra.py
[2025-03-08T20:50:08.049+0000] {processor.py:925} INFO - DAG(s) 'dataset_with_extra_by_yield', 'dataset_with_extra_from_classic_operator', 'dataset_with_extra_by_context' retrieved from /home/airflow/.local/lib/python3.12/site-packages/airflow/example_dags/example_outlet_event_extra.py
[2025-03-08T20:50:08.069+0000] {logging_mixin.py:190} INFO - [2025-03-08T20:50:08.069+0000] {dag.py:3239} INFO - Sync 3 DAGs
[2025-03-08T20:50:08.089+0000] {logging_mixin.py:190} INFO - [2025-03-08T20:50:08.088+0000] {dag.py:4180} INFO - Setting next_dagrun for dataset_with_extra_by_context to 2025-03-07 00:00:00+00:00, run_after=2025-03-08 00:00:00+00:00
[2025-03-08T20:50:08.093+0000] {logging_mixin.py:190} INFO - [2025-03-08T20:50:08.093+0000] {dag.py:4180} INFO - Setting next_dagrun for dataset_with_extra_by_yield to 2025-03-07 00:00:00+00:00, run_after=2025-03-08 00:00:00+00:00
[2025-03-08T20:50:08.096+0000] {logging_mixin.py:190} INFO - [2025-03-08T20:50:08.095+0000] {dag.py:4180} INFO - Setting next_dagrun for dataset_with_extra_from_classic_operator to 2025-03-07 00:00:00+00:00, run_after=2025-03-08 00:00:00+00:00
[2025-03-08T20:50:08.116+0000] {processor.py:208} INFO - Processing /home/airflow/.local/lib/python3.12/site-packages/airflow/example_dags/example_outlet_event_extra.py took 0.547 seconds
