[2025-03-08T20:32:29.631+0000] {processor.py:186} INFO - Started process (PID=62) to work on /home/airflow/.local/lib/python3.12/site-packages/airflow/example_dags/example_branch_operator.py
[2025-03-08T20:32:29.632+0000] {processor.py:914} INFO - Processing file /home/airflow/.local/lib/python3.12/site-packages/airflow/example_dags/example_branch_operator.py for tasks to queue
[2025-03-08T20:32:29.635+0000] {logging_mixin.py:190} INFO - [2025-03-08T20:32:29.634+0000] {dagbag.py:588} INFO - Filling up the DagBag from /home/airflow/.local/lib/python3.12/site-packages/airflow/example_dags/example_branch_operator.py
[2025-03-08T20:32:29.657+0000] {processor.py:925} INFO - DAG(s) 'example_branch_operator' retrieved from /home/airflow/.local/lib/python3.12/site-packages/airflow/example_dags/example_branch_operator.py
[2025-03-08T20:32:29.802+0000] {logging_mixin.py:190} INFO - [2025-03-08T20:32:29.802+0000] {override.py:1912} INFO - Created Permission View: can edit on DAG:example_branch_operator
[2025-03-08T20:32:29.811+0000] {logging_mixin.py:190} INFO - [2025-03-08T20:32:29.810+0000] {override.py:1912} INFO - Created Permission View: can read on DAG:example_branch_operator
[2025-03-08T20:32:29.816+0000] {logging_mixin.py:190} INFO - [2025-03-08T20:32:29.816+0000] {override.py:1912} INFO - Created Permission View: can delete on DAG:example_branch_operator
[2025-03-08T20:32:29.822+0000] {logging_mixin.py:190} INFO - [2025-03-08T20:32:29.822+0000] {override.py:1912} INFO - Created Permission View: can read on DAG Run:example_branch_operator
[2025-03-08T20:32:29.828+0000] {logging_mixin.py:190} INFO - [2025-03-08T20:32:29.828+0000] {override.py:1912} INFO - Created Permission View: menu access on DAG Run:example_branch_operator
[2025-03-08T20:32:29.833+0000] {logging_mixin.py:190} INFO - [2025-03-08T20:32:29.833+0000] {override.py:1912} INFO - Created Permission View: can create on DAG Run:example_branch_operator
[2025-03-08T20:32:29.839+0000] {logging_mixin.py:190} INFO - [2025-03-08T20:32:29.839+0000] {override.py:1912} INFO - Created Permission View: can delete on DAG Run:example_branch_operator
[2025-03-08T20:32:29.840+0000] {logging_mixin.py:190} INFO - [2025-03-08T20:32:29.840+0000] {dag.py:3239} INFO - Sync 1 DAGs
[2025-03-08T20:32:29.857+0000] {logging_mixin.py:190} INFO - [2025-03-08T20:32:29.856+0000] {dag.py:3262} INFO - Creating ORM DAG for example_branch_operator
[2025-03-08T20:32:29.870+0000] {logging_mixin.py:190} INFO - [2025-03-08T20:32:29.869+0000] {dag.py:4180} INFO - Setting next_dagrun for example_branch_operator to 2025-03-07 00:00:00+00:00, run_after=2025-03-08 00:00:00+00:00
[2025-03-08T20:32:29.894+0000] {processor.py:208} INFO - Processing /home/airflow/.local/lib/python3.12/site-packages/airflow/example_dags/example_branch_operator.py took 0.268 seconds
[2025-03-08T20:33:00.232+0000] {processor.py:186} INFO - Started process (PID=131) to work on /home/airflow/.local/lib/python3.12/site-packages/airflow/example_dags/example_branch_operator.py
[2025-03-08T20:33:00.232+0000] {processor.py:914} INFO - Processing file /home/airflow/.local/lib/python3.12/site-packages/airflow/example_dags/example_branch_operator.py for tasks to queue
[2025-03-08T20:33:00.234+0000] {logging_mixin.py:190} INFO - [2025-03-08T20:33:00.234+0000] {dagbag.py:588} INFO - Filling up the DagBag from /home/airflow/.local/lib/python3.12/site-packages/airflow/example_dags/example_branch_operator.py
[2025-03-08T20:33:00.249+0000] {processor.py:925} INFO - DAG(s) 'example_branch_operator' retrieved from /home/airflow/.local/lib/python3.12/site-packages/airflow/example_dags/example_branch_operator.py
[2025-03-08T20:33:00.273+0000] {logging_mixin.py:190} INFO - [2025-03-08T20:33:00.273+0000] {dag.py:3239} INFO - Sync 1 DAGs
[2025-03-08T20:33:00.293+0000] {logging_mixin.py:190} INFO - [2025-03-08T20:33:00.293+0000] {dag.py:4180} INFO - Setting next_dagrun for example_branch_operator to 2025-03-07 00:00:00+00:00, run_after=2025-03-08 00:00:00+00:00
[2025-03-08T20:33:00.308+0000] {processor.py:208} INFO - Processing /home/airflow/.local/lib/python3.12/site-packages/airflow/example_dags/example_branch_operator.py took 0.081 seconds
[2025-03-08T20:33:30.872+0000] {processor.py:186} INFO - Started process (PID=194) to work on /home/airflow/.local/lib/python3.12/site-packages/airflow/example_dags/example_branch_operator.py
[2025-03-08T20:33:30.873+0000] {processor.py:914} INFO - Processing file /home/airflow/.local/lib/python3.12/site-packages/airflow/example_dags/example_branch_operator.py for tasks to queue
[2025-03-08T20:33:30.875+0000] {logging_mixin.py:190} INFO - [2025-03-08T20:33:30.875+0000] {dagbag.py:588} INFO - Filling up the DagBag from /home/airflow/.local/lib/python3.12/site-packages/airflow/example_dags/example_branch_operator.py
[2025-03-08T20:33:30.890+0000] {processor.py:925} INFO - DAG(s) 'example_branch_operator' retrieved from /home/airflow/.local/lib/python3.12/site-packages/airflow/example_dags/example_branch_operator.py
[2025-03-08T20:33:30.914+0000] {logging_mixin.py:190} INFO - [2025-03-08T20:33:30.914+0000] {dag.py:3239} INFO - Sync 1 DAGs
[2025-03-08T20:33:30.932+0000] {logging_mixin.py:190} INFO - [2025-03-08T20:33:30.932+0000] {dag.py:4180} INFO - Setting next_dagrun for example_branch_operator to 2025-03-07 00:00:00+00:00, run_after=2025-03-08 00:00:00+00:00
[2025-03-08T20:33:30.948+0000] {processor.py:208} INFO - Processing /home/airflow/.local/lib/python3.12/site-packages/airflow/example_dags/example_branch_operator.py took 0.081 seconds
[2025-03-08T20:34:01.565+0000] {processor.py:186} INFO - Started process (PID=257) to work on /home/airflow/.local/lib/python3.12/site-packages/airflow/example_dags/example_branch_operator.py
[2025-03-08T20:34:01.566+0000] {processor.py:914} INFO - Processing file /home/airflow/.local/lib/python3.12/site-packages/airflow/example_dags/example_branch_operator.py for tasks to queue
[2025-03-08T20:34:01.568+0000] {logging_mixin.py:190} INFO - [2025-03-08T20:34:01.568+0000] {dagbag.py:588} INFO - Filling up the DagBag from /home/airflow/.local/lib/python3.12/site-packages/airflow/example_dags/example_branch_operator.py
[2025-03-08T20:34:01.589+0000] {processor.py:925} INFO - DAG(s) 'example_branch_operator' retrieved from /home/airflow/.local/lib/python3.12/site-packages/airflow/example_dags/example_branch_operator.py
[2025-03-08T20:34:01.622+0000] {logging_mixin.py:190} INFO - [2025-03-08T20:34:01.621+0000] {dag.py:3239} INFO - Sync 1 DAGs
[2025-03-08T20:34:01.650+0000] {logging_mixin.py:190} INFO - [2025-03-08T20:34:01.650+0000] {dag.py:4180} INFO - Setting next_dagrun for example_branch_operator to 2025-03-07 00:00:00+00:00, run_after=2025-03-08 00:00:00+00:00
[2025-03-08T20:34:01.674+0000] {processor.py:208} INFO - Processing /home/airflow/.local/lib/python3.12/site-packages/airflow/example_dags/example_branch_operator.py took 0.115 seconds
[2025-03-08T20:34:31.974+0000] {processor.py:186} INFO - Started process (PID=320) to work on /home/airflow/.local/lib/python3.12/site-packages/airflow/example_dags/example_branch_operator.py
[2025-03-08T20:34:31.974+0000] {processor.py:914} INFO - Processing file /home/airflow/.local/lib/python3.12/site-packages/airflow/example_dags/example_branch_operator.py for tasks to queue
[2025-03-08T20:34:31.976+0000] {logging_mixin.py:190} INFO - [2025-03-08T20:34:31.976+0000] {dagbag.py:588} INFO - Filling up the DagBag from /home/airflow/.local/lib/python3.12/site-packages/airflow/example_dags/example_branch_operator.py
[2025-03-08T20:34:31.992+0000] {processor.py:925} INFO - DAG(s) 'example_branch_operator' retrieved from /home/airflow/.local/lib/python3.12/site-packages/airflow/example_dags/example_branch_operator.py
[2025-03-08T20:34:32.017+0000] {logging_mixin.py:190} INFO - [2025-03-08T20:34:32.017+0000] {dag.py:3239} INFO - Sync 1 DAGs
[2025-03-08T20:34:32.036+0000] {logging_mixin.py:190} INFO - [2025-03-08T20:34:32.036+0000] {dag.py:4180} INFO - Setting next_dagrun for example_branch_operator to 2025-03-07 00:00:00+00:00, run_after=2025-03-08 00:00:00+00:00
[2025-03-08T20:34:32.053+0000] {processor.py:208} INFO - Processing /home/airflow/.local/lib/python3.12/site-packages/airflow/example_dags/example_branch_operator.py took 0.085 seconds
[2025-03-08T20:35:02.839+0000] {processor.py:186} INFO - Started process (PID=383) to work on /home/airflow/.local/lib/python3.12/site-packages/airflow/example_dags/example_branch_operator.py
[2025-03-08T20:35:02.840+0000] {processor.py:914} INFO - Processing file /home/airflow/.local/lib/python3.12/site-packages/airflow/example_dags/example_branch_operator.py for tasks to queue
[2025-03-08T20:35:02.842+0000] {logging_mixin.py:190} INFO - [2025-03-08T20:35:02.842+0000] {dagbag.py:588} INFO - Filling up the DagBag from /home/airflow/.local/lib/python3.12/site-packages/airflow/example_dags/example_branch_operator.py
[2025-03-08T20:35:02.856+0000] {processor.py:925} INFO - DAG(s) 'example_branch_operator' retrieved from /home/airflow/.local/lib/python3.12/site-packages/airflow/example_dags/example_branch_operator.py
[2025-03-08T20:35:02.879+0000] {logging_mixin.py:190} INFO - [2025-03-08T20:35:02.879+0000] {dag.py:3239} INFO - Sync 1 DAGs
[2025-03-08T20:35:02.901+0000] {logging_mixin.py:190} INFO - [2025-03-08T20:35:02.900+0000] {dag.py:4180} INFO - Setting next_dagrun for example_branch_operator to 2025-03-07 00:00:00+00:00, run_after=2025-03-08 00:00:00+00:00
[2025-03-08T20:35:02.916+0000] {processor.py:208} INFO - Processing /home/airflow/.local/lib/python3.12/site-packages/airflow/example_dags/example_branch_operator.py took 0.082 seconds
[2025-03-08T20:35:33.340+0000] {processor.py:186} INFO - Started process (PID=446) to work on /home/airflow/.local/lib/python3.12/site-packages/airflow/example_dags/example_branch_operator.py
[2025-03-08T20:35:33.341+0000] {processor.py:914} INFO - Processing file /home/airflow/.local/lib/python3.12/site-packages/airflow/example_dags/example_branch_operator.py for tasks to queue
[2025-03-08T20:35:33.343+0000] {logging_mixin.py:190} INFO - [2025-03-08T20:35:33.342+0000] {dagbag.py:588} INFO - Filling up the DagBag from /home/airflow/.local/lib/python3.12/site-packages/airflow/example_dags/example_branch_operator.py
[2025-03-08T20:35:33.358+0000] {processor.py:925} INFO - DAG(s) 'example_branch_operator' retrieved from /home/airflow/.local/lib/python3.12/site-packages/airflow/example_dags/example_branch_operator.py
[2025-03-08T20:35:33.381+0000] {logging_mixin.py:190} INFO - [2025-03-08T20:35:33.380+0000] {dag.py:3239} INFO - Sync 1 DAGs
[2025-03-08T20:35:33.399+0000] {logging_mixin.py:190} INFO - [2025-03-08T20:35:33.399+0000] {dag.py:4180} INFO - Setting next_dagrun for example_branch_operator to 2025-03-07 00:00:00+00:00, run_after=2025-03-08 00:00:00+00:00
[2025-03-08T20:35:33.414+0000] {processor.py:208} INFO - Processing /home/airflow/.local/lib/python3.12/site-packages/airflow/example_dags/example_branch_operator.py took 0.079 seconds
[2025-03-08T20:36:03.983+0000] {processor.py:186} INFO - Started process (PID=509) to work on /home/airflow/.local/lib/python3.12/site-packages/airflow/example_dags/example_branch_operator.py
[2025-03-08T20:36:03.984+0000] {processor.py:914} INFO - Processing file /home/airflow/.local/lib/python3.12/site-packages/airflow/example_dags/example_branch_operator.py for tasks to queue
[2025-03-08T20:36:03.986+0000] {logging_mixin.py:190} INFO - [2025-03-08T20:36:03.985+0000] {dagbag.py:588} INFO - Filling up the DagBag from /home/airflow/.local/lib/python3.12/site-packages/airflow/example_dags/example_branch_operator.py
[2025-03-08T20:36:04.000+0000] {processor.py:925} INFO - DAG(s) 'example_branch_operator' retrieved from /home/airflow/.local/lib/python3.12/site-packages/airflow/example_dags/example_branch_operator.py
[2025-03-08T20:36:04.023+0000] {logging_mixin.py:190} INFO - [2025-03-08T20:36:04.022+0000] {dag.py:3239} INFO - Sync 1 DAGs
[2025-03-08T20:36:04.041+0000] {logging_mixin.py:190} INFO - [2025-03-08T20:36:04.041+0000] {dag.py:4180} INFO - Setting next_dagrun for example_branch_operator to 2025-03-07 00:00:00+00:00, run_after=2025-03-08 00:00:00+00:00
[2025-03-08T20:36:04.058+0000] {processor.py:208} INFO - Processing /home/airflow/.local/lib/python3.12/site-packages/airflow/example_dags/example_branch_operator.py took 0.080 seconds
[2025-03-08T20:36:35.035+0000] {processor.py:186} INFO - Started process (PID=572) to work on /home/airflow/.local/lib/python3.12/site-packages/airflow/example_dags/example_branch_operator.py
[2025-03-08T20:36:35.036+0000] {processor.py:914} INFO - Processing file /home/airflow/.local/lib/python3.12/site-packages/airflow/example_dags/example_branch_operator.py for tasks to queue
[2025-03-08T20:36:35.037+0000] {logging_mixin.py:190} INFO - [2025-03-08T20:36:35.037+0000] {dagbag.py:588} INFO - Filling up the DagBag from /home/airflow/.local/lib/python3.12/site-packages/airflow/example_dags/example_branch_operator.py
[2025-03-08T20:36:35.052+0000] {processor.py:925} INFO - DAG(s) 'example_branch_operator' retrieved from /home/airflow/.local/lib/python3.12/site-packages/airflow/example_dags/example_branch_operator.py
[2025-03-08T20:36:35.076+0000] {logging_mixin.py:190} INFO - [2025-03-08T20:36:35.076+0000] {dag.py:3239} INFO - Sync 1 DAGs
[2025-03-08T20:36:35.095+0000] {logging_mixin.py:190} INFO - [2025-03-08T20:36:35.095+0000] {dag.py:4180} INFO - Setting next_dagrun for example_branch_operator to 2025-03-07 00:00:00+00:00, run_after=2025-03-08 00:00:00+00:00
[2025-03-08T20:36:35.112+0000] {processor.py:208} INFO - Processing /home/airflow/.local/lib/python3.12/site-packages/airflow/example_dags/example_branch_operator.py took 0.082 seconds
[2025-03-08T20:37:05.935+0000] {processor.py:186} INFO - Started process (PID=635) to work on /home/airflow/.local/lib/python3.12/site-packages/airflow/example_dags/example_branch_operator.py
[2025-03-08T20:37:05.936+0000] {processor.py:914} INFO - Processing file /home/airflow/.local/lib/python3.12/site-packages/airflow/example_dags/example_branch_operator.py for tasks to queue
[2025-03-08T20:37:05.938+0000] {logging_mixin.py:190} INFO - [2025-03-08T20:37:05.937+0000] {dagbag.py:588} INFO - Filling up the DagBag from /home/airflow/.local/lib/python3.12/site-packages/airflow/example_dags/example_branch_operator.py
[2025-03-08T20:37:05.953+0000] {processor.py:925} INFO - DAG(s) 'example_branch_operator' retrieved from /home/airflow/.local/lib/python3.12/site-packages/airflow/example_dags/example_branch_operator.py
[2025-03-08T20:37:05.978+0000] {logging_mixin.py:190} INFO - [2025-03-08T20:37:05.978+0000] {dag.py:3239} INFO - Sync 1 DAGs
[2025-03-08T20:37:06.001+0000] {logging_mixin.py:190} INFO - [2025-03-08T20:37:06.001+0000] {dag.py:4180} INFO - Setting next_dagrun for example_branch_operator to 2025-03-07 00:00:00+00:00, run_after=2025-03-08 00:00:00+00:00
[2025-03-08T20:37:06.020+0000] {processor.py:208} INFO - Processing /home/airflow/.local/lib/python3.12/site-packages/airflow/example_dags/example_branch_operator.py took 0.091 seconds
[2025-03-08T20:37:36.846+0000] {processor.py:186} INFO - Started process (PID=698) to work on /home/airflow/.local/lib/python3.12/site-packages/airflow/example_dags/example_branch_operator.py
[2025-03-08T20:37:36.847+0000] {processor.py:914} INFO - Processing file /home/airflow/.local/lib/python3.12/site-packages/airflow/example_dags/example_branch_operator.py for tasks to queue
[2025-03-08T20:37:36.849+0000] {logging_mixin.py:190} INFO - [2025-03-08T20:37:36.849+0000] {dagbag.py:588} INFO - Filling up the DagBag from /home/airflow/.local/lib/python3.12/site-packages/airflow/example_dags/example_branch_operator.py
[2025-03-08T20:37:36.863+0000] {processor.py:925} INFO - DAG(s) 'example_branch_operator' retrieved from /home/airflow/.local/lib/python3.12/site-packages/airflow/example_dags/example_branch_operator.py
[2025-03-08T20:37:36.886+0000] {logging_mixin.py:190} INFO - [2025-03-08T20:37:36.886+0000] {dag.py:3239} INFO - Sync 1 DAGs
[2025-03-08T20:37:36.907+0000] {logging_mixin.py:190} INFO - [2025-03-08T20:37:36.907+0000] {dag.py:4180} INFO - Setting next_dagrun for example_branch_operator to 2025-03-07 00:00:00+00:00, run_after=2025-03-08 00:00:00+00:00
[2025-03-08T20:37:36.922+0000] {processor.py:208} INFO - Processing /home/airflow/.local/lib/python3.12/site-packages/airflow/example_dags/example_branch_operator.py took 0.082 seconds
[2025-03-08T20:38:07.031+0000] {processor.py:186} INFO - Started process (PID=761) to work on /home/airflow/.local/lib/python3.12/site-packages/airflow/example_dags/example_branch_operator.py
[2025-03-08T20:38:07.032+0000] {processor.py:914} INFO - Processing file /home/airflow/.local/lib/python3.12/site-packages/airflow/example_dags/example_branch_operator.py for tasks to queue
[2025-03-08T20:38:07.034+0000] {logging_mixin.py:190} INFO - [2025-03-08T20:38:07.033+0000] {dagbag.py:588} INFO - Filling up the DagBag from /home/airflow/.local/lib/python3.12/site-packages/airflow/example_dags/example_branch_operator.py
[2025-03-08T20:38:07.050+0000] {processor.py:925} INFO - DAG(s) 'example_branch_operator' retrieved from /home/airflow/.local/lib/python3.12/site-packages/airflow/example_dags/example_branch_operator.py
[2025-03-08T20:38:07.076+0000] {logging_mixin.py:190} INFO - [2025-03-08T20:38:07.075+0000] {dag.py:3239} INFO - Sync 1 DAGs
[2025-03-08T20:38:07.097+0000] {logging_mixin.py:190} INFO - [2025-03-08T20:38:07.097+0000] {dag.py:4180} INFO - Setting next_dagrun for example_branch_operator to 2025-03-07 00:00:00+00:00, run_after=2025-03-08 00:00:00+00:00
[2025-03-08T20:38:07.115+0000] {processor.py:208} INFO - Processing /home/airflow/.local/lib/python3.12/site-packages/airflow/example_dags/example_branch_operator.py took 0.089 seconds
[2025-03-08T20:38:37.822+0000] {processor.py:186} INFO - Started process (PID=824) to work on /home/airflow/.local/lib/python3.12/site-packages/airflow/example_dags/example_branch_operator.py
[2025-03-08T20:38:37.823+0000] {processor.py:914} INFO - Processing file /home/airflow/.local/lib/python3.12/site-packages/airflow/example_dags/example_branch_operator.py for tasks to queue
[2025-03-08T20:38:37.825+0000] {logging_mixin.py:190} INFO - [2025-03-08T20:38:37.824+0000] {dagbag.py:588} INFO - Filling up the DagBag from /home/airflow/.local/lib/python3.12/site-packages/airflow/example_dags/example_branch_operator.py
[2025-03-08T20:38:37.839+0000] {processor.py:925} INFO - DAG(s) 'example_branch_operator' retrieved from /home/airflow/.local/lib/python3.12/site-packages/airflow/example_dags/example_branch_operator.py
[2025-03-08T20:38:37.864+0000] {logging_mixin.py:190} INFO - [2025-03-08T20:38:37.864+0000] {dag.py:3239} INFO - Sync 1 DAGs
[2025-03-08T20:38:37.884+0000] {logging_mixin.py:190} INFO - [2025-03-08T20:38:37.884+0000] {dag.py:4180} INFO - Setting next_dagrun for example_branch_operator to 2025-03-07 00:00:00+00:00, run_after=2025-03-08 00:00:00+00:00
[2025-03-08T20:38:37.901+0000] {processor.py:208} INFO - Processing /home/airflow/.local/lib/python3.12/site-packages/airflow/example_dags/example_branch_operator.py took 0.084 seconds
[2025-03-08T20:39:08.169+0000] {processor.py:186} INFO - Started process (PID=887) to work on /home/airflow/.local/lib/python3.12/site-packages/airflow/example_dags/example_branch_operator.py
[2025-03-08T20:39:08.170+0000] {processor.py:914} INFO - Processing file /home/airflow/.local/lib/python3.12/site-packages/airflow/example_dags/example_branch_operator.py for tasks to queue
[2025-03-08T20:39:08.172+0000] {logging_mixin.py:190} INFO - [2025-03-08T20:39:08.172+0000] {dagbag.py:588} INFO - Filling up the DagBag from /home/airflow/.local/lib/python3.12/site-packages/airflow/example_dags/example_branch_operator.py
[2025-03-08T20:39:08.187+0000] {processor.py:925} INFO - DAG(s) 'example_branch_operator' retrieved from /home/airflow/.local/lib/python3.12/site-packages/airflow/example_dags/example_branch_operator.py
[2025-03-08T20:39:08.210+0000] {logging_mixin.py:190} INFO - [2025-03-08T20:39:08.210+0000] {dag.py:3239} INFO - Sync 1 DAGs
[2025-03-08T20:39:08.231+0000] {logging_mixin.py:190} INFO - [2025-03-08T20:39:08.230+0000] {dag.py:4180} INFO - Setting next_dagrun for example_branch_operator to 2025-03-07 00:00:00+00:00, run_after=2025-03-08 00:00:00+00:00
[2025-03-08T20:39:08.246+0000] {processor.py:208} INFO - Processing /home/airflow/.local/lib/python3.12/site-packages/airflow/example_dags/example_branch_operator.py took 0.082 seconds
[2025-03-08T20:39:38.384+0000] {processor.py:186} INFO - Started process (PID=950) to work on /home/airflow/.local/lib/python3.12/site-packages/airflow/example_dags/example_branch_operator.py
[2025-03-08T20:39:38.385+0000] {processor.py:914} INFO - Processing file /home/airflow/.local/lib/python3.12/site-packages/airflow/example_dags/example_branch_operator.py for tasks to queue
[2025-03-08T20:39:38.387+0000] {logging_mixin.py:190} INFO - [2025-03-08T20:39:38.387+0000] {dagbag.py:588} INFO - Filling up the DagBag from /home/airflow/.local/lib/python3.12/site-packages/airflow/example_dags/example_branch_operator.py
[2025-03-08T20:39:38.403+0000] {processor.py:925} INFO - DAG(s) 'example_branch_operator' retrieved from /home/airflow/.local/lib/python3.12/site-packages/airflow/example_dags/example_branch_operator.py
[2025-03-08T20:39:38.428+0000] {logging_mixin.py:190} INFO - [2025-03-08T20:39:38.428+0000] {dag.py:3239} INFO - Sync 1 DAGs
[2025-03-08T20:39:38.448+0000] {logging_mixin.py:190} INFO - [2025-03-08T20:39:38.448+0000] {dag.py:4180} INFO - Setting next_dagrun for example_branch_operator to 2025-03-07 00:00:00+00:00, run_after=2025-03-08 00:00:00+00:00
[2025-03-08T20:39:38.464+0000] {processor.py:208} INFO - Processing /home/airflow/.local/lib/python3.12/site-packages/airflow/example_dags/example_branch_operator.py took 0.085 seconds
[2025-03-08T20:40:09.063+0000] {processor.py:186} INFO - Started process (PID=1013) to work on /home/airflow/.local/lib/python3.12/site-packages/airflow/example_dags/example_branch_operator.py
[2025-03-08T20:40:09.064+0000] {processor.py:914} INFO - Processing file /home/airflow/.local/lib/python3.12/site-packages/airflow/example_dags/example_branch_operator.py for tasks to queue
[2025-03-08T20:40:09.067+0000] {logging_mixin.py:190} INFO - [2025-03-08T20:40:09.067+0000] {dagbag.py:588} INFO - Filling up the DagBag from /home/airflow/.local/lib/python3.12/site-packages/airflow/example_dags/example_branch_operator.py
[2025-03-08T20:40:09.085+0000] {processor.py:925} INFO - DAG(s) 'example_branch_operator' retrieved from /home/airflow/.local/lib/python3.12/site-packages/airflow/example_dags/example_branch_operator.py
[2025-03-08T20:40:09.110+0000] {logging_mixin.py:190} INFO - [2025-03-08T20:40:09.109+0000] {dag.py:3239} INFO - Sync 1 DAGs
[2025-03-08T20:40:09.128+0000] {logging_mixin.py:190} INFO - [2025-03-08T20:40:09.128+0000] {dag.py:4180} INFO - Setting next_dagrun for example_branch_operator to 2025-03-07 00:00:00+00:00, run_after=2025-03-08 00:00:00+00:00
[2025-03-08T20:40:09.145+0000] {processor.py:208} INFO - Processing /home/airflow/.local/lib/python3.12/site-packages/airflow/example_dags/example_branch_operator.py took 0.088 seconds
[2025-03-08T20:40:39.668+0000] {processor.py:186} INFO - Started process (PID=1076) to work on /home/airflow/.local/lib/python3.12/site-packages/airflow/example_dags/example_branch_operator.py
[2025-03-08T20:40:39.669+0000] {processor.py:914} INFO - Processing file /home/airflow/.local/lib/python3.12/site-packages/airflow/example_dags/example_branch_operator.py for tasks to queue
[2025-03-08T20:40:39.670+0000] {logging_mixin.py:190} INFO - [2025-03-08T20:40:39.670+0000] {dagbag.py:588} INFO - Filling up the DagBag from /home/airflow/.local/lib/python3.12/site-packages/airflow/example_dags/example_branch_operator.py
[2025-03-08T20:40:39.685+0000] {processor.py:925} INFO - DAG(s) 'example_branch_operator' retrieved from /home/airflow/.local/lib/python3.12/site-packages/airflow/example_dags/example_branch_operator.py
[2025-03-08T20:40:39.710+0000] {logging_mixin.py:190} INFO - [2025-03-08T20:40:39.710+0000] {dag.py:3239} INFO - Sync 1 DAGs
[2025-03-08T20:40:39.736+0000] {logging_mixin.py:190} INFO - [2025-03-08T20:40:39.735+0000] {dag.py:4180} INFO - Setting next_dagrun for example_branch_operator to 2025-03-07 00:00:00+00:00, run_after=2025-03-08 00:00:00+00:00
[2025-03-08T20:40:39.755+0000] {processor.py:208} INFO - Processing /home/airflow/.local/lib/python3.12/site-packages/airflow/example_dags/example_branch_operator.py took 0.092 seconds
[2025-03-08T20:41:10.001+0000] {processor.py:186} INFO - Started process (PID=1139) to work on /home/airflow/.local/lib/python3.12/site-packages/airflow/example_dags/example_branch_operator.py
[2025-03-08T20:41:10.002+0000] {processor.py:914} INFO - Processing file /home/airflow/.local/lib/python3.12/site-packages/airflow/example_dags/example_branch_operator.py for tasks to queue
[2025-03-08T20:41:10.004+0000] {logging_mixin.py:190} INFO - [2025-03-08T20:41:10.004+0000] {dagbag.py:588} INFO - Filling up the DagBag from /home/airflow/.local/lib/python3.12/site-packages/airflow/example_dags/example_branch_operator.py
[2025-03-08T20:41:10.019+0000] {processor.py:925} INFO - DAG(s) 'example_branch_operator' retrieved from /home/airflow/.local/lib/python3.12/site-packages/airflow/example_dags/example_branch_operator.py
[2025-03-08T20:41:10.042+0000] {logging_mixin.py:190} INFO - [2025-03-08T20:41:10.042+0000] {dag.py:3239} INFO - Sync 1 DAGs
[2025-03-08T20:41:10.062+0000] {logging_mixin.py:190} INFO - [2025-03-08T20:41:10.062+0000] {dag.py:4180} INFO - Setting next_dagrun for example_branch_operator to 2025-03-07 00:00:00+00:00, run_after=2025-03-08 00:00:00+00:00
[2025-03-08T20:41:10.079+0000] {processor.py:208} INFO - Processing /home/airflow/.local/lib/python3.12/site-packages/airflow/example_dags/example_branch_operator.py took 0.083 seconds
[2025-03-08T20:41:40.150+0000] {processor.py:186} INFO - Started process (PID=1202) to work on /home/airflow/.local/lib/python3.12/site-packages/airflow/example_dags/example_branch_operator.py
[2025-03-08T20:41:40.150+0000] {processor.py:914} INFO - Processing file /home/airflow/.local/lib/python3.12/site-packages/airflow/example_dags/example_branch_operator.py for tasks to queue
[2025-03-08T20:41:40.152+0000] {logging_mixin.py:190} INFO - [2025-03-08T20:41:40.152+0000] {dagbag.py:588} INFO - Filling up the DagBag from /home/airflow/.local/lib/python3.12/site-packages/airflow/example_dags/example_branch_operator.py
[2025-03-08T20:41:40.167+0000] {processor.py:925} INFO - DAG(s) 'example_branch_operator' retrieved from /home/airflow/.local/lib/python3.12/site-packages/airflow/example_dags/example_branch_operator.py
[2025-03-08T20:41:40.191+0000] {logging_mixin.py:190} INFO - [2025-03-08T20:41:40.191+0000] {dag.py:3239} INFO - Sync 1 DAGs
[2025-03-08T20:41:40.211+0000] {logging_mixin.py:190} INFO - [2025-03-08T20:41:40.211+0000] {dag.py:4180} INFO - Setting next_dagrun for example_branch_operator to 2025-03-07 00:00:00+00:00, run_after=2025-03-08 00:00:00+00:00
[2025-03-08T20:41:40.229+0000] {processor.py:208} INFO - Processing /home/airflow/.local/lib/python3.12/site-packages/airflow/example_dags/example_branch_operator.py took 0.085 seconds
[2025-03-08T20:42:10.737+0000] {processor.py:186} INFO - Started process (PID=1265) to work on /home/airflow/.local/lib/python3.12/site-packages/airflow/example_dags/example_branch_operator.py
[2025-03-08T20:42:10.738+0000] {processor.py:914} INFO - Processing file /home/airflow/.local/lib/python3.12/site-packages/airflow/example_dags/example_branch_operator.py for tasks to queue
[2025-03-08T20:42:10.740+0000] {logging_mixin.py:190} INFO - [2025-03-08T20:42:10.740+0000] {dagbag.py:588} INFO - Filling up the DagBag from /home/airflow/.local/lib/python3.12/site-packages/airflow/example_dags/example_branch_operator.py
[2025-03-08T20:42:10.756+0000] {processor.py:925} INFO - DAG(s) 'example_branch_operator' retrieved from /home/airflow/.local/lib/python3.12/site-packages/airflow/example_dags/example_branch_operator.py
[2025-03-08T20:42:10.781+0000] {logging_mixin.py:190} INFO - [2025-03-08T20:42:10.781+0000] {dag.py:3239} INFO - Sync 1 DAGs
[2025-03-08T20:42:10.801+0000] {logging_mixin.py:190} INFO - [2025-03-08T20:42:10.801+0000] {dag.py:4180} INFO - Setting next_dagrun for example_branch_operator to 2025-03-07 00:00:00+00:00, run_after=2025-03-08 00:00:00+00:00
[2025-03-08T20:42:10.816+0000] {processor.py:208} INFO - Processing /home/airflow/.local/lib/python3.12/site-packages/airflow/example_dags/example_branch_operator.py took 0.084 seconds
[2025-03-08T20:42:41.124+0000] {processor.py:186} INFO - Started process (PID=1328) to work on /home/airflow/.local/lib/python3.12/site-packages/airflow/example_dags/example_branch_operator.py
[2025-03-08T20:42:41.125+0000] {processor.py:914} INFO - Processing file /home/airflow/.local/lib/python3.12/site-packages/airflow/example_dags/example_branch_operator.py for tasks to queue
[2025-03-08T20:42:41.127+0000] {logging_mixin.py:190} INFO - [2025-03-08T20:42:41.127+0000] {dagbag.py:588} INFO - Filling up the DagBag from /home/airflow/.local/lib/python3.12/site-packages/airflow/example_dags/example_branch_operator.py
[2025-03-08T20:42:41.145+0000] {processor.py:925} INFO - DAG(s) 'example_branch_operator' retrieved from /home/airflow/.local/lib/python3.12/site-packages/airflow/example_dags/example_branch_operator.py
[2025-03-08T20:42:41.171+0000] {logging_mixin.py:190} INFO - [2025-03-08T20:42:41.171+0000] {dag.py:3239} INFO - Sync 1 DAGs
[2025-03-08T20:42:41.194+0000] {logging_mixin.py:190} INFO - [2025-03-08T20:42:41.194+0000] {dag.py:4180} INFO - Setting next_dagrun for example_branch_operator to 2025-03-07 00:00:00+00:00, run_after=2025-03-08 00:00:00+00:00
[2025-03-08T20:42:41.214+0000] {processor.py:208} INFO - Processing /home/airflow/.local/lib/python3.12/site-packages/airflow/example_dags/example_branch_operator.py took 0.095 seconds
[2025-03-08T20:43:12.099+0000] {processor.py:186} INFO - Started process (PID=1391) to work on /home/airflow/.local/lib/python3.12/site-packages/airflow/example_dags/example_branch_operator.py
[2025-03-08T20:43:12.099+0000] {processor.py:914} INFO - Processing file /home/airflow/.local/lib/python3.12/site-packages/airflow/example_dags/example_branch_operator.py for tasks to queue
[2025-03-08T20:43:12.101+0000] {logging_mixin.py:190} INFO - [2025-03-08T20:43:12.101+0000] {dagbag.py:588} INFO - Filling up the DagBag from /home/airflow/.local/lib/python3.12/site-packages/airflow/example_dags/example_branch_operator.py
[2025-03-08T20:43:12.116+0000] {processor.py:925} INFO - DAG(s) 'example_branch_operator' retrieved from /home/airflow/.local/lib/python3.12/site-packages/airflow/example_dags/example_branch_operator.py
[2025-03-08T20:43:12.141+0000] {logging_mixin.py:190} INFO - [2025-03-08T20:43:12.141+0000] {dag.py:3239} INFO - Sync 1 DAGs
[2025-03-08T20:43:12.161+0000] {logging_mixin.py:190} INFO - [2025-03-08T20:43:12.160+0000] {dag.py:4180} INFO - Setting next_dagrun for example_branch_operator to 2025-03-07 00:00:00+00:00, run_after=2025-03-08 00:00:00+00:00
[2025-03-08T20:43:12.176+0000] {processor.py:208} INFO - Processing /home/airflow/.local/lib/python3.12/site-packages/airflow/example_dags/example_branch_operator.py took 0.082 seconds
[2025-03-08T20:43:42.550+0000] {processor.py:186} INFO - Started process (PID=1454) to work on /home/airflow/.local/lib/python3.12/site-packages/airflow/example_dags/example_branch_operator.py
[2025-03-08T20:43:42.551+0000] {processor.py:914} INFO - Processing file /home/airflow/.local/lib/python3.12/site-packages/airflow/example_dags/example_branch_operator.py for tasks to queue
[2025-03-08T20:43:42.553+0000] {logging_mixin.py:190} INFO - [2025-03-08T20:43:42.553+0000] {dagbag.py:588} INFO - Filling up the DagBag from /home/airflow/.local/lib/python3.12/site-packages/airflow/example_dags/example_branch_operator.py
[2025-03-08T20:43:42.568+0000] {processor.py:925} INFO - DAG(s) 'example_branch_operator' retrieved from /home/airflow/.local/lib/python3.12/site-packages/airflow/example_dags/example_branch_operator.py
[2025-03-08T20:43:42.591+0000] {logging_mixin.py:190} INFO - [2025-03-08T20:43:42.591+0000] {dag.py:3239} INFO - Sync 1 DAGs
[2025-03-08T20:43:42.611+0000] {logging_mixin.py:190} INFO - [2025-03-08T20:43:42.610+0000] {dag.py:4180} INFO - Setting next_dagrun for example_branch_operator to 2025-03-07 00:00:00+00:00, run_after=2025-03-08 00:00:00+00:00
[2025-03-08T20:43:42.627+0000] {processor.py:208} INFO - Processing /home/airflow/.local/lib/python3.12/site-packages/airflow/example_dags/example_branch_operator.py took 0.081 seconds
[2025-03-08T20:44:13.005+0000] {processor.py:186} INFO - Started process (PID=1517) to work on /home/airflow/.local/lib/python3.12/site-packages/airflow/example_dags/example_branch_operator.py
[2025-03-08T20:44:13.005+0000] {processor.py:914} INFO - Processing file /home/airflow/.local/lib/python3.12/site-packages/airflow/example_dags/example_branch_operator.py for tasks to queue
[2025-03-08T20:44:13.007+0000] {logging_mixin.py:190} INFO - [2025-03-08T20:44:13.007+0000] {dagbag.py:588} INFO - Filling up the DagBag from /home/airflow/.local/lib/python3.12/site-packages/airflow/example_dags/example_branch_operator.py
[2025-03-08T20:44:13.022+0000] {processor.py:925} INFO - DAG(s) 'example_branch_operator' retrieved from /home/airflow/.local/lib/python3.12/site-packages/airflow/example_dags/example_branch_operator.py
[2025-03-08T20:44:13.046+0000] {logging_mixin.py:190} INFO - [2025-03-08T20:44:13.045+0000] {dag.py:3239} INFO - Sync 1 DAGs
[2025-03-08T20:44:13.065+0000] {logging_mixin.py:190} INFO - [2025-03-08T20:44:13.065+0000] {dag.py:4180} INFO - Setting next_dagrun for example_branch_operator to 2025-03-07 00:00:00+00:00, run_after=2025-03-08 00:00:00+00:00
[2025-03-08T20:44:13.080+0000] {processor.py:208} INFO - Processing /home/airflow/.local/lib/python3.12/site-packages/airflow/example_dags/example_branch_operator.py took 0.080 seconds
[2025-03-08T20:44:44.801+0000] {processor.py:186} INFO - Started process (PID=1580) to work on /home/airflow/.local/lib/python3.12/site-packages/airflow/example_dags/example_branch_operator.py
[2025-03-08T20:44:44.802+0000] {processor.py:914} INFO - Processing file /home/airflow/.local/lib/python3.12/site-packages/airflow/example_dags/example_branch_operator.py for tasks to queue
[2025-03-08T20:44:44.804+0000] {logging_mixin.py:190} INFO - [2025-03-08T20:44:44.804+0000] {dagbag.py:588} INFO - Filling up the DagBag from /home/airflow/.local/lib/python3.12/site-packages/airflow/example_dags/example_branch_operator.py
[2025-03-08T20:44:44.819+0000] {processor.py:925} INFO - DAG(s) 'example_branch_operator' retrieved from /home/airflow/.local/lib/python3.12/site-packages/airflow/example_dags/example_branch_operator.py
[2025-03-08T20:44:44.844+0000] {logging_mixin.py:190} INFO - [2025-03-08T20:44:44.844+0000] {dag.py:3239} INFO - Sync 1 DAGs
[2025-03-08T20:44:44.863+0000] {logging_mixin.py:190} INFO - [2025-03-08T20:44:44.863+0000] {dag.py:4180} INFO - Setting next_dagrun for example_branch_operator to 2025-03-07 00:00:00+00:00, run_after=2025-03-08 00:00:00+00:00
[2025-03-08T20:44:44.879+0000] {processor.py:208} INFO - Processing /home/airflow/.local/lib/python3.12/site-packages/airflow/example_dags/example_branch_operator.py took 0.083 seconds
[2025-03-08T20:45:15.288+0000] {processor.py:186} INFO - Started process (PID=1643) to work on /home/airflow/.local/lib/python3.12/site-packages/airflow/example_dags/example_branch_operator.py
[2025-03-08T20:45:15.289+0000] {processor.py:914} INFO - Processing file /home/airflow/.local/lib/python3.12/site-packages/airflow/example_dags/example_branch_operator.py for tasks to queue
[2025-03-08T20:45:15.291+0000] {logging_mixin.py:190} INFO - [2025-03-08T20:45:15.290+0000] {dagbag.py:588} INFO - Filling up the DagBag from /home/airflow/.local/lib/python3.12/site-packages/airflow/example_dags/example_branch_operator.py
[2025-03-08T20:45:15.305+0000] {processor.py:925} INFO - DAG(s) 'example_branch_operator' retrieved from /home/airflow/.local/lib/python3.12/site-packages/airflow/example_dags/example_branch_operator.py
[2025-03-08T20:45:15.328+0000] {logging_mixin.py:190} INFO - [2025-03-08T20:45:15.328+0000] {dag.py:3239} INFO - Sync 1 DAGs
[2025-03-08T20:45:15.347+0000] {logging_mixin.py:190} INFO - [2025-03-08T20:45:15.347+0000] {dag.py:4180} INFO - Setting next_dagrun for example_branch_operator to 2025-03-07 00:00:00+00:00, run_after=2025-03-08 00:00:00+00:00
[2025-03-08T20:45:15.364+0000] {processor.py:208} INFO - Processing /home/airflow/.local/lib/python3.12/site-packages/airflow/example_dags/example_branch_operator.py took 0.081 seconds
[2025-03-08T20:45:45.844+0000] {processor.py:186} INFO - Started process (PID=1706) to work on /home/airflow/.local/lib/python3.12/site-packages/airflow/example_dags/example_branch_operator.py
[2025-03-08T20:45:45.845+0000] {processor.py:914} INFO - Processing file /home/airflow/.local/lib/python3.12/site-packages/airflow/example_dags/example_branch_operator.py for tasks to queue
[2025-03-08T20:45:45.847+0000] {logging_mixin.py:190} INFO - [2025-03-08T20:45:45.846+0000] {dagbag.py:588} INFO - Filling up the DagBag from /home/airflow/.local/lib/python3.12/site-packages/airflow/example_dags/example_branch_operator.py
[2025-03-08T20:45:45.861+0000] {processor.py:925} INFO - DAG(s) 'example_branch_operator' retrieved from /home/airflow/.local/lib/python3.12/site-packages/airflow/example_dags/example_branch_operator.py
[2025-03-08T20:45:45.883+0000] {logging_mixin.py:190} INFO - [2025-03-08T20:45:45.883+0000] {dag.py:3239} INFO - Sync 1 DAGs
[2025-03-08T20:45:45.903+0000] {logging_mixin.py:190} INFO - [2025-03-08T20:45:45.903+0000] {dag.py:4180} INFO - Setting next_dagrun for example_branch_operator to 2025-03-07 00:00:00+00:00, run_after=2025-03-08 00:00:00+00:00
[2025-03-08T20:45:45.920+0000] {processor.py:208} INFO - Processing /home/airflow/.local/lib/python3.12/site-packages/airflow/example_dags/example_branch_operator.py took 0.081 seconds
[2025-03-08T20:46:16.268+0000] {processor.py:186} INFO - Started process (PID=1769) to work on /home/airflow/.local/lib/python3.12/site-packages/airflow/example_dags/example_branch_operator.py
[2025-03-08T20:46:16.269+0000] {processor.py:914} INFO - Processing file /home/airflow/.local/lib/python3.12/site-packages/airflow/example_dags/example_branch_operator.py for tasks to queue
[2025-03-08T20:46:16.272+0000] {logging_mixin.py:190} INFO - [2025-03-08T20:46:16.272+0000] {dagbag.py:588} INFO - Filling up the DagBag from /home/airflow/.local/lib/python3.12/site-packages/airflow/example_dags/example_branch_operator.py
[2025-03-08T20:46:16.288+0000] {processor.py:925} INFO - DAG(s) 'example_branch_operator' retrieved from /home/airflow/.local/lib/python3.12/site-packages/airflow/example_dags/example_branch_operator.py
[2025-03-08T20:46:16.311+0000] {logging_mixin.py:190} INFO - [2025-03-08T20:46:16.311+0000] {dag.py:3239} INFO - Sync 1 DAGs
[2025-03-08T20:46:16.332+0000] {logging_mixin.py:190} INFO - [2025-03-08T20:46:16.331+0000] {dag.py:4180} INFO - Setting next_dagrun for example_branch_operator to 2025-03-07 00:00:00+00:00, run_after=2025-03-08 00:00:00+00:00
[2025-03-08T20:46:16.347+0000] {processor.py:208} INFO - Processing /home/airflow/.local/lib/python3.12/site-packages/airflow/example_dags/example_branch_operator.py took 0.085 seconds
[2025-03-08T20:46:47.124+0000] {processor.py:186} INFO - Started process (PID=1832) to work on /home/airflow/.local/lib/python3.12/site-packages/airflow/example_dags/example_branch_operator.py
[2025-03-08T20:46:47.125+0000] {processor.py:914} INFO - Processing file /home/airflow/.local/lib/python3.12/site-packages/airflow/example_dags/example_branch_operator.py for tasks to queue
[2025-03-08T20:46:47.127+0000] {logging_mixin.py:190} INFO - [2025-03-08T20:46:47.127+0000] {dagbag.py:588} INFO - Filling up the DagBag from /home/airflow/.local/lib/python3.12/site-packages/airflow/example_dags/example_branch_operator.py
[2025-03-08T20:46:47.142+0000] {processor.py:925} INFO - DAG(s) 'example_branch_operator' retrieved from /home/airflow/.local/lib/python3.12/site-packages/airflow/example_dags/example_branch_operator.py
[2025-03-08T20:46:47.164+0000] {logging_mixin.py:190} INFO - [2025-03-08T20:46:47.164+0000] {dag.py:3239} INFO - Sync 1 DAGs
[2025-03-08T20:46:47.184+0000] {logging_mixin.py:190} INFO - [2025-03-08T20:46:47.184+0000] {dag.py:4180} INFO - Setting next_dagrun for example_branch_operator to 2025-03-07 00:00:00+00:00, run_after=2025-03-08 00:00:00+00:00
[2025-03-08T20:46:47.202+0000] {processor.py:208} INFO - Processing /home/airflow/.local/lib/python3.12/site-packages/airflow/example_dags/example_branch_operator.py took 0.083 seconds
[2025-03-08T20:47:17.407+0000] {processor.py:186} INFO - Started process (PID=1895) to work on /home/airflow/.local/lib/python3.12/site-packages/airflow/example_dags/example_branch_operator.py
[2025-03-08T20:47:17.408+0000] {processor.py:914} INFO - Processing file /home/airflow/.local/lib/python3.12/site-packages/airflow/example_dags/example_branch_operator.py for tasks to queue
[2025-03-08T20:47:17.410+0000] {logging_mixin.py:190} INFO - [2025-03-08T20:47:17.410+0000] {dagbag.py:588} INFO - Filling up the DagBag from /home/airflow/.local/lib/python3.12/site-packages/airflow/example_dags/example_branch_operator.py
[2025-03-08T20:47:17.428+0000] {processor.py:925} INFO - DAG(s) 'example_branch_operator' retrieved from /home/airflow/.local/lib/python3.12/site-packages/airflow/example_dags/example_branch_operator.py
[2025-03-08T20:47:17.452+0000] {logging_mixin.py:190} INFO - [2025-03-08T20:47:17.452+0000] {dag.py:3239} INFO - Sync 1 DAGs
[2025-03-08T20:47:17.476+0000] {logging_mixin.py:190} INFO - [2025-03-08T20:47:17.476+0000] {dag.py:4180} INFO - Setting next_dagrun for example_branch_operator to 2025-03-07 00:00:00+00:00, run_after=2025-03-08 00:00:00+00:00
[2025-03-08T20:47:17.493+0000] {processor.py:208} INFO - Processing /home/airflow/.local/lib/python3.12/site-packages/airflow/example_dags/example_branch_operator.py took 0.091 seconds
[2025-03-08T20:47:47.593+0000] {processor.py:186} INFO - Started process (PID=1958) to work on /home/airflow/.local/lib/python3.12/site-packages/airflow/example_dags/example_branch_operator.py
[2025-03-08T20:47:47.594+0000] {processor.py:914} INFO - Processing file /home/airflow/.local/lib/python3.12/site-packages/airflow/example_dags/example_branch_operator.py for tasks to queue
[2025-03-08T20:47:47.596+0000] {logging_mixin.py:190} INFO - [2025-03-08T20:47:47.596+0000] {dagbag.py:588} INFO - Filling up the DagBag from /home/airflow/.local/lib/python3.12/site-packages/airflow/example_dags/example_branch_operator.py
[2025-03-08T20:47:47.613+0000] {processor.py:925} INFO - DAG(s) 'example_branch_operator' retrieved from /home/airflow/.local/lib/python3.12/site-packages/airflow/example_dags/example_branch_operator.py
[2025-03-08T20:47:47.635+0000] {logging_mixin.py:190} INFO - [2025-03-08T20:47:47.635+0000] {dag.py:3239} INFO - Sync 1 DAGs
[2025-03-08T20:47:47.655+0000] {logging_mixin.py:190} INFO - [2025-03-08T20:47:47.655+0000] {dag.py:4180} INFO - Setting next_dagrun for example_branch_operator to 2025-03-07 00:00:00+00:00, run_after=2025-03-08 00:00:00+00:00
[2025-03-08T20:47:47.671+0000] {processor.py:208} INFO - Processing /home/airflow/.local/lib/python3.12/site-packages/airflow/example_dags/example_branch_operator.py took 0.084 seconds
[2025-03-08T20:48:18.269+0000] {processor.py:186} INFO - Started process (PID=2021) to work on /home/airflow/.local/lib/python3.12/site-packages/airflow/example_dags/example_branch_operator.py
[2025-03-08T20:48:18.271+0000] {processor.py:914} INFO - Processing file /home/airflow/.local/lib/python3.12/site-packages/airflow/example_dags/example_branch_operator.py for tasks to queue
[2025-03-08T20:48:18.273+0000] {logging_mixin.py:190} INFO - [2025-03-08T20:48:18.273+0000] {dagbag.py:588} INFO - Filling up the DagBag from /home/airflow/.local/lib/python3.12/site-packages/airflow/example_dags/example_branch_operator.py
[2025-03-08T20:48:18.292+0000] {processor.py:925} INFO - DAG(s) 'example_branch_operator' retrieved from /home/airflow/.local/lib/python3.12/site-packages/airflow/example_dags/example_branch_operator.py
[2025-03-08T20:48:18.315+0000] {logging_mixin.py:190} INFO - [2025-03-08T20:48:18.315+0000] {dag.py:3239} INFO - Sync 1 DAGs
[2025-03-08T20:48:18.334+0000] {logging_mixin.py:190} INFO - [2025-03-08T20:48:18.334+0000] {dag.py:4180} INFO - Setting next_dagrun for example_branch_operator to 2025-03-07 00:00:00+00:00, run_after=2025-03-08 00:00:00+00:00
[2025-03-08T20:48:18.349+0000] {processor.py:208} INFO - Processing /home/airflow/.local/lib/python3.12/site-packages/airflow/example_dags/example_branch_operator.py took 0.086 seconds
[2025-03-08T20:48:48.635+0000] {processor.py:186} INFO - Started process (PID=2084) to work on /home/airflow/.local/lib/python3.12/site-packages/airflow/example_dags/example_branch_operator.py
[2025-03-08T20:48:48.636+0000] {processor.py:914} INFO - Processing file /home/airflow/.local/lib/python3.12/site-packages/airflow/example_dags/example_branch_operator.py for tasks to queue
[2025-03-08T20:48:48.638+0000] {logging_mixin.py:190} INFO - [2025-03-08T20:48:48.638+0000] {dagbag.py:588} INFO - Filling up the DagBag from /home/airflow/.local/lib/python3.12/site-packages/airflow/example_dags/example_branch_operator.py
[2025-03-08T20:48:48.654+0000] {processor.py:925} INFO - DAG(s) 'example_branch_operator' retrieved from /home/airflow/.local/lib/python3.12/site-packages/airflow/example_dags/example_branch_operator.py
[2025-03-08T20:48:48.678+0000] {logging_mixin.py:190} INFO - [2025-03-08T20:48:48.678+0000] {dag.py:3239} INFO - Sync 1 DAGs
[2025-03-08T20:48:48.698+0000] {logging_mixin.py:190} INFO - [2025-03-08T20:48:48.698+0000] {dag.py:4180} INFO - Setting next_dagrun for example_branch_operator to 2025-03-07 00:00:00+00:00, run_after=2025-03-08 00:00:00+00:00
[2025-03-08T20:48:48.716+0000] {processor.py:208} INFO - Processing /home/airflow/.local/lib/python3.12/site-packages/airflow/example_dags/example_branch_operator.py took 0.086 seconds
[2025-03-08T20:49:18.889+0000] {processor.py:186} INFO - Started process (PID=2147) to work on /home/airflow/.local/lib/python3.12/site-packages/airflow/example_dags/example_branch_operator.py
[2025-03-08T20:49:18.890+0000] {processor.py:914} INFO - Processing file /home/airflow/.local/lib/python3.12/site-packages/airflow/example_dags/example_branch_operator.py for tasks to queue
[2025-03-08T20:49:18.893+0000] {logging_mixin.py:190} INFO - [2025-03-08T20:49:18.893+0000] {dagbag.py:588} INFO - Filling up the DagBag from /home/airflow/.local/lib/python3.12/site-packages/airflow/example_dags/example_branch_operator.py
[2025-03-08T20:49:18.909+0000] {processor.py:925} INFO - DAG(s) 'example_branch_operator' retrieved from /home/airflow/.local/lib/python3.12/site-packages/airflow/example_dags/example_branch_operator.py
[2025-03-08T20:49:18.932+0000] {logging_mixin.py:190} INFO - [2025-03-08T20:49:18.932+0000] {dag.py:3239} INFO - Sync 1 DAGs
[2025-03-08T20:49:18.955+0000] {logging_mixin.py:190} INFO - [2025-03-08T20:49:18.954+0000] {dag.py:4180} INFO - Setting next_dagrun for example_branch_operator to 2025-03-07 00:00:00+00:00, run_after=2025-03-08 00:00:00+00:00
[2025-03-08T20:49:18.972+0000] {processor.py:208} INFO - Processing /home/airflow/.local/lib/python3.12/site-packages/airflow/example_dags/example_branch_operator.py took 0.090 seconds
[2025-03-08T20:49:49.714+0000] {processor.py:186} INFO - Started process (PID=2210) to work on /home/airflow/.local/lib/python3.12/site-packages/airflow/example_dags/example_branch_operator.py
[2025-03-08T20:49:49.715+0000] {processor.py:914} INFO - Processing file /home/airflow/.local/lib/python3.12/site-packages/airflow/example_dags/example_branch_operator.py for tasks to queue
[2025-03-08T20:49:49.717+0000] {logging_mixin.py:190} INFO - [2025-03-08T20:49:49.717+0000] {dagbag.py:588} INFO - Filling up the DagBag from /home/airflow/.local/lib/python3.12/site-packages/airflow/example_dags/example_branch_operator.py
[2025-03-08T20:49:49.735+0000] {processor.py:925} INFO - DAG(s) 'example_branch_operator' retrieved from /home/airflow/.local/lib/python3.12/site-packages/airflow/example_dags/example_branch_operator.py
[2025-03-08T20:49:49.761+0000] {logging_mixin.py:190} INFO - [2025-03-08T20:49:49.760+0000] {dag.py:3239} INFO - Sync 1 DAGs
[2025-03-08T20:49:49.786+0000] {logging_mixin.py:190} INFO - [2025-03-08T20:49:49.786+0000] {dag.py:4180} INFO - Setting next_dagrun for example_branch_operator to 2025-03-07 00:00:00+00:00, run_after=2025-03-08 00:00:00+00:00
[2025-03-08T20:49:49.804+0000] {processor.py:208} INFO - Processing /home/airflow/.local/lib/python3.12/site-packages/airflow/example_dags/example_branch_operator.py took 0.096 seconds
[2025-03-08T20:50:19.915+0000] {processor.py:186} INFO - Started process (PID=2273) to work on /home/airflow/.local/lib/python3.12/site-packages/airflow/example_dags/example_branch_operator.py
[2025-03-08T20:50:19.916+0000] {processor.py:914} INFO - Processing file /home/airflow/.local/lib/python3.12/site-packages/airflow/example_dags/example_branch_operator.py for tasks to queue
[2025-03-08T20:50:19.918+0000] {logging_mixin.py:190} INFO - [2025-03-08T20:50:19.918+0000] {dagbag.py:588} INFO - Filling up the DagBag from /home/airflow/.local/lib/python3.12/site-packages/airflow/example_dags/example_branch_operator.py
[2025-03-08T20:50:19.938+0000] {processor.py:925} INFO - DAG(s) 'example_branch_operator' retrieved from /home/airflow/.local/lib/python3.12/site-packages/airflow/example_dags/example_branch_operator.py
[2025-03-08T20:50:19.965+0000] {logging_mixin.py:190} INFO - [2025-03-08T20:50:19.965+0000] {dag.py:3239} INFO - Sync 1 DAGs
[2025-03-08T20:50:19.990+0000] {logging_mixin.py:190} INFO - [2025-03-08T20:50:19.989+0000] {dag.py:4180} INFO - Setting next_dagrun for example_branch_operator to 2025-03-07 00:00:00+00:00, run_after=2025-03-08 00:00:00+00:00
[2025-03-08T20:50:20.007+0000] {processor.py:208} INFO - Processing /home/airflow/.local/lib/python3.12/site-packages/airflow/example_dags/example_branch_operator.py took 0.099 seconds
