[2025-03-08T20:32:29.845+0000] {processor.py:186} INFO - Started process (PID=63) to work on /home/airflow/.local/lib/python3.12/site-packages/airflow/example_dags/example_params_trigger_ui.py
[2025-03-08T20:32:29.846+0000] {processor.py:914} INFO - Processing file /home/airflow/.local/lib/python3.12/site-packages/airflow/example_dags/example_params_trigger_ui.py for tasks to queue
[2025-03-08T20:32:29.849+0000] {logging_mixin.py:190} INFO - [2025-03-08T20:32:29.849+0000] {dagbag.py:588} INFO - Filling up the DagBag from /home/airflow/.local/lib/python3.12/site-packages/airflow/example_dags/example_params_trigger_ui.py
[2025-03-08T20:32:29.863+0000] {processor.py:925} INFO - DAG(s) 'example_params_trigger_ui' retrieved from /home/airflow/.local/lib/python3.12/site-packages/airflow/example_dags/example_params_trigger_ui.py
[2025-03-08T20:32:29.990+0000] {logging_mixin.py:190} INFO - [2025-03-08T20:32:29.989+0000] {override.py:1912} INFO - Created Permission View: can edit on DAG:example_params_trigger_ui
[2025-03-08T20:32:29.998+0000] {logging_mixin.py:190} INFO - [2025-03-08T20:32:29.998+0000] {override.py:1912} INFO - Created Permission View: can read on DAG:example_params_trigger_ui
[2025-03-08T20:32:30.004+0000] {logging_mixin.py:190} INFO - [2025-03-08T20:32:30.004+0000] {override.py:1912} INFO - Created Permission View: can delete on DAG:example_params_trigger_ui
[2025-03-08T20:32:30.010+0000] {logging_mixin.py:190} INFO - [2025-03-08T20:32:30.010+0000] {override.py:1912} INFO - Created Permission View: can read on DAG Run:example_params_trigger_ui
[2025-03-08T20:32:30.015+0000] {logging_mixin.py:190} INFO - [2025-03-08T20:32:30.015+0000] {override.py:1912} INFO - Created Permission View: menu access on DAG Run:example_params_trigger_ui
[2025-03-08T20:32:30.020+0000] {logging_mixin.py:190} INFO - [2025-03-08T20:32:30.019+0000] {override.py:1912} INFO - Created Permission View: can create on DAG Run:example_params_trigger_ui
[2025-03-08T20:32:30.025+0000] {logging_mixin.py:190} INFO - [2025-03-08T20:32:30.024+0000] {override.py:1912} INFO - Created Permission View: can delete on DAG Run:example_params_trigger_ui
[2025-03-08T20:32:30.025+0000] {logging_mixin.py:190} INFO - [2025-03-08T20:32:30.025+0000] {dag.py:3239} INFO - Sync 1 DAGs
[2025-03-08T20:32:30.035+0000] {logging_mixin.py:190} INFO - [2025-03-08T20:32:30.035+0000] {dag.py:3262} INFO - Creating ORM DAG for example_params_trigger_ui
[2025-03-08T20:32:30.036+0000] {logging_mixin.py:190} INFO - [2025-03-08T20:32:30.036+0000] {dag.py:4180} INFO - Setting next_dagrun for example_params_trigger_ui to None, run_after=None
[2025-03-08T20:32:30.052+0000] {processor.py:208} INFO - Processing /home/airflow/.local/lib/python3.12/site-packages/airflow/example_dags/example_params_trigger_ui.py took 0.212 seconds
[2025-03-08T20:33:00.338+0000] {processor.py:186} INFO - Started process (PID=132) to work on /home/airflow/.local/lib/python3.12/site-packages/airflow/example_dags/example_params_trigger_ui.py
[2025-03-08T20:33:00.339+0000] {processor.py:914} INFO - Processing file /home/airflow/.local/lib/python3.12/site-packages/airflow/example_dags/example_params_trigger_ui.py for tasks to queue
[2025-03-08T20:33:00.341+0000] {logging_mixin.py:190} INFO - [2025-03-08T20:33:00.341+0000] {dagbag.py:588} INFO - Filling up the DagBag from /home/airflow/.local/lib/python3.12/site-packages/airflow/example_dags/example_params_trigger_ui.py
[2025-03-08T20:33:00.350+0000] {processor.py:925} INFO - DAG(s) 'example_params_trigger_ui' retrieved from /home/airflow/.local/lib/python3.12/site-packages/airflow/example_dags/example_params_trigger_ui.py
[2025-03-08T20:33:00.394+0000] {logging_mixin.py:190} INFO - [2025-03-08T20:33:00.394+0000] {dag.py:3239} INFO - Sync 1 DAGs
[2025-03-08T20:33:00.406+0000] {logging_mixin.py:190} INFO - [2025-03-08T20:33:00.406+0000] {dag.py:4180} INFO - Setting next_dagrun for example_params_trigger_ui to None, run_after=None
[2025-03-08T20:33:00.422+0000] {processor.py:208} INFO - Processing /home/airflow/.local/lib/python3.12/site-packages/airflow/example_dags/example_params_trigger_ui.py took 0.088 seconds
[2025-03-08T20:33:30.980+0000] {processor.py:186} INFO - Started process (PID=195) to work on /home/airflow/.local/lib/python3.12/site-packages/airflow/example_dags/example_params_trigger_ui.py
[2025-03-08T20:33:30.981+0000] {processor.py:914} INFO - Processing file /home/airflow/.local/lib/python3.12/site-packages/airflow/example_dags/example_params_trigger_ui.py for tasks to queue
[2025-03-08T20:33:30.983+0000] {logging_mixin.py:190} INFO - [2025-03-08T20:33:30.983+0000] {dagbag.py:588} INFO - Filling up the DagBag from /home/airflow/.local/lib/python3.12/site-packages/airflow/example_dags/example_params_trigger_ui.py
[2025-03-08T20:33:30.993+0000] {processor.py:925} INFO - DAG(s) 'example_params_trigger_ui' retrieved from /home/airflow/.local/lib/python3.12/site-packages/airflow/example_dags/example_params_trigger_ui.py
[2025-03-08T20:33:31.030+0000] {logging_mixin.py:190} INFO - [2025-03-08T20:33:31.030+0000] {dag.py:3239} INFO - Sync 1 DAGs
[2025-03-08T20:33:31.041+0000] {logging_mixin.py:190} INFO - [2025-03-08T20:33:31.041+0000] {dag.py:4180} INFO - Setting next_dagrun for example_params_trigger_ui to None, run_after=None
[2025-03-08T20:33:31.057+0000] {processor.py:208} INFO - Processing /home/airflow/.local/lib/python3.12/site-packages/airflow/example_dags/example_params_trigger_ui.py took 0.082 seconds
[2025-03-08T20:34:01.865+0000] {processor.py:186} INFO - Started process (PID=259) to work on /home/airflow/.local/lib/python3.12/site-packages/airflow/example_dags/example_params_trigger_ui.py
[2025-03-08T20:34:01.866+0000] {processor.py:914} INFO - Processing file /home/airflow/.local/lib/python3.12/site-packages/airflow/example_dags/example_params_trigger_ui.py for tasks to queue
[2025-03-08T20:34:01.869+0000] {logging_mixin.py:190} INFO - [2025-03-08T20:34:01.868+0000] {dagbag.py:588} INFO - Filling up the DagBag from /home/airflow/.local/lib/python3.12/site-packages/airflow/example_dags/example_params_trigger_ui.py
[2025-03-08T20:34:01.882+0000] {processor.py:925} INFO - DAG(s) 'example_params_trigger_ui' retrieved from /home/airflow/.local/lib/python3.12/site-packages/airflow/example_dags/example_params_trigger_ui.py
[2025-03-08T20:34:01.930+0000] {logging_mixin.py:190} INFO - [2025-03-08T20:34:01.930+0000] {dag.py:3239} INFO - Sync 1 DAGs
[2025-03-08T20:34:01.949+0000] {logging_mixin.py:190} INFO - [2025-03-08T20:34:01.949+0000] {dag.py:4180} INFO - Setting next_dagrun for example_params_trigger_ui to None, run_after=None
[2025-03-08T20:34:01.971+0000] {processor.py:208} INFO - Processing /home/airflow/.local/lib/python3.12/site-packages/airflow/example_dags/example_params_trigger_ui.py took 0.112 seconds
[2025-03-08T20:34:32.206+0000] {processor.py:186} INFO - Started process (PID=322) to work on /home/airflow/.local/lib/python3.12/site-packages/airflow/example_dags/example_params_trigger_ui.py
[2025-03-08T20:34:32.207+0000] {processor.py:914} INFO - Processing file /home/airflow/.local/lib/python3.12/site-packages/airflow/example_dags/example_params_trigger_ui.py for tasks to queue
[2025-03-08T20:34:32.211+0000] {logging_mixin.py:190} INFO - [2025-03-08T20:34:32.210+0000] {dagbag.py:588} INFO - Filling up the DagBag from /home/airflow/.local/lib/python3.12/site-packages/airflow/example_dags/example_params_trigger_ui.py
[2025-03-08T20:34:32.226+0000] {processor.py:925} INFO - DAG(s) 'example_params_trigger_ui' retrieved from /home/airflow/.local/lib/python3.12/site-packages/airflow/example_dags/example_params_trigger_ui.py
[2025-03-08T20:34:32.284+0000] {logging_mixin.py:190} INFO - [2025-03-08T20:34:32.283+0000] {dag.py:3239} INFO - Sync 1 DAGs
[2025-03-08T20:34:32.301+0000] {logging_mixin.py:190} INFO - [2025-03-08T20:34:32.301+0000] {dag.py:4180} INFO - Setting next_dagrun for example_params_trigger_ui to None, run_after=None
[2025-03-08T20:34:32.324+0000] {processor.py:208} INFO - Processing /home/airflow/.local/lib/python3.12/site-packages/airflow/example_dags/example_params_trigger_ui.py took 0.124 seconds
[2025-03-08T20:35:02.946+0000] {processor.py:186} INFO - Started process (PID=384) to work on /home/airflow/.local/lib/python3.12/site-packages/airflow/example_dags/example_params_trigger_ui.py
[2025-03-08T20:35:02.947+0000] {processor.py:914} INFO - Processing file /home/airflow/.local/lib/python3.12/site-packages/airflow/example_dags/example_params_trigger_ui.py for tasks to queue
[2025-03-08T20:35:02.949+0000] {logging_mixin.py:190} INFO - [2025-03-08T20:35:02.949+0000] {dagbag.py:588} INFO - Filling up the DagBag from /home/airflow/.local/lib/python3.12/site-packages/airflow/example_dags/example_params_trigger_ui.py
[2025-03-08T20:35:02.958+0000] {processor.py:925} INFO - DAG(s) 'example_params_trigger_ui' retrieved from /home/airflow/.local/lib/python3.12/site-packages/airflow/example_dags/example_params_trigger_ui.py
[2025-03-08T20:35:02.994+0000] {logging_mixin.py:190} INFO - [2025-03-08T20:35:02.994+0000] {dag.py:3239} INFO - Sync 1 DAGs
[2025-03-08T20:35:03.007+0000] {logging_mixin.py:190} INFO - [2025-03-08T20:35:03.006+0000] {dag.py:4180} INFO - Setting next_dagrun for example_params_trigger_ui to None, run_after=None
[2025-03-08T20:35:03.022+0000] {processor.py:208} INFO - Processing /home/airflow/.local/lib/python3.12/site-packages/airflow/example_dags/example_params_trigger_ui.py took 0.081 seconds
[2025-03-08T20:35:33.447+0000] {processor.py:186} INFO - Started process (PID=447) to work on /home/airflow/.local/lib/python3.12/site-packages/airflow/example_dags/example_params_trigger_ui.py
[2025-03-08T20:35:33.448+0000] {processor.py:914} INFO - Processing file /home/airflow/.local/lib/python3.12/site-packages/airflow/example_dags/example_params_trigger_ui.py for tasks to queue
[2025-03-08T20:35:33.450+0000] {logging_mixin.py:190} INFO - [2025-03-08T20:35:33.450+0000] {dagbag.py:588} INFO - Filling up the DagBag from /home/airflow/.local/lib/python3.12/site-packages/airflow/example_dags/example_params_trigger_ui.py
[2025-03-08T20:35:33.459+0000] {processor.py:925} INFO - DAG(s) 'example_params_trigger_ui' retrieved from /home/airflow/.local/lib/python3.12/site-packages/airflow/example_dags/example_params_trigger_ui.py
[2025-03-08T20:35:33.496+0000] {logging_mixin.py:190} INFO - [2025-03-08T20:35:33.495+0000] {dag.py:3239} INFO - Sync 1 DAGs
[2025-03-08T20:35:33.509+0000] {logging_mixin.py:190} INFO - [2025-03-08T20:35:33.509+0000] {dag.py:4180} INFO - Setting next_dagrun for example_params_trigger_ui to None, run_after=None
[2025-03-08T20:35:33.526+0000] {processor.py:208} INFO - Processing /home/airflow/.local/lib/python3.12/site-packages/airflow/example_dags/example_params_trigger_ui.py took 0.084 seconds
[2025-03-08T20:36:04.094+0000] {processor.py:186} INFO - Started process (PID=510) to work on /home/airflow/.local/lib/python3.12/site-packages/airflow/example_dags/example_params_trigger_ui.py
[2025-03-08T20:36:04.095+0000] {processor.py:914} INFO - Processing file /home/airflow/.local/lib/python3.12/site-packages/airflow/example_dags/example_params_trigger_ui.py for tasks to queue
[2025-03-08T20:36:04.097+0000] {logging_mixin.py:190} INFO - [2025-03-08T20:36:04.097+0000] {dagbag.py:588} INFO - Filling up the DagBag from /home/airflow/.local/lib/python3.12/site-packages/airflow/example_dags/example_params_trigger_ui.py
[2025-03-08T20:36:04.106+0000] {processor.py:925} INFO - DAG(s) 'example_params_trigger_ui' retrieved from /home/airflow/.local/lib/python3.12/site-packages/airflow/example_dags/example_params_trigger_ui.py
[2025-03-08T20:36:04.140+0000] {logging_mixin.py:190} INFO - [2025-03-08T20:36:04.140+0000] {dag.py:3239} INFO - Sync 1 DAGs
[2025-03-08T20:36:04.153+0000] {logging_mixin.py:190} INFO - [2025-03-08T20:36:04.153+0000] {dag.py:4180} INFO - Setting next_dagrun for example_params_trigger_ui to None, run_after=None
[2025-03-08T20:36:04.172+0000] {processor.py:208} INFO - Processing /home/airflow/.local/lib/python3.12/site-packages/airflow/example_dags/example_params_trigger_ui.py took 0.083 seconds
[2025-03-08T20:36:35.144+0000] {processor.py:186} INFO - Started process (PID=573) to work on /home/airflow/.local/lib/python3.12/site-packages/airflow/example_dags/example_params_trigger_ui.py
[2025-03-08T20:36:35.145+0000] {processor.py:914} INFO - Processing file /home/airflow/.local/lib/python3.12/site-packages/airflow/example_dags/example_params_trigger_ui.py for tasks to queue
[2025-03-08T20:36:35.147+0000] {logging_mixin.py:190} INFO - [2025-03-08T20:36:35.147+0000] {dagbag.py:588} INFO - Filling up the DagBag from /home/airflow/.local/lib/python3.12/site-packages/airflow/example_dags/example_params_trigger_ui.py
[2025-03-08T20:36:35.156+0000] {processor.py:925} INFO - DAG(s) 'example_params_trigger_ui' retrieved from /home/airflow/.local/lib/python3.12/site-packages/airflow/example_dags/example_params_trigger_ui.py
[2025-03-08T20:36:35.191+0000] {logging_mixin.py:190} INFO - [2025-03-08T20:36:35.191+0000] {dag.py:3239} INFO - Sync 1 DAGs
[2025-03-08T20:36:35.203+0000] {logging_mixin.py:190} INFO - [2025-03-08T20:36:35.202+0000] {dag.py:4180} INFO - Setting next_dagrun for example_params_trigger_ui to None, run_after=None
[2025-03-08T20:36:35.221+0000] {processor.py:208} INFO - Processing /home/airflow/.local/lib/python3.12/site-packages/airflow/example_dags/example_params_trigger_ui.py took 0.082 seconds
[2025-03-08T20:37:06.054+0000] {processor.py:186} INFO - Started process (PID=636) to work on /home/airflow/.local/lib/python3.12/site-packages/airflow/example_dags/example_params_trigger_ui.py
[2025-03-08T20:37:06.054+0000] {processor.py:914} INFO - Processing file /home/airflow/.local/lib/python3.12/site-packages/airflow/example_dags/example_params_trigger_ui.py for tasks to queue
[2025-03-08T20:37:06.057+0000] {logging_mixin.py:190} INFO - [2025-03-08T20:37:06.056+0000] {dagbag.py:588} INFO - Filling up the DagBag from /home/airflow/.local/lib/python3.12/site-packages/airflow/example_dags/example_params_trigger_ui.py
[2025-03-08T20:37:06.067+0000] {processor.py:925} INFO - DAG(s) 'example_params_trigger_ui' retrieved from /home/airflow/.local/lib/python3.12/site-packages/airflow/example_dags/example_params_trigger_ui.py
[2025-03-08T20:37:06.104+0000] {logging_mixin.py:190} INFO - [2025-03-08T20:37:06.104+0000] {dag.py:3239} INFO - Sync 1 DAGs
[2025-03-08T20:37:06.117+0000] {logging_mixin.py:190} INFO - [2025-03-08T20:37:06.117+0000] {dag.py:4180} INFO - Setting next_dagrun for example_params_trigger_ui to None, run_after=None
[2025-03-08T20:37:06.135+0000] {processor.py:208} INFO - Processing /home/airflow/.local/lib/python3.12/site-packages/airflow/example_dags/example_params_trigger_ui.py took 0.087 seconds
[2025-03-08T20:37:36.954+0000] {processor.py:186} INFO - Started process (PID=699) to work on /home/airflow/.local/lib/python3.12/site-packages/airflow/example_dags/example_params_trigger_ui.py
[2025-03-08T20:37:36.955+0000] {processor.py:914} INFO - Processing file /home/airflow/.local/lib/python3.12/site-packages/airflow/example_dags/example_params_trigger_ui.py for tasks to queue
[2025-03-08T20:37:36.957+0000] {logging_mixin.py:190} INFO - [2025-03-08T20:37:36.957+0000] {dagbag.py:588} INFO - Filling up the DagBag from /home/airflow/.local/lib/python3.12/site-packages/airflow/example_dags/example_params_trigger_ui.py
[2025-03-08T20:37:36.966+0000] {processor.py:925} INFO - DAG(s) 'example_params_trigger_ui' retrieved from /home/airflow/.local/lib/python3.12/site-packages/airflow/example_dags/example_params_trigger_ui.py
[2025-03-08T20:37:37.002+0000] {logging_mixin.py:190} INFO - [2025-03-08T20:37:37.002+0000] {dag.py:3239} INFO - Sync 1 DAGs
[2025-03-08T20:37:37.015+0000] {logging_mixin.py:190} INFO - [2025-03-08T20:37:37.014+0000] {dag.py:4180} INFO - Setting next_dagrun for example_params_trigger_ui to None, run_after=None
[2025-03-08T20:37:37.031+0000] {processor.py:208} INFO - Processing /home/airflow/.local/lib/python3.12/site-packages/airflow/example_dags/example_params_trigger_ui.py took 0.083 seconds
[2025-03-08T20:38:07.149+0000] {processor.py:186} INFO - Started process (PID=762) to work on /home/airflow/.local/lib/python3.12/site-packages/airflow/example_dags/example_params_trigger_ui.py
[2025-03-08T20:38:07.150+0000] {processor.py:914} INFO - Processing file /home/airflow/.local/lib/python3.12/site-packages/airflow/example_dags/example_params_trigger_ui.py for tasks to queue
[2025-03-08T20:38:07.153+0000] {logging_mixin.py:190} INFO - [2025-03-08T20:38:07.152+0000] {dagbag.py:588} INFO - Filling up the DagBag from /home/airflow/.local/lib/python3.12/site-packages/airflow/example_dags/example_params_trigger_ui.py
[2025-03-08T20:38:07.163+0000] {processor.py:925} INFO - DAG(s) 'example_params_trigger_ui' retrieved from /home/airflow/.local/lib/python3.12/site-packages/airflow/example_dags/example_params_trigger_ui.py
[2025-03-08T20:38:07.202+0000] {logging_mixin.py:190} INFO - [2025-03-08T20:38:07.201+0000] {dag.py:3239} INFO - Sync 1 DAGs
[2025-03-08T20:38:07.214+0000] {logging_mixin.py:190} INFO - [2025-03-08T20:38:07.214+0000] {dag.py:4180} INFO - Setting next_dagrun for example_params_trigger_ui to None, run_after=None
[2025-03-08T20:38:07.233+0000] {processor.py:208} INFO - Processing /home/airflow/.local/lib/python3.12/site-packages/airflow/example_dags/example_params_trigger_ui.py took 0.090 seconds
[2025-03-08T20:38:37.931+0000] {processor.py:186} INFO - Started process (PID=825) to work on /home/airflow/.local/lib/python3.12/site-packages/airflow/example_dags/example_params_trigger_ui.py
[2025-03-08T20:38:37.932+0000] {processor.py:914} INFO - Processing file /home/airflow/.local/lib/python3.12/site-packages/airflow/example_dags/example_params_trigger_ui.py for tasks to queue
[2025-03-08T20:38:37.934+0000] {logging_mixin.py:190} INFO - [2025-03-08T20:38:37.934+0000] {dagbag.py:588} INFO - Filling up the DagBag from /home/airflow/.local/lib/python3.12/site-packages/airflow/example_dags/example_params_trigger_ui.py
[2025-03-08T20:38:37.944+0000] {processor.py:925} INFO - DAG(s) 'example_params_trigger_ui' retrieved from /home/airflow/.local/lib/python3.12/site-packages/airflow/example_dags/example_params_trigger_ui.py
[2025-03-08T20:38:37.980+0000] {logging_mixin.py:190} INFO - [2025-03-08T20:38:37.979+0000] {dag.py:3239} INFO - Sync 1 DAGs
[2025-03-08T20:38:37.992+0000] {logging_mixin.py:190} INFO - [2025-03-08T20:38:37.992+0000] {dag.py:4180} INFO - Setting next_dagrun for example_params_trigger_ui to None, run_after=None
[2025-03-08T20:38:38.008+0000] {processor.py:208} INFO - Processing /home/airflow/.local/lib/python3.12/site-packages/airflow/example_dags/example_params_trigger_ui.py took 0.082 seconds
[2025-03-08T20:39:08.277+0000] {processor.py:186} INFO - Started process (PID=888) to work on /home/airflow/.local/lib/python3.12/site-packages/airflow/example_dags/example_params_trigger_ui.py
[2025-03-08T20:39:08.278+0000] {processor.py:914} INFO - Processing file /home/airflow/.local/lib/python3.12/site-packages/airflow/example_dags/example_params_trigger_ui.py for tasks to queue
[2025-03-08T20:39:08.280+0000] {logging_mixin.py:190} INFO - [2025-03-08T20:39:08.279+0000] {dagbag.py:588} INFO - Filling up the DagBag from /home/airflow/.local/lib/python3.12/site-packages/airflow/example_dags/example_params_trigger_ui.py
[2025-03-08T20:39:08.289+0000] {processor.py:925} INFO - DAG(s) 'example_params_trigger_ui' retrieved from /home/airflow/.local/lib/python3.12/site-packages/airflow/example_dags/example_params_trigger_ui.py
[2025-03-08T20:39:08.324+0000] {logging_mixin.py:190} INFO - [2025-03-08T20:39:08.324+0000] {dag.py:3239} INFO - Sync 1 DAGs
[2025-03-08T20:39:08.336+0000] {logging_mixin.py:190} INFO - [2025-03-08T20:39:08.335+0000] {dag.py:4180} INFO - Setting next_dagrun for example_params_trigger_ui to None, run_after=None
[2025-03-08T20:39:08.352+0000] {processor.py:208} INFO - Processing /home/airflow/.local/lib/python3.12/site-packages/airflow/example_dags/example_params_trigger_ui.py took 0.081 seconds
[2025-03-08T20:39:38.498+0000] {processor.py:186} INFO - Started process (PID=951) to work on /home/airflow/.local/lib/python3.12/site-packages/airflow/example_dags/example_params_trigger_ui.py
[2025-03-08T20:39:38.499+0000] {processor.py:914} INFO - Processing file /home/airflow/.local/lib/python3.12/site-packages/airflow/example_dags/example_params_trigger_ui.py for tasks to queue
[2025-03-08T20:39:38.501+0000] {logging_mixin.py:190} INFO - [2025-03-08T20:39:38.501+0000] {dagbag.py:588} INFO - Filling up the DagBag from /home/airflow/.local/lib/python3.12/site-packages/airflow/example_dags/example_params_trigger_ui.py
[2025-03-08T20:39:38.511+0000] {processor.py:925} INFO - DAG(s) 'example_params_trigger_ui' retrieved from /home/airflow/.local/lib/python3.12/site-packages/airflow/example_dags/example_params_trigger_ui.py
[2025-03-08T20:39:38.550+0000] {logging_mixin.py:190} INFO - [2025-03-08T20:39:38.550+0000] {dag.py:3239} INFO - Sync 1 DAGs
[2025-03-08T20:39:38.562+0000] {logging_mixin.py:190} INFO - [2025-03-08T20:39:38.562+0000] {dag.py:4180} INFO - Setting next_dagrun for example_params_trigger_ui to None, run_after=None
[2025-03-08T20:39:38.577+0000] {processor.py:208} INFO - Processing /home/airflow/.local/lib/python3.12/site-packages/airflow/example_dags/example_params_trigger_ui.py took 0.084 seconds
[2025-03-08T20:40:09.176+0000] {processor.py:186} INFO - Started process (PID=1014) to work on /home/airflow/.local/lib/python3.12/site-packages/airflow/example_dags/example_params_trigger_ui.py
[2025-03-08T20:40:09.177+0000] {processor.py:914} INFO - Processing file /home/airflow/.local/lib/python3.12/site-packages/airflow/example_dags/example_params_trigger_ui.py for tasks to queue
[2025-03-08T20:40:09.179+0000] {logging_mixin.py:190} INFO - [2025-03-08T20:40:09.179+0000] {dagbag.py:588} INFO - Filling up the DagBag from /home/airflow/.local/lib/python3.12/site-packages/airflow/example_dags/example_params_trigger_ui.py
[2025-03-08T20:40:09.189+0000] {processor.py:925} INFO - DAG(s) 'example_params_trigger_ui' retrieved from /home/airflow/.local/lib/python3.12/site-packages/airflow/example_dags/example_params_trigger_ui.py
[2025-03-08T20:40:09.225+0000] {logging_mixin.py:190} INFO - [2025-03-08T20:40:09.225+0000] {dag.py:3239} INFO - Sync 1 DAGs
[2025-03-08T20:40:09.237+0000] {logging_mixin.py:190} INFO - [2025-03-08T20:40:09.237+0000] {dag.py:4180} INFO - Setting next_dagrun for example_params_trigger_ui to None, run_after=None
[2025-03-08T20:40:09.254+0000] {processor.py:208} INFO - Processing /home/airflow/.local/lib/python3.12/site-packages/airflow/example_dags/example_params_trigger_ui.py took 0.083 seconds
[2025-03-08T20:40:39.669+0000] {processor.py:186} INFO - Started process (PID=1077) to work on /home/airflow/.local/lib/python3.12/site-packages/airflow/example_dags/example_params_trigger_ui.py
[2025-03-08T20:40:39.669+0000] {processor.py:914} INFO - Processing file /home/airflow/.local/lib/python3.12/site-packages/airflow/example_dags/example_params_trigger_ui.py for tasks to queue
[2025-03-08T20:40:39.671+0000] {logging_mixin.py:190} INFO - [2025-03-08T20:40:39.671+0000] {dagbag.py:588} INFO - Filling up the DagBag from /home/airflow/.local/lib/python3.12/site-packages/airflow/example_dags/example_params_trigger_ui.py
[2025-03-08T20:40:39.680+0000] {processor.py:925} INFO - DAG(s) 'example_params_trigger_ui' retrieved from /home/airflow/.local/lib/python3.12/site-packages/airflow/example_dags/example_params_trigger_ui.py
[2025-03-08T20:40:39.720+0000] {logging_mixin.py:190} INFO - [2025-03-08T20:40:39.719+0000] {dag.py:3239} INFO - Sync 1 DAGs
[2025-03-08T20:40:39.735+0000] {logging_mixin.py:190} INFO - [2025-03-08T20:40:39.735+0000] {dag.py:4180} INFO - Setting next_dagrun for example_params_trigger_ui to None, run_after=None
[2025-03-08T20:40:39.755+0000] {processor.py:208} INFO - Processing /home/airflow/.local/lib/python3.12/site-packages/airflow/example_dags/example_params_trigger_ui.py took 0.091 seconds
[2025-03-08T20:41:10.109+0000] {processor.py:186} INFO - Started process (PID=1140) to work on /home/airflow/.local/lib/python3.12/site-packages/airflow/example_dags/example_params_trigger_ui.py
[2025-03-08T20:41:10.110+0000] {processor.py:914} INFO - Processing file /home/airflow/.local/lib/python3.12/site-packages/airflow/example_dags/example_params_trigger_ui.py for tasks to queue
[2025-03-08T20:41:10.112+0000] {logging_mixin.py:190} INFO - [2025-03-08T20:41:10.112+0000] {dagbag.py:588} INFO - Filling up the DagBag from /home/airflow/.local/lib/python3.12/site-packages/airflow/example_dags/example_params_trigger_ui.py
[2025-03-08T20:41:10.123+0000] {processor.py:925} INFO - DAG(s) 'example_params_trigger_ui' retrieved from /home/airflow/.local/lib/python3.12/site-packages/airflow/example_dags/example_params_trigger_ui.py
[2025-03-08T20:41:10.159+0000] {logging_mixin.py:190} INFO - [2025-03-08T20:41:10.158+0000] {dag.py:3239} INFO - Sync 1 DAGs
[2025-03-08T20:41:10.171+0000] {logging_mixin.py:190} INFO - [2025-03-08T20:41:10.170+0000] {dag.py:4180} INFO - Setting next_dagrun for example_params_trigger_ui to None, run_after=None
[2025-03-08T20:41:10.188+0000] {processor.py:208} INFO - Processing /home/airflow/.local/lib/python3.12/site-packages/airflow/example_dags/example_params_trigger_ui.py took 0.084 seconds
[2025-03-08T20:41:40.262+0000] {processor.py:186} INFO - Started process (PID=1203) to work on /home/airflow/.local/lib/python3.12/site-packages/airflow/example_dags/example_params_trigger_ui.py
[2025-03-08T20:41:40.263+0000] {processor.py:914} INFO - Processing file /home/airflow/.local/lib/python3.12/site-packages/airflow/example_dags/example_params_trigger_ui.py for tasks to queue
[2025-03-08T20:41:40.265+0000] {logging_mixin.py:190} INFO - [2025-03-08T20:41:40.264+0000] {dagbag.py:588} INFO - Filling up the DagBag from /home/airflow/.local/lib/python3.12/site-packages/airflow/example_dags/example_params_trigger_ui.py
[2025-03-08T20:41:40.275+0000] {processor.py:925} INFO - DAG(s) 'example_params_trigger_ui' retrieved from /home/airflow/.local/lib/python3.12/site-packages/airflow/example_dags/example_params_trigger_ui.py
[2025-03-08T20:41:40.311+0000] {logging_mixin.py:190} INFO - [2025-03-08T20:41:40.311+0000] {dag.py:3239} INFO - Sync 1 DAGs
[2025-03-08T20:41:40.323+0000] {logging_mixin.py:190} INFO - [2025-03-08T20:41:40.323+0000] {dag.py:4180} INFO - Setting next_dagrun for example_params_trigger_ui to None, run_after=None
[2025-03-08T20:41:40.340+0000] {processor.py:208} INFO - Processing /home/airflow/.local/lib/python3.12/site-packages/airflow/example_dags/example_params_trigger_ui.py took 0.084 seconds
[2025-03-08T20:42:10.849+0000] {processor.py:186} INFO - Started process (PID=1266) to work on /home/airflow/.local/lib/python3.12/site-packages/airflow/example_dags/example_params_trigger_ui.py
[2025-03-08T20:42:10.850+0000] {processor.py:914} INFO - Processing file /home/airflow/.local/lib/python3.12/site-packages/airflow/example_dags/example_params_trigger_ui.py for tasks to queue
[2025-03-08T20:42:10.852+0000] {logging_mixin.py:190} INFO - [2025-03-08T20:42:10.852+0000] {dagbag.py:588} INFO - Filling up the DagBag from /home/airflow/.local/lib/python3.12/site-packages/airflow/example_dags/example_params_trigger_ui.py
[2025-03-08T20:42:10.862+0000] {processor.py:925} INFO - DAG(s) 'example_params_trigger_ui' retrieved from /home/airflow/.local/lib/python3.12/site-packages/airflow/example_dags/example_params_trigger_ui.py
[2025-03-08T20:42:10.899+0000] {logging_mixin.py:190} INFO - [2025-03-08T20:42:10.898+0000] {dag.py:3239} INFO - Sync 1 DAGs
[2025-03-08T20:42:10.914+0000] {logging_mixin.py:190} INFO - [2025-03-08T20:42:10.914+0000] {dag.py:4180} INFO - Setting next_dagrun for example_params_trigger_ui to None, run_after=None
[2025-03-08T20:42:10.932+0000] {processor.py:208} INFO - Processing /home/airflow/.local/lib/python3.12/site-packages/airflow/example_dags/example_params_trigger_ui.py took 0.088 seconds
[2025-03-08T20:42:41.252+0000] {processor.py:186} INFO - Started process (PID=1329) to work on /home/airflow/.local/lib/python3.12/site-packages/airflow/example_dags/example_params_trigger_ui.py
[2025-03-08T20:42:41.253+0000] {processor.py:914} INFO - Processing file /home/airflow/.local/lib/python3.12/site-packages/airflow/example_dags/example_params_trigger_ui.py for tasks to queue
[2025-03-08T20:42:41.255+0000] {logging_mixin.py:190} INFO - [2025-03-08T20:42:41.254+0000] {dagbag.py:588} INFO - Filling up the DagBag from /home/airflow/.local/lib/python3.12/site-packages/airflow/example_dags/example_params_trigger_ui.py
[2025-03-08T20:42:41.266+0000] {processor.py:925} INFO - DAG(s) 'example_params_trigger_ui' retrieved from /home/airflow/.local/lib/python3.12/site-packages/airflow/example_dags/example_params_trigger_ui.py
[2025-03-08T20:42:41.303+0000] {logging_mixin.py:190} INFO - [2025-03-08T20:42:41.303+0000] {dag.py:3239} INFO - Sync 1 DAGs
[2025-03-08T20:42:41.315+0000] {logging_mixin.py:190} INFO - [2025-03-08T20:42:41.315+0000] {dag.py:4180} INFO - Setting next_dagrun for example_params_trigger_ui to None, run_after=None
[2025-03-08T20:42:41.340+0000] {processor.py:208} INFO - Processing /home/airflow/.local/lib/python3.12/site-packages/airflow/example_dags/example_params_trigger_ui.py took 0.095 seconds
[2025-03-08T20:43:12.206+0000] {processor.py:186} INFO - Started process (PID=1392) to work on /home/airflow/.local/lib/python3.12/site-packages/airflow/example_dags/example_params_trigger_ui.py
[2025-03-08T20:43:12.206+0000] {processor.py:914} INFO - Processing file /home/airflow/.local/lib/python3.12/site-packages/airflow/example_dags/example_params_trigger_ui.py for tasks to queue
[2025-03-08T20:43:12.208+0000] {logging_mixin.py:190} INFO - [2025-03-08T20:43:12.208+0000] {dagbag.py:588} INFO - Filling up the DagBag from /home/airflow/.local/lib/python3.12/site-packages/airflow/example_dags/example_params_trigger_ui.py
[2025-03-08T20:43:12.218+0000] {processor.py:925} INFO - DAG(s) 'example_params_trigger_ui' retrieved from /home/airflow/.local/lib/python3.12/site-packages/airflow/example_dags/example_params_trigger_ui.py
[2025-03-08T20:43:12.253+0000] {logging_mixin.py:190} INFO - [2025-03-08T20:43:12.253+0000] {dag.py:3239} INFO - Sync 1 DAGs
[2025-03-08T20:43:12.265+0000] {logging_mixin.py:190} INFO - [2025-03-08T20:43:12.265+0000] {dag.py:4180} INFO - Setting next_dagrun for example_params_trigger_ui to None, run_after=None
[2025-03-08T20:43:12.281+0000] {processor.py:208} INFO - Processing /home/airflow/.local/lib/python3.12/site-packages/airflow/example_dags/example_params_trigger_ui.py took 0.081 seconds
[2025-03-08T20:43:42.660+0000] {processor.py:186} INFO - Started process (PID=1455) to work on /home/airflow/.local/lib/python3.12/site-packages/airflow/example_dags/example_params_trigger_ui.py
[2025-03-08T20:43:42.660+0000] {processor.py:914} INFO - Processing file /home/airflow/.local/lib/python3.12/site-packages/airflow/example_dags/example_params_trigger_ui.py for tasks to queue
[2025-03-08T20:43:42.662+0000] {logging_mixin.py:190} INFO - [2025-03-08T20:43:42.662+0000] {dagbag.py:588} INFO - Filling up the DagBag from /home/airflow/.local/lib/python3.12/site-packages/airflow/example_dags/example_params_trigger_ui.py
[2025-03-08T20:43:42.671+0000] {processor.py:925} INFO - DAG(s) 'example_params_trigger_ui' retrieved from /home/airflow/.local/lib/python3.12/site-packages/airflow/example_dags/example_params_trigger_ui.py
[2025-03-08T20:43:42.708+0000] {logging_mixin.py:190} INFO - [2025-03-08T20:43:42.707+0000] {dag.py:3239} INFO - Sync 1 DAGs
[2025-03-08T20:43:42.721+0000] {logging_mixin.py:190} INFO - [2025-03-08T20:43:42.720+0000] {dag.py:4180} INFO - Setting next_dagrun for example_params_trigger_ui to None, run_after=None
[2025-03-08T20:43:42.736+0000] {processor.py:208} INFO - Processing /home/airflow/.local/lib/python3.12/site-packages/airflow/example_dags/example_params_trigger_ui.py took 0.082 seconds
[2025-03-08T20:44:13.110+0000] {processor.py:186} INFO - Started process (PID=1518) to work on /home/airflow/.local/lib/python3.12/site-packages/airflow/example_dags/example_params_trigger_ui.py
[2025-03-08T20:44:13.111+0000] {processor.py:914} INFO - Processing file /home/airflow/.local/lib/python3.12/site-packages/airflow/example_dags/example_params_trigger_ui.py for tasks to queue
[2025-03-08T20:44:13.113+0000] {logging_mixin.py:190} INFO - [2025-03-08T20:44:13.113+0000] {dagbag.py:588} INFO - Filling up the DagBag from /home/airflow/.local/lib/python3.12/site-packages/airflow/example_dags/example_params_trigger_ui.py
[2025-03-08T20:44:13.123+0000] {processor.py:925} INFO - DAG(s) 'example_params_trigger_ui' retrieved from /home/airflow/.local/lib/python3.12/site-packages/airflow/example_dags/example_params_trigger_ui.py
[2025-03-08T20:44:13.157+0000] {logging_mixin.py:190} INFO - [2025-03-08T20:44:13.157+0000] {dag.py:3239} INFO - Sync 1 DAGs
[2025-03-08T20:44:13.169+0000] {logging_mixin.py:190} INFO - [2025-03-08T20:44:13.169+0000] {dag.py:4180} INFO - Setting next_dagrun for example_params_trigger_ui to None, run_after=None
[2025-03-08T20:44:13.186+0000] {processor.py:208} INFO - Processing /home/airflow/.local/lib/python3.12/site-packages/airflow/example_dags/example_params_trigger_ui.py took 0.080 seconds
[2025-03-08T20:44:44.805+0000] {processor.py:186} INFO - Started process (PID=1581) to work on /home/airflow/.local/lib/python3.12/site-packages/airflow/example_dags/example_params_trigger_ui.py
[2025-03-08T20:44:44.806+0000] {processor.py:914} INFO - Processing file /home/airflow/.local/lib/python3.12/site-packages/airflow/example_dags/example_params_trigger_ui.py for tasks to queue
[2025-03-08T20:44:44.808+0000] {logging_mixin.py:190} INFO - [2025-03-08T20:44:44.807+0000] {dagbag.py:588} INFO - Filling up the DagBag from /home/airflow/.local/lib/python3.12/site-packages/airflow/example_dags/example_params_trigger_ui.py
[2025-03-08T20:44:44.817+0000] {processor.py:925} INFO - DAG(s) 'example_params_trigger_ui' retrieved from /home/airflow/.local/lib/python3.12/site-packages/airflow/example_dags/example_params_trigger_ui.py
[2025-03-08T20:44:44.855+0000] {logging_mixin.py:190} INFO - [2025-03-08T20:44:44.854+0000] {dag.py:3239} INFO - Sync 1 DAGs
[2025-03-08T20:44:44.867+0000] {logging_mixin.py:190} INFO - [2025-03-08T20:44:44.866+0000] {dag.py:4180} INFO - Setting next_dagrun for example_params_trigger_ui to None, run_after=None
[2025-03-08T20:44:44.882+0000] {processor.py:208} INFO - Processing /home/airflow/.local/lib/python3.12/site-packages/airflow/example_dags/example_params_trigger_ui.py took 0.083 seconds
[2025-03-08T20:45:15.289+0000] {processor.py:186} INFO - Started process (PID=1644) to work on /home/airflow/.local/lib/python3.12/site-packages/airflow/example_dags/example_params_trigger_ui.py
[2025-03-08T20:45:15.290+0000] {processor.py:914} INFO - Processing file /home/airflow/.local/lib/python3.12/site-packages/airflow/example_dags/example_params_trigger_ui.py for tasks to queue
[2025-03-08T20:45:15.292+0000] {logging_mixin.py:190} INFO - [2025-03-08T20:45:15.292+0000] {dagbag.py:588} INFO - Filling up the DagBag from /home/airflow/.local/lib/python3.12/site-packages/airflow/example_dags/example_params_trigger_ui.py
[2025-03-08T20:45:15.301+0000] {processor.py:925} INFO - DAG(s) 'example_params_trigger_ui' retrieved from /home/airflow/.local/lib/python3.12/site-packages/airflow/example_dags/example_params_trigger_ui.py
[2025-03-08T20:45:15.337+0000] {logging_mixin.py:190} INFO - [2025-03-08T20:45:15.337+0000] {dag.py:3239} INFO - Sync 1 DAGs
[2025-03-08T20:45:15.349+0000] {logging_mixin.py:190} INFO - [2025-03-08T20:45:15.348+0000] {dag.py:4180} INFO - Setting next_dagrun for example_params_trigger_ui to None, run_after=None
[2025-03-08T20:45:15.364+0000] {processor.py:208} INFO - Processing /home/airflow/.local/lib/python3.12/site-packages/airflow/example_dags/example_params_trigger_ui.py took 0.080 seconds
[2025-03-08T20:45:45.847+0000] {processor.py:186} INFO - Started process (PID=1707) to work on /home/airflow/.local/lib/python3.12/site-packages/airflow/example_dags/example_params_trigger_ui.py
[2025-03-08T20:45:45.847+0000] {processor.py:914} INFO - Processing file /home/airflow/.local/lib/python3.12/site-packages/airflow/example_dags/example_params_trigger_ui.py for tasks to queue
[2025-03-08T20:45:45.849+0000] {logging_mixin.py:190} INFO - [2025-03-08T20:45:45.849+0000] {dagbag.py:588} INFO - Filling up the DagBag from /home/airflow/.local/lib/python3.12/site-packages/airflow/example_dags/example_params_trigger_ui.py
[2025-03-08T20:45:45.858+0000] {processor.py:925} INFO - DAG(s) 'example_params_trigger_ui' retrieved from /home/airflow/.local/lib/python3.12/site-packages/airflow/example_dags/example_params_trigger_ui.py
[2025-03-08T20:45:45.895+0000] {logging_mixin.py:190} INFO - [2025-03-08T20:45:45.895+0000] {dag.py:3239} INFO - Sync 1 DAGs
[2025-03-08T20:45:45.907+0000] {logging_mixin.py:190} INFO - [2025-03-08T20:45:45.907+0000] {dag.py:4180} INFO - Setting next_dagrun for example_params_trigger_ui to None, run_after=None
[2025-03-08T20:45:45.922+0000] {processor.py:208} INFO - Processing /home/airflow/.local/lib/python3.12/site-packages/airflow/example_dags/example_params_trigger_ui.py took 0.080 seconds
[2025-03-08T20:46:16.268+0000] {processor.py:186} INFO - Started process (PID=1770) to work on /home/airflow/.local/lib/python3.12/site-packages/airflow/example_dags/example_params_trigger_ui.py
[2025-03-08T20:46:16.269+0000] {processor.py:914} INFO - Processing file /home/airflow/.local/lib/python3.12/site-packages/airflow/example_dags/example_params_trigger_ui.py for tasks to queue
[2025-03-08T20:46:16.272+0000] {logging_mixin.py:190} INFO - [2025-03-08T20:46:16.272+0000] {dagbag.py:588} INFO - Filling up the DagBag from /home/airflow/.local/lib/python3.12/site-packages/airflow/example_dags/example_params_trigger_ui.py
[2025-03-08T20:46:16.282+0000] {processor.py:925} INFO - DAG(s) 'example_params_trigger_ui' retrieved from /home/airflow/.local/lib/python3.12/site-packages/airflow/example_dags/example_params_trigger_ui.py
[2025-03-08T20:46:16.318+0000] {logging_mixin.py:190} INFO - [2025-03-08T20:46:16.317+0000] {dag.py:3239} INFO - Sync 1 DAGs
[2025-03-08T20:46:16.330+0000] {logging_mixin.py:190} INFO - [2025-03-08T20:46:16.330+0000] {dag.py:4180} INFO - Setting next_dagrun for example_params_trigger_ui to None, run_after=None
[2025-03-08T20:46:16.346+0000] {processor.py:208} INFO - Processing /home/airflow/.local/lib/python3.12/site-packages/airflow/example_dags/example_params_trigger_ui.py took 0.084 seconds
[2025-03-08T20:46:47.126+0000] {processor.py:186} INFO - Started process (PID=1833) to work on /home/airflow/.local/lib/python3.12/site-packages/airflow/example_dags/example_params_trigger_ui.py
[2025-03-08T20:46:47.127+0000] {processor.py:914} INFO - Processing file /home/airflow/.local/lib/python3.12/site-packages/airflow/example_dags/example_params_trigger_ui.py for tasks to queue
[2025-03-08T20:46:47.129+0000] {logging_mixin.py:190} INFO - [2025-03-08T20:46:47.128+0000] {dagbag.py:588} INFO - Filling up the DagBag from /home/airflow/.local/lib/python3.12/site-packages/airflow/example_dags/example_params_trigger_ui.py
[2025-03-08T20:46:47.138+0000] {processor.py:925} INFO - DAG(s) 'example_params_trigger_ui' retrieved from /home/airflow/.local/lib/python3.12/site-packages/airflow/example_dags/example_params_trigger_ui.py
[2025-03-08T20:46:47.173+0000] {logging_mixin.py:190} INFO - [2025-03-08T20:46:47.173+0000] {dag.py:3239} INFO - Sync 1 DAGs
[2025-03-08T20:46:47.184+0000] {logging_mixin.py:190} INFO - [2025-03-08T20:46:47.184+0000] {dag.py:4180} INFO - Setting next_dagrun for example_params_trigger_ui to None, run_after=None
[2025-03-08T20:46:47.202+0000] {processor.py:208} INFO - Processing /home/airflow/.local/lib/python3.12/site-packages/airflow/example_dags/example_params_trigger_ui.py took 0.081 seconds
[2025-03-08T20:47:17.408+0000] {processor.py:186} INFO - Started process (PID=1896) to work on /home/airflow/.local/lib/python3.12/site-packages/airflow/example_dags/example_params_trigger_ui.py
[2025-03-08T20:47:17.409+0000] {processor.py:914} INFO - Processing file /home/airflow/.local/lib/python3.12/site-packages/airflow/example_dags/example_params_trigger_ui.py for tasks to queue
[2025-03-08T20:47:17.411+0000] {logging_mixin.py:190} INFO - [2025-03-08T20:47:17.410+0000] {dagbag.py:588} INFO - Filling up the DagBag from /home/airflow/.local/lib/python3.12/site-packages/airflow/example_dags/example_params_trigger_ui.py
[2025-03-08T20:47:17.423+0000] {processor.py:925} INFO - DAG(s) 'example_params_trigger_ui' retrieved from /home/airflow/.local/lib/python3.12/site-packages/airflow/example_dags/example_params_trigger_ui.py
[2025-03-08T20:47:17.459+0000] {logging_mixin.py:190} INFO - [2025-03-08T20:47:17.458+0000] {dag.py:3239} INFO - Sync 1 DAGs
[2025-03-08T20:47:17.473+0000] {logging_mixin.py:190} INFO - [2025-03-08T20:47:17.473+0000] {dag.py:4180} INFO - Setting next_dagrun for example_params_trigger_ui to None, run_after=None
[2025-03-08T20:47:17.491+0000] {processor.py:208} INFO - Processing /home/airflow/.local/lib/python3.12/site-packages/airflow/example_dags/example_params_trigger_ui.py took 0.088 seconds
[2025-03-08T20:47:47.596+0000] {processor.py:186} INFO - Started process (PID=1959) to work on /home/airflow/.local/lib/python3.12/site-packages/airflow/example_dags/example_params_trigger_ui.py
[2025-03-08T20:47:47.597+0000] {processor.py:914} INFO - Processing file /home/airflow/.local/lib/python3.12/site-packages/airflow/example_dags/example_params_trigger_ui.py for tasks to queue
[2025-03-08T20:47:47.599+0000] {logging_mixin.py:190} INFO - [2025-03-08T20:47:47.599+0000] {dagbag.py:588} INFO - Filling up the DagBag from /home/airflow/.local/lib/python3.12/site-packages/airflow/example_dags/example_params_trigger_ui.py
[2025-03-08T20:47:47.608+0000] {processor.py:925} INFO - DAG(s) 'example_params_trigger_ui' retrieved from /home/airflow/.local/lib/python3.12/site-packages/airflow/example_dags/example_params_trigger_ui.py
[2025-03-08T20:47:47.645+0000] {logging_mixin.py:190} INFO - [2025-03-08T20:47:47.645+0000] {dag.py:3239} INFO - Sync 1 DAGs
[2025-03-08T20:47:47.657+0000] {logging_mixin.py:190} INFO - [2025-03-08T20:47:47.657+0000] {dag.py:4180} INFO - Setting next_dagrun for example_params_trigger_ui to None, run_after=None
[2025-03-08T20:47:47.672+0000] {processor.py:208} INFO - Processing /home/airflow/.local/lib/python3.12/site-packages/airflow/example_dags/example_params_trigger_ui.py took 0.081 seconds
[2025-03-08T20:48:18.270+0000] {processor.py:186} INFO - Started process (PID=2022) to work on /home/airflow/.local/lib/python3.12/site-packages/airflow/example_dags/example_params_trigger_ui.py
[2025-03-08T20:48:18.271+0000] {processor.py:914} INFO - Processing file /home/airflow/.local/lib/python3.12/site-packages/airflow/example_dags/example_params_trigger_ui.py for tasks to queue
[2025-03-08T20:48:18.273+0000] {logging_mixin.py:190} INFO - [2025-03-08T20:48:18.273+0000] {dagbag.py:588} INFO - Filling up the DagBag from /home/airflow/.local/lib/python3.12/site-packages/airflow/example_dags/example_params_trigger_ui.py
[2025-03-08T20:48:18.285+0000] {processor.py:925} INFO - DAG(s) 'example_params_trigger_ui' retrieved from /home/airflow/.local/lib/python3.12/site-packages/airflow/example_dags/example_params_trigger_ui.py
[2025-03-08T20:48:18.321+0000] {logging_mixin.py:190} INFO - [2025-03-08T20:48:18.320+0000] {dag.py:3239} INFO - Sync 1 DAGs
[2025-03-08T20:48:18.332+0000] {logging_mixin.py:190} INFO - [2025-03-08T20:48:18.331+0000] {dag.py:4180} INFO - Setting next_dagrun for example_params_trigger_ui to None, run_after=None
[2025-03-08T20:48:18.348+0000] {processor.py:208} INFO - Processing /home/airflow/.local/lib/python3.12/site-packages/airflow/example_dags/example_params_trigger_ui.py took 0.084 seconds
[2025-03-08T20:48:48.637+0000] {processor.py:186} INFO - Started process (PID=2085) to work on /home/airflow/.local/lib/python3.12/site-packages/airflow/example_dags/example_params_trigger_ui.py
[2025-03-08T20:48:48.637+0000] {processor.py:914} INFO - Processing file /home/airflow/.local/lib/python3.12/site-packages/airflow/example_dags/example_params_trigger_ui.py for tasks to queue
[2025-03-08T20:48:48.639+0000] {logging_mixin.py:190} INFO - [2025-03-08T20:48:48.639+0000] {dagbag.py:588} INFO - Filling up the DagBag from /home/airflow/.local/lib/python3.12/site-packages/airflow/example_dags/example_params_trigger_ui.py
[2025-03-08T20:48:48.649+0000] {processor.py:925} INFO - DAG(s) 'example_params_trigger_ui' retrieved from /home/airflow/.local/lib/python3.12/site-packages/airflow/example_dags/example_params_trigger_ui.py
[2025-03-08T20:48:48.688+0000] {logging_mixin.py:190} INFO - [2025-03-08T20:48:48.688+0000] {dag.py:3239} INFO - Sync 1 DAGs
[2025-03-08T20:48:48.700+0000] {logging_mixin.py:190} INFO - [2025-03-08T20:48:48.700+0000] {dag.py:4180} INFO - Setting next_dagrun for example_params_trigger_ui to None, run_after=None
[2025-03-08T20:48:48.716+0000] {processor.py:208} INFO - Processing /home/airflow/.local/lib/python3.12/site-packages/airflow/example_dags/example_params_trigger_ui.py took 0.085 seconds
[2025-03-08T20:49:18.891+0000] {processor.py:186} INFO - Started process (PID=2148) to work on /home/airflow/.local/lib/python3.12/site-packages/airflow/example_dags/example_params_trigger_ui.py
[2025-03-08T20:49:18.892+0000] {processor.py:914} INFO - Processing file /home/airflow/.local/lib/python3.12/site-packages/airflow/example_dags/example_params_trigger_ui.py for tasks to queue
[2025-03-08T20:49:18.894+0000] {logging_mixin.py:190} INFO - [2025-03-08T20:49:18.894+0000] {dagbag.py:588} INFO - Filling up the DagBag from /home/airflow/.local/lib/python3.12/site-packages/airflow/example_dags/example_params_trigger_ui.py
[2025-03-08T20:49:18.904+0000] {processor.py:925} INFO - DAG(s) 'example_params_trigger_ui' retrieved from /home/airflow/.local/lib/python3.12/site-packages/airflow/example_dags/example_params_trigger_ui.py
[2025-03-08T20:49:18.942+0000] {logging_mixin.py:190} INFO - [2025-03-08T20:49:18.942+0000] {dag.py:3239} INFO - Sync 1 DAGs
[2025-03-08T20:49:18.956+0000] {logging_mixin.py:190} INFO - [2025-03-08T20:49:18.956+0000] {dag.py:4180} INFO - Setting next_dagrun for example_params_trigger_ui to None, run_after=None
[2025-03-08T20:49:18.972+0000] {processor.py:208} INFO - Processing /home/airflow/.local/lib/python3.12/site-packages/airflow/example_dags/example_params_trigger_ui.py took 0.088 seconds
[2025-03-08T20:49:49.718+0000] {processor.py:186} INFO - Started process (PID=2211) to work on /home/airflow/.local/lib/python3.12/site-packages/airflow/example_dags/example_params_trigger_ui.py
[2025-03-08T20:49:49.719+0000] {processor.py:914} INFO - Processing file /home/airflow/.local/lib/python3.12/site-packages/airflow/example_dags/example_params_trigger_ui.py for tasks to queue
[2025-03-08T20:49:49.721+0000] {logging_mixin.py:190} INFO - [2025-03-08T20:49:49.721+0000] {dagbag.py:588} INFO - Filling up the DagBag from /home/airflow/.local/lib/python3.12/site-packages/airflow/example_dags/example_params_trigger_ui.py
[2025-03-08T20:49:49.731+0000] {processor.py:925} INFO - DAG(s) 'example_params_trigger_ui' retrieved from /home/airflow/.local/lib/python3.12/site-packages/airflow/example_dags/example_params_trigger_ui.py
[2025-03-08T20:49:49.774+0000] {logging_mixin.py:190} INFO - [2025-03-08T20:49:49.773+0000] {dag.py:3239} INFO - Sync 1 DAGs
[2025-03-08T20:49:49.786+0000] {logging_mixin.py:190} INFO - [2025-03-08T20:49:49.786+0000] {dag.py:4180} INFO - Setting next_dagrun for example_params_trigger_ui to None, run_after=None
[2025-03-08T20:49:49.804+0000] {processor.py:208} INFO - Processing /home/airflow/.local/lib/python3.12/site-packages/airflow/example_dags/example_params_trigger_ui.py took 0.091 seconds
[2025-03-08T20:50:19.916+0000] {processor.py:186} INFO - Started process (PID=2274) to work on /home/airflow/.local/lib/python3.12/site-packages/airflow/example_dags/example_params_trigger_ui.py
[2025-03-08T20:50:19.916+0000] {processor.py:914} INFO - Processing file /home/airflow/.local/lib/python3.12/site-packages/airflow/example_dags/example_params_trigger_ui.py for tasks to queue
[2025-03-08T20:50:19.919+0000] {logging_mixin.py:190} INFO - [2025-03-08T20:50:19.918+0000] {dagbag.py:588} INFO - Filling up the DagBag from /home/airflow/.local/lib/python3.12/site-packages/airflow/example_dags/example_params_trigger_ui.py
[2025-03-08T20:50:19.932+0000] {processor.py:925} INFO - DAG(s) 'example_params_trigger_ui' retrieved from /home/airflow/.local/lib/python3.12/site-packages/airflow/example_dags/example_params_trigger_ui.py
[2025-03-08T20:50:19.976+0000] {logging_mixin.py:190} INFO - [2025-03-08T20:50:19.975+0000] {dag.py:3239} INFO - Sync 1 DAGs
[2025-03-08T20:50:19.991+0000] {logging_mixin.py:190} INFO - [2025-03-08T20:50:19.990+0000] {dag.py:4180} INFO - Setting next_dagrun for example_params_trigger_ui to None, run_after=None
[2025-03-08T20:50:20.012+0000] {processor.py:208} INFO - Processing /home/airflow/.local/lib/python3.12/site-packages/airflow/example_dags/example_params_trigger_ui.py took 0.102 seconds
