[2025-03-08T20:32:36.580+0000] {processor.py:186} INFO - Started process (PID=111) to work on /home/airflow/.local/lib/python3.12/site-packages/airflow/example_dags/example_subdag_operator.py
[2025-03-08T20:32:36.581+0000] {processor.py:914} INFO - Processing file /home/airflow/.local/lib/python3.12/site-packages/airflow/example_dags/example_subdag_operator.py for tasks to queue
[2025-03-08T20:32:36.583+0000] {logging_mixin.py:190} INFO - [2025-03-08T20:32:36.583+0000] {dagbag.py:588} INFO - Filling up the DagBag from /home/airflow/.local/lib/python3.12/site-packages/airflow/example_dags/example_subdag_operator.py
[2025-03-08T20:32:36.610+0000] {processor.py:925} INFO - DAG(s) 'example_subdag_operator.section-1', 'example_subdag_operator.section-2', 'example_subdag_operator' retrieved from /home/airflow/.local/lib/python3.12/site-packages/airflow/example_dags/example_subdag_operator.py
[2025-03-08T20:32:36.697+0000] {logging_mixin.py:190} INFO - [2025-03-08T20:32:36.696+0000] {override.py:1912} INFO - Created Permission View: can edit on DAG:example_subdag_operator
[2025-03-08T20:32:36.706+0000] {logging_mixin.py:190} INFO - [2025-03-08T20:32:36.706+0000] {override.py:1912} INFO - Created Permission View: can read on DAG:example_subdag_operator
[2025-03-08T20:32:36.712+0000] {logging_mixin.py:190} INFO - [2025-03-08T20:32:36.712+0000] {override.py:1912} INFO - Created Permission View: can delete on DAG:example_subdag_operator
[2025-03-08T20:32:36.718+0000] {logging_mixin.py:190} INFO - [2025-03-08T20:32:36.718+0000] {override.py:1912} INFO - Created Permission View: can read on DAG Run:example_subdag_operator
[2025-03-08T20:32:36.723+0000] {logging_mixin.py:190} INFO - [2025-03-08T20:32:36.722+0000] {override.py:1912} INFO - Created Permission View: menu access on DAG Run:example_subdag_operator
[2025-03-08T20:32:36.728+0000] {logging_mixin.py:190} INFO - [2025-03-08T20:32:36.728+0000] {override.py:1912} INFO - Created Permission View: can create on DAG Run:example_subdag_operator
[2025-03-08T20:32:36.734+0000] {logging_mixin.py:190} INFO - [2025-03-08T20:32:36.733+0000] {override.py:1912} INFO - Created Permission View: can delete on DAG Run:example_subdag_operator
[2025-03-08T20:32:36.734+0000] {logging_mixin.py:190} INFO - [2025-03-08T20:32:36.734+0000] {dag.py:3239} INFO - Sync 3 DAGs
[2025-03-08T20:32:36.744+0000] {logging_mixin.py:190} INFO - [2025-03-08T20:32:36.744+0000] {dag.py:3262} INFO - Creating ORM DAG for example_subdag_operator
[2025-03-08T20:32:36.745+0000] {logging_mixin.py:190} INFO - [2025-03-08T20:32:36.745+0000] {dag.py:3262} INFO - Creating ORM DAG for example_subdag_operator.section-2
[2025-03-08T20:32:36.746+0000] {logging_mixin.py:190} INFO - [2025-03-08T20:32:36.746+0000] {dag.py:3262} INFO - Creating ORM DAG for example_subdag_operator.section-1
[2025-03-08T20:32:36.754+0000] {logging_mixin.py:190} INFO - [2025-03-08T20:32:36.754+0000] {dag.py:4180} INFO - Setting next_dagrun for example_subdag_operator to 2022-01-01 00:00:00+00:00, run_after=2022-01-01 00:00:00+00:00
[2025-03-08T20:32:36.755+0000] {logging_mixin.py:190} INFO - [2025-03-08T20:32:36.755+0000] {dag.py:4180} INFO - Setting next_dagrun for example_subdag_operator.section-1 to None, run_after=None
[2025-03-08T20:32:36.758+0000] {logging_mixin.py:190} INFO - [2025-03-08T20:32:36.758+0000] {dag.py:4180} INFO - Setting next_dagrun for example_subdag_operator.section-2 to None, run_after=None
[2025-03-08T20:32:36.770+0000] {logging_mixin.py:190} INFO - [2025-03-08T20:32:36.770+0000] {dag.py:3239} INFO - Sync 2 DAGs
[2025-03-08T20:32:36.778+0000] {logging_mixin.py:190} INFO - [2025-03-08T20:32:36.778+0000] {dag.py:4180} INFO - Setting next_dagrun for example_subdag_operator.section-1 to None, run_after=None
[2025-03-08T20:32:36.782+0000] {logging_mixin.py:190} INFO - [2025-03-08T20:32:36.782+0000] {dag.py:4180} INFO - Setting next_dagrun for example_subdag_operator.section-2 to None, run_after=None
[2025-03-08T20:32:36.796+0000] {processor.py:208} INFO - Processing /home/airflow/.local/lib/python3.12/site-packages/airflow/example_dags/example_subdag_operator.py took 0.222 seconds
[2025-03-08T20:33:07.617+0000] {processor.py:186} INFO - Started process (PID=174) to work on /home/airflow/.local/lib/python3.12/site-packages/airflow/example_dags/example_subdag_operator.py
[2025-03-08T20:33:07.617+0000] {processor.py:914} INFO - Processing file /home/airflow/.local/lib/python3.12/site-packages/airflow/example_dags/example_subdag_operator.py for tasks to queue
[2025-03-08T20:33:07.619+0000] {logging_mixin.py:190} INFO - [2025-03-08T20:33:07.619+0000] {dagbag.py:588} INFO - Filling up the DagBag from /home/airflow/.local/lib/python3.12/site-packages/airflow/example_dags/example_subdag_operator.py
[2025-03-08T20:33:07.642+0000] {processor.py:925} INFO - DAG(s) 'example_subdag_operator.section-1', 'example_subdag_operator.section-2', 'example_subdag_operator' retrieved from /home/airflow/.local/lib/python3.12/site-packages/airflow/example_dags/example_subdag_operator.py
[2025-03-08T20:33:07.656+0000] {logging_mixin.py:190} INFO - [2025-03-08T20:33:07.655+0000] {dag.py:3239} INFO - Sync 3 DAGs
[2025-03-08T20:33:07.674+0000] {logging_mixin.py:190} INFO - [2025-03-08T20:33:07.673+0000] {dag.py:4180} INFO - Setting next_dagrun for example_subdag_operator to 2022-01-01 00:00:00+00:00, run_after=2022-01-01 00:00:00+00:00
[2025-03-08T20:33:07.677+0000] {logging_mixin.py:190} INFO - [2025-03-08T20:33:07.677+0000] {dag.py:4180} INFO - Setting next_dagrun for example_subdag_operator.section-1 to None, run_after=None
[2025-03-08T20:33:07.678+0000] {logging_mixin.py:190} INFO - [2025-03-08T20:33:07.678+0000] {dag.py:4180} INFO - Setting next_dagrun for example_subdag_operator.section-2 to None, run_after=None
[2025-03-08T20:33:07.684+0000] {logging_mixin.py:190} INFO - [2025-03-08T20:33:07.684+0000] {dag.py:3239} INFO - Sync 2 DAGs
[2025-03-08T20:33:07.689+0000] {logging_mixin.py:190} INFO - [2025-03-08T20:33:07.688+0000] {dag.py:4180} INFO - Setting next_dagrun for example_subdag_operator.section-1 to None, run_after=None
[2025-03-08T20:33:07.689+0000] {logging_mixin.py:190} INFO - [2025-03-08T20:33:07.689+0000] {dag.py:4180} INFO - Setting next_dagrun for example_subdag_operator.section-2 to None, run_after=None
[2025-03-08T20:33:07.699+0000] {processor.py:208} INFO - Processing /home/airflow/.local/lib/python3.12/site-packages/airflow/example_dags/example_subdag_operator.py took 0.087 seconds
[2025-03-08T20:33:38.158+0000] {processor.py:186} INFO - Started process (PID=236) to work on /home/airflow/.local/lib/python3.12/site-packages/airflow/example_dags/example_subdag_operator.py
[2025-03-08T20:33:38.159+0000] {processor.py:914} INFO - Processing file /home/airflow/.local/lib/python3.12/site-packages/airflow/example_dags/example_subdag_operator.py for tasks to queue
[2025-03-08T20:33:38.161+0000] {logging_mixin.py:190} INFO - [2025-03-08T20:33:38.161+0000] {dagbag.py:588} INFO - Filling up the DagBag from /home/airflow/.local/lib/python3.12/site-packages/airflow/example_dags/example_subdag_operator.py
[2025-03-08T20:33:38.183+0000] {processor.py:925} INFO - DAG(s) 'example_subdag_operator.section-1', 'example_subdag_operator.section-2', 'example_subdag_operator' retrieved from /home/airflow/.local/lib/python3.12/site-packages/airflow/example_dags/example_subdag_operator.py
[2025-03-08T20:33:38.197+0000] {logging_mixin.py:190} INFO - [2025-03-08T20:33:38.197+0000] {dag.py:3239} INFO - Sync 3 DAGs
[2025-03-08T20:33:38.216+0000] {logging_mixin.py:190} INFO - [2025-03-08T20:33:38.216+0000] {dag.py:4180} INFO - Setting next_dagrun for example_subdag_operator to 2022-01-01 00:00:00+00:00, run_after=2022-01-01 00:00:00+00:00
[2025-03-08T20:33:38.220+0000] {logging_mixin.py:190} INFO - [2025-03-08T20:33:38.220+0000] {dag.py:4180} INFO - Setting next_dagrun for example_subdag_operator.section-1 to None, run_after=None
[2025-03-08T20:33:38.221+0000] {logging_mixin.py:190} INFO - [2025-03-08T20:33:38.221+0000] {dag.py:4180} INFO - Setting next_dagrun for example_subdag_operator.section-2 to None, run_after=None
[2025-03-08T20:33:38.227+0000] {logging_mixin.py:190} INFO - [2025-03-08T20:33:38.227+0000] {dag.py:3239} INFO - Sync 2 DAGs
[2025-03-08T20:33:38.233+0000] {logging_mixin.py:190} INFO - [2025-03-08T20:33:38.232+0000] {dag.py:4180} INFO - Setting next_dagrun for example_subdag_operator.section-1 to None, run_after=None
[2025-03-08T20:33:38.233+0000] {logging_mixin.py:190} INFO - [2025-03-08T20:33:38.233+0000] {dag.py:4180} INFO - Setting next_dagrun for example_subdag_operator.section-2 to None, run_after=None
[2025-03-08T20:33:38.242+0000] {processor.py:208} INFO - Processing /home/airflow/.local/lib/python3.12/site-packages/airflow/example_dags/example_subdag_operator.py took 0.089 seconds
[2025-03-08T20:34:08.438+0000] {processor.py:186} INFO - Started process (PID=299) to work on /home/airflow/.local/lib/python3.12/site-packages/airflow/example_dags/example_subdag_operator.py
[2025-03-08T20:34:08.440+0000] {processor.py:914} INFO - Processing file /home/airflow/.local/lib/python3.12/site-packages/airflow/example_dags/example_subdag_operator.py for tasks to queue
[2025-03-08T20:34:08.442+0000] {logging_mixin.py:190} INFO - [2025-03-08T20:34:08.441+0000] {dagbag.py:588} INFO - Filling up the DagBag from /home/airflow/.local/lib/python3.12/site-packages/airflow/example_dags/example_subdag_operator.py
[2025-03-08T20:34:08.478+0000] {processor.py:925} INFO - DAG(s) 'example_subdag_operator.section-1', 'example_subdag_operator.section-2', 'example_subdag_operator' retrieved from /home/airflow/.local/lib/python3.12/site-packages/airflow/example_dags/example_subdag_operator.py
[2025-03-08T20:34:08.499+0000] {logging_mixin.py:190} INFO - [2025-03-08T20:34:08.498+0000] {dag.py:3239} INFO - Sync 3 DAGs
[2025-03-08T20:34:08.520+0000] {logging_mixin.py:190} INFO - [2025-03-08T20:34:08.520+0000] {dag.py:4180} INFO - Setting next_dagrun for example_subdag_operator to 2022-01-01 00:00:00+00:00, run_after=2022-01-01 00:00:00+00:00
[2025-03-08T20:34:08.525+0000] {logging_mixin.py:190} INFO - [2025-03-08T20:34:08.525+0000] {dag.py:4180} INFO - Setting next_dagrun for example_subdag_operator.section-1 to None, run_after=None
[2025-03-08T20:34:08.527+0000] {logging_mixin.py:190} INFO - [2025-03-08T20:34:08.527+0000] {dag.py:4180} INFO - Setting next_dagrun for example_subdag_operator.section-2 to None, run_after=None
[2025-03-08T20:34:08.535+0000] {logging_mixin.py:190} INFO - [2025-03-08T20:34:08.535+0000] {dag.py:3239} INFO - Sync 2 DAGs
[2025-03-08T20:34:08.541+0000] {logging_mixin.py:190} INFO - [2025-03-08T20:34:08.541+0000] {dag.py:4180} INFO - Setting next_dagrun for example_subdag_operator.section-1 to None, run_after=None
[2025-03-08T20:34:08.542+0000] {logging_mixin.py:190} INFO - [2025-03-08T20:34:08.542+0000] {dag.py:4180} INFO - Setting next_dagrun for example_subdag_operator.section-2 to None, run_after=None
[2025-03-08T20:34:08.551+0000] {processor.py:208} INFO - Processing /home/airflow/.local/lib/python3.12/site-packages/airflow/example_dags/example_subdag_operator.py took 0.119 seconds
[2025-03-08T20:34:39.390+0000] {processor.py:186} INFO - Started process (PID=362) to work on /home/airflow/.local/lib/python3.12/site-packages/airflow/example_dags/example_subdag_operator.py
[2025-03-08T20:34:39.391+0000] {processor.py:914} INFO - Processing file /home/airflow/.local/lib/python3.12/site-packages/airflow/example_dags/example_subdag_operator.py for tasks to queue
[2025-03-08T20:34:39.393+0000] {logging_mixin.py:190} INFO - [2025-03-08T20:34:39.393+0000] {dagbag.py:588} INFO - Filling up the DagBag from /home/airflow/.local/lib/python3.12/site-packages/airflow/example_dags/example_subdag_operator.py
[2025-03-08T20:34:39.421+0000] {processor.py:925} INFO - DAG(s) 'example_subdag_operator.section-1', 'example_subdag_operator.section-2', 'example_subdag_operator' retrieved from /home/airflow/.local/lib/python3.12/site-packages/airflow/example_dags/example_subdag_operator.py
[2025-03-08T20:34:39.438+0000] {logging_mixin.py:190} INFO - [2025-03-08T20:34:39.438+0000] {dag.py:3239} INFO - Sync 3 DAGs
[2025-03-08T20:34:39.462+0000] {logging_mixin.py:190} INFO - [2025-03-08T20:34:39.461+0000] {dag.py:4180} INFO - Setting next_dagrun for example_subdag_operator to 2022-01-01 00:00:00+00:00, run_after=2022-01-01 00:00:00+00:00
[2025-03-08T20:34:39.466+0000] {logging_mixin.py:190} INFO - [2025-03-08T20:34:39.466+0000] {dag.py:4180} INFO - Setting next_dagrun for example_subdag_operator.section-1 to None, run_after=None
[2025-03-08T20:34:39.468+0000] {logging_mixin.py:190} INFO - [2025-03-08T20:34:39.468+0000] {dag.py:4180} INFO - Setting next_dagrun for example_subdag_operator.section-2 to None, run_after=None
[2025-03-08T20:34:39.476+0000] {logging_mixin.py:190} INFO - [2025-03-08T20:34:39.475+0000] {dag.py:3239} INFO - Sync 2 DAGs
[2025-03-08T20:34:39.481+0000] {logging_mixin.py:190} INFO - [2025-03-08T20:34:39.481+0000] {dag.py:4180} INFO - Setting next_dagrun for example_subdag_operator.section-1 to None, run_after=None
[2025-03-08T20:34:39.482+0000] {logging_mixin.py:190} INFO - [2025-03-08T20:34:39.481+0000] {dag.py:4180} INFO - Setting next_dagrun for example_subdag_operator.section-2 to None, run_after=None
[2025-03-08T20:34:39.492+0000] {processor.py:208} INFO - Processing /home/airflow/.local/lib/python3.12/site-packages/airflow/example_dags/example_subdag_operator.py took 0.108 seconds
[2025-03-08T20:35:09.779+0000] {processor.py:186} INFO - Started process (PID=425) to work on /home/airflow/.local/lib/python3.12/site-packages/airflow/example_dags/example_subdag_operator.py
[2025-03-08T20:35:09.780+0000] {processor.py:914} INFO - Processing file /home/airflow/.local/lib/python3.12/site-packages/airflow/example_dags/example_subdag_operator.py for tasks to queue
[2025-03-08T20:35:09.782+0000] {logging_mixin.py:190} INFO - [2025-03-08T20:35:09.782+0000] {dagbag.py:588} INFO - Filling up the DagBag from /home/airflow/.local/lib/python3.12/site-packages/airflow/example_dags/example_subdag_operator.py
[2025-03-08T20:35:09.803+0000] {processor.py:925} INFO - DAG(s) 'example_subdag_operator.section-1', 'example_subdag_operator.section-2', 'example_subdag_operator' retrieved from /home/airflow/.local/lib/python3.12/site-packages/airflow/example_dags/example_subdag_operator.py
[2025-03-08T20:35:09.819+0000] {logging_mixin.py:190} INFO - [2025-03-08T20:35:09.819+0000] {dag.py:3239} INFO - Sync 3 DAGs
[2025-03-08T20:35:09.847+0000] {logging_mixin.py:190} INFO - [2025-03-08T20:35:09.846+0000] {dag.py:4180} INFO - Setting next_dagrun for example_subdag_operator to 2022-01-01 00:00:00+00:00, run_after=2022-01-01 00:00:00+00:00
[2025-03-08T20:35:09.850+0000] {logging_mixin.py:190} INFO - [2025-03-08T20:35:09.850+0000] {dag.py:4180} INFO - Setting next_dagrun for example_subdag_operator.section-1 to None, run_after=None
[2025-03-08T20:35:09.852+0000] {logging_mixin.py:190} INFO - [2025-03-08T20:35:09.851+0000] {dag.py:4180} INFO - Setting next_dagrun for example_subdag_operator.section-2 to None, run_after=None
[2025-03-08T20:35:09.857+0000] {logging_mixin.py:190} INFO - [2025-03-08T20:35:09.857+0000] {dag.py:3239} INFO - Sync 2 DAGs
[2025-03-08T20:35:09.863+0000] {logging_mixin.py:190} INFO - [2025-03-08T20:35:09.862+0000] {dag.py:4180} INFO - Setting next_dagrun for example_subdag_operator.section-1 to None, run_after=None
[2025-03-08T20:35:09.863+0000] {logging_mixin.py:190} INFO - [2025-03-08T20:35:09.863+0000] {dag.py:4180} INFO - Setting next_dagrun for example_subdag_operator.section-2 to None, run_after=None
[2025-03-08T20:35:09.871+0000] {processor.py:208} INFO - Processing /home/airflow/.local/lib/python3.12/site-packages/airflow/example_dags/example_subdag_operator.py took 0.097 seconds
[2025-03-08T20:35:40.167+0000] {processor.py:186} INFO - Started process (PID=487) to work on /home/airflow/.local/lib/python3.12/site-packages/airflow/example_dags/example_subdag_operator.py
[2025-03-08T20:35:40.167+0000] {processor.py:914} INFO - Processing file /home/airflow/.local/lib/python3.12/site-packages/airflow/example_dags/example_subdag_operator.py for tasks to queue
[2025-03-08T20:35:40.169+0000] {logging_mixin.py:190} INFO - [2025-03-08T20:35:40.169+0000] {dagbag.py:588} INFO - Filling up the DagBag from /home/airflow/.local/lib/python3.12/site-packages/airflow/example_dags/example_subdag_operator.py
[2025-03-08T20:35:40.190+0000] {processor.py:925} INFO - DAG(s) 'example_subdag_operator.section-1', 'example_subdag_operator.section-2', 'example_subdag_operator' retrieved from /home/airflow/.local/lib/python3.12/site-packages/airflow/example_dags/example_subdag_operator.py
[2025-03-08T20:35:40.203+0000] {logging_mixin.py:190} INFO - [2025-03-08T20:35:40.203+0000] {dag.py:3239} INFO - Sync 3 DAGs
[2025-03-08T20:35:40.224+0000] {logging_mixin.py:190} INFO - [2025-03-08T20:35:40.224+0000] {dag.py:4180} INFO - Setting next_dagrun for example_subdag_operator to 2022-01-01 00:00:00+00:00, run_after=2022-01-01 00:00:00+00:00
[2025-03-08T20:35:40.229+0000] {logging_mixin.py:190} INFO - [2025-03-08T20:35:40.228+0000] {dag.py:4180} INFO - Setting next_dagrun for example_subdag_operator.section-1 to None, run_after=None
[2025-03-08T20:35:40.230+0000] {logging_mixin.py:190} INFO - [2025-03-08T20:35:40.230+0000] {dag.py:4180} INFO - Setting next_dagrun for example_subdag_operator.section-2 to None, run_after=None
[2025-03-08T20:35:40.238+0000] {logging_mixin.py:190} INFO - [2025-03-08T20:35:40.238+0000] {dag.py:3239} INFO - Sync 2 DAGs
[2025-03-08T20:35:40.246+0000] {logging_mixin.py:190} INFO - [2025-03-08T20:35:40.246+0000] {dag.py:4180} INFO - Setting next_dagrun for example_subdag_operator.section-1 to None, run_after=None
[2025-03-08T20:35:40.247+0000] {logging_mixin.py:190} INFO - [2025-03-08T20:35:40.247+0000] {dag.py:4180} INFO - Setting next_dagrun for example_subdag_operator.section-2 to None, run_after=None
[2025-03-08T20:35:40.257+0000] {processor.py:208} INFO - Processing /home/airflow/.local/lib/python3.12/site-packages/airflow/example_dags/example_subdag_operator.py took 0.096 seconds
[2025-03-08T20:36:10.526+0000] {processor.py:186} INFO - Started process (PID=550) to work on /home/airflow/.local/lib/python3.12/site-packages/airflow/example_dags/example_subdag_operator.py
[2025-03-08T20:36:10.527+0000] {processor.py:914} INFO - Processing file /home/airflow/.local/lib/python3.12/site-packages/airflow/example_dags/example_subdag_operator.py for tasks to queue
[2025-03-08T20:36:10.529+0000] {logging_mixin.py:190} INFO - [2025-03-08T20:36:10.529+0000] {dagbag.py:588} INFO - Filling up the DagBag from /home/airflow/.local/lib/python3.12/site-packages/airflow/example_dags/example_subdag_operator.py
[2025-03-08T20:36:10.556+0000] {processor.py:925} INFO - DAG(s) 'example_subdag_operator.section-1', 'example_subdag_operator.section-2', 'example_subdag_operator' retrieved from /home/airflow/.local/lib/python3.12/site-packages/airflow/example_dags/example_subdag_operator.py
[2025-03-08T20:36:10.574+0000] {logging_mixin.py:190} INFO - [2025-03-08T20:36:10.574+0000] {dag.py:3239} INFO - Sync 3 DAGs
[2025-03-08T20:36:10.595+0000] {logging_mixin.py:190} INFO - [2025-03-08T20:36:10.595+0000] {dag.py:4180} INFO - Setting next_dagrun for example_subdag_operator to 2022-01-01 00:00:00+00:00, run_after=2022-01-01 00:00:00+00:00
[2025-03-08T20:36:10.599+0000] {logging_mixin.py:190} INFO - [2025-03-08T20:36:10.599+0000] {dag.py:4180} INFO - Setting next_dagrun for example_subdag_operator.section-1 to None, run_after=None
[2025-03-08T20:36:10.601+0000] {logging_mixin.py:190} INFO - [2025-03-08T20:36:10.601+0000] {dag.py:4180} INFO - Setting next_dagrun for example_subdag_operator.section-2 to None, run_after=None
[2025-03-08T20:36:10.608+0000] {logging_mixin.py:190} INFO - [2025-03-08T20:36:10.608+0000] {dag.py:3239} INFO - Sync 2 DAGs
[2025-03-08T20:36:10.613+0000] {logging_mixin.py:190} INFO - [2025-03-08T20:36:10.613+0000] {dag.py:4180} INFO - Setting next_dagrun for example_subdag_operator.section-1 to None, run_after=None
[2025-03-08T20:36:10.614+0000] {logging_mixin.py:190} INFO - [2025-03-08T20:36:10.614+0000] {dag.py:4180} INFO - Setting next_dagrun for example_subdag_operator.section-2 to None, run_after=None
[2025-03-08T20:36:10.622+0000] {processor.py:208} INFO - Processing /home/airflow/.local/lib/python3.12/site-packages/airflow/example_dags/example_subdag_operator.py took 0.102 seconds
[2025-03-08T20:36:42.063+0000] {processor.py:186} INFO - Started process (PID=613) to work on /home/airflow/.local/lib/python3.12/site-packages/airflow/example_dags/example_subdag_operator.py
[2025-03-08T20:36:42.064+0000] {processor.py:914} INFO - Processing file /home/airflow/.local/lib/python3.12/site-packages/airflow/example_dags/example_subdag_operator.py for tasks to queue
[2025-03-08T20:36:42.066+0000] {logging_mixin.py:190} INFO - [2025-03-08T20:36:42.066+0000] {dagbag.py:588} INFO - Filling up the DagBag from /home/airflow/.local/lib/python3.12/site-packages/airflow/example_dags/example_subdag_operator.py
[2025-03-08T20:36:42.086+0000] {processor.py:925} INFO - DAG(s) 'example_subdag_operator.section-1', 'example_subdag_operator.section-2', 'example_subdag_operator' retrieved from /home/airflow/.local/lib/python3.12/site-packages/airflow/example_dags/example_subdag_operator.py
[2025-03-08T20:36:42.099+0000] {logging_mixin.py:190} INFO - [2025-03-08T20:36:42.099+0000] {dag.py:3239} INFO - Sync 3 DAGs
[2025-03-08T20:36:42.117+0000] {logging_mixin.py:190} INFO - [2025-03-08T20:36:42.117+0000] {dag.py:4180} INFO - Setting next_dagrun for example_subdag_operator to 2022-01-01 00:00:00+00:00, run_after=2022-01-01 00:00:00+00:00
[2025-03-08T20:36:42.121+0000] {logging_mixin.py:190} INFO - [2025-03-08T20:36:42.120+0000] {dag.py:4180} INFO - Setting next_dagrun for example_subdag_operator.section-1 to None, run_after=None
[2025-03-08T20:36:42.122+0000] {logging_mixin.py:190} INFO - [2025-03-08T20:36:42.122+0000] {dag.py:4180} INFO - Setting next_dagrun for example_subdag_operator.section-2 to None, run_after=None
[2025-03-08T20:36:42.129+0000] {logging_mixin.py:190} INFO - [2025-03-08T20:36:42.129+0000] {dag.py:3239} INFO - Sync 2 DAGs
[2025-03-08T20:36:42.134+0000] {logging_mixin.py:190} INFO - [2025-03-08T20:36:42.134+0000] {dag.py:4180} INFO - Setting next_dagrun for example_subdag_operator.section-1 to None, run_after=None
[2025-03-08T20:36:42.135+0000] {logging_mixin.py:190} INFO - [2025-03-08T20:36:42.135+0000] {dag.py:4180} INFO - Setting next_dagrun for example_subdag_operator.section-2 to None, run_after=None
[2025-03-08T20:36:42.145+0000] {processor.py:208} INFO - Processing /home/airflow/.local/lib/python3.12/site-packages/airflow/example_dags/example_subdag_operator.py took 0.087 seconds
[2025-03-08T20:37:13.148+0000] {processor.py:186} INFO - Started process (PID=676) to work on /home/airflow/.local/lib/python3.12/site-packages/airflow/example_dags/example_subdag_operator.py
[2025-03-08T20:37:13.148+0000] {processor.py:914} INFO - Processing file /home/airflow/.local/lib/python3.12/site-packages/airflow/example_dags/example_subdag_operator.py for tasks to queue
[2025-03-08T20:37:13.151+0000] {logging_mixin.py:190} INFO - [2025-03-08T20:37:13.150+0000] {dagbag.py:588} INFO - Filling up the DagBag from /home/airflow/.local/lib/python3.12/site-packages/airflow/example_dags/example_subdag_operator.py
[2025-03-08T20:37:13.179+0000] {processor.py:925} INFO - DAG(s) 'example_subdag_operator.section-1', 'example_subdag_operator.section-2', 'example_subdag_operator' retrieved from /home/airflow/.local/lib/python3.12/site-packages/airflow/example_dags/example_subdag_operator.py
[2025-03-08T20:37:13.195+0000] {logging_mixin.py:190} INFO - [2025-03-08T20:37:13.195+0000] {dag.py:3239} INFO - Sync 3 DAGs
[2025-03-08T20:37:13.224+0000] {logging_mixin.py:190} INFO - [2025-03-08T20:37:13.224+0000] {dag.py:4180} INFO - Setting next_dagrun for example_subdag_operator to 2022-01-01 00:00:00+00:00, run_after=2022-01-01 00:00:00+00:00
[2025-03-08T20:37:13.229+0000] {logging_mixin.py:190} INFO - [2025-03-08T20:37:13.229+0000] {dag.py:4180} INFO - Setting next_dagrun for example_subdag_operator.section-1 to None, run_after=None
[2025-03-08T20:37:13.232+0000] {logging_mixin.py:190} INFO - [2025-03-08T20:37:13.231+0000] {dag.py:4180} INFO - Setting next_dagrun for example_subdag_operator.section-2 to None, run_after=None
[2025-03-08T20:37:13.240+0000] {logging_mixin.py:190} INFO - [2025-03-08T20:37:13.240+0000] {dag.py:3239} INFO - Sync 2 DAGs
[2025-03-08T20:37:13.249+0000] {logging_mixin.py:190} INFO - [2025-03-08T20:37:13.249+0000] {dag.py:4180} INFO - Setting next_dagrun for example_subdag_operator.section-1 to None, run_after=None
[2025-03-08T20:37:13.250+0000] {logging_mixin.py:190} INFO - [2025-03-08T20:37:13.250+0000] {dag.py:4180} INFO - Setting next_dagrun for example_subdag_operator.section-2 to None, run_after=None
[2025-03-08T20:37:13.263+0000] {processor.py:208} INFO - Processing /home/airflow/.local/lib/python3.12/site-packages/airflow/example_dags/example_subdag_operator.py took 0.121 seconds
[2025-03-08T20:37:43.662+0000] {processor.py:186} INFO - Started process (PID=739) to work on /home/airflow/.local/lib/python3.12/site-packages/airflow/example_dags/example_subdag_operator.py
[2025-03-08T20:37:43.663+0000] {processor.py:914} INFO - Processing file /home/airflow/.local/lib/python3.12/site-packages/airflow/example_dags/example_subdag_operator.py for tasks to queue
[2025-03-08T20:37:43.665+0000] {logging_mixin.py:190} INFO - [2025-03-08T20:37:43.664+0000] {dagbag.py:588} INFO - Filling up the DagBag from /home/airflow/.local/lib/python3.12/site-packages/airflow/example_dags/example_subdag_operator.py
[2025-03-08T20:37:43.687+0000] {processor.py:925} INFO - DAG(s) 'example_subdag_operator.section-1', 'example_subdag_operator.section-2', 'example_subdag_operator' retrieved from /home/airflow/.local/lib/python3.12/site-packages/airflow/example_dags/example_subdag_operator.py
[2025-03-08T20:37:43.701+0000] {logging_mixin.py:190} INFO - [2025-03-08T20:37:43.701+0000] {dag.py:3239} INFO - Sync 3 DAGs
[2025-03-08T20:37:43.724+0000] {logging_mixin.py:190} INFO - [2025-03-08T20:37:43.724+0000] {dag.py:4180} INFO - Setting next_dagrun for example_subdag_operator to 2022-01-01 00:00:00+00:00, run_after=2022-01-01 00:00:00+00:00
[2025-03-08T20:37:43.727+0000] {logging_mixin.py:190} INFO - [2025-03-08T20:37:43.727+0000] {dag.py:4180} INFO - Setting next_dagrun for example_subdag_operator.section-1 to None, run_after=None
[2025-03-08T20:37:43.729+0000] {logging_mixin.py:190} INFO - [2025-03-08T20:37:43.728+0000] {dag.py:4180} INFO - Setting next_dagrun for example_subdag_operator.section-2 to None, run_after=None
[2025-03-08T20:37:43.737+0000] {logging_mixin.py:190} INFO - [2025-03-08T20:37:43.736+0000] {dag.py:3239} INFO - Sync 2 DAGs
[2025-03-08T20:37:43.742+0000] {logging_mixin.py:190} INFO - [2025-03-08T20:37:43.742+0000] {dag.py:4180} INFO - Setting next_dagrun for example_subdag_operator.section-1 to None, run_after=None
[2025-03-08T20:37:43.743+0000] {logging_mixin.py:190} INFO - [2025-03-08T20:37:43.743+0000] {dag.py:4180} INFO - Setting next_dagrun for example_subdag_operator.section-2 to None, run_after=None
[2025-03-08T20:37:43.754+0000] {processor.py:208} INFO - Processing /home/airflow/.local/lib/python3.12/site-packages/airflow/example_dags/example_subdag_operator.py took 0.096 seconds
[2025-03-08T20:38:14.940+0000] {processor.py:186} INFO - Started process (PID=802) to work on /home/airflow/.local/lib/python3.12/site-packages/airflow/example_dags/example_subdag_operator.py
[2025-03-08T20:38:14.941+0000] {processor.py:914} INFO - Processing file /home/airflow/.local/lib/python3.12/site-packages/airflow/example_dags/example_subdag_operator.py for tasks to queue
[2025-03-08T20:38:14.944+0000] {logging_mixin.py:190} INFO - [2025-03-08T20:38:14.943+0000] {dagbag.py:588} INFO - Filling up the DagBag from /home/airflow/.local/lib/python3.12/site-packages/airflow/example_dags/example_subdag_operator.py
[2025-03-08T20:38:14.966+0000] {processor.py:925} INFO - DAG(s) 'example_subdag_operator.section-1', 'example_subdag_operator.section-2', 'example_subdag_operator' retrieved from /home/airflow/.local/lib/python3.12/site-packages/airflow/example_dags/example_subdag_operator.py
[2025-03-08T20:38:14.981+0000] {logging_mixin.py:190} INFO - [2025-03-08T20:38:14.980+0000] {dag.py:3239} INFO - Sync 3 DAGs
[2025-03-08T20:38:15.001+0000] {logging_mixin.py:190} INFO - [2025-03-08T20:38:15.001+0000] {dag.py:4180} INFO - Setting next_dagrun for example_subdag_operator to 2022-01-01 00:00:00+00:00, run_after=2022-01-01 00:00:00+00:00
[2025-03-08T20:38:15.005+0000] {logging_mixin.py:190} INFO - [2025-03-08T20:38:15.004+0000] {dag.py:4180} INFO - Setting next_dagrun for example_subdag_operator.section-1 to None, run_after=None
[2025-03-08T20:38:15.006+0000] {logging_mixin.py:190} INFO - [2025-03-08T20:38:15.006+0000] {dag.py:4180} INFO - Setting next_dagrun for example_subdag_operator.section-2 to None, run_after=None
[2025-03-08T20:38:15.014+0000] {logging_mixin.py:190} INFO - [2025-03-08T20:38:15.014+0000] {dag.py:3239} INFO - Sync 2 DAGs
[2025-03-08T20:38:15.019+0000] {logging_mixin.py:190} INFO - [2025-03-08T20:38:15.019+0000] {dag.py:4180} INFO - Setting next_dagrun for example_subdag_operator.section-1 to None, run_after=None
[2025-03-08T20:38:15.020+0000] {logging_mixin.py:190} INFO - [2025-03-08T20:38:15.020+0000] {dag.py:4180} INFO - Setting next_dagrun for example_subdag_operator.section-2 to None, run_after=None
[2025-03-08T20:38:15.031+0000] {processor.py:208} INFO - Processing /home/airflow/.local/lib/python3.12/site-packages/airflow/example_dags/example_subdag_operator.py took 0.095 seconds
[2025-03-08T20:38:45.415+0000] {processor.py:186} INFO - Started process (PID=865) to work on /home/airflow/.local/lib/python3.12/site-packages/airflow/example_dags/example_subdag_operator.py
[2025-03-08T20:38:45.415+0000] {processor.py:914} INFO - Processing file /home/airflow/.local/lib/python3.12/site-packages/airflow/example_dags/example_subdag_operator.py for tasks to queue
[2025-03-08T20:38:45.418+0000] {logging_mixin.py:190} INFO - [2025-03-08T20:38:45.418+0000] {dagbag.py:588} INFO - Filling up the DagBag from /home/airflow/.local/lib/python3.12/site-packages/airflow/example_dags/example_subdag_operator.py
[2025-03-08T20:38:45.441+0000] {processor.py:925} INFO - DAG(s) 'example_subdag_operator.section-1', 'example_subdag_operator.section-2', 'example_subdag_operator' retrieved from /home/airflow/.local/lib/python3.12/site-packages/airflow/example_dags/example_subdag_operator.py
[2025-03-08T20:38:45.455+0000] {logging_mixin.py:190} INFO - [2025-03-08T20:38:45.454+0000] {dag.py:3239} INFO - Sync 3 DAGs
[2025-03-08T20:38:45.477+0000] {logging_mixin.py:190} INFO - [2025-03-08T20:38:45.476+0000] {dag.py:4180} INFO - Setting next_dagrun for example_subdag_operator to 2022-01-01 00:00:00+00:00, run_after=2022-01-01 00:00:00+00:00
[2025-03-08T20:38:45.480+0000] {logging_mixin.py:190} INFO - [2025-03-08T20:38:45.480+0000] {dag.py:4180} INFO - Setting next_dagrun for example_subdag_operator.section-1 to None, run_after=None
[2025-03-08T20:38:45.482+0000] {logging_mixin.py:190} INFO - [2025-03-08T20:38:45.481+0000] {dag.py:4180} INFO - Setting next_dagrun for example_subdag_operator.section-2 to None, run_after=None
[2025-03-08T20:38:45.488+0000] {logging_mixin.py:190} INFO - [2025-03-08T20:38:45.488+0000] {dag.py:3239} INFO - Sync 2 DAGs
[2025-03-08T20:38:45.493+0000] {logging_mixin.py:190} INFO - [2025-03-08T20:38:45.493+0000] {dag.py:4180} INFO - Setting next_dagrun for example_subdag_operator.section-1 to None, run_after=None
[2025-03-08T20:38:45.494+0000] {logging_mixin.py:190} INFO - [2025-03-08T20:38:45.493+0000] {dag.py:4180} INFO - Setting next_dagrun for example_subdag_operator.section-2 to None, run_after=None
[2025-03-08T20:38:45.503+0000] {processor.py:208} INFO - Processing /home/airflow/.local/lib/python3.12/site-packages/airflow/example_dags/example_subdag_operator.py took 0.094 seconds
[2025-03-08T20:39:17.133+0000] {processor.py:186} INFO - Started process (PID=928) to work on /home/airflow/.local/lib/python3.12/site-packages/airflow/example_dags/example_subdag_operator.py
[2025-03-08T20:39:17.134+0000] {processor.py:914} INFO - Processing file /home/airflow/.local/lib/python3.12/site-packages/airflow/example_dags/example_subdag_operator.py for tasks to queue
[2025-03-08T20:39:17.136+0000] {logging_mixin.py:190} INFO - [2025-03-08T20:39:17.136+0000] {dagbag.py:588} INFO - Filling up the DagBag from /home/airflow/.local/lib/python3.12/site-packages/airflow/example_dags/example_subdag_operator.py
[2025-03-08T20:39:17.157+0000] {processor.py:925} INFO - DAG(s) 'example_subdag_operator.section-1', 'example_subdag_operator.section-2', 'example_subdag_operator' retrieved from /home/airflow/.local/lib/python3.12/site-packages/airflow/example_dags/example_subdag_operator.py
[2025-03-08T20:39:17.169+0000] {logging_mixin.py:190} INFO - [2025-03-08T20:39:17.169+0000] {dag.py:3239} INFO - Sync 3 DAGs
[2025-03-08T20:39:17.188+0000] {logging_mixin.py:190} INFO - [2025-03-08T20:39:17.188+0000] {dag.py:4180} INFO - Setting next_dagrun for example_subdag_operator to 2022-01-01 00:00:00+00:00, run_after=2022-01-01 00:00:00+00:00
[2025-03-08T20:39:17.192+0000] {logging_mixin.py:190} INFO - [2025-03-08T20:39:17.191+0000] {dag.py:4180} INFO - Setting next_dagrun for example_subdag_operator.section-1 to None, run_after=None
[2025-03-08T20:39:17.193+0000] {logging_mixin.py:190} INFO - [2025-03-08T20:39:17.193+0000] {dag.py:4180} INFO - Setting next_dagrun for example_subdag_operator.section-2 to None, run_after=None
[2025-03-08T20:39:17.200+0000] {logging_mixin.py:190} INFO - [2025-03-08T20:39:17.199+0000] {dag.py:3239} INFO - Sync 2 DAGs
[2025-03-08T20:39:17.205+0000] {logging_mixin.py:190} INFO - [2025-03-08T20:39:17.205+0000] {dag.py:4180} INFO - Setting next_dagrun for example_subdag_operator.section-1 to None, run_after=None
[2025-03-08T20:39:17.205+0000] {logging_mixin.py:190} INFO - [2025-03-08T20:39:17.205+0000] {dag.py:4180} INFO - Setting next_dagrun for example_subdag_operator.section-2 to None, run_after=None
[2025-03-08T20:39:17.215+0000] {processor.py:208} INFO - Processing /home/airflow/.local/lib/python3.12/site-packages/airflow/example_dags/example_subdag_operator.py took 0.087 seconds
[2025-03-08T20:39:48.292+0000] {processor.py:186} INFO - Started process (PID=991) to work on /home/airflow/.local/lib/python3.12/site-packages/airflow/example_dags/example_subdag_operator.py
[2025-03-08T20:39:48.293+0000] {processor.py:914} INFO - Processing file /home/airflow/.local/lib/python3.12/site-packages/airflow/example_dags/example_subdag_operator.py for tasks to queue
[2025-03-08T20:39:48.295+0000] {logging_mixin.py:190} INFO - [2025-03-08T20:39:48.295+0000] {dagbag.py:588} INFO - Filling up the DagBag from /home/airflow/.local/lib/python3.12/site-packages/airflow/example_dags/example_subdag_operator.py
[2025-03-08T20:39:48.315+0000] {processor.py:925} INFO - DAG(s) 'example_subdag_operator.section-1', 'example_subdag_operator.section-2', 'example_subdag_operator' retrieved from /home/airflow/.local/lib/python3.12/site-packages/airflow/example_dags/example_subdag_operator.py
[2025-03-08T20:39:48.328+0000] {logging_mixin.py:190} INFO - [2025-03-08T20:39:48.327+0000] {dag.py:3239} INFO - Sync 3 DAGs
[2025-03-08T20:39:48.346+0000] {logging_mixin.py:190} INFO - [2025-03-08T20:39:48.346+0000] {dag.py:4180} INFO - Setting next_dagrun for example_subdag_operator to 2022-01-01 00:00:00+00:00, run_after=2022-01-01 00:00:00+00:00
[2025-03-08T20:39:48.350+0000] {logging_mixin.py:190} INFO - [2025-03-08T20:39:48.350+0000] {dag.py:4180} INFO - Setting next_dagrun for example_subdag_operator.section-1 to None, run_after=None
[2025-03-08T20:39:48.351+0000] {logging_mixin.py:190} INFO - [2025-03-08T20:39:48.351+0000] {dag.py:4180} INFO - Setting next_dagrun for example_subdag_operator.section-2 to None, run_after=None
[2025-03-08T20:39:48.357+0000] {logging_mixin.py:190} INFO - [2025-03-08T20:39:48.357+0000] {dag.py:3239} INFO - Sync 2 DAGs
[2025-03-08T20:39:48.362+0000] {logging_mixin.py:190} INFO - [2025-03-08T20:39:48.362+0000] {dag.py:4180} INFO - Setting next_dagrun for example_subdag_operator.section-1 to None, run_after=None
[2025-03-08T20:39:48.362+0000] {logging_mixin.py:190} INFO - [2025-03-08T20:39:48.362+0000] {dag.py:4180} INFO - Setting next_dagrun for example_subdag_operator.section-2 to None, run_after=None
[2025-03-08T20:39:48.371+0000] {processor.py:208} INFO - Processing /home/airflow/.local/lib/python3.12/site-packages/airflow/example_dags/example_subdag_operator.py took 0.084 seconds
[2025-03-08T20:40:18.867+0000] {processor.py:186} INFO - Started process (PID=1054) to work on /home/airflow/.local/lib/python3.12/site-packages/airflow/example_dags/example_subdag_operator.py
[2025-03-08T20:40:18.868+0000] {processor.py:914} INFO - Processing file /home/airflow/.local/lib/python3.12/site-packages/airflow/example_dags/example_subdag_operator.py for tasks to queue
[2025-03-08T20:40:18.870+0000] {logging_mixin.py:190} INFO - [2025-03-08T20:40:18.869+0000] {dagbag.py:588} INFO - Filling up the DagBag from /home/airflow/.local/lib/python3.12/site-packages/airflow/example_dags/example_subdag_operator.py
[2025-03-08T20:40:18.892+0000] {processor.py:925} INFO - DAG(s) 'example_subdag_operator.section-1', 'example_subdag_operator.section-2', 'example_subdag_operator' retrieved from /home/airflow/.local/lib/python3.12/site-packages/airflow/example_dags/example_subdag_operator.py
[2025-03-08T20:40:18.906+0000] {logging_mixin.py:190} INFO - [2025-03-08T20:40:18.905+0000] {dag.py:3239} INFO - Sync 3 DAGs
[2025-03-08T20:40:18.925+0000] {logging_mixin.py:190} INFO - [2025-03-08T20:40:18.925+0000] {dag.py:4180} INFO - Setting next_dagrun for example_subdag_operator to 2022-01-01 00:00:00+00:00, run_after=2022-01-01 00:00:00+00:00
[2025-03-08T20:40:18.929+0000] {logging_mixin.py:190} INFO - [2025-03-08T20:40:18.929+0000] {dag.py:4180} INFO - Setting next_dagrun for example_subdag_operator.section-1 to None, run_after=None
[2025-03-08T20:40:18.931+0000] {logging_mixin.py:190} INFO - [2025-03-08T20:40:18.930+0000] {dag.py:4180} INFO - Setting next_dagrun for example_subdag_operator.section-2 to None, run_after=None
[2025-03-08T20:40:18.937+0000] {logging_mixin.py:190} INFO - [2025-03-08T20:40:18.937+0000] {dag.py:3239} INFO - Sync 2 DAGs
[2025-03-08T20:40:18.942+0000] {logging_mixin.py:190} INFO - [2025-03-08T20:40:18.941+0000] {dag.py:4180} INFO - Setting next_dagrun for example_subdag_operator.section-1 to None, run_after=None
[2025-03-08T20:40:18.942+0000] {logging_mixin.py:190} INFO - [2025-03-08T20:40:18.942+0000] {dag.py:4180} INFO - Setting next_dagrun for example_subdag_operator.section-2 to None, run_after=None
[2025-03-08T20:40:18.952+0000] {processor.py:208} INFO - Processing /home/airflow/.local/lib/python3.12/site-packages/airflow/example_dags/example_subdag_operator.py took 0.090 seconds
[2025-03-08T20:40:50.253+0000] {processor.py:186} INFO - Started process (PID=1117) to work on /home/airflow/.local/lib/python3.12/site-packages/airflow/example_dags/example_subdag_operator.py
[2025-03-08T20:40:50.254+0000] {processor.py:914} INFO - Processing file /home/airflow/.local/lib/python3.12/site-packages/airflow/example_dags/example_subdag_operator.py for tasks to queue
[2025-03-08T20:40:50.256+0000] {logging_mixin.py:190} INFO - [2025-03-08T20:40:50.256+0000] {dagbag.py:588} INFO - Filling up the DagBag from /home/airflow/.local/lib/python3.12/site-packages/airflow/example_dags/example_subdag_operator.py
[2025-03-08T20:40:50.278+0000] {processor.py:925} INFO - DAG(s) 'example_subdag_operator.section-1', 'example_subdag_operator.section-2', 'example_subdag_operator' retrieved from /home/airflow/.local/lib/python3.12/site-packages/airflow/example_dags/example_subdag_operator.py
[2025-03-08T20:40:50.291+0000] {logging_mixin.py:190} INFO - [2025-03-08T20:40:50.291+0000] {dag.py:3239} INFO - Sync 3 DAGs
[2025-03-08T20:40:50.310+0000] {logging_mixin.py:190} INFO - [2025-03-08T20:40:50.310+0000] {dag.py:4180} INFO - Setting next_dagrun for example_subdag_operator to 2022-01-01 00:00:00+00:00, run_after=2022-01-01 00:00:00+00:00
[2025-03-08T20:40:50.314+0000] {logging_mixin.py:190} INFO - [2025-03-08T20:40:50.314+0000] {dag.py:4180} INFO - Setting next_dagrun for example_subdag_operator.section-1 to None, run_after=None
[2025-03-08T20:40:50.315+0000] {logging_mixin.py:190} INFO - [2025-03-08T20:40:50.315+0000] {dag.py:4180} INFO - Setting next_dagrun for example_subdag_operator.section-2 to None, run_after=None
[2025-03-08T20:40:50.321+0000] {logging_mixin.py:190} INFO - [2025-03-08T20:40:50.321+0000] {dag.py:3239} INFO - Sync 2 DAGs
[2025-03-08T20:40:50.326+0000] {logging_mixin.py:190} INFO - [2025-03-08T20:40:50.326+0000] {dag.py:4180} INFO - Setting next_dagrun for example_subdag_operator.section-1 to None, run_after=None
[2025-03-08T20:40:50.327+0000] {logging_mixin.py:190} INFO - [2025-03-08T20:40:50.327+0000] {dag.py:4180} INFO - Setting next_dagrun for example_subdag_operator.section-2 to None, run_after=None
[2025-03-08T20:40:50.337+0000] {processor.py:208} INFO - Processing /home/airflow/.local/lib/python3.12/site-packages/airflow/example_dags/example_subdag_operator.py took 0.088 seconds
[2025-03-08T20:41:21.923+0000] {processor.py:186} INFO - Started process (PID=1180) to work on /home/airflow/.local/lib/python3.12/site-packages/airflow/example_dags/example_subdag_operator.py
[2025-03-08T20:41:21.924+0000] {processor.py:914} INFO - Processing file /home/airflow/.local/lib/python3.12/site-packages/airflow/example_dags/example_subdag_operator.py for tasks to queue
[2025-03-08T20:41:21.925+0000] {logging_mixin.py:190} INFO - [2025-03-08T20:41:21.925+0000] {dagbag.py:588} INFO - Filling up the DagBag from /home/airflow/.local/lib/python3.12/site-packages/airflow/example_dags/example_subdag_operator.py
[2025-03-08T20:41:21.947+0000] {processor.py:925} INFO - DAG(s) 'example_subdag_operator.section-1', 'example_subdag_operator.section-2', 'example_subdag_operator' retrieved from /home/airflow/.local/lib/python3.12/site-packages/airflow/example_dags/example_subdag_operator.py
[2025-03-08T20:41:21.960+0000] {logging_mixin.py:190} INFO - [2025-03-08T20:41:21.959+0000] {dag.py:3239} INFO - Sync 3 DAGs
[2025-03-08T20:41:21.978+0000] {logging_mixin.py:190} INFO - [2025-03-08T20:41:21.978+0000] {dag.py:4180} INFO - Setting next_dagrun for example_subdag_operator to 2022-01-01 00:00:00+00:00, run_after=2022-01-01 00:00:00+00:00
[2025-03-08T20:41:21.982+0000] {logging_mixin.py:190} INFO - [2025-03-08T20:41:21.981+0000] {dag.py:4180} INFO - Setting next_dagrun for example_subdag_operator.section-1 to None, run_after=None
[2025-03-08T20:41:21.983+0000] {logging_mixin.py:190} INFO - [2025-03-08T20:41:21.983+0000] {dag.py:4180} INFO - Setting next_dagrun for example_subdag_operator.section-2 to None, run_after=None
[2025-03-08T20:41:21.989+0000] {logging_mixin.py:190} INFO - [2025-03-08T20:41:21.989+0000] {dag.py:3239} INFO - Sync 2 DAGs
[2025-03-08T20:41:21.995+0000] {logging_mixin.py:190} INFO - [2025-03-08T20:41:21.994+0000] {dag.py:4180} INFO - Setting next_dagrun for example_subdag_operator.section-1 to None, run_after=None
[2025-03-08T20:41:21.995+0000] {logging_mixin.py:190} INFO - [2025-03-08T20:41:21.995+0000] {dag.py:4180} INFO - Setting next_dagrun for example_subdag_operator.section-2 to None, run_after=None
[2025-03-08T20:41:22.004+0000] {processor.py:208} INFO - Processing /home/airflow/.local/lib/python3.12/site-packages/airflow/example_dags/example_subdag_operator.py took 0.086 seconds
[2025-03-08T20:41:53.024+0000] {processor.py:186} INFO - Started process (PID=1243) to work on /home/airflow/.local/lib/python3.12/site-packages/airflow/example_dags/example_subdag_operator.py
[2025-03-08T20:41:53.025+0000] {processor.py:914} INFO - Processing file /home/airflow/.local/lib/python3.12/site-packages/airflow/example_dags/example_subdag_operator.py for tasks to queue
[2025-03-08T20:41:53.027+0000] {logging_mixin.py:190} INFO - [2025-03-08T20:41:53.026+0000] {dagbag.py:588} INFO - Filling up the DagBag from /home/airflow/.local/lib/python3.12/site-packages/airflow/example_dags/example_subdag_operator.py
[2025-03-08T20:41:53.049+0000] {processor.py:925} INFO - DAG(s) 'example_subdag_operator.section-1', 'example_subdag_operator.section-2', 'example_subdag_operator' retrieved from /home/airflow/.local/lib/python3.12/site-packages/airflow/example_dags/example_subdag_operator.py
[2025-03-08T20:41:53.062+0000] {logging_mixin.py:190} INFO - [2025-03-08T20:41:53.062+0000] {dag.py:3239} INFO - Sync 3 DAGs
[2025-03-08T20:41:53.080+0000] {logging_mixin.py:190} INFO - [2025-03-08T20:41:53.080+0000] {dag.py:4180} INFO - Setting next_dagrun for example_subdag_operator to 2022-01-01 00:00:00+00:00, run_after=2022-01-01 00:00:00+00:00
[2025-03-08T20:41:53.084+0000] {logging_mixin.py:190} INFO - [2025-03-08T20:41:53.084+0000] {dag.py:4180} INFO - Setting next_dagrun for example_subdag_operator.section-1 to None, run_after=None
[2025-03-08T20:41:53.085+0000] {logging_mixin.py:190} INFO - [2025-03-08T20:41:53.085+0000] {dag.py:4180} INFO - Setting next_dagrun for example_subdag_operator.section-2 to None, run_after=None
[2025-03-08T20:41:53.091+0000] {logging_mixin.py:190} INFO - [2025-03-08T20:41:53.091+0000] {dag.py:3239} INFO - Sync 2 DAGs
[2025-03-08T20:41:53.095+0000] {logging_mixin.py:190} INFO - [2025-03-08T20:41:53.095+0000] {dag.py:4180} INFO - Setting next_dagrun for example_subdag_operator.section-1 to None, run_after=None
[2025-03-08T20:41:53.096+0000] {logging_mixin.py:190} INFO - [2025-03-08T20:41:53.096+0000] {dag.py:4180} INFO - Setting next_dagrun for example_subdag_operator.section-2 to None, run_after=None
[2025-03-08T20:41:53.103+0000] {processor.py:208} INFO - Processing /home/airflow/.local/lib/python3.12/site-packages/airflow/example_dags/example_subdag_operator.py took 0.085 seconds
[2025-03-08T20:42:23.808+0000] {processor.py:186} INFO - Started process (PID=1306) to work on /home/airflow/.local/lib/python3.12/site-packages/airflow/example_dags/example_subdag_operator.py
[2025-03-08T20:42:23.809+0000] {processor.py:914} INFO - Processing file /home/airflow/.local/lib/python3.12/site-packages/airflow/example_dags/example_subdag_operator.py for tasks to queue
[2025-03-08T20:42:23.811+0000] {logging_mixin.py:190} INFO - [2025-03-08T20:42:23.811+0000] {dagbag.py:588} INFO - Filling up the DagBag from /home/airflow/.local/lib/python3.12/site-packages/airflow/example_dags/example_subdag_operator.py
[2025-03-08T20:42:23.832+0000] {processor.py:925} INFO - DAG(s) 'example_subdag_operator.section-1', 'example_subdag_operator.section-2', 'example_subdag_operator' retrieved from /home/airflow/.local/lib/python3.12/site-packages/airflow/example_dags/example_subdag_operator.py
[2025-03-08T20:42:23.844+0000] {logging_mixin.py:190} INFO - [2025-03-08T20:42:23.844+0000] {dag.py:3239} INFO - Sync 3 DAGs
[2025-03-08T20:42:23.864+0000] {logging_mixin.py:190} INFO - [2025-03-08T20:42:23.864+0000] {dag.py:4180} INFO - Setting next_dagrun for example_subdag_operator to 2022-01-01 00:00:00+00:00, run_after=2022-01-01 00:00:00+00:00
[2025-03-08T20:42:23.867+0000] {logging_mixin.py:190} INFO - [2025-03-08T20:42:23.867+0000] {dag.py:4180} INFO - Setting next_dagrun for example_subdag_operator.section-1 to None, run_after=None
[2025-03-08T20:42:23.869+0000] {logging_mixin.py:190} INFO - [2025-03-08T20:42:23.869+0000] {dag.py:4180} INFO - Setting next_dagrun for example_subdag_operator.section-2 to None, run_after=None
[2025-03-08T20:42:23.875+0000] {logging_mixin.py:190} INFO - [2025-03-08T20:42:23.874+0000] {dag.py:3239} INFO - Sync 2 DAGs
[2025-03-08T20:42:23.879+0000] {logging_mixin.py:190} INFO - [2025-03-08T20:42:23.879+0000] {dag.py:4180} INFO - Setting next_dagrun for example_subdag_operator.section-1 to None, run_after=None
[2025-03-08T20:42:23.879+0000] {logging_mixin.py:190} INFO - [2025-03-08T20:42:23.879+0000] {dag.py:4180} INFO - Setting next_dagrun for example_subdag_operator.section-2 to None, run_after=None
[2025-03-08T20:42:23.887+0000] {processor.py:208} INFO - Processing /home/airflow/.local/lib/python3.12/site-packages/airflow/example_dags/example_subdag_operator.py took 0.084 seconds
[2025-03-08T20:42:54.511+0000] {processor.py:186} INFO - Started process (PID=1369) to work on /home/airflow/.local/lib/python3.12/site-packages/airflow/example_dags/example_subdag_operator.py
[2025-03-08T20:42:54.512+0000] {processor.py:914} INFO - Processing file /home/airflow/.local/lib/python3.12/site-packages/airflow/example_dags/example_subdag_operator.py for tasks to queue
[2025-03-08T20:42:54.514+0000] {logging_mixin.py:190} INFO - [2025-03-08T20:42:54.514+0000] {dagbag.py:588} INFO - Filling up the DagBag from /home/airflow/.local/lib/python3.12/site-packages/airflow/example_dags/example_subdag_operator.py
[2025-03-08T20:42:54.536+0000] {processor.py:925} INFO - DAG(s) 'example_subdag_operator.section-1', 'example_subdag_operator.section-2', 'example_subdag_operator' retrieved from /home/airflow/.local/lib/python3.12/site-packages/airflow/example_dags/example_subdag_operator.py
[2025-03-08T20:42:54.549+0000] {logging_mixin.py:190} INFO - [2025-03-08T20:42:54.548+0000] {dag.py:3239} INFO - Sync 3 DAGs
[2025-03-08T20:42:54.568+0000] {logging_mixin.py:190} INFO - [2025-03-08T20:42:54.568+0000] {dag.py:4180} INFO - Setting next_dagrun for example_subdag_operator to 2022-01-01 00:00:00+00:00, run_after=2022-01-01 00:00:00+00:00
[2025-03-08T20:42:54.572+0000] {logging_mixin.py:190} INFO - [2025-03-08T20:42:54.572+0000] {dag.py:4180} INFO - Setting next_dagrun for example_subdag_operator.section-1 to None, run_after=None
[2025-03-08T20:42:54.574+0000] {logging_mixin.py:190} INFO - [2025-03-08T20:42:54.573+0000] {dag.py:4180} INFO - Setting next_dagrun for example_subdag_operator.section-2 to None, run_after=None
[2025-03-08T20:42:54.580+0000] {logging_mixin.py:190} INFO - [2025-03-08T20:42:54.579+0000] {dag.py:3239} INFO - Sync 2 DAGs
[2025-03-08T20:42:54.585+0000] {logging_mixin.py:190} INFO - [2025-03-08T20:42:54.585+0000] {dag.py:4180} INFO - Setting next_dagrun for example_subdag_operator.section-1 to None, run_after=None
[2025-03-08T20:42:54.585+0000] {logging_mixin.py:190} INFO - [2025-03-08T20:42:54.585+0000] {dag.py:4180} INFO - Setting next_dagrun for example_subdag_operator.section-2 to None, run_after=None
[2025-03-08T20:42:54.594+0000] {processor.py:208} INFO - Processing /home/airflow/.local/lib/python3.12/site-packages/airflow/example_dags/example_subdag_operator.py took 0.088 seconds
[2025-03-08T20:43:24.907+0000] {processor.py:186} INFO - Started process (PID=1432) to work on /home/airflow/.local/lib/python3.12/site-packages/airflow/example_dags/example_subdag_operator.py
[2025-03-08T20:43:24.908+0000] {processor.py:914} INFO - Processing file /home/airflow/.local/lib/python3.12/site-packages/airflow/example_dags/example_subdag_operator.py for tasks to queue
[2025-03-08T20:43:24.910+0000] {logging_mixin.py:190} INFO - [2025-03-08T20:43:24.910+0000] {dagbag.py:588} INFO - Filling up the DagBag from /home/airflow/.local/lib/python3.12/site-packages/airflow/example_dags/example_subdag_operator.py
[2025-03-08T20:43:24.931+0000] {processor.py:925} INFO - DAG(s) 'example_subdag_operator.section-1', 'example_subdag_operator.section-2', 'example_subdag_operator' retrieved from /home/airflow/.local/lib/python3.12/site-packages/airflow/example_dags/example_subdag_operator.py
[2025-03-08T20:43:24.943+0000] {logging_mixin.py:190} INFO - [2025-03-08T20:43:24.943+0000] {dag.py:3239} INFO - Sync 3 DAGs
[2025-03-08T20:43:24.962+0000] {logging_mixin.py:190} INFO - [2025-03-08T20:43:24.962+0000] {dag.py:4180} INFO - Setting next_dagrun for example_subdag_operator to 2022-01-01 00:00:00+00:00, run_after=2022-01-01 00:00:00+00:00
[2025-03-08T20:43:24.966+0000] {logging_mixin.py:190} INFO - [2025-03-08T20:43:24.965+0000] {dag.py:4180} INFO - Setting next_dagrun for example_subdag_operator.section-1 to None, run_after=None
[2025-03-08T20:43:24.967+0000] {logging_mixin.py:190} INFO - [2025-03-08T20:43:24.967+0000] {dag.py:4180} INFO - Setting next_dagrun for example_subdag_operator.section-2 to None, run_after=None
[2025-03-08T20:43:24.973+0000] {logging_mixin.py:190} INFO - [2025-03-08T20:43:24.972+0000] {dag.py:3239} INFO - Sync 2 DAGs
[2025-03-08T20:43:24.977+0000] {logging_mixin.py:190} INFO - [2025-03-08T20:43:24.977+0000] {dag.py:4180} INFO - Setting next_dagrun for example_subdag_operator.section-1 to None, run_after=None
[2025-03-08T20:43:24.978+0000] {logging_mixin.py:190} INFO - [2025-03-08T20:43:24.978+0000] {dag.py:4180} INFO - Setting next_dagrun for example_subdag_operator.section-2 to None, run_after=None
[2025-03-08T20:43:24.986+0000] {processor.py:208} INFO - Processing /home/airflow/.local/lib/python3.12/site-packages/airflow/example_dags/example_subdag_operator.py took 0.084 seconds
[2025-03-08T20:43:56.457+0000] {processor.py:186} INFO - Started process (PID=1495) to work on /home/airflow/.local/lib/python3.12/site-packages/airflow/example_dags/example_subdag_operator.py
[2025-03-08T20:43:56.457+0000] {processor.py:914} INFO - Processing file /home/airflow/.local/lib/python3.12/site-packages/airflow/example_dags/example_subdag_operator.py for tasks to queue
[2025-03-08T20:43:56.459+0000] {logging_mixin.py:190} INFO - [2025-03-08T20:43:56.459+0000] {dagbag.py:588} INFO - Filling up the DagBag from /home/airflow/.local/lib/python3.12/site-packages/airflow/example_dags/example_subdag_operator.py
[2025-03-08T20:43:56.482+0000] {processor.py:925} INFO - DAG(s) 'example_subdag_operator.section-1', 'example_subdag_operator.section-2', 'example_subdag_operator' retrieved from /home/airflow/.local/lib/python3.12/site-packages/airflow/example_dags/example_subdag_operator.py
[2025-03-08T20:43:56.496+0000] {logging_mixin.py:190} INFO - [2025-03-08T20:43:56.495+0000] {dag.py:3239} INFO - Sync 3 DAGs
[2025-03-08T20:43:56.516+0000] {logging_mixin.py:190} INFO - [2025-03-08T20:43:56.516+0000] {dag.py:4180} INFO - Setting next_dagrun for example_subdag_operator to 2022-01-01 00:00:00+00:00, run_after=2022-01-01 00:00:00+00:00
[2025-03-08T20:43:56.520+0000] {logging_mixin.py:190} INFO - [2025-03-08T20:43:56.519+0000] {dag.py:4180} INFO - Setting next_dagrun for example_subdag_operator.section-1 to None, run_after=None
[2025-03-08T20:43:56.521+0000] {logging_mixin.py:190} INFO - [2025-03-08T20:43:56.521+0000] {dag.py:4180} INFO - Setting next_dagrun for example_subdag_operator.section-2 to None, run_after=None
[2025-03-08T20:43:56.528+0000] {logging_mixin.py:190} INFO - [2025-03-08T20:43:56.527+0000] {dag.py:3239} INFO - Sync 2 DAGs
[2025-03-08T20:43:56.532+0000] {logging_mixin.py:190} INFO - [2025-03-08T20:43:56.532+0000] {dag.py:4180} INFO - Setting next_dagrun for example_subdag_operator.section-1 to None, run_after=None
[2025-03-08T20:43:56.533+0000] {logging_mixin.py:190} INFO - [2025-03-08T20:43:56.533+0000] {dag.py:4180} INFO - Setting next_dagrun for example_subdag_operator.section-2 to None, run_after=None
[2025-03-08T20:43:56.541+0000] {processor.py:208} INFO - Processing /home/airflow/.local/lib/python3.12/site-packages/airflow/example_dags/example_subdag_operator.py took 0.090 seconds
[2025-03-08T20:44:27.295+0000] {processor.py:186} INFO - Started process (PID=1558) to work on /home/airflow/.local/lib/python3.12/site-packages/airflow/example_dags/example_subdag_operator.py
[2025-03-08T20:44:27.295+0000] {processor.py:914} INFO - Processing file /home/airflow/.local/lib/python3.12/site-packages/airflow/example_dags/example_subdag_operator.py for tasks to queue
[2025-03-08T20:44:27.297+0000] {logging_mixin.py:190} INFO - [2025-03-08T20:44:27.297+0000] {dagbag.py:588} INFO - Filling up the DagBag from /home/airflow/.local/lib/python3.12/site-packages/airflow/example_dags/example_subdag_operator.py
[2025-03-08T20:44:27.319+0000] {processor.py:925} INFO - DAG(s) 'example_subdag_operator.section-1', 'example_subdag_operator.section-2', 'example_subdag_operator' retrieved from /home/airflow/.local/lib/python3.12/site-packages/airflow/example_dags/example_subdag_operator.py
[2025-03-08T20:44:27.332+0000] {logging_mixin.py:190} INFO - [2025-03-08T20:44:27.331+0000] {dag.py:3239} INFO - Sync 3 DAGs
[2025-03-08T20:44:27.350+0000] {logging_mixin.py:190} INFO - [2025-03-08T20:44:27.350+0000] {dag.py:4180} INFO - Setting next_dagrun for example_subdag_operator to 2022-01-01 00:00:00+00:00, run_after=2022-01-01 00:00:00+00:00
[2025-03-08T20:44:27.353+0000] {logging_mixin.py:190} INFO - [2025-03-08T20:44:27.353+0000] {dag.py:4180} INFO - Setting next_dagrun for example_subdag_operator.section-1 to None, run_after=None
[2025-03-08T20:44:27.355+0000] {logging_mixin.py:190} INFO - [2025-03-08T20:44:27.355+0000] {dag.py:4180} INFO - Setting next_dagrun for example_subdag_operator.section-2 to None, run_after=None
[2025-03-08T20:44:27.362+0000] {logging_mixin.py:190} INFO - [2025-03-08T20:44:27.361+0000] {dag.py:3239} INFO - Sync 2 DAGs
[2025-03-08T20:44:27.367+0000] {logging_mixin.py:190} INFO - [2025-03-08T20:44:27.366+0000] {dag.py:4180} INFO - Setting next_dagrun for example_subdag_operator.section-1 to None, run_after=None
[2025-03-08T20:44:27.367+0000] {logging_mixin.py:190} INFO - [2025-03-08T20:44:27.367+0000] {dag.py:4180} INFO - Setting next_dagrun for example_subdag_operator.section-2 to None, run_after=None
[2025-03-08T20:44:27.376+0000] {processor.py:208} INFO - Processing /home/airflow/.local/lib/python3.12/site-packages/airflow/example_dags/example_subdag_operator.py took 0.086 seconds
[2025-03-08T20:44:57.736+0000] {processor.py:186} INFO - Started process (PID=1621) to work on /home/airflow/.local/lib/python3.12/site-packages/airflow/example_dags/example_subdag_operator.py
[2025-03-08T20:44:57.736+0000] {processor.py:914} INFO - Processing file /home/airflow/.local/lib/python3.12/site-packages/airflow/example_dags/example_subdag_operator.py for tasks to queue
[2025-03-08T20:44:57.738+0000] {logging_mixin.py:190} INFO - [2025-03-08T20:44:57.738+0000] {dagbag.py:588} INFO - Filling up the DagBag from /home/airflow/.local/lib/python3.12/site-packages/airflow/example_dags/example_subdag_operator.py
[2025-03-08T20:44:57.759+0000] {processor.py:925} INFO - DAG(s) 'example_subdag_operator.section-1', 'example_subdag_operator.section-2', 'example_subdag_operator' retrieved from /home/airflow/.local/lib/python3.12/site-packages/airflow/example_dags/example_subdag_operator.py
[2025-03-08T20:44:57.772+0000] {logging_mixin.py:190} INFO - [2025-03-08T20:44:57.772+0000] {dag.py:3239} INFO - Sync 3 DAGs
[2025-03-08T20:44:57.791+0000] {logging_mixin.py:190} INFO - [2025-03-08T20:44:57.791+0000] {dag.py:4180} INFO - Setting next_dagrun for example_subdag_operator to 2022-01-01 00:00:00+00:00, run_after=2022-01-01 00:00:00+00:00
[2025-03-08T20:44:57.794+0000] {logging_mixin.py:190} INFO - [2025-03-08T20:44:57.794+0000] {dag.py:4180} INFO - Setting next_dagrun for example_subdag_operator.section-1 to None, run_after=None
[2025-03-08T20:44:57.796+0000] {logging_mixin.py:190} INFO - [2025-03-08T20:44:57.796+0000] {dag.py:4180} INFO - Setting next_dagrun for example_subdag_operator.section-2 to None, run_after=None
[2025-03-08T20:44:57.802+0000] {logging_mixin.py:190} INFO - [2025-03-08T20:44:57.802+0000] {dag.py:3239} INFO - Sync 2 DAGs
[2025-03-08T20:44:57.807+0000] {logging_mixin.py:190} INFO - [2025-03-08T20:44:57.807+0000] {dag.py:4180} INFO - Setting next_dagrun for example_subdag_operator.section-1 to None, run_after=None
[2025-03-08T20:44:57.807+0000] {logging_mixin.py:190} INFO - [2025-03-08T20:44:57.807+0000] {dag.py:4180} INFO - Setting next_dagrun for example_subdag_operator.section-2 to None, run_after=None
[2025-03-08T20:44:57.816+0000] {processor.py:208} INFO - Processing /home/airflow/.local/lib/python3.12/site-packages/airflow/example_dags/example_subdag_operator.py took 0.085 seconds
[2025-03-08T20:45:29.266+0000] {processor.py:186} INFO - Started process (PID=1684) to work on /home/airflow/.local/lib/python3.12/site-packages/airflow/example_dags/example_subdag_operator.py
[2025-03-08T20:45:29.266+0000] {processor.py:914} INFO - Processing file /home/airflow/.local/lib/python3.12/site-packages/airflow/example_dags/example_subdag_operator.py for tasks to queue
[2025-03-08T20:45:29.268+0000] {logging_mixin.py:190} INFO - [2025-03-08T20:45:29.268+0000] {dagbag.py:588} INFO - Filling up the DagBag from /home/airflow/.local/lib/python3.12/site-packages/airflow/example_dags/example_subdag_operator.py
[2025-03-08T20:45:29.290+0000] {processor.py:925} INFO - DAG(s) 'example_subdag_operator.section-1', 'example_subdag_operator.section-2', 'example_subdag_operator' retrieved from /home/airflow/.local/lib/python3.12/site-packages/airflow/example_dags/example_subdag_operator.py
[2025-03-08T20:45:29.303+0000] {logging_mixin.py:190} INFO - [2025-03-08T20:45:29.303+0000] {dag.py:3239} INFO - Sync 3 DAGs
[2025-03-08T20:45:29.324+0000] {logging_mixin.py:190} INFO - [2025-03-08T20:45:29.323+0000] {dag.py:4180} INFO - Setting next_dagrun for example_subdag_operator to 2022-01-01 00:00:00+00:00, run_after=2022-01-01 00:00:00+00:00
[2025-03-08T20:45:29.327+0000] {logging_mixin.py:190} INFO - [2025-03-08T20:45:29.327+0000] {dag.py:4180} INFO - Setting next_dagrun for example_subdag_operator.section-1 to None, run_after=None
[2025-03-08T20:45:29.329+0000] {logging_mixin.py:190} INFO - [2025-03-08T20:45:29.329+0000] {dag.py:4180} INFO - Setting next_dagrun for example_subdag_operator.section-2 to None, run_after=None
[2025-03-08T20:45:29.335+0000] {logging_mixin.py:190} INFO - [2025-03-08T20:45:29.335+0000] {dag.py:3239} INFO - Sync 2 DAGs
[2025-03-08T20:45:29.340+0000] {logging_mixin.py:190} INFO - [2025-03-08T20:45:29.339+0000] {dag.py:4180} INFO - Setting next_dagrun for example_subdag_operator.section-1 to None, run_after=None
[2025-03-08T20:45:29.340+0000] {logging_mixin.py:190} INFO - [2025-03-08T20:45:29.340+0000] {dag.py:4180} INFO - Setting next_dagrun for example_subdag_operator.section-2 to None, run_after=None
[2025-03-08T20:45:29.349+0000] {processor.py:208} INFO - Processing /home/airflow/.local/lib/python3.12/site-packages/airflow/example_dags/example_subdag_operator.py took 0.089 seconds
[2025-03-08T20:46:00.758+0000] {processor.py:186} INFO - Started process (PID=1747) to work on /home/airflow/.local/lib/python3.12/site-packages/airflow/example_dags/example_subdag_operator.py
[2025-03-08T20:46:00.759+0000] {processor.py:914} INFO - Processing file /home/airflow/.local/lib/python3.12/site-packages/airflow/example_dags/example_subdag_operator.py for tasks to queue
[2025-03-08T20:46:00.762+0000] {logging_mixin.py:190} INFO - [2025-03-08T20:46:00.762+0000] {dagbag.py:588} INFO - Filling up the DagBag from /home/airflow/.local/lib/python3.12/site-packages/airflow/example_dags/example_subdag_operator.py
[2025-03-08T20:46:00.787+0000] {processor.py:925} INFO - DAG(s) 'example_subdag_operator.section-1', 'example_subdag_operator.section-2', 'example_subdag_operator' retrieved from /home/airflow/.local/lib/python3.12/site-packages/airflow/example_dags/example_subdag_operator.py
[2025-03-08T20:46:00.800+0000] {logging_mixin.py:190} INFO - [2025-03-08T20:46:00.800+0000] {dag.py:3239} INFO - Sync 3 DAGs
[2025-03-08T20:46:00.820+0000] {logging_mixin.py:190} INFO - [2025-03-08T20:46:00.820+0000] {dag.py:4180} INFO - Setting next_dagrun for example_subdag_operator to 2022-01-01 00:00:00+00:00, run_after=2022-01-01 00:00:00+00:00
[2025-03-08T20:46:00.823+0000] {logging_mixin.py:190} INFO - [2025-03-08T20:46:00.823+0000] {dag.py:4180} INFO - Setting next_dagrun for example_subdag_operator.section-1 to None, run_after=None
[2025-03-08T20:46:00.824+0000] {logging_mixin.py:190} INFO - [2025-03-08T20:46:00.824+0000] {dag.py:4180} INFO - Setting next_dagrun for example_subdag_operator.section-2 to None, run_after=None
[2025-03-08T20:46:00.832+0000] {logging_mixin.py:190} INFO - [2025-03-08T20:46:00.832+0000] {dag.py:3239} INFO - Sync 2 DAGs
[2025-03-08T20:46:00.836+0000] {logging_mixin.py:190} INFO - [2025-03-08T20:46:00.836+0000] {dag.py:4180} INFO - Setting next_dagrun for example_subdag_operator.section-1 to None, run_after=None
[2025-03-08T20:46:00.837+0000] {logging_mixin.py:190} INFO - [2025-03-08T20:46:00.837+0000] {dag.py:4180} INFO - Setting next_dagrun for example_subdag_operator.section-2 to None, run_after=None
[2025-03-08T20:46:00.847+0000] {processor.py:208} INFO - Processing /home/airflow/.local/lib/python3.12/site-packages/airflow/example_dags/example_subdag_operator.py took 0.094 seconds
[2025-03-08T20:46:32.545+0000] {processor.py:186} INFO - Started process (PID=1816) to work on /home/airflow/.local/lib/python3.12/site-packages/airflow/example_dags/example_subdag_operator.py
[2025-03-08T20:46:32.545+0000] {processor.py:914} INFO - Processing file /home/airflow/.local/lib/python3.12/site-packages/airflow/example_dags/example_subdag_operator.py for tasks to queue
[2025-03-08T20:46:32.548+0000] {logging_mixin.py:190} INFO - [2025-03-08T20:46:32.547+0000] {dagbag.py:588} INFO - Filling up the DagBag from /home/airflow/.local/lib/python3.12/site-packages/airflow/example_dags/example_subdag_operator.py
[2025-03-08T20:46:32.570+0000] {processor.py:925} INFO - DAG(s) 'example_subdag_operator.section-1', 'example_subdag_operator.section-2', 'example_subdag_operator' retrieved from /home/airflow/.local/lib/python3.12/site-packages/airflow/example_dags/example_subdag_operator.py
[2025-03-08T20:46:32.584+0000] {logging_mixin.py:190} INFO - [2025-03-08T20:46:32.584+0000] {dag.py:3239} INFO - Sync 3 DAGs
[2025-03-08T20:46:32.603+0000] {logging_mixin.py:190} INFO - [2025-03-08T20:46:32.603+0000] {dag.py:4180} INFO - Setting next_dagrun for example_subdag_operator to 2022-01-01 00:00:00+00:00, run_after=2022-01-01 00:00:00+00:00
[2025-03-08T20:46:32.607+0000] {logging_mixin.py:190} INFO - [2025-03-08T20:46:32.607+0000] {dag.py:4180} INFO - Setting next_dagrun for example_subdag_operator.section-1 to None, run_after=None
[2025-03-08T20:46:32.608+0000] {logging_mixin.py:190} INFO - [2025-03-08T20:46:32.608+0000] {dag.py:4180} INFO - Setting next_dagrun for example_subdag_operator.section-2 to None, run_after=None
[2025-03-08T20:46:32.615+0000] {logging_mixin.py:190} INFO - [2025-03-08T20:46:32.615+0000] {dag.py:3239} INFO - Sync 2 DAGs
[2025-03-08T20:46:32.620+0000] {logging_mixin.py:190} INFO - [2025-03-08T20:46:32.620+0000] {dag.py:4180} INFO - Setting next_dagrun for example_subdag_operator.section-1 to None, run_after=None
[2025-03-08T20:46:32.621+0000] {logging_mixin.py:190} INFO - [2025-03-08T20:46:32.621+0000] {dag.py:4180} INFO - Setting next_dagrun for example_subdag_operator.section-2 to None, run_after=None
[2025-03-08T20:46:32.630+0000] {processor.py:208} INFO - Processing /home/airflow/.local/lib/python3.12/site-packages/airflow/example_dags/example_subdag_operator.py took 0.090 seconds
[2025-03-08T20:47:02.870+0000] {processor.py:186} INFO - Started process (PID=1879) to work on /home/airflow/.local/lib/python3.12/site-packages/airflow/example_dags/example_subdag_operator.py
[2025-03-08T20:47:02.870+0000] {processor.py:914} INFO - Processing file /home/airflow/.local/lib/python3.12/site-packages/airflow/example_dags/example_subdag_operator.py for tasks to queue
[2025-03-08T20:47:02.872+0000] {logging_mixin.py:190} INFO - [2025-03-08T20:47:02.872+0000] {dagbag.py:588} INFO - Filling up the DagBag from /home/airflow/.local/lib/python3.12/site-packages/airflow/example_dags/example_subdag_operator.py
[2025-03-08T20:47:02.896+0000] {processor.py:925} INFO - DAG(s) 'example_subdag_operator.section-1', 'example_subdag_operator.section-2', 'example_subdag_operator' retrieved from /home/airflow/.local/lib/python3.12/site-packages/airflow/example_dags/example_subdag_operator.py
[2025-03-08T20:47:02.911+0000] {logging_mixin.py:190} INFO - [2025-03-08T20:47:02.911+0000] {dag.py:3239} INFO - Sync 3 DAGs
[2025-03-08T20:47:02.932+0000] {logging_mixin.py:190} INFO - [2025-03-08T20:47:02.931+0000] {dag.py:4180} INFO - Setting next_dagrun for example_subdag_operator to 2022-01-01 00:00:00+00:00, run_after=2022-01-01 00:00:00+00:00
[2025-03-08T20:47:02.935+0000] {logging_mixin.py:190} INFO - [2025-03-08T20:47:02.935+0000] {dag.py:4180} INFO - Setting next_dagrun for example_subdag_operator.section-1 to None, run_after=None
[2025-03-08T20:47:02.937+0000] {logging_mixin.py:190} INFO - [2025-03-08T20:47:02.937+0000] {dag.py:4180} INFO - Setting next_dagrun for example_subdag_operator.section-2 to None, run_after=None
[2025-03-08T20:47:02.944+0000] {logging_mixin.py:190} INFO - [2025-03-08T20:47:02.944+0000] {dag.py:3239} INFO - Sync 2 DAGs
[2025-03-08T20:47:02.949+0000] {logging_mixin.py:190} INFO - [2025-03-08T20:47:02.949+0000] {dag.py:4180} INFO - Setting next_dagrun for example_subdag_operator.section-1 to None, run_after=None
[2025-03-08T20:47:02.950+0000] {logging_mixin.py:190} INFO - [2025-03-08T20:47:02.950+0000] {dag.py:4180} INFO - Setting next_dagrun for example_subdag_operator.section-2 to None, run_after=None
[2025-03-08T20:47:02.959+0000] {processor.py:208} INFO - Processing /home/airflow/.local/lib/python3.12/site-packages/airflow/example_dags/example_subdag_operator.py took 0.096 seconds
[2025-03-08T20:47:34.475+0000] {processor.py:186} INFO - Started process (PID=1942) to work on /home/airflow/.local/lib/python3.12/site-packages/airflow/example_dags/example_subdag_operator.py
[2025-03-08T20:47:34.475+0000] {processor.py:914} INFO - Processing file /home/airflow/.local/lib/python3.12/site-packages/airflow/example_dags/example_subdag_operator.py for tasks to queue
[2025-03-08T20:47:34.478+0000] {logging_mixin.py:190} INFO - [2025-03-08T20:47:34.478+0000] {dagbag.py:588} INFO - Filling up the DagBag from /home/airflow/.local/lib/python3.12/site-packages/airflow/example_dags/example_subdag_operator.py
[2025-03-08T20:47:34.501+0000] {processor.py:925} INFO - DAG(s) 'example_subdag_operator.section-1', 'example_subdag_operator.section-2', 'example_subdag_operator' retrieved from /home/airflow/.local/lib/python3.12/site-packages/airflow/example_dags/example_subdag_operator.py
[2025-03-08T20:47:34.516+0000] {logging_mixin.py:190} INFO - [2025-03-08T20:47:34.516+0000] {dag.py:3239} INFO - Sync 3 DAGs
[2025-03-08T20:47:34.537+0000] {logging_mixin.py:190} INFO - [2025-03-08T20:47:34.537+0000] {dag.py:4180} INFO - Setting next_dagrun for example_subdag_operator to 2022-01-01 00:00:00+00:00, run_after=2022-01-01 00:00:00+00:00
[2025-03-08T20:47:34.541+0000] {logging_mixin.py:190} INFO - [2025-03-08T20:47:34.541+0000] {dag.py:4180} INFO - Setting next_dagrun for example_subdag_operator.section-1 to None, run_after=None
[2025-03-08T20:47:34.543+0000] {logging_mixin.py:190} INFO - [2025-03-08T20:47:34.542+0000] {dag.py:4180} INFO - Setting next_dagrun for example_subdag_operator.section-2 to None, run_after=None
[2025-03-08T20:47:34.549+0000] {logging_mixin.py:190} INFO - [2025-03-08T20:47:34.549+0000] {dag.py:3239} INFO - Sync 2 DAGs
[2025-03-08T20:47:34.555+0000] {logging_mixin.py:190} INFO - [2025-03-08T20:47:34.555+0000] {dag.py:4180} INFO - Setting next_dagrun for example_subdag_operator.section-1 to None, run_after=None
[2025-03-08T20:47:34.556+0000] {logging_mixin.py:190} INFO - [2025-03-08T20:47:34.556+0000] {dag.py:4180} INFO - Setting next_dagrun for example_subdag_operator.section-2 to None, run_after=None
[2025-03-08T20:47:34.566+0000] {processor.py:208} INFO - Processing /home/airflow/.local/lib/python3.12/site-packages/airflow/example_dags/example_subdag_operator.py took 0.098 seconds
[2025-03-08T20:48:05.683+0000] {processor.py:186} INFO - Started process (PID=2005) to work on /home/airflow/.local/lib/python3.12/site-packages/airflow/example_dags/example_subdag_operator.py
[2025-03-08T20:48:05.684+0000] {processor.py:914} INFO - Processing file /home/airflow/.local/lib/python3.12/site-packages/airflow/example_dags/example_subdag_operator.py for tasks to queue
[2025-03-08T20:48:05.686+0000] {logging_mixin.py:190} INFO - [2025-03-08T20:48:05.686+0000] {dagbag.py:588} INFO - Filling up the DagBag from /home/airflow/.local/lib/python3.12/site-packages/airflow/example_dags/example_subdag_operator.py
[2025-03-08T20:48:05.709+0000] {processor.py:925} INFO - DAG(s) 'example_subdag_operator.section-1', 'example_subdag_operator.section-2', 'example_subdag_operator' retrieved from /home/airflow/.local/lib/python3.12/site-packages/airflow/example_dags/example_subdag_operator.py
[2025-03-08T20:48:05.722+0000] {logging_mixin.py:190} INFO - [2025-03-08T20:48:05.721+0000] {dag.py:3239} INFO - Sync 3 DAGs
[2025-03-08T20:48:05.742+0000] {logging_mixin.py:190} INFO - [2025-03-08T20:48:05.741+0000] {dag.py:4180} INFO - Setting next_dagrun for example_subdag_operator to 2022-01-01 00:00:00+00:00, run_after=2022-01-01 00:00:00+00:00
[2025-03-08T20:48:05.745+0000] {logging_mixin.py:190} INFO - [2025-03-08T20:48:05.745+0000] {dag.py:4180} INFO - Setting next_dagrun for example_subdag_operator.section-1 to None, run_after=None
[2025-03-08T20:48:05.747+0000] {logging_mixin.py:190} INFO - [2025-03-08T20:48:05.746+0000] {dag.py:4180} INFO - Setting next_dagrun for example_subdag_operator.section-2 to None, run_after=None
[2025-03-08T20:48:05.752+0000] {logging_mixin.py:190} INFO - [2025-03-08T20:48:05.752+0000] {dag.py:3239} INFO - Sync 2 DAGs
[2025-03-08T20:48:05.757+0000] {logging_mixin.py:190} INFO - [2025-03-08T20:48:05.757+0000] {dag.py:4180} INFO - Setting next_dagrun for example_subdag_operator.section-1 to None, run_after=None
[2025-03-08T20:48:05.758+0000] {logging_mixin.py:190} INFO - [2025-03-08T20:48:05.757+0000] {dag.py:4180} INFO - Setting next_dagrun for example_subdag_operator.section-2 to None, run_after=None
[2025-03-08T20:48:05.766+0000] {processor.py:208} INFO - Processing /home/airflow/.local/lib/python3.12/site-packages/airflow/example_dags/example_subdag_operator.py took 0.090 seconds
[2025-03-08T20:48:36.157+0000] {processor.py:186} INFO - Started process (PID=2068) to work on /home/airflow/.local/lib/python3.12/site-packages/airflow/example_dags/example_subdag_operator.py
[2025-03-08T20:48:36.157+0000] {processor.py:914} INFO - Processing file /home/airflow/.local/lib/python3.12/site-packages/airflow/example_dags/example_subdag_operator.py for tasks to queue
[2025-03-08T20:48:36.160+0000] {logging_mixin.py:190} INFO - [2025-03-08T20:48:36.160+0000] {dagbag.py:588} INFO - Filling up the DagBag from /home/airflow/.local/lib/python3.12/site-packages/airflow/example_dags/example_subdag_operator.py
[2025-03-08T20:48:36.183+0000] {processor.py:925} INFO - DAG(s) 'example_subdag_operator.section-1', 'example_subdag_operator.section-2', 'example_subdag_operator' retrieved from /home/airflow/.local/lib/python3.12/site-packages/airflow/example_dags/example_subdag_operator.py
[2025-03-08T20:48:36.197+0000] {logging_mixin.py:190} INFO - [2025-03-08T20:48:36.196+0000] {dag.py:3239} INFO - Sync 3 DAGs
[2025-03-08T20:48:36.216+0000] {logging_mixin.py:190} INFO - [2025-03-08T20:48:36.216+0000] {dag.py:4180} INFO - Setting next_dagrun for example_subdag_operator to 2022-01-01 00:00:00+00:00, run_after=2022-01-01 00:00:00+00:00
[2025-03-08T20:48:36.220+0000] {logging_mixin.py:190} INFO - [2025-03-08T20:48:36.220+0000] {dag.py:4180} INFO - Setting next_dagrun for example_subdag_operator.section-1 to None, run_after=None
[2025-03-08T20:48:36.221+0000] {logging_mixin.py:190} INFO - [2025-03-08T20:48:36.221+0000] {dag.py:4180} INFO - Setting next_dagrun for example_subdag_operator.section-2 to None, run_after=None
[2025-03-08T20:48:36.227+0000] {logging_mixin.py:190} INFO - [2025-03-08T20:48:36.227+0000] {dag.py:3239} INFO - Sync 2 DAGs
[2025-03-08T20:48:36.232+0000] {logging_mixin.py:190} INFO - [2025-03-08T20:48:36.232+0000] {dag.py:4180} INFO - Setting next_dagrun for example_subdag_operator.section-1 to None, run_after=None
[2025-03-08T20:48:36.233+0000] {logging_mixin.py:190} INFO - [2025-03-08T20:48:36.233+0000] {dag.py:4180} INFO - Setting next_dagrun for example_subdag_operator.section-2 to None, run_after=None
[2025-03-08T20:48:36.243+0000] {processor.py:208} INFO - Processing /home/airflow/.local/lib/python3.12/site-packages/airflow/example_dags/example_subdag_operator.py took 0.092 seconds
[2025-03-08T20:49:07.544+0000] {processor.py:186} INFO - Started process (PID=2131) to work on /home/airflow/.local/lib/python3.12/site-packages/airflow/example_dags/example_subdag_operator.py
[2025-03-08T20:49:07.545+0000] {processor.py:914} INFO - Processing file /home/airflow/.local/lib/python3.12/site-packages/airflow/example_dags/example_subdag_operator.py for tasks to queue
[2025-03-08T20:49:07.548+0000] {logging_mixin.py:190} INFO - [2025-03-08T20:49:07.548+0000] {dagbag.py:588} INFO - Filling up the DagBag from /home/airflow/.local/lib/python3.12/site-packages/airflow/example_dags/example_subdag_operator.py
[2025-03-08T20:49:07.573+0000] {processor.py:925} INFO - DAG(s) 'example_subdag_operator.section-1', 'example_subdag_operator.section-2', 'example_subdag_operator' retrieved from /home/airflow/.local/lib/python3.12/site-packages/airflow/example_dags/example_subdag_operator.py
[2025-03-08T20:49:07.584+0000] {logging_mixin.py:190} INFO - [2025-03-08T20:49:07.584+0000] {dag.py:3239} INFO - Sync 3 DAGs
[2025-03-08T20:49:07.606+0000] {logging_mixin.py:190} INFO - [2025-03-08T20:49:07.605+0000] {dag.py:4180} INFO - Setting next_dagrun for example_subdag_operator to 2022-01-01 00:00:00+00:00, run_after=2022-01-01 00:00:00+00:00
[2025-03-08T20:49:07.609+0000] {logging_mixin.py:190} INFO - [2025-03-08T20:49:07.609+0000] {dag.py:4180} INFO - Setting next_dagrun for example_subdag_operator.section-1 to None, run_after=None
[2025-03-08T20:49:07.611+0000] {logging_mixin.py:190} INFO - [2025-03-08T20:49:07.611+0000] {dag.py:4180} INFO - Setting next_dagrun for example_subdag_operator.section-2 to None, run_after=None
[2025-03-08T20:49:07.619+0000] {logging_mixin.py:190} INFO - [2025-03-08T20:49:07.619+0000] {dag.py:3239} INFO - Sync 2 DAGs
[2025-03-08T20:49:07.624+0000] {logging_mixin.py:190} INFO - [2025-03-08T20:49:07.624+0000] {dag.py:4180} INFO - Setting next_dagrun for example_subdag_operator.section-1 to None, run_after=None
[2025-03-08T20:49:07.624+0000] {logging_mixin.py:190} INFO - [2025-03-08T20:49:07.624+0000] {dag.py:4180} INFO - Setting next_dagrun for example_subdag_operator.section-2 to None, run_after=None
[2025-03-08T20:49:07.634+0000] {processor.py:208} INFO - Processing /home/airflow/.local/lib/python3.12/site-packages/airflow/example_dags/example_subdag_operator.py took 0.097 seconds
[2025-03-08T20:49:39.104+0000] {processor.py:186} INFO - Started process (PID=2194) to work on /home/airflow/.local/lib/python3.12/site-packages/airflow/example_dags/example_subdag_operator.py
[2025-03-08T20:49:39.105+0000] {processor.py:914} INFO - Processing file /home/airflow/.local/lib/python3.12/site-packages/airflow/example_dags/example_subdag_operator.py for tasks to queue
[2025-03-08T20:49:39.107+0000] {logging_mixin.py:190} INFO - [2025-03-08T20:49:39.107+0000] {dagbag.py:588} INFO - Filling up the DagBag from /home/airflow/.local/lib/python3.12/site-packages/airflow/example_dags/example_subdag_operator.py
[2025-03-08T20:49:39.131+0000] {processor.py:925} INFO - DAG(s) 'example_subdag_operator.section-1', 'example_subdag_operator.section-2', 'example_subdag_operator' retrieved from /home/airflow/.local/lib/python3.12/site-packages/airflow/example_dags/example_subdag_operator.py
[2025-03-08T20:49:39.147+0000] {logging_mixin.py:190} INFO - [2025-03-08T20:49:39.146+0000] {dag.py:3239} INFO - Sync 3 DAGs
[2025-03-08T20:49:39.167+0000] {logging_mixin.py:190} INFO - [2025-03-08T20:49:39.167+0000] {dag.py:4180} INFO - Setting next_dagrun for example_subdag_operator to 2022-01-01 00:00:00+00:00, run_after=2022-01-01 00:00:00+00:00
[2025-03-08T20:49:39.171+0000] {logging_mixin.py:190} INFO - [2025-03-08T20:49:39.171+0000] {dag.py:4180} INFO - Setting next_dagrun for example_subdag_operator.section-1 to None, run_after=None
[2025-03-08T20:49:39.172+0000] {logging_mixin.py:190} INFO - [2025-03-08T20:49:39.172+0000] {dag.py:4180} INFO - Setting next_dagrun for example_subdag_operator.section-2 to None, run_after=None
[2025-03-08T20:49:39.180+0000] {logging_mixin.py:190} INFO - [2025-03-08T20:49:39.180+0000] {dag.py:3239} INFO - Sync 2 DAGs
[2025-03-08T20:49:39.185+0000] {logging_mixin.py:190} INFO - [2025-03-08T20:49:39.185+0000] {dag.py:4180} INFO - Setting next_dagrun for example_subdag_operator.section-1 to None, run_after=None
[2025-03-08T20:49:39.186+0000] {logging_mixin.py:190} INFO - [2025-03-08T20:49:39.186+0000] {dag.py:4180} INFO - Setting next_dagrun for example_subdag_operator.section-2 to None, run_after=None
[2025-03-08T20:49:39.196+0000] {processor.py:208} INFO - Processing /home/airflow/.local/lib/python3.12/site-packages/airflow/example_dags/example_subdag_operator.py took 0.099 seconds
[2025-03-08T20:50:10.105+0000] {processor.py:186} INFO - Started process (PID=2257) to work on /home/airflow/.local/lib/python3.12/site-packages/airflow/example_dags/example_subdag_operator.py
[2025-03-08T20:50:10.106+0000] {processor.py:914} INFO - Processing file /home/airflow/.local/lib/python3.12/site-packages/airflow/example_dags/example_subdag_operator.py for tasks to queue
[2025-03-08T20:50:10.109+0000] {logging_mixin.py:190} INFO - [2025-03-08T20:50:10.108+0000] {dagbag.py:588} INFO - Filling up the DagBag from /home/airflow/.local/lib/python3.12/site-packages/airflow/example_dags/example_subdag_operator.py
[2025-03-08T20:50:10.133+0000] {processor.py:925} INFO - DAG(s) 'example_subdag_operator.section-1', 'example_subdag_operator.section-2', 'example_subdag_operator' retrieved from /home/airflow/.local/lib/python3.12/site-packages/airflow/example_dags/example_subdag_operator.py
[2025-03-08T20:50:10.151+0000] {logging_mixin.py:190} INFO - [2025-03-08T20:50:10.151+0000] {dag.py:3239} INFO - Sync 3 DAGs
[2025-03-08T20:50:10.175+0000] {logging_mixin.py:190} INFO - [2025-03-08T20:50:10.174+0000] {dag.py:4180} INFO - Setting next_dagrun for example_subdag_operator to 2022-01-01 00:00:00+00:00, run_after=2022-01-01 00:00:00+00:00
[2025-03-08T20:50:10.180+0000] {logging_mixin.py:190} INFO - [2025-03-08T20:50:10.179+0000] {dag.py:4180} INFO - Setting next_dagrun for example_subdag_operator.section-1 to None, run_after=None
[2025-03-08T20:50:10.182+0000] {logging_mixin.py:190} INFO - [2025-03-08T20:50:10.182+0000] {dag.py:4180} INFO - Setting next_dagrun for example_subdag_operator.section-2 to None, run_after=None
[2025-03-08T20:50:10.191+0000] {logging_mixin.py:190} INFO - [2025-03-08T20:50:10.191+0000] {dag.py:3239} INFO - Sync 2 DAGs
[2025-03-08T20:50:10.199+0000] {logging_mixin.py:190} INFO - [2025-03-08T20:50:10.199+0000] {dag.py:4180} INFO - Setting next_dagrun for example_subdag_operator.section-1 to None, run_after=None
[2025-03-08T20:50:10.200+0000] {logging_mixin.py:190} INFO - [2025-03-08T20:50:10.199+0000] {dag.py:4180} INFO - Setting next_dagrun for example_subdag_operator.section-2 to None, run_after=None
[2025-03-08T20:50:10.214+0000] {processor.py:208} INFO - Processing /home/airflow/.local/lib/python3.12/site-packages/airflow/example_dags/example_subdag_operator.py took 0.115 seconds
