[2025-03-08T20:32:36.825+0000] {processor.py:186} INFO - Started process (PID=112) to work on /home/airflow/.local/lib/python3.12/site-packages/airflow/example_dags/example_branch_labels.py
[2025-03-08T20:32:36.826+0000] {processor.py:914} INFO - Processing file /home/airflow/.local/lib/python3.12/site-packages/airflow/example_dags/example_branch_labels.py for tasks to queue
[2025-03-08T20:32:36.828+0000] {logging_mixin.py:190} INFO - [2025-03-08T20:32:36.828+0000] {dagbag.py:588} INFO - Filling up the DagBag from /home/airflow/.local/lib/python3.12/site-packages/airflow/example_dags/example_branch_labels.py
[2025-03-08T20:32:36.841+0000] {processor.py:925} INFO - DAG(s) 'example_branch_labels' retrieved from /home/airflow/.local/lib/python3.12/site-packages/airflow/example_dags/example_branch_labels.py
[2025-03-08T20:32:36.930+0000] {logging_mixin.py:190} INFO - [2025-03-08T20:32:36.929+0000] {override.py:1912} INFO - Created Permission View: can edit on DAG:example_branch_labels
[2025-03-08T20:32:36.938+0000] {logging_mixin.py:190} INFO - [2025-03-08T20:32:36.938+0000] {override.py:1912} INFO - Created Permission View: can read on DAG:example_branch_labels
[2025-03-08T20:32:36.943+0000] {logging_mixin.py:190} INFO - [2025-03-08T20:32:36.943+0000] {override.py:1912} INFO - Created Permission View: can delete on DAG:example_branch_labels
[2025-03-08T20:32:36.948+0000] {logging_mixin.py:190} INFO - [2025-03-08T20:32:36.948+0000] {override.py:1912} INFO - Created Permission View: can read on DAG Run:example_branch_labels
[2025-03-08T20:32:36.953+0000] {logging_mixin.py:190} INFO - [2025-03-08T20:32:36.953+0000] {override.py:1912} INFO - Created Permission View: menu access on DAG Run:example_branch_labels
[2025-03-08T20:32:36.959+0000] {logging_mixin.py:190} INFO - [2025-03-08T20:32:36.959+0000] {override.py:1912} INFO - Created Permission View: can create on DAG Run:example_branch_labels
[2025-03-08T20:32:36.964+0000] {logging_mixin.py:190} INFO - [2025-03-08T20:32:36.964+0000] {override.py:1912} INFO - Created Permission View: can delete on DAG Run:example_branch_labels
[2025-03-08T20:32:36.965+0000] {logging_mixin.py:190} INFO - [2025-03-08T20:32:36.965+0000] {dag.py:3239} INFO - Sync 1 DAGs
[2025-03-08T20:32:36.975+0000] {logging_mixin.py:190} INFO - [2025-03-08T20:32:36.975+0000] {dag.py:3262} INFO - Creating ORM DAG for example_branch_labels
[2025-03-08T20:32:36.983+0000] {logging_mixin.py:190} INFO - [2025-03-08T20:32:36.983+0000] {dag.py:4180} INFO - Setting next_dagrun for example_branch_labels to 2025-03-07 00:00:00+00:00, run_after=2025-03-08 00:00:00+00:00
[2025-03-08T20:32:36.996+0000] {processor.py:208} INFO - Processing /home/airflow/.local/lib/python3.12/site-packages/airflow/example_dags/example_branch_labels.py took 0.176 seconds
[2025-03-08T20:33:07.723+0000] {processor.py:186} INFO - Started process (PID=175) to work on /home/airflow/.local/lib/python3.12/site-packages/airflow/example_dags/example_branch_labels.py
[2025-03-08T20:33:07.724+0000] {processor.py:914} INFO - Processing file /home/airflow/.local/lib/python3.12/site-packages/airflow/example_dags/example_branch_labels.py for tasks to queue
[2025-03-08T20:33:07.726+0000] {logging_mixin.py:190} INFO - [2025-03-08T20:33:07.726+0000] {dagbag.py:588} INFO - Filling up the DagBag from /home/airflow/.local/lib/python3.12/site-packages/airflow/example_dags/example_branch_labels.py
[2025-03-08T20:33:07.734+0000] {processor.py:925} INFO - DAG(s) 'example_branch_labels' retrieved from /home/airflow/.local/lib/python3.12/site-packages/airflow/example_dags/example_branch_labels.py
[2025-03-08T20:33:07.752+0000] {logging_mixin.py:190} INFO - [2025-03-08T20:33:07.752+0000] {dag.py:3239} INFO - Sync 1 DAGs
[2025-03-08T20:33:07.773+0000] {logging_mixin.py:190} INFO - [2025-03-08T20:33:07.773+0000] {dag.py:4180} INFO - Setting next_dagrun for example_branch_labels to 2025-03-07 00:00:00+00:00, run_after=2025-03-08 00:00:00+00:00
[2025-03-08T20:33:07.789+0000] {processor.py:208} INFO - Processing /home/airflow/.local/lib/python3.12/site-packages/airflow/example_dags/example_branch_labels.py took 0.071 seconds
[2025-03-08T20:33:38.160+0000] {processor.py:186} INFO - Started process (PID=237) to work on /home/airflow/.local/lib/python3.12/site-packages/airflow/example_dags/example_branch_labels.py
[2025-03-08T20:33:38.160+0000] {processor.py:914} INFO - Processing file /home/airflow/.local/lib/python3.12/site-packages/airflow/example_dags/example_branch_labels.py for tasks to queue
[2025-03-08T20:33:38.162+0000] {logging_mixin.py:190} INFO - [2025-03-08T20:33:38.162+0000] {dagbag.py:588} INFO - Filling up the DagBag from /home/airflow/.local/lib/python3.12/site-packages/airflow/example_dags/example_branch_labels.py
[2025-03-08T20:33:38.170+0000] {processor.py:925} INFO - DAG(s) 'example_branch_labels' retrieved from /home/airflow/.local/lib/python3.12/site-packages/airflow/example_dags/example_branch_labels.py
[2025-03-08T20:33:38.187+0000] {logging_mixin.py:190} INFO - [2025-03-08T20:33:38.187+0000] {dag.py:3239} INFO - Sync 1 DAGs
[2025-03-08T20:33:38.208+0000] {logging_mixin.py:190} INFO - [2025-03-08T20:33:38.208+0000] {dag.py:4180} INFO - Setting next_dagrun for example_branch_labels to 2025-03-07 00:00:00+00:00, run_after=2025-03-08 00:00:00+00:00
[2025-03-08T20:33:38.225+0000] {processor.py:208} INFO - Processing /home/airflow/.local/lib/python3.12/site-packages/airflow/example_dags/example_branch_labels.py took 0.071 seconds
[2025-03-08T20:34:08.499+0000] {processor.py:186} INFO - Started process (PID=300) to work on /home/airflow/.local/lib/python3.12/site-packages/airflow/example_dags/example_branch_labels.py
[2025-03-08T20:34:08.500+0000] {processor.py:914} INFO - Processing file /home/airflow/.local/lib/python3.12/site-packages/airflow/example_dags/example_branch_labels.py for tasks to queue
[2025-03-08T20:34:08.501+0000] {logging_mixin.py:190} INFO - [2025-03-08T20:34:08.501+0000] {dagbag.py:588} INFO - Filling up the DagBag from /home/airflow/.local/lib/python3.12/site-packages/airflow/example_dags/example_branch_labels.py
[2025-03-08T20:34:08.511+0000] {processor.py:925} INFO - DAG(s) 'example_branch_labels' retrieved from /home/airflow/.local/lib/python3.12/site-packages/airflow/example_dags/example_branch_labels.py
[2025-03-08T20:34:08.530+0000] {logging_mixin.py:190} INFO - [2025-03-08T20:34:08.530+0000] {dag.py:3239} INFO - Sync 1 DAGs
[2025-03-08T20:34:08.553+0000] {logging_mixin.py:190} INFO - [2025-03-08T20:34:08.552+0000] {dag.py:4180} INFO - Setting next_dagrun for example_branch_labels to 2025-03-07 00:00:00+00:00, run_after=2025-03-08 00:00:00+00:00
[2025-03-08T20:34:08.572+0000] {processor.py:208} INFO - Processing /home/airflow/.local/lib/python3.12/site-packages/airflow/example_dags/example_branch_labels.py took 0.080 seconds
[2025-03-08T20:34:39.406+0000] {processor.py:186} INFO - Started process (PID=363) to work on /home/airflow/.local/lib/python3.12/site-packages/airflow/example_dags/example_branch_labels.py
[2025-03-08T20:34:39.407+0000] {processor.py:914} INFO - Processing file /home/airflow/.local/lib/python3.12/site-packages/airflow/example_dags/example_branch_labels.py for tasks to queue
[2025-03-08T20:34:39.410+0000] {logging_mixin.py:190} INFO - [2025-03-08T20:34:39.409+0000] {dagbag.py:588} INFO - Filling up the DagBag from /home/airflow/.local/lib/python3.12/site-packages/airflow/example_dags/example_branch_labels.py
[2025-03-08T20:34:39.419+0000] {processor.py:925} INFO - DAG(s) 'example_branch_labels' retrieved from /home/airflow/.local/lib/python3.12/site-packages/airflow/example_dags/example_branch_labels.py
[2025-03-08T20:34:39.443+0000] {logging_mixin.py:190} INFO - [2025-03-08T20:34:39.442+0000] {dag.py:3239} INFO - Sync 1 DAGs
[2025-03-08T20:34:39.468+0000] {logging_mixin.py:190} INFO - [2025-03-08T20:34:39.468+0000] {dag.py:4180} INFO - Setting next_dagrun for example_branch_labels to 2025-03-07 00:00:00+00:00, run_after=2025-03-08 00:00:00+00:00
[2025-03-08T20:34:39.485+0000] {processor.py:208} INFO - Processing /home/airflow/.local/lib/python3.12/site-packages/airflow/example_dags/example_branch_labels.py took 0.085 seconds
[2025-03-08T20:35:09.897+0000] {processor.py:186} INFO - Started process (PID=426) to work on /home/airflow/.local/lib/python3.12/site-packages/airflow/example_dags/example_branch_labels.py
[2025-03-08T20:35:09.897+0000] {processor.py:914} INFO - Processing file /home/airflow/.local/lib/python3.12/site-packages/airflow/example_dags/example_branch_labels.py for tasks to queue
[2025-03-08T20:35:09.899+0000] {logging_mixin.py:190} INFO - [2025-03-08T20:35:09.899+0000] {dagbag.py:588} INFO - Filling up the DagBag from /home/airflow/.local/lib/python3.12/site-packages/airflow/example_dags/example_branch_labels.py
[2025-03-08T20:35:09.907+0000] {processor.py:925} INFO - DAG(s) 'example_branch_labels' retrieved from /home/airflow/.local/lib/python3.12/site-packages/airflow/example_dags/example_branch_labels.py
[2025-03-08T20:35:09.925+0000] {logging_mixin.py:190} INFO - [2025-03-08T20:35:09.925+0000] {dag.py:3239} INFO - Sync 1 DAGs
[2025-03-08T20:35:09.951+0000] {logging_mixin.py:190} INFO - [2025-03-08T20:35:09.951+0000] {dag.py:4180} INFO - Setting next_dagrun for example_branch_labels to 2025-03-07 00:00:00+00:00, run_after=2025-03-08 00:00:00+00:00
[2025-03-08T20:35:09.973+0000] {processor.py:208} INFO - Processing /home/airflow/.local/lib/python3.12/site-packages/airflow/example_dags/example_branch_labels.py took 0.081 seconds
[2025-03-08T20:35:40.197+0000] {processor.py:186} INFO - Started process (PID=488) to work on /home/airflow/.local/lib/python3.12/site-packages/airflow/example_dags/example_branch_labels.py
[2025-03-08T20:35:40.198+0000] {processor.py:914} INFO - Processing file /home/airflow/.local/lib/python3.12/site-packages/airflow/example_dags/example_branch_labels.py for tasks to queue
[2025-03-08T20:35:40.200+0000] {logging_mixin.py:190} INFO - [2025-03-08T20:35:40.200+0000] {dagbag.py:588} INFO - Filling up the DagBag from /home/airflow/.local/lib/python3.12/site-packages/airflow/example_dags/example_branch_labels.py
[2025-03-08T20:35:40.208+0000] {processor.py:925} INFO - DAG(s) 'example_branch_labels' retrieved from /home/airflow/.local/lib/python3.12/site-packages/airflow/example_dags/example_branch_labels.py
[2025-03-08T20:35:40.226+0000] {logging_mixin.py:190} INFO - [2025-03-08T20:35:40.225+0000] {dag.py:3239} INFO - Sync 1 DAGs
[2025-03-08T20:35:40.250+0000] {logging_mixin.py:190} INFO - [2025-03-08T20:35:40.249+0000] {dag.py:4180} INFO - Setting next_dagrun for example_branch_labels to 2025-03-07 00:00:00+00:00, run_after=2025-03-08 00:00:00+00:00
[2025-03-08T20:35:40.266+0000] {processor.py:208} INFO - Processing /home/airflow/.local/lib/python3.12/site-packages/airflow/example_dags/example_branch_labels.py took 0.074 seconds
[2025-03-08T20:36:10.603+0000] {processor.py:186} INFO - Started process (PID=551) to work on /home/airflow/.local/lib/python3.12/site-packages/airflow/example_dags/example_branch_labels.py
[2025-03-08T20:36:10.604+0000] {processor.py:914} INFO - Processing file /home/airflow/.local/lib/python3.12/site-packages/airflow/example_dags/example_branch_labels.py for tasks to queue
[2025-03-08T20:36:10.606+0000] {logging_mixin.py:190} INFO - [2025-03-08T20:36:10.606+0000] {dagbag.py:588} INFO - Filling up the DagBag from /home/airflow/.local/lib/python3.12/site-packages/airflow/example_dags/example_branch_labels.py
[2025-03-08T20:36:10.615+0000] {processor.py:925} INFO - DAG(s) 'example_branch_labels' retrieved from /home/airflow/.local/lib/python3.12/site-packages/airflow/example_dags/example_branch_labels.py
[2025-03-08T20:36:10.633+0000] {logging_mixin.py:190} INFO - [2025-03-08T20:36:10.632+0000] {dag.py:3239} INFO - Sync 1 DAGs
[2025-03-08T20:36:10.653+0000] {logging_mixin.py:190} INFO - [2025-03-08T20:36:10.653+0000] {dag.py:4180} INFO - Setting next_dagrun for example_branch_labels to 2025-03-07 00:00:00+00:00, run_after=2025-03-08 00:00:00+00:00
[2025-03-08T20:36:10.667+0000] {processor.py:208} INFO - Processing /home/airflow/.local/lib/python3.12/site-packages/airflow/example_dags/example_branch_labels.py took 0.070 seconds
[2025-03-08T20:36:42.064+0000] {processor.py:186} INFO - Started process (PID=614) to work on /home/airflow/.local/lib/python3.12/site-packages/airflow/example_dags/example_branch_labels.py
[2025-03-08T20:36:42.065+0000] {processor.py:914} INFO - Processing file /home/airflow/.local/lib/python3.12/site-packages/airflow/example_dags/example_branch_labels.py for tasks to queue
[2025-03-08T20:36:42.067+0000] {logging_mixin.py:190} INFO - [2025-03-08T20:36:42.066+0000] {dagbag.py:588} INFO - Filling up the DagBag from /home/airflow/.local/lib/python3.12/site-packages/airflow/example_dags/example_branch_labels.py
[2025-03-08T20:36:42.074+0000] {processor.py:925} INFO - DAG(s) 'example_branch_labels' retrieved from /home/airflow/.local/lib/python3.12/site-packages/airflow/example_dags/example_branch_labels.py
[2025-03-08T20:36:42.090+0000] {logging_mixin.py:190} INFO - [2025-03-08T20:36:42.090+0000] {dag.py:3239} INFO - Sync 1 DAGs
[2025-03-08T20:36:42.109+0000] {logging_mixin.py:190} INFO - [2025-03-08T20:36:42.109+0000] {dag.py:4180} INFO - Setting next_dagrun for example_branch_labels to 2025-03-07 00:00:00+00:00, run_after=2025-03-08 00:00:00+00:00
[2025-03-08T20:36:42.125+0000] {processor.py:208} INFO - Processing /home/airflow/.local/lib/python3.12/site-packages/airflow/example_dags/example_branch_labels.py took 0.065 seconds
[2025-03-08T20:37:13.150+0000] {processor.py:186} INFO - Started process (PID=677) to work on /home/airflow/.local/lib/python3.12/site-packages/airflow/example_dags/example_branch_labels.py
[2025-03-08T20:37:13.151+0000] {processor.py:914} INFO - Processing file /home/airflow/.local/lib/python3.12/site-packages/airflow/example_dags/example_branch_labels.py for tasks to queue
[2025-03-08T20:37:13.153+0000] {logging_mixin.py:190} INFO - [2025-03-08T20:37:13.153+0000] {dagbag.py:588} INFO - Filling up the DagBag from /home/airflow/.local/lib/python3.12/site-packages/airflow/example_dags/example_branch_labels.py
[2025-03-08T20:37:13.164+0000] {processor.py:925} INFO - DAG(s) 'example_branch_labels' retrieved from /home/airflow/.local/lib/python3.12/site-packages/airflow/example_dags/example_branch_labels.py
[2025-03-08T20:37:13.186+0000] {logging_mixin.py:190} INFO - [2025-03-08T20:37:13.186+0000] {dag.py:3239} INFO - Sync 1 DAGs
[2025-03-08T20:37:13.214+0000] {logging_mixin.py:190} INFO - [2025-03-08T20:37:13.214+0000] {dag.py:4180} INFO - Setting next_dagrun for example_branch_labels to 2025-03-07 00:00:00+00:00, run_after=2025-03-08 00:00:00+00:00
[2025-03-08T20:37:13.236+0000] {processor.py:208} INFO - Processing /home/airflow/.local/lib/python3.12/site-packages/airflow/example_dags/example_branch_labels.py took 0.092 seconds
[2025-03-08T20:37:43.761+0000] {processor.py:186} INFO - Started process (PID=740) to work on /home/airflow/.local/lib/python3.12/site-packages/airflow/example_dags/example_branch_labels.py
[2025-03-08T20:37:43.762+0000] {processor.py:914} INFO - Processing file /home/airflow/.local/lib/python3.12/site-packages/airflow/example_dags/example_branch_labels.py for tasks to queue
[2025-03-08T20:37:43.764+0000] {logging_mixin.py:190} INFO - [2025-03-08T20:37:43.764+0000] {dagbag.py:588} INFO - Filling up the DagBag from /home/airflow/.local/lib/python3.12/site-packages/airflow/example_dags/example_branch_labels.py
[2025-03-08T20:37:43.773+0000] {processor.py:925} INFO - DAG(s) 'example_branch_labels' retrieved from /home/airflow/.local/lib/python3.12/site-packages/airflow/example_dags/example_branch_labels.py
[2025-03-08T20:37:43.792+0000] {logging_mixin.py:190} INFO - [2025-03-08T20:37:43.792+0000] {dag.py:3239} INFO - Sync 1 DAGs
[2025-03-08T20:37:43.813+0000] {logging_mixin.py:190} INFO - [2025-03-08T20:37:43.813+0000] {dag.py:4180} INFO - Setting next_dagrun for example_branch_labels to 2025-03-07 00:00:00+00:00, run_after=2025-03-08 00:00:00+00:00
[2025-03-08T20:37:43.832+0000] {processor.py:208} INFO - Processing /home/airflow/.local/lib/python3.12/site-packages/airflow/example_dags/example_branch_labels.py took 0.078 seconds
[2025-03-08T20:38:14.978+0000] {processor.py:186} INFO - Started process (PID=803) to work on /home/airflow/.local/lib/python3.12/site-packages/airflow/example_dags/example_branch_labels.py
[2025-03-08T20:38:14.979+0000] {processor.py:914} INFO - Processing file /home/airflow/.local/lib/python3.12/site-packages/airflow/example_dags/example_branch_labels.py for tasks to queue
[2025-03-08T20:38:14.981+0000] {logging_mixin.py:190} INFO - [2025-03-08T20:38:14.981+0000] {dagbag.py:588} INFO - Filling up the DagBag from /home/airflow/.local/lib/python3.12/site-packages/airflow/example_dags/example_branch_labels.py
[2025-03-08T20:38:14.990+0000] {processor.py:925} INFO - DAG(s) 'example_branch_labels' retrieved from /home/airflow/.local/lib/python3.12/site-packages/airflow/example_dags/example_branch_labels.py
[2025-03-08T20:38:15.008+0000] {logging_mixin.py:190} INFO - [2025-03-08T20:38:15.008+0000] {dag.py:3239} INFO - Sync 1 DAGs
[2025-03-08T20:38:15.029+0000] {logging_mixin.py:190} INFO - [2025-03-08T20:38:15.029+0000] {dag.py:4180} INFO - Setting next_dagrun for example_branch_labels to 2025-03-07 00:00:00+00:00, run_after=2025-03-08 00:00:00+00:00
[2025-03-08T20:38:15.045+0000] {processor.py:208} INFO - Processing /home/airflow/.local/lib/python3.12/site-packages/airflow/example_dags/example_branch_labels.py took 0.072 seconds
[2025-03-08T20:38:45.512+0000] {processor.py:186} INFO - Started process (PID=866) to work on /home/airflow/.local/lib/python3.12/site-packages/airflow/example_dags/example_branch_labels.py
[2025-03-08T20:38:45.512+0000] {processor.py:914} INFO - Processing file /home/airflow/.local/lib/python3.12/site-packages/airflow/example_dags/example_branch_labels.py for tasks to queue
[2025-03-08T20:38:45.514+0000] {logging_mixin.py:190} INFO - [2025-03-08T20:38:45.514+0000] {dagbag.py:588} INFO - Filling up the DagBag from /home/airflow/.local/lib/python3.12/site-packages/airflow/example_dags/example_branch_labels.py
[2025-03-08T20:38:45.525+0000] {processor.py:925} INFO - DAG(s) 'example_branch_labels' retrieved from /home/airflow/.local/lib/python3.12/site-packages/airflow/example_dags/example_branch_labels.py
[2025-03-08T20:38:45.541+0000] {logging_mixin.py:190} INFO - [2025-03-08T20:38:45.541+0000] {dag.py:3239} INFO - Sync 1 DAGs
[2025-03-08T20:38:45.560+0000] {logging_mixin.py:190} INFO - [2025-03-08T20:38:45.560+0000] {dag.py:4180} INFO - Setting next_dagrun for example_branch_labels to 2025-03-07 00:00:00+00:00, run_after=2025-03-08 00:00:00+00:00
[2025-03-08T20:38:45.578+0000] {processor.py:208} INFO - Processing /home/airflow/.local/lib/python3.12/site-packages/airflow/example_dags/example_branch_labels.py took 0.072 seconds
[2025-03-08T20:39:17.222+0000] {processor.py:186} INFO - Started process (PID=929) to work on /home/airflow/.local/lib/python3.12/site-packages/airflow/example_dags/example_branch_labels.py
[2025-03-08T20:39:17.223+0000] {processor.py:914} INFO - Processing file /home/airflow/.local/lib/python3.12/site-packages/airflow/example_dags/example_branch_labels.py for tasks to queue
[2025-03-08T20:39:17.224+0000] {logging_mixin.py:190} INFO - [2025-03-08T20:39:17.224+0000] {dagbag.py:588} INFO - Filling up the DagBag from /home/airflow/.local/lib/python3.12/site-packages/airflow/example_dags/example_branch_labels.py
[2025-03-08T20:39:17.232+0000] {processor.py:925} INFO - DAG(s) 'example_branch_labels' retrieved from /home/airflow/.local/lib/python3.12/site-packages/airflow/example_dags/example_branch_labels.py
[2025-03-08T20:39:17.250+0000] {logging_mixin.py:190} INFO - [2025-03-08T20:39:17.250+0000] {dag.py:3239} INFO - Sync 1 DAGs
[2025-03-08T20:39:17.270+0000] {logging_mixin.py:190} INFO - [2025-03-08T20:39:17.270+0000] {dag.py:4180} INFO - Setting next_dagrun for example_branch_labels to 2025-03-07 00:00:00+00:00, run_after=2025-03-08 00:00:00+00:00
[2025-03-08T20:39:17.287+0000] {processor.py:208} INFO - Processing /home/airflow/.local/lib/python3.12/site-packages/airflow/example_dags/example_branch_labels.py took 0.071 seconds
[2025-03-08T20:39:48.401+0000] {processor.py:186} INFO - Started process (PID=992) to work on /home/airflow/.local/lib/python3.12/site-packages/airflow/example_dags/example_branch_labels.py
[2025-03-08T20:39:48.402+0000] {processor.py:914} INFO - Processing file /home/airflow/.local/lib/python3.12/site-packages/airflow/example_dags/example_branch_labels.py for tasks to queue
[2025-03-08T20:39:48.404+0000] {logging_mixin.py:190} INFO - [2025-03-08T20:39:48.404+0000] {dagbag.py:588} INFO - Filling up the DagBag from /home/airflow/.local/lib/python3.12/site-packages/airflow/example_dags/example_branch_labels.py
[2025-03-08T20:39:48.412+0000] {processor.py:925} INFO - DAG(s) 'example_branch_labels' retrieved from /home/airflow/.local/lib/python3.12/site-packages/airflow/example_dags/example_branch_labels.py
[2025-03-08T20:39:48.430+0000] {logging_mixin.py:190} INFO - [2025-03-08T20:39:48.430+0000] {dag.py:3239} INFO - Sync 1 DAGs
[2025-03-08T20:39:48.450+0000] {logging_mixin.py:190} INFO - [2025-03-08T20:39:48.450+0000] {dag.py:4180} INFO - Setting next_dagrun for example_branch_labels to 2025-03-07 00:00:00+00:00, run_after=2025-03-08 00:00:00+00:00
[2025-03-08T20:39:48.469+0000] {processor.py:208} INFO - Processing /home/airflow/.local/lib/python3.12/site-packages/airflow/example_dags/example_branch_labels.py took 0.072 seconds
[2025-03-08T20:40:18.953+0000] {processor.py:186} INFO - Started process (PID=1055) to work on /home/airflow/.local/lib/python3.12/site-packages/airflow/example_dags/example_branch_labels.py
[2025-03-08T20:40:18.954+0000] {processor.py:914} INFO - Processing file /home/airflow/.local/lib/python3.12/site-packages/airflow/example_dags/example_branch_labels.py for tasks to queue
[2025-03-08T20:40:18.956+0000] {logging_mixin.py:190} INFO - [2025-03-08T20:40:18.955+0000] {dagbag.py:588} INFO - Filling up the DagBag from /home/airflow/.local/lib/python3.12/site-packages/airflow/example_dags/example_branch_labels.py
[2025-03-08T20:40:18.964+0000] {processor.py:925} INFO - DAG(s) 'example_branch_labels' retrieved from /home/airflow/.local/lib/python3.12/site-packages/airflow/example_dags/example_branch_labels.py
[2025-03-08T20:40:18.983+0000] {logging_mixin.py:190} INFO - [2025-03-08T20:40:18.982+0000] {dag.py:3239} INFO - Sync 1 DAGs
[2025-03-08T20:40:19.002+0000] {logging_mixin.py:190} INFO - [2025-03-08T20:40:19.002+0000] {dag.py:4180} INFO - Setting next_dagrun for example_branch_labels to 2025-03-07 00:00:00+00:00, run_after=2025-03-08 00:00:00+00:00
[2025-03-08T20:40:19.018+0000] {processor.py:208} INFO - Processing /home/airflow/.local/lib/python3.12/site-packages/airflow/example_dags/example_branch_labels.py took 0.070 seconds
[2025-03-08T20:40:50.254+0000] {processor.py:186} INFO - Started process (PID=1118) to work on /home/airflow/.local/lib/python3.12/site-packages/airflow/example_dags/example_branch_labels.py
[2025-03-08T20:40:50.255+0000] {processor.py:914} INFO - Processing file /home/airflow/.local/lib/python3.12/site-packages/airflow/example_dags/example_branch_labels.py for tasks to queue
[2025-03-08T20:40:50.256+0000] {logging_mixin.py:190} INFO - [2025-03-08T20:40:50.256+0000] {dagbag.py:588} INFO - Filling up the DagBag from /home/airflow/.local/lib/python3.12/site-packages/airflow/example_dags/example_branch_labels.py
[2025-03-08T20:40:50.265+0000] {processor.py:925} INFO - DAG(s) 'example_branch_labels' retrieved from /home/airflow/.local/lib/python3.12/site-packages/airflow/example_dags/example_branch_labels.py
[2025-03-08T20:40:50.280+0000] {logging_mixin.py:190} INFO - [2025-03-08T20:40:50.280+0000] {dag.py:3239} INFO - Sync 1 DAGs
[2025-03-08T20:40:50.299+0000] {logging_mixin.py:190} INFO - [2025-03-08T20:40:50.299+0000] {dag.py:4180} INFO - Setting next_dagrun for example_branch_labels to 2025-03-07 00:00:00+00:00, run_after=2025-03-08 00:00:00+00:00
[2025-03-08T20:40:50.315+0000] {processor.py:208} INFO - Processing /home/airflow/.local/lib/python3.12/site-packages/airflow/example_dags/example_branch_labels.py took 0.066 seconds
[2025-03-08T20:41:22.016+0000] {processor.py:186} INFO - Started process (PID=1181) to work on /home/airflow/.local/lib/python3.12/site-packages/airflow/example_dags/example_branch_labels.py
[2025-03-08T20:41:22.016+0000] {processor.py:914} INFO - Processing file /home/airflow/.local/lib/python3.12/site-packages/airflow/example_dags/example_branch_labels.py for tasks to queue
[2025-03-08T20:41:22.018+0000] {logging_mixin.py:190} INFO - [2025-03-08T20:41:22.018+0000] {dagbag.py:588} INFO - Filling up the DagBag from /home/airflow/.local/lib/python3.12/site-packages/airflow/example_dags/example_branch_labels.py
[2025-03-08T20:41:22.027+0000] {processor.py:925} INFO - DAG(s) 'example_branch_labels' retrieved from /home/airflow/.local/lib/python3.12/site-packages/airflow/example_dags/example_branch_labels.py
[2025-03-08T20:41:22.043+0000] {logging_mixin.py:190} INFO - [2025-03-08T20:41:22.043+0000] {dag.py:3239} INFO - Sync 1 DAGs
[2025-03-08T20:41:22.062+0000] {logging_mixin.py:190} INFO - [2025-03-08T20:41:22.062+0000] {dag.py:4180} INFO - Setting next_dagrun for example_branch_labels to 2025-03-07 00:00:00+00:00, run_after=2025-03-08 00:00:00+00:00
[2025-03-08T20:41:22.078+0000] {processor.py:208} INFO - Processing /home/airflow/.local/lib/python3.12/site-packages/airflow/example_dags/example_branch_labels.py took 0.067 seconds
[2025-03-08T20:41:53.135+0000] {processor.py:186} INFO - Started process (PID=1244) to work on /home/airflow/.local/lib/python3.12/site-packages/airflow/example_dags/example_branch_labels.py
[2025-03-08T20:41:53.136+0000] {processor.py:914} INFO - Processing file /home/airflow/.local/lib/python3.12/site-packages/airflow/example_dags/example_branch_labels.py for tasks to queue
[2025-03-08T20:41:53.138+0000] {logging_mixin.py:190} INFO - [2025-03-08T20:41:53.138+0000] {dagbag.py:588} INFO - Filling up the DagBag from /home/airflow/.local/lib/python3.12/site-packages/airflow/example_dags/example_branch_labels.py
[2025-03-08T20:41:53.146+0000] {processor.py:925} INFO - DAG(s) 'example_branch_labels' retrieved from /home/airflow/.local/lib/python3.12/site-packages/airflow/example_dags/example_branch_labels.py
[2025-03-08T20:41:53.163+0000] {logging_mixin.py:190} INFO - [2025-03-08T20:41:53.163+0000] {dag.py:3239} INFO - Sync 1 DAGs
[2025-03-08T20:41:53.182+0000] {logging_mixin.py:190} INFO - [2025-03-08T20:41:53.182+0000] {dag.py:4180} INFO - Setting next_dagrun for example_branch_labels to 2025-03-07 00:00:00+00:00, run_after=2025-03-08 00:00:00+00:00
[2025-03-08T20:41:53.199+0000] {processor.py:208} INFO - Processing /home/airflow/.local/lib/python3.12/site-packages/airflow/example_dags/example_branch_labels.py took 0.070 seconds
[2025-03-08T20:42:23.825+0000] {processor.py:186} INFO - Started process (PID=1307) to work on /home/airflow/.local/lib/python3.12/site-packages/airflow/example_dags/example_branch_labels.py
[2025-03-08T20:42:23.826+0000] {processor.py:914} INFO - Processing file /home/airflow/.local/lib/python3.12/site-packages/airflow/example_dags/example_branch_labels.py for tasks to queue
[2025-03-08T20:42:23.828+0000] {logging_mixin.py:190} INFO - [2025-03-08T20:42:23.828+0000] {dagbag.py:588} INFO - Filling up the DagBag from /home/airflow/.local/lib/python3.12/site-packages/airflow/example_dags/example_branch_labels.py
[2025-03-08T20:42:23.836+0000] {processor.py:925} INFO - DAG(s) 'example_branch_labels' retrieved from /home/airflow/.local/lib/python3.12/site-packages/airflow/example_dags/example_branch_labels.py
[2025-03-08T20:42:23.853+0000] {logging_mixin.py:190} INFO - [2025-03-08T20:42:23.852+0000] {dag.py:3239} INFO - Sync 1 DAGs
[2025-03-08T20:42:23.872+0000] {logging_mixin.py:190} INFO - [2025-03-08T20:42:23.872+0000] {dag.py:4180} INFO - Setting next_dagrun for example_branch_labels to 2025-03-07 00:00:00+00:00, run_after=2025-03-08 00:00:00+00:00
[2025-03-08T20:42:23.887+0000] {processor.py:208} INFO - Processing /home/airflow/.local/lib/python3.12/site-packages/airflow/example_dags/example_branch_labels.py took 0.067 seconds
[2025-03-08T20:42:54.512+0000] {processor.py:186} INFO - Started process (PID=1370) to work on /home/airflow/.local/lib/python3.12/site-packages/airflow/example_dags/example_branch_labels.py
[2025-03-08T20:42:54.513+0000] {processor.py:914} INFO - Processing file /home/airflow/.local/lib/python3.12/site-packages/airflow/example_dags/example_branch_labels.py for tasks to queue
[2025-03-08T20:42:54.515+0000] {logging_mixin.py:190} INFO - [2025-03-08T20:42:54.514+0000] {dagbag.py:588} INFO - Filling up the DagBag from /home/airflow/.local/lib/python3.12/site-packages/airflow/example_dags/example_branch_labels.py
[2025-03-08T20:42:54.523+0000] {processor.py:925} INFO - DAG(s) 'example_branch_labels' retrieved from /home/airflow/.local/lib/python3.12/site-packages/airflow/example_dags/example_branch_labels.py
[2025-03-08T20:42:54.541+0000] {logging_mixin.py:190} INFO - [2025-03-08T20:42:54.540+0000] {dag.py:3239} INFO - Sync 1 DAGs
[2025-03-08T20:42:54.561+0000] {logging_mixin.py:190} INFO - [2025-03-08T20:42:54.561+0000] {dag.py:4180} INFO - Setting next_dagrun for example_branch_labels to 2025-03-07 00:00:00+00:00, run_after=2025-03-08 00:00:00+00:00
[2025-03-08T20:42:54.578+0000] {processor.py:208} INFO - Processing /home/airflow/.local/lib/python3.12/site-packages/airflow/example_dags/example_branch_labels.py took 0.071 seconds
[2025-03-08T20:43:24.997+0000] {processor.py:186} INFO - Started process (PID=1433) to work on /home/airflow/.local/lib/python3.12/site-packages/airflow/example_dags/example_branch_labels.py
[2025-03-08T20:43:24.998+0000] {processor.py:914} INFO - Processing file /home/airflow/.local/lib/python3.12/site-packages/airflow/example_dags/example_branch_labels.py for tasks to queue
[2025-03-08T20:43:25.000+0000] {logging_mixin.py:190} INFO - [2025-03-08T20:43:24.999+0000] {dagbag.py:588} INFO - Filling up the DagBag from /home/airflow/.local/lib/python3.12/site-packages/airflow/example_dags/example_branch_labels.py
[2025-03-08T20:43:25.008+0000] {processor.py:925} INFO - DAG(s) 'example_branch_labels' retrieved from /home/airflow/.local/lib/python3.12/site-packages/airflow/example_dags/example_branch_labels.py
[2025-03-08T20:43:25.025+0000] {logging_mixin.py:190} INFO - [2025-03-08T20:43:25.024+0000] {dag.py:3239} INFO - Sync 1 DAGs
[2025-03-08T20:43:25.045+0000] {logging_mixin.py:190} INFO - [2025-03-08T20:43:25.044+0000] {dag.py:4180} INFO - Setting next_dagrun for example_branch_labels to 2025-03-07 00:00:00+00:00, run_after=2025-03-08 00:00:00+00:00
[2025-03-08T20:43:25.062+0000] {processor.py:208} INFO - Processing /home/airflow/.local/lib/python3.12/site-packages/airflow/example_dags/example_branch_labels.py took 0.070 seconds
[2025-03-08T20:43:56.457+0000] {processor.py:186} INFO - Started process (PID=1496) to work on /home/airflow/.local/lib/python3.12/site-packages/airflow/example_dags/example_branch_labels.py
[2025-03-08T20:43:56.458+0000] {processor.py:914} INFO - Processing file /home/airflow/.local/lib/python3.12/site-packages/airflow/example_dags/example_branch_labels.py for tasks to queue
[2025-03-08T20:43:56.460+0000] {logging_mixin.py:190} INFO - [2025-03-08T20:43:56.459+0000] {dagbag.py:588} INFO - Filling up the DagBag from /home/airflow/.local/lib/python3.12/site-packages/airflow/example_dags/example_branch_labels.py
[2025-03-08T20:43:56.468+0000] {processor.py:925} INFO - DAG(s) 'example_branch_labels' retrieved from /home/airflow/.local/lib/python3.12/site-packages/airflow/example_dags/example_branch_labels.py
[2025-03-08T20:43:56.485+0000] {logging_mixin.py:190} INFO - [2025-03-08T20:43:56.484+0000] {dag.py:3239} INFO - Sync 1 DAGs
[2025-03-08T20:43:56.504+0000] {logging_mixin.py:190} INFO - [2025-03-08T20:43:56.504+0000] {dag.py:4180} INFO - Setting next_dagrun for example_branch_labels to 2025-03-07 00:00:00+00:00, run_after=2025-03-08 00:00:00+00:00
[2025-03-08T20:43:56.521+0000] {processor.py:208} INFO - Processing /home/airflow/.local/lib/python3.12/site-packages/airflow/example_dags/example_branch_labels.py took 0.069 seconds
[2025-03-08T20:44:27.295+0000] {processor.py:186} INFO - Started process (PID=1559) to work on /home/airflow/.local/lib/python3.12/site-packages/airflow/example_dags/example_branch_labels.py
[2025-03-08T20:44:27.296+0000] {processor.py:914} INFO - Processing file /home/airflow/.local/lib/python3.12/site-packages/airflow/example_dags/example_branch_labels.py for tasks to queue
[2025-03-08T20:44:27.298+0000] {logging_mixin.py:190} INFO - [2025-03-08T20:44:27.297+0000] {dagbag.py:588} INFO - Filling up the DagBag from /home/airflow/.local/lib/python3.12/site-packages/airflow/example_dags/example_branch_labels.py
[2025-03-08T20:44:27.306+0000] {processor.py:925} INFO - DAG(s) 'example_branch_labels' retrieved from /home/airflow/.local/lib/python3.12/site-packages/airflow/example_dags/example_branch_labels.py
[2025-03-08T20:44:27.322+0000] {logging_mixin.py:190} INFO - [2025-03-08T20:44:27.322+0000] {dag.py:3239} INFO - Sync 1 DAGs
[2025-03-08T20:44:27.342+0000] {logging_mixin.py:190} INFO - [2025-03-08T20:44:27.342+0000] {dag.py:4180} INFO - Setting next_dagrun for example_branch_labels to 2025-03-07 00:00:00+00:00, run_after=2025-03-08 00:00:00+00:00
[2025-03-08T20:44:27.359+0000] {processor.py:208} INFO - Processing /home/airflow/.local/lib/python3.12/site-packages/airflow/example_dags/example_branch_labels.py took 0.068 seconds
[2025-03-08T20:44:57.737+0000] {processor.py:186} INFO - Started process (PID=1622) to work on /home/airflow/.local/lib/python3.12/site-packages/airflow/example_dags/example_branch_labels.py
[2025-03-08T20:44:57.737+0000] {processor.py:914} INFO - Processing file /home/airflow/.local/lib/python3.12/site-packages/airflow/example_dags/example_branch_labels.py for tasks to queue
[2025-03-08T20:44:57.740+0000] {logging_mixin.py:190} INFO - [2025-03-08T20:44:57.739+0000] {dagbag.py:588} INFO - Filling up the DagBag from /home/airflow/.local/lib/python3.12/site-packages/airflow/example_dags/example_branch_labels.py
[2025-03-08T20:44:57.748+0000] {processor.py:925} INFO - DAG(s) 'example_branch_labels' retrieved from /home/airflow/.local/lib/python3.12/site-packages/airflow/example_dags/example_branch_labels.py
[2025-03-08T20:44:57.764+0000] {logging_mixin.py:190} INFO - [2025-03-08T20:44:57.764+0000] {dag.py:3239} INFO - Sync 1 DAGs
[2025-03-08T20:44:57.784+0000] {logging_mixin.py:190} INFO - [2025-03-08T20:44:57.784+0000] {dag.py:4180} INFO - Setting next_dagrun for example_branch_labels to 2025-03-07 00:00:00+00:00, run_after=2025-03-08 00:00:00+00:00
[2025-03-08T20:44:57.801+0000] {processor.py:208} INFO - Processing /home/airflow/.local/lib/python3.12/site-packages/airflow/example_dags/example_branch_labels.py took 0.069 seconds
[2025-03-08T20:45:29.267+0000] {processor.py:186} INFO - Started process (PID=1685) to work on /home/airflow/.local/lib/python3.12/site-packages/airflow/example_dags/example_branch_labels.py
[2025-03-08T20:45:29.267+0000] {processor.py:914} INFO - Processing file /home/airflow/.local/lib/python3.12/site-packages/airflow/example_dags/example_branch_labels.py for tasks to queue
[2025-03-08T20:45:29.269+0000] {logging_mixin.py:190} INFO - [2025-03-08T20:45:29.269+0000] {dagbag.py:588} INFO - Filling up the DagBag from /home/airflow/.local/lib/python3.12/site-packages/airflow/example_dags/example_branch_labels.py
[2025-03-08T20:45:29.277+0000] {processor.py:925} INFO - DAG(s) 'example_branch_labels' retrieved from /home/airflow/.local/lib/python3.12/site-packages/airflow/example_dags/example_branch_labels.py
[2025-03-08T20:45:29.294+0000] {logging_mixin.py:190} INFO - [2025-03-08T20:45:29.293+0000] {dag.py:3239} INFO - Sync 1 DAGs
[2025-03-08T20:45:29.315+0000] {logging_mixin.py:190} INFO - [2025-03-08T20:45:29.314+0000] {dag.py:4180} INFO - Setting next_dagrun for example_branch_labels to 2025-03-07 00:00:00+00:00, run_after=2025-03-08 00:00:00+00:00
[2025-03-08T20:45:29.331+0000] {processor.py:208} INFO - Processing /home/airflow/.local/lib/python3.12/site-packages/airflow/example_dags/example_branch_labels.py took 0.070 seconds
[2025-03-08T20:46:00.797+0000] {processor.py:186} INFO - Started process (PID=1748) to work on /home/airflow/.local/lib/python3.12/site-packages/airflow/example_dags/example_branch_labels.py
[2025-03-08T20:46:00.797+0000] {processor.py:914} INFO - Processing file /home/airflow/.local/lib/python3.12/site-packages/airflow/example_dags/example_branch_labels.py for tasks to queue
[2025-03-08T20:46:00.800+0000] {logging_mixin.py:190} INFO - [2025-03-08T20:46:00.799+0000] {dagbag.py:588} INFO - Filling up the DagBag from /home/airflow/.local/lib/python3.12/site-packages/airflow/example_dags/example_branch_labels.py
[2025-03-08T20:46:00.808+0000] {processor.py:925} INFO - DAG(s) 'example_branch_labels' retrieved from /home/airflow/.local/lib/python3.12/site-packages/airflow/example_dags/example_branch_labels.py
[2025-03-08T20:46:00.825+0000] {logging_mixin.py:190} INFO - [2025-03-08T20:46:00.825+0000] {dag.py:3239} INFO - Sync 1 DAGs
[2025-03-08T20:46:00.844+0000] {logging_mixin.py:190} INFO - [2025-03-08T20:46:00.844+0000] {dag.py:4180} INFO - Setting next_dagrun for example_branch_labels to 2025-03-07 00:00:00+00:00, run_after=2025-03-08 00:00:00+00:00
[2025-03-08T20:46:00.862+0000] {processor.py:208} INFO - Processing /home/airflow/.local/lib/python3.12/site-packages/airflow/example_dags/example_branch_labels.py took 0.070 seconds
[2025-03-08T20:46:32.638+0000] {processor.py:186} INFO - Started process (PID=1817) to work on /home/airflow/.local/lib/python3.12/site-packages/airflow/example_dags/example_branch_labels.py
[2025-03-08T20:46:32.639+0000] {processor.py:914} INFO - Processing file /home/airflow/.local/lib/python3.12/site-packages/airflow/example_dags/example_branch_labels.py for tasks to queue
[2025-03-08T20:46:32.641+0000] {logging_mixin.py:190} INFO - [2025-03-08T20:46:32.640+0000] {dagbag.py:588} INFO - Filling up the DagBag from /home/airflow/.local/lib/python3.12/site-packages/airflow/example_dags/example_branch_labels.py
[2025-03-08T20:46:32.649+0000] {processor.py:925} INFO - DAG(s) 'example_branch_labels' retrieved from /home/airflow/.local/lib/python3.12/site-packages/airflow/example_dags/example_branch_labels.py
[2025-03-08T20:46:32.666+0000] {logging_mixin.py:190} INFO - [2025-03-08T20:46:32.665+0000] {dag.py:3239} INFO - Sync 1 DAGs
[2025-03-08T20:46:32.686+0000] {logging_mixin.py:190} INFO - [2025-03-08T20:46:32.686+0000] {dag.py:4180} INFO - Setting next_dagrun for example_branch_labels to 2025-03-07 00:00:00+00:00, run_after=2025-03-08 00:00:00+00:00
[2025-03-08T20:46:32.703+0000] {processor.py:208} INFO - Processing /home/airflow/.local/lib/python3.12/site-packages/airflow/example_dags/example_branch_labels.py took 0.070 seconds
[2025-03-08T20:47:02.965+0000] {processor.py:186} INFO - Started process (PID=1880) to work on /home/airflow/.local/lib/python3.12/site-packages/airflow/example_dags/example_branch_labels.py
[2025-03-08T20:47:02.966+0000] {processor.py:914} INFO - Processing file /home/airflow/.local/lib/python3.12/site-packages/airflow/example_dags/example_branch_labels.py for tasks to queue
[2025-03-08T20:47:02.969+0000] {logging_mixin.py:190} INFO - [2025-03-08T20:47:02.968+0000] {dagbag.py:588} INFO - Filling up the DagBag from /home/airflow/.local/lib/python3.12/site-packages/airflow/example_dags/example_branch_labels.py
[2025-03-08T20:47:02.977+0000] {processor.py:925} INFO - DAG(s) 'example_branch_labels' retrieved from /home/airflow/.local/lib/python3.12/site-packages/airflow/example_dags/example_branch_labels.py
[2025-03-08T20:47:02.999+0000] {logging_mixin.py:190} INFO - [2025-03-08T20:47:02.999+0000] {dag.py:3239} INFO - Sync 1 DAGs
[2025-03-08T20:47:03.021+0000] {logging_mixin.py:190} INFO - [2025-03-08T20:47:03.020+0000] {dag.py:4180} INFO - Setting next_dagrun for example_branch_labels to 2025-03-07 00:00:00+00:00, run_after=2025-03-08 00:00:00+00:00
[2025-03-08T20:47:03.039+0000] {processor.py:208} INFO - Processing /home/airflow/.local/lib/python3.12/site-packages/airflow/example_dags/example_branch_labels.py took 0.079 seconds
[2025-03-08T20:47:34.475+0000] {processor.py:186} INFO - Started process (PID=1943) to work on /home/airflow/.local/lib/python3.12/site-packages/airflow/example_dags/example_branch_labels.py
[2025-03-08T20:47:34.476+0000] {processor.py:914} INFO - Processing file /home/airflow/.local/lib/python3.12/site-packages/airflow/example_dags/example_branch_labels.py for tasks to queue
[2025-03-08T20:47:34.479+0000] {logging_mixin.py:190} INFO - [2025-03-08T20:47:34.479+0000] {dagbag.py:588} INFO - Filling up the DagBag from /home/airflow/.local/lib/python3.12/site-packages/airflow/example_dags/example_branch_labels.py
[2025-03-08T20:47:34.488+0000] {processor.py:925} INFO - DAG(s) 'example_branch_labels' retrieved from /home/airflow/.local/lib/python3.12/site-packages/airflow/example_dags/example_branch_labels.py
[2025-03-08T20:47:34.505+0000] {logging_mixin.py:190} INFO - [2025-03-08T20:47:34.505+0000] {dag.py:3239} INFO - Sync 1 DAGs
[2025-03-08T20:47:34.526+0000] {logging_mixin.py:190} INFO - [2025-03-08T20:47:34.526+0000] {dag.py:4180} INFO - Setting next_dagrun for example_branch_labels to 2025-03-07 00:00:00+00:00, run_after=2025-03-08 00:00:00+00:00
[2025-03-08T20:47:34.543+0000] {processor.py:208} INFO - Processing /home/airflow/.local/lib/python3.12/site-packages/airflow/example_dags/example_branch_labels.py took 0.074 seconds
[2025-03-08T20:48:05.685+0000] {processor.py:186} INFO - Started process (PID=2006) to work on /home/airflow/.local/lib/python3.12/site-packages/airflow/example_dags/example_branch_labels.py
[2025-03-08T20:48:05.685+0000] {processor.py:914} INFO - Processing file /home/airflow/.local/lib/python3.12/site-packages/airflow/example_dags/example_branch_labels.py for tasks to queue
[2025-03-08T20:48:05.688+0000] {logging_mixin.py:190} INFO - [2025-03-08T20:48:05.687+0000] {dagbag.py:588} INFO - Filling up the DagBag from /home/airflow/.local/lib/python3.12/site-packages/airflow/example_dags/example_branch_labels.py
[2025-03-08T20:48:05.696+0000] {processor.py:925} INFO - DAG(s) 'example_branch_labels' retrieved from /home/airflow/.local/lib/python3.12/site-packages/airflow/example_dags/example_branch_labels.py
[2025-03-08T20:48:05.713+0000] {logging_mixin.py:190} INFO - [2025-03-08T20:48:05.713+0000] {dag.py:3239} INFO - Sync 1 DAGs
[2025-03-08T20:48:05.734+0000] {logging_mixin.py:190} INFO - [2025-03-08T20:48:05.734+0000] {dag.py:4180} INFO - Setting next_dagrun for example_branch_labels to 2025-03-07 00:00:00+00:00, run_after=2025-03-08 00:00:00+00:00
[2025-03-08T20:48:05.750+0000] {processor.py:208} INFO - Processing /home/airflow/.local/lib/python3.12/site-packages/airflow/example_dags/example_branch_labels.py took 0.073 seconds
[2025-03-08T20:48:36.159+0000] {processor.py:186} INFO - Started process (PID=2069) to work on /home/airflow/.local/lib/python3.12/site-packages/airflow/example_dags/example_branch_labels.py
[2025-03-08T20:48:36.160+0000] {processor.py:914} INFO - Processing file /home/airflow/.local/lib/python3.12/site-packages/airflow/example_dags/example_branch_labels.py for tasks to queue
[2025-03-08T20:48:36.162+0000] {logging_mixin.py:190} INFO - [2025-03-08T20:48:36.162+0000] {dagbag.py:588} INFO - Filling up the DagBag from /home/airflow/.local/lib/python3.12/site-packages/airflow/example_dags/example_branch_labels.py
[2025-03-08T20:48:36.171+0000] {processor.py:925} INFO - DAG(s) 'example_branch_labels' retrieved from /home/airflow/.local/lib/python3.12/site-packages/airflow/example_dags/example_branch_labels.py
[2025-03-08T20:48:36.189+0000] {logging_mixin.py:190} INFO - [2025-03-08T20:48:36.189+0000] {dag.py:3239} INFO - Sync 1 DAGs
[2025-03-08T20:48:36.210+0000] {logging_mixin.py:190} INFO - [2025-03-08T20:48:36.210+0000] {dag.py:4180} INFO - Setting next_dagrun for example_branch_labels to 2025-03-07 00:00:00+00:00, run_after=2025-03-08 00:00:00+00:00
[2025-03-08T20:48:36.225+0000] {processor.py:208} INFO - Processing /home/airflow/.local/lib/python3.12/site-packages/airflow/example_dags/example_branch_labels.py took 0.073 seconds
[2025-03-08T20:49:07.665+0000] {processor.py:186} INFO - Started process (PID=2132) to work on /home/airflow/.local/lib/python3.12/site-packages/airflow/example_dags/example_branch_labels.py
[2025-03-08T20:49:07.666+0000] {processor.py:914} INFO - Processing file /home/airflow/.local/lib/python3.12/site-packages/airflow/example_dags/example_branch_labels.py for tasks to queue
[2025-03-08T20:49:07.668+0000] {logging_mixin.py:190} INFO - [2025-03-08T20:49:07.668+0000] {dagbag.py:588} INFO - Filling up the DagBag from /home/airflow/.local/lib/python3.12/site-packages/airflow/example_dags/example_branch_labels.py
[2025-03-08T20:49:07.677+0000] {processor.py:925} INFO - DAG(s) 'example_branch_labels' retrieved from /home/airflow/.local/lib/python3.12/site-packages/airflow/example_dags/example_branch_labels.py
[2025-03-08T20:49:07.695+0000] {logging_mixin.py:190} INFO - [2025-03-08T20:49:07.695+0000] {dag.py:3239} INFO - Sync 1 DAGs
[2025-03-08T20:49:07.715+0000] {logging_mixin.py:190} INFO - [2025-03-08T20:49:07.715+0000] {dag.py:4180} INFO - Setting next_dagrun for example_branch_labels to 2025-03-07 00:00:00+00:00, run_after=2025-03-08 00:00:00+00:00
[2025-03-08T20:49:07.735+0000] {processor.py:208} INFO - Processing /home/airflow/.local/lib/python3.12/site-packages/airflow/example_dags/example_branch_labels.py took 0.076 seconds
[2025-03-08T20:49:39.199+0000] {processor.py:186} INFO - Started process (PID=2195) to work on /home/airflow/.local/lib/python3.12/site-packages/airflow/example_dags/example_branch_labels.py
[2025-03-08T20:49:39.199+0000] {processor.py:914} INFO - Processing file /home/airflow/.local/lib/python3.12/site-packages/airflow/example_dags/example_branch_labels.py for tasks to queue
[2025-03-08T20:49:39.202+0000] {logging_mixin.py:190} INFO - [2025-03-08T20:49:39.201+0000] {dagbag.py:588} INFO - Filling up the DagBag from /home/airflow/.local/lib/python3.12/site-packages/airflow/example_dags/example_branch_labels.py
[2025-03-08T20:49:39.211+0000] {processor.py:925} INFO - DAG(s) 'example_branch_labels' retrieved from /home/airflow/.local/lib/python3.12/site-packages/airflow/example_dags/example_branch_labels.py
[2025-03-08T20:49:39.229+0000] {logging_mixin.py:190} INFO - [2025-03-08T20:49:39.229+0000] {dag.py:3239} INFO - Sync 1 DAGs
[2025-03-08T20:49:39.261+0000] {logging_mixin.py:190} INFO - [2025-03-08T20:49:39.261+0000] {dag.py:4180} INFO - Setting next_dagrun for example_branch_labels to 2025-03-07 00:00:00+00:00, run_after=2025-03-08 00:00:00+00:00
[2025-03-08T20:49:39.280+0000] {processor.py:208} INFO - Processing /home/airflow/.local/lib/python3.12/site-packages/airflow/example_dags/example_branch_labels.py took 0.088 seconds
[2025-03-08T20:50:10.211+0000] {processor.py:186} INFO - Started process (PID=2258) to work on /home/airflow/.local/lib/python3.12/site-packages/airflow/example_dags/example_branch_labels.py
[2025-03-08T20:50:10.211+0000] {processor.py:914} INFO - Processing file /home/airflow/.local/lib/python3.12/site-packages/airflow/example_dags/example_branch_labels.py for tasks to queue
[2025-03-08T20:50:10.215+0000] {logging_mixin.py:190} INFO - [2025-03-08T20:50:10.214+0000] {dagbag.py:588} INFO - Filling up the DagBag from /home/airflow/.local/lib/python3.12/site-packages/airflow/example_dags/example_branch_labels.py
[2025-03-08T20:50:10.226+0000] {processor.py:925} INFO - DAG(s) 'example_branch_labels' retrieved from /home/airflow/.local/lib/python3.12/site-packages/airflow/example_dags/example_branch_labels.py
[2025-03-08T20:50:10.248+0000] {logging_mixin.py:190} INFO - [2025-03-08T20:50:10.248+0000] {dag.py:3239} INFO - Sync 1 DAGs
[2025-03-08T20:50:10.274+0000] {logging_mixin.py:190} INFO - [2025-03-08T20:50:10.273+0000] {dag.py:4180} INFO - Setting next_dagrun for example_branch_labels to 2025-03-07 00:00:00+00:00, run_after=2025-03-08 00:00:00+00:00
[2025-03-08T20:50:10.297+0000] {processor.py:208} INFO - Processing /home/airflow/.local/lib/python3.12/site-packages/airflow/example_dags/example_branch_labels.py took 0.092 seconds
