[2025-03-08T20:32:37.025+0000] {processor.py:186} INFO - Started process (PID=113) to work on /home/airflow/.local/lib/python3.12/site-packages/airflow/example_dags/example_inlet_event_extra.py
[2025-03-08T20:32:37.026+0000] {processor.py:914} INFO - Processing file /home/airflow/.local/lib/python3.12/site-packages/airflow/example_dags/example_inlet_event_extra.py for tasks to queue
[2025-03-08T20:32:37.028+0000] {logging_mixin.py:190} INFO - [2025-03-08T20:32:37.027+0000] {dagbag.py:588} INFO - Filling up the DagBag from /home/airflow/.local/lib/python3.12/site-packages/airflow/example_dags/example_inlet_event_extra.py
[2025-03-08T20:32:37.513+0000] {processor.py:925} INFO - DAG(s) 'read_dataset_event', 'read_dataset_event_from_classic' retrieved from /home/airflow/.local/lib/python3.12/site-packages/airflow/example_dags/example_inlet_event_extra.py
[2025-03-08T20:32:37.641+0000] {logging_mixin.py:190} INFO - [2025-03-08T20:32:37.640+0000] {override.py:1912} INFO - Created Permission View: can edit on DAG:read_dataset_event
[2025-03-08T20:32:37.653+0000] {logging_mixin.py:190} INFO - [2025-03-08T20:32:37.653+0000] {override.py:1912} INFO - Created Permission View: can read on DAG:read_dataset_event
[2025-03-08T20:32:37.659+0000] {logging_mixin.py:190} INFO - [2025-03-08T20:32:37.659+0000] {override.py:1912} INFO - Created Permission View: can delete on DAG:read_dataset_event
[2025-03-08T20:32:37.666+0000] {logging_mixin.py:190} INFO - [2025-03-08T20:32:37.666+0000] {override.py:1912} INFO - Created Permission View: can read on DAG Run:read_dataset_event
[2025-03-08T20:32:37.672+0000] {logging_mixin.py:190} INFO - [2025-03-08T20:32:37.672+0000] {override.py:1912} INFO - Created Permission View: menu access on DAG Run:read_dataset_event
[2025-03-08T20:32:37.682+0000] {logging_mixin.py:190} INFO - [2025-03-08T20:32:37.682+0000] {override.py:1912} INFO - Created Permission View: can create on DAG Run:read_dataset_event
[2025-03-08T20:32:37.694+0000] {logging_mixin.py:190} INFO - [2025-03-08T20:32:37.693+0000] {override.py:1912} INFO - Created Permission View: can delete on DAG Run:read_dataset_event
[2025-03-08T20:32:37.706+0000] {logging_mixin.py:190} INFO - [2025-03-08T20:32:37.706+0000] {override.py:1912} INFO - Created Permission View: can edit on DAG:read_dataset_event_from_classic
[2025-03-08T20:32:37.712+0000] {logging_mixin.py:190} INFO - [2025-03-08T20:32:37.711+0000] {override.py:1912} INFO - Created Permission View: can read on DAG:read_dataset_event_from_classic
[2025-03-08T20:32:37.717+0000] {logging_mixin.py:190} INFO - [2025-03-08T20:32:37.717+0000] {override.py:1912} INFO - Created Permission View: can delete on DAG:read_dataset_event_from_classic
[2025-03-08T20:32:37.723+0000] {logging_mixin.py:190} INFO - [2025-03-08T20:32:37.723+0000] {override.py:1912} INFO - Created Permission View: can read on DAG Run:read_dataset_event_from_classic
[2025-03-08T20:32:37.728+0000] {logging_mixin.py:190} INFO - [2025-03-08T20:32:37.728+0000] {override.py:1912} INFO - Created Permission View: menu access on DAG Run:read_dataset_event_from_classic
[2025-03-08T20:32:37.736+0000] {logging_mixin.py:190} INFO - [2025-03-08T20:32:37.735+0000] {override.py:1912} INFO - Created Permission View: can create on DAG Run:read_dataset_event_from_classic
[2025-03-08T20:32:37.743+0000] {logging_mixin.py:190} INFO - [2025-03-08T20:32:37.743+0000] {override.py:1912} INFO - Created Permission View: can delete on DAG Run:read_dataset_event_from_classic
[2025-03-08T20:32:37.744+0000] {logging_mixin.py:190} INFO - [2025-03-08T20:32:37.743+0000] {dag.py:3239} INFO - Sync 2 DAGs
[2025-03-08T20:32:37.755+0000] {logging_mixin.py:190} INFO - [2025-03-08T20:32:37.754+0000] {dag.py:3262} INFO - Creating ORM DAG for read_dataset_event_from_classic
[2025-03-08T20:32:37.844+0000] {logging_mixin.py:190} INFO - [2025-03-08T20:32:37.844+0000] {dag.py:3262} INFO - Creating ORM DAG for read_dataset_event
[2025-03-08T20:32:37.853+0000] {logging_mixin.py:190} INFO - [2025-03-08T20:32:37.853+0000] {dag.py:4180} INFO - Setting next_dagrun for read_dataset_event to 2025-03-07 00:00:00+00:00, run_after=2025-03-08 00:00:00+00:00
[2025-03-08T20:32:37.855+0000] {logging_mixin.py:190} INFO - [2025-03-08T20:32:37.855+0000] {dag.py:4180} INFO - Setting next_dagrun for read_dataset_event_from_classic to 2025-03-07 00:00:00+00:00, run_after=2025-03-08 00:00:00+00:00
[2025-03-08T20:32:37.871+0000] {processor.py:208} INFO - Processing /home/airflow/.local/lib/python3.12/site-packages/airflow/example_dags/example_inlet_event_extra.py took 0.851 seconds
[2025-03-08T20:33:07.956+0000] {processor.py:186} INFO - Started process (PID=178) to work on /home/airflow/.local/lib/python3.12/site-packages/airflow/example_dags/example_inlet_event_extra.py
[2025-03-08T20:33:07.957+0000] {processor.py:914} INFO - Processing file /home/airflow/.local/lib/python3.12/site-packages/airflow/example_dags/example_inlet_event_extra.py for tasks to queue
[2025-03-08T20:33:07.959+0000] {logging_mixin.py:190} INFO - [2025-03-08T20:33:07.958+0000] {dagbag.py:588} INFO - Filling up the DagBag from /home/airflow/.local/lib/python3.12/site-packages/airflow/example_dags/example_inlet_event_extra.py
[2025-03-08T20:33:08.430+0000] {processor.py:925} INFO - DAG(s) 'read_dataset_event_from_classic', 'read_dataset_event' retrieved from /home/airflow/.local/lib/python3.12/site-packages/airflow/example_dags/example_inlet_event_extra.py
[2025-03-08T20:33:08.446+0000] {logging_mixin.py:190} INFO - [2025-03-08T20:33:08.446+0000] {dag.py:3239} INFO - Sync 2 DAGs
[2025-03-08T20:33:08.464+0000] {logging_mixin.py:190} INFO - [2025-03-08T20:33:08.463+0000] {dag.py:4180} INFO - Setting next_dagrun for read_dataset_event to 2025-03-07 00:00:00+00:00, run_after=2025-03-08 00:00:00+00:00
[2025-03-08T20:33:08.469+0000] {logging_mixin.py:190} INFO - [2025-03-08T20:33:08.468+0000] {dag.py:4180} INFO - Setting next_dagrun for read_dataset_event_from_classic to 2025-03-07 00:00:00+00:00, run_after=2025-03-08 00:00:00+00:00
[2025-03-08T20:33:08.485+0000] {processor.py:208} INFO - Processing /home/airflow/.local/lib/python3.12/site-packages/airflow/example_dags/example_inlet_event_extra.py took 0.534 seconds
[2025-03-08T20:33:38.558+0000] {processor.py:186} INFO - Started process (PID=245) to work on /home/airflow/.local/lib/python3.12/site-packages/airflow/example_dags/example_inlet_event_extra.py
[2025-03-08T20:33:38.559+0000] {processor.py:914} INFO - Processing file /home/airflow/.local/lib/python3.12/site-packages/airflow/example_dags/example_inlet_event_extra.py for tasks to queue
[2025-03-08T20:33:38.561+0000] {logging_mixin.py:190} INFO - [2025-03-08T20:33:38.561+0000] {dagbag.py:588} INFO - Filling up the DagBag from /home/airflow/.local/lib/python3.12/site-packages/airflow/example_dags/example_inlet_event_extra.py
[2025-03-08T20:33:39.030+0000] {processor.py:925} INFO - DAG(s) 'read_dataset_event', 'read_dataset_event_from_classic' retrieved from /home/airflow/.local/lib/python3.12/site-packages/airflow/example_dags/example_inlet_event_extra.py
[2025-03-08T20:33:39.049+0000] {logging_mixin.py:190} INFO - [2025-03-08T20:33:39.049+0000] {dag.py:3239} INFO - Sync 2 DAGs
[2025-03-08T20:33:39.067+0000] {logging_mixin.py:190} INFO - [2025-03-08T20:33:39.066+0000] {dag.py:4180} INFO - Setting next_dagrun for read_dataset_event to 2025-03-07 00:00:00+00:00, run_after=2025-03-08 00:00:00+00:00
[2025-03-08T20:33:39.071+0000] {logging_mixin.py:190} INFO - [2025-03-08T20:33:39.071+0000] {dag.py:4180} INFO - Setting next_dagrun for read_dataset_event_from_classic to 2025-03-07 00:00:00+00:00, run_after=2025-03-08 00:00:00+00:00
[2025-03-08T20:33:39.085+0000] {processor.py:208} INFO - Processing /home/airflow/.local/lib/python3.12/site-packages/airflow/example_dags/example_inlet_event_extra.py took 0.532 seconds
[2025-03-08T20:34:09.836+0000] {processor.py:186} INFO - Started process (PID=308) to work on /home/airflow/.local/lib/python3.12/site-packages/airflow/example_dags/example_inlet_event_extra.py
[2025-03-08T20:34:09.864+0000] {processor.py:914} INFO - Processing file /home/airflow/.local/lib/python3.12/site-packages/airflow/example_dags/example_inlet_event_extra.py for tasks to queue
[2025-03-08T20:34:09.867+0000] {logging_mixin.py:190} INFO - [2025-03-08T20:34:09.867+0000] {dagbag.py:588} INFO - Filling up the DagBag from /home/airflow/.local/lib/python3.12/site-packages/airflow/example_dags/example_inlet_event_extra.py
[2025-03-08T20:34:10.410+0000] {processor.py:925} INFO - DAG(s) 'read_dataset_event', 'read_dataset_event_from_classic' retrieved from /home/airflow/.local/lib/python3.12/site-packages/airflow/example_dags/example_inlet_event_extra.py
[2025-03-08T20:34:10.430+0000] {logging_mixin.py:190} INFO - [2025-03-08T20:34:10.430+0000] {dag.py:3239} INFO - Sync 2 DAGs
[2025-03-08T20:34:10.457+0000] {logging_mixin.py:190} INFO - [2025-03-08T20:34:10.457+0000] {dag.py:4180} INFO - Setting next_dagrun for read_dataset_event to 2025-03-07 00:00:00+00:00, run_after=2025-03-08 00:00:00+00:00
[2025-03-08T20:34:10.462+0000] {logging_mixin.py:190} INFO - [2025-03-08T20:34:10.462+0000] {dag.py:4180} INFO - Setting next_dagrun for read_dataset_event_from_classic to 2025-03-07 00:00:00+00:00, run_after=2025-03-08 00:00:00+00:00
[2025-03-08T20:34:10.493+0000] {processor.py:208} INFO - Processing /home/airflow/.local/lib/python3.12/site-packages/airflow/example_dags/example_inlet_event_extra.py took 0.665 seconds
[2025-03-08T20:34:40.846+0000] {processor.py:186} INFO - Started process (PID=371) to work on /home/airflow/.local/lib/python3.12/site-packages/airflow/example_dags/example_inlet_event_extra.py
[2025-03-08T20:34:40.847+0000] {processor.py:914} INFO - Processing file /home/airflow/.local/lib/python3.12/site-packages/airflow/example_dags/example_inlet_event_extra.py for tasks to queue
[2025-03-08T20:34:40.849+0000] {logging_mixin.py:190} INFO - [2025-03-08T20:34:40.848+0000] {dagbag.py:588} INFO - Filling up the DagBag from /home/airflow/.local/lib/python3.12/site-packages/airflow/example_dags/example_inlet_event_extra.py
[2025-03-08T20:34:41.354+0000] {processor.py:925} INFO - DAG(s) 'read_dataset_event_from_classic', 'read_dataset_event' retrieved from /home/airflow/.local/lib/python3.12/site-packages/airflow/example_dags/example_inlet_event_extra.py
[2025-03-08T20:34:41.373+0000] {logging_mixin.py:190} INFO - [2025-03-08T20:34:41.372+0000] {dag.py:3239} INFO - Sync 2 DAGs
[2025-03-08T20:34:41.394+0000] {logging_mixin.py:190} INFO - [2025-03-08T20:34:41.394+0000] {dag.py:4180} INFO - Setting next_dagrun for read_dataset_event to 2025-03-07 00:00:00+00:00, run_after=2025-03-08 00:00:00+00:00
[2025-03-08T20:34:41.399+0000] {logging_mixin.py:190} INFO - [2025-03-08T20:34:41.399+0000] {dag.py:4180} INFO - Setting next_dagrun for read_dataset_event_from_classic to 2025-03-07 00:00:00+00:00, run_after=2025-03-08 00:00:00+00:00
[2025-03-08T20:34:41.416+0000] {processor.py:208} INFO - Processing /home/airflow/.local/lib/python3.12/site-packages/airflow/example_dags/example_inlet_event_extra.py took 0.576 seconds
[2025-03-08T20:35:12.302+0000] {processor.py:186} INFO - Started process (PID=434) to work on /home/airflow/.local/lib/python3.12/site-packages/airflow/example_dags/example_inlet_event_extra.py
[2025-03-08T20:35:12.303+0000] {processor.py:914} INFO - Processing file /home/airflow/.local/lib/python3.12/site-packages/airflow/example_dags/example_inlet_event_extra.py for tasks to queue
[2025-03-08T20:35:12.304+0000] {logging_mixin.py:190} INFO - [2025-03-08T20:35:12.304+0000] {dagbag.py:588} INFO - Filling up the DagBag from /home/airflow/.local/lib/python3.12/site-packages/airflow/example_dags/example_inlet_event_extra.py
[2025-03-08T20:35:12.779+0000] {processor.py:925} INFO - DAG(s) 'read_dataset_event_from_classic', 'read_dataset_event' retrieved from /home/airflow/.local/lib/python3.12/site-packages/airflow/example_dags/example_inlet_event_extra.py
[2025-03-08T20:35:12.796+0000] {logging_mixin.py:190} INFO - [2025-03-08T20:35:12.796+0000] {dag.py:3239} INFO - Sync 2 DAGs
[2025-03-08T20:35:12.821+0000] {logging_mixin.py:190} INFO - [2025-03-08T20:35:12.821+0000] {dag.py:4180} INFO - Setting next_dagrun for read_dataset_event to 2025-03-07 00:00:00+00:00, run_after=2025-03-08 00:00:00+00:00
[2025-03-08T20:35:12.827+0000] {logging_mixin.py:190} INFO - [2025-03-08T20:35:12.827+0000] {dag.py:4180} INFO - Setting next_dagrun for read_dataset_event_from_classic to 2025-03-07 00:00:00+00:00, run_after=2025-03-08 00:00:00+00:00
[2025-03-08T20:35:12.842+0000] {processor.py:208} INFO - Processing /home/airflow/.local/lib/python3.12/site-packages/airflow/example_dags/example_inlet_event_extra.py took 0.545 seconds
[2025-03-08T20:35:43.030+0000] {processor.py:186} INFO - Started process (PID=497) to work on /home/airflow/.local/lib/python3.12/site-packages/airflow/example_dags/example_inlet_event_extra.py
[2025-03-08T20:35:43.030+0000] {processor.py:914} INFO - Processing file /home/airflow/.local/lib/python3.12/site-packages/airflow/example_dags/example_inlet_event_extra.py for tasks to queue
[2025-03-08T20:35:43.032+0000] {logging_mixin.py:190} INFO - [2025-03-08T20:35:43.032+0000] {dagbag.py:588} INFO - Filling up the DagBag from /home/airflow/.local/lib/python3.12/site-packages/airflow/example_dags/example_inlet_event_extra.py
[2025-03-08T20:35:43.490+0000] {processor.py:925} INFO - DAG(s) 'read_dataset_event', 'read_dataset_event_from_classic' retrieved from /home/airflow/.local/lib/python3.12/site-packages/airflow/example_dags/example_inlet_event_extra.py
[2025-03-08T20:35:43.507+0000] {logging_mixin.py:190} INFO - [2025-03-08T20:35:43.507+0000] {dag.py:3239} INFO - Sync 2 DAGs
[2025-03-08T20:35:43.526+0000] {logging_mixin.py:190} INFO - [2025-03-08T20:35:43.526+0000] {dag.py:4180} INFO - Setting next_dagrun for read_dataset_event to 2025-03-07 00:00:00+00:00, run_after=2025-03-08 00:00:00+00:00
[2025-03-08T20:35:43.531+0000] {logging_mixin.py:190} INFO - [2025-03-08T20:35:43.530+0000] {dag.py:4180} INFO - Setting next_dagrun for read_dataset_event_from_classic to 2025-03-07 00:00:00+00:00, run_after=2025-03-08 00:00:00+00:00
[2025-03-08T20:35:43.546+0000] {processor.py:208} INFO - Processing /home/airflow/.local/lib/python3.12/site-packages/airflow/example_dags/example_inlet_event_extra.py took 0.521 seconds
[2025-03-08T20:36:13.984+0000] {processor.py:186} INFO - Started process (PID=560) to work on /home/airflow/.local/lib/python3.12/site-packages/airflow/example_dags/example_inlet_event_extra.py
[2025-03-08T20:36:13.985+0000] {processor.py:914} INFO - Processing file /home/airflow/.local/lib/python3.12/site-packages/airflow/example_dags/example_inlet_event_extra.py for tasks to queue
[2025-03-08T20:36:13.987+0000] {logging_mixin.py:190} INFO - [2025-03-08T20:36:13.987+0000] {dagbag.py:588} INFO - Filling up the DagBag from /home/airflow/.local/lib/python3.12/site-packages/airflow/example_dags/example_inlet_event_extra.py
[2025-03-08T20:36:14.429+0000] {processor.py:925} INFO - DAG(s) 'read_dataset_event', 'read_dataset_event_from_classic' retrieved from /home/airflow/.local/lib/python3.12/site-packages/airflow/example_dags/example_inlet_event_extra.py
[2025-03-08T20:36:14.446+0000] {logging_mixin.py:190} INFO - [2025-03-08T20:36:14.445+0000] {dag.py:3239} INFO - Sync 2 DAGs
[2025-03-08T20:36:14.464+0000] {logging_mixin.py:190} INFO - [2025-03-08T20:36:14.464+0000] {dag.py:4180} INFO - Setting next_dagrun for read_dataset_event to 2025-03-07 00:00:00+00:00, run_after=2025-03-08 00:00:00+00:00
[2025-03-08T20:36:14.468+0000] {logging_mixin.py:190} INFO - [2025-03-08T20:36:14.468+0000] {dag.py:4180} INFO - Setting next_dagrun for read_dataset_event_from_classic to 2025-03-07 00:00:00+00:00, run_after=2025-03-08 00:00:00+00:00
[2025-03-08T20:36:14.486+0000] {processor.py:208} INFO - Processing /home/airflow/.local/lib/python3.12/site-packages/airflow/example_dags/example_inlet_event_extra.py took 0.506 seconds
[2025-03-08T20:36:44.945+0000] {processor.py:186} INFO - Started process (PID=623) to work on /home/airflow/.local/lib/python3.12/site-packages/airflow/example_dags/example_inlet_event_extra.py
[2025-03-08T20:36:44.946+0000] {processor.py:914} INFO - Processing file /home/airflow/.local/lib/python3.12/site-packages/airflow/example_dags/example_inlet_event_extra.py for tasks to queue
[2025-03-08T20:36:44.948+0000] {logging_mixin.py:190} INFO - [2025-03-08T20:36:44.948+0000] {dagbag.py:588} INFO - Filling up the DagBag from /home/airflow/.local/lib/python3.12/site-packages/airflow/example_dags/example_inlet_event_extra.py
[2025-03-08T20:36:45.439+0000] {processor.py:925} INFO - DAG(s) 'read_dataset_event', 'read_dataset_event_from_classic' retrieved from /home/airflow/.local/lib/python3.12/site-packages/airflow/example_dags/example_inlet_event_extra.py
[2025-03-08T20:36:45.459+0000] {logging_mixin.py:190} INFO - [2025-03-08T20:36:45.459+0000] {dag.py:3239} INFO - Sync 2 DAGs
[2025-03-08T20:36:45.482+0000] {logging_mixin.py:190} INFO - [2025-03-08T20:36:45.482+0000] {dag.py:4180} INFO - Setting next_dagrun for read_dataset_event to 2025-03-07 00:00:00+00:00, run_after=2025-03-08 00:00:00+00:00
[2025-03-08T20:36:45.488+0000] {logging_mixin.py:190} INFO - [2025-03-08T20:36:45.487+0000] {dag.py:4180} INFO - Setting next_dagrun for read_dataset_event_from_classic to 2025-03-07 00:00:00+00:00, run_after=2025-03-08 00:00:00+00:00
[2025-03-08T20:36:45.503+0000] {processor.py:208} INFO - Processing /home/airflow/.local/lib/python3.12/site-packages/airflow/example_dags/example_inlet_event_extra.py took 0.562 seconds
[2025-03-08T20:37:16.156+0000] {processor.py:186} INFO - Started process (PID=686) to work on /home/airflow/.local/lib/python3.12/site-packages/airflow/example_dags/example_inlet_event_extra.py
[2025-03-08T20:37:16.157+0000] {processor.py:914} INFO - Processing file /home/airflow/.local/lib/python3.12/site-packages/airflow/example_dags/example_inlet_event_extra.py for tasks to queue
[2025-03-08T20:37:16.159+0000] {logging_mixin.py:190} INFO - [2025-03-08T20:37:16.159+0000] {dagbag.py:588} INFO - Filling up the DagBag from /home/airflow/.local/lib/python3.12/site-packages/airflow/example_dags/example_inlet_event_extra.py
[2025-03-08T20:37:16.757+0000] {processor.py:925} INFO - DAG(s) 'read_dataset_event', 'read_dataset_event_from_classic' retrieved from /home/airflow/.local/lib/python3.12/site-packages/airflow/example_dags/example_inlet_event_extra.py
[2025-03-08T20:37:16.780+0000] {logging_mixin.py:190} INFO - [2025-03-08T20:37:16.779+0000] {dag.py:3239} INFO - Sync 2 DAGs
[2025-03-08T20:37:16.806+0000] {logging_mixin.py:190} INFO - [2025-03-08T20:37:16.806+0000] {dag.py:4180} INFO - Setting next_dagrun for read_dataset_event to 2025-03-07 00:00:00+00:00, run_after=2025-03-08 00:00:00+00:00
[2025-03-08T20:37:16.814+0000] {logging_mixin.py:190} INFO - [2025-03-08T20:37:16.813+0000] {dag.py:4180} INFO - Setting next_dagrun for read_dataset_event_from_classic to 2025-03-07 00:00:00+00:00, run_after=2025-03-08 00:00:00+00:00
[2025-03-08T20:37:16.832+0000] {processor.py:208} INFO - Processing /home/airflow/.local/lib/python3.12/site-packages/airflow/example_dags/example_inlet_event_extra.py took 0.682 seconds
[2025-03-08T20:37:47.031+0000] {processor.py:186} INFO - Started process (PID=749) to work on /home/airflow/.local/lib/python3.12/site-packages/airflow/example_dags/example_inlet_event_extra.py
[2025-03-08T20:37:47.032+0000] {processor.py:914} INFO - Processing file /home/airflow/.local/lib/python3.12/site-packages/airflow/example_dags/example_inlet_event_extra.py for tasks to queue
[2025-03-08T20:37:47.034+0000] {logging_mixin.py:190} INFO - [2025-03-08T20:37:47.033+0000] {dagbag.py:588} INFO - Filling up the DagBag from /home/airflow/.local/lib/python3.12/site-packages/airflow/example_dags/example_inlet_event_extra.py
[2025-03-08T20:37:47.538+0000] {processor.py:925} INFO - DAG(s) 'read_dataset_event', 'read_dataset_event_from_classic' retrieved from /home/airflow/.local/lib/python3.12/site-packages/airflow/example_dags/example_inlet_event_extra.py
[2025-03-08T20:37:47.558+0000] {logging_mixin.py:190} INFO - [2025-03-08T20:37:47.558+0000] {dag.py:3239} INFO - Sync 2 DAGs
[2025-03-08T20:37:47.581+0000] {logging_mixin.py:190} INFO - [2025-03-08T20:37:47.581+0000] {dag.py:4180} INFO - Setting next_dagrun for read_dataset_event to 2025-03-07 00:00:00+00:00, run_after=2025-03-08 00:00:00+00:00
[2025-03-08T20:37:47.586+0000] {logging_mixin.py:190} INFO - [2025-03-08T20:37:47.586+0000] {dag.py:4180} INFO - Setting next_dagrun for read_dataset_event_from_classic to 2025-03-07 00:00:00+00:00, run_after=2025-03-08 00:00:00+00:00
[2025-03-08T20:37:47.605+0000] {processor.py:208} INFO - Processing /home/airflow/.local/lib/python3.12/site-packages/airflow/example_dags/example_inlet_event_extra.py took 0.579 seconds
[2025-03-08T20:38:17.844+0000] {processor.py:186} INFO - Started process (PID=812) to work on /home/airflow/.local/lib/python3.12/site-packages/airflow/example_dags/example_inlet_event_extra.py
[2025-03-08T20:38:17.845+0000] {processor.py:914} INFO - Processing file /home/airflow/.local/lib/python3.12/site-packages/airflow/example_dags/example_inlet_event_extra.py for tasks to queue
[2025-03-08T20:38:17.847+0000] {logging_mixin.py:190} INFO - [2025-03-08T20:38:17.846+0000] {dagbag.py:588} INFO - Filling up the DagBag from /home/airflow/.local/lib/python3.12/site-packages/airflow/example_dags/example_inlet_event_extra.py
[2025-03-08T20:38:18.338+0000] {processor.py:925} INFO - DAG(s) 'read_dataset_event', 'read_dataset_event_from_classic' retrieved from /home/airflow/.local/lib/python3.12/site-packages/airflow/example_dags/example_inlet_event_extra.py
[2025-03-08T20:38:18.357+0000] {logging_mixin.py:190} INFO - [2025-03-08T20:38:18.357+0000] {dag.py:3239} INFO - Sync 2 DAGs
[2025-03-08T20:38:18.378+0000] {logging_mixin.py:190} INFO - [2025-03-08T20:38:18.378+0000] {dag.py:4180} INFO - Setting next_dagrun for read_dataset_event to 2025-03-07 00:00:00+00:00, run_after=2025-03-08 00:00:00+00:00
[2025-03-08T20:38:18.383+0000] {logging_mixin.py:190} INFO - [2025-03-08T20:38:18.383+0000] {dag.py:4180} INFO - Setting next_dagrun for read_dataset_event_from_classic to 2025-03-07 00:00:00+00:00, run_after=2025-03-08 00:00:00+00:00
[2025-03-08T20:38:18.399+0000] {processor.py:208} INFO - Processing /home/airflow/.local/lib/python3.12/site-packages/airflow/example_dags/example_inlet_event_extra.py took 0.560 seconds
[2025-03-08T20:38:49.346+0000] {processor.py:186} INFO - Started process (PID=875) to work on /home/airflow/.local/lib/python3.12/site-packages/airflow/example_dags/example_inlet_event_extra.py
[2025-03-08T20:38:49.347+0000] {processor.py:914} INFO - Processing file /home/airflow/.local/lib/python3.12/site-packages/airflow/example_dags/example_inlet_event_extra.py for tasks to queue
[2025-03-08T20:38:49.349+0000] {logging_mixin.py:190} INFO - [2025-03-08T20:38:49.349+0000] {dagbag.py:588} INFO - Filling up the DagBag from /home/airflow/.local/lib/python3.12/site-packages/airflow/example_dags/example_inlet_event_extra.py
[2025-03-08T20:38:49.806+0000] {processor.py:925} INFO - DAG(s) 'read_dataset_event', 'read_dataset_event_from_classic' retrieved from /home/airflow/.local/lib/python3.12/site-packages/airflow/example_dags/example_inlet_event_extra.py
[2025-03-08T20:38:49.823+0000] {logging_mixin.py:190} INFO - [2025-03-08T20:38:49.823+0000] {dag.py:3239} INFO - Sync 2 DAGs
[2025-03-08T20:38:49.843+0000] {logging_mixin.py:190} INFO - [2025-03-08T20:38:49.843+0000] {dag.py:4180} INFO - Setting next_dagrun for read_dataset_event to 2025-03-07 00:00:00+00:00, run_after=2025-03-08 00:00:00+00:00
[2025-03-08T20:38:49.847+0000] {logging_mixin.py:190} INFO - [2025-03-08T20:38:49.847+0000] {dag.py:4180} INFO - Setting next_dagrun for read_dataset_event_from_classic to 2025-03-07 00:00:00+00:00, run_after=2025-03-08 00:00:00+00:00
[2025-03-08T20:38:49.862+0000] {processor.py:208} INFO - Processing /home/airflow/.local/lib/python3.12/site-packages/airflow/example_dags/example_inlet_event_extra.py took 0.521 seconds
[2025-03-08T20:39:19.999+0000] {processor.py:186} INFO - Started process (PID=938) to work on /home/airflow/.local/lib/python3.12/site-packages/airflow/example_dags/example_inlet_event_extra.py
[2025-03-08T20:39:19.999+0000] {processor.py:914} INFO - Processing file /home/airflow/.local/lib/python3.12/site-packages/airflow/example_dags/example_inlet_event_extra.py for tasks to queue
[2025-03-08T20:39:20.002+0000] {logging_mixin.py:190} INFO - [2025-03-08T20:39:20.001+0000] {dagbag.py:588} INFO - Filling up the DagBag from /home/airflow/.local/lib/python3.12/site-packages/airflow/example_dags/example_inlet_event_extra.py
[2025-03-08T20:39:20.462+0000] {processor.py:925} INFO - DAG(s) 'read_dataset_event_from_classic', 'read_dataset_event' retrieved from /home/airflow/.local/lib/python3.12/site-packages/airflow/example_dags/example_inlet_event_extra.py
[2025-03-08T20:39:20.480+0000] {logging_mixin.py:190} INFO - [2025-03-08T20:39:20.480+0000] {dag.py:3239} INFO - Sync 2 DAGs
[2025-03-08T20:39:20.499+0000] {logging_mixin.py:190} INFO - [2025-03-08T20:39:20.498+0000] {dag.py:4180} INFO - Setting next_dagrun for read_dataset_event to 2025-03-07 00:00:00+00:00, run_after=2025-03-08 00:00:00+00:00
[2025-03-08T20:39:20.505+0000] {logging_mixin.py:190} INFO - [2025-03-08T20:39:20.504+0000] {dag.py:4180} INFO - Setting next_dagrun for read_dataset_event_from_classic to 2025-03-07 00:00:00+00:00, run_after=2025-03-08 00:00:00+00:00
[2025-03-08T20:39:20.519+0000] {processor.py:208} INFO - Processing /home/airflow/.local/lib/python3.12/site-packages/airflow/example_dags/example_inlet_event_extra.py took 0.525 seconds
[2025-03-08T20:39:51.241+0000] {processor.py:186} INFO - Started process (PID=1001) to work on /home/airflow/.local/lib/python3.12/site-packages/airflow/example_dags/example_inlet_event_extra.py
[2025-03-08T20:39:51.242+0000] {processor.py:914} INFO - Processing file /home/airflow/.local/lib/python3.12/site-packages/airflow/example_dags/example_inlet_event_extra.py for tasks to queue
[2025-03-08T20:39:51.244+0000] {logging_mixin.py:190} INFO - [2025-03-08T20:39:51.244+0000] {dagbag.py:588} INFO - Filling up the DagBag from /home/airflow/.local/lib/python3.12/site-packages/airflow/example_dags/example_inlet_event_extra.py
[2025-03-08T20:39:51.702+0000] {processor.py:925} INFO - DAG(s) 'read_dataset_event_from_classic', 'read_dataset_event' retrieved from /home/airflow/.local/lib/python3.12/site-packages/airflow/example_dags/example_inlet_event_extra.py
[2025-03-08T20:39:51.719+0000] {logging_mixin.py:190} INFO - [2025-03-08T20:39:51.719+0000] {dag.py:3239} INFO - Sync 2 DAGs
[2025-03-08T20:39:51.739+0000] {logging_mixin.py:190} INFO - [2025-03-08T20:39:51.739+0000] {dag.py:4180} INFO - Setting next_dagrun for read_dataset_event to 2025-03-07 00:00:00+00:00, run_after=2025-03-08 00:00:00+00:00
[2025-03-08T20:39:51.743+0000] {logging_mixin.py:190} INFO - [2025-03-08T20:39:51.743+0000] {dag.py:4180} INFO - Setting next_dagrun for read_dataset_event_from_classic to 2025-03-07 00:00:00+00:00, run_after=2025-03-08 00:00:00+00:00
[2025-03-08T20:39:51.757+0000] {processor.py:208} INFO - Processing /home/airflow/.local/lib/python3.12/site-packages/airflow/example_dags/example_inlet_event_extra.py took 0.521 seconds
[2025-03-08T20:40:22.791+0000] {processor.py:186} INFO - Started process (PID=1064) to work on /home/airflow/.local/lib/python3.12/site-packages/airflow/example_dags/example_inlet_event_extra.py
[2025-03-08T20:40:22.792+0000] {processor.py:914} INFO - Processing file /home/airflow/.local/lib/python3.12/site-packages/airflow/example_dags/example_inlet_event_extra.py for tasks to queue
[2025-03-08T20:40:22.794+0000] {logging_mixin.py:190} INFO - [2025-03-08T20:40:22.794+0000] {dagbag.py:588} INFO - Filling up the DagBag from /home/airflow/.local/lib/python3.12/site-packages/airflow/example_dags/example_inlet_event_extra.py
[2025-03-08T20:40:23.251+0000] {processor.py:925} INFO - DAG(s) 'read_dataset_event', 'read_dataset_event_from_classic' retrieved from /home/airflow/.local/lib/python3.12/site-packages/airflow/example_dags/example_inlet_event_extra.py
[2025-03-08T20:40:23.269+0000] {logging_mixin.py:190} INFO - [2025-03-08T20:40:23.269+0000] {dag.py:3239} INFO - Sync 2 DAGs
[2025-03-08T20:40:23.288+0000] {logging_mixin.py:190} INFO - [2025-03-08T20:40:23.288+0000] {dag.py:4180} INFO - Setting next_dagrun for read_dataset_event to 2025-03-07 00:00:00+00:00, run_after=2025-03-08 00:00:00+00:00
[2025-03-08T20:40:23.293+0000] {logging_mixin.py:190} INFO - [2025-03-08T20:40:23.293+0000] {dag.py:4180} INFO - Setting next_dagrun for read_dataset_event_from_classic to 2025-03-07 00:00:00+00:00, run_after=2025-03-08 00:00:00+00:00
[2025-03-08T20:40:23.307+0000] {processor.py:208} INFO - Processing /home/airflow/.local/lib/python3.12/site-packages/airflow/example_dags/example_inlet_event_extra.py took 0.521 seconds
[2025-03-08T20:40:54.206+0000] {processor.py:186} INFO - Started process (PID=1127) to work on /home/airflow/.local/lib/python3.12/site-packages/airflow/example_dags/example_inlet_event_extra.py
[2025-03-08T20:40:54.206+0000] {processor.py:914} INFO - Processing file /home/airflow/.local/lib/python3.12/site-packages/airflow/example_dags/example_inlet_event_extra.py for tasks to queue
[2025-03-08T20:40:54.208+0000] {logging_mixin.py:190} INFO - [2025-03-08T20:40:54.208+0000] {dagbag.py:588} INFO - Filling up the DagBag from /home/airflow/.local/lib/python3.12/site-packages/airflow/example_dags/example_inlet_event_extra.py
[2025-03-08T20:40:54.657+0000] {processor.py:925} INFO - DAG(s) 'read_dataset_event', 'read_dataset_event_from_classic' retrieved from /home/airflow/.local/lib/python3.12/site-packages/airflow/example_dags/example_inlet_event_extra.py
[2025-03-08T20:40:54.674+0000] {logging_mixin.py:190} INFO - [2025-03-08T20:40:54.674+0000] {dag.py:3239} INFO - Sync 2 DAGs
[2025-03-08T20:40:54.694+0000] {logging_mixin.py:190} INFO - [2025-03-08T20:40:54.694+0000] {dag.py:4180} INFO - Setting next_dagrun for read_dataset_event to 2025-03-07 00:00:00+00:00, run_after=2025-03-08 00:00:00+00:00
[2025-03-08T20:40:54.699+0000] {logging_mixin.py:190} INFO - [2025-03-08T20:40:54.699+0000] {dag.py:4180} INFO - Setting next_dagrun for read_dataset_event_from_classic to 2025-03-07 00:00:00+00:00, run_after=2025-03-08 00:00:00+00:00
[2025-03-08T20:40:54.714+0000] {processor.py:208} INFO - Processing /home/airflow/.local/lib/python3.12/site-packages/airflow/example_dags/example_inlet_event_extra.py took 0.514 seconds
[2025-03-08T20:41:24.795+0000] {processor.py:186} INFO - Started process (PID=1190) to work on /home/airflow/.local/lib/python3.12/site-packages/airflow/example_dags/example_inlet_event_extra.py
[2025-03-08T20:41:24.796+0000] {processor.py:914} INFO - Processing file /home/airflow/.local/lib/python3.12/site-packages/airflow/example_dags/example_inlet_event_extra.py for tasks to queue
[2025-03-08T20:41:24.797+0000] {logging_mixin.py:190} INFO - [2025-03-08T20:41:24.797+0000] {dagbag.py:588} INFO - Filling up the DagBag from /home/airflow/.local/lib/python3.12/site-packages/airflow/example_dags/example_inlet_event_extra.py
[2025-03-08T20:41:25.251+0000] {processor.py:925} INFO - DAG(s) 'read_dataset_event_from_classic', 'read_dataset_event' retrieved from /home/airflow/.local/lib/python3.12/site-packages/airflow/example_dags/example_inlet_event_extra.py
[2025-03-08T20:41:25.267+0000] {logging_mixin.py:190} INFO - [2025-03-08T20:41:25.267+0000] {dag.py:3239} INFO - Sync 2 DAGs
[2025-03-08T20:41:25.286+0000] {logging_mixin.py:190} INFO - [2025-03-08T20:41:25.286+0000] {dag.py:4180} INFO - Setting next_dagrun for read_dataset_event to 2025-03-07 00:00:00+00:00, run_after=2025-03-08 00:00:00+00:00
[2025-03-08T20:41:25.291+0000] {logging_mixin.py:190} INFO - [2025-03-08T20:41:25.290+0000] {dag.py:4180} INFO - Setting next_dagrun for read_dataset_event_from_classic to 2025-03-07 00:00:00+00:00, run_after=2025-03-08 00:00:00+00:00
[2025-03-08T20:41:25.306+0000] {processor.py:208} INFO - Processing /home/airflow/.local/lib/python3.12/site-packages/airflow/example_dags/example_inlet_event_extra.py took 0.515 seconds
[2025-03-08T20:41:55.924+0000] {processor.py:186} INFO - Started process (PID=1253) to work on /home/airflow/.local/lib/python3.12/site-packages/airflow/example_dags/example_inlet_event_extra.py
[2025-03-08T20:41:55.924+0000] {processor.py:914} INFO - Processing file /home/airflow/.local/lib/python3.12/site-packages/airflow/example_dags/example_inlet_event_extra.py for tasks to queue
[2025-03-08T20:41:55.926+0000] {logging_mixin.py:190} INFO - [2025-03-08T20:41:55.926+0000] {dagbag.py:588} INFO - Filling up the DagBag from /home/airflow/.local/lib/python3.12/site-packages/airflow/example_dags/example_inlet_event_extra.py
[2025-03-08T20:41:56.372+0000] {processor.py:925} INFO - DAG(s) 'read_dataset_event_from_classic', 'read_dataset_event' retrieved from /home/airflow/.local/lib/python3.12/site-packages/airflow/example_dags/example_inlet_event_extra.py
[2025-03-08T20:41:56.389+0000] {logging_mixin.py:190} INFO - [2025-03-08T20:41:56.388+0000] {dag.py:3239} INFO - Sync 2 DAGs
[2025-03-08T20:41:56.409+0000] {logging_mixin.py:190} INFO - [2025-03-08T20:41:56.409+0000] {dag.py:4180} INFO - Setting next_dagrun for read_dataset_event to 2025-03-07 00:00:00+00:00, run_after=2025-03-08 00:00:00+00:00
[2025-03-08T20:41:56.414+0000] {logging_mixin.py:190} INFO - [2025-03-08T20:41:56.414+0000] {dag.py:4180} INFO - Setting next_dagrun for read_dataset_event_from_classic to 2025-03-07 00:00:00+00:00, run_after=2025-03-08 00:00:00+00:00
[2025-03-08T20:41:56.428+0000] {processor.py:208} INFO - Processing /home/airflow/.local/lib/python3.12/site-packages/airflow/example_dags/example_inlet_event_extra.py took 0.509 seconds
[2025-03-08T20:42:26.677+0000] {processor.py:186} INFO - Started process (PID=1316) to work on /home/airflow/.local/lib/python3.12/site-packages/airflow/example_dags/example_inlet_event_extra.py
[2025-03-08T20:42:26.678+0000] {processor.py:914} INFO - Processing file /home/airflow/.local/lib/python3.12/site-packages/airflow/example_dags/example_inlet_event_extra.py for tasks to queue
[2025-03-08T20:42:26.680+0000] {logging_mixin.py:190} INFO - [2025-03-08T20:42:26.680+0000] {dagbag.py:588} INFO - Filling up the DagBag from /home/airflow/.local/lib/python3.12/site-packages/airflow/example_dags/example_inlet_event_extra.py
[2025-03-08T20:42:27.117+0000] {processor.py:925} INFO - DAG(s) 'read_dataset_event', 'read_dataset_event_from_classic' retrieved from /home/airflow/.local/lib/python3.12/site-packages/airflow/example_dags/example_inlet_event_extra.py
[2025-03-08T20:42:27.132+0000] {logging_mixin.py:190} INFO - [2025-03-08T20:42:27.132+0000] {dag.py:3239} INFO - Sync 2 DAGs
[2025-03-08T20:42:27.151+0000] {logging_mixin.py:190} INFO - [2025-03-08T20:42:27.150+0000] {dag.py:4180} INFO - Setting next_dagrun for read_dataset_event to 2025-03-07 00:00:00+00:00, run_after=2025-03-08 00:00:00+00:00
[2025-03-08T20:42:27.155+0000] {logging_mixin.py:190} INFO - [2025-03-08T20:42:27.155+0000] {dag.py:4180} INFO - Setting next_dagrun for read_dataset_event_from_classic to 2025-03-07 00:00:00+00:00, run_after=2025-03-08 00:00:00+00:00
[2025-03-08T20:42:27.168+0000] {processor.py:208} INFO - Processing /home/airflow/.local/lib/python3.12/site-packages/airflow/example_dags/example_inlet_event_extra.py took 0.496 seconds
[2025-03-08T20:42:57.338+0000] {processor.py:186} INFO - Started process (PID=1379) to work on /home/airflow/.local/lib/python3.12/site-packages/airflow/example_dags/example_inlet_event_extra.py
[2025-03-08T20:42:57.338+0000] {processor.py:914} INFO - Processing file /home/airflow/.local/lib/python3.12/site-packages/airflow/example_dags/example_inlet_event_extra.py for tasks to queue
[2025-03-08T20:42:57.340+0000] {logging_mixin.py:190} INFO - [2025-03-08T20:42:57.340+0000] {dagbag.py:588} INFO - Filling up the DagBag from /home/airflow/.local/lib/python3.12/site-packages/airflow/example_dags/example_inlet_event_extra.py
[2025-03-08T20:42:57.777+0000] {processor.py:925} INFO - DAG(s) 'read_dataset_event', 'read_dataset_event_from_classic' retrieved from /home/airflow/.local/lib/python3.12/site-packages/airflow/example_dags/example_inlet_event_extra.py
[2025-03-08T20:42:57.794+0000] {logging_mixin.py:190} INFO - [2025-03-08T20:42:57.794+0000] {dag.py:3239} INFO - Sync 2 DAGs
[2025-03-08T20:42:57.813+0000] {logging_mixin.py:190} INFO - [2025-03-08T20:42:57.812+0000] {dag.py:4180} INFO - Setting next_dagrun for read_dataset_event to 2025-03-07 00:00:00+00:00, run_after=2025-03-08 00:00:00+00:00
[2025-03-08T20:42:57.817+0000] {logging_mixin.py:190} INFO - [2025-03-08T20:42:57.817+0000] {dag.py:4180} INFO - Setting next_dagrun for read_dataset_event_from_classic to 2025-03-07 00:00:00+00:00, run_after=2025-03-08 00:00:00+00:00
[2025-03-08T20:42:57.831+0000] {processor.py:208} INFO - Processing /home/airflow/.local/lib/python3.12/site-packages/airflow/example_dags/example_inlet_event_extra.py took 0.498 seconds
[2025-03-08T20:43:28.803+0000] {processor.py:186} INFO - Started process (PID=1442) to work on /home/airflow/.local/lib/python3.12/site-packages/airflow/example_dags/example_inlet_event_extra.py
[2025-03-08T20:43:28.803+0000] {processor.py:914} INFO - Processing file /home/airflow/.local/lib/python3.12/site-packages/airflow/example_dags/example_inlet_event_extra.py for tasks to queue
[2025-03-08T20:43:28.805+0000] {logging_mixin.py:190} INFO - [2025-03-08T20:43:28.805+0000] {dagbag.py:588} INFO - Filling up the DagBag from /home/airflow/.local/lib/python3.12/site-packages/airflow/example_dags/example_inlet_event_extra.py
[2025-03-08T20:43:29.273+0000] {processor.py:925} INFO - DAG(s) 'read_dataset_event', 'read_dataset_event_from_classic' retrieved from /home/airflow/.local/lib/python3.12/site-packages/airflow/example_dags/example_inlet_event_extra.py
[2025-03-08T20:43:29.291+0000] {logging_mixin.py:190} INFO - [2025-03-08T20:43:29.290+0000] {dag.py:3239} INFO - Sync 2 DAGs
[2025-03-08T20:43:29.310+0000] {logging_mixin.py:190} INFO - [2025-03-08T20:43:29.309+0000] {dag.py:4180} INFO - Setting next_dagrun for read_dataset_event to 2025-03-07 00:00:00+00:00, run_after=2025-03-08 00:00:00+00:00
[2025-03-08T20:43:29.314+0000] {logging_mixin.py:190} INFO - [2025-03-08T20:43:29.314+0000] {dag.py:4180} INFO - Setting next_dagrun for read_dataset_event_from_classic to 2025-03-07 00:00:00+00:00, run_after=2025-03-08 00:00:00+00:00
[2025-03-08T20:43:29.328+0000] {processor.py:208} INFO - Processing /home/airflow/.local/lib/python3.12/site-packages/airflow/example_dags/example_inlet_event_extra.py took 0.531 seconds
[2025-03-08T20:44:00.301+0000] {processor.py:186} INFO - Started process (PID=1505) to work on /home/airflow/.local/lib/python3.12/site-packages/airflow/example_dags/example_inlet_event_extra.py
[2025-03-08T20:44:00.302+0000] {processor.py:914} INFO - Processing file /home/airflow/.local/lib/python3.12/site-packages/airflow/example_dags/example_inlet_event_extra.py for tasks to queue
[2025-03-08T20:44:00.304+0000] {logging_mixin.py:190} INFO - [2025-03-08T20:44:00.304+0000] {dagbag.py:588} INFO - Filling up the DagBag from /home/airflow/.local/lib/python3.12/site-packages/airflow/example_dags/example_inlet_event_extra.py
[2025-03-08T20:44:00.772+0000] {processor.py:925} INFO - DAG(s) 'read_dataset_event', 'read_dataset_event_from_classic' retrieved from /home/airflow/.local/lib/python3.12/site-packages/airflow/example_dags/example_inlet_event_extra.py
[2025-03-08T20:44:00.789+0000] {logging_mixin.py:190} INFO - [2025-03-08T20:44:00.789+0000] {dag.py:3239} INFO - Sync 2 DAGs
[2025-03-08T20:44:00.810+0000] {logging_mixin.py:190} INFO - [2025-03-08T20:44:00.809+0000] {dag.py:4180} INFO - Setting next_dagrun for read_dataset_event to 2025-03-07 00:00:00+00:00, run_after=2025-03-08 00:00:00+00:00
[2025-03-08T20:44:00.817+0000] {logging_mixin.py:190} INFO - [2025-03-08T20:44:00.817+0000] {dag.py:4180} INFO - Setting next_dagrun for read_dataset_event_from_classic to 2025-03-07 00:00:00+00:00, run_after=2025-03-08 00:00:00+00:00
[2025-03-08T20:44:00.832+0000] {processor.py:208} INFO - Processing /home/airflow/.local/lib/python3.12/site-packages/airflow/example_dags/example_inlet_event_extra.py took 0.536 seconds
[2025-03-08T20:44:31.172+0000] {processor.py:186} INFO - Started process (PID=1574) to work on /home/airflow/.local/lib/python3.12/site-packages/airflow/example_dags/example_inlet_event_extra.py
[2025-03-08T20:44:31.173+0000] {processor.py:914} INFO - Processing file /home/airflow/.local/lib/python3.12/site-packages/airflow/example_dags/example_inlet_event_extra.py for tasks to queue
[2025-03-08T20:44:31.175+0000] {logging_mixin.py:190} INFO - [2025-03-08T20:44:31.175+0000] {dagbag.py:588} INFO - Filling up the DagBag from /home/airflow/.local/lib/python3.12/site-packages/airflow/example_dags/example_inlet_event_extra.py
[2025-03-08T20:44:31.632+0000] {processor.py:925} INFO - DAG(s) 'read_dataset_event', 'read_dataset_event_from_classic' retrieved from /home/airflow/.local/lib/python3.12/site-packages/airflow/example_dags/example_inlet_event_extra.py
[2025-03-08T20:44:31.648+0000] {logging_mixin.py:190} INFO - [2025-03-08T20:44:31.648+0000] {dag.py:3239} INFO - Sync 2 DAGs
[2025-03-08T20:44:31.669+0000] {logging_mixin.py:190} INFO - [2025-03-08T20:44:31.669+0000] {dag.py:4180} INFO - Setting next_dagrun for read_dataset_event to 2025-03-07 00:00:00+00:00, run_after=2025-03-08 00:00:00+00:00
[2025-03-08T20:44:31.674+0000] {logging_mixin.py:190} INFO - [2025-03-08T20:44:31.673+0000] {dag.py:4180} INFO - Setting next_dagrun for read_dataset_event_from_classic to 2025-03-07 00:00:00+00:00, run_after=2025-03-08 00:00:00+00:00
[2025-03-08T20:44:31.687+0000] {processor.py:208} INFO - Processing /home/airflow/.local/lib/python3.12/site-packages/airflow/example_dags/example_inlet_event_extra.py took 0.519 seconds
[2025-03-08T20:45:02.681+0000] {processor.py:186} INFO - Started process (PID=1637) to work on /home/airflow/.local/lib/python3.12/site-packages/airflow/example_dags/example_inlet_event_extra.py
[2025-03-08T20:45:02.682+0000] {processor.py:914} INFO - Processing file /home/airflow/.local/lib/python3.12/site-packages/airflow/example_dags/example_inlet_event_extra.py for tasks to queue
[2025-03-08T20:45:02.685+0000] {logging_mixin.py:190} INFO - [2025-03-08T20:45:02.685+0000] {dagbag.py:588} INFO - Filling up the DagBag from /home/airflow/.local/lib/python3.12/site-packages/airflow/example_dags/example_inlet_event_extra.py
[2025-03-08T20:45:03.163+0000] {processor.py:925} INFO - DAG(s) 'read_dataset_event_from_classic', 'read_dataset_event' retrieved from /home/airflow/.local/lib/python3.12/site-packages/airflow/example_dags/example_inlet_event_extra.py
[2025-03-08T20:45:03.180+0000] {logging_mixin.py:190} INFO - [2025-03-08T20:45:03.180+0000] {dag.py:3239} INFO - Sync 2 DAGs
[2025-03-08T20:45:03.200+0000] {logging_mixin.py:190} INFO - [2025-03-08T20:45:03.200+0000] {dag.py:4180} INFO - Setting next_dagrun for read_dataset_event to 2025-03-07 00:00:00+00:00, run_after=2025-03-08 00:00:00+00:00
[2025-03-08T20:45:03.205+0000] {logging_mixin.py:190} INFO - [2025-03-08T20:45:03.205+0000] {dag.py:4180} INFO - Setting next_dagrun for read_dataset_event_from_classic to 2025-03-07 00:00:00+00:00, run_after=2025-03-08 00:00:00+00:00
[2025-03-08T20:45:03.219+0000] {processor.py:208} INFO - Processing /home/airflow/.local/lib/python3.12/site-packages/airflow/example_dags/example_inlet_event_extra.py took 0.544 seconds
[2025-03-08T20:45:34.293+0000] {processor.py:186} INFO - Started process (PID=1700) to work on /home/airflow/.local/lib/python3.12/site-packages/airflow/example_dags/example_inlet_event_extra.py
[2025-03-08T20:45:34.294+0000] {processor.py:914} INFO - Processing file /home/airflow/.local/lib/python3.12/site-packages/airflow/example_dags/example_inlet_event_extra.py for tasks to queue
[2025-03-08T20:45:34.296+0000] {logging_mixin.py:190} INFO - [2025-03-08T20:45:34.296+0000] {dagbag.py:588} INFO - Filling up the DagBag from /home/airflow/.local/lib/python3.12/site-packages/airflow/example_dags/example_inlet_event_extra.py
[2025-03-08T20:45:34.802+0000] {processor.py:925} INFO - DAG(s) 'read_dataset_event_from_classic', 'read_dataset_event' retrieved from /home/airflow/.local/lib/python3.12/site-packages/airflow/example_dags/example_inlet_event_extra.py
[2025-03-08T20:45:34.820+0000] {logging_mixin.py:190} INFO - [2025-03-08T20:45:34.820+0000] {dag.py:3239} INFO - Sync 2 DAGs
[2025-03-08T20:45:34.839+0000] {logging_mixin.py:190} INFO - [2025-03-08T20:45:34.838+0000] {dag.py:4180} INFO - Setting next_dagrun for read_dataset_event to 2025-03-07 00:00:00+00:00, run_after=2025-03-08 00:00:00+00:00
[2025-03-08T20:45:34.843+0000] {logging_mixin.py:190} INFO - [2025-03-08T20:45:34.843+0000] {dag.py:4180} INFO - Setting next_dagrun for read_dataset_event_from_classic to 2025-03-07 00:00:00+00:00, run_after=2025-03-08 00:00:00+00:00
[2025-03-08T20:45:34.859+0000] {processor.py:208} INFO - Processing /home/airflow/.local/lib/python3.12/site-packages/airflow/example_dags/example_inlet_event_extra.py took 0.572 seconds
[2025-03-08T20:46:05.645+0000] {processor.py:186} INFO - Started process (PID=1763) to work on /home/airflow/.local/lib/python3.12/site-packages/airflow/example_dags/example_inlet_event_extra.py
[2025-03-08T20:46:05.646+0000] {processor.py:914} INFO - Processing file /home/airflow/.local/lib/python3.12/site-packages/airflow/example_dags/example_inlet_event_extra.py for tasks to queue
[2025-03-08T20:46:05.648+0000] {logging_mixin.py:190} INFO - [2025-03-08T20:46:05.648+0000] {dagbag.py:588} INFO - Filling up the DagBag from /home/airflow/.local/lib/python3.12/site-packages/airflow/example_dags/example_inlet_event_extra.py
[2025-03-08T20:46:06.093+0000] {processor.py:925} INFO - DAG(s) 'read_dataset_event', 'read_dataset_event_from_classic' retrieved from /home/airflow/.local/lib/python3.12/site-packages/airflow/example_dags/example_inlet_event_extra.py
[2025-03-08T20:46:06.109+0000] {logging_mixin.py:190} INFO - [2025-03-08T20:46:06.109+0000] {dag.py:3239} INFO - Sync 2 DAGs
[2025-03-08T20:46:06.127+0000] {logging_mixin.py:190} INFO - [2025-03-08T20:46:06.127+0000] {dag.py:4180} INFO - Setting next_dagrun for read_dataset_event to 2025-03-07 00:00:00+00:00, run_after=2025-03-08 00:00:00+00:00
[2025-03-08T20:46:06.132+0000] {logging_mixin.py:190} INFO - [2025-03-08T20:46:06.132+0000] {dag.py:4180} INFO - Setting next_dagrun for read_dataset_event_from_classic to 2025-03-07 00:00:00+00:00, run_after=2025-03-08 00:00:00+00:00
[2025-03-08T20:46:06.145+0000] {processor.py:208} INFO - Processing /home/airflow/.local/lib/python3.12/site-packages/airflow/example_dags/example_inlet_event_extra.py took 0.505 seconds
[2025-03-08T20:46:36.415+0000] {processor.py:186} INFO - Started process (PID=1826) to work on /home/airflow/.local/lib/python3.12/site-packages/airflow/example_dags/example_inlet_event_extra.py
[2025-03-08T20:46:36.416+0000] {processor.py:914} INFO - Processing file /home/airflow/.local/lib/python3.12/site-packages/airflow/example_dags/example_inlet_event_extra.py for tasks to queue
[2025-03-08T20:46:36.418+0000] {logging_mixin.py:190} INFO - [2025-03-08T20:46:36.418+0000] {dagbag.py:588} INFO - Filling up the DagBag from /home/airflow/.local/lib/python3.12/site-packages/airflow/example_dags/example_inlet_event_extra.py
[2025-03-08T20:46:36.855+0000] {processor.py:925} INFO - DAG(s) 'read_dataset_event', 'read_dataset_event_from_classic' retrieved from /home/airflow/.local/lib/python3.12/site-packages/airflow/example_dags/example_inlet_event_extra.py
[2025-03-08T20:46:36.873+0000] {logging_mixin.py:190} INFO - [2025-03-08T20:46:36.872+0000] {dag.py:3239} INFO - Sync 2 DAGs
[2025-03-08T20:46:36.891+0000] {logging_mixin.py:190} INFO - [2025-03-08T20:46:36.890+0000] {dag.py:4180} INFO - Setting next_dagrun for read_dataset_event to 2025-03-07 00:00:00+00:00, run_after=2025-03-08 00:00:00+00:00
[2025-03-08T20:46:36.896+0000] {logging_mixin.py:190} INFO - [2025-03-08T20:46:36.895+0000] {dag.py:4180} INFO - Setting next_dagrun for read_dataset_event_from_classic to 2025-03-07 00:00:00+00:00, run_after=2025-03-08 00:00:00+00:00
[2025-03-08T20:46:36.910+0000] {processor.py:208} INFO - Processing /home/airflow/.local/lib/python3.12/site-packages/airflow/example_dags/example_inlet_event_extra.py took 0.500 seconds
[2025-03-08T20:47:07.895+0000] {processor.py:186} INFO - Started process (PID=1889) to work on /home/airflow/.local/lib/python3.12/site-packages/airflow/example_dags/example_inlet_event_extra.py
[2025-03-08T20:47:07.896+0000] {processor.py:914} INFO - Processing file /home/airflow/.local/lib/python3.12/site-packages/airflow/example_dags/example_inlet_event_extra.py for tasks to queue
[2025-03-08T20:47:07.898+0000] {logging_mixin.py:190} INFO - [2025-03-08T20:47:07.898+0000] {dagbag.py:588} INFO - Filling up the DagBag from /home/airflow/.local/lib/python3.12/site-packages/airflow/example_dags/example_inlet_event_extra.py
[2025-03-08T20:47:08.347+0000] {processor.py:925} INFO - DAG(s) 'read_dataset_event_from_classic', 'read_dataset_event' retrieved from /home/airflow/.local/lib/python3.12/site-packages/airflow/example_dags/example_inlet_event_extra.py
[2025-03-08T20:47:08.363+0000] {logging_mixin.py:190} INFO - [2025-03-08T20:47:08.362+0000] {dag.py:3239} INFO - Sync 2 DAGs
[2025-03-08T20:47:08.383+0000] {logging_mixin.py:190} INFO - [2025-03-08T20:47:08.383+0000] {dag.py:4180} INFO - Setting next_dagrun for read_dataset_event to 2025-03-07 00:00:00+00:00, run_after=2025-03-08 00:00:00+00:00
[2025-03-08T20:47:08.388+0000] {logging_mixin.py:190} INFO - [2025-03-08T20:47:08.388+0000] {dag.py:4180} INFO - Setting next_dagrun for read_dataset_event_from_classic to 2025-03-07 00:00:00+00:00, run_after=2025-03-08 00:00:00+00:00
[2025-03-08T20:47:08.402+0000] {processor.py:208} INFO - Processing /home/airflow/.local/lib/python3.12/site-packages/airflow/example_dags/example_inlet_event_extra.py took 0.513 seconds
[2025-03-08T20:47:39.323+0000] {processor.py:186} INFO - Started process (PID=1952) to work on /home/airflow/.local/lib/python3.12/site-packages/airflow/example_dags/example_inlet_event_extra.py
[2025-03-08T20:47:39.324+0000] {processor.py:914} INFO - Processing file /home/airflow/.local/lib/python3.12/site-packages/airflow/example_dags/example_inlet_event_extra.py for tasks to queue
[2025-03-08T20:47:39.327+0000] {logging_mixin.py:190} INFO - [2025-03-08T20:47:39.326+0000] {dagbag.py:588} INFO - Filling up the DagBag from /home/airflow/.local/lib/python3.12/site-packages/airflow/example_dags/example_inlet_event_extra.py
[2025-03-08T20:47:39.781+0000] {processor.py:925} INFO - DAG(s) 'read_dataset_event_from_classic', 'read_dataset_event' retrieved from /home/airflow/.local/lib/python3.12/site-packages/airflow/example_dags/example_inlet_event_extra.py
[2025-03-08T20:47:39.798+0000] {logging_mixin.py:190} INFO - [2025-03-08T20:47:39.798+0000] {dag.py:3239} INFO - Sync 2 DAGs
[2025-03-08T20:47:39.818+0000] {logging_mixin.py:190} INFO - [2025-03-08T20:47:39.818+0000] {dag.py:4180} INFO - Setting next_dagrun for read_dataset_event to 2025-03-07 00:00:00+00:00, run_after=2025-03-08 00:00:00+00:00
[2025-03-08T20:47:39.822+0000] {logging_mixin.py:190} INFO - [2025-03-08T20:47:39.822+0000] {dag.py:4180} INFO - Setting next_dagrun for read_dataset_event_from_classic to 2025-03-07 00:00:00+00:00, run_after=2025-03-08 00:00:00+00:00
[2025-03-08T20:47:39.837+0000] {processor.py:208} INFO - Processing /home/airflow/.local/lib/python3.12/site-packages/airflow/example_dags/example_inlet_event_extra.py took 0.519 seconds
[2025-03-08T20:48:10.549+0000] {processor.py:186} INFO - Started process (PID=2015) to work on /home/airflow/.local/lib/python3.12/site-packages/airflow/example_dags/example_inlet_event_extra.py
[2025-03-08T20:48:10.550+0000] {processor.py:914} INFO - Processing file /home/airflow/.local/lib/python3.12/site-packages/airflow/example_dags/example_inlet_event_extra.py for tasks to queue
[2025-03-08T20:48:10.553+0000] {logging_mixin.py:190} INFO - [2025-03-08T20:48:10.552+0000] {dagbag.py:588} INFO - Filling up the DagBag from /home/airflow/.local/lib/python3.12/site-packages/airflow/example_dags/example_inlet_event_extra.py
[2025-03-08T20:48:11.005+0000] {processor.py:925} INFO - DAG(s) 'read_dataset_event', 'read_dataset_event_from_classic' retrieved from /home/airflow/.local/lib/python3.12/site-packages/airflow/example_dags/example_inlet_event_extra.py
[2025-03-08T20:48:11.020+0000] {logging_mixin.py:190} INFO - [2025-03-08T20:48:11.020+0000] {dag.py:3239} INFO - Sync 2 DAGs
[2025-03-08T20:48:11.039+0000] {logging_mixin.py:190} INFO - [2025-03-08T20:48:11.039+0000] {dag.py:4180} INFO - Setting next_dagrun for read_dataset_event to 2025-03-07 00:00:00+00:00, run_after=2025-03-08 00:00:00+00:00
[2025-03-08T20:48:11.044+0000] {logging_mixin.py:190} INFO - [2025-03-08T20:48:11.043+0000] {dag.py:4180} INFO - Setting next_dagrun for read_dataset_event_from_classic to 2025-03-07 00:00:00+00:00, run_after=2025-03-08 00:00:00+00:00
[2025-03-08T20:48:11.058+0000] {processor.py:208} INFO - Processing /home/airflow/.local/lib/python3.12/site-packages/airflow/example_dags/example_inlet_event_extra.py took 0.514 seconds
[2025-03-08T20:48:42.357+0000] {processor.py:186} INFO - Started process (PID=2078) to work on /home/airflow/.local/lib/python3.12/site-packages/airflow/example_dags/example_inlet_event_extra.py
[2025-03-08T20:48:42.358+0000] {processor.py:914} INFO - Processing file /home/airflow/.local/lib/python3.12/site-packages/airflow/example_dags/example_inlet_event_extra.py for tasks to queue
[2025-03-08T20:48:42.361+0000] {logging_mixin.py:190} INFO - [2025-03-08T20:48:42.360+0000] {dagbag.py:588} INFO - Filling up the DagBag from /home/airflow/.local/lib/python3.12/site-packages/airflow/example_dags/example_inlet_event_extra.py
[2025-03-08T20:48:42.960+0000] {processor.py:925} INFO - DAG(s) 'read_dataset_event', 'read_dataset_event_from_classic' retrieved from /home/airflow/.local/lib/python3.12/site-packages/airflow/example_dags/example_inlet_event_extra.py
[2025-03-08T20:48:42.982+0000] {logging_mixin.py:190} INFO - [2025-03-08T20:48:42.981+0000] {dag.py:3239} INFO - Sync 2 DAGs
[2025-03-08T20:48:43.005+0000] {logging_mixin.py:190} INFO - [2025-03-08T20:48:43.005+0000] {dag.py:4180} INFO - Setting next_dagrun for read_dataset_event to 2025-03-07 00:00:00+00:00, run_after=2025-03-08 00:00:00+00:00
[2025-03-08T20:48:43.011+0000] {logging_mixin.py:190} INFO - [2025-03-08T20:48:43.011+0000] {dag.py:4180} INFO - Setting next_dagrun for read_dataset_event_from_classic to 2025-03-07 00:00:00+00:00, run_after=2025-03-08 00:00:00+00:00
[2025-03-08T20:48:43.032+0000] {processor.py:208} INFO - Processing /home/airflow/.local/lib/python3.12/site-packages/airflow/example_dags/example_inlet_event_extra.py took 0.683 seconds
[2025-03-08T20:49:13.629+0000] {processor.py:186} INFO - Started process (PID=2141) to work on /home/airflow/.local/lib/python3.12/site-packages/airflow/example_dags/example_inlet_event_extra.py
[2025-03-08T20:49:13.630+0000] {processor.py:914} INFO - Processing file /home/airflow/.local/lib/python3.12/site-packages/airflow/example_dags/example_inlet_event_extra.py for tasks to queue
[2025-03-08T20:49:13.633+0000] {logging_mixin.py:190} INFO - [2025-03-08T20:49:13.633+0000] {dagbag.py:588} INFO - Filling up the DagBag from /home/airflow/.local/lib/python3.12/site-packages/airflow/example_dags/example_inlet_event_extra.py
[2025-03-08T20:49:14.217+0000] {processor.py:925} INFO - DAG(s) 'read_dataset_event_from_classic', 'read_dataset_event' retrieved from /home/airflow/.local/lib/python3.12/site-packages/airflow/example_dags/example_inlet_event_extra.py
[2025-03-08T20:49:14.237+0000] {logging_mixin.py:190} INFO - [2025-03-08T20:49:14.236+0000] {dag.py:3239} INFO - Sync 2 DAGs
[2025-03-08T20:49:14.263+0000] {logging_mixin.py:190} INFO - [2025-03-08T20:49:14.263+0000] {dag.py:4180} INFO - Setting next_dagrun for read_dataset_event to 2025-03-07 00:00:00+00:00, run_after=2025-03-08 00:00:00+00:00
[2025-03-08T20:49:14.269+0000] {logging_mixin.py:190} INFO - [2025-03-08T20:49:14.269+0000] {dag.py:4180} INFO - Setting next_dagrun for read_dataset_event_from_classic to 2025-03-07 00:00:00+00:00, run_after=2025-03-08 00:00:00+00:00
[2025-03-08T20:49:14.284+0000] {processor.py:208} INFO - Processing /home/airflow/.local/lib/python3.12/site-packages/airflow/example_dags/example_inlet_event_extra.py took 0.661 seconds
[2025-03-08T20:49:45.105+0000] {processor.py:186} INFO - Started process (PID=2204) to work on /home/airflow/.local/lib/python3.12/site-packages/airflow/example_dags/example_inlet_event_extra.py
[2025-03-08T20:49:45.106+0000] {processor.py:914} INFO - Processing file /home/airflow/.local/lib/python3.12/site-packages/airflow/example_dags/example_inlet_event_extra.py for tasks to queue
[2025-03-08T20:49:45.109+0000] {logging_mixin.py:190} INFO - [2025-03-08T20:49:45.109+0000] {dagbag.py:588} INFO - Filling up the DagBag from /home/airflow/.local/lib/python3.12/site-packages/airflow/example_dags/example_inlet_event_extra.py
[2025-03-08T20:49:45.588+0000] {processor.py:925} INFO - DAG(s) 'read_dataset_event', 'read_dataset_event_from_classic' retrieved from /home/airflow/.local/lib/python3.12/site-packages/airflow/example_dags/example_inlet_event_extra.py
[2025-03-08T20:49:45.609+0000] {logging_mixin.py:190} INFO - [2025-03-08T20:49:45.608+0000] {dag.py:3239} INFO - Sync 2 DAGs
[2025-03-08T20:49:45.631+0000] {logging_mixin.py:190} INFO - [2025-03-08T20:49:45.631+0000] {dag.py:4180} INFO - Setting next_dagrun for read_dataset_event to 2025-03-07 00:00:00+00:00, run_after=2025-03-08 00:00:00+00:00
[2025-03-08T20:49:45.636+0000] {logging_mixin.py:190} INFO - [2025-03-08T20:49:45.636+0000] {dag.py:4180} INFO - Setting next_dagrun for read_dataset_event_from_classic to 2025-03-07 00:00:00+00:00, run_after=2025-03-08 00:00:00+00:00
[2025-03-08T20:49:45.653+0000] {processor.py:208} INFO - Processing /home/airflow/.local/lib/python3.12/site-packages/airflow/example_dags/example_inlet_event_extra.py took 0.553 seconds
[2025-03-08T20:50:16.145+0000] {processor.py:186} INFO - Started process (PID=2267) to work on /home/airflow/.local/lib/python3.12/site-packages/airflow/example_dags/example_inlet_event_extra.py
[2025-03-08T20:50:16.146+0000] {processor.py:914} INFO - Processing file /home/airflow/.local/lib/python3.12/site-packages/airflow/example_dags/example_inlet_event_extra.py for tasks to queue
[2025-03-08T20:50:16.148+0000] {logging_mixin.py:190} INFO - [2025-03-08T20:50:16.148+0000] {dagbag.py:588} INFO - Filling up the DagBag from /home/airflow/.local/lib/python3.12/site-packages/airflow/example_dags/example_inlet_event_extra.py
[2025-03-08T20:50:16.612+0000] {processor.py:925} INFO - DAG(s) 'read_dataset_event', 'read_dataset_event_from_classic' retrieved from /home/airflow/.local/lib/python3.12/site-packages/airflow/example_dags/example_inlet_event_extra.py
[2025-03-08T20:50:16.633+0000] {logging_mixin.py:190} INFO - [2025-03-08T20:50:16.633+0000] {dag.py:3239} INFO - Sync 2 DAGs
[2025-03-08T20:50:16.655+0000] {logging_mixin.py:190} INFO - [2025-03-08T20:50:16.654+0000] {dag.py:4180} INFO - Setting next_dagrun for read_dataset_event to 2025-03-07 00:00:00+00:00, run_after=2025-03-08 00:00:00+00:00
[2025-03-08T20:50:16.659+0000] {logging_mixin.py:190} INFO - [2025-03-08T20:50:16.659+0000] {dag.py:4180} INFO - Setting next_dagrun for read_dataset_event_from_classic to 2025-03-07 00:00:00+00:00, run_after=2025-03-08 00:00:00+00:00
[2025-03-08T20:50:16.674+0000] {processor.py:208} INFO - Processing /home/airflow/.local/lib/python3.12/site-packages/airflow/example_dags/example_inlet_event_extra.py took 0.534 seconds
