[2025-03-08T20:32:34.385+0000] {processor.py:186} INFO - Started process (PID=93) to work on /home/airflow/.local/lib/python3.12/site-packages/airflow/example_dags/example_dataset_alias.py
[2025-03-08T20:32:34.386+0000] {processor.py:914} INFO - Processing file /home/airflow/.local/lib/python3.12/site-packages/airflow/example_dags/example_dataset_alias.py for tasks to queue
[2025-03-08T20:32:34.388+0000] {logging_mixin.py:190} INFO - [2025-03-08T20:32:34.388+0000] {dagbag.py:588} INFO - Filling up the DagBag from /home/airflow/.local/lib/python3.12/site-packages/airflow/example_dags/example_dataset_alias.py
[2025-03-08T20:32:34.909+0000] {processor.py:925} INFO - DAG(s) 'dataset_alias_example_alias_producer', 'dataset_s3_bucket_consumer', 'dataset_alias_example_alias_consumer', 'dataset_s3_bucket_producer' retrieved from /home/airflow/.local/lib/python3.12/site-packages/airflow/example_dags/example_dataset_alias.py
[2025-03-08T20:32:34.985+0000] {logging_mixin.py:190} INFO - [2025-03-08T20:32:34.984+0000] {override.py:1912} INFO - Created Permission View: can edit on DAG:dataset_alias_example_alias_producer
[2025-03-08T20:32:34.994+0000] {logging_mixin.py:190} INFO - [2025-03-08T20:32:34.994+0000] {override.py:1912} INFO - Created Permission View: can read on DAG:dataset_alias_example_alias_producer
[2025-03-08T20:32:35.000+0000] {logging_mixin.py:190} INFO - [2025-03-08T20:32:34.999+0000] {override.py:1912} INFO - Created Permission View: can delete on DAG:dataset_alias_example_alias_producer
[2025-03-08T20:32:35.005+0000] {logging_mixin.py:190} INFO - [2025-03-08T20:32:35.005+0000] {override.py:1912} INFO - Created Permission View: can read on DAG Run:dataset_alias_example_alias_producer
[2025-03-08T20:32:35.011+0000] {logging_mixin.py:190} INFO - [2025-03-08T20:32:35.010+0000] {override.py:1912} INFO - Created Permission View: menu access on DAG Run:dataset_alias_example_alias_producer
[2025-03-08T20:32:35.016+0000] {logging_mixin.py:190} INFO - [2025-03-08T20:32:35.016+0000] {override.py:1912} INFO - Created Permission View: can create on DAG Run:dataset_alias_example_alias_producer
[2025-03-08T20:32:35.021+0000] {logging_mixin.py:190} INFO - [2025-03-08T20:32:35.021+0000] {override.py:1912} INFO - Created Permission View: can delete on DAG Run:dataset_alias_example_alias_producer
[2025-03-08T20:32:35.032+0000] {logging_mixin.py:190} INFO - [2025-03-08T20:32:35.032+0000] {override.py:1912} INFO - Created Permission View: can edit on DAG:dataset_s3_bucket_consumer
[2025-03-08T20:32:35.038+0000] {logging_mixin.py:190} INFO - [2025-03-08T20:32:35.037+0000] {override.py:1912} INFO - Created Permission View: can read on DAG:dataset_s3_bucket_consumer
[2025-03-08T20:32:35.043+0000] {logging_mixin.py:190} INFO - [2025-03-08T20:32:35.042+0000] {override.py:1912} INFO - Created Permission View: can delete on DAG:dataset_s3_bucket_consumer
[2025-03-08T20:32:35.049+0000] {logging_mixin.py:190} INFO - [2025-03-08T20:32:35.048+0000] {override.py:1912} INFO - Created Permission View: can read on DAG Run:dataset_s3_bucket_consumer
[2025-03-08T20:32:35.054+0000] {logging_mixin.py:190} INFO - [2025-03-08T20:32:35.054+0000] {override.py:1912} INFO - Created Permission View: menu access on DAG Run:dataset_s3_bucket_consumer
[2025-03-08T20:32:35.059+0000] {logging_mixin.py:190} INFO - [2025-03-08T20:32:35.058+0000] {override.py:1912} INFO - Created Permission View: can create on DAG Run:dataset_s3_bucket_consumer
[2025-03-08T20:32:35.064+0000] {logging_mixin.py:190} INFO - [2025-03-08T20:32:35.064+0000] {override.py:1912} INFO - Created Permission View: can delete on DAG Run:dataset_s3_bucket_consumer
[2025-03-08T20:32:35.074+0000] {logging_mixin.py:190} INFO - [2025-03-08T20:32:35.073+0000] {override.py:1912} INFO - Created Permission View: can edit on DAG:dataset_alias_example_alias_consumer
[2025-03-08T20:32:35.079+0000] {logging_mixin.py:190} INFO - [2025-03-08T20:32:35.078+0000] {override.py:1912} INFO - Created Permission View: can read on DAG:dataset_alias_example_alias_consumer
[2025-03-08T20:32:35.084+0000] {logging_mixin.py:190} INFO - [2025-03-08T20:32:35.084+0000] {override.py:1912} INFO - Created Permission View: can delete on DAG:dataset_alias_example_alias_consumer
[2025-03-08T20:32:35.090+0000] {logging_mixin.py:190} INFO - [2025-03-08T20:32:35.089+0000] {override.py:1912} INFO - Created Permission View: can read on DAG Run:dataset_alias_example_alias_consumer
[2025-03-08T20:32:35.095+0000] {logging_mixin.py:190} INFO - [2025-03-08T20:32:35.095+0000] {override.py:1912} INFO - Created Permission View: menu access on DAG Run:dataset_alias_example_alias_consumer
[2025-03-08T20:32:35.101+0000] {logging_mixin.py:190} INFO - [2025-03-08T20:32:35.101+0000] {override.py:1912} INFO - Created Permission View: can create on DAG Run:dataset_alias_example_alias_consumer
[2025-03-08T20:32:35.107+0000] {logging_mixin.py:190} INFO - [2025-03-08T20:32:35.106+0000] {override.py:1912} INFO - Created Permission View: can delete on DAG Run:dataset_alias_example_alias_consumer
[2025-03-08T20:32:35.117+0000] {logging_mixin.py:190} INFO - [2025-03-08T20:32:35.116+0000] {override.py:1912} INFO - Created Permission View: can edit on DAG:dataset_s3_bucket_producer
[2025-03-08T20:32:35.123+0000] {logging_mixin.py:190} INFO - [2025-03-08T20:32:35.123+0000] {override.py:1912} INFO - Created Permission View: can read on DAG:dataset_s3_bucket_producer
[2025-03-08T20:32:35.128+0000] {logging_mixin.py:190} INFO - [2025-03-08T20:32:35.128+0000] {override.py:1912} INFO - Created Permission View: can delete on DAG:dataset_s3_bucket_producer
[2025-03-08T20:32:35.134+0000] {logging_mixin.py:190} INFO - [2025-03-08T20:32:35.133+0000] {override.py:1912} INFO - Created Permission View: can read on DAG Run:dataset_s3_bucket_producer
[2025-03-08T20:32:35.139+0000] {logging_mixin.py:190} INFO - [2025-03-08T20:32:35.139+0000] {override.py:1912} INFO - Created Permission View: menu access on DAG Run:dataset_s3_bucket_producer
[2025-03-08T20:32:35.148+0000] {logging_mixin.py:190} INFO - [2025-03-08T20:32:35.148+0000] {override.py:1912} INFO - Created Permission View: can create on DAG Run:dataset_s3_bucket_producer
[2025-03-08T20:32:35.155+0000] {logging_mixin.py:190} INFO - [2025-03-08T20:32:35.155+0000] {override.py:1912} INFO - Created Permission View: can delete on DAG Run:dataset_s3_bucket_producer
[2025-03-08T20:32:35.156+0000] {logging_mixin.py:190} INFO - [2025-03-08T20:32:35.156+0000] {dag.py:3239} INFO - Sync 4 DAGs
[2025-03-08T20:32:35.170+0000] {logging_mixin.py:190} INFO - [2025-03-08T20:32:35.169+0000] {dag.py:3262} INFO - Creating ORM DAG for dataset_s3_bucket_consumer
[2025-03-08T20:32:35.171+0000] {logging_mixin.py:190} INFO - [2025-03-08T20:32:35.171+0000] {dag.py:3262} INFO - Creating ORM DAG for dataset_alias_example_alias_consumer
[2025-03-08T20:32:35.172+0000] {logging_mixin.py:190} INFO - [2025-03-08T20:32:35.172+0000] {dag.py:3262} INFO - Creating ORM DAG for dataset_s3_bucket_producer
[2025-03-08T20:32:35.173+0000] {logging_mixin.py:190} INFO - [2025-03-08T20:32:35.172+0000] {dag.py:3262} INFO - Creating ORM DAG for dataset_alias_example_alias_producer
[2025-03-08T20:32:35.182+0000] {logging_mixin.py:190} INFO - [2025-03-08T20:32:35.181+0000] {dag.py:4180} INFO - Setting next_dagrun for dataset_alias_example_alias_consumer to None, run_after=None
[2025-03-08T20:32:35.183+0000] {logging_mixin.py:190} INFO - [2025-03-08T20:32:35.183+0000] {dag.py:4180} INFO - Setting next_dagrun for dataset_alias_example_alias_producer to None, run_after=None
[2025-03-08T20:32:35.184+0000] {logging_mixin.py:190} INFO - [2025-03-08T20:32:35.184+0000] {dag.py:4180} INFO - Setting next_dagrun for dataset_s3_bucket_consumer to None, run_after=None
[2025-03-08T20:32:35.185+0000] {logging_mixin.py:190} INFO - [2025-03-08T20:32:35.185+0000] {dag.py:4180} INFO - Setting next_dagrun for dataset_s3_bucket_producer to None, run_after=None
[2025-03-08T20:32:35.211+0000] {processor.py:208} INFO - Processing /home/airflow/.local/lib/python3.12/site-packages/airflow/example_dags/example_dataset_alias.py took 0.830 seconds
[2025-03-08T20:33:05.559+0000] {processor.py:186} INFO - Started process (PID=156) to work on /home/airflow/.local/lib/python3.12/site-packages/airflow/example_dags/example_dataset_alias.py
[2025-03-08T20:33:05.560+0000] {processor.py:914} INFO - Processing file /home/airflow/.local/lib/python3.12/site-packages/airflow/example_dags/example_dataset_alias.py for tasks to queue
[2025-03-08T20:33:05.562+0000] {logging_mixin.py:190} INFO - [2025-03-08T20:33:05.562+0000] {dagbag.py:588} INFO - Filling up the DagBag from /home/airflow/.local/lib/python3.12/site-packages/airflow/example_dags/example_dataset_alias.py
[2025-03-08T20:33:06.070+0000] {processor.py:925} INFO - DAG(s) 'dataset_alias_example_alias_producer', 'dataset_alias_example_alias_consumer', 'dataset_s3_bucket_consumer', 'dataset_s3_bucket_producer' retrieved from /home/airflow/.local/lib/python3.12/site-packages/airflow/example_dags/example_dataset_alias.py
[2025-03-08T20:33:06.092+0000] {logging_mixin.py:190} INFO - [2025-03-08T20:33:06.091+0000] {dag.py:3239} INFO - Sync 4 DAGs
[2025-03-08T20:33:06.111+0000] {logging_mixin.py:190} INFO - [2025-03-08T20:33:06.111+0000] {dag.py:4180} INFO - Setting next_dagrun for dataset_alias_example_alias_consumer to None, run_after=None
[2025-03-08T20:33:06.114+0000] {logging_mixin.py:190} INFO - [2025-03-08T20:33:06.114+0000] {dag.py:4180} INFO - Setting next_dagrun for dataset_alias_example_alias_producer to None, run_after=None
[2025-03-08T20:33:06.116+0000] {logging_mixin.py:190} INFO - [2025-03-08T20:33:06.116+0000] {dag.py:4180} INFO - Setting next_dagrun for dataset_s3_bucket_consumer to None, run_after=None
[2025-03-08T20:33:06.119+0000] {logging_mixin.py:190} INFO - [2025-03-08T20:33:06.118+0000] {dag.py:4180} INFO - Setting next_dagrun for dataset_s3_bucket_producer to None, run_after=None
[2025-03-08T20:33:06.140+0000] {processor.py:208} INFO - Processing /home/airflow/.local/lib/python3.12/site-packages/airflow/example_dags/example_dataset_alias.py took 0.585 seconds
[2025-03-08T20:33:36.241+0000] {processor.py:186} INFO - Started process (PID=223) to work on /home/airflow/.local/lib/python3.12/site-packages/airflow/example_dags/example_dataset_alias.py
[2025-03-08T20:33:36.260+0000] {processor.py:914} INFO - Processing file /home/airflow/.local/lib/python3.12/site-packages/airflow/example_dags/example_dataset_alias.py for tasks to queue
[2025-03-08T20:33:36.262+0000] {logging_mixin.py:190} INFO - [2025-03-08T20:33:36.261+0000] {dagbag.py:588} INFO - Filling up the DagBag from /home/airflow/.local/lib/python3.12/site-packages/airflow/example_dags/example_dataset_alias.py
[2025-03-08T20:33:36.820+0000] {processor.py:925} INFO - DAG(s) 'dataset_alias_example_alias_consumer', 'dataset_alias_example_alias_producer', 'dataset_s3_bucket_consumer', 'dataset_s3_bucket_producer' retrieved from /home/airflow/.local/lib/python3.12/site-packages/airflow/example_dags/example_dataset_alias.py
[2025-03-08T20:33:36.837+0000] {logging_mixin.py:190} INFO - [2025-03-08T20:33:36.837+0000] {dag.py:3239} INFO - Sync 4 DAGs
[2025-03-08T20:33:36.857+0000] {logging_mixin.py:190} INFO - [2025-03-08T20:33:36.857+0000] {dag.py:4180} INFO - Setting next_dagrun for dataset_alias_example_alias_consumer to None, run_after=None
[2025-03-08T20:33:36.860+0000] {logging_mixin.py:190} INFO - [2025-03-08T20:33:36.860+0000] {dag.py:4180} INFO - Setting next_dagrun for dataset_alias_example_alias_producer to None, run_after=None
[2025-03-08T20:33:36.862+0000] {logging_mixin.py:190} INFO - [2025-03-08T20:33:36.862+0000] {dag.py:4180} INFO - Setting next_dagrun for dataset_s3_bucket_consumer to None, run_after=None
[2025-03-08T20:33:36.864+0000] {logging_mixin.py:190} INFO - [2025-03-08T20:33:36.864+0000] {dag.py:4180} INFO - Setting next_dagrun for dataset_s3_bucket_producer to None, run_after=None
[2025-03-08T20:33:36.882+0000] {processor.py:208} INFO - Processing /home/airflow/.local/lib/python3.12/site-packages/airflow/example_dags/example_dataset_alias.py took 0.646 seconds
[2025-03-08T20:34:07.691+0000] {processor.py:186} INFO - Started process (PID=292) to work on /home/airflow/.local/lib/python3.12/site-packages/airflow/example_dags/example_dataset_alias.py
[2025-03-08T20:34:07.705+0000] {processor.py:914} INFO - Processing file /home/airflow/.local/lib/python3.12/site-packages/airflow/example_dags/example_dataset_alias.py for tasks to queue
[2025-03-08T20:34:07.708+0000] {logging_mixin.py:190} INFO - [2025-03-08T20:34:07.707+0000] {dagbag.py:588} INFO - Filling up the DagBag from /home/airflow/.local/lib/python3.12/site-packages/airflow/example_dags/example_dataset_alias.py
[2025-03-08T20:34:08.363+0000] {processor.py:925} INFO - DAG(s) 'dataset_alias_example_alias_consumer', 'dataset_s3_bucket_consumer', 'dataset_alias_example_alias_producer', 'dataset_s3_bucket_producer' retrieved from /home/airflow/.local/lib/python3.12/site-packages/airflow/example_dags/example_dataset_alias.py
[2025-03-08T20:34:08.389+0000] {logging_mixin.py:190} INFO - [2025-03-08T20:34:08.389+0000] {dag.py:3239} INFO - Sync 4 DAGs
[2025-03-08T20:34:08.417+0000] {logging_mixin.py:190} INFO - [2025-03-08T20:34:08.416+0000] {dag.py:4180} INFO - Setting next_dagrun for dataset_alias_example_alias_consumer to None, run_after=None
[2025-03-08T20:34:08.420+0000] {logging_mixin.py:190} INFO - [2025-03-08T20:34:08.419+0000] {dag.py:4180} INFO - Setting next_dagrun for dataset_alias_example_alias_producer to None, run_after=None
[2025-03-08T20:34:08.422+0000] {logging_mixin.py:190} INFO - [2025-03-08T20:34:08.422+0000] {dag.py:4180} INFO - Setting next_dagrun for dataset_s3_bucket_consumer to None, run_after=None
[2025-03-08T20:34:08.424+0000] {logging_mixin.py:190} INFO - [2025-03-08T20:34:08.424+0000] {dag.py:4180} INFO - Setting next_dagrun for dataset_s3_bucket_producer to None, run_after=None
[2025-03-08T20:34:08.450+0000] {processor.py:208} INFO - Processing /home/airflow/.local/lib/python3.12/site-packages/airflow/example_dags/example_dataset_alias.py took 0.766 seconds
[2025-03-08T20:34:38.710+0000] {processor.py:186} INFO - Started process (PID=355) to work on /home/airflow/.local/lib/python3.12/site-packages/airflow/example_dags/example_dataset_alias.py
[2025-03-08T20:34:38.711+0000] {processor.py:914} INFO - Processing file /home/airflow/.local/lib/python3.12/site-packages/airflow/example_dags/example_dataset_alias.py for tasks to queue
[2025-03-08T20:34:38.713+0000] {logging_mixin.py:190} INFO - [2025-03-08T20:34:38.712+0000] {dagbag.py:588} INFO - Filling up the DagBag from /home/airflow/.local/lib/python3.12/site-packages/airflow/example_dags/example_dataset_alias.py
[2025-03-08T20:34:39.276+0000] {processor.py:925} INFO - DAG(s) 'dataset_s3_bucket_consumer', 'dataset_alias_example_alias_consumer', 'dataset_s3_bucket_producer', 'dataset_alias_example_alias_producer' retrieved from /home/airflow/.local/lib/python3.12/site-packages/airflow/example_dags/example_dataset_alias.py
[2025-03-08T20:34:39.303+0000] {logging_mixin.py:190} INFO - [2025-03-08T20:34:39.303+0000] {dag.py:3239} INFO - Sync 4 DAGs
[2025-03-08T20:34:39.327+0000] {logging_mixin.py:190} INFO - [2025-03-08T20:34:39.327+0000] {dag.py:4180} INFO - Setting next_dagrun for dataset_alias_example_alias_consumer to None, run_after=None
[2025-03-08T20:34:39.334+0000] {logging_mixin.py:190} INFO - [2025-03-08T20:34:39.334+0000] {dag.py:4180} INFO - Setting next_dagrun for dataset_alias_example_alias_producer to None, run_after=None
[2025-03-08T20:34:39.339+0000] {logging_mixin.py:190} INFO - [2025-03-08T20:34:39.339+0000] {dag.py:4180} INFO - Setting next_dagrun for dataset_s3_bucket_consumer to None, run_after=None
[2025-03-08T20:34:39.342+0000] {logging_mixin.py:190} INFO - [2025-03-08T20:34:39.341+0000] {dag.py:4180} INFO - Setting next_dagrun for dataset_s3_bucket_producer to None, run_after=None
[2025-03-08T20:34:39.367+0000] {processor.py:208} INFO - Processing /home/airflow/.local/lib/python3.12/site-packages/airflow/example_dags/example_dataset_alias.py took 0.663 seconds
[2025-03-08T20:35:09.610+0000] {processor.py:186} INFO - Started process (PID=423) to work on /home/airflow/.local/lib/python3.12/site-packages/airflow/example_dags/example_dataset_alias.py
[2025-03-08T20:35:09.611+0000] {processor.py:914} INFO - Processing file /home/airflow/.local/lib/python3.12/site-packages/airflow/example_dags/example_dataset_alias.py for tasks to queue
[2025-03-08T20:35:09.613+0000] {logging_mixin.py:190} INFO - [2025-03-08T20:35:09.613+0000] {dagbag.py:588} INFO - Filling up the DagBag from /home/airflow/.local/lib/python3.12/site-packages/airflow/example_dags/example_dataset_alias.py
[2025-03-08T20:35:10.135+0000] {processor.py:925} INFO - DAG(s) 'dataset_alias_example_alias_producer', 'dataset_s3_bucket_producer', 'dataset_alias_example_alias_consumer', 'dataset_s3_bucket_consumer' retrieved from /home/airflow/.local/lib/python3.12/site-packages/airflow/example_dags/example_dataset_alias.py
[2025-03-08T20:35:10.157+0000] {logging_mixin.py:190} INFO - [2025-03-08T20:35:10.156+0000] {dag.py:3239} INFO - Sync 4 DAGs
[2025-03-08T20:35:10.176+0000] {logging_mixin.py:190} INFO - [2025-03-08T20:35:10.176+0000] {dag.py:4180} INFO - Setting next_dagrun for dataset_alias_example_alias_consumer to None, run_after=None
[2025-03-08T20:35:10.179+0000] {logging_mixin.py:190} INFO - [2025-03-08T20:35:10.179+0000] {dag.py:4180} INFO - Setting next_dagrun for dataset_alias_example_alias_producer to None, run_after=None
[2025-03-08T20:35:10.180+0000] {logging_mixin.py:190} INFO - [2025-03-08T20:35:10.180+0000] {dag.py:4180} INFO - Setting next_dagrun for dataset_s3_bucket_consumer to None, run_after=None
[2025-03-08T20:35:10.182+0000] {logging_mixin.py:190} INFO - [2025-03-08T20:35:10.182+0000] {dag.py:4180} INFO - Setting next_dagrun for dataset_s3_bucket_producer to None, run_after=None
[2025-03-08T20:35:10.201+0000] {processor.py:208} INFO - Processing /home/airflow/.local/lib/python3.12/site-packages/airflow/example_dags/example_dataset_alias.py took 0.599 seconds
[2025-03-08T20:35:40.433+0000] {processor.py:186} INFO - Started process (PID=491) to work on /home/airflow/.local/lib/python3.12/site-packages/airflow/example_dags/example_dataset_alias.py
[2025-03-08T20:35:40.434+0000] {processor.py:914} INFO - Processing file /home/airflow/.local/lib/python3.12/site-packages/airflow/example_dags/example_dataset_alias.py for tasks to queue
[2025-03-08T20:35:40.436+0000] {logging_mixin.py:190} INFO - [2025-03-08T20:35:40.435+0000] {dagbag.py:588} INFO - Filling up the DagBag from /home/airflow/.local/lib/python3.12/site-packages/airflow/example_dags/example_dataset_alias.py
[2025-03-08T20:35:40.916+0000] {processor.py:925} INFO - DAG(s) 'dataset_s3_bucket_consumer', 'dataset_alias_example_alias_producer', 'dataset_s3_bucket_producer', 'dataset_alias_example_alias_consumer' retrieved from /home/airflow/.local/lib/python3.12/site-packages/airflow/example_dags/example_dataset_alias.py
[2025-03-08T20:35:40.934+0000] {logging_mixin.py:190} INFO - [2025-03-08T20:35:40.933+0000] {dag.py:3239} INFO - Sync 4 DAGs
[2025-03-08T20:35:40.951+0000] {logging_mixin.py:190} INFO - [2025-03-08T20:35:40.951+0000] {dag.py:4180} INFO - Setting next_dagrun for dataset_alias_example_alias_consumer to None, run_after=None
[2025-03-08T20:35:40.954+0000] {logging_mixin.py:190} INFO - [2025-03-08T20:35:40.954+0000] {dag.py:4180} INFO - Setting next_dagrun for dataset_alias_example_alias_producer to None, run_after=None
[2025-03-08T20:35:40.955+0000] {logging_mixin.py:190} INFO - [2025-03-08T20:35:40.955+0000] {dag.py:4180} INFO - Setting next_dagrun for dataset_s3_bucket_consumer to None, run_after=None
[2025-03-08T20:35:40.957+0000] {logging_mixin.py:190} INFO - [2025-03-08T20:35:40.957+0000] {dag.py:4180} INFO - Setting next_dagrun for dataset_s3_bucket_producer to None, run_after=None
[2025-03-08T20:35:40.975+0000] {processor.py:208} INFO - Processing /home/airflow/.local/lib/python3.12/site-packages/airflow/example_dags/example_dataset_alias.py took 0.547 seconds
[2025-03-08T20:36:11.916+0000] {processor.py:186} INFO - Started process (PID=558) to work on /home/airflow/.local/lib/python3.12/site-packages/airflow/example_dags/example_dataset_alias.py
[2025-03-08T20:36:11.917+0000] {processor.py:914} INFO - Processing file /home/airflow/.local/lib/python3.12/site-packages/airflow/example_dags/example_dataset_alias.py for tasks to queue
[2025-03-08T20:36:11.919+0000] {logging_mixin.py:190} INFO - [2025-03-08T20:36:11.918+0000] {dagbag.py:588} INFO - Filling up the DagBag from /home/airflow/.local/lib/python3.12/site-packages/airflow/example_dags/example_dataset_alias.py
[2025-03-08T20:36:12.353+0000] {processor.py:925} INFO - DAG(s) 'dataset_s3_bucket_consumer', 'dataset_alias_example_alias_producer', 'dataset_alias_example_alias_consumer', 'dataset_s3_bucket_producer' retrieved from /home/airflow/.local/lib/python3.12/site-packages/airflow/example_dags/example_dataset_alias.py
[2025-03-08T20:36:12.377+0000] {logging_mixin.py:190} INFO - [2025-03-08T20:36:12.376+0000] {dag.py:3239} INFO - Sync 4 DAGs
[2025-03-08T20:36:12.396+0000] {logging_mixin.py:190} INFO - [2025-03-08T20:36:12.396+0000] {dag.py:4180} INFO - Setting next_dagrun for dataset_alias_example_alias_consumer to None, run_after=None
[2025-03-08T20:36:12.399+0000] {logging_mixin.py:190} INFO - [2025-03-08T20:36:12.398+0000] {dag.py:4180} INFO - Setting next_dagrun for dataset_alias_example_alias_producer to None, run_after=None
[2025-03-08T20:36:12.400+0000] {logging_mixin.py:190} INFO - [2025-03-08T20:36:12.400+0000] {dag.py:4180} INFO - Setting next_dagrun for dataset_s3_bucket_consumer to None, run_after=None
[2025-03-08T20:36:12.402+0000] {logging_mixin.py:190} INFO - [2025-03-08T20:36:12.402+0000] {dag.py:4180} INFO - Setting next_dagrun for dataset_s3_bucket_producer to None, run_after=None
[2025-03-08T20:36:12.421+0000] {processor.py:208} INFO - Processing /home/airflow/.local/lib/python3.12/site-packages/airflow/example_dags/example_dataset_alias.py took 0.510 seconds
[2025-03-08T20:36:43.366+0000] {processor.py:186} INFO - Started process (PID=621) to work on /home/airflow/.local/lib/python3.12/site-packages/airflow/example_dags/example_dataset_alias.py
[2025-03-08T20:36:43.367+0000] {processor.py:914} INFO - Processing file /home/airflow/.local/lib/python3.12/site-packages/airflow/example_dags/example_dataset_alias.py for tasks to queue
[2025-03-08T20:36:43.369+0000] {logging_mixin.py:190} INFO - [2025-03-08T20:36:43.368+0000] {dagbag.py:588} INFO - Filling up the DagBag from /home/airflow/.local/lib/python3.12/site-packages/airflow/example_dags/example_dataset_alias.py
[2025-03-08T20:36:43.842+0000] {processor.py:925} INFO - DAG(s) 'dataset_alias_example_alias_producer', 'dataset_s3_bucket_producer', 'dataset_alias_example_alias_consumer', 'dataset_s3_bucket_consumer' retrieved from /home/airflow/.local/lib/python3.12/site-packages/airflow/example_dags/example_dataset_alias.py
[2025-03-08T20:36:43.859+0000] {logging_mixin.py:190} INFO - [2025-03-08T20:36:43.858+0000] {dag.py:3239} INFO - Sync 4 DAGs
[2025-03-08T20:36:43.878+0000] {logging_mixin.py:190} INFO - [2025-03-08T20:36:43.878+0000] {dag.py:4180} INFO - Setting next_dagrun for dataset_alias_example_alias_consumer to None, run_after=None
[2025-03-08T20:36:43.881+0000] {logging_mixin.py:190} INFO - [2025-03-08T20:36:43.881+0000] {dag.py:4180} INFO - Setting next_dagrun for dataset_alias_example_alias_producer to None, run_after=None
[2025-03-08T20:36:43.883+0000] {logging_mixin.py:190} INFO - [2025-03-08T20:36:43.883+0000] {dag.py:4180} INFO - Setting next_dagrun for dataset_s3_bucket_consumer to None, run_after=None
[2025-03-08T20:36:43.884+0000] {logging_mixin.py:190} INFO - [2025-03-08T20:36:43.884+0000] {dag.py:4180} INFO - Setting next_dagrun for dataset_s3_bucket_producer to None, run_after=None
[2025-03-08T20:36:43.902+0000] {processor.py:208} INFO - Processing /home/airflow/.local/lib/python3.12/site-packages/airflow/example_dags/example_dataset_alias.py took 0.542 seconds
[2025-03-08T20:37:14.476+0000] {processor.py:186} INFO - Started process (PID=684) to work on /home/airflow/.local/lib/python3.12/site-packages/airflow/example_dags/example_dataset_alias.py
[2025-03-08T20:37:14.478+0000] {processor.py:914} INFO - Processing file /home/airflow/.local/lib/python3.12/site-packages/airflow/example_dags/example_dataset_alias.py for tasks to queue
[2025-03-08T20:37:14.480+0000] {logging_mixin.py:190} INFO - [2025-03-08T20:37:14.480+0000] {dagbag.py:588} INFO - Filling up the DagBag from /home/airflow/.local/lib/python3.12/site-packages/airflow/example_dags/example_dataset_alias.py
[2025-03-08T20:37:15.026+0000] {processor.py:925} INFO - DAG(s) 'dataset_s3_bucket_consumer', 'dataset_alias_example_alias_consumer', 'dataset_alias_example_alias_producer', 'dataset_s3_bucket_producer' retrieved from /home/airflow/.local/lib/python3.12/site-packages/airflow/example_dags/example_dataset_alias.py
[2025-03-08T20:37:15.051+0000] {logging_mixin.py:190} INFO - [2025-03-08T20:37:15.050+0000] {dag.py:3239} INFO - Sync 4 DAGs
[2025-03-08T20:37:15.074+0000] {logging_mixin.py:190} INFO - [2025-03-08T20:37:15.074+0000] {dag.py:4180} INFO - Setting next_dagrun for dataset_alias_example_alias_consumer to None, run_after=None
[2025-03-08T20:37:15.078+0000] {logging_mixin.py:190} INFO - [2025-03-08T20:37:15.078+0000] {dag.py:4180} INFO - Setting next_dagrun for dataset_alias_example_alias_producer to None, run_after=None
[2025-03-08T20:37:15.081+0000] {logging_mixin.py:190} INFO - [2025-03-08T20:37:15.080+0000] {dag.py:4180} INFO - Setting next_dagrun for dataset_s3_bucket_consumer to None, run_after=None
[2025-03-08T20:37:15.083+0000] {logging_mixin.py:190} INFO - [2025-03-08T20:37:15.083+0000] {dag.py:4180} INFO - Setting next_dagrun for dataset_s3_bucket_producer to None, run_after=None
[2025-03-08T20:37:15.105+0000] {processor.py:208} INFO - Processing /home/airflow/.local/lib/python3.12/site-packages/airflow/example_dags/example_dataset_alias.py took 0.636 seconds
[2025-03-08T20:37:46.000+0000] {processor.py:186} INFO - Started process (PID=747) to work on /home/airflow/.local/lib/python3.12/site-packages/airflow/example_dags/example_dataset_alias.py
[2025-03-08T20:37:46.001+0000] {processor.py:914} INFO - Processing file /home/airflow/.local/lib/python3.12/site-packages/airflow/example_dags/example_dataset_alias.py for tasks to queue
[2025-03-08T20:37:46.003+0000] {logging_mixin.py:190} INFO - [2025-03-08T20:37:46.003+0000] {dagbag.py:588} INFO - Filling up the DagBag from /home/airflow/.local/lib/python3.12/site-packages/airflow/example_dags/example_dataset_alias.py
[2025-03-08T20:37:46.504+0000] {processor.py:925} INFO - DAG(s) 'dataset_s3_bucket_producer', 'dataset_s3_bucket_consumer', 'dataset_alias_example_alias_producer', 'dataset_alias_example_alias_consumer' retrieved from /home/airflow/.local/lib/python3.12/site-packages/airflow/example_dags/example_dataset_alias.py
[2025-03-08T20:37:46.520+0000] {logging_mixin.py:190} INFO - [2025-03-08T20:37:46.519+0000] {dag.py:3239} INFO - Sync 4 DAGs
[2025-03-08T20:37:46.536+0000] {logging_mixin.py:190} INFO - [2025-03-08T20:37:46.536+0000] {dag.py:4180} INFO - Setting next_dagrun for dataset_alias_example_alias_consumer to None, run_after=None
[2025-03-08T20:37:46.539+0000] {logging_mixin.py:190} INFO - [2025-03-08T20:37:46.539+0000] {dag.py:4180} INFO - Setting next_dagrun for dataset_alias_example_alias_producer to None, run_after=None
[2025-03-08T20:37:46.541+0000] {logging_mixin.py:190} INFO - [2025-03-08T20:37:46.541+0000] {dag.py:4180} INFO - Setting next_dagrun for dataset_s3_bucket_consumer to None, run_after=None
[2025-03-08T20:37:46.543+0000] {logging_mixin.py:190} INFO - [2025-03-08T20:37:46.543+0000] {dag.py:4180} INFO - Setting next_dagrun for dataset_s3_bucket_producer to None, run_after=None
[2025-03-08T20:37:46.564+0000] {processor.py:208} INFO - Processing /home/airflow/.local/lib/python3.12/site-packages/airflow/example_dags/example_dataset_alias.py took 0.569 seconds
[2025-03-08T20:38:17.249+0000] {processor.py:186} INFO - Started process (PID=810) to work on /home/airflow/.local/lib/python3.12/site-packages/airflow/example_dags/example_dataset_alias.py
[2025-03-08T20:38:17.250+0000] {processor.py:914} INFO - Processing file /home/airflow/.local/lib/python3.12/site-packages/airflow/example_dags/example_dataset_alias.py for tasks to queue
[2025-03-08T20:38:17.252+0000] {logging_mixin.py:190} INFO - [2025-03-08T20:38:17.251+0000] {dagbag.py:588} INFO - Filling up the DagBag from /home/airflow/.local/lib/python3.12/site-packages/airflow/example_dags/example_dataset_alias.py
[2025-03-08T20:38:17.743+0000] {processor.py:925} INFO - DAG(s) 'dataset_alias_example_alias_producer', 'dataset_alias_example_alias_consumer', 'dataset_s3_bucket_producer', 'dataset_s3_bucket_consumer' retrieved from /home/airflow/.local/lib/python3.12/site-packages/airflow/example_dags/example_dataset_alias.py
[2025-03-08T20:38:17.763+0000] {logging_mixin.py:190} INFO - [2025-03-08T20:38:17.763+0000] {dag.py:3239} INFO - Sync 4 DAGs
[2025-03-08T20:38:17.782+0000] {logging_mixin.py:190} INFO - [2025-03-08T20:38:17.782+0000] {dag.py:4180} INFO - Setting next_dagrun for dataset_alias_example_alias_consumer to None, run_after=None
[2025-03-08T20:38:17.785+0000] {logging_mixin.py:190} INFO - [2025-03-08T20:38:17.785+0000] {dag.py:4180} INFO - Setting next_dagrun for dataset_alias_example_alias_producer to None, run_after=None
[2025-03-08T20:38:17.786+0000] {logging_mixin.py:190} INFO - [2025-03-08T20:38:17.786+0000] {dag.py:4180} INFO - Setting next_dagrun for dataset_s3_bucket_consumer to None, run_after=None
[2025-03-08T20:38:17.788+0000] {logging_mixin.py:190} INFO - [2025-03-08T20:38:17.787+0000] {dag.py:4180} INFO - Setting next_dagrun for dataset_s3_bucket_producer to None, run_after=None
[2025-03-08T20:38:17.807+0000] {processor.py:208} INFO - Processing /home/airflow/.local/lib/python3.12/site-packages/airflow/example_dags/example_dataset_alias.py took 0.564 seconds
[2025-03-08T20:38:48.777+0000] {processor.py:186} INFO - Started process (PID=873) to work on /home/airflow/.local/lib/python3.12/site-packages/airflow/example_dags/example_dataset_alias.py
[2025-03-08T20:38:48.777+0000] {processor.py:914} INFO - Processing file /home/airflow/.local/lib/python3.12/site-packages/airflow/example_dags/example_dataset_alias.py for tasks to queue
[2025-03-08T20:38:48.780+0000] {logging_mixin.py:190} INFO - [2025-03-08T20:38:48.779+0000] {dagbag.py:588} INFO - Filling up the DagBag from /home/airflow/.local/lib/python3.12/site-packages/airflow/example_dags/example_dataset_alias.py
[2025-03-08T20:38:49.255+0000] {processor.py:925} INFO - DAG(s) 'dataset_alias_example_alias_consumer', 'dataset_s3_bucket_producer', 'dataset_s3_bucket_consumer', 'dataset_alias_example_alias_producer' retrieved from /home/airflow/.local/lib/python3.12/site-packages/airflow/example_dags/example_dataset_alias.py
[2025-03-08T20:38:49.271+0000] {logging_mixin.py:190} INFO - [2025-03-08T20:38:49.271+0000] {dag.py:3239} INFO - Sync 4 DAGs
[2025-03-08T20:38:49.291+0000] {logging_mixin.py:190} INFO - [2025-03-08T20:38:49.290+0000] {dag.py:4180} INFO - Setting next_dagrun for dataset_alias_example_alias_consumer to None, run_after=None
[2025-03-08T20:38:49.294+0000] {logging_mixin.py:190} INFO - [2025-03-08T20:38:49.294+0000] {dag.py:4180} INFO - Setting next_dagrun for dataset_alias_example_alias_producer to None, run_after=None
[2025-03-08T20:38:49.295+0000] {logging_mixin.py:190} INFO - [2025-03-08T20:38:49.295+0000] {dag.py:4180} INFO - Setting next_dagrun for dataset_s3_bucket_consumer to None, run_after=None
[2025-03-08T20:38:49.296+0000] {logging_mixin.py:190} INFO - [2025-03-08T20:38:49.296+0000] {dag.py:4180} INFO - Setting next_dagrun for dataset_s3_bucket_producer to None, run_after=None
[2025-03-08T20:38:49.312+0000] {processor.py:208} INFO - Processing /home/airflow/.local/lib/python3.12/site-packages/airflow/example_dags/example_dataset_alias.py took 0.541 seconds
[2025-03-08T20:39:19.441+0000] {processor.py:186} INFO - Started process (PID=936) to work on /home/airflow/.local/lib/python3.12/site-packages/airflow/example_dags/example_dataset_alias.py
[2025-03-08T20:39:19.442+0000] {processor.py:914} INFO - Processing file /home/airflow/.local/lib/python3.12/site-packages/airflow/example_dags/example_dataset_alias.py for tasks to queue
[2025-03-08T20:39:19.444+0000] {logging_mixin.py:190} INFO - [2025-03-08T20:39:19.444+0000] {dagbag.py:588} INFO - Filling up the DagBag from /home/airflow/.local/lib/python3.12/site-packages/airflow/example_dags/example_dataset_alias.py
[2025-03-08T20:39:19.935+0000] {processor.py:925} INFO - DAG(s) 'dataset_alias_example_alias_producer', 'dataset_s3_bucket_producer', 'dataset_s3_bucket_consumer', 'dataset_alias_example_alias_consumer' retrieved from /home/airflow/.local/lib/python3.12/site-packages/airflow/example_dags/example_dataset_alias.py
[2025-03-08T20:39:19.953+0000] {logging_mixin.py:190} INFO - [2025-03-08T20:39:19.953+0000] {dag.py:3239} INFO - Sync 4 DAGs
[2025-03-08T20:39:19.973+0000] {logging_mixin.py:190} INFO - [2025-03-08T20:39:19.972+0000] {dag.py:4180} INFO - Setting next_dagrun for dataset_alias_example_alias_consumer to None, run_after=None
[2025-03-08T20:39:19.975+0000] {logging_mixin.py:190} INFO - [2025-03-08T20:39:19.975+0000] {dag.py:4180} INFO - Setting next_dagrun for dataset_alias_example_alias_producer to None, run_after=None
[2025-03-08T20:39:19.977+0000] {logging_mixin.py:190} INFO - [2025-03-08T20:39:19.977+0000] {dag.py:4180} INFO - Setting next_dagrun for dataset_s3_bucket_consumer to None, run_after=None
[2025-03-08T20:39:19.978+0000] {logging_mixin.py:190} INFO - [2025-03-08T20:39:19.978+0000] {dag.py:4180} INFO - Setting next_dagrun for dataset_s3_bucket_producer to None, run_after=None
[2025-03-08T20:39:19.997+0000] {processor.py:208} INFO - Processing /home/airflow/.local/lib/python3.12/site-packages/airflow/example_dags/example_dataset_alias.py took 0.561 seconds
[2025-03-08T20:39:50.663+0000] {processor.py:186} INFO - Started process (PID=999) to work on /home/airflow/.local/lib/python3.12/site-packages/airflow/example_dags/example_dataset_alias.py
[2025-03-08T20:39:50.664+0000] {processor.py:914} INFO - Processing file /home/airflow/.local/lib/python3.12/site-packages/airflow/example_dags/example_dataset_alias.py for tasks to queue
[2025-03-08T20:39:50.666+0000] {logging_mixin.py:190} INFO - [2025-03-08T20:39:50.665+0000] {dagbag.py:588} INFO - Filling up the DagBag from /home/airflow/.local/lib/python3.12/site-packages/airflow/example_dags/example_dataset_alias.py
[2025-03-08T20:39:51.149+0000] {processor.py:925} INFO - DAG(s) 'dataset_alias_example_alias_consumer', 'dataset_s3_bucket_producer', 'dataset_alias_example_alias_producer', 'dataset_s3_bucket_consumer' retrieved from /home/airflow/.local/lib/python3.12/site-packages/airflow/example_dags/example_dataset_alias.py
[2025-03-08T20:39:51.166+0000] {logging_mixin.py:190} INFO - [2025-03-08T20:39:51.165+0000] {dag.py:3239} INFO - Sync 4 DAGs
[2025-03-08T20:39:51.183+0000] {logging_mixin.py:190} INFO - [2025-03-08T20:39:51.183+0000] {dag.py:4180} INFO - Setting next_dagrun for dataset_alias_example_alias_consumer to None, run_after=None
[2025-03-08T20:39:51.186+0000] {logging_mixin.py:190} INFO - [2025-03-08T20:39:51.185+0000] {dag.py:4180} INFO - Setting next_dagrun for dataset_alias_example_alias_producer to None, run_after=None
[2025-03-08T20:39:51.189+0000] {logging_mixin.py:190} INFO - [2025-03-08T20:39:51.189+0000] {dag.py:4180} INFO - Setting next_dagrun for dataset_s3_bucket_consumer to None, run_after=None
[2025-03-08T20:39:51.191+0000] {logging_mixin.py:190} INFO - [2025-03-08T20:39:51.190+0000] {dag.py:4180} INFO - Setting next_dagrun for dataset_s3_bucket_producer to None, run_after=None
[2025-03-08T20:39:51.208+0000] {processor.py:208} INFO - Processing /home/airflow/.local/lib/python3.12/site-packages/airflow/example_dags/example_dataset_alias.py took 0.550 seconds
[2025-03-08T20:40:22.214+0000] {processor.py:186} INFO - Started process (PID=1062) to work on /home/airflow/.local/lib/python3.12/site-packages/airflow/example_dags/example_dataset_alias.py
[2025-03-08T20:40:22.215+0000] {processor.py:914} INFO - Processing file /home/airflow/.local/lib/python3.12/site-packages/airflow/example_dags/example_dataset_alias.py for tasks to queue
[2025-03-08T20:40:22.217+0000] {logging_mixin.py:190} INFO - [2025-03-08T20:40:22.216+0000] {dagbag.py:588} INFO - Filling up the DagBag from /home/airflow/.local/lib/python3.12/site-packages/airflow/example_dags/example_dataset_alias.py
[2025-03-08T20:40:22.702+0000] {processor.py:925} INFO - DAG(s) 'dataset_alias_example_alias_consumer', 'dataset_s3_bucket_consumer', 'dataset_s3_bucket_producer', 'dataset_alias_example_alias_producer' retrieved from /home/airflow/.local/lib/python3.12/site-packages/airflow/example_dags/example_dataset_alias.py
[2025-03-08T20:40:22.720+0000] {logging_mixin.py:190} INFO - [2025-03-08T20:40:22.719+0000] {dag.py:3239} INFO - Sync 4 DAGs
[2025-03-08T20:40:22.739+0000] {logging_mixin.py:190} INFO - [2025-03-08T20:40:22.739+0000] {dag.py:4180} INFO - Setting next_dagrun for dataset_alias_example_alias_consumer to None, run_after=None
[2025-03-08T20:40:22.742+0000] {logging_mixin.py:190} INFO - [2025-03-08T20:40:22.741+0000] {dag.py:4180} INFO - Setting next_dagrun for dataset_alias_example_alias_producer to None, run_after=None
[2025-03-08T20:40:22.743+0000] {logging_mixin.py:190} INFO - [2025-03-08T20:40:22.743+0000] {dag.py:4180} INFO - Setting next_dagrun for dataset_s3_bucket_consumer to None, run_after=None
[2025-03-08T20:40:22.744+0000] {logging_mixin.py:190} INFO - [2025-03-08T20:40:22.744+0000] {dag.py:4180} INFO - Setting next_dagrun for dataset_s3_bucket_producer to None, run_after=None
[2025-03-08T20:40:22.763+0000] {processor.py:208} INFO - Processing /home/airflow/.local/lib/python3.12/site-packages/airflow/example_dags/example_dataset_alias.py took 0.554 seconds
[2025-03-08T20:40:53.588+0000] {processor.py:186} INFO - Started process (PID=1125) to work on /home/airflow/.local/lib/python3.12/site-packages/airflow/example_dags/example_dataset_alias.py
[2025-03-08T20:40:53.589+0000] {processor.py:914} INFO - Processing file /home/airflow/.local/lib/python3.12/site-packages/airflow/example_dags/example_dataset_alias.py for tasks to queue
[2025-03-08T20:40:53.591+0000] {logging_mixin.py:190} INFO - [2025-03-08T20:40:53.591+0000] {dagbag.py:588} INFO - Filling up the DagBag from /home/airflow/.local/lib/python3.12/site-packages/airflow/example_dags/example_dataset_alias.py
[2025-03-08T20:40:54.107+0000] {processor.py:925} INFO - DAG(s) 'dataset_s3_bucket_consumer', 'dataset_alias_example_alias_producer', 'dataset_s3_bucket_producer', 'dataset_alias_example_alias_consumer' retrieved from /home/airflow/.local/lib/python3.12/site-packages/airflow/example_dags/example_dataset_alias.py
[2025-03-08T20:40:54.127+0000] {logging_mixin.py:190} INFO - [2025-03-08T20:40:54.127+0000] {dag.py:3239} INFO - Sync 4 DAGs
[2025-03-08T20:40:54.147+0000] {logging_mixin.py:190} INFO - [2025-03-08T20:40:54.147+0000] {dag.py:4180} INFO - Setting next_dagrun for dataset_alias_example_alias_consumer to None, run_after=None
[2025-03-08T20:40:54.149+0000] {logging_mixin.py:190} INFO - [2025-03-08T20:40:54.149+0000] {dag.py:4180} INFO - Setting next_dagrun for dataset_alias_example_alias_producer to None, run_after=None
[2025-03-08T20:40:54.151+0000] {logging_mixin.py:190} INFO - [2025-03-08T20:40:54.151+0000] {dag.py:4180} INFO - Setting next_dagrun for dataset_s3_bucket_consumer to None, run_after=None
[2025-03-08T20:40:54.152+0000] {logging_mixin.py:190} INFO - [2025-03-08T20:40:54.152+0000] {dag.py:4180} INFO - Setting next_dagrun for dataset_s3_bucket_producer to None, run_after=None
[2025-03-08T20:40:54.169+0000] {processor.py:208} INFO - Processing /home/airflow/.local/lib/python3.12/site-packages/airflow/example_dags/example_dataset_alias.py took 0.586 seconds
[2025-03-08T20:41:24.225+0000] {processor.py:186} INFO - Started process (PID=1188) to work on /home/airflow/.local/lib/python3.12/site-packages/airflow/example_dags/example_dataset_alias.py
[2025-03-08T20:41:24.226+0000] {processor.py:914} INFO - Processing file /home/airflow/.local/lib/python3.12/site-packages/airflow/example_dags/example_dataset_alias.py for tasks to queue
[2025-03-08T20:41:24.228+0000] {logging_mixin.py:190} INFO - [2025-03-08T20:41:24.228+0000] {dagbag.py:588} INFO - Filling up the DagBag from /home/airflow/.local/lib/python3.12/site-packages/airflow/example_dags/example_dataset_alias.py
[2025-03-08T20:41:24.698+0000] {processor.py:925} INFO - DAG(s) 'dataset_s3_bucket_producer', 'dataset_s3_bucket_consumer', 'dataset_alias_example_alias_producer', 'dataset_alias_example_alias_consumer' retrieved from /home/airflow/.local/lib/python3.12/site-packages/airflow/example_dags/example_dataset_alias.py
[2025-03-08T20:41:24.716+0000] {logging_mixin.py:190} INFO - [2025-03-08T20:41:24.715+0000] {dag.py:3239} INFO - Sync 4 DAGs
[2025-03-08T20:41:24.735+0000] {logging_mixin.py:190} INFO - [2025-03-08T20:41:24.735+0000] {dag.py:4180} INFO - Setting next_dagrun for dataset_alias_example_alias_consumer to None, run_after=None
[2025-03-08T20:41:24.738+0000] {logging_mixin.py:190} INFO - [2025-03-08T20:41:24.738+0000] {dag.py:4180} INFO - Setting next_dagrun for dataset_alias_example_alias_producer to None, run_after=None
[2025-03-08T20:41:24.740+0000] {logging_mixin.py:190} INFO - [2025-03-08T20:41:24.739+0000] {dag.py:4180} INFO - Setting next_dagrun for dataset_s3_bucket_consumer to None, run_after=None
[2025-03-08T20:41:24.741+0000] {logging_mixin.py:190} INFO - [2025-03-08T20:41:24.741+0000] {dag.py:4180} INFO - Setting next_dagrun for dataset_s3_bucket_producer to None, run_after=None
[2025-03-08T20:41:24.762+0000] {processor.py:208} INFO - Processing /home/airflow/.local/lib/python3.12/site-packages/airflow/example_dags/example_dataset_alias.py took 0.543 seconds
[2025-03-08T20:41:55.343+0000] {processor.py:186} INFO - Started process (PID=1251) to work on /home/airflow/.local/lib/python3.12/site-packages/airflow/example_dags/example_dataset_alias.py
[2025-03-08T20:41:55.344+0000] {processor.py:914} INFO - Processing file /home/airflow/.local/lib/python3.12/site-packages/airflow/example_dags/example_dataset_alias.py for tasks to queue
[2025-03-08T20:41:55.346+0000] {logging_mixin.py:190} INFO - [2025-03-08T20:41:55.346+0000] {dagbag.py:588} INFO - Filling up the DagBag from /home/airflow/.local/lib/python3.12/site-packages/airflow/example_dags/example_dataset_alias.py
[2025-03-08T20:41:55.830+0000] {processor.py:925} INFO - DAG(s) 'dataset_alias_example_alias_consumer', 'dataset_s3_bucket_consumer', 'dataset_alias_example_alias_producer', 'dataset_s3_bucket_producer' retrieved from /home/airflow/.local/lib/python3.12/site-packages/airflow/example_dags/example_dataset_alias.py
[2025-03-08T20:41:55.846+0000] {logging_mixin.py:190} INFO - [2025-03-08T20:41:55.846+0000] {dag.py:3239} INFO - Sync 4 DAGs
[2025-03-08T20:41:55.866+0000] {logging_mixin.py:190} INFO - [2025-03-08T20:41:55.865+0000] {dag.py:4180} INFO - Setting next_dagrun for dataset_alias_example_alias_consumer to None, run_after=None
[2025-03-08T20:41:55.868+0000] {logging_mixin.py:190} INFO - [2025-03-08T20:41:55.868+0000] {dag.py:4180} INFO - Setting next_dagrun for dataset_alias_example_alias_producer to None, run_after=None
[2025-03-08T20:41:55.870+0000] {logging_mixin.py:190} INFO - [2025-03-08T20:41:55.870+0000] {dag.py:4180} INFO - Setting next_dagrun for dataset_s3_bucket_consumer to None, run_after=None
[2025-03-08T20:41:55.871+0000] {logging_mixin.py:190} INFO - [2025-03-08T20:41:55.871+0000] {dag.py:4180} INFO - Setting next_dagrun for dataset_s3_bucket_producer to None, run_after=None
[2025-03-08T20:41:55.889+0000] {processor.py:208} INFO - Processing /home/airflow/.local/lib/python3.12/site-packages/airflow/example_dags/example_dataset_alias.py took 0.551 seconds
[2025-03-08T20:42:26.123+0000] {processor.py:186} INFO - Started process (PID=1314) to work on /home/airflow/.local/lib/python3.12/site-packages/airflow/example_dags/example_dataset_alias.py
[2025-03-08T20:42:26.124+0000] {processor.py:914} INFO - Processing file /home/airflow/.local/lib/python3.12/site-packages/airflow/example_dags/example_dataset_alias.py for tasks to queue
[2025-03-08T20:42:26.126+0000] {logging_mixin.py:190} INFO - [2025-03-08T20:42:26.125+0000] {dagbag.py:588} INFO - Filling up the DagBag from /home/airflow/.local/lib/python3.12/site-packages/airflow/example_dags/example_dataset_alias.py
[2025-03-08T20:42:26.612+0000] {processor.py:925} INFO - DAG(s) 'dataset_alias_example_alias_consumer', 'dataset_alias_example_alias_producer', 'dataset_s3_bucket_producer', 'dataset_s3_bucket_consumer' retrieved from /home/airflow/.local/lib/python3.12/site-packages/airflow/example_dags/example_dataset_alias.py
[2025-03-08T20:42:26.631+0000] {logging_mixin.py:190} INFO - [2025-03-08T20:42:26.631+0000] {dag.py:3239} INFO - Sync 4 DAGs
[2025-03-08T20:42:26.649+0000] {logging_mixin.py:190} INFO - [2025-03-08T20:42:26.649+0000] {dag.py:4180} INFO - Setting next_dagrun for dataset_alias_example_alias_consumer to None, run_after=None
[2025-03-08T20:42:26.652+0000] {logging_mixin.py:190} INFO - [2025-03-08T20:42:26.652+0000] {dag.py:4180} INFO - Setting next_dagrun for dataset_alias_example_alias_producer to None, run_after=None
[2025-03-08T20:42:26.655+0000] {logging_mixin.py:190} INFO - [2025-03-08T20:42:26.654+0000] {dag.py:4180} INFO - Setting next_dagrun for dataset_s3_bucket_consumer to None, run_after=None
[2025-03-08T20:42:26.657+0000] {logging_mixin.py:190} INFO - [2025-03-08T20:42:26.657+0000] {dag.py:4180} INFO - Setting next_dagrun for dataset_s3_bucket_producer to None, run_after=None
[2025-03-08T20:42:26.676+0000] {processor.py:208} INFO - Processing /home/airflow/.local/lib/python3.12/site-packages/airflow/example_dags/example_dataset_alias.py took 0.559 seconds
[2025-03-08T20:42:56.773+0000] {processor.py:186} INFO - Started process (PID=1377) to work on /home/airflow/.local/lib/python3.12/site-packages/airflow/example_dags/example_dataset_alias.py
[2025-03-08T20:42:56.774+0000] {processor.py:914} INFO - Processing file /home/airflow/.local/lib/python3.12/site-packages/airflow/example_dags/example_dataset_alias.py for tasks to queue
[2025-03-08T20:42:56.776+0000] {logging_mixin.py:190} INFO - [2025-03-08T20:42:56.775+0000] {dagbag.py:588} INFO - Filling up the DagBag from /home/airflow/.local/lib/python3.12/site-packages/airflow/example_dags/example_dataset_alias.py
[2025-03-08T20:42:57.243+0000] {processor.py:925} INFO - DAG(s) 'dataset_alias_example_alias_producer', 'dataset_s3_bucket_consumer', 'dataset_alias_example_alias_consumer', 'dataset_s3_bucket_producer' retrieved from /home/airflow/.local/lib/python3.12/site-packages/airflow/example_dags/example_dataset_alias.py
[2025-03-08T20:42:57.260+0000] {logging_mixin.py:190} INFO - [2025-03-08T20:42:57.260+0000] {dag.py:3239} INFO - Sync 4 DAGs
[2025-03-08T20:42:57.278+0000] {logging_mixin.py:190} INFO - [2025-03-08T20:42:57.278+0000] {dag.py:4180} INFO - Setting next_dagrun for dataset_alias_example_alias_consumer to None, run_after=None
[2025-03-08T20:42:57.281+0000] {logging_mixin.py:190} INFO - [2025-03-08T20:42:57.281+0000] {dag.py:4180} INFO - Setting next_dagrun for dataset_alias_example_alias_producer to None, run_after=None
[2025-03-08T20:42:57.283+0000] {logging_mixin.py:190} INFO - [2025-03-08T20:42:57.282+0000] {dag.py:4180} INFO - Setting next_dagrun for dataset_s3_bucket_consumer to None, run_after=None
[2025-03-08T20:42:57.284+0000] {logging_mixin.py:190} INFO - [2025-03-08T20:42:57.284+0000] {dag.py:4180} INFO - Setting next_dagrun for dataset_s3_bucket_producer to None, run_after=None
[2025-03-08T20:42:57.302+0000] {processor.py:208} INFO - Processing /home/airflow/.local/lib/python3.12/site-packages/airflow/example_dags/example_dataset_alias.py took 0.534 seconds
[2025-03-08T20:43:28.211+0000] {processor.py:186} INFO - Started process (PID=1440) to work on /home/airflow/.local/lib/python3.12/site-packages/airflow/example_dags/example_dataset_alias.py
[2025-03-08T20:43:28.212+0000] {processor.py:914} INFO - Processing file /home/airflow/.local/lib/python3.12/site-packages/airflow/example_dags/example_dataset_alias.py for tasks to queue
[2025-03-08T20:43:28.214+0000] {logging_mixin.py:190} INFO - [2025-03-08T20:43:28.214+0000] {dagbag.py:588} INFO - Filling up the DagBag from /home/airflow/.local/lib/python3.12/site-packages/airflow/example_dags/example_dataset_alias.py
[2025-03-08T20:43:28.702+0000] {processor.py:925} INFO - DAG(s) 'dataset_s3_bucket_producer', 'dataset_alias_example_alias_consumer', 'dataset_alias_example_alias_producer', 'dataset_s3_bucket_consumer' retrieved from /home/airflow/.local/lib/python3.12/site-packages/airflow/example_dags/example_dataset_alias.py
[2025-03-08T20:43:28.724+0000] {logging_mixin.py:190} INFO - [2025-03-08T20:43:28.723+0000] {dag.py:3239} INFO - Sync 4 DAGs
[2025-03-08T20:43:28.742+0000] {logging_mixin.py:190} INFO - [2025-03-08T20:43:28.742+0000] {dag.py:4180} INFO - Setting next_dagrun for dataset_alias_example_alias_consumer to None, run_after=None
[2025-03-08T20:43:28.745+0000] {logging_mixin.py:190} INFO - [2025-03-08T20:43:28.745+0000] {dag.py:4180} INFO - Setting next_dagrun for dataset_alias_example_alias_producer to None, run_after=None
[2025-03-08T20:43:28.747+0000] {logging_mixin.py:190} INFO - [2025-03-08T20:43:28.747+0000] {dag.py:4180} INFO - Setting next_dagrun for dataset_s3_bucket_consumer to None, run_after=None
[2025-03-08T20:43:28.748+0000] {logging_mixin.py:190} INFO - [2025-03-08T20:43:28.748+0000] {dag.py:4180} INFO - Setting next_dagrun for dataset_s3_bucket_producer to None, run_after=None
[2025-03-08T20:43:28.766+0000] {processor.py:208} INFO - Processing /home/airflow/.local/lib/python3.12/site-packages/airflow/example_dags/example_dataset_alias.py took 0.561 seconds
[2025-03-08T20:43:59.718+0000] {processor.py:186} INFO - Started process (PID=1503) to work on /home/airflow/.local/lib/python3.12/site-packages/airflow/example_dags/example_dataset_alias.py
[2025-03-08T20:43:59.718+0000] {processor.py:914} INFO - Processing file /home/airflow/.local/lib/python3.12/site-packages/airflow/example_dags/example_dataset_alias.py for tasks to queue
[2025-03-08T20:43:59.720+0000] {logging_mixin.py:190} INFO - [2025-03-08T20:43:59.720+0000] {dagbag.py:588} INFO - Filling up the DagBag from /home/airflow/.local/lib/python3.12/site-packages/airflow/example_dags/example_dataset_alias.py
[2025-03-08T20:44:00.204+0000] {processor.py:925} INFO - DAG(s) 'dataset_s3_bucket_producer', 'dataset_alias_example_alias_consumer', 'dataset_s3_bucket_consumer', 'dataset_alias_example_alias_producer' retrieved from /home/airflow/.local/lib/python3.12/site-packages/airflow/example_dags/example_dataset_alias.py
[2025-03-08T20:44:00.223+0000] {logging_mixin.py:190} INFO - [2025-03-08T20:44:00.222+0000] {dag.py:3239} INFO - Sync 4 DAGs
[2025-03-08T20:44:00.241+0000] {logging_mixin.py:190} INFO - [2025-03-08T20:44:00.241+0000] {dag.py:4180} INFO - Setting next_dagrun for dataset_alias_example_alias_consumer to None, run_after=None
[2025-03-08T20:44:00.243+0000] {logging_mixin.py:190} INFO - [2025-03-08T20:44:00.243+0000] {dag.py:4180} INFO - Setting next_dagrun for dataset_alias_example_alias_producer to None, run_after=None
[2025-03-08T20:44:00.245+0000] {logging_mixin.py:190} INFO - [2025-03-08T20:44:00.245+0000] {dag.py:4180} INFO - Setting next_dagrun for dataset_s3_bucket_consumer to None, run_after=None
[2025-03-08T20:44:00.246+0000] {logging_mixin.py:190} INFO - [2025-03-08T20:44:00.246+0000] {dag.py:4180} INFO - Setting next_dagrun for dataset_s3_bucket_producer to None, run_after=None
[2025-03-08T20:44:00.266+0000] {processor.py:208} INFO - Processing /home/airflow/.local/lib/python3.12/site-packages/airflow/example_dags/example_dataset_alias.py took 0.553 seconds
[2025-03-08T20:44:30.581+0000] {processor.py:186} INFO - Started process (PID=1566) to work on /home/airflow/.local/lib/python3.12/site-packages/airflow/example_dags/example_dataset_alias.py
[2025-03-08T20:44:30.582+0000] {processor.py:914} INFO - Processing file /home/airflow/.local/lib/python3.12/site-packages/airflow/example_dags/example_dataset_alias.py for tasks to queue
[2025-03-08T20:44:30.584+0000] {logging_mixin.py:190} INFO - [2025-03-08T20:44:30.584+0000] {dagbag.py:588} INFO - Filling up the DagBag from /home/airflow/.local/lib/python3.12/site-packages/airflow/example_dags/example_dataset_alias.py
[2025-03-08T20:44:31.075+0000] {processor.py:925} INFO - DAG(s) 'dataset_alias_example_alias_consumer', 'dataset_s3_bucket_consumer', 'dataset_alias_example_alias_producer', 'dataset_s3_bucket_producer' retrieved from /home/airflow/.local/lib/python3.12/site-packages/airflow/example_dags/example_dataset_alias.py
[2025-03-08T20:44:31.092+0000] {logging_mixin.py:190} INFO - [2025-03-08T20:44:31.091+0000] {dag.py:3239} INFO - Sync 4 DAGs
[2025-03-08T20:44:31.111+0000] {logging_mixin.py:190} INFO - [2025-03-08T20:44:31.111+0000] {dag.py:4180} INFO - Setting next_dagrun for dataset_alias_example_alias_consumer to None, run_after=None
[2025-03-08T20:44:31.114+0000] {logging_mixin.py:190} INFO - [2025-03-08T20:44:31.114+0000] {dag.py:4180} INFO - Setting next_dagrun for dataset_alias_example_alias_producer to None, run_after=None
[2025-03-08T20:44:31.115+0000] {logging_mixin.py:190} INFO - [2025-03-08T20:44:31.115+0000] {dag.py:4180} INFO - Setting next_dagrun for dataset_s3_bucket_consumer to None, run_after=None
[2025-03-08T20:44:31.117+0000] {logging_mixin.py:190} INFO - [2025-03-08T20:44:31.117+0000] {dag.py:4180} INFO - Setting next_dagrun for dataset_s3_bucket_producer to None, run_after=None
[2025-03-08T20:44:31.135+0000] {processor.py:208} INFO - Processing /home/airflow/.local/lib/python3.12/site-packages/airflow/example_dags/example_dataset_alias.py took 0.560 seconds
[2025-03-08T20:45:02.006+0000] {processor.py:186} INFO - Started process (PID=1635) to work on /home/airflow/.local/lib/python3.12/site-packages/airflow/example_dags/example_dataset_alias.py
[2025-03-08T20:45:02.007+0000] {processor.py:914} INFO - Processing file /home/airflow/.local/lib/python3.12/site-packages/airflow/example_dags/example_dataset_alias.py for tasks to queue
[2025-03-08T20:45:02.009+0000] {logging_mixin.py:190} INFO - [2025-03-08T20:45:02.009+0000] {dagbag.py:588} INFO - Filling up the DagBag from /home/airflow/.local/lib/python3.12/site-packages/airflow/example_dags/example_dataset_alias.py
[2025-03-08T20:45:02.582+0000] {processor.py:925} INFO - DAG(s) 'dataset_s3_bucket_consumer', 'dataset_s3_bucket_producer', 'dataset_alias_example_alias_producer', 'dataset_alias_example_alias_consumer' retrieved from /home/airflow/.local/lib/python3.12/site-packages/airflow/example_dags/example_dataset_alias.py
[2025-03-08T20:45:02.600+0000] {logging_mixin.py:190} INFO - [2025-03-08T20:45:02.600+0000] {dag.py:3239} INFO - Sync 4 DAGs
[2025-03-08T20:45:02.620+0000] {logging_mixin.py:190} INFO - [2025-03-08T20:45:02.619+0000] {dag.py:4180} INFO - Setting next_dagrun for dataset_alias_example_alias_consumer to None, run_after=None
[2025-03-08T20:45:02.623+0000] {logging_mixin.py:190} INFO - [2025-03-08T20:45:02.622+0000] {dag.py:4180} INFO - Setting next_dagrun for dataset_alias_example_alias_producer to None, run_after=None
[2025-03-08T20:45:02.624+0000] {logging_mixin.py:190} INFO - [2025-03-08T20:45:02.624+0000] {dag.py:4180} INFO - Setting next_dagrun for dataset_s3_bucket_consumer to None, run_after=None
[2025-03-08T20:45:02.626+0000] {logging_mixin.py:190} INFO - [2025-03-08T20:45:02.626+0000] {dag.py:4180} INFO - Setting next_dagrun for dataset_s3_bucket_producer to None, run_after=None
[2025-03-08T20:45:02.645+0000] {processor.py:208} INFO - Processing /home/airflow/.local/lib/python3.12/site-packages/airflow/example_dags/example_dataset_alias.py took 0.646 seconds
[2025-03-08T20:45:33.542+0000] {processor.py:186} INFO - Started process (PID=1698) to work on /home/airflow/.local/lib/python3.12/site-packages/airflow/example_dags/example_dataset_alias.py
[2025-03-08T20:45:33.542+0000] {processor.py:914} INFO - Processing file /home/airflow/.local/lib/python3.12/site-packages/airflow/example_dags/example_dataset_alias.py for tasks to queue
[2025-03-08T20:45:33.545+0000] {logging_mixin.py:190} INFO - [2025-03-08T20:45:33.544+0000] {dagbag.py:588} INFO - Filling up the DagBag from /home/airflow/.local/lib/python3.12/site-packages/airflow/example_dags/example_dataset_alias.py
[2025-03-08T20:45:34.177+0000] {processor.py:925} INFO - DAG(s) 'dataset_s3_bucket_producer', 'dataset_s3_bucket_consumer', 'dataset_alias_example_alias_consumer', 'dataset_alias_example_alias_producer' retrieved from /home/airflow/.local/lib/python3.12/site-packages/airflow/example_dags/example_dataset_alias.py
[2025-03-08T20:45:34.200+0000] {logging_mixin.py:190} INFO - [2025-03-08T20:45:34.200+0000] {dag.py:3239} INFO - Sync 4 DAGs
[2025-03-08T20:45:34.222+0000] {logging_mixin.py:190} INFO - [2025-03-08T20:45:34.221+0000] {dag.py:4180} INFO - Setting next_dagrun for dataset_alias_example_alias_consumer to None, run_after=None
[2025-03-08T20:45:34.224+0000] {logging_mixin.py:190} INFO - [2025-03-08T20:45:34.224+0000] {dag.py:4180} INFO - Setting next_dagrun for dataset_alias_example_alias_producer to None, run_after=None
[2025-03-08T20:45:34.226+0000] {logging_mixin.py:190} INFO - [2025-03-08T20:45:34.226+0000] {dag.py:4180} INFO - Setting next_dagrun for dataset_s3_bucket_consumer to None, run_after=None
[2025-03-08T20:45:34.227+0000] {logging_mixin.py:190} INFO - [2025-03-08T20:45:34.227+0000] {dag.py:4180} INFO - Setting next_dagrun for dataset_s3_bucket_producer to None, run_after=None
[2025-03-08T20:45:34.252+0000] {processor.py:208} INFO - Processing /home/airflow/.local/lib/python3.12/site-packages/airflow/example_dags/example_dataset_alias.py took 0.716 seconds
[2025-03-08T20:46:05.070+0000] {processor.py:186} INFO - Started process (PID=1761) to work on /home/airflow/.local/lib/python3.12/site-packages/airflow/example_dags/example_dataset_alias.py
[2025-03-08T20:46:05.070+0000] {processor.py:914} INFO - Processing file /home/airflow/.local/lib/python3.12/site-packages/airflow/example_dags/example_dataset_alias.py for tasks to queue
[2025-03-08T20:46:05.072+0000] {logging_mixin.py:190} INFO - [2025-03-08T20:46:05.072+0000] {dagbag.py:588} INFO - Filling up the DagBag from /home/airflow/.local/lib/python3.12/site-packages/airflow/example_dags/example_dataset_alias.py
[2025-03-08T20:46:05.542+0000] {processor.py:925} INFO - DAG(s) 'dataset_alias_example_alias_producer', 'dataset_s3_bucket_consumer', 'dataset_alias_example_alias_consumer', 'dataset_s3_bucket_producer' retrieved from /home/airflow/.local/lib/python3.12/site-packages/airflow/example_dags/example_dataset_alias.py
[2025-03-08T20:46:05.560+0000] {logging_mixin.py:190} INFO - [2025-03-08T20:46:05.560+0000] {dag.py:3239} INFO - Sync 4 DAGs
[2025-03-08T20:46:05.579+0000] {logging_mixin.py:190} INFO - [2025-03-08T20:46:05.578+0000] {dag.py:4180} INFO - Setting next_dagrun for dataset_alias_example_alias_consumer to None, run_after=None
[2025-03-08T20:46:05.582+0000] {logging_mixin.py:190} INFO - [2025-03-08T20:46:05.582+0000] {dag.py:4180} INFO - Setting next_dagrun for dataset_alias_example_alias_producer to None, run_after=None
[2025-03-08T20:46:05.583+0000] {logging_mixin.py:190} INFO - [2025-03-08T20:46:05.583+0000] {dag.py:4180} INFO - Setting next_dagrun for dataset_s3_bucket_consumer to None, run_after=None
[2025-03-08T20:46:05.585+0000] {logging_mixin.py:190} INFO - [2025-03-08T20:46:05.585+0000] {dag.py:4180} INFO - Setting next_dagrun for dataset_s3_bucket_producer to None, run_after=None
[2025-03-08T20:46:05.609+0000] {processor.py:208} INFO - Processing /home/airflow/.local/lib/python3.12/site-packages/airflow/example_dags/example_dataset_alias.py took 0.544 seconds
[2025-03-08T20:46:35.864+0000] {processor.py:186} INFO - Started process (PID=1824) to work on /home/airflow/.local/lib/python3.12/site-packages/airflow/example_dags/example_dataset_alias.py
[2025-03-08T20:46:35.865+0000] {processor.py:914} INFO - Processing file /home/airflow/.local/lib/python3.12/site-packages/airflow/example_dags/example_dataset_alias.py for tasks to queue
[2025-03-08T20:46:35.867+0000] {logging_mixin.py:190} INFO - [2025-03-08T20:46:35.866+0000] {dagbag.py:588} INFO - Filling up the DagBag from /home/airflow/.local/lib/python3.12/site-packages/airflow/example_dags/example_dataset_alias.py
[2025-03-08T20:46:36.320+0000] {processor.py:925} INFO - DAG(s) 'dataset_alias_example_alias_consumer', 'dataset_s3_bucket_consumer', 'dataset_s3_bucket_producer', 'dataset_alias_example_alias_producer' retrieved from /home/airflow/.local/lib/python3.12/site-packages/airflow/example_dags/example_dataset_alias.py
[2025-03-08T20:46:36.339+0000] {logging_mixin.py:190} INFO - [2025-03-08T20:46:36.338+0000] {dag.py:3239} INFO - Sync 4 DAGs
[2025-03-08T20:46:36.357+0000] {logging_mixin.py:190} INFO - [2025-03-08T20:46:36.356+0000] {dag.py:4180} INFO - Setting next_dagrun for dataset_alias_example_alias_consumer to None, run_after=None
[2025-03-08T20:46:36.360+0000] {logging_mixin.py:190} INFO - [2025-03-08T20:46:36.359+0000] {dag.py:4180} INFO - Setting next_dagrun for dataset_alias_example_alias_producer to None, run_after=None
[2025-03-08T20:46:36.361+0000] {logging_mixin.py:190} INFO - [2025-03-08T20:46:36.361+0000] {dag.py:4180} INFO - Setting next_dagrun for dataset_s3_bucket_consumer to None, run_after=None
[2025-03-08T20:46:36.363+0000] {logging_mixin.py:190} INFO - [2025-03-08T20:46:36.362+0000] {dag.py:4180} INFO - Setting next_dagrun for dataset_s3_bucket_producer to None, run_after=None
[2025-03-08T20:46:36.380+0000] {processor.py:208} INFO - Processing /home/airflow/.local/lib/python3.12/site-packages/airflow/example_dags/example_dataset_alias.py took 0.522 seconds
[2025-03-08T20:47:07.228+0000] {processor.py:186} INFO - Started process (PID=1887) to work on /home/airflow/.local/lib/python3.12/site-packages/airflow/example_dags/example_dataset_alias.py
[2025-03-08T20:47:07.229+0000] {processor.py:914} INFO - Processing file /home/airflow/.local/lib/python3.12/site-packages/airflow/example_dags/example_dataset_alias.py for tasks to queue
[2025-03-08T20:47:07.231+0000] {logging_mixin.py:190} INFO - [2025-03-08T20:47:07.231+0000] {dagbag.py:588} INFO - Filling up the DagBag from /home/airflow/.local/lib/python3.12/site-packages/airflow/example_dags/example_dataset_alias.py
[2025-03-08T20:47:07.794+0000] {processor.py:925} INFO - DAG(s) 'dataset_alias_example_alias_consumer', 'dataset_s3_bucket_consumer', 'dataset_alias_example_alias_producer', 'dataset_s3_bucket_producer' retrieved from /home/airflow/.local/lib/python3.12/site-packages/airflow/example_dags/example_dataset_alias.py
[2025-03-08T20:47:07.813+0000] {logging_mixin.py:190} INFO - [2025-03-08T20:47:07.812+0000] {dag.py:3239} INFO - Sync 4 DAGs
[2025-03-08T20:47:07.833+0000] {logging_mixin.py:190} INFO - [2025-03-08T20:47:07.833+0000] {dag.py:4180} INFO - Setting next_dagrun for dataset_alias_example_alias_consumer to None, run_after=None
[2025-03-08T20:47:07.836+0000] {logging_mixin.py:190} INFO - [2025-03-08T20:47:07.836+0000] {dag.py:4180} INFO - Setting next_dagrun for dataset_alias_example_alias_producer to None, run_after=None
[2025-03-08T20:47:07.837+0000] {logging_mixin.py:190} INFO - [2025-03-08T20:47:07.837+0000] {dag.py:4180} INFO - Setting next_dagrun for dataset_s3_bucket_consumer to None, run_after=None
[2025-03-08T20:47:07.839+0000] {logging_mixin.py:190} INFO - [2025-03-08T20:47:07.839+0000] {dag.py:4180} INFO - Setting next_dagrun for dataset_s3_bucket_producer to None, run_after=None
[2025-03-08T20:47:07.859+0000] {processor.py:208} INFO - Processing /home/airflow/.local/lib/python3.12/site-packages/airflow/example_dags/example_dataset_alias.py took 0.636 seconds
[2025-03-08T20:47:38.770+0000] {processor.py:186} INFO - Started process (PID=1950) to work on /home/airflow/.local/lib/python3.12/site-packages/airflow/example_dags/example_dataset_alias.py
[2025-03-08T20:47:38.770+0000] {processor.py:914} INFO - Processing file /home/airflow/.local/lib/python3.12/site-packages/airflow/example_dags/example_dataset_alias.py for tasks to queue
[2025-03-08T20:47:38.772+0000] {logging_mixin.py:190} INFO - [2025-03-08T20:47:38.772+0000] {dagbag.py:588} INFO - Filling up the DagBag from /home/airflow/.local/lib/python3.12/site-packages/airflow/example_dags/example_dataset_alias.py
[2025-03-08T20:47:39.258+0000] {processor.py:925} INFO - DAG(s) 'dataset_alias_example_alias_producer', 'dataset_s3_bucket_consumer', 'dataset_alias_example_alias_consumer', 'dataset_s3_bucket_producer' retrieved from /home/airflow/.local/lib/python3.12/site-packages/airflow/example_dags/example_dataset_alias.py
[2025-03-08T20:47:39.276+0000] {logging_mixin.py:190} INFO - [2025-03-08T20:47:39.276+0000] {dag.py:3239} INFO - Sync 4 DAGs
[2025-03-08T20:47:39.295+0000] {logging_mixin.py:190} INFO - [2025-03-08T20:47:39.295+0000] {dag.py:4180} INFO - Setting next_dagrun for dataset_alias_example_alias_consumer to None, run_after=None
[2025-03-08T20:47:39.298+0000] {logging_mixin.py:190} INFO - [2025-03-08T20:47:39.298+0000] {dag.py:4180} INFO - Setting next_dagrun for dataset_alias_example_alias_producer to None, run_after=None
[2025-03-08T20:47:39.300+0000] {logging_mixin.py:190} INFO - [2025-03-08T20:47:39.300+0000] {dag.py:4180} INFO - Setting next_dagrun for dataset_s3_bucket_consumer to None, run_after=None
[2025-03-08T20:47:39.301+0000] {logging_mixin.py:190} INFO - [2025-03-08T20:47:39.301+0000] {dag.py:4180} INFO - Setting next_dagrun for dataset_s3_bucket_producer to None, run_after=None
[2025-03-08T20:47:39.318+0000] {processor.py:208} INFO - Processing /home/airflow/.local/lib/python3.12/site-packages/airflow/example_dags/example_dataset_alias.py took 0.554 seconds
[2025-03-08T20:48:09.966+0000] {processor.py:186} INFO - Started process (PID=2013) to work on /home/airflow/.local/lib/python3.12/site-packages/airflow/example_dags/example_dataset_alias.py
[2025-03-08T20:48:09.967+0000] {processor.py:914} INFO - Processing file /home/airflow/.local/lib/python3.12/site-packages/airflow/example_dags/example_dataset_alias.py for tasks to queue
[2025-03-08T20:48:09.969+0000] {logging_mixin.py:190} INFO - [2025-03-08T20:48:09.968+0000] {dagbag.py:588} INFO - Filling up the DagBag from /home/airflow/.local/lib/python3.12/site-packages/airflow/example_dags/example_dataset_alias.py
[2025-03-08T20:48:10.450+0000] {processor.py:925} INFO - DAG(s) 'dataset_alias_example_alias_producer', 'dataset_s3_bucket_consumer', 'dataset_alias_example_alias_consumer', 'dataset_s3_bucket_producer' retrieved from /home/airflow/.local/lib/python3.12/site-packages/airflow/example_dags/example_dataset_alias.py
[2025-03-08T20:48:10.467+0000] {logging_mixin.py:190} INFO - [2025-03-08T20:48:10.466+0000] {dag.py:3239} INFO - Sync 4 DAGs
[2025-03-08T20:48:10.488+0000] {logging_mixin.py:190} INFO - [2025-03-08T20:48:10.487+0000] {dag.py:4180} INFO - Setting next_dagrun for dataset_alias_example_alias_consumer to None, run_after=None
[2025-03-08T20:48:10.490+0000] {logging_mixin.py:190} INFO - [2025-03-08T20:48:10.490+0000] {dag.py:4180} INFO - Setting next_dagrun for dataset_alias_example_alias_producer to None, run_after=None
[2025-03-08T20:48:10.492+0000] {logging_mixin.py:190} INFO - [2025-03-08T20:48:10.492+0000] {dag.py:4180} INFO - Setting next_dagrun for dataset_s3_bucket_consumer to None, run_after=None
[2025-03-08T20:48:10.493+0000] {logging_mixin.py:190} INFO - [2025-03-08T20:48:10.493+0000] {dag.py:4180} INFO - Setting next_dagrun for dataset_s3_bucket_producer to None, run_after=None
[2025-03-08T20:48:10.512+0000] {processor.py:208} INFO - Processing /home/airflow/.local/lib/python3.12/site-packages/airflow/example_dags/example_dataset_alias.py took 0.552 seconds
[2025-03-08T20:48:41.478+0000] {processor.py:186} INFO - Started process (PID=2076) to work on /home/airflow/.local/lib/python3.12/site-packages/airflow/example_dags/example_dataset_alias.py
[2025-03-08T20:48:41.481+0000] {processor.py:914} INFO - Processing file /home/airflow/.local/lib/python3.12/site-packages/airflow/example_dags/example_dataset_alias.py for tasks to queue
[2025-03-08T20:48:41.487+0000] {logging_mixin.py:190} INFO - [2025-03-08T20:48:41.486+0000] {dagbag.py:588} INFO - Filling up the DagBag from /home/airflow/.local/lib/python3.12/site-packages/airflow/example_dags/example_dataset_alias.py
[2025-03-08T20:48:42.232+0000] {processor.py:925} INFO - DAG(s) 'dataset_s3_bucket_producer', 'dataset_alias_example_alias_consumer', 'dataset_alias_example_alias_producer', 'dataset_s3_bucket_consumer' retrieved from /home/airflow/.local/lib/python3.12/site-packages/airflow/example_dags/example_dataset_alias.py
[2025-03-08T20:48:42.264+0000] {logging_mixin.py:190} INFO - [2025-03-08T20:48:42.264+0000] {dag.py:3239} INFO - Sync 4 DAGs
[2025-03-08T20:48:42.296+0000] {logging_mixin.py:190} INFO - [2025-03-08T20:48:42.296+0000] {dag.py:4180} INFO - Setting next_dagrun for dataset_alias_example_alias_consumer to None, run_after=None
[2025-03-08T20:48:42.300+0000] {logging_mixin.py:190} INFO - [2025-03-08T20:48:42.299+0000] {dag.py:4180} INFO - Setting next_dagrun for dataset_alias_example_alias_producer to None, run_after=None
[2025-03-08T20:48:42.302+0000] {logging_mixin.py:190} INFO - [2025-03-08T20:48:42.302+0000] {dag.py:4180} INFO - Setting next_dagrun for dataset_s3_bucket_consumer to None, run_after=None
[2025-03-08T20:48:42.304+0000] {logging_mixin.py:190} INFO - [2025-03-08T20:48:42.304+0000] {dag.py:4180} INFO - Setting next_dagrun for dataset_s3_bucket_producer to None, run_after=None
[2025-03-08T20:48:42.340+0000] {processor.py:208} INFO - Processing /home/airflow/.local/lib/python3.12/site-packages/airflow/example_dags/example_dataset_alias.py took 0.871 seconds
[2025-03-08T20:49:12.911+0000] {processor.py:186} INFO - Started process (PID=2139) to work on /home/airflow/.local/lib/python3.12/site-packages/airflow/example_dags/example_dataset_alias.py
[2025-03-08T20:49:12.912+0000] {processor.py:914} INFO - Processing file /home/airflow/.local/lib/python3.12/site-packages/airflow/example_dags/example_dataset_alias.py for tasks to queue
[2025-03-08T20:49:12.914+0000] {logging_mixin.py:190} INFO - [2025-03-08T20:49:12.914+0000] {dagbag.py:588} INFO - Filling up the DagBag from /home/airflow/.local/lib/python3.12/site-packages/airflow/example_dags/example_dataset_alias.py
[2025-03-08T20:49:13.521+0000] {processor.py:925} INFO - DAG(s) 'dataset_alias_example_alias_producer', 'dataset_alias_example_alias_consumer', 'dataset_s3_bucket_consumer', 'dataset_s3_bucket_producer' retrieved from /home/airflow/.local/lib/python3.12/site-packages/airflow/example_dags/example_dataset_alias.py
[2025-03-08T20:49:13.541+0000] {logging_mixin.py:190} INFO - [2025-03-08T20:49:13.541+0000] {dag.py:3239} INFO - Sync 4 DAGs
[2025-03-08T20:49:13.564+0000] {logging_mixin.py:190} INFO - [2025-03-08T20:49:13.564+0000] {dag.py:4180} INFO - Setting next_dagrun for dataset_alias_example_alias_consumer to None, run_after=None
[2025-03-08T20:49:13.568+0000] {logging_mixin.py:190} INFO - [2025-03-08T20:49:13.568+0000] {dag.py:4180} INFO - Setting next_dagrun for dataset_alias_example_alias_producer to None, run_after=None
[2025-03-08T20:49:13.570+0000] {logging_mixin.py:190} INFO - [2025-03-08T20:49:13.570+0000] {dag.py:4180} INFO - Setting next_dagrun for dataset_s3_bucket_consumer to None, run_after=None
[2025-03-08T20:49:13.572+0000] {logging_mixin.py:190} INFO - [2025-03-08T20:49:13.571+0000] {dag.py:4180} INFO - Setting next_dagrun for dataset_s3_bucket_producer to None, run_after=None
[2025-03-08T20:49:13.596+0000] {processor.py:208} INFO - Processing /home/airflow/.local/lib/python3.12/site-packages/airflow/example_dags/example_dataset_alias.py took 0.690 seconds
[2025-03-08T20:49:44.467+0000] {processor.py:186} INFO - Started process (PID=2202) to work on /home/airflow/.local/lib/python3.12/site-packages/airflow/example_dags/example_dataset_alias.py
[2025-03-08T20:49:44.468+0000] {processor.py:914} INFO - Processing file /home/airflow/.local/lib/python3.12/site-packages/airflow/example_dags/example_dataset_alias.py for tasks to queue
[2025-03-08T20:49:44.473+0000] {logging_mixin.py:190} INFO - [2025-03-08T20:49:44.472+0000] {dagbag.py:588} INFO - Filling up the DagBag from /home/airflow/.local/lib/python3.12/site-packages/airflow/example_dags/example_dataset_alias.py
[2025-03-08T20:49:44.961+0000] {processor.py:925} INFO - DAG(s) 'dataset_s3_bucket_producer', 'dataset_alias_example_alias_producer', 'dataset_s3_bucket_consumer', 'dataset_alias_example_alias_consumer' retrieved from /home/airflow/.local/lib/python3.12/site-packages/airflow/example_dags/example_dataset_alias.py
[2025-03-08T20:49:44.981+0000] {logging_mixin.py:190} INFO - [2025-03-08T20:49:44.981+0000] {dag.py:3239} INFO - Sync 4 DAGs
[2025-03-08T20:49:45.001+0000] {logging_mixin.py:190} INFO - [2025-03-08T20:49:45.000+0000] {dag.py:4180} INFO - Setting next_dagrun for dataset_alias_example_alias_consumer to None, run_after=None
[2025-03-08T20:49:45.003+0000] {logging_mixin.py:190} INFO - [2025-03-08T20:49:45.003+0000] {dag.py:4180} INFO - Setting next_dagrun for dataset_alias_example_alias_producer to None, run_after=None
[2025-03-08T20:49:45.005+0000] {logging_mixin.py:190} INFO - [2025-03-08T20:49:45.005+0000] {dag.py:4180} INFO - Setting next_dagrun for dataset_s3_bucket_consumer to None, run_after=None
[2025-03-08T20:49:45.007+0000] {logging_mixin.py:190} INFO - [2025-03-08T20:49:45.006+0000] {dag.py:4180} INFO - Setting next_dagrun for dataset_s3_bucket_producer to None, run_after=None
[2025-03-08T20:49:45.024+0000] {processor.py:208} INFO - Processing /home/airflow/.local/lib/python3.12/site-packages/airflow/example_dags/example_dataset_alias.py took 0.562 seconds
[2025-03-08T20:50:15.513+0000] {processor.py:186} INFO - Started process (PID=2265) to work on /home/airflow/.local/lib/python3.12/site-packages/airflow/example_dags/example_dataset_alias.py
[2025-03-08T20:50:15.513+0000] {processor.py:914} INFO - Processing file /home/airflow/.local/lib/python3.12/site-packages/airflow/example_dags/example_dataset_alias.py for tasks to queue
[2025-03-08T20:50:15.516+0000] {logging_mixin.py:190} INFO - [2025-03-08T20:50:15.516+0000] {dagbag.py:588} INFO - Filling up the DagBag from /home/airflow/.local/lib/python3.12/site-packages/airflow/example_dags/example_dataset_alias.py
[2025-03-08T20:50:16.045+0000] {processor.py:925} INFO - DAG(s) 'dataset_s3_bucket_consumer', 'dataset_s3_bucket_producer', 'dataset_alias_example_alias_consumer', 'dataset_alias_example_alias_producer' retrieved from /home/airflow/.local/lib/python3.12/site-packages/airflow/example_dags/example_dataset_alias.py
[2025-03-08T20:50:16.065+0000] {logging_mixin.py:190} INFO - [2025-03-08T20:50:16.064+0000] {dag.py:3239} INFO - Sync 4 DAGs
[2025-03-08T20:50:16.085+0000] {logging_mixin.py:190} INFO - [2025-03-08T20:50:16.085+0000] {dag.py:4180} INFO - Setting next_dagrun for dataset_alias_example_alias_consumer to None, run_after=None
[2025-03-08T20:50:16.088+0000] {logging_mixin.py:190} INFO - [2025-03-08T20:50:16.088+0000] {dag.py:4180} INFO - Setting next_dagrun for dataset_alias_example_alias_producer to None, run_after=None
[2025-03-08T20:50:16.090+0000] {logging_mixin.py:190} INFO - [2025-03-08T20:50:16.090+0000] {dag.py:4180} INFO - Setting next_dagrun for dataset_s3_bucket_consumer to None, run_after=None
[2025-03-08T20:50:16.091+0000] {logging_mixin.py:190} INFO - [2025-03-08T20:50:16.091+0000] {dag.py:4180} INFO - Setting next_dagrun for dataset_s3_bucket_producer to None, run_after=None
[2025-03-08T20:50:16.110+0000] {processor.py:208} INFO - Processing /home/airflow/.local/lib/python3.12/site-packages/airflow/example_dags/example_dataset_alias.py took 0.603 seconds
