[2025-03-08T20:32:28.982+0000] {processor.py:186} INFO - Started process (PID=57) to work on /home/airflow/.local/lib/python3.12/site-packages/airflow/example_dags/example_skip_dag.py
[2025-03-08T20:32:28.983+0000] {processor.py:914} INFO - Processing file /home/airflow/.local/lib/python3.12/site-packages/airflow/example_dags/example_skip_dag.py for tasks to queue
[2025-03-08T20:32:28.987+0000] {logging_mixin.py:190} INFO - [2025-03-08T20:32:28.986+0000] {dagbag.py:588} INFO - Filling up the DagBag from /home/airflow/.local/lib/python3.12/site-packages/airflow/example_dags/example_skip_dag.py
[2025-03-08T20:32:29.003+0000] {processor.py:925} INFO - DAG(s) 'example_skip_dag' retrieved from /home/airflow/.local/lib/python3.12/site-packages/airflow/example_dags/example_skip_dag.py
[2025-03-08T20:32:29.230+0000] {logging_mixin.py:190} INFO - [2025-03-08T20:32:29.229+0000] {override.py:1912} INFO - Created Permission View: can edit on DAG:example_skip_dag
[2025-03-08T20:32:29.240+0000] {logging_mixin.py:190} INFO - [2025-03-08T20:32:29.239+0000] {override.py:1912} INFO - Created Permission View: can read on DAG:example_skip_dag
[2025-03-08T20:32:29.246+0000] {logging_mixin.py:190} INFO - [2025-03-08T20:32:29.245+0000] {override.py:1912} INFO - Created Permission View: can delete on DAG:example_skip_dag
[2025-03-08T20:32:29.252+0000] {logging_mixin.py:190} INFO - [2025-03-08T20:32:29.252+0000] {override.py:1912} INFO - Created Permission View: can read on DAG Run:example_skip_dag
[2025-03-08T20:32:29.258+0000] {logging_mixin.py:190} INFO - [2025-03-08T20:32:29.258+0000] {override.py:1912} INFO - Created Permission View: menu access on DAG Run:example_skip_dag
[2025-03-08T20:32:29.264+0000] {logging_mixin.py:190} INFO - [2025-03-08T20:32:29.264+0000] {override.py:1912} INFO - Created Permission View: can create on DAG Run:example_skip_dag
[2025-03-08T20:32:29.270+0000] {logging_mixin.py:190} INFO - [2025-03-08T20:32:29.270+0000] {override.py:1912} INFO - Created Permission View: can delete on DAG Run:example_skip_dag
[2025-03-08T20:32:29.271+0000] {logging_mixin.py:190} INFO - [2025-03-08T20:32:29.271+0000] {dag.py:3239} INFO - Sync 1 DAGs
[2025-03-08T20:32:29.285+0000] {logging_mixin.py:190} INFO - [2025-03-08T20:32:29.285+0000] {dag.py:3262} INFO - Creating ORM DAG for example_skip_dag
[2025-03-08T20:32:29.296+0000] {logging_mixin.py:190} INFO - [2025-03-08T20:32:29.296+0000] {dag.py:4180} INFO - Setting next_dagrun for example_skip_dag to 2025-03-07 00:00:00+00:00, run_after=2025-03-08 00:00:00+00:00
[2025-03-08T20:32:29.311+0000] {processor.py:208} INFO - Processing /home/airflow/.local/lib/python3.12/site-packages/airflow/example_dags/example_skip_dag.py took 0.335 seconds
[2025-03-08T20:32:59.965+0000] {processor.py:186} INFO - Started process (PID=120) to work on /home/airflow/.local/lib/python3.12/site-packages/airflow/example_dags/example_skip_dag.py
[2025-03-08T20:32:59.966+0000] {processor.py:914} INFO - Processing file /home/airflow/.local/lib/python3.12/site-packages/airflow/example_dags/example_skip_dag.py for tasks to queue
[2025-03-08T20:32:59.968+0000] {logging_mixin.py:190} INFO - [2025-03-08T20:32:59.967+0000] {dagbag.py:588} INFO - Filling up the DagBag from /home/airflow/.local/lib/python3.12/site-packages/airflow/example_dags/example_skip_dag.py
[2025-03-08T20:32:59.974+0000] {processor.py:925} INFO - DAG(s) 'example_skip_dag' retrieved from /home/airflow/.local/lib/python3.12/site-packages/airflow/example_dags/example_skip_dag.py
[2025-03-08T20:32:59.991+0000] {logging_mixin.py:190} INFO - [2025-03-08T20:32:59.991+0000] {dag.py:3239} INFO - Sync 1 DAGs
[2025-03-08T20:33:00.014+0000] {logging_mixin.py:190} INFO - [2025-03-08T20:33:00.014+0000] {dag.py:4180} INFO - Setting next_dagrun for example_skip_dag to 2025-03-07 00:00:00+00:00, run_after=2025-03-08 00:00:00+00:00
[2025-03-08T20:33:00.031+0000] {processor.py:208} INFO - Processing /home/airflow/.local/lib/python3.12/site-packages/airflow/example_dags/example_skip_dag.py took 0.071 seconds
[2025-03-08T20:33:30.555+0000] {processor.py:186} INFO - Started process (PID=189) to work on /home/airflow/.local/lib/python3.12/site-packages/airflow/example_dags/example_skip_dag.py
[2025-03-08T20:33:30.569+0000] {processor.py:914} INFO - Processing file /home/airflow/.local/lib/python3.12/site-packages/airflow/example_dags/example_skip_dag.py for tasks to queue
[2025-03-08T20:33:30.572+0000] {logging_mixin.py:190} INFO - [2025-03-08T20:33:30.571+0000] {dagbag.py:588} INFO - Filling up the DagBag from /home/airflow/.local/lib/python3.12/site-packages/airflow/example_dags/example_skip_dag.py
[2025-03-08T20:33:30.584+0000] {processor.py:925} INFO - DAG(s) 'example_skip_dag' retrieved from /home/airflow/.local/lib/python3.12/site-packages/airflow/example_dags/example_skip_dag.py
[2025-03-08T20:33:30.605+0000] {logging_mixin.py:190} INFO - [2025-03-08T20:33:30.604+0000] {dag.py:3239} INFO - Sync 1 DAGs
[2025-03-08T20:33:30.625+0000] {logging_mixin.py:190} INFO - [2025-03-08T20:33:30.625+0000] {dag.py:4180} INFO - Setting next_dagrun for example_skip_dag to 2025-03-07 00:00:00+00:00, run_after=2025-03-08 00:00:00+00:00
[2025-03-08T20:33:30.642+0000] {processor.py:208} INFO - Processing /home/airflow/.local/lib/python3.12/site-packages/airflow/example_dags/example_skip_dag.py took 0.095 seconds
[2025-03-08T20:34:01.087+0000] {processor.py:186} INFO - Started process (PID=252) to work on /home/airflow/.local/lib/python3.12/site-packages/airflow/example_dags/example_skip_dag.py
[2025-03-08T20:34:01.089+0000] {processor.py:914} INFO - Processing file /home/airflow/.local/lib/python3.12/site-packages/airflow/example_dags/example_skip_dag.py for tasks to queue
[2025-03-08T20:34:01.091+0000] {logging_mixin.py:190} INFO - [2025-03-08T20:34:01.091+0000] {dagbag.py:588} INFO - Filling up the DagBag from /home/airflow/.local/lib/python3.12/site-packages/airflow/example_dags/example_skip_dag.py
[2025-03-08T20:34:01.099+0000] {processor.py:925} INFO - DAG(s) 'example_skip_dag' retrieved from /home/airflow/.local/lib/python3.12/site-packages/airflow/example_dags/example_skip_dag.py
[2025-03-08T20:34:01.127+0000] {logging_mixin.py:190} INFO - [2025-03-08T20:34:01.126+0000] {dag.py:3239} INFO - Sync 1 DAGs
[2025-03-08T20:34:01.151+0000] {logging_mixin.py:190} INFO - [2025-03-08T20:34:01.151+0000] {dag.py:4180} INFO - Setting next_dagrun for example_skip_dag to 2025-03-07 00:00:00+00:00, run_after=2025-03-08 00:00:00+00:00
[2025-03-08T20:34:01.173+0000] {processor.py:208} INFO - Processing /home/airflow/.local/lib/python3.12/site-packages/airflow/example_dags/example_skip_dag.py took 0.094 seconds
[2025-03-08T20:34:31.662+0000] {processor.py:186} INFO - Started process (PID=315) to work on /home/airflow/.local/lib/python3.12/site-packages/airflow/example_dags/example_skip_dag.py
[2025-03-08T20:34:31.663+0000] {processor.py:914} INFO - Processing file /home/airflow/.local/lib/python3.12/site-packages/airflow/example_dags/example_skip_dag.py for tasks to queue
[2025-03-08T20:34:31.666+0000] {logging_mixin.py:190} INFO - [2025-03-08T20:34:31.666+0000] {dagbag.py:588} INFO - Filling up the DagBag from /home/airflow/.local/lib/python3.12/site-packages/airflow/example_dags/example_skip_dag.py
[2025-03-08T20:34:31.674+0000] {processor.py:925} INFO - DAG(s) 'example_skip_dag' retrieved from /home/airflow/.local/lib/python3.12/site-packages/airflow/example_dags/example_skip_dag.py
[2025-03-08T20:34:31.699+0000] {logging_mixin.py:190} INFO - [2025-03-08T20:34:31.698+0000] {dag.py:3239} INFO - Sync 1 DAGs
[2025-03-08T20:34:31.721+0000] {logging_mixin.py:190} INFO - [2025-03-08T20:34:31.721+0000] {dag.py:4180} INFO - Setting next_dagrun for example_skip_dag to 2025-03-07 00:00:00+00:00, run_after=2025-03-08 00:00:00+00:00
[2025-03-08T20:34:31.740+0000] {processor.py:208} INFO - Processing /home/airflow/.local/lib/python3.12/site-packages/airflow/example_dags/example_skip_dag.py took 0.085 seconds
[2025-03-08T20:35:02.576+0000] {processor.py:186} INFO - Started process (PID=378) to work on /home/airflow/.local/lib/python3.12/site-packages/airflow/example_dags/example_skip_dag.py
[2025-03-08T20:35:02.577+0000] {processor.py:914} INFO - Processing file /home/airflow/.local/lib/python3.12/site-packages/airflow/example_dags/example_skip_dag.py for tasks to queue
[2025-03-08T20:35:02.579+0000] {logging_mixin.py:190} INFO - [2025-03-08T20:35:02.579+0000] {dagbag.py:588} INFO - Filling up the DagBag from /home/airflow/.local/lib/python3.12/site-packages/airflow/example_dags/example_skip_dag.py
[2025-03-08T20:35:02.586+0000] {processor.py:925} INFO - DAG(s) 'example_skip_dag' retrieved from /home/airflow/.local/lib/python3.12/site-packages/airflow/example_dags/example_skip_dag.py
[2025-03-08T20:35:02.603+0000] {logging_mixin.py:190} INFO - [2025-03-08T20:35:02.603+0000] {dag.py:3239} INFO - Sync 1 DAGs
[2025-03-08T20:35:02.621+0000] {logging_mixin.py:190} INFO - [2025-03-08T20:35:02.621+0000] {dag.py:4180} INFO - Setting next_dagrun for example_skip_dag to 2025-03-07 00:00:00+00:00, run_after=2025-03-08 00:00:00+00:00
[2025-03-08T20:35:02.636+0000] {processor.py:208} INFO - Processing /home/airflow/.local/lib/python3.12/site-packages/airflow/example_dags/example_skip_dag.py took 0.067 seconds
[2025-03-08T20:35:33.070+0000] {processor.py:186} INFO - Started process (PID=441) to work on /home/airflow/.local/lib/python3.12/site-packages/airflow/example_dags/example_skip_dag.py
[2025-03-08T20:35:33.071+0000] {processor.py:914} INFO - Processing file /home/airflow/.local/lib/python3.12/site-packages/airflow/example_dags/example_skip_dag.py for tasks to queue
[2025-03-08T20:35:33.073+0000] {logging_mixin.py:190} INFO - [2025-03-08T20:35:33.073+0000] {dagbag.py:588} INFO - Filling up the DagBag from /home/airflow/.local/lib/python3.12/site-packages/airflow/example_dags/example_skip_dag.py
[2025-03-08T20:35:33.079+0000] {processor.py:925} INFO - DAG(s) 'example_skip_dag' retrieved from /home/airflow/.local/lib/python3.12/site-packages/airflow/example_dags/example_skip_dag.py
[2025-03-08T20:35:33.096+0000] {logging_mixin.py:190} INFO - [2025-03-08T20:35:33.096+0000] {dag.py:3239} INFO - Sync 1 DAGs
[2025-03-08T20:35:33.114+0000] {logging_mixin.py:190} INFO - [2025-03-08T20:35:33.114+0000] {dag.py:4180} INFO - Setting next_dagrun for example_skip_dag to 2025-03-07 00:00:00+00:00, run_after=2025-03-08 00:00:00+00:00
[2025-03-08T20:35:33.133+0000] {processor.py:208} INFO - Processing /home/airflow/.local/lib/python3.12/site-packages/airflow/example_dags/example_skip_dag.py took 0.068 seconds
[2025-03-08T20:36:03.716+0000] {processor.py:186} INFO - Started process (PID=504) to work on /home/airflow/.local/lib/python3.12/site-packages/airflow/example_dags/example_skip_dag.py
[2025-03-08T20:36:03.716+0000] {processor.py:914} INFO - Processing file /home/airflow/.local/lib/python3.12/site-packages/airflow/example_dags/example_skip_dag.py for tasks to queue
[2025-03-08T20:36:03.719+0000] {logging_mixin.py:190} INFO - [2025-03-08T20:36:03.718+0000] {dagbag.py:588} INFO - Filling up the DagBag from /home/airflow/.local/lib/python3.12/site-packages/airflow/example_dags/example_skip_dag.py
[2025-03-08T20:36:03.726+0000] {processor.py:925} INFO - DAG(s) 'example_skip_dag' retrieved from /home/airflow/.local/lib/python3.12/site-packages/airflow/example_dags/example_skip_dag.py
[2025-03-08T20:36:03.745+0000] {logging_mixin.py:190} INFO - [2025-03-08T20:36:03.745+0000] {dag.py:3239} INFO - Sync 1 DAGs
[2025-03-08T20:36:03.763+0000] {logging_mixin.py:190} INFO - [2025-03-08T20:36:03.763+0000] {dag.py:4180} INFO - Setting next_dagrun for example_skip_dag to 2025-03-07 00:00:00+00:00, run_after=2025-03-08 00:00:00+00:00
[2025-03-08T20:36:03.778+0000] {processor.py:208} INFO - Processing /home/airflow/.local/lib/python3.12/site-packages/airflow/example_dags/example_skip_dag.py took 0.068 seconds
[2025-03-08T20:36:34.755+0000] {processor.py:186} INFO - Started process (PID=567) to work on /home/airflow/.local/lib/python3.12/site-packages/airflow/example_dags/example_skip_dag.py
[2025-03-08T20:36:34.756+0000] {processor.py:914} INFO - Processing file /home/airflow/.local/lib/python3.12/site-packages/airflow/example_dags/example_skip_dag.py for tasks to queue
[2025-03-08T20:36:34.758+0000] {logging_mixin.py:190} INFO - [2025-03-08T20:36:34.758+0000] {dagbag.py:588} INFO - Filling up the DagBag from /home/airflow/.local/lib/python3.12/site-packages/airflow/example_dags/example_skip_dag.py
[2025-03-08T20:36:34.764+0000] {processor.py:925} INFO - DAG(s) 'example_skip_dag' retrieved from /home/airflow/.local/lib/python3.12/site-packages/airflow/example_dags/example_skip_dag.py
[2025-03-08T20:36:34.784+0000] {logging_mixin.py:190} INFO - [2025-03-08T20:36:34.783+0000] {dag.py:3239} INFO - Sync 1 DAGs
[2025-03-08T20:36:34.804+0000] {logging_mixin.py:190} INFO - [2025-03-08T20:36:34.804+0000] {dag.py:4180} INFO - Setting next_dagrun for example_skip_dag to 2025-03-07 00:00:00+00:00, run_after=2025-03-08 00:00:00+00:00
[2025-03-08T20:36:34.825+0000] {processor.py:208} INFO - Processing /home/airflow/.local/lib/python3.12/site-packages/airflow/example_dags/example_skip_dag.py took 0.075 seconds
[2025-03-08T20:37:05.660+0000] {processor.py:186} INFO - Started process (PID=630) to work on /home/airflow/.local/lib/python3.12/site-packages/airflow/example_dags/example_skip_dag.py
[2025-03-08T20:37:05.661+0000] {processor.py:914} INFO - Processing file /home/airflow/.local/lib/python3.12/site-packages/airflow/example_dags/example_skip_dag.py for tasks to queue
[2025-03-08T20:37:05.663+0000] {logging_mixin.py:190} INFO - [2025-03-08T20:37:05.663+0000] {dagbag.py:588} INFO - Filling up the DagBag from /home/airflow/.local/lib/python3.12/site-packages/airflow/example_dags/example_skip_dag.py
[2025-03-08T20:37:05.670+0000] {processor.py:925} INFO - DAG(s) 'example_skip_dag' retrieved from /home/airflow/.local/lib/python3.12/site-packages/airflow/example_dags/example_skip_dag.py
[2025-03-08T20:37:05.689+0000] {logging_mixin.py:190} INFO - [2025-03-08T20:37:05.689+0000] {dag.py:3239} INFO - Sync 1 DAGs
[2025-03-08T20:37:05.708+0000] {logging_mixin.py:190} INFO - [2025-03-08T20:37:05.708+0000] {dag.py:4180} INFO - Setting next_dagrun for example_skip_dag to 2025-03-07 00:00:00+00:00, run_after=2025-03-08 00:00:00+00:00
[2025-03-08T20:37:05.725+0000] {processor.py:208} INFO - Processing /home/airflow/.local/lib/python3.12/site-packages/airflow/example_dags/example_skip_dag.py took 0.071 seconds
[2025-03-08T20:37:36.009+0000] {processor.py:186} INFO - Started process (PID=693) to work on /home/airflow/.local/lib/python3.12/site-packages/airflow/example_dags/example_skip_dag.py
[2025-03-08T20:37:36.009+0000] {processor.py:914} INFO - Processing file /home/airflow/.local/lib/python3.12/site-packages/airflow/example_dags/example_skip_dag.py for tasks to queue
[2025-03-08T20:37:36.012+0000] {logging_mixin.py:190} INFO - [2025-03-08T20:37:36.012+0000] {dagbag.py:588} INFO - Filling up the DagBag from /home/airflow/.local/lib/python3.12/site-packages/airflow/example_dags/example_skip_dag.py
[2025-03-08T20:37:36.018+0000] {processor.py:925} INFO - DAG(s) 'example_skip_dag' retrieved from /home/airflow/.local/lib/python3.12/site-packages/airflow/example_dags/example_skip_dag.py
[2025-03-08T20:37:36.035+0000] {logging_mixin.py:190} INFO - [2025-03-08T20:37:36.035+0000] {dag.py:3239} INFO - Sync 1 DAGs
[2025-03-08T20:37:36.054+0000] {logging_mixin.py:190} INFO - [2025-03-08T20:37:36.054+0000] {dag.py:4180} INFO - Setting next_dagrun for example_skip_dag to 2025-03-07 00:00:00+00:00, run_after=2025-03-08 00:00:00+00:00
[2025-03-08T20:37:36.070+0000] {processor.py:208} INFO - Processing /home/airflow/.local/lib/python3.12/site-packages/airflow/example_dags/example_skip_dag.py took 0.066 seconds
[2025-03-08T20:38:06.752+0000] {processor.py:186} INFO - Started process (PID=756) to work on /home/airflow/.local/lib/python3.12/site-packages/airflow/example_dags/example_skip_dag.py
[2025-03-08T20:38:06.752+0000] {processor.py:914} INFO - Processing file /home/airflow/.local/lib/python3.12/site-packages/airflow/example_dags/example_skip_dag.py for tasks to queue
[2025-03-08T20:38:06.754+0000] {logging_mixin.py:190} INFO - [2025-03-08T20:38:06.754+0000] {dagbag.py:588} INFO - Filling up the DagBag from /home/airflow/.local/lib/python3.12/site-packages/airflow/example_dags/example_skip_dag.py
[2025-03-08T20:38:06.762+0000] {processor.py:925} INFO - DAG(s) 'example_skip_dag' retrieved from /home/airflow/.local/lib/python3.12/site-packages/airflow/example_dags/example_skip_dag.py
[2025-03-08T20:38:06.781+0000] {logging_mixin.py:190} INFO - [2025-03-08T20:38:06.781+0000] {dag.py:3239} INFO - Sync 1 DAGs
[2025-03-08T20:38:06.802+0000] {logging_mixin.py:190} INFO - [2025-03-08T20:38:06.801+0000] {dag.py:4180} INFO - Setting next_dagrun for example_skip_dag to 2025-03-07 00:00:00+00:00, run_after=2025-03-08 00:00:00+00:00
[2025-03-08T20:38:06.819+0000] {processor.py:208} INFO - Processing /home/airflow/.local/lib/python3.12/site-packages/airflow/example_dags/example_skip_dag.py took 0.074 seconds
[2025-03-08T20:38:37.548+0000] {processor.py:186} INFO - Started process (PID=819) to work on /home/airflow/.local/lib/python3.12/site-packages/airflow/example_dags/example_skip_dag.py
[2025-03-08T20:38:37.549+0000] {processor.py:914} INFO - Processing file /home/airflow/.local/lib/python3.12/site-packages/airflow/example_dags/example_skip_dag.py for tasks to queue
[2025-03-08T20:38:37.552+0000] {logging_mixin.py:190} INFO - [2025-03-08T20:38:37.551+0000] {dagbag.py:588} INFO - Filling up the DagBag from /home/airflow/.local/lib/python3.12/site-packages/airflow/example_dags/example_skip_dag.py
[2025-03-08T20:38:37.559+0000] {processor.py:925} INFO - DAG(s) 'example_skip_dag' retrieved from /home/airflow/.local/lib/python3.12/site-packages/airflow/example_dags/example_skip_dag.py
[2025-03-08T20:38:37.577+0000] {logging_mixin.py:190} INFO - [2025-03-08T20:38:37.577+0000] {dag.py:3239} INFO - Sync 1 DAGs
[2025-03-08T20:38:37.597+0000] {logging_mixin.py:190} INFO - [2025-03-08T20:38:37.597+0000] {dag.py:4180} INFO - Setting next_dagrun for example_skip_dag to 2025-03-07 00:00:00+00:00, run_after=2025-03-08 00:00:00+00:00
[2025-03-08T20:38:37.615+0000] {processor.py:208} INFO - Processing /home/airflow/.local/lib/python3.12/site-packages/airflow/example_dags/example_skip_dag.py took 0.072 seconds
[2025-03-08T20:39:07.907+0000] {processor.py:186} INFO - Started process (PID=882) to work on /home/airflow/.local/lib/python3.12/site-packages/airflow/example_dags/example_skip_dag.py
[2025-03-08T20:39:07.908+0000] {processor.py:914} INFO - Processing file /home/airflow/.local/lib/python3.12/site-packages/airflow/example_dags/example_skip_dag.py for tasks to queue
[2025-03-08T20:39:07.910+0000] {logging_mixin.py:190} INFO - [2025-03-08T20:39:07.910+0000] {dagbag.py:588} INFO - Filling up the DagBag from /home/airflow/.local/lib/python3.12/site-packages/airflow/example_dags/example_skip_dag.py
[2025-03-08T20:39:07.917+0000] {processor.py:925} INFO - DAG(s) 'example_skip_dag' retrieved from /home/airflow/.local/lib/python3.12/site-packages/airflow/example_dags/example_skip_dag.py
[2025-03-08T20:39:07.934+0000] {logging_mixin.py:190} INFO - [2025-03-08T20:39:07.934+0000] {dag.py:3239} INFO - Sync 1 DAGs
[2025-03-08T20:39:07.953+0000] {logging_mixin.py:190} INFO - [2025-03-08T20:39:07.952+0000] {dag.py:4180} INFO - Setting next_dagrun for example_skip_dag to 2025-03-07 00:00:00+00:00, run_after=2025-03-08 00:00:00+00:00
[2025-03-08T20:39:07.968+0000] {processor.py:208} INFO - Processing /home/airflow/.local/lib/python3.12/site-packages/airflow/example_dags/example_skip_dag.py took 0.066 seconds
[2025-03-08T20:39:38.126+0000] {processor.py:186} INFO - Started process (PID=945) to work on /home/airflow/.local/lib/python3.12/site-packages/airflow/example_dags/example_skip_dag.py
[2025-03-08T20:39:38.127+0000] {processor.py:914} INFO - Processing file /home/airflow/.local/lib/python3.12/site-packages/airflow/example_dags/example_skip_dag.py for tasks to queue
[2025-03-08T20:39:38.129+0000] {logging_mixin.py:190} INFO - [2025-03-08T20:39:38.129+0000] {dagbag.py:588} INFO - Filling up the DagBag from /home/airflow/.local/lib/python3.12/site-packages/airflow/example_dags/example_skip_dag.py
[2025-03-08T20:39:38.136+0000] {processor.py:925} INFO - DAG(s) 'example_skip_dag' retrieved from /home/airflow/.local/lib/python3.12/site-packages/airflow/example_dags/example_skip_dag.py
[2025-03-08T20:39:38.154+0000] {logging_mixin.py:190} INFO - [2025-03-08T20:39:38.154+0000] {dag.py:3239} INFO - Sync 1 DAGs
[2025-03-08T20:39:38.173+0000] {logging_mixin.py:190} INFO - [2025-03-08T20:39:38.173+0000] {dag.py:4180} INFO - Setting next_dagrun for example_skip_dag to 2025-03-07 00:00:00+00:00, run_after=2025-03-08 00:00:00+00:00
[2025-03-08T20:39:38.189+0000] {processor.py:208} INFO - Processing /home/airflow/.local/lib/python3.12/site-packages/airflow/example_dags/example_skip_dag.py took 0.068 seconds
[2025-03-08T20:40:08.803+0000] {processor.py:186} INFO - Started process (PID=1008) to work on /home/airflow/.local/lib/python3.12/site-packages/airflow/example_dags/example_skip_dag.py
[2025-03-08T20:40:08.803+0000] {processor.py:914} INFO - Processing file /home/airflow/.local/lib/python3.12/site-packages/airflow/example_dags/example_skip_dag.py for tasks to queue
[2025-03-08T20:40:08.806+0000] {logging_mixin.py:190} INFO - [2025-03-08T20:40:08.806+0000] {dagbag.py:588} INFO - Filling up the DagBag from /home/airflow/.local/lib/python3.12/site-packages/airflow/example_dags/example_skip_dag.py
[2025-03-08T20:40:08.812+0000] {processor.py:925} INFO - DAG(s) 'example_skip_dag' retrieved from /home/airflow/.local/lib/python3.12/site-packages/airflow/example_dags/example_skip_dag.py
[2025-03-08T20:40:08.830+0000] {logging_mixin.py:190} INFO - [2025-03-08T20:40:08.829+0000] {dag.py:3239} INFO - Sync 1 DAGs
[2025-03-08T20:40:08.849+0000] {logging_mixin.py:190} INFO - [2025-03-08T20:40:08.849+0000] {dag.py:4180} INFO - Setting next_dagrun for example_skip_dag to 2025-03-07 00:00:00+00:00, run_after=2025-03-08 00:00:00+00:00
[2025-03-08T20:40:08.865+0000] {processor.py:208} INFO - Processing /home/airflow/.local/lib/python3.12/site-packages/airflow/example_dags/example_skip_dag.py took 0.067 seconds
[2025-03-08T20:40:39.332+0000] {processor.py:186} INFO - Started process (PID=1071) to work on /home/airflow/.local/lib/python3.12/site-packages/airflow/example_dags/example_skip_dag.py
[2025-03-08T20:40:39.333+0000] {processor.py:914} INFO - Processing file /home/airflow/.local/lib/python3.12/site-packages/airflow/example_dags/example_skip_dag.py for tasks to queue
[2025-03-08T20:40:39.336+0000] {logging_mixin.py:190} INFO - [2025-03-08T20:40:39.335+0000] {dagbag.py:588} INFO - Filling up the DagBag from /home/airflow/.local/lib/python3.12/site-packages/airflow/example_dags/example_skip_dag.py
[2025-03-08T20:40:39.342+0000] {processor.py:925} INFO - DAG(s) 'example_skip_dag' retrieved from /home/airflow/.local/lib/python3.12/site-packages/airflow/example_dags/example_skip_dag.py
[2025-03-08T20:40:39.359+0000] {logging_mixin.py:190} INFO - [2025-03-08T20:40:39.358+0000] {dag.py:3239} INFO - Sync 1 DAGs
[2025-03-08T20:40:39.378+0000] {logging_mixin.py:190} INFO - [2025-03-08T20:40:39.377+0000] {dag.py:4180} INFO - Setting next_dagrun for example_skip_dag to 2025-03-07 00:00:00+00:00, run_after=2025-03-08 00:00:00+00:00
[2025-03-08T20:40:39.395+0000] {processor.py:208} INFO - Processing /home/airflow/.local/lib/python3.12/site-packages/airflow/example_dags/example_skip_dag.py took 0.068 seconds
[2025-03-08T20:41:09.722+0000] {processor.py:186} INFO - Started process (PID=1134) to work on /home/airflow/.local/lib/python3.12/site-packages/airflow/example_dags/example_skip_dag.py
[2025-03-08T20:41:09.723+0000] {processor.py:914} INFO - Processing file /home/airflow/.local/lib/python3.12/site-packages/airflow/example_dags/example_skip_dag.py for tasks to queue
[2025-03-08T20:41:09.725+0000] {logging_mixin.py:190} INFO - [2025-03-08T20:41:09.725+0000] {dagbag.py:588} INFO - Filling up the DagBag from /home/airflow/.local/lib/python3.12/site-packages/airflow/example_dags/example_skip_dag.py
[2025-03-08T20:41:09.732+0000] {processor.py:925} INFO - DAG(s) 'example_skip_dag' retrieved from /home/airflow/.local/lib/python3.12/site-packages/airflow/example_dags/example_skip_dag.py
[2025-03-08T20:41:09.750+0000] {logging_mixin.py:190} INFO - [2025-03-08T20:41:09.750+0000] {dag.py:3239} INFO - Sync 1 DAGs
[2025-03-08T20:41:09.768+0000] {logging_mixin.py:190} INFO - [2025-03-08T20:41:09.768+0000] {dag.py:4180} INFO - Setting next_dagrun for example_skip_dag to 2025-03-07 00:00:00+00:00, run_after=2025-03-08 00:00:00+00:00
[2025-03-08T20:41:09.784+0000] {processor.py:208} INFO - Processing /home/airflow/.local/lib/python3.12/site-packages/airflow/example_dags/example_skip_dag.py took 0.067 seconds
[2025-03-08T20:41:39.885+0000] {processor.py:186} INFO - Started process (PID=1197) to work on /home/airflow/.local/lib/python3.12/site-packages/airflow/example_dags/example_skip_dag.py
[2025-03-08T20:41:39.886+0000] {processor.py:914} INFO - Processing file /home/airflow/.local/lib/python3.12/site-packages/airflow/example_dags/example_skip_dag.py for tasks to queue
[2025-03-08T20:41:39.888+0000] {logging_mixin.py:190} INFO - [2025-03-08T20:41:39.888+0000] {dagbag.py:588} INFO - Filling up the DagBag from /home/airflow/.local/lib/python3.12/site-packages/airflow/example_dags/example_skip_dag.py
[2025-03-08T20:41:39.895+0000] {processor.py:925} INFO - DAG(s) 'example_skip_dag' retrieved from /home/airflow/.local/lib/python3.12/site-packages/airflow/example_dags/example_skip_dag.py
[2025-03-08T20:41:39.913+0000] {logging_mixin.py:190} INFO - [2025-03-08T20:41:39.912+0000] {dag.py:3239} INFO - Sync 1 DAGs
[2025-03-08T20:41:39.932+0000] {logging_mixin.py:190} INFO - [2025-03-08T20:41:39.932+0000] {dag.py:4180} INFO - Setting next_dagrun for example_skip_dag to 2025-03-07 00:00:00+00:00, run_after=2025-03-08 00:00:00+00:00
[2025-03-08T20:41:39.947+0000] {processor.py:208} INFO - Processing /home/airflow/.local/lib/python3.12/site-packages/airflow/example_dags/example_skip_dag.py took 0.067 seconds
[2025-03-08T20:42:10.466+0000] {processor.py:186} INFO - Started process (PID=1260) to work on /home/airflow/.local/lib/python3.12/site-packages/airflow/example_dags/example_skip_dag.py
[2025-03-08T20:42:10.466+0000] {processor.py:914} INFO - Processing file /home/airflow/.local/lib/python3.12/site-packages/airflow/example_dags/example_skip_dag.py for tasks to queue
[2025-03-08T20:42:10.468+0000] {logging_mixin.py:190} INFO - [2025-03-08T20:42:10.468+0000] {dagbag.py:588} INFO - Filling up the DagBag from /home/airflow/.local/lib/python3.12/site-packages/airflow/example_dags/example_skip_dag.py
[2025-03-08T20:42:10.476+0000] {processor.py:925} INFO - DAG(s) 'example_skip_dag' retrieved from /home/airflow/.local/lib/python3.12/site-packages/airflow/example_dags/example_skip_dag.py
[2025-03-08T20:42:10.497+0000] {logging_mixin.py:190} INFO - [2025-03-08T20:42:10.497+0000] {dag.py:3239} INFO - Sync 1 DAGs
[2025-03-08T20:42:10.517+0000] {logging_mixin.py:190} INFO - [2025-03-08T20:42:10.517+0000] {dag.py:4180} INFO - Setting next_dagrun for example_skip_dag to 2025-03-07 00:00:00+00:00, run_after=2025-03-08 00:00:00+00:00
[2025-03-08T20:42:10.533+0000] {processor.py:208} INFO - Processing /home/airflow/.local/lib/python3.12/site-packages/airflow/example_dags/example_skip_dag.py took 0.073 seconds
[2025-03-08T20:42:40.798+0000] {processor.py:186} INFO - Started process (PID=1323) to work on /home/airflow/.local/lib/python3.12/site-packages/airflow/example_dags/example_skip_dag.py
[2025-03-08T20:42:40.798+0000] {processor.py:914} INFO - Processing file /home/airflow/.local/lib/python3.12/site-packages/airflow/example_dags/example_skip_dag.py for tasks to queue
[2025-03-08T20:42:40.800+0000] {logging_mixin.py:190} INFO - [2025-03-08T20:42:40.800+0000] {dagbag.py:588} INFO - Filling up the DagBag from /home/airflow/.local/lib/python3.12/site-packages/airflow/example_dags/example_skip_dag.py
[2025-03-08T20:42:40.807+0000] {processor.py:925} INFO - DAG(s) 'example_skip_dag' retrieved from /home/airflow/.local/lib/python3.12/site-packages/airflow/example_dags/example_skip_dag.py
[2025-03-08T20:42:40.827+0000] {logging_mixin.py:190} INFO - [2025-03-08T20:42:40.827+0000] {dag.py:3239} INFO - Sync 1 DAGs
[2025-03-08T20:42:40.850+0000] {logging_mixin.py:190} INFO - [2025-03-08T20:42:40.850+0000] {dag.py:4180} INFO - Setting next_dagrun for example_skip_dag to 2025-03-07 00:00:00+00:00, run_after=2025-03-08 00:00:00+00:00
[2025-03-08T20:42:40.871+0000] {processor.py:208} INFO - Processing /home/airflow/.local/lib/python3.12/site-packages/airflow/example_dags/example_skip_dag.py took 0.079 seconds
[2025-03-08T20:43:10.917+0000] {processor.py:186} INFO - Started process (PID=1386) to work on /home/airflow/.local/lib/python3.12/site-packages/airflow/example_dags/example_skip_dag.py
[2025-03-08T20:43:10.917+0000] {processor.py:914} INFO - Processing file /home/airflow/.local/lib/python3.12/site-packages/airflow/example_dags/example_skip_dag.py for tasks to queue
[2025-03-08T20:43:10.919+0000] {logging_mixin.py:190} INFO - [2025-03-08T20:43:10.919+0000] {dagbag.py:588} INFO - Filling up the DagBag from /home/airflow/.local/lib/python3.12/site-packages/airflow/example_dags/example_skip_dag.py
[2025-03-08T20:43:10.926+0000] {processor.py:925} INFO - DAG(s) 'example_skip_dag' retrieved from /home/airflow/.local/lib/python3.12/site-packages/airflow/example_dags/example_skip_dag.py
[2025-03-08T20:43:10.943+0000] {logging_mixin.py:190} INFO - [2025-03-08T20:43:10.943+0000] {dag.py:3239} INFO - Sync 1 DAGs
[2025-03-08T20:43:10.962+0000] {logging_mixin.py:190} INFO - [2025-03-08T20:43:10.962+0000] {dag.py:4180} INFO - Setting next_dagrun for example_skip_dag to 2025-03-07 00:00:00+00:00, run_after=2025-03-08 00:00:00+00:00
[2025-03-08T20:43:10.979+0000] {processor.py:208} INFO - Processing /home/airflow/.local/lib/python3.12/site-packages/airflow/example_dags/example_skip_dag.py took 0.067 seconds
[2025-03-08T20:43:41.351+0000] {processor.py:186} INFO - Started process (PID=1449) to work on /home/airflow/.local/lib/python3.12/site-packages/airflow/example_dags/example_skip_dag.py
[2025-03-08T20:43:41.352+0000] {processor.py:914} INFO - Processing file /home/airflow/.local/lib/python3.12/site-packages/airflow/example_dags/example_skip_dag.py for tasks to queue
[2025-03-08T20:43:41.354+0000] {logging_mixin.py:190} INFO - [2025-03-08T20:43:41.354+0000] {dagbag.py:588} INFO - Filling up the DagBag from /home/airflow/.local/lib/python3.12/site-packages/airflow/example_dags/example_skip_dag.py
[2025-03-08T20:43:41.362+0000] {processor.py:925} INFO - DAG(s) 'example_skip_dag' retrieved from /home/airflow/.local/lib/python3.12/site-packages/airflow/example_dags/example_skip_dag.py
[2025-03-08T20:43:41.384+0000] {logging_mixin.py:190} INFO - [2025-03-08T20:43:41.384+0000] {dag.py:3239} INFO - Sync 1 DAGs
[2025-03-08T20:43:41.411+0000] {logging_mixin.py:190} INFO - [2025-03-08T20:43:41.410+0000] {dag.py:4180} INFO - Setting next_dagrun for example_skip_dag to 2025-03-07 00:00:00+00:00, run_after=2025-03-08 00:00:00+00:00
[2025-03-08T20:43:41.431+0000] {processor.py:208} INFO - Processing /home/airflow/.local/lib/python3.12/site-packages/airflow/example_dags/example_skip_dag.py took 0.087 seconds
[2025-03-08T20:44:11.820+0000] {processor.py:186} INFO - Started process (PID=1512) to work on /home/airflow/.local/lib/python3.12/site-packages/airflow/example_dags/example_skip_dag.py
[2025-03-08T20:44:11.821+0000] {processor.py:914} INFO - Processing file /home/airflow/.local/lib/python3.12/site-packages/airflow/example_dags/example_skip_dag.py for tasks to queue
[2025-03-08T20:44:11.823+0000] {logging_mixin.py:190} INFO - [2025-03-08T20:44:11.823+0000] {dagbag.py:588} INFO - Filling up the DagBag from /home/airflow/.local/lib/python3.12/site-packages/airflow/example_dags/example_skip_dag.py
[2025-03-08T20:44:11.830+0000] {processor.py:925} INFO - DAG(s) 'example_skip_dag' retrieved from /home/airflow/.local/lib/python3.12/site-packages/airflow/example_dags/example_skip_dag.py
[2025-03-08T20:44:11.850+0000] {logging_mixin.py:190} INFO - [2025-03-08T20:44:11.849+0000] {dag.py:3239} INFO - Sync 1 DAGs
[2025-03-08T20:44:11.870+0000] {logging_mixin.py:190} INFO - [2025-03-08T20:44:11.869+0000] {dag.py:4180} INFO - Setting next_dagrun for example_skip_dag to 2025-03-07 00:00:00+00:00, run_after=2025-03-08 00:00:00+00:00
[2025-03-08T20:44:11.886+0000] {processor.py:208} INFO - Processing /home/airflow/.local/lib/python3.12/site-packages/airflow/example_dags/example_skip_dag.py took 0.072 seconds
[2025-03-08T20:44:42.686+0000] {processor.py:186} INFO - Started process (PID=1575) to work on /home/airflow/.local/lib/python3.12/site-packages/airflow/example_dags/example_skip_dag.py
[2025-03-08T20:44:42.687+0000] {processor.py:914} INFO - Processing file /home/airflow/.local/lib/python3.12/site-packages/airflow/example_dags/example_skip_dag.py for tasks to queue
[2025-03-08T20:44:42.689+0000] {logging_mixin.py:190} INFO - [2025-03-08T20:44:42.688+0000] {dagbag.py:588} INFO - Filling up the DagBag from /home/airflow/.local/lib/python3.12/site-packages/airflow/example_dags/example_skip_dag.py
[2025-03-08T20:44:42.696+0000] {processor.py:925} INFO - DAG(s) 'example_skip_dag' retrieved from /home/airflow/.local/lib/python3.12/site-packages/airflow/example_dags/example_skip_dag.py
[2025-03-08T20:44:42.715+0000] {logging_mixin.py:190} INFO - [2025-03-08T20:44:42.715+0000] {dag.py:3239} INFO - Sync 1 DAGs
[2025-03-08T20:44:42.735+0000] {logging_mixin.py:190} INFO - [2025-03-08T20:44:42.735+0000] {dag.py:4180} INFO - Setting next_dagrun for example_skip_dag to 2025-03-07 00:00:00+00:00, run_after=2025-03-08 00:00:00+00:00
[2025-03-08T20:44:42.752+0000] {processor.py:208} INFO - Processing /home/airflow/.local/lib/python3.12/site-packages/airflow/example_dags/example_skip_dag.py took 0.072 seconds
[2025-03-08T20:45:13.099+0000] {processor.py:186} INFO - Started process (PID=1638) to work on /home/airflow/.local/lib/python3.12/site-packages/airflow/example_dags/example_skip_dag.py
[2025-03-08T20:45:13.100+0000] {processor.py:914} INFO - Processing file /home/airflow/.local/lib/python3.12/site-packages/airflow/example_dags/example_skip_dag.py for tasks to queue
[2025-03-08T20:45:13.102+0000] {logging_mixin.py:190} INFO - [2025-03-08T20:45:13.102+0000] {dagbag.py:588} INFO - Filling up the DagBag from /home/airflow/.local/lib/python3.12/site-packages/airflow/example_dags/example_skip_dag.py
[2025-03-08T20:45:13.109+0000] {processor.py:925} INFO - DAG(s) 'example_skip_dag' retrieved from /home/airflow/.local/lib/python3.12/site-packages/airflow/example_dags/example_skip_dag.py
[2025-03-08T20:45:13.126+0000] {logging_mixin.py:190} INFO - [2025-03-08T20:45:13.126+0000] {dag.py:3239} INFO - Sync 1 DAGs
[2025-03-08T20:45:13.145+0000] {logging_mixin.py:190} INFO - [2025-03-08T20:45:13.145+0000] {dag.py:4180} INFO - Setting next_dagrun for example_skip_dag to 2025-03-07 00:00:00+00:00, run_after=2025-03-08 00:00:00+00:00
[2025-03-08T20:45:13.164+0000] {processor.py:208} INFO - Processing /home/airflow/.local/lib/python3.12/site-packages/airflow/example_dags/example_skip_dag.py took 0.070 seconds
[2025-03-08T20:45:43.628+0000] {processor.py:186} INFO - Started process (PID=1701) to work on /home/airflow/.local/lib/python3.12/site-packages/airflow/example_dags/example_skip_dag.py
[2025-03-08T20:45:43.629+0000] {processor.py:914} INFO - Processing file /home/airflow/.local/lib/python3.12/site-packages/airflow/example_dags/example_skip_dag.py for tasks to queue
[2025-03-08T20:45:43.632+0000] {logging_mixin.py:190} INFO - [2025-03-08T20:45:43.632+0000] {dagbag.py:588} INFO - Filling up the DagBag from /home/airflow/.local/lib/python3.12/site-packages/airflow/example_dags/example_skip_dag.py
[2025-03-08T20:45:43.640+0000] {processor.py:925} INFO - DAG(s) 'example_skip_dag' retrieved from /home/airflow/.local/lib/python3.12/site-packages/airflow/example_dags/example_skip_dag.py
[2025-03-08T20:45:43.664+0000] {logging_mixin.py:190} INFO - [2025-03-08T20:45:43.664+0000] {dag.py:3239} INFO - Sync 1 DAGs
[2025-03-08T20:45:43.686+0000] {logging_mixin.py:190} INFO - [2025-03-08T20:45:43.686+0000] {dag.py:4180} INFO - Setting next_dagrun for example_skip_dag to 2025-03-07 00:00:00+00:00, run_after=2025-03-08 00:00:00+00:00
[2025-03-08T20:45:43.707+0000] {processor.py:208} INFO - Processing /home/airflow/.local/lib/python3.12/site-packages/airflow/example_dags/example_skip_dag.py took 0.084 seconds
[2025-03-08T20:46:14.154+0000] {processor.py:186} INFO - Started process (PID=1764) to work on /home/airflow/.local/lib/python3.12/site-packages/airflow/example_dags/example_skip_dag.py
[2025-03-08T20:46:14.154+0000] {processor.py:914} INFO - Processing file /home/airflow/.local/lib/python3.12/site-packages/airflow/example_dags/example_skip_dag.py for tasks to queue
[2025-03-08T20:46:14.157+0000] {logging_mixin.py:190} INFO - [2025-03-08T20:46:14.156+0000] {dagbag.py:588} INFO - Filling up the DagBag from /home/airflow/.local/lib/python3.12/site-packages/airflow/example_dags/example_skip_dag.py
[2025-03-08T20:46:14.163+0000] {processor.py:925} INFO - DAG(s) 'example_skip_dag' retrieved from /home/airflow/.local/lib/python3.12/site-packages/airflow/example_dags/example_skip_dag.py
[2025-03-08T20:46:14.181+0000] {logging_mixin.py:190} INFO - [2025-03-08T20:46:14.180+0000] {dag.py:3239} INFO - Sync 1 DAGs
[2025-03-08T20:46:14.200+0000] {logging_mixin.py:190} INFO - [2025-03-08T20:46:14.199+0000] {dag.py:4180} INFO - Setting next_dagrun for example_skip_dag to 2025-03-07 00:00:00+00:00, run_after=2025-03-08 00:00:00+00:00
[2025-03-08T20:46:14.214+0000] {processor.py:208} INFO - Processing /home/airflow/.local/lib/python3.12/site-packages/airflow/example_dags/example_skip_dag.py took 0.066 seconds
[2025-03-08T20:46:44.938+0000] {processor.py:186} INFO - Started process (PID=1827) to work on /home/airflow/.local/lib/python3.12/site-packages/airflow/example_dags/example_skip_dag.py
[2025-03-08T20:46:44.939+0000] {processor.py:914} INFO - Processing file /home/airflow/.local/lib/python3.12/site-packages/airflow/example_dags/example_skip_dag.py for tasks to queue
[2025-03-08T20:46:44.941+0000] {logging_mixin.py:190} INFO - [2025-03-08T20:46:44.941+0000] {dagbag.py:588} INFO - Filling up the DagBag from /home/airflow/.local/lib/python3.12/site-packages/airflow/example_dags/example_skip_dag.py
[2025-03-08T20:46:44.948+0000] {processor.py:925} INFO - DAG(s) 'example_skip_dag' retrieved from /home/airflow/.local/lib/python3.12/site-packages/airflow/example_dags/example_skip_dag.py
[2025-03-08T20:46:44.965+0000] {logging_mixin.py:190} INFO - [2025-03-08T20:46:44.965+0000] {dag.py:3239} INFO - Sync 1 DAGs
[2025-03-08T20:46:44.983+0000] {logging_mixin.py:190} INFO - [2025-03-08T20:46:44.983+0000] {dag.py:4180} INFO - Setting next_dagrun for example_skip_dag to 2025-03-07 00:00:00+00:00, run_after=2025-03-08 00:00:00+00:00
[2025-03-08T20:46:44.999+0000] {processor.py:208} INFO - Processing /home/airflow/.local/lib/python3.12/site-packages/airflow/example_dags/example_skip_dag.py took 0.066 seconds
[2025-03-08T20:47:15.294+0000] {processor.py:186} INFO - Started process (PID=1890) to work on /home/airflow/.local/lib/python3.12/site-packages/airflow/example_dags/example_skip_dag.py
[2025-03-08T20:47:15.294+0000] {processor.py:914} INFO - Processing file /home/airflow/.local/lib/python3.12/site-packages/airflow/example_dags/example_skip_dag.py for tasks to queue
[2025-03-08T20:47:15.297+0000] {logging_mixin.py:190} INFO - [2025-03-08T20:47:15.296+0000] {dagbag.py:588} INFO - Filling up the DagBag from /home/airflow/.local/lib/python3.12/site-packages/airflow/example_dags/example_skip_dag.py
[2025-03-08T20:47:15.304+0000] {processor.py:925} INFO - DAG(s) 'example_skip_dag' retrieved from /home/airflow/.local/lib/python3.12/site-packages/airflow/example_dags/example_skip_dag.py
[2025-03-08T20:47:15.321+0000] {logging_mixin.py:190} INFO - [2025-03-08T20:47:15.321+0000] {dag.py:3239} INFO - Sync 1 DAGs
[2025-03-08T20:47:15.340+0000] {logging_mixin.py:190} INFO - [2025-03-08T20:47:15.340+0000] {dag.py:4180} INFO - Setting next_dagrun for example_skip_dag to 2025-03-07 00:00:00+00:00, run_after=2025-03-08 00:00:00+00:00
[2025-03-08T20:47:15.356+0000] {processor.py:208} INFO - Processing /home/airflow/.local/lib/python3.12/site-packages/airflow/example_dags/example_skip_dag.py took 0.067 seconds
[2025-03-08T20:47:45.390+0000] {processor.py:186} INFO - Started process (PID=1953) to work on /home/airflow/.local/lib/python3.12/site-packages/airflow/example_dags/example_skip_dag.py
[2025-03-08T20:47:45.391+0000] {processor.py:914} INFO - Processing file /home/airflow/.local/lib/python3.12/site-packages/airflow/example_dags/example_skip_dag.py for tasks to queue
[2025-03-08T20:47:45.394+0000] {logging_mixin.py:190} INFO - [2025-03-08T20:47:45.393+0000] {dagbag.py:588} INFO - Filling up the DagBag from /home/airflow/.local/lib/python3.12/site-packages/airflow/example_dags/example_skip_dag.py
[2025-03-08T20:47:45.402+0000] {processor.py:925} INFO - DAG(s) 'example_skip_dag' retrieved from /home/airflow/.local/lib/python3.12/site-packages/airflow/example_dags/example_skip_dag.py
[2025-03-08T20:47:45.421+0000] {logging_mixin.py:190} INFO - [2025-03-08T20:47:45.421+0000] {dag.py:3239} INFO - Sync 1 DAGs
[2025-03-08T20:47:45.440+0000] {logging_mixin.py:190} INFO - [2025-03-08T20:47:45.440+0000] {dag.py:4180} INFO - Setting next_dagrun for example_skip_dag to 2025-03-07 00:00:00+00:00, run_after=2025-03-08 00:00:00+00:00
[2025-03-08T20:47:45.456+0000] {processor.py:208} INFO - Processing /home/airflow/.local/lib/python3.12/site-packages/airflow/example_dags/example_skip_dag.py took 0.073 seconds
[2025-03-08T20:48:16.044+0000] {processor.py:186} INFO - Started process (PID=2016) to work on /home/airflow/.local/lib/python3.12/site-packages/airflow/example_dags/example_skip_dag.py
[2025-03-08T20:48:16.045+0000] {processor.py:914} INFO - Processing file /home/airflow/.local/lib/python3.12/site-packages/airflow/example_dags/example_skip_dag.py for tasks to queue
[2025-03-08T20:48:16.048+0000] {logging_mixin.py:190} INFO - [2025-03-08T20:48:16.047+0000] {dagbag.py:588} INFO - Filling up the DagBag from /home/airflow/.local/lib/python3.12/site-packages/airflow/example_dags/example_skip_dag.py
[2025-03-08T20:48:16.058+0000] {processor.py:925} INFO - DAG(s) 'example_skip_dag' retrieved from /home/airflow/.local/lib/python3.12/site-packages/airflow/example_dags/example_skip_dag.py
[2025-03-08T20:48:16.082+0000] {logging_mixin.py:190} INFO - [2025-03-08T20:48:16.081+0000] {dag.py:3239} INFO - Sync 1 DAGs
[2025-03-08T20:48:16.107+0000] {logging_mixin.py:190} INFO - [2025-03-08T20:48:16.107+0000] {dag.py:4180} INFO - Setting next_dagrun for example_skip_dag to 2025-03-07 00:00:00+00:00, run_after=2025-03-08 00:00:00+00:00
[2025-03-08T20:48:16.131+0000] {processor.py:208} INFO - Processing /home/airflow/.local/lib/python3.12/site-packages/airflow/example_dags/example_skip_dag.py took 0.094 seconds
[2025-03-08T20:48:46.406+0000] {processor.py:186} INFO - Started process (PID=2079) to work on /home/airflow/.local/lib/python3.12/site-packages/airflow/example_dags/example_skip_dag.py
[2025-03-08T20:48:46.406+0000] {processor.py:914} INFO - Processing file /home/airflow/.local/lib/python3.12/site-packages/airflow/example_dags/example_skip_dag.py for tasks to queue
[2025-03-08T20:48:46.408+0000] {logging_mixin.py:190} INFO - [2025-03-08T20:48:46.408+0000] {dagbag.py:588} INFO - Filling up the DagBag from /home/airflow/.local/lib/python3.12/site-packages/airflow/example_dags/example_skip_dag.py
[2025-03-08T20:48:46.418+0000] {processor.py:925} INFO - DAG(s) 'example_skip_dag' retrieved from /home/airflow/.local/lib/python3.12/site-packages/airflow/example_dags/example_skip_dag.py
[2025-03-08T20:48:46.442+0000] {logging_mixin.py:190} INFO - [2025-03-08T20:48:46.442+0000] {dag.py:3239} INFO - Sync 1 DAGs
[2025-03-08T20:48:46.465+0000] {logging_mixin.py:190} INFO - [2025-03-08T20:48:46.465+0000] {dag.py:4180} INFO - Setting next_dagrun for example_skip_dag to 2025-03-07 00:00:00+00:00, run_after=2025-03-08 00:00:00+00:00
[2025-03-08T20:48:46.493+0000] {processor.py:208} INFO - Processing /home/airflow/.local/lib/python3.12/site-packages/airflow/example_dags/example_skip_dag.py took 0.095 seconds
[2025-03-08T20:49:16.684+0000] {processor.py:186} INFO - Started process (PID=2142) to work on /home/airflow/.local/lib/python3.12/site-packages/airflow/example_dags/example_skip_dag.py
[2025-03-08T20:49:16.685+0000] {processor.py:914} INFO - Processing file /home/airflow/.local/lib/python3.12/site-packages/airflow/example_dags/example_skip_dag.py for tasks to queue
[2025-03-08T20:49:16.688+0000] {logging_mixin.py:190} INFO - [2025-03-08T20:49:16.687+0000] {dagbag.py:588} INFO - Filling up the DagBag from /home/airflow/.local/lib/python3.12/site-packages/airflow/example_dags/example_skip_dag.py
[2025-03-08T20:49:16.695+0000] {processor.py:925} INFO - DAG(s) 'example_skip_dag' retrieved from /home/airflow/.local/lib/python3.12/site-packages/airflow/example_dags/example_skip_dag.py
[2025-03-08T20:49:16.713+0000] {logging_mixin.py:190} INFO - [2025-03-08T20:49:16.712+0000] {dag.py:3239} INFO - Sync 1 DAGs
[2025-03-08T20:49:16.735+0000] {logging_mixin.py:190} INFO - [2025-03-08T20:49:16.735+0000] {dag.py:4180} INFO - Setting next_dagrun for example_skip_dag to 2025-03-07 00:00:00+00:00, run_after=2025-03-08 00:00:00+00:00
[2025-03-08T20:49:16.753+0000] {processor.py:208} INFO - Processing /home/airflow/.local/lib/python3.12/site-packages/airflow/example_dags/example_skip_dag.py took 0.074 seconds
[2025-03-08T20:49:47.517+0000] {processor.py:186} INFO - Started process (PID=2205) to work on /home/airflow/.local/lib/python3.12/site-packages/airflow/example_dags/example_skip_dag.py
[2025-03-08T20:49:47.518+0000] {processor.py:914} INFO - Processing file /home/airflow/.local/lib/python3.12/site-packages/airflow/example_dags/example_skip_dag.py for tasks to queue
[2025-03-08T20:49:47.520+0000] {logging_mixin.py:190} INFO - [2025-03-08T20:49:47.520+0000] {dagbag.py:588} INFO - Filling up the DagBag from /home/airflow/.local/lib/python3.12/site-packages/airflow/example_dags/example_skip_dag.py
[2025-03-08T20:49:47.527+0000] {processor.py:925} INFO - DAG(s) 'example_skip_dag' retrieved from /home/airflow/.local/lib/python3.12/site-packages/airflow/example_dags/example_skip_dag.py
[2025-03-08T20:49:47.546+0000] {logging_mixin.py:190} INFO - [2025-03-08T20:49:47.546+0000] {dag.py:3239} INFO - Sync 1 DAGs
[2025-03-08T20:49:47.566+0000] {logging_mixin.py:190} INFO - [2025-03-08T20:49:47.566+0000] {dag.py:4180} INFO - Setting next_dagrun for example_skip_dag to 2025-03-07 00:00:00+00:00, run_after=2025-03-08 00:00:00+00:00
[2025-03-08T20:49:47.583+0000] {processor.py:208} INFO - Processing /home/airflow/.local/lib/python3.12/site-packages/airflow/example_dags/example_skip_dag.py took 0.072 seconds
[2025-03-08T20:50:17.720+0000] {processor.py:186} INFO - Started process (PID=2268) to work on /home/airflow/.local/lib/python3.12/site-packages/airflow/example_dags/example_skip_dag.py
[2025-03-08T20:50:17.721+0000] {processor.py:914} INFO - Processing file /home/airflow/.local/lib/python3.12/site-packages/airflow/example_dags/example_skip_dag.py for tasks to queue
[2025-03-08T20:50:17.723+0000] {logging_mixin.py:190} INFO - [2025-03-08T20:50:17.723+0000] {dagbag.py:588} INFO - Filling up the DagBag from /home/airflow/.local/lib/python3.12/site-packages/airflow/example_dags/example_skip_dag.py
[2025-03-08T20:50:17.730+0000] {processor.py:925} INFO - DAG(s) 'example_skip_dag' retrieved from /home/airflow/.local/lib/python3.12/site-packages/airflow/example_dags/example_skip_dag.py
[2025-03-08T20:50:17.751+0000] {logging_mixin.py:190} INFO - [2025-03-08T20:50:17.751+0000] {dag.py:3239} INFO - Sync 1 DAGs
[2025-03-08T20:50:17.770+0000] {logging_mixin.py:190} INFO - [2025-03-08T20:50:17.770+0000] {dag.py:4180} INFO - Setting next_dagrun for example_skip_dag to 2025-03-07 00:00:00+00:00, run_after=2025-03-08 00:00:00+00:00
[2025-03-08T20:50:17.787+0000] {processor.py:208} INFO - Processing /home/airflow/.local/lib/python3.12/site-packages/airflow/example_dags/example_skip_dag.py took 0.072 seconds
