[2025-03-08T20:32:36.067+0000] {processor.py:186} INFO - Started process (PID=106) to work on /home/airflow/.local/lib/python3.12/site-packages/airflow/example_dags/example_sensors.py
[2025-03-08T20:32:36.067+0000] {processor.py:914} INFO - Processing file /home/airflow/.local/lib/python3.12/site-packages/airflow/example_dags/example_sensors.py for tasks to queue
[2025-03-08T20:32:36.069+0000] {logging_mixin.py:190} INFO - [2025-03-08T20:32:36.069+0000] {dagbag.py:588} INFO - Filling up the DagBag from /home/airflow/.local/lib/python3.12/site-packages/airflow/example_dags/example_sensors.py
[2025-03-08T20:32:36.081+0000] {processor.py:925} INFO - DAG(s) 'example_sensors' retrieved from /home/airflow/.local/lib/python3.12/site-packages/airflow/example_dags/example_sensors.py
[2025-03-08T20:32:36.180+0000] {logging_mixin.py:190} INFO - [2025-03-08T20:32:36.179+0000] {override.py:1912} INFO - Created Permission View: can edit on DAG:example_sensors
[2025-03-08T20:32:36.190+0000] {logging_mixin.py:190} INFO - [2025-03-08T20:32:36.189+0000] {override.py:1912} INFO - Created Permission View: can read on DAG:example_sensors
[2025-03-08T20:32:36.195+0000] {logging_mixin.py:190} INFO - [2025-03-08T20:32:36.195+0000] {override.py:1912} INFO - Created Permission View: can delete on DAG:example_sensors
[2025-03-08T20:32:36.202+0000] {logging_mixin.py:190} INFO - [2025-03-08T20:32:36.201+0000] {override.py:1912} INFO - Created Permission View: can read on DAG Run:example_sensors
[2025-03-08T20:32:36.207+0000] {logging_mixin.py:190} INFO - [2025-03-08T20:32:36.206+0000] {override.py:1912} INFO - Created Permission View: menu access on DAG Run:example_sensors
[2025-03-08T20:32:36.212+0000] {logging_mixin.py:190} INFO - [2025-03-08T20:32:36.211+0000] {override.py:1912} INFO - Created Permission View: can create on DAG Run:example_sensors
[2025-03-08T20:32:36.216+0000] {logging_mixin.py:190} INFO - [2025-03-08T20:32:36.216+0000] {override.py:1912} INFO - Created Permission View: can delete on DAG Run:example_sensors
[2025-03-08T20:32:36.217+0000] {logging_mixin.py:190} INFO - [2025-03-08T20:32:36.217+0000] {dag.py:3239} INFO - Sync 1 DAGs
[2025-03-08T20:32:36.227+0000] {logging_mixin.py:190} INFO - [2025-03-08T20:32:36.227+0000] {dag.py:3262} INFO - Creating ORM DAG for example_sensors
[2025-03-08T20:32:36.228+0000] {logging_mixin.py:190} INFO - [2025-03-08T20:32:36.227+0000] {dag.py:4180} INFO - Setting next_dagrun for example_sensors to None, run_after=None
[2025-03-08T20:32:36.240+0000] {processor.py:208} INFO - Processing /home/airflow/.local/lib/python3.12/site-packages/airflow/example_dags/example_sensors.py took 0.179 seconds
[2025-03-08T20:33:06.363+0000] {processor.py:186} INFO - Started process (PID=169) to work on /home/airflow/.local/lib/python3.12/site-packages/airflow/example_dags/example_sensors.py
[2025-03-08T20:33:06.364+0000] {processor.py:914} INFO - Processing file /home/airflow/.local/lib/python3.12/site-packages/airflow/example_dags/example_sensors.py for tasks to queue
[2025-03-08T20:33:06.366+0000] {logging_mixin.py:190} INFO - [2025-03-08T20:33:06.366+0000] {dagbag.py:588} INFO - Filling up the DagBag from /home/airflow/.local/lib/python3.12/site-packages/airflow/example_dags/example_sensors.py
[2025-03-08T20:33:06.376+0000] {processor.py:925} INFO - DAG(s) 'example_sensors' retrieved from /home/airflow/.local/lib/python3.12/site-packages/airflow/example_dags/example_sensors.py
[2025-03-08T20:33:06.399+0000] {logging_mixin.py:190} INFO - [2025-03-08T20:33:06.398+0000] {dag.py:3239} INFO - Sync 1 DAGs
[2025-03-08T20:33:06.410+0000] {logging_mixin.py:190} INFO - [2025-03-08T20:33:06.410+0000] {dag.py:4180} INFO - Setting next_dagrun for example_sensors to None, run_after=None
[2025-03-08T20:33:06.426+0000] {processor.py:208} INFO - Processing /home/airflow/.local/lib/python3.12/site-packages/airflow/example_dags/example_sensors.py took 0.070 seconds
[2025-03-08T20:33:36.933+0000] {processor.py:186} INFO - Started process (PID=232) to work on /home/airflow/.local/lib/python3.12/site-packages/airflow/example_dags/example_sensors.py
[2025-03-08T20:33:36.935+0000] {processor.py:914} INFO - Processing file /home/airflow/.local/lib/python3.12/site-packages/airflow/example_dags/example_sensors.py for tasks to queue
[2025-03-08T20:33:36.937+0000] {logging_mixin.py:190} INFO - [2025-03-08T20:33:36.937+0000] {dagbag.py:588} INFO - Filling up the DagBag from /home/airflow/.local/lib/python3.12/site-packages/airflow/example_dags/example_sensors.py
[2025-03-08T20:33:36.947+0000] {processor.py:925} INFO - DAG(s) 'example_sensors' retrieved from /home/airflow/.local/lib/python3.12/site-packages/airflow/example_dags/example_sensors.py
[2025-03-08T20:33:36.973+0000] {logging_mixin.py:190} INFO - [2025-03-08T20:33:36.973+0000] {dag.py:3239} INFO - Sync 1 DAGs
[2025-03-08T20:33:36.985+0000] {logging_mixin.py:190} INFO - [2025-03-08T20:33:36.985+0000] {dag.py:4180} INFO - Setting next_dagrun for example_sensors to None, run_after=None
[2025-03-08T20:33:37.000+0000] {processor.py:208} INFO - Processing /home/airflow/.local/lib/python3.12/site-packages/airflow/example_dags/example_sensors.py took 0.073 seconds
[2025-03-08T20:34:07.963+0000] {processor.py:186} INFO - Started process (PID=295) to work on /home/airflow/.local/lib/python3.12/site-packages/airflow/example_dags/example_sensors.py
[2025-03-08T20:34:07.964+0000] {processor.py:914} INFO - Processing file /home/airflow/.local/lib/python3.12/site-packages/airflow/example_dags/example_sensors.py for tasks to queue
[2025-03-08T20:34:07.967+0000] {logging_mixin.py:190} INFO - [2025-03-08T20:34:07.966+0000] {dagbag.py:588} INFO - Filling up the DagBag from /home/airflow/.local/lib/python3.12/site-packages/airflow/example_dags/example_sensors.py
[2025-03-08T20:34:07.979+0000] {processor.py:925} INFO - DAG(s) 'example_sensors' retrieved from /home/airflow/.local/lib/python3.12/site-packages/airflow/example_dags/example_sensors.py
[2025-03-08T20:34:08.006+0000] {logging_mixin.py:190} INFO - [2025-03-08T20:34:08.006+0000] {dag.py:3239} INFO - Sync 1 DAGs
[2025-03-08T20:34:08.020+0000] {logging_mixin.py:190} INFO - [2025-03-08T20:34:08.020+0000] {dag.py:4180} INFO - Setting next_dagrun for example_sensors to None, run_after=None
[2025-03-08T20:34:08.040+0000] {processor.py:208} INFO - Processing /home/airflow/.local/lib/python3.12/site-packages/airflow/example_dags/example_sensors.py took 0.084 seconds
[2025-03-08T20:34:38.933+0000] {processor.py:186} INFO - Started process (PID=358) to work on /home/airflow/.local/lib/python3.12/site-packages/airflow/example_dags/example_sensors.py
[2025-03-08T20:34:38.934+0000] {processor.py:914} INFO - Processing file /home/airflow/.local/lib/python3.12/site-packages/airflow/example_dags/example_sensors.py for tasks to queue
[2025-03-08T20:34:38.936+0000] {logging_mixin.py:190} INFO - [2025-03-08T20:34:38.936+0000] {dagbag.py:588} INFO - Filling up the DagBag from /home/airflow/.local/lib/python3.12/site-packages/airflow/example_dags/example_sensors.py
[2025-03-08T20:34:38.946+0000] {processor.py:925} INFO - DAG(s) 'example_sensors' retrieved from /home/airflow/.local/lib/python3.12/site-packages/airflow/example_dags/example_sensors.py
[2025-03-08T20:34:38.967+0000] {logging_mixin.py:190} INFO - [2025-03-08T20:34:38.967+0000] {dag.py:3239} INFO - Sync 1 DAGs
[2025-03-08T20:34:38.981+0000] {logging_mixin.py:190} INFO - [2025-03-08T20:34:38.980+0000] {dag.py:4180} INFO - Setting next_dagrun for example_sensors to None, run_after=None
[2025-03-08T20:34:38.998+0000] {processor.py:208} INFO - Processing /home/airflow/.local/lib/python3.12/site-packages/airflow/example_dags/example_sensors.py took 0.071 seconds
[2025-03-08T20:35:09.465+0000] {processor.py:186} INFO - Started process (PID=420) to work on /home/airflow/.local/lib/python3.12/site-packages/airflow/example_dags/example_sensors.py
[2025-03-08T20:35:09.465+0000] {processor.py:914} INFO - Processing file /home/airflow/.local/lib/python3.12/site-packages/airflow/example_dags/example_sensors.py for tasks to queue
[2025-03-08T20:35:09.467+0000] {logging_mixin.py:190} INFO - [2025-03-08T20:35:09.467+0000] {dagbag.py:588} INFO - Filling up the DagBag from /home/airflow/.local/lib/python3.12/site-packages/airflow/example_dags/example_sensors.py
[2025-03-08T20:35:09.477+0000] {processor.py:925} INFO - DAG(s) 'example_sensors' retrieved from /home/airflow/.local/lib/python3.12/site-packages/airflow/example_dags/example_sensors.py
[2025-03-08T20:35:09.504+0000] {logging_mixin.py:190} INFO - [2025-03-08T20:35:09.503+0000] {dag.py:3239} INFO - Sync 1 DAGs
[2025-03-08T20:35:09.518+0000] {logging_mixin.py:190} INFO - [2025-03-08T20:35:09.518+0000] {dag.py:4180} INFO - Setting next_dagrun for example_sensors to None, run_after=None
[2025-03-08T20:35:09.539+0000] {processor.py:208} INFO - Processing /home/airflow/.local/lib/python3.12/site-packages/airflow/example_dags/example_sensors.py took 0.081 seconds
[2025-03-08T20:35:39.971+0000] {processor.py:186} INFO - Started process (PID=483) to work on /home/airflow/.local/lib/python3.12/site-packages/airflow/example_dags/example_sensors.py
[2025-03-08T20:35:39.972+0000] {processor.py:914} INFO - Processing file /home/airflow/.local/lib/python3.12/site-packages/airflow/example_dags/example_sensors.py for tasks to queue
[2025-03-08T20:35:39.974+0000] {logging_mixin.py:190} INFO - [2025-03-08T20:35:39.974+0000] {dagbag.py:588} INFO - Filling up the DagBag from /home/airflow/.local/lib/python3.12/site-packages/airflow/example_dags/example_sensors.py
[2025-03-08T20:35:39.983+0000] {processor.py:925} INFO - DAG(s) 'example_sensors' retrieved from /home/airflow/.local/lib/python3.12/site-packages/airflow/example_dags/example_sensors.py
[2025-03-08T20:35:40.004+0000] {logging_mixin.py:190} INFO - [2025-03-08T20:35:40.004+0000] {dag.py:3239} INFO - Sync 1 DAGs
[2025-03-08T20:35:40.015+0000] {logging_mixin.py:190} INFO - [2025-03-08T20:35:40.015+0000] {dag.py:4180} INFO - Setting next_dagrun for example_sensors to None, run_after=None
[2025-03-08T20:35:40.041+0000] {processor.py:208} INFO - Processing /home/airflow/.local/lib/python3.12/site-packages/airflow/example_dags/example_sensors.py took 0.075 seconds
[2025-03-08T20:36:10.338+0000] {processor.py:186} INFO - Started process (PID=546) to work on /home/airflow/.local/lib/python3.12/site-packages/airflow/example_dags/example_sensors.py
[2025-03-08T20:36:10.339+0000] {processor.py:914} INFO - Processing file /home/airflow/.local/lib/python3.12/site-packages/airflow/example_dags/example_sensors.py for tasks to queue
[2025-03-08T20:36:10.341+0000] {logging_mixin.py:190} INFO - [2025-03-08T20:36:10.341+0000] {dagbag.py:588} INFO - Filling up the DagBag from /home/airflow/.local/lib/python3.12/site-packages/airflow/example_dags/example_sensors.py
[2025-03-08T20:36:10.351+0000] {processor.py:925} INFO - DAG(s) 'example_sensors' retrieved from /home/airflow/.local/lib/python3.12/site-packages/airflow/example_dags/example_sensors.py
[2025-03-08T20:36:10.372+0000] {logging_mixin.py:190} INFO - [2025-03-08T20:36:10.371+0000] {dag.py:3239} INFO - Sync 1 DAGs
[2025-03-08T20:36:10.386+0000] {logging_mixin.py:190} INFO - [2025-03-08T20:36:10.386+0000] {dag.py:4180} INFO - Setting next_dagrun for example_sensors to None, run_after=None
[2025-03-08T20:36:10.405+0000] {processor.py:208} INFO - Processing /home/airflow/.local/lib/python3.12/site-packages/airflow/example_dags/example_sensors.py took 0.073 seconds
[2025-03-08T20:36:41.763+0000] {processor.py:186} INFO - Started process (PID=609) to work on /home/airflow/.local/lib/python3.12/site-packages/airflow/example_dags/example_sensors.py
[2025-03-08T20:36:41.764+0000] {processor.py:914} INFO - Processing file /home/airflow/.local/lib/python3.12/site-packages/airflow/example_dags/example_sensors.py for tasks to queue
[2025-03-08T20:36:41.766+0000] {logging_mixin.py:190} INFO - [2025-03-08T20:36:41.766+0000] {dagbag.py:588} INFO - Filling up the DagBag from /home/airflow/.local/lib/python3.12/site-packages/airflow/example_dags/example_sensors.py
[2025-03-08T20:36:41.775+0000] {processor.py:925} INFO - DAG(s) 'example_sensors' retrieved from /home/airflow/.local/lib/python3.12/site-packages/airflow/example_dags/example_sensors.py
[2025-03-08T20:36:41.797+0000] {logging_mixin.py:190} INFO - [2025-03-08T20:36:41.797+0000] {dag.py:3239} INFO - Sync 1 DAGs
[2025-03-08T20:36:41.809+0000] {logging_mixin.py:190} INFO - [2025-03-08T20:36:41.808+0000] {dag.py:4180} INFO - Setting next_dagrun for example_sensors to None, run_after=None
[2025-03-08T20:36:41.824+0000] {processor.py:208} INFO - Processing /home/airflow/.local/lib/python3.12/site-packages/airflow/example_dags/example_sensors.py took 0.066 seconds
[2025-03-08T20:37:12.842+0000] {processor.py:186} INFO - Started process (PID=672) to work on /home/airflow/.local/lib/python3.12/site-packages/airflow/example_dags/example_sensors.py
[2025-03-08T20:37:12.843+0000] {processor.py:914} INFO - Processing file /home/airflow/.local/lib/python3.12/site-packages/airflow/example_dags/example_sensors.py for tasks to queue
[2025-03-08T20:37:12.846+0000] {logging_mixin.py:190} INFO - [2025-03-08T20:37:12.846+0000] {dagbag.py:588} INFO - Filling up the DagBag from /home/airflow/.local/lib/python3.12/site-packages/airflow/example_dags/example_sensors.py
[2025-03-08T20:37:12.856+0000] {processor.py:925} INFO - DAG(s) 'example_sensors' retrieved from /home/airflow/.local/lib/python3.12/site-packages/airflow/example_dags/example_sensors.py
[2025-03-08T20:37:12.883+0000] {logging_mixin.py:190} INFO - [2025-03-08T20:37:12.883+0000] {dag.py:3239} INFO - Sync 1 DAGs
[2025-03-08T20:37:12.899+0000] {logging_mixin.py:190} INFO - [2025-03-08T20:37:12.899+0000] {dag.py:4180} INFO - Setting next_dagrun for example_sensors to None, run_after=None
[2025-03-08T20:37:12.918+0000] {processor.py:208} INFO - Processing /home/airflow/.local/lib/python3.12/site-packages/airflow/example_dags/example_sensors.py took 0.081 seconds
[2025-03-08T20:37:43.469+0000] {processor.py:186} INFO - Started process (PID=735) to work on /home/airflow/.local/lib/python3.12/site-packages/airflow/example_dags/example_sensors.py
[2025-03-08T20:37:43.470+0000] {processor.py:914} INFO - Processing file /home/airflow/.local/lib/python3.12/site-packages/airflow/example_dags/example_sensors.py for tasks to queue
[2025-03-08T20:37:43.473+0000] {logging_mixin.py:190} INFO - [2025-03-08T20:37:43.472+0000] {dagbag.py:588} INFO - Filling up the DagBag from /home/airflow/.local/lib/python3.12/site-packages/airflow/example_dags/example_sensors.py
[2025-03-08T20:37:43.485+0000] {processor.py:925} INFO - DAG(s) 'example_sensors' retrieved from /home/airflow/.local/lib/python3.12/site-packages/airflow/example_dags/example_sensors.py
[2025-03-08T20:37:43.508+0000] {logging_mixin.py:190} INFO - [2025-03-08T20:37:43.508+0000] {dag.py:3239} INFO - Sync 1 DAGs
[2025-03-08T20:37:43.520+0000] {logging_mixin.py:190} INFO - [2025-03-08T20:37:43.520+0000] {dag.py:4180} INFO - Setting next_dagrun for example_sensors to None, run_after=None
[2025-03-08T20:37:43.536+0000] {processor.py:208} INFO - Processing /home/airflow/.local/lib/python3.12/site-packages/airflow/example_dags/example_sensors.py took 0.073 seconds
[2025-03-08T20:38:14.752+0000] {processor.py:186} INFO - Started process (PID=798) to work on /home/airflow/.local/lib/python3.12/site-packages/airflow/example_dags/example_sensors.py
[2025-03-08T20:38:14.752+0000] {processor.py:914} INFO - Processing file /home/airflow/.local/lib/python3.12/site-packages/airflow/example_dags/example_sensors.py for tasks to queue
[2025-03-08T20:38:14.754+0000] {logging_mixin.py:190} INFO - [2025-03-08T20:38:14.754+0000] {dagbag.py:588} INFO - Filling up the DagBag from /home/airflow/.local/lib/python3.12/site-packages/airflow/example_dags/example_sensors.py
[2025-03-08T20:38:14.764+0000] {processor.py:925} INFO - DAG(s) 'example_sensors' retrieved from /home/airflow/.local/lib/python3.12/site-packages/airflow/example_dags/example_sensors.py
[2025-03-08T20:38:14.786+0000] {logging_mixin.py:190} INFO - [2025-03-08T20:38:14.786+0000] {dag.py:3239} INFO - Sync 1 DAGs
[2025-03-08T20:38:14.799+0000] {logging_mixin.py:190} INFO - [2025-03-08T20:38:14.799+0000] {dag.py:4180} INFO - Setting next_dagrun for example_sensors to None, run_after=None
[2025-03-08T20:38:14.816+0000] {processor.py:208} INFO - Processing /home/airflow/.local/lib/python3.12/site-packages/airflow/example_dags/example_sensors.py took 0.070 seconds
[2025-03-08T20:38:45.229+0000] {processor.py:186} INFO - Started process (PID=861) to work on /home/airflow/.local/lib/python3.12/site-packages/airflow/example_dags/example_sensors.py
[2025-03-08T20:38:45.230+0000] {processor.py:914} INFO - Processing file /home/airflow/.local/lib/python3.12/site-packages/airflow/example_dags/example_sensors.py for tasks to queue
[2025-03-08T20:38:45.232+0000] {logging_mixin.py:190} INFO - [2025-03-08T20:38:45.231+0000] {dagbag.py:588} INFO - Filling up the DagBag from /home/airflow/.local/lib/python3.12/site-packages/airflow/example_dags/example_sensors.py
[2025-03-08T20:38:45.242+0000] {processor.py:925} INFO - DAG(s) 'example_sensors' retrieved from /home/airflow/.local/lib/python3.12/site-packages/airflow/example_dags/example_sensors.py
[2025-03-08T20:38:45.265+0000] {logging_mixin.py:190} INFO - [2025-03-08T20:38:45.264+0000] {dag.py:3239} INFO - Sync 1 DAGs
[2025-03-08T20:38:45.277+0000] {logging_mixin.py:190} INFO - [2025-03-08T20:38:45.277+0000] {dag.py:4180} INFO - Setting next_dagrun for example_sensors to None, run_after=None
[2025-03-08T20:38:45.294+0000] {processor.py:208} INFO - Processing /home/airflow/.local/lib/python3.12/site-packages/airflow/example_dags/example_sensors.py took 0.071 seconds
[2025-03-08T20:39:16.947+0000] {processor.py:186} INFO - Started process (PID=924) to work on /home/airflow/.local/lib/python3.12/site-packages/airflow/example_dags/example_sensors.py
[2025-03-08T20:39:16.948+0000] {processor.py:914} INFO - Processing file /home/airflow/.local/lib/python3.12/site-packages/airflow/example_dags/example_sensors.py for tasks to queue
[2025-03-08T20:39:16.950+0000] {logging_mixin.py:190} INFO - [2025-03-08T20:39:16.950+0000] {dagbag.py:588} INFO - Filling up the DagBag from /home/airflow/.local/lib/python3.12/site-packages/airflow/example_dags/example_sensors.py
[2025-03-08T20:39:16.959+0000] {processor.py:925} INFO - DAG(s) 'example_sensors' retrieved from /home/airflow/.local/lib/python3.12/site-packages/airflow/example_dags/example_sensors.py
[2025-03-08T20:39:16.981+0000] {logging_mixin.py:190} INFO - [2025-03-08T20:39:16.981+0000] {dag.py:3239} INFO - Sync 1 DAGs
[2025-03-08T20:39:16.993+0000] {logging_mixin.py:190} INFO - [2025-03-08T20:39:16.993+0000] {dag.py:4180} INFO - Setting next_dagrun for example_sensors to None, run_after=None
[2025-03-08T20:39:17.010+0000] {processor.py:208} INFO - Processing /home/airflow/.local/lib/python3.12/site-packages/airflow/example_dags/example_sensors.py took 0.068 seconds
[2025-03-08T20:39:48.002+0000] {processor.py:186} INFO - Started process (PID=987) to work on /home/airflow/.local/lib/python3.12/site-packages/airflow/example_dags/example_sensors.py
[2025-03-08T20:39:48.002+0000] {processor.py:914} INFO - Processing file /home/airflow/.local/lib/python3.12/site-packages/airflow/example_dags/example_sensors.py for tasks to queue
[2025-03-08T20:39:48.004+0000] {logging_mixin.py:190} INFO - [2025-03-08T20:39:48.004+0000] {dagbag.py:588} INFO - Filling up the DagBag from /home/airflow/.local/lib/python3.12/site-packages/airflow/example_dags/example_sensors.py
[2025-03-08T20:39:48.013+0000] {processor.py:925} INFO - DAG(s) 'example_sensors' retrieved from /home/airflow/.local/lib/python3.12/site-packages/airflow/example_dags/example_sensors.py
[2025-03-08T20:39:48.035+0000] {logging_mixin.py:190} INFO - [2025-03-08T20:39:48.035+0000] {dag.py:3239} INFO - Sync 1 DAGs
[2025-03-08T20:39:48.047+0000] {logging_mixin.py:190} INFO - [2025-03-08T20:39:48.046+0000] {dag.py:4180} INFO - Setting next_dagrun for example_sensors to None, run_after=None
[2025-03-08T20:39:48.064+0000] {processor.py:208} INFO - Processing /home/airflow/.local/lib/python3.12/site-packages/airflow/example_dags/example_sensors.py took 0.069 seconds
[2025-03-08T20:40:18.668+0000] {processor.py:186} INFO - Started process (PID=1050) to work on /home/airflow/.local/lib/python3.12/site-packages/airflow/example_dags/example_sensors.py
[2025-03-08T20:40:18.669+0000] {processor.py:914} INFO - Processing file /home/airflow/.local/lib/python3.12/site-packages/airflow/example_dags/example_sensors.py for tasks to queue
[2025-03-08T20:40:18.671+0000] {logging_mixin.py:190} INFO - [2025-03-08T20:40:18.670+0000] {dagbag.py:588} INFO - Filling up the DagBag from /home/airflow/.local/lib/python3.12/site-packages/airflow/example_dags/example_sensors.py
[2025-03-08T20:40:18.680+0000] {processor.py:925} INFO - DAG(s) 'example_sensors' retrieved from /home/airflow/.local/lib/python3.12/site-packages/airflow/example_dags/example_sensors.py
[2025-03-08T20:40:18.702+0000] {logging_mixin.py:190} INFO - [2025-03-08T20:40:18.702+0000] {dag.py:3239} INFO - Sync 1 DAGs
[2025-03-08T20:40:18.714+0000] {logging_mixin.py:190} INFO - [2025-03-08T20:40:18.713+0000] {dag.py:4180} INFO - Setting next_dagrun for example_sensors to None, run_after=None
[2025-03-08T20:40:18.732+0000] {processor.py:208} INFO - Processing /home/airflow/.local/lib/python3.12/site-packages/airflow/example_dags/example_sensors.py took 0.069 seconds
[2025-03-08T20:40:49.976+0000] {processor.py:186} INFO - Started process (PID=1113) to work on /home/airflow/.local/lib/python3.12/site-packages/airflow/example_dags/example_sensors.py
[2025-03-08T20:40:49.977+0000] {processor.py:914} INFO - Processing file /home/airflow/.local/lib/python3.12/site-packages/airflow/example_dags/example_sensors.py for tasks to queue
[2025-03-08T20:40:49.978+0000] {logging_mixin.py:190} INFO - [2025-03-08T20:40:49.978+0000] {dagbag.py:588} INFO - Filling up the DagBag from /home/airflow/.local/lib/python3.12/site-packages/airflow/example_dags/example_sensors.py
[2025-03-08T20:40:49.987+0000] {processor.py:925} INFO - DAG(s) 'example_sensors' retrieved from /home/airflow/.local/lib/python3.12/site-packages/airflow/example_dags/example_sensors.py
[2025-03-08T20:40:50.009+0000] {logging_mixin.py:190} INFO - [2025-03-08T20:40:50.009+0000] {dag.py:3239} INFO - Sync 1 DAGs
[2025-03-08T20:40:50.021+0000] {logging_mixin.py:190} INFO - [2025-03-08T20:40:50.021+0000] {dag.py:4180} INFO - Setting next_dagrun for example_sensors to None, run_after=None
[2025-03-08T20:40:50.036+0000] {processor.py:208} INFO - Processing /home/airflow/.local/lib/python3.12/site-packages/airflow/example_dags/example_sensors.py took 0.065 seconds
[2025-03-08T20:41:21.741+0000] {processor.py:186} INFO - Started process (PID=1176) to work on /home/airflow/.local/lib/python3.12/site-packages/airflow/example_dags/example_sensors.py
[2025-03-08T20:41:21.742+0000] {processor.py:914} INFO - Processing file /home/airflow/.local/lib/python3.12/site-packages/airflow/example_dags/example_sensors.py for tasks to queue
[2025-03-08T20:41:21.744+0000] {logging_mixin.py:190} INFO - [2025-03-08T20:41:21.743+0000] {dagbag.py:588} INFO - Filling up the DagBag from /home/airflow/.local/lib/python3.12/site-packages/airflow/example_dags/example_sensors.py
[2025-03-08T20:41:21.753+0000] {processor.py:925} INFO - DAG(s) 'example_sensors' retrieved from /home/airflow/.local/lib/python3.12/site-packages/airflow/example_dags/example_sensors.py
[2025-03-08T20:41:21.775+0000] {logging_mixin.py:190} INFO - [2025-03-08T20:41:21.775+0000] {dag.py:3239} INFO - Sync 1 DAGs
[2025-03-08T20:41:21.787+0000] {logging_mixin.py:190} INFO - [2025-03-08T20:41:21.787+0000] {dag.py:4180} INFO - Setting next_dagrun for example_sensors to None, run_after=None
[2025-03-08T20:41:21.803+0000] {processor.py:208} INFO - Processing /home/airflow/.local/lib/python3.12/site-packages/airflow/example_dags/example_sensors.py took 0.068 seconds
[2025-03-08T20:41:52.742+0000] {processor.py:186} INFO - Started process (PID=1239) to work on /home/airflow/.local/lib/python3.12/site-packages/airflow/example_dags/example_sensors.py
[2025-03-08T20:41:52.743+0000] {processor.py:914} INFO - Processing file /home/airflow/.local/lib/python3.12/site-packages/airflow/example_dags/example_sensors.py for tasks to queue
[2025-03-08T20:41:52.745+0000] {logging_mixin.py:190} INFO - [2025-03-08T20:41:52.745+0000] {dagbag.py:588} INFO - Filling up the DagBag from /home/airflow/.local/lib/python3.12/site-packages/airflow/example_dags/example_sensors.py
[2025-03-08T20:41:52.754+0000] {processor.py:925} INFO - DAG(s) 'example_sensors' retrieved from /home/airflow/.local/lib/python3.12/site-packages/airflow/example_dags/example_sensors.py
[2025-03-08T20:41:52.775+0000] {logging_mixin.py:190} INFO - [2025-03-08T20:41:52.775+0000] {dag.py:3239} INFO - Sync 1 DAGs
[2025-03-08T20:41:52.786+0000] {logging_mixin.py:190} INFO - [2025-03-08T20:41:52.786+0000] {dag.py:4180} INFO - Setting next_dagrun for example_sensors to None, run_after=None
[2025-03-08T20:41:52.803+0000] {processor.py:208} INFO - Processing /home/airflow/.local/lib/python3.12/site-packages/airflow/example_dags/example_sensors.py took 0.066 seconds
[2025-03-08T20:42:23.627+0000] {processor.py:186} INFO - Started process (PID=1302) to work on /home/airflow/.local/lib/python3.12/site-packages/airflow/example_dags/example_sensors.py
[2025-03-08T20:42:23.628+0000] {processor.py:914} INFO - Processing file /home/airflow/.local/lib/python3.12/site-packages/airflow/example_dags/example_sensors.py for tasks to queue
[2025-03-08T20:42:23.630+0000] {logging_mixin.py:190} INFO - [2025-03-08T20:42:23.630+0000] {dagbag.py:588} INFO - Filling up the DagBag from /home/airflow/.local/lib/python3.12/site-packages/airflow/example_dags/example_sensors.py
[2025-03-08T20:42:23.643+0000] {processor.py:925} INFO - DAG(s) 'example_sensors' retrieved from /home/airflow/.local/lib/python3.12/site-packages/airflow/example_dags/example_sensors.py
[2025-03-08T20:42:23.665+0000] {logging_mixin.py:190} INFO - [2025-03-08T20:42:23.665+0000] {dag.py:3239} INFO - Sync 1 DAGs
[2025-03-08T20:42:23.678+0000] {logging_mixin.py:190} INFO - [2025-03-08T20:42:23.677+0000] {dag.py:4180} INFO - Setting next_dagrun for example_sensors to None, run_after=None
[2025-03-08T20:42:23.694+0000] {processor.py:208} INFO - Processing /home/airflow/.local/lib/python3.12/site-packages/airflow/example_dags/example_sensors.py took 0.075 seconds
[2025-03-08T20:42:54.218+0000] {processor.py:186} INFO - Started process (PID=1365) to work on /home/airflow/.local/lib/python3.12/site-packages/airflow/example_dags/example_sensors.py
[2025-03-08T20:42:54.219+0000] {processor.py:914} INFO - Processing file /home/airflow/.local/lib/python3.12/site-packages/airflow/example_dags/example_sensors.py for tasks to queue
[2025-03-08T20:42:54.221+0000] {logging_mixin.py:190} INFO - [2025-03-08T20:42:54.221+0000] {dagbag.py:588} INFO - Filling up the DagBag from /home/airflow/.local/lib/python3.12/site-packages/airflow/example_dags/example_sensors.py
[2025-03-08T20:42:54.231+0000] {processor.py:925} INFO - DAG(s) 'example_sensors' retrieved from /home/airflow/.local/lib/python3.12/site-packages/airflow/example_dags/example_sensors.py
[2025-03-08T20:42:54.253+0000] {logging_mixin.py:190} INFO - [2025-03-08T20:42:54.253+0000] {dag.py:3239} INFO - Sync 1 DAGs
[2025-03-08T20:42:54.265+0000] {logging_mixin.py:190} INFO - [2025-03-08T20:42:54.265+0000] {dag.py:4180} INFO - Setting next_dagrun for example_sensors to None, run_after=None
[2025-03-08T20:42:54.282+0000] {processor.py:208} INFO - Processing /home/airflow/.local/lib/python3.12/site-packages/airflow/example_dags/example_sensors.py took 0.069 seconds
[2025-03-08T20:43:24.604+0000] {processor.py:186} INFO - Started process (PID=1428) to work on /home/airflow/.local/lib/python3.12/site-packages/airflow/example_dags/example_sensors.py
[2025-03-08T20:43:24.605+0000] {processor.py:914} INFO - Processing file /home/airflow/.local/lib/python3.12/site-packages/airflow/example_dags/example_sensors.py for tasks to queue
[2025-03-08T20:43:24.607+0000] {logging_mixin.py:190} INFO - [2025-03-08T20:43:24.607+0000] {dagbag.py:588} INFO - Filling up the DagBag from /home/airflow/.local/lib/python3.12/site-packages/airflow/example_dags/example_sensors.py
[2025-03-08T20:43:24.617+0000] {processor.py:925} INFO - DAG(s) 'example_sensors' retrieved from /home/airflow/.local/lib/python3.12/site-packages/airflow/example_dags/example_sensors.py
[2025-03-08T20:43:24.645+0000] {logging_mixin.py:190} INFO - [2025-03-08T20:43:24.645+0000] {dag.py:3239} INFO - Sync 1 DAGs
[2025-03-08T20:43:24.658+0000] {logging_mixin.py:190} INFO - [2025-03-08T20:43:24.657+0000] {dag.py:4180} INFO - Setting next_dagrun for example_sensors to None, run_after=None
[2025-03-08T20:43:24.675+0000] {processor.py:208} INFO - Processing /home/airflow/.local/lib/python3.12/site-packages/airflow/example_dags/example_sensors.py took 0.076 seconds
[2025-03-08T20:43:56.174+0000] {processor.py:186} INFO - Started process (PID=1491) to work on /home/airflow/.local/lib/python3.12/site-packages/airflow/example_dags/example_sensors.py
[2025-03-08T20:43:56.174+0000] {processor.py:914} INFO - Processing file /home/airflow/.local/lib/python3.12/site-packages/airflow/example_dags/example_sensors.py for tasks to queue
[2025-03-08T20:43:56.176+0000] {logging_mixin.py:190} INFO - [2025-03-08T20:43:56.176+0000] {dagbag.py:588} INFO - Filling up the DagBag from /home/airflow/.local/lib/python3.12/site-packages/airflow/example_dags/example_sensors.py
[2025-03-08T20:43:56.185+0000] {processor.py:925} INFO - DAG(s) 'example_sensors' retrieved from /home/airflow/.local/lib/python3.12/site-packages/airflow/example_dags/example_sensors.py
[2025-03-08T20:43:56.206+0000] {logging_mixin.py:190} INFO - [2025-03-08T20:43:56.206+0000] {dag.py:3239} INFO - Sync 1 DAGs
[2025-03-08T20:43:56.218+0000] {logging_mixin.py:190} INFO - [2025-03-08T20:43:56.217+0000] {dag.py:4180} INFO - Setting next_dagrun for example_sensors to None, run_after=None
[2025-03-08T20:43:56.235+0000] {processor.py:208} INFO - Processing /home/airflow/.local/lib/python3.12/site-packages/airflow/example_dags/example_sensors.py took 0.066 seconds
[2025-03-08T20:44:27.008+0000] {processor.py:186} INFO - Started process (PID=1554) to work on /home/airflow/.local/lib/python3.12/site-packages/airflow/example_dags/example_sensors.py
[2025-03-08T20:44:27.008+0000] {processor.py:914} INFO - Processing file /home/airflow/.local/lib/python3.12/site-packages/airflow/example_dags/example_sensors.py for tasks to queue
[2025-03-08T20:44:27.010+0000] {logging_mixin.py:190} INFO - [2025-03-08T20:44:27.010+0000] {dagbag.py:588} INFO - Filling up the DagBag from /home/airflow/.local/lib/python3.12/site-packages/airflow/example_dags/example_sensors.py
[2025-03-08T20:44:27.019+0000] {processor.py:925} INFO - DAG(s) 'example_sensors' retrieved from /home/airflow/.local/lib/python3.12/site-packages/airflow/example_dags/example_sensors.py
[2025-03-08T20:44:27.041+0000] {logging_mixin.py:190} INFO - [2025-03-08T20:44:27.041+0000] {dag.py:3239} INFO - Sync 1 DAGs
[2025-03-08T20:44:27.052+0000] {logging_mixin.py:190} INFO - [2025-03-08T20:44:27.052+0000] {dag.py:4180} INFO - Setting next_dagrun for example_sensors to None, run_after=None
[2025-03-08T20:44:27.071+0000] {processor.py:208} INFO - Processing /home/airflow/.local/lib/python3.12/site-packages/airflow/example_dags/example_sensors.py took 0.068 seconds
[2025-03-08T20:44:57.461+0000] {processor.py:186} INFO - Started process (PID=1617) to work on /home/airflow/.local/lib/python3.12/site-packages/airflow/example_dags/example_sensors.py
[2025-03-08T20:44:57.462+0000] {processor.py:914} INFO - Processing file /home/airflow/.local/lib/python3.12/site-packages/airflow/example_dags/example_sensors.py for tasks to queue
[2025-03-08T20:44:57.464+0000] {logging_mixin.py:190} INFO - [2025-03-08T20:44:57.463+0000] {dagbag.py:588} INFO - Filling up the DagBag from /home/airflow/.local/lib/python3.12/site-packages/airflow/example_dags/example_sensors.py
[2025-03-08T20:44:57.475+0000] {processor.py:925} INFO - DAG(s) 'example_sensors' retrieved from /home/airflow/.local/lib/python3.12/site-packages/airflow/example_dags/example_sensors.py
[2025-03-08T20:44:57.499+0000] {logging_mixin.py:190} INFO - [2025-03-08T20:44:57.499+0000] {dag.py:3239} INFO - Sync 1 DAGs
[2025-03-08T20:44:57.511+0000] {logging_mixin.py:190} INFO - [2025-03-08T20:44:57.510+0000] {dag.py:4180} INFO - Setting next_dagrun for example_sensors to None, run_after=None
[2025-03-08T20:44:57.527+0000] {processor.py:208} INFO - Processing /home/airflow/.local/lib/python3.12/site-packages/airflow/example_dags/example_sensors.py took 0.071 seconds
[2025-03-08T20:45:28.972+0000] {processor.py:186} INFO - Started process (PID=1680) to work on /home/airflow/.local/lib/python3.12/site-packages/airflow/example_dags/example_sensors.py
[2025-03-08T20:45:28.973+0000] {processor.py:914} INFO - Processing file /home/airflow/.local/lib/python3.12/site-packages/airflow/example_dags/example_sensors.py for tasks to queue
[2025-03-08T20:45:28.976+0000] {logging_mixin.py:190} INFO - [2025-03-08T20:45:28.976+0000] {dagbag.py:588} INFO - Filling up the DagBag from /home/airflow/.local/lib/python3.12/site-packages/airflow/example_dags/example_sensors.py
[2025-03-08T20:45:28.990+0000] {processor.py:925} INFO - DAG(s) 'example_sensors' retrieved from /home/airflow/.local/lib/python3.12/site-packages/airflow/example_dags/example_sensors.py
[2025-03-08T20:45:29.018+0000] {logging_mixin.py:190} INFO - [2025-03-08T20:45:29.018+0000] {dag.py:3239} INFO - Sync 1 DAGs
[2025-03-08T20:45:29.029+0000] {logging_mixin.py:190} INFO - [2025-03-08T20:45:29.029+0000] {dag.py:4180} INFO - Setting next_dagrun for example_sensors to None, run_after=None
[2025-03-08T20:45:29.046+0000] {processor.py:208} INFO - Processing /home/airflow/.local/lib/python3.12/site-packages/airflow/example_dags/example_sensors.py took 0.082 seconds
[2025-03-08T20:46:00.569+0000] {processor.py:186} INFO - Started process (PID=1743) to work on /home/airflow/.local/lib/python3.12/site-packages/airflow/example_dags/example_sensors.py
[2025-03-08T20:46:00.570+0000] {processor.py:914} INFO - Processing file /home/airflow/.local/lib/python3.12/site-packages/airflow/example_dags/example_sensors.py for tasks to queue
[2025-03-08T20:46:00.572+0000] {logging_mixin.py:190} INFO - [2025-03-08T20:46:00.572+0000] {dagbag.py:588} INFO - Filling up the DagBag from /home/airflow/.local/lib/python3.12/site-packages/airflow/example_dags/example_sensors.py
[2025-03-08T20:46:00.582+0000] {processor.py:925} INFO - DAG(s) 'example_sensors' retrieved from /home/airflow/.local/lib/python3.12/site-packages/airflow/example_dags/example_sensors.py
[2025-03-08T20:46:00.603+0000] {logging_mixin.py:190} INFO - [2025-03-08T20:46:00.603+0000] {dag.py:3239} INFO - Sync 1 DAGs
[2025-03-08T20:46:00.616+0000] {logging_mixin.py:190} INFO - [2025-03-08T20:46:00.616+0000] {dag.py:4180} INFO - Setting next_dagrun for example_sensors to None, run_after=None
[2025-03-08T20:46:00.633+0000] {processor.py:208} INFO - Processing /home/airflow/.local/lib/python3.12/site-packages/airflow/example_dags/example_sensors.py took 0.070 seconds
[2025-03-08T20:46:32.342+0000] {processor.py:186} INFO - Started process (PID=1812) to work on /home/airflow/.local/lib/python3.12/site-packages/airflow/example_dags/example_sensors.py
[2025-03-08T20:46:32.343+0000] {processor.py:914} INFO - Processing file /home/airflow/.local/lib/python3.12/site-packages/airflow/example_dags/example_sensors.py for tasks to queue
[2025-03-08T20:46:32.345+0000] {logging_mixin.py:190} INFO - [2025-03-08T20:46:32.345+0000] {dagbag.py:588} INFO - Filling up the DagBag from /home/airflow/.local/lib/python3.12/site-packages/airflow/example_dags/example_sensors.py
[2025-03-08T20:46:32.355+0000] {processor.py:925} INFO - DAG(s) 'example_sensors' retrieved from /home/airflow/.local/lib/python3.12/site-packages/airflow/example_dags/example_sensors.py
[2025-03-08T20:46:32.378+0000] {logging_mixin.py:190} INFO - [2025-03-08T20:46:32.378+0000] {dag.py:3239} INFO - Sync 1 DAGs
[2025-03-08T20:46:32.390+0000] {logging_mixin.py:190} INFO - [2025-03-08T20:46:32.390+0000] {dag.py:4180} INFO - Setting next_dagrun for example_sensors to None, run_after=None
[2025-03-08T20:46:32.406+0000] {processor.py:208} INFO - Processing /home/airflow/.local/lib/python3.12/site-packages/airflow/example_dags/example_sensors.py took 0.069 seconds
[2025-03-08T20:47:02.568+0000] {processor.py:186} INFO - Started process (PID=1875) to work on /home/airflow/.local/lib/python3.12/site-packages/airflow/example_dags/example_sensors.py
[2025-03-08T20:47:02.569+0000] {processor.py:914} INFO - Processing file /home/airflow/.local/lib/python3.12/site-packages/airflow/example_dags/example_sensors.py for tasks to queue
[2025-03-08T20:47:02.572+0000] {logging_mixin.py:190} INFO - [2025-03-08T20:47:02.571+0000] {dagbag.py:588} INFO - Filling up the DagBag from /home/airflow/.local/lib/python3.12/site-packages/airflow/example_dags/example_sensors.py
[2025-03-08T20:47:02.582+0000] {processor.py:925} INFO - DAG(s) 'example_sensors' retrieved from /home/airflow/.local/lib/python3.12/site-packages/airflow/example_dags/example_sensors.py
[2025-03-08T20:47:02.604+0000] {logging_mixin.py:190} INFO - [2025-03-08T20:47:02.604+0000] {dag.py:3239} INFO - Sync 1 DAGs
[2025-03-08T20:47:02.618+0000] {logging_mixin.py:190} INFO - [2025-03-08T20:47:02.618+0000] {dag.py:4180} INFO - Setting next_dagrun for example_sensors to None, run_after=None
[2025-03-08T20:47:02.634+0000] {processor.py:208} INFO - Processing /home/airflow/.local/lib/python3.12/site-packages/airflow/example_dags/example_sensors.py took 0.072 seconds
[2025-03-08T20:47:34.184+0000] {processor.py:186} INFO - Started process (PID=1938) to work on /home/airflow/.local/lib/python3.12/site-packages/airflow/example_dags/example_sensors.py
[2025-03-08T20:47:34.184+0000] {processor.py:914} INFO - Processing file /home/airflow/.local/lib/python3.12/site-packages/airflow/example_dags/example_sensors.py for tasks to queue
[2025-03-08T20:47:34.186+0000] {logging_mixin.py:190} INFO - [2025-03-08T20:47:34.186+0000] {dagbag.py:588} INFO - Filling up the DagBag from /home/airflow/.local/lib/python3.12/site-packages/airflow/example_dags/example_sensors.py
[2025-03-08T20:47:34.198+0000] {processor.py:925} INFO - DAG(s) 'example_sensors' retrieved from /home/airflow/.local/lib/python3.12/site-packages/airflow/example_dags/example_sensors.py
[2025-03-08T20:47:34.221+0000] {logging_mixin.py:190} INFO - [2025-03-08T20:47:34.221+0000] {dag.py:3239} INFO - Sync 1 DAGs
[2025-03-08T20:47:34.232+0000] {logging_mixin.py:190} INFO - [2025-03-08T20:47:34.232+0000] {dag.py:4180} INFO - Setting next_dagrun for example_sensors to None, run_after=None
[2025-03-08T20:47:34.247+0000] {processor.py:208} INFO - Processing /home/airflow/.local/lib/python3.12/site-packages/airflow/example_dags/example_sensors.py took 0.069 seconds
[2025-03-08T20:48:05.382+0000] {processor.py:186} INFO - Started process (PID=2001) to work on /home/airflow/.local/lib/python3.12/site-packages/airflow/example_dags/example_sensors.py
[2025-03-08T20:48:05.382+0000] {processor.py:914} INFO - Processing file /home/airflow/.local/lib/python3.12/site-packages/airflow/example_dags/example_sensors.py for tasks to queue
[2025-03-08T20:48:05.384+0000] {logging_mixin.py:190} INFO - [2025-03-08T20:48:05.384+0000] {dagbag.py:588} INFO - Filling up the DagBag from /home/airflow/.local/lib/python3.12/site-packages/airflow/example_dags/example_sensors.py
[2025-03-08T20:48:05.393+0000] {processor.py:925} INFO - DAG(s) 'example_sensors' retrieved from /home/airflow/.local/lib/python3.12/site-packages/airflow/example_dags/example_sensors.py
[2025-03-08T20:48:05.415+0000] {logging_mixin.py:190} INFO - [2025-03-08T20:48:05.414+0000] {dag.py:3239} INFO - Sync 1 DAGs
[2025-03-08T20:48:05.427+0000] {logging_mixin.py:190} INFO - [2025-03-08T20:48:05.426+0000] {dag.py:4180} INFO - Setting next_dagrun for example_sensors to None, run_after=None
[2025-03-08T20:48:05.444+0000] {processor.py:208} INFO - Processing /home/airflow/.local/lib/python3.12/site-packages/airflow/example_dags/example_sensors.py took 0.069 seconds
[2025-03-08T20:48:35.859+0000] {processor.py:186} INFO - Started process (PID=2064) to work on /home/airflow/.local/lib/python3.12/site-packages/airflow/example_dags/example_sensors.py
[2025-03-08T20:48:35.859+0000] {processor.py:914} INFO - Processing file /home/airflow/.local/lib/python3.12/site-packages/airflow/example_dags/example_sensors.py for tasks to queue
[2025-03-08T20:48:35.862+0000] {logging_mixin.py:190} INFO - [2025-03-08T20:48:35.861+0000] {dagbag.py:588} INFO - Filling up the DagBag from /home/airflow/.local/lib/python3.12/site-packages/airflow/example_dags/example_sensors.py
[2025-03-08T20:48:35.872+0000] {processor.py:925} INFO - DAG(s) 'example_sensors' retrieved from /home/airflow/.local/lib/python3.12/site-packages/airflow/example_dags/example_sensors.py
[2025-03-08T20:48:35.895+0000] {logging_mixin.py:190} INFO - [2025-03-08T20:48:35.895+0000] {dag.py:3239} INFO - Sync 1 DAGs
[2025-03-08T20:48:35.908+0000] {logging_mixin.py:190} INFO - [2025-03-08T20:48:35.908+0000] {dag.py:4180} INFO - Setting next_dagrun for example_sensors to None, run_after=None
[2025-03-08T20:48:35.925+0000] {processor.py:208} INFO - Processing /home/airflow/.local/lib/python3.12/site-packages/airflow/example_dags/example_sensors.py took 0.071 seconds
[2025-03-08T20:49:07.235+0000] {processor.py:186} INFO - Started process (PID=2127) to work on /home/airflow/.local/lib/python3.12/site-packages/airflow/example_dags/example_sensors.py
[2025-03-08T20:49:07.235+0000] {processor.py:914} INFO - Processing file /home/airflow/.local/lib/python3.12/site-packages/airflow/example_dags/example_sensors.py for tasks to queue
[2025-03-08T20:49:07.238+0000] {logging_mixin.py:190} INFO - [2025-03-08T20:49:07.237+0000] {dagbag.py:588} INFO - Filling up the DagBag from /home/airflow/.local/lib/python3.12/site-packages/airflow/example_dags/example_sensors.py
[2025-03-08T20:49:07.249+0000] {processor.py:925} INFO - DAG(s) 'example_sensors' retrieved from /home/airflow/.local/lib/python3.12/site-packages/airflow/example_dags/example_sensors.py
[2025-03-08T20:49:07.275+0000] {logging_mixin.py:190} INFO - [2025-03-08T20:49:07.275+0000] {dag.py:3239} INFO - Sync 1 DAGs
[2025-03-08T20:49:07.288+0000] {logging_mixin.py:190} INFO - [2025-03-08T20:49:07.288+0000] {dag.py:4180} INFO - Setting next_dagrun for example_sensors to None, run_after=None
[2025-03-08T20:49:07.307+0000] {processor.py:208} INFO - Processing /home/airflow/.local/lib/python3.12/site-packages/airflow/example_dags/example_sensors.py took 0.079 seconds
[2025-03-08T20:49:38.878+0000] {processor.py:186} INFO - Started process (PID=2190) to work on /home/airflow/.local/lib/python3.12/site-packages/airflow/example_dags/example_sensors.py
[2025-03-08T20:49:38.879+0000] {processor.py:914} INFO - Processing file /home/airflow/.local/lib/python3.12/site-packages/airflow/example_dags/example_sensors.py for tasks to queue
[2025-03-08T20:49:38.881+0000] {logging_mixin.py:190} INFO - [2025-03-08T20:49:38.881+0000] {dagbag.py:588} INFO - Filling up the DagBag from /home/airflow/.local/lib/python3.12/site-packages/airflow/example_dags/example_sensors.py
[2025-03-08T20:49:38.895+0000] {processor.py:925} INFO - DAG(s) 'example_sensors' retrieved from /home/airflow/.local/lib/python3.12/site-packages/airflow/example_dags/example_sensors.py
[2025-03-08T20:49:38.920+0000] {logging_mixin.py:190} INFO - [2025-03-08T20:49:38.919+0000] {dag.py:3239} INFO - Sync 1 DAGs
[2025-03-08T20:49:38.934+0000] {logging_mixin.py:190} INFO - [2025-03-08T20:49:38.934+0000] {dag.py:4180} INFO - Setting next_dagrun for example_sensors to None, run_after=None
[2025-03-08T20:49:38.956+0000] {processor.py:208} INFO - Processing /home/airflow/.local/lib/python3.12/site-packages/airflow/example_dags/example_sensors.py took 0.085 seconds
[2025-03-08T20:50:09.877+0000] {processor.py:186} INFO - Started process (PID=2253) to work on /home/airflow/.local/lib/python3.12/site-packages/airflow/example_dags/example_sensors.py
[2025-03-08T20:50:09.877+0000] {processor.py:914} INFO - Processing file /home/airflow/.local/lib/python3.12/site-packages/airflow/example_dags/example_sensors.py for tasks to queue
[2025-03-08T20:50:09.880+0000] {logging_mixin.py:190} INFO - [2025-03-08T20:50:09.880+0000] {dagbag.py:588} INFO - Filling up the DagBag from /home/airflow/.local/lib/python3.12/site-packages/airflow/example_dags/example_sensors.py
[2025-03-08T20:50:09.891+0000] {processor.py:925} INFO - DAG(s) 'example_sensors' retrieved from /home/airflow/.local/lib/python3.12/site-packages/airflow/example_dags/example_sensors.py
[2025-03-08T20:50:09.918+0000] {logging_mixin.py:190} INFO - [2025-03-08T20:50:09.918+0000] {dag.py:3239} INFO - Sync 1 DAGs
[2025-03-08T20:50:09.932+0000] {logging_mixin.py:190} INFO - [2025-03-08T20:50:09.932+0000] {dag.py:4180} INFO - Setting next_dagrun for example_sensors to None, run_after=None
[2025-03-08T20:50:09.952+0000] {processor.py:208} INFO - Processing /home/airflow/.local/lib/python3.12/site-packages/airflow/example_dags/example_sensors.py took 0.082 seconds
