[2025-03-08T20:32:30.607+0000] {processor.py:186} INFO - Started process (PID=76) to work on /home/airflow/.local/lib/python3.12/site-packages/airflow/example_dags/example_task_group.py
[2025-03-08T20:32:30.608+0000] {processor.py:914} INFO - Processing file /home/airflow/.local/lib/python3.12/site-packages/airflow/example_dags/example_task_group.py for tasks to queue
[2025-03-08T20:32:30.610+0000] {logging_mixin.py:190} INFO - [2025-03-08T20:32:30.609+0000] {dagbag.py:588} INFO - Filling up the DagBag from /home/airflow/.local/lib/python3.12/site-packages/airflow/example_dags/example_task_group.py
[2025-03-08T20:32:30.621+0000] {processor.py:925} INFO - DAG(s) 'example_task_group' retrieved from /home/airflow/.local/lib/python3.12/site-packages/airflow/example_dags/example_task_group.py
[2025-03-08T20:32:30.718+0000] {logging_mixin.py:190} INFO - [2025-03-08T20:32:30.718+0000] {override.py:1912} INFO - Created Permission View: can edit on DAG:example_task_group
[2025-03-08T20:32:30.726+0000] {logging_mixin.py:190} INFO - [2025-03-08T20:32:30.726+0000] {override.py:1912} INFO - Created Permission View: can read on DAG:example_task_group
[2025-03-08T20:32:30.732+0000] {logging_mixin.py:190} INFO - [2025-03-08T20:32:30.731+0000] {override.py:1912} INFO - Created Permission View: can delete on DAG:example_task_group
[2025-03-08T20:32:30.737+0000] {logging_mixin.py:190} INFO - [2025-03-08T20:32:30.737+0000] {override.py:1912} INFO - Created Permission View: can read on DAG Run:example_task_group
[2025-03-08T20:32:30.742+0000] {logging_mixin.py:190} INFO - [2025-03-08T20:32:30.742+0000] {override.py:1912} INFO - Created Permission View: menu access on DAG Run:example_task_group
[2025-03-08T20:32:30.747+0000] {logging_mixin.py:190} INFO - [2025-03-08T20:32:30.747+0000] {override.py:1912} INFO - Created Permission View: can create on DAG Run:example_task_group
[2025-03-08T20:32:30.753+0000] {logging_mixin.py:190} INFO - [2025-03-08T20:32:30.752+0000] {override.py:1912} INFO - Created Permission View: can delete on DAG Run:example_task_group
[2025-03-08T20:32:30.753+0000] {logging_mixin.py:190} INFO - [2025-03-08T20:32:30.753+0000] {dag.py:3239} INFO - Sync 1 DAGs
[2025-03-08T20:32:30.764+0000] {logging_mixin.py:190} INFO - [2025-03-08T20:32:30.764+0000] {dag.py:3262} INFO - Creating ORM DAG for example_task_group
[2025-03-08T20:32:30.765+0000] {logging_mixin.py:190} INFO - [2025-03-08T20:32:30.765+0000] {dag.py:4180} INFO - Setting next_dagrun for example_task_group to None, run_after=None
[2025-03-08T20:32:30.780+0000] {processor.py:208} INFO - Processing /home/airflow/.local/lib/python3.12/site-packages/airflow/example_dags/example_task_group.py took 0.178 seconds
[2025-03-08T20:33:01.731+0000] {processor.py:186} INFO - Started process (PID=139) to work on /home/airflow/.local/lib/python3.12/site-packages/airflow/example_dags/example_task_group.py
[2025-03-08T20:33:01.731+0000] {processor.py:914} INFO - Processing file /home/airflow/.local/lib/python3.12/site-packages/airflow/example_dags/example_task_group.py for tasks to queue
[2025-03-08T20:33:01.733+0000] {logging_mixin.py:190} INFO - [2025-03-08T20:33:01.733+0000] {dagbag.py:588} INFO - Filling up the DagBag from /home/airflow/.local/lib/python3.12/site-packages/airflow/example_dags/example_task_group.py
[2025-03-08T20:33:01.741+0000] {processor.py:925} INFO - DAG(s) 'example_task_group' retrieved from /home/airflow/.local/lib/python3.12/site-packages/airflow/example_dags/example_task_group.py
[2025-03-08T20:33:01.759+0000] {logging_mixin.py:190} INFO - [2025-03-08T20:33:01.759+0000] {dag.py:3239} INFO - Sync 1 DAGs
[2025-03-08T20:33:01.771+0000] {logging_mixin.py:190} INFO - [2025-03-08T20:33:01.771+0000] {dag.py:4180} INFO - Setting next_dagrun for example_task_group to None, run_after=None
[2025-03-08T20:33:01.788+0000] {processor.py:208} INFO - Processing /home/airflow/.local/lib/python3.12/site-packages/airflow/example_dags/example_task_group.py took 0.063 seconds
[2025-03-08T20:33:32.365+0000] {processor.py:186} INFO - Started process (PID=202) to work on /home/airflow/.local/lib/python3.12/site-packages/airflow/example_dags/example_task_group.py
[2025-03-08T20:33:32.366+0000] {processor.py:914} INFO - Processing file /home/airflow/.local/lib/python3.12/site-packages/airflow/example_dags/example_task_group.py for tasks to queue
[2025-03-08T20:33:32.368+0000] {logging_mixin.py:190} INFO - [2025-03-08T20:33:32.367+0000] {dagbag.py:588} INFO - Filling up the DagBag from /home/airflow/.local/lib/python3.12/site-packages/airflow/example_dags/example_task_group.py
[2025-03-08T20:33:32.376+0000] {processor.py:925} INFO - DAG(s) 'example_task_group' retrieved from /home/airflow/.local/lib/python3.12/site-packages/airflow/example_dags/example_task_group.py
[2025-03-08T20:33:32.395+0000] {logging_mixin.py:190} INFO - [2025-03-08T20:33:32.395+0000] {dag.py:3239} INFO - Sync 1 DAGs
[2025-03-08T20:33:32.407+0000] {logging_mixin.py:190} INFO - [2025-03-08T20:33:32.407+0000] {dag.py:4180} INFO - Setting next_dagrun for example_task_group to None, run_after=None
[2025-03-08T20:33:32.422+0000] {processor.py:208} INFO - Processing /home/airflow/.local/lib/python3.12/site-packages/airflow/example_dags/example_task_group.py took 0.062 seconds
[2025-03-08T20:34:03.131+0000] {processor.py:186} INFO - Started process (PID=265) to work on /home/airflow/.local/lib/python3.12/site-packages/airflow/example_dags/example_task_group.py
[2025-03-08T20:34:03.132+0000] {processor.py:914} INFO - Processing file /home/airflow/.local/lib/python3.12/site-packages/airflow/example_dags/example_task_group.py for tasks to queue
[2025-03-08T20:34:03.135+0000] {logging_mixin.py:190} INFO - [2025-03-08T20:34:03.134+0000] {dagbag.py:588} INFO - Filling up the DagBag from /home/airflow/.local/lib/python3.12/site-packages/airflow/example_dags/example_task_group.py
[2025-03-08T20:34:03.143+0000] {processor.py:925} INFO - DAG(s) 'example_task_group' retrieved from /home/airflow/.local/lib/python3.12/site-packages/airflow/example_dags/example_task_group.py
[2025-03-08T20:34:03.168+0000] {logging_mixin.py:190} INFO - [2025-03-08T20:34:03.168+0000] {dag.py:3239} INFO - Sync 1 DAGs
[2025-03-08T20:34:03.183+0000] {logging_mixin.py:190} INFO - [2025-03-08T20:34:03.183+0000] {dag.py:4180} INFO - Setting next_dagrun for example_task_group to None, run_after=None
[2025-03-08T20:34:03.203+0000] {processor.py:208} INFO - Processing /home/airflow/.local/lib/python3.12/site-packages/airflow/example_dags/example_task_group.py took 0.078 seconds
[2025-03-08T20:34:33.581+0000] {processor.py:186} INFO - Started process (PID=328) to work on /home/airflow/.local/lib/python3.12/site-packages/airflow/example_dags/example_task_group.py
[2025-03-08T20:34:33.582+0000] {processor.py:914} INFO - Processing file /home/airflow/.local/lib/python3.12/site-packages/airflow/example_dags/example_task_group.py for tasks to queue
[2025-03-08T20:34:33.584+0000] {logging_mixin.py:190} INFO - [2025-03-08T20:34:33.584+0000] {dagbag.py:588} INFO - Filling up the DagBag from /home/airflow/.local/lib/python3.12/site-packages/airflow/example_dags/example_task_group.py
[2025-03-08T20:34:33.592+0000] {processor.py:925} INFO - DAG(s) 'example_task_group' retrieved from /home/airflow/.local/lib/python3.12/site-packages/airflow/example_dags/example_task_group.py
[2025-03-08T20:34:33.611+0000] {logging_mixin.py:190} INFO - [2025-03-08T20:34:33.610+0000] {dag.py:3239} INFO - Sync 1 DAGs
[2025-03-08T20:34:33.623+0000] {logging_mixin.py:190} INFO - [2025-03-08T20:34:33.623+0000] {dag.py:4180} INFO - Setting next_dagrun for example_task_group to None, run_after=None
[2025-03-08T20:34:33.642+0000] {processor.py:208} INFO - Processing /home/airflow/.local/lib/python3.12/site-packages/airflow/example_dags/example_task_group.py took 0.066 seconds
[2025-03-08T20:35:04.329+0000] {processor.py:186} INFO - Started process (PID=391) to work on /home/airflow/.local/lib/python3.12/site-packages/airflow/example_dags/example_task_group.py
[2025-03-08T20:35:04.329+0000] {processor.py:914} INFO - Processing file /home/airflow/.local/lib/python3.12/site-packages/airflow/example_dags/example_task_group.py for tasks to queue
[2025-03-08T20:35:04.332+0000] {logging_mixin.py:190} INFO - [2025-03-08T20:35:04.331+0000] {dagbag.py:588} INFO - Filling up the DagBag from /home/airflow/.local/lib/python3.12/site-packages/airflow/example_dags/example_task_group.py
[2025-03-08T20:35:04.339+0000] {processor.py:925} INFO - DAG(s) 'example_task_group' retrieved from /home/airflow/.local/lib/python3.12/site-packages/airflow/example_dags/example_task_group.py
[2025-03-08T20:35:04.356+0000] {logging_mixin.py:190} INFO - [2025-03-08T20:35:04.356+0000] {dag.py:3239} INFO - Sync 1 DAGs
[2025-03-08T20:35:04.367+0000] {logging_mixin.py:190} INFO - [2025-03-08T20:35:04.367+0000] {dag.py:4180} INFO - Setting next_dagrun for example_task_group to None, run_after=None
[2025-03-08T20:35:04.384+0000] {processor.py:208} INFO - Processing /home/airflow/.local/lib/python3.12/site-packages/airflow/example_dags/example_task_group.py took 0.060 seconds
[2025-03-08T20:35:34.826+0000] {processor.py:186} INFO - Started process (PID=454) to work on /home/airflow/.local/lib/python3.12/site-packages/airflow/example_dags/example_task_group.py
[2025-03-08T20:35:34.827+0000] {processor.py:914} INFO - Processing file /home/airflow/.local/lib/python3.12/site-packages/airflow/example_dags/example_task_group.py for tasks to queue
[2025-03-08T20:35:34.829+0000] {logging_mixin.py:190} INFO - [2025-03-08T20:35:34.829+0000] {dagbag.py:588} INFO - Filling up the DagBag from /home/airflow/.local/lib/python3.12/site-packages/airflow/example_dags/example_task_group.py
[2025-03-08T20:35:34.836+0000] {processor.py:925} INFO - DAG(s) 'example_task_group' retrieved from /home/airflow/.local/lib/python3.12/site-packages/airflow/example_dags/example_task_group.py
[2025-03-08T20:35:34.856+0000] {logging_mixin.py:190} INFO - [2025-03-08T20:35:34.856+0000] {dag.py:3239} INFO - Sync 1 DAGs
[2025-03-08T20:35:34.869+0000] {logging_mixin.py:190} INFO - [2025-03-08T20:35:34.868+0000] {dag.py:4180} INFO - Setting next_dagrun for example_task_group to None, run_after=None
[2025-03-08T20:35:34.883+0000] {processor.py:208} INFO - Processing /home/airflow/.local/lib/python3.12/site-packages/airflow/example_dags/example_task_group.py took 0.062 seconds
[2025-03-08T20:36:05.499+0000] {processor.py:186} INFO - Started process (PID=517) to work on /home/airflow/.local/lib/python3.12/site-packages/airflow/example_dags/example_task_group.py
[2025-03-08T20:36:05.500+0000] {processor.py:914} INFO - Processing file /home/airflow/.local/lib/python3.12/site-packages/airflow/example_dags/example_task_group.py for tasks to queue
[2025-03-08T20:36:05.502+0000] {logging_mixin.py:190} INFO - [2025-03-08T20:36:05.502+0000] {dagbag.py:588} INFO - Filling up the DagBag from /home/airflow/.local/lib/python3.12/site-packages/airflow/example_dags/example_task_group.py
[2025-03-08T20:36:05.509+0000] {processor.py:925} INFO - DAG(s) 'example_task_group' retrieved from /home/airflow/.local/lib/python3.12/site-packages/airflow/example_dags/example_task_group.py
[2025-03-08T20:36:05.529+0000] {logging_mixin.py:190} INFO - [2025-03-08T20:36:05.528+0000] {dag.py:3239} INFO - Sync 1 DAGs
[2025-03-08T20:36:05.541+0000] {logging_mixin.py:190} INFO - [2025-03-08T20:36:05.541+0000] {dag.py:4180} INFO - Setting next_dagrun for example_task_group to None, run_after=None
[2025-03-08T20:36:05.559+0000] {processor.py:208} INFO - Processing /home/airflow/.local/lib/python3.12/site-packages/airflow/example_dags/example_task_group.py took 0.066 seconds
[2025-03-08T20:36:36.523+0000] {processor.py:186} INFO - Started process (PID=580) to work on /home/airflow/.local/lib/python3.12/site-packages/airflow/example_dags/example_task_group.py
[2025-03-08T20:36:36.524+0000] {processor.py:914} INFO - Processing file /home/airflow/.local/lib/python3.12/site-packages/airflow/example_dags/example_task_group.py for tasks to queue
[2025-03-08T20:36:36.527+0000] {logging_mixin.py:190} INFO - [2025-03-08T20:36:36.527+0000] {dagbag.py:588} INFO - Filling up the DagBag from /home/airflow/.local/lib/python3.12/site-packages/airflow/example_dags/example_task_group.py
[2025-03-08T20:36:36.535+0000] {processor.py:925} INFO - DAG(s) 'example_task_group' retrieved from /home/airflow/.local/lib/python3.12/site-packages/airflow/example_dags/example_task_group.py
[2025-03-08T20:36:36.555+0000] {logging_mixin.py:190} INFO - [2025-03-08T20:36:36.554+0000] {dag.py:3239} INFO - Sync 1 DAGs
[2025-03-08T20:36:36.569+0000] {logging_mixin.py:190} INFO - [2025-03-08T20:36:36.569+0000] {dag.py:4180} INFO - Setting next_dagrun for example_task_group to None, run_after=None
[2025-03-08T20:36:36.585+0000] {processor.py:208} INFO - Processing /home/airflow/.local/lib/python3.12/site-packages/airflow/example_dags/example_task_group.py took 0.068 seconds
[2025-03-08T20:37:07.451+0000] {processor.py:186} INFO - Started process (PID=643) to work on /home/airflow/.local/lib/python3.12/site-packages/airflow/example_dags/example_task_group.py
[2025-03-08T20:37:07.452+0000] {processor.py:914} INFO - Processing file /home/airflow/.local/lib/python3.12/site-packages/airflow/example_dags/example_task_group.py for tasks to queue
[2025-03-08T20:37:07.454+0000] {logging_mixin.py:190} INFO - [2025-03-08T20:37:07.454+0000] {dagbag.py:588} INFO - Filling up the DagBag from /home/airflow/.local/lib/python3.12/site-packages/airflow/example_dags/example_task_group.py
[2025-03-08T20:37:07.461+0000] {processor.py:925} INFO - DAG(s) 'example_task_group' retrieved from /home/airflow/.local/lib/python3.12/site-packages/airflow/example_dags/example_task_group.py
[2025-03-08T20:37:07.481+0000] {logging_mixin.py:190} INFO - [2025-03-08T20:37:07.481+0000] {dag.py:3239} INFO - Sync 1 DAGs
[2025-03-08T20:37:07.494+0000] {logging_mixin.py:190} INFO - [2025-03-08T20:37:07.494+0000] {dag.py:4180} INFO - Setting next_dagrun for example_task_group to None, run_after=None
[2025-03-08T20:37:07.512+0000] {processor.py:208} INFO - Processing /home/airflow/.local/lib/python3.12/site-packages/airflow/example_dags/example_task_group.py took 0.066 seconds
[2025-03-08T20:37:38.326+0000] {processor.py:186} INFO - Started process (PID=706) to work on /home/airflow/.local/lib/python3.12/site-packages/airflow/example_dags/example_task_group.py
[2025-03-08T20:37:38.326+0000] {processor.py:914} INFO - Processing file /home/airflow/.local/lib/python3.12/site-packages/airflow/example_dags/example_task_group.py for tasks to queue
[2025-03-08T20:37:38.328+0000] {logging_mixin.py:190} INFO - [2025-03-08T20:37:38.328+0000] {dagbag.py:588} INFO - Filling up the DagBag from /home/airflow/.local/lib/python3.12/site-packages/airflow/example_dags/example_task_group.py
[2025-03-08T20:37:38.336+0000] {processor.py:925} INFO - DAG(s) 'example_task_group' retrieved from /home/airflow/.local/lib/python3.12/site-packages/airflow/example_dags/example_task_group.py
[2025-03-08T20:37:38.351+0000] {logging_mixin.py:190} INFO - [2025-03-08T20:37:38.351+0000] {dag.py:3239} INFO - Sync 1 DAGs
[2025-03-08T20:37:38.363+0000] {logging_mixin.py:190} INFO - [2025-03-08T20:37:38.363+0000] {dag.py:4180} INFO - Setting next_dagrun for example_task_group to None, run_after=None
[2025-03-08T20:37:38.378+0000] {processor.py:208} INFO - Processing /home/airflow/.local/lib/python3.12/site-packages/airflow/example_dags/example_task_group.py took 0.058 seconds
[2025-03-08T20:38:08.554+0000] {processor.py:186} INFO - Started process (PID=769) to work on /home/airflow/.local/lib/python3.12/site-packages/airflow/example_dags/example_task_group.py
[2025-03-08T20:38:08.555+0000] {processor.py:914} INFO - Processing file /home/airflow/.local/lib/python3.12/site-packages/airflow/example_dags/example_task_group.py for tasks to queue
[2025-03-08T20:38:08.557+0000] {logging_mixin.py:190} INFO - [2025-03-08T20:38:08.557+0000] {dagbag.py:588} INFO - Filling up the DagBag from /home/airflow/.local/lib/python3.12/site-packages/airflow/example_dags/example_task_group.py
[2025-03-08T20:38:08.564+0000] {processor.py:925} INFO - DAG(s) 'example_task_group' retrieved from /home/airflow/.local/lib/python3.12/site-packages/airflow/example_dags/example_task_group.py
[2025-03-08T20:38:08.583+0000] {logging_mixin.py:190} INFO - [2025-03-08T20:38:08.583+0000] {dag.py:3239} INFO - Sync 1 DAGs
[2025-03-08T20:38:08.596+0000] {logging_mixin.py:190} INFO - [2025-03-08T20:38:08.595+0000] {dag.py:4180} INFO - Setting next_dagrun for example_task_group to None, run_after=None
[2025-03-08T20:38:08.613+0000] {processor.py:208} INFO - Processing /home/airflow/.local/lib/python3.12/site-packages/airflow/example_dags/example_task_group.py took 0.064 seconds
[2025-03-08T20:38:39.311+0000] {processor.py:186} INFO - Started process (PID=832) to work on /home/airflow/.local/lib/python3.12/site-packages/airflow/example_dags/example_task_group.py
[2025-03-08T20:38:39.311+0000] {processor.py:914} INFO - Processing file /home/airflow/.local/lib/python3.12/site-packages/airflow/example_dags/example_task_group.py for tasks to queue
[2025-03-08T20:38:39.314+0000] {logging_mixin.py:190} INFO - [2025-03-08T20:38:39.313+0000] {dagbag.py:588} INFO - Filling up the DagBag from /home/airflow/.local/lib/python3.12/site-packages/airflow/example_dags/example_task_group.py
[2025-03-08T20:38:39.321+0000] {processor.py:925} INFO - DAG(s) 'example_task_group' retrieved from /home/airflow/.local/lib/python3.12/site-packages/airflow/example_dags/example_task_group.py
[2025-03-08T20:38:39.338+0000] {logging_mixin.py:190} INFO - [2025-03-08T20:38:39.338+0000] {dag.py:3239} INFO - Sync 1 DAGs
[2025-03-08T20:38:39.349+0000] {logging_mixin.py:190} INFO - [2025-03-08T20:38:39.349+0000] {dag.py:4180} INFO - Setting next_dagrun for example_task_group to None, run_after=None
[2025-03-08T20:38:39.365+0000] {processor.py:208} INFO - Processing /home/airflow/.local/lib/python3.12/site-packages/airflow/example_dags/example_task_group.py took 0.061 seconds
[2025-03-08T20:39:09.569+0000] {processor.py:186} INFO - Started process (PID=895) to work on /home/airflow/.local/lib/python3.12/site-packages/airflow/example_dags/example_task_group.py
[2025-03-08T20:39:09.570+0000] {processor.py:914} INFO - Processing file /home/airflow/.local/lib/python3.12/site-packages/airflow/example_dags/example_task_group.py for tasks to queue
[2025-03-08T20:39:09.572+0000] {logging_mixin.py:190} INFO - [2025-03-08T20:39:09.572+0000] {dagbag.py:588} INFO - Filling up the DagBag from /home/airflow/.local/lib/python3.12/site-packages/airflow/example_dags/example_task_group.py
[2025-03-08T20:39:09.580+0000] {processor.py:925} INFO - DAG(s) 'example_task_group' retrieved from /home/airflow/.local/lib/python3.12/site-packages/airflow/example_dags/example_task_group.py
[2025-03-08T20:39:09.598+0000] {logging_mixin.py:190} INFO - [2025-03-08T20:39:09.597+0000] {dag.py:3239} INFO - Sync 1 DAGs
[2025-03-08T20:39:09.611+0000] {logging_mixin.py:190} INFO - [2025-03-08T20:39:09.610+0000] {dag.py:4180} INFO - Setting next_dagrun for example_task_group to None, run_after=None
[2025-03-08T20:39:09.626+0000] {processor.py:208} INFO - Processing /home/airflow/.local/lib/python3.12/site-packages/airflow/example_dags/example_task_group.py took 0.062 seconds
[2025-03-08T20:39:39.791+0000] {processor.py:186} INFO - Started process (PID=958) to work on /home/airflow/.local/lib/python3.12/site-packages/airflow/example_dags/example_task_group.py
[2025-03-08T20:39:39.792+0000] {processor.py:914} INFO - Processing file /home/airflow/.local/lib/python3.12/site-packages/airflow/example_dags/example_task_group.py for tasks to queue
[2025-03-08T20:39:39.794+0000] {logging_mixin.py:190} INFO - [2025-03-08T20:39:39.794+0000] {dagbag.py:588} INFO - Filling up the DagBag from /home/airflow/.local/lib/python3.12/site-packages/airflow/example_dags/example_task_group.py
[2025-03-08T20:39:39.801+0000] {processor.py:925} INFO - DAG(s) 'example_task_group' retrieved from /home/airflow/.local/lib/python3.12/site-packages/airflow/example_dags/example_task_group.py
[2025-03-08T20:39:39.819+0000] {logging_mixin.py:190} INFO - [2025-03-08T20:39:39.819+0000] {dag.py:3239} INFO - Sync 1 DAGs
[2025-03-08T20:39:39.831+0000] {logging_mixin.py:190} INFO - [2025-03-08T20:39:39.831+0000] {dag.py:4180} INFO - Setting next_dagrun for example_task_group to None, run_after=None
[2025-03-08T20:39:39.847+0000] {processor.py:208} INFO - Processing /home/airflow/.local/lib/python3.12/site-packages/airflow/example_dags/example_task_group.py took 0.060 seconds
[2025-03-08T20:40:10.544+0000] {processor.py:186} INFO - Started process (PID=1021) to work on /home/airflow/.local/lib/python3.12/site-packages/airflow/example_dags/example_task_group.py
[2025-03-08T20:40:10.544+0000] {processor.py:914} INFO - Processing file /home/airflow/.local/lib/python3.12/site-packages/airflow/example_dags/example_task_group.py for tasks to queue
[2025-03-08T20:40:10.546+0000] {logging_mixin.py:190} INFO - [2025-03-08T20:40:10.546+0000] {dagbag.py:588} INFO - Filling up the DagBag from /home/airflow/.local/lib/python3.12/site-packages/airflow/example_dags/example_task_group.py
[2025-03-08T20:40:10.554+0000] {processor.py:925} INFO - DAG(s) 'example_task_group' retrieved from /home/airflow/.local/lib/python3.12/site-packages/airflow/example_dags/example_task_group.py
[2025-03-08T20:40:10.572+0000] {logging_mixin.py:190} INFO - [2025-03-08T20:40:10.572+0000] {dag.py:3239} INFO - Sync 1 DAGs
[2025-03-08T20:40:10.584+0000] {logging_mixin.py:190} INFO - [2025-03-08T20:40:10.584+0000] {dag.py:4180} INFO - Setting next_dagrun for example_task_group to None, run_after=None
[2025-03-08T20:40:10.599+0000] {processor.py:208} INFO - Processing /home/airflow/.local/lib/python3.12/site-packages/airflow/example_dags/example_task_group.py took 0.061 seconds
[2025-03-08T20:40:40.993+0000] {processor.py:186} INFO - Started process (PID=1084) to work on /home/airflow/.local/lib/python3.12/site-packages/airflow/example_dags/example_task_group.py
[2025-03-08T20:40:40.993+0000] {processor.py:914} INFO - Processing file /home/airflow/.local/lib/python3.12/site-packages/airflow/example_dags/example_task_group.py for tasks to queue
[2025-03-08T20:40:40.995+0000] {logging_mixin.py:190} INFO - [2025-03-08T20:40:40.995+0000] {dagbag.py:588} INFO - Filling up the DagBag from /home/airflow/.local/lib/python3.12/site-packages/airflow/example_dags/example_task_group.py
[2025-03-08T20:40:41.002+0000] {processor.py:925} INFO - DAG(s) 'example_task_group' retrieved from /home/airflow/.local/lib/python3.12/site-packages/airflow/example_dags/example_task_group.py
[2025-03-08T20:40:41.019+0000] {logging_mixin.py:190} INFO - [2025-03-08T20:40:41.019+0000] {dag.py:3239} INFO - Sync 1 DAGs
[2025-03-08T20:40:41.031+0000] {logging_mixin.py:190} INFO - [2025-03-08T20:40:41.031+0000] {dag.py:4180} INFO - Setting next_dagrun for example_task_group to None, run_after=None
[2025-03-08T20:40:41.049+0000] {processor.py:208} INFO - Processing /home/airflow/.local/lib/python3.12/site-packages/airflow/example_dags/example_task_group.py took 0.061 seconds
[2025-03-08T20:41:11.483+0000] {processor.py:186} INFO - Started process (PID=1147) to work on /home/airflow/.local/lib/python3.12/site-packages/airflow/example_dags/example_task_group.py
[2025-03-08T20:41:11.484+0000] {processor.py:914} INFO - Processing file /home/airflow/.local/lib/python3.12/site-packages/airflow/example_dags/example_task_group.py for tasks to queue
[2025-03-08T20:41:11.487+0000] {logging_mixin.py:190} INFO - [2025-03-08T20:41:11.486+0000] {dagbag.py:588} INFO - Filling up the DagBag from /home/airflow/.local/lib/python3.12/site-packages/airflow/example_dags/example_task_group.py
[2025-03-08T20:41:11.497+0000] {processor.py:925} INFO - DAG(s) 'example_task_group' retrieved from /home/airflow/.local/lib/python3.12/site-packages/airflow/example_dags/example_task_group.py
[2025-03-08T20:41:11.517+0000] {logging_mixin.py:190} INFO - [2025-03-08T20:41:11.517+0000] {dag.py:3239} INFO - Sync 1 DAGs
[2025-03-08T20:41:11.529+0000] {logging_mixin.py:190} INFO - [2025-03-08T20:41:11.529+0000] {dag.py:4180} INFO - Setting next_dagrun for example_task_group to None, run_after=None
[2025-03-08T20:41:11.544+0000] {processor.py:208} INFO - Processing /home/airflow/.local/lib/python3.12/site-packages/airflow/example_dags/example_task_group.py took 0.067 seconds
[2025-03-08T20:41:41.640+0000] {processor.py:186} INFO - Started process (PID=1210) to work on /home/airflow/.local/lib/python3.12/site-packages/airflow/example_dags/example_task_group.py
[2025-03-08T20:41:41.641+0000] {processor.py:914} INFO - Processing file /home/airflow/.local/lib/python3.12/site-packages/airflow/example_dags/example_task_group.py for tasks to queue
[2025-03-08T20:41:41.643+0000] {logging_mixin.py:190} INFO - [2025-03-08T20:41:41.643+0000] {dagbag.py:588} INFO - Filling up the DagBag from /home/airflow/.local/lib/python3.12/site-packages/airflow/example_dags/example_task_group.py
[2025-03-08T20:41:41.651+0000] {processor.py:925} INFO - DAG(s) 'example_task_group' retrieved from /home/airflow/.local/lib/python3.12/site-packages/airflow/example_dags/example_task_group.py
[2025-03-08T20:41:41.668+0000] {logging_mixin.py:190} INFO - [2025-03-08T20:41:41.668+0000] {dag.py:3239} INFO - Sync 1 DAGs
[2025-03-08T20:41:41.679+0000] {logging_mixin.py:190} INFO - [2025-03-08T20:41:41.679+0000] {dag.py:4180} INFO - Setting next_dagrun for example_task_group to None, run_after=None
[2025-03-08T20:41:41.695+0000] {processor.py:208} INFO - Processing /home/airflow/.local/lib/python3.12/site-packages/airflow/example_dags/example_task_group.py took 0.060 seconds
[2025-03-08T20:42:12.244+0000] {processor.py:186} INFO - Started process (PID=1273) to work on /home/airflow/.local/lib/python3.12/site-packages/airflow/example_dags/example_task_group.py
[2025-03-08T20:42:12.245+0000] {processor.py:914} INFO - Processing file /home/airflow/.local/lib/python3.12/site-packages/airflow/example_dags/example_task_group.py for tasks to queue
[2025-03-08T20:42:12.247+0000] {logging_mixin.py:190} INFO - [2025-03-08T20:42:12.246+0000] {dagbag.py:588} INFO - Filling up the DagBag from /home/airflow/.local/lib/python3.12/site-packages/airflow/example_dags/example_task_group.py
[2025-03-08T20:42:12.254+0000] {processor.py:925} INFO - DAG(s) 'example_task_group' retrieved from /home/airflow/.local/lib/python3.12/site-packages/airflow/example_dags/example_task_group.py
[2025-03-08T20:42:12.272+0000] {logging_mixin.py:190} INFO - [2025-03-08T20:42:12.272+0000] {dag.py:3239} INFO - Sync 1 DAGs
[2025-03-08T20:42:12.283+0000] {logging_mixin.py:190} INFO - [2025-03-08T20:42:12.283+0000] {dag.py:4180} INFO - Setting next_dagrun for example_task_group to None, run_after=None
[2025-03-08T20:42:12.300+0000] {processor.py:208} INFO - Processing /home/airflow/.local/lib/python3.12/site-packages/airflow/example_dags/example_task_group.py took 0.061 seconds
[2025-03-08T20:42:42.683+0000] {processor.py:186} INFO - Started process (PID=1336) to work on /home/airflow/.local/lib/python3.12/site-packages/airflow/example_dags/example_task_group.py
[2025-03-08T20:42:42.684+0000] {processor.py:914} INFO - Processing file /home/airflow/.local/lib/python3.12/site-packages/airflow/example_dags/example_task_group.py for tasks to queue
[2025-03-08T20:42:42.687+0000] {logging_mixin.py:190} INFO - [2025-03-08T20:42:42.686+0000] {dagbag.py:588} INFO - Filling up the DagBag from /home/airflow/.local/lib/python3.12/site-packages/airflow/example_dags/example_task_group.py
[2025-03-08T20:42:42.697+0000] {processor.py:925} INFO - DAG(s) 'example_task_group' retrieved from /home/airflow/.local/lib/python3.12/site-packages/airflow/example_dags/example_task_group.py
[2025-03-08T20:42:42.718+0000] {logging_mixin.py:190} INFO - [2025-03-08T20:42:42.718+0000] {dag.py:3239} INFO - Sync 1 DAGs
[2025-03-08T20:42:42.732+0000] {logging_mixin.py:190} INFO - [2025-03-08T20:42:42.732+0000] {dag.py:4180} INFO - Setting next_dagrun for example_task_group to None, run_after=None
[2025-03-08T20:42:42.752+0000] {processor.py:208} INFO - Processing /home/airflow/.local/lib/python3.12/site-packages/airflow/example_dags/example_task_group.py took 0.075 seconds
[2025-03-08T20:43:13.590+0000] {processor.py:186} INFO - Started process (PID=1399) to work on /home/airflow/.local/lib/python3.12/site-packages/airflow/example_dags/example_task_group.py
[2025-03-08T20:43:13.591+0000] {processor.py:914} INFO - Processing file /home/airflow/.local/lib/python3.12/site-packages/airflow/example_dags/example_task_group.py for tasks to queue
[2025-03-08T20:43:13.593+0000] {logging_mixin.py:190} INFO - [2025-03-08T20:43:13.593+0000] {dagbag.py:588} INFO - Filling up the DagBag from /home/airflow/.local/lib/python3.12/site-packages/airflow/example_dags/example_task_group.py
[2025-03-08T20:43:13.601+0000] {processor.py:925} INFO - DAG(s) 'example_task_group' retrieved from /home/airflow/.local/lib/python3.12/site-packages/airflow/example_dags/example_task_group.py
[2025-03-08T20:43:13.623+0000] {logging_mixin.py:190} INFO - [2025-03-08T20:43:13.623+0000] {dag.py:3239} INFO - Sync 1 DAGs
[2025-03-08T20:43:13.637+0000] {logging_mixin.py:190} INFO - [2025-03-08T20:43:13.637+0000] {dag.py:4180} INFO - Setting next_dagrun for example_task_group to None, run_after=None
[2025-03-08T20:43:13.653+0000] {processor.py:208} INFO - Processing /home/airflow/.local/lib/python3.12/site-packages/airflow/example_dags/example_task_group.py took 0.069 seconds
[2025-03-08T20:43:44.029+0000] {processor.py:186} INFO - Started process (PID=1462) to work on /home/airflow/.local/lib/python3.12/site-packages/airflow/example_dags/example_task_group.py
[2025-03-08T20:43:44.030+0000] {processor.py:914} INFO - Processing file /home/airflow/.local/lib/python3.12/site-packages/airflow/example_dags/example_task_group.py for tasks to queue
[2025-03-08T20:43:44.032+0000] {logging_mixin.py:190} INFO - [2025-03-08T20:43:44.032+0000] {dagbag.py:588} INFO - Filling up the DagBag from /home/airflow/.local/lib/python3.12/site-packages/airflow/example_dags/example_task_group.py
[2025-03-08T20:43:44.040+0000] {processor.py:925} INFO - DAG(s) 'example_task_group' retrieved from /home/airflow/.local/lib/python3.12/site-packages/airflow/example_dags/example_task_group.py
[2025-03-08T20:43:44.057+0000] {logging_mixin.py:190} INFO - [2025-03-08T20:43:44.056+0000] {dag.py:3239} INFO - Sync 1 DAGs
[2025-03-08T20:43:44.068+0000] {logging_mixin.py:190} INFO - [2025-03-08T20:43:44.068+0000] {dag.py:4180} INFO - Setting next_dagrun for example_task_group to None, run_after=None
[2025-03-08T20:43:44.085+0000] {processor.py:208} INFO - Processing /home/airflow/.local/lib/python3.12/site-packages/airflow/example_dags/example_task_group.py took 0.061 seconds
[2025-03-08T20:44:14.486+0000] {processor.py:186} INFO - Started process (PID=1525) to work on /home/airflow/.local/lib/python3.12/site-packages/airflow/example_dags/example_task_group.py
[2025-03-08T20:44:14.486+0000] {processor.py:914} INFO - Processing file /home/airflow/.local/lib/python3.12/site-packages/airflow/example_dags/example_task_group.py for tasks to queue
[2025-03-08T20:44:14.488+0000] {logging_mixin.py:190} INFO - [2025-03-08T20:44:14.488+0000] {dagbag.py:588} INFO - Filling up the DagBag from /home/airflow/.local/lib/python3.12/site-packages/airflow/example_dags/example_task_group.py
[2025-03-08T20:44:14.496+0000] {processor.py:925} INFO - DAG(s) 'example_task_group' retrieved from /home/airflow/.local/lib/python3.12/site-packages/airflow/example_dags/example_task_group.py
[2025-03-08T20:44:14.513+0000] {logging_mixin.py:190} INFO - [2025-03-08T20:44:14.513+0000] {dag.py:3239} INFO - Sync 1 DAGs
[2025-03-08T20:44:14.525+0000] {logging_mixin.py:190} INFO - [2025-03-08T20:44:14.525+0000] {dag.py:4180} INFO - Setting next_dagrun for example_task_group to None, run_after=None
[2025-03-08T20:44:14.542+0000] {processor.py:208} INFO - Processing /home/airflow/.local/lib/python3.12/site-packages/airflow/example_dags/example_task_group.py took 0.062 seconds
[2025-03-08T20:44:45.284+0000] {processor.py:186} INFO - Started process (PID=1588) to work on /home/airflow/.local/lib/python3.12/site-packages/airflow/example_dags/example_task_group.py
[2025-03-08T20:44:45.285+0000] {processor.py:914} INFO - Processing file /home/airflow/.local/lib/python3.12/site-packages/airflow/example_dags/example_task_group.py for tasks to queue
[2025-03-08T20:44:45.287+0000] {logging_mixin.py:190} INFO - [2025-03-08T20:44:45.287+0000] {dagbag.py:588} INFO - Filling up the DagBag from /home/airflow/.local/lib/python3.12/site-packages/airflow/example_dags/example_task_group.py
[2025-03-08T20:44:45.294+0000] {processor.py:925} INFO - DAG(s) 'example_task_group' retrieved from /home/airflow/.local/lib/python3.12/site-packages/airflow/example_dags/example_task_group.py
[2025-03-08T20:44:45.312+0000] {logging_mixin.py:190} INFO - [2025-03-08T20:44:45.312+0000] {dag.py:3239} INFO - Sync 1 DAGs
[2025-03-08T20:44:45.324+0000] {logging_mixin.py:190} INFO - [2025-03-08T20:44:45.324+0000] {dag.py:4180} INFO - Setting next_dagrun for example_task_group to None, run_after=None
[2025-03-08T20:44:45.344+0000] {processor.py:208} INFO - Processing /home/airflow/.local/lib/python3.12/site-packages/airflow/example_dags/example_task_group.py took 0.065 seconds
[2025-03-08T20:45:15.772+0000] {processor.py:186} INFO - Started process (PID=1651) to work on /home/airflow/.local/lib/python3.12/site-packages/airflow/example_dags/example_task_group.py
[2025-03-08T20:45:15.773+0000] {processor.py:914} INFO - Processing file /home/airflow/.local/lib/python3.12/site-packages/airflow/example_dags/example_task_group.py for tasks to queue
[2025-03-08T20:45:15.775+0000] {logging_mixin.py:190} INFO - [2025-03-08T20:45:15.775+0000] {dagbag.py:588} INFO - Filling up the DagBag from /home/airflow/.local/lib/python3.12/site-packages/airflow/example_dags/example_task_group.py
[2025-03-08T20:45:15.783+0000] {processor.py:925} INFO - DAG(s) 'example_task_group' retrieved from /home/airflow/.local/lib/python3.12/site-packages/airflow/example_dags/example_task_group.py
[2025-03-08T20:45:15.801+0000] {logging_mixin.py:190} INFO - [2025-03-08T20:45:15.801+0000] {dag.py:3239} INFO - Sync 1 DAGs
[2025-03-08T20:45:15.812+0000] {logging_mixin.py:190} INFO - [2025-03-08T20:45:15.812+0000] {dag.py:4180} INFO - Setting next_dagrun for example_task_group to None, run_after=None
[2025-03-08T20:45:15.829+0000] {processor.py:208} INFO - Processing /home/airflow/.local/lib/python3.12/site-packages/airflow/example_dags/example_task_group.py took 0.064 seconds
[2025-03-08T20:45:46.319+0000] {processor.py:186} INFO - Started process (PID=1714) to work on /home/airflow/.local/lib/python3.12/site-packages/airflow/example_dags/example_task_group.py
[2025-03-08T20:45:46.319+0000] {processor.py:914} INFO - Processing file /home/airflow/.local/lib/python3.12/site-packages/airflow/example_dags/example_task_group.py for tasks to queue
[2025-03-08T20:45:46.321+0000] {logging_mixin.py:190} INFO - [2025-03-08T20:45:46.321+0000] {dagbag.py:588} INFO - Filling up the DagBag from /home/airflow/.local/lib/python3.12/site-packages/airflow/example_dags/example_task_group.py
[2025-03-08T20:45:46.329+0000] {processor.py:925} INFO - DAG(s) 'example_task_group' retrieved from /home/airflow/.local/lib/python3.12/site-packages/airflow/example_dags/example_task_group.py
[2025-03-08T20:45:46.346+0000] {logging_mixin.py:190} INFO - [2025-03-08T20:45:46.346+0000] {dag.py:3239} INFO - Sync 1 DAGs
[2025-03-08T20:45:46.358+0000] {logging_mixin.py:190} INFO - [2025-03-08T20:45:46.358+0000] {dag.py:4180} INFO - Setting next_dagrun for example_task_group to None, run_after=None
[2025-03-08T20:45:46.374+0000] {processor.py:208} INFO - Processing /home/airflow/.local/lib/python3.12/site-packages/airflow/example_dags/example_task_group.py took 0.061 seconds
[2025-03-08T20:46:16.755+0000] {processor.py:186} INFO - Started process (PID=1777) to work on /home/airflow/.local/lib/python3.12/site-packages/airflow/example_dags/example_task_group.py
[2025-03-08T20:46:16.756+0000] {processor.py:914} INFO - Processing file /home/airflow/.local/lib/python3.12/site-packages/airflow/example_dags/example_task_group.py for tasks to queue
[2025-03-08T20:46:16.758+0000] {logging_mixin.py:190} INFO - [2025-03-08T20:46:16.758+0000] {dagbag.py:588} INFO - Filling up the DagBag from /home/airflow/.local/lib/python3.12/site-packages/airflow/example_dags/example_task_group.py
[2025-03-08T20:46:16.766+0000] {processor.py:925} INFO - DAG(s) 'example_task_group' retrieved from /home/airflow/.local/lib/python3.12/site-packages/airflow/example_dags/example_task_group.py
[2025-03-08T20:46:16.783+0000] {logging_mixin.py:190} INFO - [2025-03-08T20:46:16.783+0000] {dag.py:3239} INFO - Sync 1 DAGs
[2025-03-08T20:46:16.795+0000] {logging_mixin.py:190} INFO - [2025-03-08T20:46:16.795+0000] {dag.py:4180} INFO - Setting next_dagrun for example_task_group to None, run_after=None
[2025-03-08T20:46:16.812+0000] {processor.py:208} INFO - Processing /home/airflow/.local/lib/python3.12/site-packages/airflow/example_dags/example_task_group.py took 0.061 seconds
[2025-03-08T20:46:47.536+0000] {processor.py:186} INFO - Started process (PID=1840) to work on /home/airflow/.local/lib/python3.12/site-packages/airflow/example_dags/example_task_group.py
[2025-03-08T20:46:47.537+0000] {processor.py:914} INFO - Processing file /home/airflow/.local/lib/python3.12/site-packages/airflow/example_dags/example_task_group.py for tasks to queue
[2025-03-08T20:46:47.539+0000] {logging_mixin.py:190} INFO - [2025-03-08T20:46:47.539+0000] {dagbag.py:588} INFO - Filling up the DagBag from /home/airflow/.local/lib/python3.12/site-packages/airflow/example_dags/example_task_group.py
[2025-03-08T20:46:47.546+0000] {processor.py:925} INFO - DAG(s) 'example_task_group' retrieved from /home/airflow/.local/lib/python3.12/site-packages/airflow/example_dags/example_task_group.py
[2025-03-08T20:46:47.565+0000] {logging_mixin.py:190} INFO - [2025-03-08T20:46:47.564+0000] {dag.py:3239} INFO - Sync 1 DAGs
[2025-03-08T20:46:47.576+0000] {logging_mixin.py:190} INFO - [2025-03-08T20:46:47.576+0000] {dag.py:4180} INFO - Setting next_dagrun for example_task_group to None, run_after=None
[2025-03-08T20:46:47.592+0000] {processor.py:208} INFO - Processing /home/airflow/.local/lib/python3.12/site-packages/airflow/example_dags/example_task_group.py took 0.061 seconds
[2025-03-08T20:47:17.891+0000] {processor.py:186} INFO - Started process (PID=1903) to work on /home/airflow/.local/lib/python3.12/site-packages/airflow/example_dags/example_task_group.py
[2025-03-08T20:47:17.891+0000] {processor.py:914} INFO - Processing file /home/airflow/.local/lib/python3.12/site-packages/airflow/example_dags/example_task_group.py for tasks to queue
[2025-03-08T20:47:17.893+0000] {logging_mixin.py:190} INFO - [2025-03-08T20:47:17.893+0000] {dagbag.py:588} INFO - Filling up the DagBag from /home/airflow/.local/lib/python3.12/site-packages/airflow/example_dags/example_task_group.py
[2025-03-08T20:47:17.902+0000] {processor.py:925} INFO - DAG(s) 'example_task_group' retrieved from /home/airflow/.local/lib/python3.12/site-packages/airflow/example_dags/example_task_group.py
[2025-03-08T20:47:17.919+0000] {logging_mixin.py:190} INFO - [2025-03-08T20:47:17.919+0000] {dag.py:3239} INFO - Sync 1 DAGs
[2025-03-08T20:47:17.931+0000] {logging_mixin.py:190} INFO - [2025-03-08T20:47:17.931+0000] {dag.py:4180} INFO - Setting next_dagrun for example_task_group to None, run_after=None
[2025-03-08T20:47:17.948+0000] {processor.py:208} INFO - Processing /home/airflow/.local/lib/python3.12/site-packages/airflow/example_dags/example_task_group.py took 0.062 seconds
[2025-03-08T20:47:48.077+0000] {processor.py:186} INFO - Started process (PID=1966) to work on /home/airflow/.local/lib/python3.12/site-packages/airflow/example_dags/example_task_group.py
[2025-03-08T20:47:48.078+0000] {processor.py:914} INFO - Processing file /home/airflow/.local/lib/python3.12/site-packages/airflow/example_dags/example_task_group.py for tasks to queue
[2025-03-08T20:47:48.080+0000] {logging_mixin.py:190} INFO - [2025-03-08T20:47:48.080+0000] {dagbag.py:588} INFO - Filling up the DagBag from /home/airflow/.local/lib/python3.12/site-packages/airflow/example_dags/example_task_group.py
[2025-03-08T20:47:48.087+0000] {processor.py:925} INFO - DAG(s) 'example_task_group' retrieved from /home/airflow/.local/lib/python3.12/site-packages/airflow/example_dags/example_task_group.py
[2025-03-08T20:47:48.103+0000] {logging_mixin.py:190} INFO - [2025-03-08T20:47:48.103+0000] {dag.py:3239} INFO - Sync 1 DAGs
[2025-03-08T20:47:48.116+0000] {logging_mixin.py:190} INFO - [2025-03-08T20:47:48.115+0000] {dag.py:4180} INFO - Setting next_dagrun for example_task_group to None, run_after=None
[2025-03-08T20:47:48.132+0000] {processor.py:208} INFO - Processing /home/airflow/.local/lib/python3.12/site-packages/airflow/example_dags/example_task_group.py took 0.060 seconds
[2025-03-08T20:48:18.805+0000] {processor.py:186} INFO - Started process (PID=2029) to work on /home/airflow/.local/lib/python3.12/site-packages/airflow/example_dags/example_task_group.py
[2025-03-08T20:48:18.806+0000] {processor.py:914} INFO - Processing file /home/airflow/.local/lib/python3.12/site-packages/airflow/example_dags/example_task_group.py for tasks to queue
[2025-03-08T20:48:18.809+0000] {logging_mixin.py:190} INFO - [2025-03-08T20:48:18.808+0000] {dagbag.py:588} INFO - Filling up the DagBag from /home/airflow/.local/lib/python3.12/site-packages/airflow/example_dags/example_task_group.py
[2025-03-08T20:48:18.817+0000] {processor.py:925} INFO - DAG(s) 'example_task_group' retrieved from /home/airflow/.local/lib/python3.12/site-packages/airflow/example_dags/example_task_group.py
[2025-03-08T20:48:18.835+0000] {logging_mixin.py:190} INFO - [2025-03-08T20:48:18.835+0000] {dag.py:3239} INFO - Sync 1 DAGs
[2025-03-08T20:48:18.846+0000] {logging_mixin.py:190} INFO - [2025-03-08T20:48:18.846+0000] {dag.py:4180} INFO - Setting next_dagrun for example_task_group to None, run_after=None
[2025-03-08T20:48:18.863+0000] {processor.py:208} INFO - Processing /home/airflow/.local/lib/python3.12/site-packages/airflow/example_dags/example_task_group.py took 0.065 seconds
[2025-03-08T20:48:49.120+0000] {processor.py:186} INFO - Started process (PID=2092) to work on /home/airflow/.local/lib/python3.12/site-packages/airflow/example_dags/example_task_group.py
[2025-03-08T20:48:49.121+0000] {processor.py:914} INFO - Processing file /home/airflow/.local/lib/python3.12/site-packages/airflow/example_dags/example_task_group.py for tasks to queue
[2025-03-08T20:48:49.123+0000] {logging_mixin.py:190} INFO - [2025-03-08T20:48:49.123+0000] {dagbag.py:588} INFO - Filling up the DagBag from /home/airflow/.local/lib/python3.12/site-packages/airflow/example_dags/example_task_group.py
[2025-03-08T20:48:49.130+0000] {processor.py:925} INFO - DAG(s) 'example_task_group' retrieved from /home/airflow/.local/lib/python3.12/site-packages/airflow/example_dags/example_task_group.py
[2025-03-08T20:48:49.148+0000] {logging_mixin.py:190} INFO - [2025-03-08T20:48:49.148+0000] {dag.py:3239} INFO - Sync 1 DAGs
[2025-03-08T20:48:49.159+0000] {logging_mixin.py:190} INFO - [2025-03-08T20:48:49.159+0000] {dag.py:4180} INFO - Setting next_dagrun for example_task_group to None, run_after=None
[2025-03-08T20:48:49.179+0000] {processor.py:208} INFO - Processing /home/airflow/.local/lib/python3.12/site-packages/airflow/example_dags/example_task_group.py took 0.064 seconds
[2025-03-08T20:49:19.397+0000] {processor.py:186} INFO - Started process (PID=2155) to work on /home/airflow/.local/lib/python3.12/site-packages/airflow/example_dags/example_task_group.py
[2025-03-08T20:49:19.398+0000] {processor.py:914} INFO - Processing file /home/airflow/.local/lib/python3.12/site-packages/airflow/example_dags/example_task_group.py for tasks to queue
[2025-03-08T20:49:19.400+0000] {logging_mixin.py:190} INFO - [2025-03-08T20:49:19.400+0000] {dagbag.py:588} INFO - Filling up the DagBag from /home/airflow/.local/lib/python3.12/site-packages/airflow/example_dags/example_task_group.py
[2025-03-08T20:49:19.408+0000] {processor.py:925} INFO - DAG(s) 'example_task_group' retrieved from /home/airflow/.local/lib/python3.12/site-packages/airflow/example_dags/example_task_group.py
[2025-03-08T20:49:19.427+0000] {logging_mixin.py:190} INFO - [2025-03-08T20:49:19.427+0000] {dag.py:3239} INFO - Sync 1 DAGs
[2025-03-08T20:49:19.441+0000] {logging_mixin.py:190} INFO - [2025-03-08T20:49:19.441+0000] {dag.py:4180} INFO - Setting next_dagrun for example_task_group to None, run_after=None
[2025-03-08T20:49:19.459+0000] {processor.py:208} INFO - Processing /home/airflow/.local/lib/python3.12/site-packages/airflow/example_dags/example_task_group.py took 0.067 seconds
[2025-03-08T20:49:50.204+0000] {processor.py:186} INFO - Started process (PID=2218) to work on /home/airflow/.local/lib/python3.12/site-packages/airflow/example_dags/example_task_group.py
[2025-03-08T20:49:50.205+0000] {processor.py:914} INFO - Processing file /home/airflow/.local/lib/python3.12/site-packages/airflow/example_dags/example_task_group.py for tasks to queue
[2025-03-08T20:49:50.207+0000] {logging_mixin.py:190} INFO - [2025-03-08T20:49:50.207+0000] {dagbag.py:588} INFO - Filling up the DagBag from /home/airflow/.local/lib/python3.12/site-packages/airflow/example_dags/example_task_group.py
[2025-03-08T20:49:50.214+0000] {processor.py:925} INFO - DAG(s) 'example_task_group' retrieved from /home/airflow/.local/lib/python3.12/site-packages/airflow/example_dags/example_task_group.py
[2025-03-08T20:49:50.232+0000] {logging_mixin.py:190} INFO - [2025-03-08T20:49:50.232+0000] {dag.py:3239} INFO - Sync 1 DAGs
[2025-03-08T20:49:50.244+0000] {logging_mixin.py:190} INFO - [2025-03-08T20:49:50.244+0000] {dag.py:4180} INFO - Setting next_dagrun for example_task_group to None, run_after=None
[2025-03-08T20:49:50.261+0000] {processor.py:208} INFO - Processing /home/airflow/.local/lib/python3.12/site-packages/airflow/example_dags/example_task_group.py took 0.063 seconds
[2025-03-08T20:50:20.413+0000] {processor.py:186} INFO - Started process (PID=2281) to work on /home/airflow/.local/lib/python3.12/site-packages/airflow/example_dags/example_task_group.py
[2025-03-08T20:50:20.413+0000] {processor.py:914} INFO - Processing file /home/airflow/.local/lib/python3.12/site-packages/airflow/example_dags/example_task_group.py for tasks to queue
[2025-03-08T20:50:20.416+0000] {logging_mixin.py:190} INFO - [2025-03-08T20:50:20.415+0000] {dagbag.py:588} INFO - Filling up the DagBag from /home/airflow/.local/lib/python3.12/site-packages/airflow/example_dags/example_task_group.py
[2025-03-08T20:50:20.423+0000] {processor.py:925} INFO - DAG(s) 'example_task_group' retrieved from /home/airflow/.local/lib/python3.12/site-packages/airflow/example_dags/example_task_group.py
[2025-03-08T20:50:20.441+0000] {logging_mixin.py:190} INFO - [2025-03-08T20:50:20.440+0000] {dag.py:3239} INFO - Sync 1 DAGs
[2025-03-08T20:50:20.452+0000] {logging_mixin.py:190} INFO - [2025-03-08T20:50:20.452+0000] {dag.py:4180} INFO - Setting next_dagrun for example_task_group to None, run_after=None
[2025-03-08T20:50:20.468+0000] {processor.py:208} INFO - Processing /home/airflow/.local/lib/python3.12/site-packages/airflow/example_dags/example_task_group.py took 0.061 seconds
