[2025-03-08T20:32:34.726+0000] {processor.py:186} INFO - Started process (PID=95) to work on /home/airflow/.local/lib/python3.12/site-packages/airflow/example_dags/example_complex.py
[2025-03-08T20:32:34.727+0000] {processor.py:914} INFO - Processing file /home/airflow/.local/lib/python3.12/site-packages/airflow/example_dags/example_complex.py for tasks to queue
[2025-03-08T20:32:34.729+0000] {logging_mixin.py:190} INFO - [2025-03-08T20:32:34.729+0000] {dagbag.py:588} INFO - Filling up the DagBag from /home/airflow/.local/lib/python3.12/site-packages/airflow/example_dags/example_complex.py
[2025-03-08T20:32:34.742+0000] {processor.py:925} INFO - DAG(s) 'example_complex' retrieved from /home/airflow/.local/lib/python3.12/site-packages/airflow/example_dags/example_complex.py
[2025-03-08T20:32:34.846+0000] {logging_mixin.py:190} INFO - [2025-03-08T20:32:34.845+0000] {override.py:1912} INFO - Created Permission View: can edit on DAG:example_complex
[2025-03-08T20:32:34.854+0000] {logging_mixin.py:190} INFO - [2025-03-08T20:32:34.854+0000] {override.py:1912} INFO - Created Permission View: can read on DAG:example_complex
[2025-03-08T20:32:34.861+0000] {logging_mixin.py:190} INFO - [2025-03-08T20:32:34.860+0000] {override.py:1912} INFO - Created Permission View: can delete on DAG:example_complex
[2025-03-08T20:32:34.867+0000] {logging_mixin.py:190} INFO - [2025-03-08T20:32:34.867+0000] {override.py:1912} INFO - Created Permission View: can read on DAG Run:example_complex
[2025-03-08T20:32:34.872+0000] {logging_mixin.py:190} INFO - [2025-03-08T20:32:34.872+0000] {override.py:1912} INFO - Created Permission View: menu access on DAG Run:example_complex
[2025-03-08T20:32:34.878+0000] {logging_mixin.py:190} INFO - [2025-03-08T20:32:34.877+0000] {override.py:1912} INFO - Created Permission View: can create on DAG Run:example_complex
[2025-03-08T20:32:34.883+0000] {logging_mixin.py:190} INFO - [2025-03-08T20:32:34.882+0000] {override.py:1912} INFO - Created Permission View: can delete on DAG Run:example_complex
[2025-03-08T20:32:34.883+0000] {logging_mixin.py:190} INFO - [2025-03-08T20:32:34.883+0000] {dag.py:3239} INFO - Sync 1 DAGs
[2025-03-08T20:32:34.894+0000] {logging_mixin.py:190} INFO - [2025-03-08T20:32:34.894+0000] {dag.py:3262} INFO - Creating ORM DAG for example_complex
[2025-03-08T20:32:34.895+0000] {logging_mixin.py:190} INFO - [2025-03-08T20:32:34.895+0000] {dag.py:4180} INFO - Setting next_dagrun for example_complex to None, run_after=None
[2025-03-08T20:32:34.909+0000] {processor.py:208} INFO - Processing /home/airflow/.local/lib/python3.12/site-packages/airflow/example_dags/example_complex.py took 0.189 seconds
[2025-03-08T20:33:05.650+0000] {processor.py:186} INFO - Started process (PID=158) to work on /home/airflow/.local/lib/python3.12/site-packages/airflow/example_dags/example_complex.py
[2025-03-08T20:33:05.651+0000] {processor.py:914} INFO - Processing file /home/airflow/.local/lib/python3.12/site-packages/airflow/example_dags/example_complex.py for tasks to queue
[2025-03-08T20:33:05.653+0000] {logging_mixin.py:190} INFO - [2025-03-08T20:33:05.653+0000] {dagbag.py:588} INFO - Filling up the DagBag from /home/airflow/.local/lib/python3.12/site-packages/airflow/example_dags/example_complex.py
[2025-03-08T20:33:05.664+0000] {processor.py:925} INFO - DAG(s) 'example_complex' retrieved from /home/airflow/.local/lib/python3.12/site-packages/airflow/example_dags/example_complex.py
[2025-03-08T20:33:05.691+0000] {logging_mixin.py:190} INFO - [2025-03-08T20:33:05.691+0000] {dag.py:3239} INFO - Sync 1 DAGs
[2025-03-08T20:33:05.703+0000] {logging_mixin.py:190} INFO - [2025-03-08T20:33:05.703+0000] {dag.py:4180} INFO - Setting next_dagrun for example_complex to None, run_after=None
[2025-03-08T20:33:05.721+0000] {processor.py:208} INFO - Processing /home/airflow/.local/lib/python3.12/site-packages/airflow/example_dags/example_complex.py took 0.076 seconds
[2025-03-08T20:33:35.947+0000] {processor.py:186} INFO - Started process (PID=220) to work on /home/airflow/.local/lib/python3.12/site-packages/airflow/example_dags/example_complex.py
[2025-03-08T20:33:35.948+0000] {processor.py:914} INFO - Processing file /home/airflow/.local/lib/python3.12/site-packages/airflow/example_dags/example_complex.py for tasks to queue
[2025-03-08T20:33:35.950+0000] {logging_mixin.py:190} INFO - [2025-03-08T20:33:35.949+0000] {dagbag.py:588} INFO - Filling up the DagBag from /home/airflow/.local/lib/python3.12/site-packages/airflow/example_dags/example_complex.py
[2025-03-08T20:33:35.959+0000] {processor.py:925} INFO - DAG(s) 'example_complex' retrieved from /home/airflow/.local/lib/python3.12/site-packages/airflow/example_dags/example_complex.py
[2025-03-08T20:33:35.985+0000] {logging_mixin.py:190} INFO - [2025-03-08T20:33:35.985+0000] {dag.py:3239} INFO - Sync 1 DAGs
[2025-03-08T20:33:36.000+0000] {logging_mixin.py:190} INFO - [2025-03-08T20:33:36.000+0000] {dag.py:4180} INFO - Setting next_dagrun for example_complex to None, run_after=None
[2025-03-08T20:33:36.016+0000] {processor.py:208} INFO - Processing /home/airflow/.local/lib/python3.12/site-packages/airflow/example_dags/example_complex.py took 0.074 seconds
[2025-03-08T20:34:06.866+0000] {processor.py:186} INFO - Started process (PID=283) to work on /home/airflow/.local/lib/python3.12/site-packages/airflow/example_dags/example_complex.py
[2025-03-08T20:34:06.889+0000] {processor.py:914} INFO - Processing file /home/airflow/.local/lib/python3.12/site-packages/airflow/example_dags/example_complex.py for tasks to queue
[2025-03-08T20:34:06.892+0000] {logging_mixin.py:190} INFO - [2025-03-08T20:34:06.892+0000] {dagbag.py:588} INFO - Filling up the DagBag from /home/airflow/.local/lib/python3.12/site-packages/airflow/example_dags/example_complex.py
[2025-03-08T20:34:06.904+0000] {processor.py:925} INFO - DAG(s) 'example_complex' retrieved from /home/airflow/.local/lib/python3.12/site-packages/airflow/example_dags/example_complex.py
[2025-03-08T20:34:06.935+0000] {logging_mixin.py:190} INFO - [2025-03-08T20:34:06.934+0000] {dag.py:3239} INFO - Sync 1 DAGs
[2025-03-08T20:34:06.950+0000] {logging_mixin.py:190} INFO - [2025-03-08T20:34:06.950+0000] {dag.py:4180} INFO - Setting next_dagrun for example_complex to None, run_after=None
[2025-03-08T20:34:06.970+0000] {processor.py:208} INFO - Processing /home/airflow/.local/lib/python3.12/site-packages/airflow/example_dags/example_complex.py took 0.111 seconds
[2025-03-08T20:34:37.160+0000] {processor.py:186} INFO - Started process (PID=346) to work on /home/airflow/.local/lib/python3.12/site-packages/airflow/example_dags/example_complex.py
[2025-03-08T20:34:37.161+0000] {processor.py:914} INFO - Processing file /home/airflow/.local/lib/python3.12/site-packages/airflow/example_dags/example_complex.py for tasks to queue
[2025-03-08T20:34:37.163+0000] {logging_mixin.py:190} INFO - [2025-03-08T20:34:37.163+0000] {dagbag.py:588} INFO - Filling up the DagBag from /home/airflow/.local/lib/python3.12/site-packages/airflow/example_dags/example_complex.py
[2025-03-08T20:34:37.174+0000] {processor.py:925} INFO - DAG(s) 'example_complex' retrieved from /home/airflow/.local/lib/python3.12/site-packages/airflow/example_dags/example_complex.py
[2025-03-08T20:34:37.205+0000] {logging_mixin.py:190} INFO - [2025-03-08T20:34:37.204+0000] {dag.py:3239} INFO - Sync 1 DAGs
[2025-03-08T20:34:37.218+0000] {logging_mixin.py:190} INFO - [2025-03-08T20:34:37.218+0000] {dag.py:4180} INFO - Setting next_dagrun for example_complex to None, run_after=None
[2025-03-08T20:34:37.235+0000] {processor.py:208} INFO - Processing /home/airflow/.local/lib/python3.12/site-packages/airflow/example_dags/example_complex.py took 0.080 seconds
[2025-03-08T20:35:07.959+0000] {processor.py:186} INFO - Started process (PID=409) to work on /home/airflow/.local/lib/python3.12/site-packages/airflow/example_dags/example_complex.py
[2025-03-08T20:35:07.959+0000] {processor.py:914} INFO - Processing file /home/airflow/.local/lib/python3.12/site-packages/airflow/example_dags/example_complex.py for tasks to queue
[2025-03-08T20:35:07.962+0000] {logging_mixin.py:190} INFO - [2025-03-08T20:35:07.961+0000] {dagbag.py:588} INFO - Filling up the DagBag from /home/airflow/.local/lib/python3.12/site-packages/airflow/example_dags/example_complex.py
[2025-03-08T20:35:07.972+0000] {processor.py:925} INFO - DAG(s) 'example_complex' retrieved from /home/airflow/.local/lib/python3.12/site-packages/airflow/example_dags/example_complex.py
[2025-03-08T20:35:08.000+0000] {logging_mixin.py:190} INFO - [2025-03-08T20:35:08.000+0000] {dag.py:3239} INFO - Sync 1 DAGs
[2025-03-08T20:35:08.013+0000] {logging_mixin.py:190} INFO - [2025-03-08T20:35:08.012+0000] {dag.py:4180} INFO - Setting next_dagrun for example_complex to None, run_after=None
[2025-03-08T20:35:08.030+0000] {processor.py:208} INFO - Processing /home/airflow/.local/lib/python3.12/site-packages/airflow/example_dags/example_complex.py took 0.076 seconds
[2025-03-08T20:35:39.317+0000] {processor.py:186} INFO - Started process (PID=472) to work on /home/airflow/.local/lib/python3.12/site-packages/airflow/example_dags/example_complex.py
[2025-03-08T20:35:39.317+0000] {processor.py:914} INFO - Processing file /home/airflow/.local/lib/python3.12/site-packages/airflow/example_dags/example_complex.py for tasks to queue
[2025-03-08T20:35:39.319+0000] {logging_mixin.py:190} INFO - [2025-03-08T20:35:39.319+0000] {dagbag.py:588} INFO - Filling up the DagBag from /home/airflow/.local/lib/python3.12/site-packages/airflow/example_dags/example_complex.py
[2025-03-08T20:35:39.329+0000] {processor.py:925} INFO - DAG(s) 'example_complex' retrieved from /home/airflow/.local/lib/python3.12/site-packages/airflow/example_dags/example_complex.py
[2025-03-08T20:35:39.355+0000] {logging_mixin.py:190} INFO - [2025-03-08T20:35:39.355+0000] {dag.py:3239} INFO - Sync 1 DAGs
[2025-03-08T20:35:39.370+0000] {logging_mixin.py:190} INFO - [2025-03-08T20:35:39.369+0000] {dag.py:4180} INFO - Setting next_dagrun for example_complex to None, run_after=None
[2025-03-08T20:35:39.387+0000] {processor.py:208} INFO - Processing /home/airflow/.local/lib/python3.12/site-packages/airflow/example_dags/example_complex.py took 0.075 seconds
[2025-03-08T20:36:09.831+0000] {processor.py:186} INFO - Started process (PID=535) to work on /home/airflow/.local/lib/python3.12/site-packages/airflow/example_dags/example_complex.py
[2025-03-08T20:36:09.831+0000] {processor.py:914} INFO - Processing file /home/airflow/.local/lib/python3.12/site-packages/airflow/example_dags/example_complex.py for tasks to queue
[2025-03-08T20:36:09.833+0000] {logging_mixin.py:190} INFO - [2025-03-08T20:36:09.833+0000] {dagbag.py:588} INFO - Filling up the DagBag from /home/airflow/.local/lib/python3.12/site-packages/airflow/example_dags/example_complex.py
[2025-03-08T20:36:09.843+0000] {processor.py:925} INFO - DAG(s) 'example_complex' retrieved from /home/airflow/.local/lib/python3.12/site-packages/airflow/example_dags/example_complex.py
[2025-03-08T20:36:09.872+0000] {logging_mixin.py:190} INFO - [2025-03-08T20:36:09.872+0000] {dag.py:3239} INFO - Sync 1 DAGs
[2025-03-08T20:36:09.884+0000] {logging_mixin.py:190} INFO - [2025-03-08T20:36:09.884+0000] {dag.py:4180} INFO - Setting next_dagrun for example_complex to None, run_after=None
[2025-03-08T20:36:09.900+0000] {processor.py:208} INFO - Processing /home/airflow/.local/lib/python3.12/site-packages/airflow/example_dags/example_complex.py took 0.075 seconds
[2025-03-08T20:36:41.135+0000] {processor.py:186} INFO - Started process (PID=598) to work on /home/airflow/.local/lib/python3.12/site-packages/airflow/example_dags/example_complex.py
[2025-03-08T20:36:41.135+0000] {processor.py:914} INFO - Processing file /home/airflow/.local/lib/python3.12/site-packages/airflow/example_dags/example_complex.py for tasks to queue
[2025-03-08T20:36:41.137+0000] {logging_mixin.py:190} INFO - [2025-03-08T20:36:41.137+0000] {dagbag.py:588} INFO - Filling up the DagBag from /home/airflow/.local/lib/python3.12/site-packages/airflow/example_dags/example_complex.py
[2025-03-08T20:36:41.147+0000] {processor.py:925} INFO - DAG(s) 'example_complex' retrieved from /home/airflow/.local/lib/python3.12/site-packages/airflow/example_dags/example_complex.py
[2025-03-08T20:36:41.171+0000] {logging_mixin.py:190} INFO - [2025-03-08T20:36:41.171+0000] {dag.py:3239} INFO - Sync 1 DAGs
[2025-03-08T20:36:41.183+0000] {logging_mixin.py:190} INFO - [2025-03-08T20:36:41.182+0000] {dag.py:4180} INFO - Setting next_dagrun for example_complex to None, run_after=None
[2025-03-08T20:36:41.199+0000] {processor.py:208} INFO - Processing /home/airflow/.local/lib/python3.12/site-packages/airflow/example_dags/example_complex.py took 0.070 seconds
[2025-03-08T20:37:12.239+0000] {processor.py:186} INFO - Started process (PID=661) to work on /home/airflow/.local/lib/python3.12/site-packages/airflow/example_dags/example_complex.py
[2025-03-08T20:37:12.240+0000] {processor.py:914} INFO - Processing file /home/airflow/.local/lib/python3.12/site-packages/airflow/example_dags/example_complex.py for tasks to queue
[2025-03-08T20:37:12.242+0000] {logging_mixin.py:190} INFO - [2025-03-08T20:37:12.242+0000] {dagbag.py:588} INFO - Filling up the DagBag from /home/airflow/.local/lib/python3.12/site-packages/airflow/example_dags/example_complex.py
[2025-03-08T20:37:12.254+0000] {processor.py:925} INFO - DAG(s) 'example_complex' retrieved from /home/airflow/.local/lib/python3.12/site-packages/airflow/example_dags/example_complex.py
[2025-03-08T20:37:12.286+0000] {logging_mixin.py:190} INFO - [2025-03-08T20:37:12.286+0000] {dag.py:3239} INFO - Sync 1 DAGs
[2025-03-08T20:37:12.301+0000] {logging_mixin.py:190} INFO - [2025-03-08T20:37:12.301+0000] {dag.py:4180} INFO - Setting next_dagrun for example_complex to None, run_after=None
[2025-03-08T20:37:12.325+0000] {processor.py:208} INFO - Processing /home/airflow/.local/lib/python3.12/site-packages/airflow/example_dags/example_complex.py took 0.091 seconds
[2025-03-08T20:37:42.896+0000] {processor.py:186} INFO - Started process (PID=724) to work on /home/airflow/.local/lib/python3.12/site-packages/airflow/example_dags/example_complex.py
[2025-03-08T20:37:42.897+0000] {processor.py:914} INFO - Processing file /home/airflow/.local/lib/python3.12/site-packages/airflow/example_dags/example_complex.py for tasks to queue
[2025-03-08T20:37:42.902+0000] {logging_mixin.py:190} INFO - [2025-03-08T20:37:42.902+0000] {dagbag.py:588} INFO - Filling up the DagBag from /home/airflow/.local/lib/python3.12/site-packages/airflow/example_dags/example_complex.py
[2025-03-08T20:37:42.921+0000] {processor.py:925} INFO - DAG(s) 'example_complex' retrieved from /home/airflow/.local/lib/python3.12/site-packages/airflow/example_dags/example_complex.py
[2025-03-08T20:37:42.961+0000] {logging_mixin.py:190} INFO - [2025-03-08T20:37:42.961+0000] {dag.py:3239} INFO - Sync 1 DAGs
[2025-03-08T20:37:42.977+0000] {logging_mixin.py:190} INFO - [2025-03-08T20:37:42.976+0000] {dag.py:4180} INFO - Setting next_dagrun for example_complex to None, run_after=None
[2025-03-08T20:37:42.994+0000] {processor.py:208} INFO - Processing /home/airflow/.local/lib/python3.12/site-packages/airflow/example_dags/example_complex.py took 0.112 seconds
[2025-03-08T20:38:14.037+0000] {processor.py:186} INFO - Started process (PID=787) to work on /home/airflow/.local/lib/python3.12/site-packages/airflow/example_dags/example_complex.py
[2025-03-08T20:38:14.037+0000] {processor.py:914} INFO - Processing file /home/airflow/.local/lib/python3.12/site-packages/airflow/example_dags/example_complex.py for tasks to queue
[2025-03-08T20:38:14.040+0000] {logging_mixin.py:190} INFO - [2025-03-08T20:38:14.039+0000] {dagbag.py:588} INFO - Filling up the DagBag from /home/airflow/.local/lib/python3.12/site-packages/airflow/example_dags/example_complex.py
[2025-03-08T20:38:14.050+0000] {processor.py:925} INFO - DAG(s) 'example_complex' retrieved from /home/airflow/.local/lib/python3.12/site-packages/airflow/example_dags/example_complex.py
[2025-03-08T20:38:14.078+0000] {logging_mixin.py:190} INFO - [2025-03-08T20:38:14.078+0000] {dag.py:3239} INFO - Sync 1 DAGs
[2025-03-08T20:38:14.091+0000] {logging_mixin.py:190} INFO - [2025-03-08T20:38:14.091+0000] {dag.py:4180} INFO - Setting next_dagrun for example_complex to None, run_after=None
[2025-03-08T20:38:14.107+0000] {processor.py:208} INFO - Processing /home/airflow/.local/lib/python3.12/site-packages/airflow/example_dags/example_complex.py took 0.076 seconds
[2025-03-08T20:38:44.721+0000] {processor.py:186} INFO - Started process (PID=850) to work on /home/airflow/.local/lib/python3.12/site-packages/airflow/example_dags/example_complex.py
[2025-03-08T20:38:44.722+0000] {processor.py:914} INFO - Processing file /home/airflow/.local/lib/python3.12/site-packages/airflow/example_dags/example_complex.py for tasks to queue
[2025-03-08T20:38:44.725+0000] {logging_mixin.py:190} INFO - [2025-03-08T20:38:44.724+0000] {dagbag.py:588} INFO - Filling up the DagBag from /home/airflow/.local/lib/python3.12/site-packages/airflow/example_dags/example_complex.py
[2025-03-08T20:38:44.736+0000] {processor.py:925} INFO - DAG(s) 'example_complex' retrieved from /home/airflow/.local/lib/python3.12/site-packages/airflow/example_dags/example_complex.py
[2025-03-08T20:38:44.763+0000] {logging_mixin.py:190} INFO - [2025-03-08T20:38:44.762+0000] {dag.py:3239} INFO - Sync 1 DAGs
[2025-03-08T20:38:44.775+0000] {logging_mixin.py:190} INFO - [2025-03-08T20:38:44.775+0000] {dag.py:4180} INFO - Setting next_dagrun for example_complex to None, run_after=None
[2025-03-08T20:38:44.793+0000] {processor.py:208} INFO - Processing /home/airflow/.local/lib/python3.12/site-packages/airflow/example_dags/example_complex.py took 0.077 seconds
[2025-03-08T20:39:16.175+0000] {processor.py:186} INFO - Started process (PID=913) to work on /home/airflow/.local/lib/python3.12/site-packages/airflow/example_dags/example_complex.py
[2025-03-08T20:39:16.176+0000] {processor.py:914} INFO - Processing file /home/airflow/.local/lib/python3.12/site-packages/airflow/example_dags/example_complex.py for tasks to queue
[2025-03-08T20:39:16.178+0000] {logging_mixin.py:190} INFO - [2025-03-08T20:39:16.178+0000] {dagbag.py:588} INFO - Filling up the DagBag from /home/airflow/.local/lib/python3.12/site-packages/airflow/example_dags/example_complex.py
[2025-03-08T20:39:16.188+0000] {processor.py:925} INFO - DAG(s) 'example_complex' retrieved from /home/airflow/.local/lib/python3.12/site-packages/airflow/example_dags/example_complex.py
[2025-03-08T20:39:16.215+0000] {logging_mixin.py:190} INFO - [2025-03-08T20:39:16.215+0000] {dag.py:3239} INFO - Sync 1 DAGs
[2025-03-08T20:39:16.228+0000] {logging_mixin.py:190} INFO - [2025-03-08T20:39:16.228+0000] {dag.py:4180} INFO - Setting next_dagrun for example_complex to None, run_after=None
[2025-03-08T20:39:16.244+0000] {processor.py:208} INFO - Processing /home/airflow/.local/lib/python3.12/site-packages/airflow/example_dags/example_complex.py took 0.074 seconds
[2025-03-08T20:39:47.447+0000] {processor.py:186} INFO - Started process (PID=976) to work on /home/airflow/.local/lib/python3.12/site-packages/airflow/example_dags/example_complex.py
[2025-03-08T20:39:47.449+0000] {processor.py:914} INFO - Processing file /home/airflow/.local/lib/python3.12/site-packages/airflow/example_dags/example_complex.py for tasks to queue
[2025-03-08T20:39:47.451+0000] {logging_mixin.py:190} INFO - [2025-03-08T20:39:47.450+0000] {dagbag.py:588} INFO - Filling up the DagBag from /home/airflow/.local/lib/python3.12/site-packages/airflow/example_dags/example_complex.py
[2025-03-08T20:39:47.461+0000] {processor.py:925} INFO - DAG(s) 'example_complex' retrieved from /home/airflow/.local/lib/python3.12/site-packages/airflow/example_dags/example_complex.py
[2025-03-08T20:39:47.497+0000] {logging_mixin.py:190} INFO - [2025-03-08T20:39:47.496+0000] {dag.py:3239} INFO - Sync 1 DAGs
[2025-03-08T20:39:47.511+0000] {logging_mixin.py:190} INFO - [2025-03-08T20:39:47.511+0000] {dag.py:4180} INFO - Setting next_dagrun for example_complex to None, run_after=None
[2025-03-08T20:39:47.527+0000] {processor.py:208} INFO - Processing /home/airflow/.local/lib/python3.12/site-packages/airflow/example_dags/example_complex.py took 0.084 seconds
[2025-03-08T20:40:18.031+0000] {processor.py:186} INFO - Started process (PID=1039) to work on /home/airflow/.local/lib/python3.12/site-packages/airflow/example_dags/example_complex.py
[2025-03-08T20:40:18.031+0000] {processor.py:914} INFO - Processing file /home/airflow/.local/lib/python3.12/site-packages/airflow/example_dags/example_complex.py for tasks to queue
[2025-03-08T20:40:18.033+0000] {logging_mixin.py:190} INFO - [2025-03-08T20:40:18.033+0000] {dagbag.py:588} INFO - Filling up the DagBag from /home/airflow/.local/lib/python3.12/site-packages/airflow/example_dags/example_complex.py
[2025-03-08T20:40:18.043+0000] {processor.py:925} INFO - DAG(s) 'example_complex' retrieved from /home/airflow/.local/lib/python3.12/site-packages/airflow/example_dags/example_complex.py
[2025-03-08T20:40:18.069+0000] {logging_mixin.py:190} INFO - [2025-03-08T20:40:18.069+0000] {dag.py:3239} INFO - Sync 1 DAGs
[2025-03-08T20:40:18.081+0000] {logging_mixin.py:190} INFO - [2025-03-08T20:40:18.081+0000] {dag.py:4180} INFO - Setting next_dagrun for example_complex to None, run_after=None
[2025-03-08T20:40:18.098+0000] {processor.py:208} INFO - Processing /home/airflow/.local/lib/python3.12/site-packages/airflow/example_dags/example_complex.py took 0.072 seconds
[2025-03-08T20:40:49.428+0000] {processor.py:186} INFO - Started process (PID=1102) to work on /home/airflow/.local/lib/python3.12/site-packages/airflow/example_dags/example_complex.py
[2025-03-08T20:40:49.429+0000] {processor.py:914} INFO - Processing file /home/airflow/.local/lib/python3.12/site-packages/airflow/example_dags/example_complex.py for tasks to queue
[2025-03-08T20:40:49.431+0000] {logging_mixin.py:190} INFO - [2025-03-08T20:40:49.431+0000] {dagbag.py:588} INFO - Filling up the DagBag from /home/airflow/.local/lib/python3.12/site-packages/airflow/example_dags/example_complex.py
[2025-03-08T20:40:49.441+0000] {processor.py:925} INFO - DAG(s) 'example_complex' retrieved from /home/airflow/.local/lib/python3.12/site-packages/airflow/example_dags/example_complex.py
[2025-03-08T20:40:49.467+0000] {logging_mixin.py:190} INFO - [2025-03-08T20:40:49.466+0000] {dag.py:3239} INFO - Sync 1 DAGs
[2025-03-08T20:40:49.481+0000] {logging_mixin.py:190} INFO - [2025-03-08T20:40:49.480+0000] {dag.py:4180} INFO - Setting next_dagrun for example_complex to None, run_after=None
[2025-03-08T20:40:49.497+0000] {processor.py:208} INFO - Processing /home/airflow/.local/lib/python3.12/site-packages/airflow/example_dags/example_complex.py took 0.074 seconds
[2025-03-08T20:41:21.099+0000] {processor.py:186} INFO - Started process (PID=1165) to work on /home/airflow/.local/lib/python3.12/site-packages/airflow/example_dags/example_complex.py
[2025-03-08T20:41:21.100+0000] {processor.py:914} INFO - Processing file /home/airflow/.local/lib/python3.12/site-packages/airflow/example_dags/example_complex.py for tasks to queue
[2025-03-08T20:41:21.102+0000] {logging_mixin.py:190} INFO - [2025-03-08T20:41:21.101+0000] {dagbag.py:588} INFO - Filling up the DagBag from /home/airflow/.local/lib/python3.12/site-packages/airflow/example_dags/example_complex.py
[2025-03-08T20:41:21.111+0000] {processor.py:925} INFO - DAG(s) 'example_complex' retrieved from /home/airflow/.local/lib/python3.12/site-packages/airflow/example_dags/example_complex.py
[2025-03-08T20:41:21.137+0000] {logging_mixin.py:190} INFO - [2025-03-08T20:41:21.136+0000] {dag.py:3239} INFO - Sync 1 DAGs
[2025-03-08T20:41:21.149+0000] {logging_mixin.py:190} INFO - [2025-03-08T20:41:21.149+0000] {dag.py:4180} INFO - Setting next_dagrun for example_complex to None, run_after=None
[2025-03-08T20:41:21.165+0000] {processor.py:208} INFO - Processing /home/airflow/.local/lib/python3.12/site-packages/airflow/example_dags/example_complex.py took 0.071 seconds
[2025-03-08T20:41:52.212+0000] {processor.py:186} INFO - Started process (PID=1228) to work on /home/airflow/.local/lib/python3.12/site-packages/airflow/example_dags/example_complex.py
[2025-03-08T20:41:52.213+0000] {processor.py:914} INFO - Processing file /home/airflow/.local/lib/python3.12/site-packages/airflow/example_dags/example_complex.py for tasks to queue
[2025-03-08T20:41:52.214+0000] {logging_mixin.py:190} INFO - [2025-03-08T20:41:52.214+0000] {dagbag.py:588} INFO - Filling up the DagBag from /home/airflow/.local/lib/python3.12/site-packages/airflow/example_dags/example_complex.py
[2025-03-08T20:41:52.224+0000] {processor.py:925} INFO - DAG(s) 'example_complex' retrieved from /home/airflow/.local/lib/python3.12/site-packages/airflow/example_dags/example_complex.py
[2025-03-08T20:41:52.249+0000] {logging_mixin.py:190} INFO - [2025-03-08T20:41:52.249+0000] {dag.py:3239} INFO - Sync 1 DAGs
[2025-03-08T20:41:52.262+0000] {logging_mixin.py:190} INFO - [2025-03-08T20:41:52.261+0000] {dag.py:4180} INFO - Setting next_dagrun for example_complex to None, run_after=None
[2025-03-08T20:41:52.278+0000] {processor.py:208} INFO - Processing /home/airflow/.local/lib/python3.12/site-packages/airflow/example_dags/example_complex.py took 0.071 seconds
[2025-03-08T20:42:22.876+0000] {processor.py:186} INFO - Started process (PID=1291) to work on /home/airflow/.local/lib/python3.12/site-packages/airflow/example_dags/example_complex.py
[2025-03-08T20:42:22.876+0000] {processor.py:914} INFO - Processing file /home/airflow/.local/lib/python3.12/site-packages/airflow/example_dags/example_complex.py for tasks to queue
[2025-03-08T20:42:22.878+0000] {logging_mixin.py:190} INFO - [2025-03-08T20:42:22.878+0000] {dagbag.py:588} INFO - Filling up the DagBag from /home/airflow/.local/lib/python3.12/site-packages/airflow/example_dags/example_complex.py
[2025-03-08T20:42:22.888+0000] {processor.py:925} INFO - DAG(s) 'example_complex' retrieved from /home/airflow/.local/lib/python3.12/site-packages/airflow/example_dags/example_complex.py
[2025-03-08T20:42:22.913+0000] {logging_mixin.py:190} INFO - [2025-03-08T20:42:22.913+0000] {dag.py:3239} INFO - Sync 1 DAGs
[2025-03-08T20:42:22.925+0000] {logging_mixin.py:190} INFO - [2025-03-08T20:42:22.925+0000] {dag.py:4180} INFO - Setting next_dagrun for example_complex to None, run_after=None
[2025-03-08T20:42:22.941+0000] {processor.py:208} INFO - Processing /home/airflow/.local/lib/python3.12/site-packages/airflow/example_dags/example_complex.py took 0.071 seconds
[2025-03-08T20:42:53.456+0000] {processor.py:186} INFO - Started process (PID=1354) to work on /home/airflow/.local/lib/python3.12/site-packages/airflow/example_dags/example_complex.py
[2025-03-08T20:42:53.457+0000] {processor.py:914} INFO - Processing file /home/airflow/.local/lib/python3.12/site-packages/airflow/example_dags/example_complex.py for tasks to queue
[2025-03-08T20:42:53.459+0000] {logging_mixin.py:190} INFO - [2025-03-08T20:42:53.459+0000] {dagbag.py:588} INFO - Filling up the DagBag from /home/airflow/.local/lib/python3.12/site-packages/airflow/example_dags/example_complex.py
[2025-03-08T20:42:53.472+0000] {processor.py:925} INFO - DAG(s) 'example_complex' retrieved from /home/airflow/.local/lib/python3.12/site-packages/airflow/example_dags/example_complex.py
[2025-03-08T20:42:53.499+0000] {logging_mixin.py:190} INFO - [2025-03-08T20:42:53.499+0000] {dag.py:3239} INFO - Sync 1 DAGs
[2025-03-08T20:42:53.514+0000] {logging_mixin.py:190} INFO - [2025-03-08T20:42:53.514+0000] {dag.py:4180} INFO - Setting next_dagrun for example_complex to None, run_after=None
[2025-03-08T20:42:53.530+0000] {processor.py:208} INFO - Processing /home/airflow/.local/lib/python3.12/site-packages/airflow/example_dags/example_complex.py took 0.079 seconds
[2025-03-08T20:43:24.099+0000] {processor.py:186} INFO - Started process (PID=1417) to work on /home/airflow/.local/lib/python3.12/site-packages/airflow/example_dags/example_complex.py
[2025-03-08T20:43:24.099+0000] {processor.py:914} INFO - Processing file /home/airflow/.local/lib/python3.12/site-packages/airflow/example_dags/example_complex.py for tasks to queue
[2025-03-08T20:43:24.101+0000] {logging_mixin.py:190} INFO - [2025-03-08T20:43:24.101+0000] {dagbag.py:588} INFO - Filling up the DagBag from /home/airflow/.local/lib/python3.12/site-packages/airflow/example_dags/example_complex.py
[2025-03-08T20:43:24.112+0000] {processor.py:925} INFO - DAG(s) 'example_complex' retrieved from /home/airflow/.local/lib/python3.12/site-packages/airflow/example_dags/example_complex.py
[2025-03-08T20:43:24.137+0000] {logging_mixin.py:190} INFO - [2025-03-08T20:43:24.137+0000] {dag.py:3239} INFO - Sync 1 DAGs
[2025-03-08T20:43:24.149+0000] {logging_mixin.py:190} INFO - [2025-03-08T20:43:24.149+0000] {dag.py:4180} INFO - Setting next_dagrun for example_complex to None, run_after=None
[2025-03-08T20:43:24.165+0000] {processor.py:208} INFO - Processing /home/airflow/.local/lib/python3.12/site-packages/airflow/example_dags/example_complex.py took 0.071 seconds
[2025-03-08T20:43:55.545+0000] {processor.py:186} INFO - Started process (PID=1480) to work on /home/airflow/.local/lib/python3.12/site-packages/airflow/example_dags/example_complex.py
[2025-03-08T20:43:55.546+0000] {processor.py:914} INFO - Processing file /home/airflow/.local/lib/python3.12/site-packages/airflow/example_dags/example_complex.py for tasks to queue
[2025-03-08T20:43:55.548+0000] {logging_mixin.py:190} INFO - [2025-03-08T20:43:55.547+0000] {dagbag.py:588} INFO - Filling up the DagBag from /home/airflow/.local/lib/python3.12/site-packages/airflow/example_dags/example_complex.py
[2025-03-08T20:43:55.558+0000] {processor.py:925} INFO - DAG(s) 'example_complex' retrieved from /home/airflow/.local/lib/python3.12/site-packages/airflow/example_dags/example_complex.py
[2025-03-08T20:43:55.584+0000] {logging_mixin.py:190} INFO - [2025-03-08T20:43:55.584+0000] {dag.py:3239} INFO - Sync 1 DAGs
[2025-03-08T20:43:55.596+0000] {logging_mixin.py:190} INFO - [2025-03-08T20:43:55.596+0000] {dag.py:4180} INFO - Setting next_dagrun for example_complex to None, run_after=None
[2025-03-08T20:43:55.612+0000] {processor.py:208} INFO - Processing /home/airflow/.local/lib/python3.12/site-packages/airflow/example_dags/example_complex.py took 0.072 seconds
[2025-03-08T20:44:26.352+0000] {processor.py:186} INFO - Started process (PID=1543) to work on /home/airflow/.local/lib/python3.12/site-packages/airflow/example_dags/example_complex.py
[2025-03-08T20:44:26.353+0000] {processor.py:914} INFO - Processing file /home/airflow/.local/lib/python3.12/site-packages/airflow/example_dags/example_complex.py for tasks to queue
[2025-03-08T20:44:26.355+0000] {logging_mixin.py:190} INFO - [2025-03-08T20:44:26.355+0000] {dagbag.py:588} INFO - Filling up the DagBag from /home/airflow/.local/lib/python3.12/site-packages/airflow/example_dags/example_complex.py
[2025-03-08T20:44:26.366+0000] {processor.py:925} INFO - DAG(s) 'example_complex' retrieved from /home/airflow/.local/lib/python3.12/site-packages/airflow/example_dags/example_complex.py
[2025-03-08T20:44:26.392+0000] {logging_mixin.py:190} INFO - [2025-03-08T20:44:26.391+0000] {dag.py:3239} INFO - Sync 1 DAGs
[2025-03-08T20:44:26.404+0000] {logging_mixin.py:190} INFO - [2025-03-08T20:44:26.404+0000] {dag.py:4180} INFO - Setting next_dagrun for example_complex to None, run_after=None
[2025-03-08T20:44:26.420+0000] {processor.py:208} INFO - Processing /home/airflow/.local/lib/python3.12/site-packages/airflow/example_dags/example_complex.py took 0.074 seconds
[2025-03-08T20:44:56.990+0000] {processor.py:186} INFO - Started process (PID=1606) to work on /home/airflow/.local/lib/python3.12/site-packages/airflow/example_dags/example_complex.py
[2025-03-08T20:44:56.991+0000] {processor.py:914} INFO - Processing file /home/airflow/.local/lib/python3.12/site-packages/airflow/example_dags/example_complex.py for tasks to queue
[2025-03-08T20:44:56.993+0000] {logging_mixin.py:190} INFO - [2025-03-08T20:44:56.993+0000] {dagbag.py:588} INFO - Filling up the DagBag from /home/airflow/.local/lib/python3.12/site-packages/airflow/example_dags/example_complex.py
[2025-03-08T20:44:57.003+0000] {processor.py:925} INFO - DAG(s) 'example_complex' retrieved from /home/airflow/.local/lib/python3.12/site-packages/airflow/example_dags/example_complex.py
[2025-03-08T20:44:57.030+0000] {logging_mixin.py:190} INFO - [2025-03-08T20:44:57.030+0000] {dag.py:3239} INFO - Sync 1 DAGs
[2025-03-08T20:44:57.042+0000] {logging_mixin.py:190} INFO - [2025-03-08T20:44:57.042+0000] {dag.py:4180} INFO - Setting next_dagrun for example_complex to None, run_after=None
[2025-03-08T20:44:57.058+0000] {processor.py:208} INFO - Processing /home/airflow/.local/lib/python3.12/site-packages/airflow/example_dags/example_complex.py took 0.073 seconds
[2025-03-08T20:45:28.391+0000] {processor.py:186} INFO - Started process (PID=1669) to work on /home/airflow/.local/lib/python3.12/site-packages/airflow/example_dags/example_complex.py
[2025-03-08T20:45:28.392+0000] {processor.py:914} INFO - Processing file /home/airflow/.local/lib/python3.12/site-packages/airflow/example_dags/example_complex.py for tasks to queue
[2025-03-08T20:45:28.394+0000] {logging_mixin.py:190} INFO - [2025-03-08T20:45:28.394+0000] {dagbag.py:588} INFO - Filling up the DagBag from /home/airflow/.local/lib/python3.12/site-packages/airflow/example_dags/example_complex.py
[2025-03-08T20:45:28.404+0000] {processor.py:925} INFO - DAG(s) 'example_complex' retrieved from /home/airflow/.local/lib/python3.12/site-packages/airflow/example_dags/example_complex.py
[2025-03-08T20:45:28.431+0000] {logging_mixin.py:190} INFO - [2025-03-08T20:45:28.431+0000] {dag.py:3239} INFO - Sync 1 DAGs
[2025-03-08T20:45:28.443+0000] {logging_mixin.py:190} INFO - [2025-03-08T20:45:28.443+0000] {dag.py:4180} INFO - Setting next_dagrun for example_complex to None, run_after=None
[2025-03-08T20:45:28.458+0000] {processor.py:208} INFO - Processing /home/airflow/.local/lib/python3.12/site-packages/airflow/example_dags/example_complex.py took 0.073 seconds
[2025-03-08T20:45:59.918+0000] {processor.py:186} INFO - Started process (PID=1732) to work on /home/airflow/.local/lib/python3.12/site-packages/airflow/example_dags/example_complex.py
[2025-03-08T20:45:59.919+0000] {processor.py:914} INFO - Processing file /home/airflow/.local/lib/python3.12/site-packages/airflow/example_dags/example_complex.py for tasks to queue
[2025-03-08T20:45:59.921+0000] {logging_mixin.py:190} INFO - [2025-03-08T20:45:59.921+0000] {dagbag.py:588} INFO - Filling up the DagBag from /home/airflow/.local/lib/python3.12/site-packages/airflow/example_dags/example_complex.py
[2025-03-08T20:45:59.931+0000] {processor.py:925} INFO - DAG(s) 'example_complex' retrieved from /home/airflow/.local/lib/python3.12/site-packages/airflow/example_dags/example_complex.py
[2025-03-08T20:45:59.958+0000] {logging_mixin.py:190} INFO - [2025-03-08T20:45:59.958+0000] {dag.py:3239} INFO - Sync 1 DAGs
[2025-03-08T20:45:59.970+0000] {logging_mixin.py:190} INFO - [2025-03-08T20:45:59.970+0000] {dag.py:4180} INFO - Setting next_dagrun for example_complex to None, run_after=None
[2025-03-08T20:45:59.987+0000] {processor.py:208} INFO - Processing /home/airflow/.local/lib/python3.12/site-packages/airflow/example_dags/example_complex.py took 0.074 seconds
[2025-03-08T20:46:31.501+0000] {processor.py:186} INFO - Started process (PID=1801) to work on /home/airflow/.local/lib/python3.12/site-packages/airflow/example_dags/example_complex.py
[2025-03-08T20:46:31.501+0000] {processor.py:914} INFO - Processing file /home/airflow/.local/lib/python3.12/site-packages/airflow/example_dags/example_complex.py for tasks to queue
[2025-03-08T20:46:31.503+0000] {logging_mixin.py:190} INFO - [2025-03-08T20:46:31.503+0000] {dagbag.py:588} INFO - Filling up the DagBag from /home/airflow/.local/lib/python3.12/site-packages/airflow/example_dags/example_complex.py
[2025-03-08T20:46:31.514+0000] {processor.py:925} INFO - DAG(s) 'example_complex' retrieved from /home/airflow/.local/lib/python3.12/site-packages/airflow/example_dags/example_complex.py
[2025-03-08T20:46:31.548+0000] {logging_mixin.py:190} INFO - [2025-03-08T20:46:31.548+0000] {dag.py:3239} INFO - Sync 1 DAGs
[2025-03-08T20:46:31.560+0000] {logging_mixin.py:190} INFO - [2025-03-08T20:46:31.560+0000] {dag.py:4180} INFO - Setting next_dagrun for example_complex to None, run_after=None
[2025-03-08T20:46:31.578+0000] {processor.py:208} INFO - Processing /home/airflow/.local/lib/python3.12/site-packages/airflow/example_dags/example_complex.py took 0.083 seconds
[2025-03-08T20:47:02.027+0000] {processor.py:186} INFO - Started process (PID=1864) to work on /home/airflow/.local/lib/python3.12/site-packages/airflow/example_dags/example_complex.py
[2025-03-08T20:47:02.028+0000] {processor.py:914} INFO - Processing file /home/airflow/.local/lib/python3.12/site-packages/airflow/example_dags/example_complex.py for tasks to queue
[2025-03-08T20:47:02.030+0000] {logging_mixin.py:190} INFO - [2025-03-08T20:47:02.030+0000] {dagbag.py:588} INFO - Filling up the DagBag from /home/airflow/.local/lib/python3.12/site-packages/airflow/example_dags/example_complex.py
[2025-03-08T20:47:02.041+0000] {processor.py:925} INFO - DAG(s) 'example_complex' retrieved from /home/airflow/.local/lib/python3.12/site-packages/airflow/example_dags/example_complex.py
[2025-03-08T20:47:02.071+0000] {logging_mixin.py:190} INFO - [2025-03-08T20:47:02.070+0000] {dag.py:3239} INFO - Sync 1 DAGs
[2025-03-08T20:47:02.083+0000] {logging_mixin.py:190} INFO - [2025-03-08T20:47:02.083+0000] {dag.py:4180} INFO - Setting next_dagrun for example_complex to None, run_after=None
[2025-03-08T20:47:02.099+0000] {processor.py:208} INFO - Processing /home/airflow/.local/lib/python3.12/site-packages/airflow/example_dags/example_complex.py took 0.078 seconds
[2025-03-08T20:47:33.539+0000] {processor.py:186} INFO - Started process (PID=1927) to work on /home/airflow/.local/lib/python3.12/site-packages/airflow/example_dags/example_complex.py
[2025-03-08T20:47:33.540+0000] {processor.py:914} INFO - Processing file /home/airflow/.local/lib/python3.12/site-packages/airflow/example_dags/example_complex.py for tasks to queue
[2025-03-08T20:47:33.542+0000] {logging_mixin.py:190} INFO - [2025-03-08T20:47:33.542+0000] {dagbag.py:588} INFO - Filling up the DagBag from /home/airflow/.local/lib/python3.12/site-packages/airflow/example_dags/example_complex.py
[2025-03-08T20:47:33.552+0000] {processor.py:925} INFO - DAG(s) 'example_complex' retrieved from /home/airflow/.local/lib/python3.12/site-packages/airflow/example_dags/example_complex.py
[2025-03-08T20:47:33.580+0000] {logging_mixin.py:190} INFO - [2025-03-08T20:47:33.580+0000] {dag.py:3239} INFO - Sync 1 DAGs
[2025-03-08T20:47:33.593+0000] {logging_mixin.py:190} INFO - [2025-03-08T20:47:33.593+0000] {dag.py:4180} INFO - Setting next_dagrun for example_complex to None, run_after=None
[2025-03-08T20:47:33.608+0000] {processor.py:208} INFO - Processing /home/airflow/.local/lib/python3.12/site-packages/airflow/example_dags/example_complex.py took 0.074 seconds
[2025-03-08T20:48:04.837+0000] {processor.py:186} INFO - Started process (PID=1990) to work on /home/airflow/.local/lib/python3.12/site-packages/airflow/example_dags/example_complex.py
[2025-03-08T20:48:04.838+0000] {processor.py:914} INFO - Processing file /home/airflow/.local/lib/python3.12/site-packages/airflow/example_dags/example_complex.py for tasks to queue
[2025-03-08T20:48:04.840+0000] {logging_mixin.py:190} INFO - [2025-03-08T20:48:04.839+0000] {dagbag.py:588} INFO - Filling up the DagBag from /home/airflow/.local/lib/python3.12/site-packages/airflow/example_dags/example_complex.py
[2025-03-08T20:48:04.850+0000] {processor.py:925} INFO - DAG(s) 'example_complex' retrieved from /home/airflow/.local/lib/python3.12/site-packages/airflow/example_dags/example_complex.py
[2025-03-08T20:48:04.876+0000] {logging_mixin.py:190} INFO - [2025-03-08T20:48:04.876+0000] {dag.py:3239} INFO - Sync 1 DAGs
[2025-03-08T20:48:04.888+0000] {logging_mixin.py:190} INFO - [2025-03-08T20:48:04.888+0000] {dag.py:4180} INFO - Setting next_dagrun for example_complex to None, run_after=None
[2025-03-08T20:48:04.905+0000] {processor.py:208} INFO - Processing /home/airflow/.local/lib/python3.12/site-packages/airflow/example_dags/example_complex.py took 0.073 seconds
[2025-03-08T20:48:35.325+0000] {processor.py:186} INFO - Started process (PID=2053) to work on /home/airflow/.local/lib/python3.12/site-packages/airflow/example_dags/example_complex.py
[2025-03-08T20:48:35.325+0000] {processor.py:914} INFO - Processing file /home/airflow/.local/lib/python3.12/site-packages/airflow/example_dags/example_complex.py for tasks to queue
[2025-03-08T20:48:35.328+0000] {logging_mixin.py:190} INFO - [2025-03-08T20:48:35.327+0000] {dagbag.py:588} INFO - Filling up the DagBag from /home/airflow/.local/lib/python3.12/site-packages/airflow/example_dags/example_complex.py
[2025-03-08T20:48:35.339+0000] {processor.py:925} INFO - DAG(s) 'example_complex' retrieved from /home/airflow/.local/lib/python3.12/site-packages/airflow/example_dags/example_complex.py
[2025-03-08T20:48:35.366+0000] {logging_mixin.py:190} INFO - [2025-03-08T20:48:35.366+0000] {dag.py:3239} INFO - Sync 1 DAGs
[2025-03-08T20:48:35.381+0000] {logging_mixin.py:190} INFO - [2025-03-08T20:48:35.381+0000] {dag.py:4180} INFO - Setting next_dagrun for example_complex to None, run_after=None
[2025-03-08T20:48:35.398+0000] {processor.py:208} INFO - Processing /home/airflow/.local/lib/python3.12/site-packages/airflow/example_dags/example_complex.py took 0.079 seconds
[2025-03-08T20:49:06.697+0000] {processor.py:186} INFO - Started process (PID=2116) to work on /home/airflow/.local/lib/python3.12/site-packages/airflow/example_dags/example_complex.py
[2025-03-08T20:49:06.698+0000] {processor.py:914} INFO - Processing file /home/airflow/.local/lib/python3.12/site-packages/airflow/example_dags/example_complex.py for tasks to queue
[2025-03-08T20:49:06.700+0000] {logging_mixin.py:190} INFO - [2025-03-08T20:49:06.700+0000] {dagbag.py:588} INFO - Filling up the DagBag from /home/airflow/.local/lib/python3.12/site-packages/airflow/example_dags/example_complex.py
[2025-03-08T20:49:06.711+0000] {processor.py:925} INFO - DAG(s) 'example_complex' retrieved from /home/airflow/.local/lib/python3.12/site-packages/airflow/example_dags/example_complex.py
[2025-03-08T20:49:06.737+0000] {logging_mixin.py:190} INFO - [2025-03-08T20:49:06.737+0000] {dag.py:3239} INFO - Sync 1 DAGs
[2025-03-08T20:49:06.751+0000] {logging_mixin.py:190} INFO - [2025-03-08T20:49:06.751+0000] {dag.py:4180} INFO - Setting next_dagrun for example_complex to None, run_after=None
[2025-03-08T20:49:06.776+0000] {processor.py:208} INFO - Processing /home/airflow/.local/lib/python3.12/site-packages/airflow/example_dags/example_complex.py took 0.085 seconds
[2025-03-08T20:49:38.095+0000] {processor.py:186} INFO - Started process (PID=2179) to work on /home/airflow/.local/lib/python3.12/site-packages/airflow/example_dags/example_complex.py
[2025-03-08T20:49:38.095+0000] {processor.py:914} INFO - Processing file /home/airflow/.local/lib/python3.12/site-packages/airflow/example_dags/example_complex.py for tasks to queue
[2025-03-08T20:49:38.097+0000] {logging_mixin.py:190} INFO - [2025-03-08T20:49:38.097+0000] {dagbag.py:588} INFO - Filling up the DagBag from /home/airflow/.local/lib/python3.12/site-packages/airflow/example_dags/example_complex.py
[2025-03-08T20:49:38.108+0000] {processor.py:925} INFO - DAG(s) 'example_complex' retrieved from /home/airflow/.local/lib/python3.12/site-packages/airflow/example_dags/example_complex.py
[2025-03-08T20:49:38.134+0000] {logging_mixin.py:190} INFO - [2025-03-08T20:49:38.134+0000] {dag.py:3239} INFO - Sync 1 DAGs
[2025-03-08T20:49:38.146+0000] {logging_mixin.py:190} INFO - [2025-03-08T20:49:38.146+0000] {dag.py:4180} INFO - Setting next_dagrun for example_complex to None, run_after=None
[2025-03-08T20:49:38.162+0000] {processor.py:208} INFO - Processing /home/airflow/.local/lib/python3.12/site-packages/airflow/example_dags/example_complex.py took 0.072 seconds
[2025-03-08T20:50:09.023+0000] {processor.py:186} INFO - Started process (PID=2242) to work on /home/airflow/.local/lib/python3.12/site-packages/airflow/example_dags/example_complex.py
[2025-03-08T20:50:09.025+0000] {processor.py:914} INFO - Processing file /home/airflow/.local/lib/python3.12/site-packages/airflow/example_dags/example_complex.py for tasks to queue
[2025-03-08T20:50:09.028+0000] {logging_mixin.py:190} INFO - [2025-03-08T20:50:09.027+0000] {dagbag.py:588} INFO - Filling up the DagBag from /home/airflow/.local/lib/python3.12/site-packages/airflow/example_dags/example_complex.py
[2025-03-08T20:50:09.041+0000] {processor.py:925} INFO - DAG(s) 'example_complex' retrieved from /home/airflow/.local/lib/python3.12/site-packages/airflow/example_dags/example_complex.py
[2025-03-08T20:50:09.071+0000] {logging_mixin.py:190} INFO - [2025-03-08T20:50:09.071+0000] {dag.py:3239} INFO - Sync 1 DAGs
[2025-03-08T20:50:09.086+0000] {logging_mixin.py:190} INFO - [2025-03-08T20:50:09.086+0000] {dag.py:4180} INFO - Setting next_dagrun for example_complex to None, run_after=None
[2025-03-08T20:50:09.109+0000] {processor.py:208} INFO - Processing /home/airflow/.local/lib/python3.12/site-packages/airflow/example_dags/example_complex.py took 0.094 seconds
