[2025-03-08T20:32:34.266+0000] {processor.py:186} INFO - Started process (PID=92) to work on /home/airflow/.local/lib/python3.12/site-packages/airflow/example_dags/example_python_operator.py
[2025-03-08T20:32:34.267+0000] {processor.py:914} INFO - Processing file /home/airflow/.local/lib/python3.12/site-packages/airflow/example_dags/example_python_operator.py for tasks to queue
[2025-03-08T20:32:34.269+0000] {logging_mixin.py:190} INFO - [2025-03-08T20:32:34.269+0000] {dagbag.py:588} INFO - Filling up the DagBag from /home/airflow/.local/lib/python3.12/site-packages/airflow/example_dags/example_python_operator.py
[2025-03-08T20:32:34.282+0000] {processor.py:925} INFO - DAG(s) 'example_python_operator' retrieved from /home/airflow/.local/lib/python3.12/site-packages/airflow/example_dags/example_python_operator.py
[2025-03-08T20:32:34.365+0000] {logging_mixin.py:190} INFO - [2025-03-08T20:32:34.364+0000] {override.py:1912} INFO - Created Permission View: can edit on DAG:example_python_operator
[2025-03-08T20:32:34.374+0000] {logging_mixin.py:190} INFO - [2025-03-08T20:32:34.374+0000] {override.py:1912} INFO - Created Permission View: can read on DAG:example_python_operator
[2025-03-08T20:32:34.380+0000] {logging_mixin.py:190} INFO - [2025-03-08T20:32:34.380+0000] {override.py:1912} INFO - Created Permission View: can delete on DAG:example_python_operator
[2025-03-08T20:32:34.386+0000] {logging_mixin.py:190} INFO - [2025-03-08T20:32:34.385+0000] {override.py:1912} INFO - Created Permission View: can read on DAG Run:example_python_operator
[2025-03-08T20:32:34.391+0000] {logging_mixin.py:190} INFO - [2025-03-08T20:32:34.391+0000] {override.py:1912} INFO - Created Permission View: menu access on DAG Run:example_python_operator
[2025-03-08T20:32:34.399+0000] {logging_mixin.py:190} INFO - [2025-03-08T20:32:34.399+0000] {override.py:1912} INFO - Created Permission View: can create on DAG Run:example_python_operator
[2025-03-08T20:32:34.404+0000] {logging_mixin.py:190} INFO - [2025-03-08T20:32:34.404+0000] {override.py:1912} INFO - Created Permission View: can delete on DAG Run:example_python_operator
[2025-03-08T20:32:34.405+0000] {logging_mixin.py:190} INFO - [2025-03-08T20:32:34.405+0000] {dag.py:3239} INFO - Sync 1 DAGs
[2025-03-08T20:32:34.417+0000] {logging_mixin.py:190} INFO - [2025-03-08T20:32:34.417+0000] {dag.py:3262} INFO - Creating ORM DAG for example_python_operator
[2025-03-08T20:32:34.418+0000] {logging_mixin.py:190} INFO - [2025-03-08T20:32:34.418+0000] {dag.py:4180} INFO - Setting next_dagrun for example_python_operator to None, run_after=None
[2025-03-08T20:32:34.433+0000] {processor.py:208} INFO - Processing /home/airflow/.local/lib/python3.12/site-packages/airflow/example_dags/example_python_operator.py took 0.173 seconds
[2025-03-08T20:33:04.549+0000] {processor.py:186} INFO - Started process (PID=155) to work on /home/airflow/.local/lib/python3.12/site-packages/airflow/example_dags/example_python_operator.py
[2025-03-08T20:33:04.550+0000] {processor.py:914} INFO - Processing file /home/airflow/.local/lib/python3.12/site-packages/airflow/example_dags/example_python_operator.py for tasks to queue
[2025-03-08T20:33:04.551+0000] {logging_mixin.py:190} INFO - [2025-03-08T20:33:04.551+0000] {dagbag.py:588} INFO - Filling up the DagBag from /home/airflow/.local/lib/python3.12/site-packages/airflow/example_dags/example_python_operator.py
[2025-03-08T20:33:04.564+0000] {processor.py:925} INFO - DAG(s) 'example_python_operator' retrieved from /home/airflow/.local/lib/python3.12/site-packages/airflow/example_dags/example_python_operator.py
[2025-03-08T20:33:04.585+0000] {logging_mixin.py:190} INFO - [2025-03-08T20:33:04.585+0000] {dag.py:3239} INFO - Sync 1 DAGs
[2025-03-08T20:33:04.598+0000] {logging_mixin.py:190} INFO - [2025-03-08T20:33:04.597+0000] {dag.py:4180} INFO - Setting next_dagrun for example_python_operator to None, run_after=None
[2025-03-08T20:33:04.613+0000] {processor.py:208} INFO - Processing /home/airflow/.local/lib/python3.12/site-packages/airflow/example_dags/example_python_operator.py took 0.069 seconds
[2025-03-08T20:33:34.895+0000] {processor.py:186} INFO - Started process (PID=218) to work on /home/airflow/.local/lib/python3.12/site-packages/airflow/example_dags/example_python_operator.py
[2025-03-08T20:33:34.897+0000] {processor.py:914} INFO - Processing file /home/airflow/.local/lib/python3.12/site-packages/airflow/example_dags/example_python_operator.py for tasks to queue
[2025-03-08T20:33:34.899+0000] {logging_mixin.py:190} INFO - [2025-03-08T20:33:34.899+0000] {dagbag.py:588} INFO - Filling up the DagBag from /home/airflow/.local/lib/python3.12/site-packages/airflow/example_dags/example_python_operator.py
[2025-03-08T20:33:34.910+0000] {processor.py:925} INFO - DAG(s) 'example_python_operator' retrieved from /home/airflow/.local/lib/python3.12/site-packages/airflow/example_dags/example_python_operator.py
[2025-03-08T20:33:34.934+0000] {logging_mixin.py:190} INFO - [2025-03-08T20:33:34.934+0000] {dag.py:3239} INFO - Sync 1 DAGs
[2025-03-08T20:33:34.947+0000] {logging_mixin.py:190} INFO - [2025-03-08T20:33:34.947+0000] {dag.py:4180} INFO - Setting next_dagrun for example_python_operator to None, run_after=None
[2025-03-08T20:33:34.967+0000] {processor.py:208} INFO - Processing /home/airflow/.local/lib/python3.12/site-packages/airflow/example_dags/example_python_operator.py took 0.077 seconds
[2025-03-08T20:34:05.822+0000] {processor.py:186} INFO - Started process (PID=281) to work on /home/airflow/.local/lib/python3.12/site-packages/airflow/example_dags/example_python_operator.py
[2025-03-08T20:34:05.825+0000] {processor.py:914} INFO - Processing file /home/airflow/.local/lib/python3.12/site-packages/airflow/example_dags/example_python_operator.py for tasks to queue
[2025-03-08T20:34:05.835+0000] {logging_mixin.py:190} INFO - [2025-03-08T20:34:05.833+0000] {dagbag.py:588} INFO - Filling up the DagBag from /home/airflow/.local/lib/python3.12/site-packages/airflow/example_dags/example_python_operator.py
[2025-03-08T20:34:05.853+0000] {processor.py:925} INFO - DAG(s) 'example_python_operator' retrieved from /home/airflow/.local/lib/python3.12/site-packages/airflow/example_dags/example_python_operator.py
[2025-03-08T20:34:05.883+0000] {logging_mixin.py:190} INFO - [2025-03-08T20:34:05.882+0000] {dag.py:3239} INFO - Sync 1 DAGs
[2025-03-08T20:34:05.898+0000] {logging_mixin.py:190} INFO - [2025-03-08T20:34:05.898+0000] {dag.py:4180} INFO - Setting next_dagrun for example_python_operator to None, run_after=None
[2025-03-08T20:34:05.922+0000] {processor.py:208} INFO - Processing /home/airflow/.local/lib/python3.12/site-packages/airflow/example_dags/example_python_operator.py took 0.118 seconds
[2025-03-08T20:34:37.067+0000] {processor.py:186} INFO - Started process (PID=344) to work on /home/airflow/.local/lib/python3.12/site-packages/airflow/example_dags/example_python_operator.py
[2025-03-08T20:34:37.068+0000] {processor.py:914} INFO - Processing file /home/airflow/.local/lib/python3.12/site-packages/airflow/example_dags/example_python_operator.py for tasks to queue
[2025-03-08T20:34:37.070+0000] {logging_mixin.py:190} INFO - [2025-03-08T20:34:37.069+0000] {dagbag.py:588} INFO - Filling up the DagBag from /home/airflow/.local/lib/python3.12/site-packages/airflow/example_dags/example_python_operator.py
[2025-03-08T20:34:37.081+0000] {processor.py:925} INFO - DAG(s) 'example_python_operator' retrieved from /home/airflow/.local/lib/python3.12/site-packages/airflow/example_dags/example_python_operator.py
[2025-03-08T20:34:37.102+0000] {logging_mixin.py:190} INFO - [2025-03-08T20:34:37.101+0000] {dag.py:3239} INFO - Sync 1 DAGs
[2025-03-08T20:34:37.115+0000] {logging_mixin.py:190} INFO - [2025-03-08T20:34:37.115+0000] {dag.py:4180} INFO - Setting next_dagrun for example_python_operator to None, run_after=None
[2025-03-08T20:34:37.132+0000] {processor.py:208} INFO - Processing /home/airflow/.local/lib/python3.12/site-packages/airflow/example_dags/example_python_operator.py took 0.070 seconds
[2025-03-08T20:35:07.868+0000] {processor.py:186} INFO - Started process (PID=407) to work on /home/airflow/.local/lib/python3.12/site-packages/airflow/example_dags/example_python_operator.py
[2025-03-08T20:35:07.869+0000] {processor.py:914} INFO - Processing file /home/airflow/.local/lib/python3.12/site-packages/airflow/example_dags/example_python_operator.py for tasks to queue
[2025-03-08T20:35:07.872+0000] {logging_mixin.py:190} INFO - [2025-03-08T20:35:07.872+0000] {dagbag.py:588} INFO - Filling up the DagBag from /home/airflow/.local/lib/python3.12/site-packages/airflow/example_dags/example_python_operator.py
[2025-03-08T20:35:07.882+0000] {processor.py:925} INFO - DAG(s) 'example_python_operator' retrieved from /home/airflow/.local/lib/python3.12/site-packages/airflow/example_dags/example_python_operator.py
[2025-03-08T20:35:07.904+0000] {logging_mixin.py:190} INFO - [2025-03-08T20:35:07.904+0000] {dag.py:3239} INFO - Sync 1 DAGs
[2025-03-08T20:35:07.917+0000] {logging_mixin.py:190} INFO - [2025-03-08T20:35:07.916+0000] {dag.py:4180} INFO - Setting next_dagrun for example_python_operator to None, run_after=None
[2025-03-08T20:35:07.932+0000] {processor.py:208} INFO - Processing /home/airflow/.local/lib/python3.12/site-packages/airflow/example_dags/example_python_operator.py took 0.071 seconds
[2025-03-08T20:35:39.219+0000] {processor.py:186} INFO - Started process (PID=470) to work on /home/airflow/.local/lib/python3.12/site-packages/airflow/example_dags/example_python_operator.py
[2025-03-08T20:35:39.220+0000] {processor.py:914} INFO - Processing file /home/airflow/.local/lib/python3.12/site-packages/airflow/example_dags/example_python_operator.py for tasks to queue
[2025-03-08T20:35:39.222+0000] {logging_mixin.py:190} INFO - [2025-03-08T20:35:39.221+0000] {dagbag.py:588} INFO - Filling up the DagBag from /home/airflow/.local/lib/python3.12/site-packages/airflow/example_dags/example_python_operator.py
[2025-03-08T20:35:39.232+0000] {processor.py:925} INFO - DAG(s) 'example_python_operator' retrieved from /home/airflow/.local/lib/python3.12/site-packages/airflow/example_dags/example_python_operator.py
[2025-03-08T20:35:39.248+0000] {logging_mixin.py:190} INFO - [2025-03-08T20:35:39.248+0000] {dag.py:3239} INFO - Sync 1 DAGs
[2025-03-08T20:35:39.261+0000] {logging_mixin.py:190} INFO - [2025-03-08T20:35:39.260+0000] {dag.py:4180} INFO - Setting next_dagrun for example_python_operator to None, run_after=None
[2025-03-08T20:35:39.284+0000] {processor.py:208} INFO - Processing /home/airflow/.local/lib/python3.12/site-packages/airflow/example_dags/example_python_operator.py took 0.072 seconds
[2025-03-08T20:36:09.741+0000] {processor.py:186} INFO - Started process (PID=533) to work on /home/airflow/.local/lib/python3.12/site-packages/airflow/example_dags/example_python_operator.py
[2025-03-08T20:36:09.741+0000] {processor.py:914} INFO - Processing file /home/airflow/.local/lib/python3.12/site-packages/airflow/example_dags/example_python_operator.py for tasks to queue
[2025-03-08T20:36:09.743+0000] {logging_mixin.py:190} INFO - [2025-03-08T20:36:09.743+0000] {dagbag.py:588} INFO - Filling up the DagBag from /home/airflow/.local/lib/python3.12/site-packages/airflow/example_dags/example_python_operator.py
[2025-03-08T20:36:09.755+0000] {processor.py:925} INFO - DAG(s) 'example_python_operator' retrieved from /home/airflow/.local/lib/python3.12/site-packages/airflow/example_dags/example_python_operator.py
[2025-03-08T20:36:09.775+0000] {logging_mixin.py:190} INFO - [2025-03-08T20:36:09.775+0000] {dag.py:3239} INFO - Sync 1 DAGs
[2025-03-08T20:36:09.787+0000] {logging_mixin.py:190} INFO - [2025-03-08T20:36:09.786+0000] {dag.py:4180} INFO - Setting next_dagrun for example_python_operator to None, run_after=None
[2025-03-08T20:36:09.802+0000] {processor.py:208} INFO - Processing /home/airflow/.local/lib/python3.12/site-packages/airflow/example_dags/example_python_operator.py took 0.067 seconds
[2025-03-08T20:36:41.007+0000] {processor.py:186} INFO - Started process (PID=596) to work on /home/airflow/.local/lib/python3.12/site-packages/airflow/example_dags/example_python_operator.py
[2025-03-08T20:36:41.008+0000] {processor.py:914} INFO - Processing file /home/airflow/.local/lib/python3.12/site-packages/airflow/example_dags/example_python_operator.py for tasks to queue
[2025-03-08T20:36:41.010+0000] {logging_mixin.py:190} INFO - [2025-03-08T20:36:41.009+0000] {dagbag.py:588} INFO - Filling up the DagBag from /home/airflow/.local/lib/python3.12/site-packages/airflow/example_dags/example_python_operator.py
[2025-03-08T20:36:41.020+0000] {processor.py:925} INFO - DAG(s) 'example_python_operator' retrieved from /home/airflow/.local/lib/python3.12/site-packages/airflow/example_dags/example_python_operator.py
[2025-03-08T20:36:41.038+0000] {logging_mixin.py:190} INFO - [2025-03-08T20:36:41.037+0000] {dag.py:3239} INFO - Sync 1 DAGs
[2025-03-08T20:36:41.049+0000] {logging_mixin.py:190} INFO - [2025-03-08T20:36:41.049+0000] {dag.py:4180} INFO - Setting next_dagrun for example_python_operator to None, run_after=None
[2025-03-08T20:36:41.066+0000] {processor.py:208} INFO - Processing /home/airflow/.local/lib/python3.12/site-packages/airflow/example_dags/example_python_operator.py took 0.065 seconds
[2025-03-08T20:37:12.137+0000] {processor.py:186} INFO - Started process (PID=659) to work on /home/airflow/.local/lib/python3.12/site-packages/airflow/example_dags/example_python_operator.py
[2025-03-08T20:37:12.137+0000] {processor.py:914} INFO - Processing file /home/airflow/.local/lib/python3.12/site-packages/airflow/example_dags/example_python_operator.py for tasks to queue
[2025-03-08T20:37:12.139+0000] {logging_mixin.py:190} INFO - [2025-03-08T20:37:12.139+0000] {dagbag.py:588} INFO - Filling up the DagBag from /home/airflow/.local/lib/python3.12/site-packages/airflow/example_dags/example_python_operator.py
[2025-03-08T20:37:12.152+0000] {processor.py:925} INFO - DAG(s) 'example_python_operator' retrieved from /home/airflow/.local/lib/python3.12/site-packages/airflow/example_dags/example_python_operator.py
[2025-03-08T20:37:12.174+0000] {logging_mixin.py:190} INFO - [2025-03-08T20:37:12.173+0000] {dag.py:3239} INFO - Sync 1 DAGs
[2025-03-08T20:37:12.189+0000] {logging_mixin.py:190} INFO - [2025-03-08T20:37:12.188+0000] {dag.py:4180} INFO - Setting next_dagrun for example_python_operator to None, run_after=None
[2025-03-08T20:37:12.207+0000] {processor.py:208} INFO - Processing /home/airflow/.local/lib/python3.12/site-packages/airflow/example_dags/example_python_operator.py took 0.077 seconds
[2025-03-08T20:37:42.757+0000] {processor.py:186} INFO - Started process (PID=722) to work on /home/airflow/.local/lib/python3.12/site-packages/airflow/example_dags/example_python_operator.py
[2025-03-08T20:37:42.758+0000] {processor.py:914} INFO - Processing file /home/airflow/.local/lib/python3.12/site-packages/airflow/example_dags/example_python_operator.py for tasks to queue
[2025-03-08T20:37:42.760+0000] {logging_mixin.py:190} INFO - [2025-03-08T20:37:42.760+0000] {dagbag.py:588} INFO - Filling up the DagBag from /home/airflow/.local/lib/python3.12/site-packages/airflow/example_dags/example_python_operator.py
[2025-03-08T20:37:42.771+0000] {processor.py:925} INFO - DAG(s) 'example_python_operator' retrieved from /home/airflow/.local/lib/python3.12/site-packages/airflow/example_dags/example_python_operator.py
[2025-03-08T20:37:42.790+0000] {logging_mixin.py:190} INFO - [2025-03-08T20:37:42.790+0000] {dag.py:3239} INFO - Sync 1 DAGs
[2025-03-08T20:37:42.803+0000] {logging_mixin.py:190} INFO - [2025-03-08T20:37:42.803+0000] {dag.py:4180} INFO - Setting next_dagrun for example_python_operator to None, run_after=None
[2025-03-08T20:37:42.823+0000] {processor.py:208} INFO - Processing /home/airflow/.local/lib/python3.12/site-packages/airflow/example_dags/example_python_operator.py took 0.071 seconds
[2025-03-08T20:38:13.943+0000] {processor.py:186} INFO - Started process (PID=785) to work on /home/airflow/.local/lib/python3.12/site-packages/airflow/example_dags/example_python_operator.py
[2025-03-08T20:38:13.944+0000] {processor.py:914} INFO - Processing file /home/airflow/.local/lib/python3.12/site-packages/airflow/example_dags/example_python_operator.py for tasks to queue
[2025-03-08T20:38:13.946+0000] {logging_mixin.py:190} INFO - [2025-03-08T20:38:13.946+0000] {dagbag.py:588} INFO - Filling up the DagBag from /home/airflow/.local/lib/python3.12/site-packages/airflow/example_dags/example_python_operator.py
[2025-03-08T20:38:13.957+0000] {processor.py:925} INFO - DAG(s) 'example_python_operator' retrieved from /home/airflow/.local/lib/python3.12/site-packages/airflow/example_dags/example_python_operator.py
[2025-03-08T20:38:13.976+0000] {logging_mixin.py:190} INFO - [2025-03-08T20:38:13.976+0000] {dag.py:3239} INFO - Sync 1 DAGs
[2025-03-08T20:38:13.989+0000] {logging_mixin.py:190} INFO - [2025-03-08T20:38:13.989+0000] {dag.py:4180} INFO - Setting next_dagrun for example_python_operator to None, run_after=None
[2025-03-08T20:38:14.007+0000] {processor.py:208} INFO - Processing /home/airflow/.local/lib/python3.12/site-packages/airflow/example_dags/example_python_operator.py took 0.070 seconds
[2025-03-08T20:38:44.630+0000] {processor.py:186} INFO - Started process (PID=848) to work on /home/airflow/.local/lib/python3.12/site-packages/airflow/example_dags/example_python_operator.py
[2025-03-08T20:38:44.630+0000] {processor.py:914} INFO - Processing file /home/airflow/.local/lib/python3.12/site-packages/airflow/example_dags/example_python_operator.py for tasks to queue
[2025-03-08T20:38:44.633+0000] {logging_mixin.py:190} INFO - [2025-03-08T20:38:44.632+0000] {dagbag.py:588} INFO - Filling up the DagBag from /home/airflow/.local/lib/python3.12/site-packages/airflow/example_dags/example_python_operator.py
[2025-03-08T20:38:44.643+0000] {processor.py:925} INFO - DAG(s) 'example_python_operator' retrieved from /home/airflow/.local/lib/python3.12/site-packages/airflow/example_dags/example_python_operator.py
[2025-03-08T20:38:44.662+0000] {logging_mixin.py:190} INFO - [2025-03-08T20:38:44.662+0000] {dag.py:3239} INFO - Sync 1 DAGs
[2025-03-08T20:38:44.676+0000] {logging_mixin.py:190} INFO - [2025-03-08T20:38:44.676+0000] {dag.py:4180} INFO - Setting next_dagrun for example_python_operator to None, run_after=None
[2025-03-08T20:38:44.692+0000] {processor.py:208} INFO - Processing /home/airflow/.local/lib/python3.12/site-packages/airflow/example_dags/example_python_operator.py took 0.069 seconds
[2025-03-08T20:39:16.081+0000] {processor.py:186} INFO - Started process (PID=911) to work on /home/airflow/.local/lib/python3.12/site-packages/airflow/example_dags/example_python_operator.py
[2025-03-08T20:39:16.082+0000] {processor.py:914} INFO - Processing file /home/airflow/.local/lib/python3.12/site-packages/airflow/example_dags/example_python_operator.py for tasks to queue
[2025-03-08T20:39:16.084+0000] {logging_mixin.py:190} INFO - [2025-03-08T20:39:16.084+0000] {dagbag.py:588} INFO - Filling up the DagBag from /home/airflow/.local/lib/python3.12/site-packages/airflow/example_dags/example_python_operator.py
[2025-03-08T20:39:16.094+0000] {processor.py:925} INFO - DAG(s) 'example_python_operator' retrieved from /home/airflow/.local/lib/python3.12/site-packages/airflow/example_dags/example_python_operator.py
[2025-03-08T20:39:16.113+0000] {logging_mixin.py:190} INFO - [2025-03-08T20:39:16.113+0000] {dag.py:3239} INFO - Sync 1 DAGs
[2025-03-08T20:39:16.126+0000] {logging_mixin.py:190} INFO - [2025-03-08T20:39:16.125+0000] {dag.py:4180} INFO - Setting next_dagrun for example_python_operator to None, run_after=None
[2025-03-08T20:39:16.143+0000] {processor.py:208} INFO - Processing /home/airflow/.local/lib/python3.12/site-packages/airflow/example_dags/example_python_operator.py took 0.067 seconds
[2025-03-08T20:39:47.276+0000] {processor.py:186} INFO - Started process (PID=974) to work on /home/airflow/.local/lib/python3.12/site-packages/airflow/example_dags/example_python_operator.py
[2025-03-08T20:39:47.277+0000] {processor.py:914} INFO - Processing file /home/airflow/.local/lib/python3.12/site-packages/airflow/example_dags/example_python_operator.py for tasks to queue
[2025-03-08T20:39:47.279+0000] {logging_mixin.py:190} INFO - [2025-03-08T20:39:47.278+0000] {dagbag.py:588} INFO - Filling up the DagBag from /home/airflow/.local/lib/python3.12/site-packages/airflow/example_dags/example_python_operator.py
[2025-03-08T20:39:47.289+0000] {processor.py:925} INFO - DAG(s) 'example_python_operator' retrieved from /home/airflow/.local/lib/python3.12/site-packages/airflow/example_dags/example_python_operator.py
[2025-03-08T20:39:47.307+0000] {logging_mixin.py:190} INFO - [2025-03-08T20:39:47.307+0000] {dag.py:3239} INFO - Sync 1 DAGs
[2025-03-08T20:39:47.319+0000] {logging_mixin.py:190} INFO - [2025-03-08T20:39:47.318+0000] {dag.py:4180} INFO - Setting next_dagrun for example_python_operator to None, run_after=None
[2025-03-08T20:39:47.334+0000] {processor.py:208} INFO - Processing /home/airflow/.local/lib/python3.12/site-packages/airflow/example_dags/example_python_operator.py took 0.063 seconds
[2025-03-08T20:40:17.939+0000] {processor.py:186} INFO - Started process (PID=1037) to work on /home/airflow/.local/lib/python3.12/site-packages/airflow/example_dags/example_python_operator.py
[2025-03-08T20:40:17.940+0000] {processor.py:914} INFO - Processing file /home/airflow/.local/lib/python3.12/site-packages/airflow/example_dags/example_python_operator.py for tasks to queue
[2025-03-08T20:40:17.942+0000] {logging_mixin.py:190} INFO - [2025-03-08T20:40:17.942+0000] {dagbag.py:588} INFO - Filling up the DagBag from /home/airflow/.local/lib/python3.12/site-packages/airflow/example_dags/example_python_operator.py
[2025-03-08T20:40:17.952+0000] {processor.py:925} INFO - DAG(s) 'example_python_operator' retrieved from /home/airflow/.local/lib/python3.12/site-packages/airflow/example_dags/example_python_operator.py
[2025-03-08T20:40:17.969+0000] {logging_mixin.py:190} INFO - [2025-03-08T20:40:17.969+0000] {dag.py:3239} INFO - Sync 1 DAGs
[2025-03-08T20:40:17.983+0000] {logging_mixin.py:190} INFO - [2025-03-08T20:40:17.982+0000] {dag.py:4180} INFO - Setting next_dagrun for example_python_operator to None, run_after=None
[2025-03-08T20:40:17.999+0000] {processor.py:208} INFO - Processing /home/airflow/.local/lib/python3.12/site-packages/airflow/example_dags/example_python_operator.py took 0.066 seconds
[2025-03-08T20:40:49.340+0000] {processor.py:186} INFO - Started process (PID=1100) to work on /home/airflow/.local/lib/python3.12/site-packages/airflow/example_dags/example_python_operator.py
[2025-03-08T20:40:49.341+0000] {processor.py:914} INFO - Processing file /home/airflow/.local/lib/python3.12/site-packages/airflow/example_dags/example_python_operator.py for tasks to queue
[2025-03-08T20:40:49.343+0000] {logging_mixin.py:190} INFO - [2025-03-08T20:40:49.343+0000] {dagbag.py:588} INFO - Filling up the DagBag from /home/airflow/.local/lib/python3.12/site-packages/airflow/example_dags/example_python_operator.py
[2025-03-08T20:40:49.354+0000] {processor.py:925} INFO - DAG(s) 'example_python_operator' retrieved from /home/airflow/.local/lib/python3.12/site-packages/airflow/example_dags/example_python_operator.py
[2025-03-08T20:40:49.372+0000] {logging_mixin.py:190} INFO - [2025-03-08T20:40:49.372+0000] {dag.py:3239} INFO - Sync 1 DAGs
[2025-03-08T20:40:49.384+0000] {logging_mixin.py:190} INFO - [2025-03-08T20:40:49.384+0000] {dag.py:4180} INFO - Setting next_dagrun for example_python_operator to None, run_after=None
[2025-03-08T20:40:49.400+0000] {processor.py:208} INFO - Processing /home/airflow/.local/lib/python3.12/site-packages/airflow/example_dags/example_python_operator.py took 0.065 seconds
[2025-03-08T20:41:20.918+0000] {processor.py:186} INFO - Started process (PID=1163) to work on /home/airflow/.local/lib/python3.12/site-packages/airflow/example_dags/example_python_operator.py
[2025-03-08T20:41:20.919+0000] {processor.py:914} INFO - Processing file /home/airflow/.local/lib/python3.12/site-packages/airflow/example_dags/example_python_operator.py for tasks to queue
[2025-03-08T20:41:20.921+0000] {logging_mixin.py:190} INFO - [2025-03-08T20:41:20.921+0000] {dagbag.py:588} INFO - Filling up the DagBag from /home/airflow/.local/lib/python3.12/site-packages/airflow/example_dags/example_python_operator.py
[2025-03-08T20:41:20.931+0000] {processor.py:925} INFO - DAG(s) 'example_python_operator' retrieved from /home/airflow/.local/lib/python3.12/site-packages/airflow/example_dags/example_python_operator.py
[2025-03-08T20:41:20.949+0000] {logging_mixin.py:190} INFO - [2025-03-08T20:41:20.948+0000] {dag.py:3239} INFO - Sync 1 DAGs
[2025-03-08T20:41:20.961+0000] {logging_mixin.py:190} INFO - [2025-03-08T20:41:20.960+0000] {dag.py:4180} INFO - Setting next_dagrun for example_python_operator to None, run_after=None
[2025-03-08T20:41:20.976+0000] {processor.py:208} INFO - Processing /home/airflow/.local/lib/python3.12/site-packages/airflow/example_dags/example_python_operator.py took 0.062 seconds
[2025-03-08T20:41:52.121+0000] {processor.py:186} INFO - Started process (PID=1226) to work on /home/airflow/.local/lib/python3.12/site-packages/airflow/example_dags/example_python_operator.py
[2025-03-08T20:41:52.121+0000] {processor.py:914} INFO - Processing file /home/airflow/.local/lib/python3.12/site-packages/airflow/example_dags/example_python_operator.py for tasks to queue
[2025-03-08T20:41:52.124+0000] {logging_mixin.py:190} INFO - [2025-03-08T20:41:52.123+0000] {dagbag.py:588} INFO - Filling up the DagBag from /home/airflow/.local/lib/python3.12/site-packages/airflow/example_dags/example_python_operator.py
[2025-03-08T20:41:52.134+0000] {processor.py:925} INFO - DAG(s) 'example_python_operator' retrieved from /home/airflow/.local/lib/python3.12/site-packages/airflow/example_dags/example_python_operator.py
[2025-03-08T20:41:52.152+0000] {logging_mixin.py:190} INFO - [2025-03-08T20:41:52.152+0000] {dag.py:3239} INFO - Sync 1 DAGs
[2025-03-08T20:41:52.164+0000] {logging_mixin.py:190} INFO - [2025-03-08T20:41:52.163+0000] {dag.py:4180} INFO - Setting next_dagrun for example_python_operator to None, run_after=None
[2025-03-08T20:41:52.179+0000] {processor.py:208} INFO - Processing /home/airflow/.local/lib/python3.12/site-packages/airflow/example_dags/example_python_operator.py took 0.065 seconds
[2025-03-08T20:42:22.783+0000] {processor.py:186} INFO - Started process (PID=1289) to work on /home/airflow/.local/lib/python3.12/site-packages/airflow/example_dags/example_python_operator.py
[2025-03-08T20:42:22.784+0000] {processor.py:914} INFO - Processing file /home/airflow/.local/lib/python3.12/site-packages/airflow/example_dags/example_python_operator.py for tasks to queue
[2025-03-08T20:42:22.786+0000] {logging_mixin.py:190} INFO - [2025-03-08T20:42:22.785+0000] {dagbag.py:588} INFO - Filling up the DagBag from /home/airflow/.local/lib/python3.12/site-packages/airflow/example_dags/example_python_operator.py
[2025-03-08T20:42:22.796+0000] {processor.py:925} INFO - DAG(s) 'example_python_operator' retrieved from /home/airflow/.local/lib/python3.12/site-packages/airflow/example_dags/example_python_operator.py
[2025-03-08T20:42:22.815+0000] {logging_mixin.py:190} INFO - [2025-03-08T20:42:22.814+0000] {dag.py:3239} INFO - Sync 1 DAGs
[2025-03-08T20:42:22.826+0000] {logging_mixin.py:190} INFO - [2025-03-08T20:42:22.826+0000] {dag.py:4180} INFO - Setting next_dagrun for example_python_operator to None, run_after=None
[2025-03-08T20:42:22.842+0000] {processor.py:208} INFO - Processing /home/airflow/.local/lib/python3.12/site-packages/airflow/example_dags/example_python_operator.py took 0.064 seconds
[2025-03-08T20:42:53.366+0000] {processor.py:186} INFO - Started process (PID=1352) to work on /home/airflow/.local/lib/python3.12/site-packages/airflow/example_dags/example_python_operator.py
[2025-03-08T20:42:53.367+0000] {processor.py:914} INFO - Processing file /home/airflow/.local/lib/python3.12/site-packages/airflow/example_dags/example_python_operator.py for tasks to queue
[2025-03-08T20:42:53.369+0000] {logging_mixin.py:190} INFO - [2025-03-08T20:42:53.369+0000] {dagbag.py:588} INFO - Filling up the DagBag from /home/airflow/.local/lib/python3.12/site-packages/airflow/example_dags/example_python_operator.py
[2025-03-08T20:42:53.379+0000] {processor.py:925} INFO - DAG(s) 'example_python_operator' retrieved from /home/airflow/.local/lib/python3.12/site-packages/airflow/example_dags/example_python_operator.py
[2025-03-08T20:42:53.396+0000] {logging_mixin.py:190} INFO - [2025-03-08T20:42:53.396+0000] {dag.py:3239} INFO - Sync 1 DAGs
[2025-03-08T20:42:53.408+0000] {logging_mixin.py:190} INFO - [2025-03-08T20:42:53.408+0000] {dag.py:4180} INFO - Setting next_dagrun for example_python_operator to None, run_after=None
[2025-03-08T20:42:53.425+0000] {processor.py:208} INFO - Processing /home/airflow/.local/lib/python3.12/site-packages/airflow/example_dags/example_python_operator.py took 0.064 seconds
[2025-03-08T20:43:24.009+0000] {processor.py:186} INFO - Started process (PID=1415) to work on /home/airflow/.local/lib/python3.12/site-packages/airflow/example_dags/example_python_operator.py
[2025-03-08T20:43:24.010+0000] {processor.py:914} INFO - Processing file /home/airflow/.local/lib/python3.12/site-packages/airflow/example_dags/example_python_operator.py for tasks to queue
[2025-03-08T20:43:24.012+0000] {logging_mixin.py:190} INFO - [2025-03-08T20:43:24.012+0000] {dagbag.py:588} INFO - Filling up the DagBag from /home/airflow/.local/lib/python3.12/site-packages/airflow/example_dags/example_python_operator.py
[2025-03-08T20:43:24.023+0000] {processor.py:925} INFO - DAG(s) 'example_python_operator' retrieved from /home/airflow/.local/lib/python3.12/site-packages/airflow/example_dags/example_python_operator.py
[2025-03-08T20:43:24.042+0000] {logging_mixin.py:190} INFO - [2025-03-08T20:43:24.042+0000] {dag.py:3239} INFO - Sync 1 DAGs
[2025-03-08T20:43:24.055+0000] {logging_mixin.py:190} INFO - [2025-03-08T20:43:24.055+0000] {dag.py:4180} INFO - Setting next_dagrun for example_python_operator to None, run_after=None
[2025-03-08T20:43:24.071+0000] {processor.py:208} INFO - Processing /home/airflow/.local/lib/python3.12/site-packages/airflow/example_dags/example_python_operator.py took 0.066 seconds
[2025-03-08T20:43:55.451+0000] {processor.py:186} INFO - Started process (PID=1478) to work on /home/airflow/.local/lib/python3.12/site-packages/airflow/example_dags/example_python_operator.py
[2025-03-08T20:43:55.452+0000] {processor.py:914} INFO - Processing file /home/airflow/.local/lib/python3.12/site-packages/airflow/example_dags/example_python_operator.py for tasks to queue
[2025-03-08T20:43:55.453+0000] {logging_mixin.py:190} INFO - [2025-03-08T20:43:55.453+0000] {dagbag.py:588} INFO - Filling up the DagBag from /home/airflow/.local/lib/python3.12/site-packages/airflow/example_dags/example_python_operator.py
[2025-03-08T20:43:55.464+0000] {processor.py:925} INFO - DAG(s) 'example_python_operator' retrieved from /home/airflow/.local/lib/python3.12/site-packages/airflow/example_dags/example_python_operator.py
[2025-03-08T20:43:55.482+0000] {logging_mixin.py:190} INFO - [2025-03-08T20:43:55.482+0000] {dag.py:3239} INFO - Sync 1 DAGs
[2025-03-08T20:43:55.495+0000] {logging_mixin.py:190} INFO - [2025-03-08T20:43:55.494+0000] {dag.py:4180} INFO - Setting next_dagrun for example_python_operator to None, run_after=None
[2025-03-08T20:43:55.510+0000] {processor.py:208} INFO - Processing /home/airflow/.local/lib/python3.12/site-packages/airflow/example_dags/example_python_operator.py took 0.064 seconds
[2025-03-08T20:44:26.265+0000] {processor.py:186} INFO - Started process (PID=1541) to work on /home/airflow/.local/lib/python3.12/site-packages/airflow/example_dags/example_python_operator.py
[2025-03-08T20:44:26.265+0000] {processor.py:914} INFO - Processing file /home/airflow/.local/lib/python3.12/site-packages/airflow/example_dags/example_python_operator.py for tasks to queue
[2025-03-08T20:44:26.267+0000] {logging_mixin.py:190} INFO - [2025-03-08T20:44:26.267+0000] {dagbag.py:588} INFO - Filling up the DagBag from /home/airflow/.local/lib/python3.12/site-packages/airflow/example_dags/example_python_operator.py
[2025-03-08T20:44:26.278+0000] {processor.py:925} INFO - DAG(s) 'example_python_operator' retrieved from /home/airflow/.local/lib/python3.12/site-packages/airflow/example_dags/example_python_operator.py
[2025-03-08T20:44:26.296+0000] {logging_mixin.py:190} INFO - [2025-03-08T20:44:26.296+0000] {dag.py:3239} INFO - Sync 1 DAGs
[2025-03-08T20:44:26.308+0000] {logging_mixin.py:190} INFO - [2025-03-08T20:44:26.308+0000] {dag.py:4180} INFO - Setting next_dagrun for example_python_operator to None, run_after=None
[2025-03-08T20:44:26.325+0000] {processor.py:208} INFO - Processing /home/airflow/.local/lib/python3.12/site-packages/airflow/example_dags/example_python_operator.py took 0.065 seconds
[2025-03-08T20:44:56.903+0000] {processor.py:186} INFO - Started process (PID=1604) to work on /home/airflow/.local/lib/python3.12/site-packages/airflow/example_dags/example_python_operator.py
[2025-03-08T20:44:56.904+0000] {processor.py:914} INFO - Processing file /home/airflow/.local/lib/python3.12/site-packages/airflow/example_dags/example_python_operator.py for tasks to queue
[2025-03-08T20:44:56.906+0000] {logging_mixin.py:190} INFO - [2025-03-08T20:44:56.906+0000] {dagbag.py:588} INFO - Filling up the DagBag from /home/airflow/.local/lib/python3.12/site-packages/airflow/example_dags/example_python_operator.py
[2025-03-08T20:44:56.917+0000] {processor.py:925} INFO - DAG(s) 'example_python_operator' retrieved from /home/airflow/.local/lib/python3.12/site-packages/airflow/example_dags/example_python_operator.py
[2025-03-08T20:44:56.934+0000] {logging_mixin.py:190} INFO - [2025-03-08T20:44:56.934+0000] {dag.py:3239} INFO - Sync 1 DAGs
[2025-03-08T20:44:56.947+0000] {logging_mixin.py:190} INFO - [2025-03-08T20:44:56.947+0000] {dag.py:4180} INFO - Setting next_dagrun for example_python_operator to None, run_after=None
[2025-03-08T20:44:56.962+0000] {processor.py:208} INFO - Processing /home/airflow/.local/lib/python3.12/site-packages/airflow/example_dags/example_python_operator.py took 0.064 seconds
[2025-03-08T20:45:28.302+0000] {processor.py:186} INFO - Started process (PID=1667) to work on /home/airflow/.local/lib/python3.12/site-packages/airflow/example_dags/example_python_operator.py
[2025-03-08T20:45:28.303+0000] {processor.py:914} INFO - Processing file /home/airflow/.local/lib/python3.12/site-packages/airflow/example_dags/example_python_operator.py for tasks to queue
[2025-03-08T20:45:28.305+0000] {logging_mixin.py:190} INFO - [2025-03-08T20:45:28.305+0000] {dagbag.py:588} INFO - Filling up the DagBag from /home/airflow/.local/lib/python3.12/site-packages/airflow/example_dags/example_python_operator.py
[2025-03-08T20:45:28.315+0000] {processor.py:925} INFO - DAG(s) 'example_python_operator' retrieved from /home/airflow/.local/lib/python3.12/site-packages/airflow/example_dags/example_python_operator.py
[2025-03-08T20:45:28.332+0000] {logging_mixin.py:190} INFO - [2025-03-08T20:45:28.332+0000] {dag.py:3239} INFO - Sync 1 DAGs
[2025-03-08T20:45:28.344+0000] {logging_mixin.py:190} INFO - [2025-03-08T20:45:28.344+0000] {dag.py:4180} INFO - Setting next_dagrun for example_python_operator to None, run_after=None
[2025-03-08T20:45:28.361+0000] {processor.py:208} INFO - Processing /home/airflow/.local/lib/python3.12/site-packages/airflow/example_dags/example_python_operator.py took 0.064 seconds
[2025-03-08T20:45:59.831+0000] {processor.py:186} INFO - Started process (PID=1730) to work on /home/airflow/.local/lib/python3.12/site-packages/airflow/example_dags/example_python_operator.py
[2025-03-08T20:45:59.832+0000] {processor.py:914} INFO - Processing file /home/airflow/.local/lib/python3.12/site-packages/airflow/example_dags/example_python_operator.py for tasks to queue
[2025-03-08T20:45:59.834+0000] {logging_mixin.py:190} INFO - [2025-03-08T20:45:59.833+0000] {dagbag.py:588} INFO - Filling up the DagBag from /home/airflow/.local/lib/python3.12/site-packages/airflow/example_dags/example_python_operator.py
[2025-03-08T20:45:59.844+0000] {processor.py:925} INFO - DAG(s) 'example_python_operator' retrieved from /home/airflow/.local/lib/python3.12/site-packages/airflow/example_dags/example_python_operator.py
[2025-03-08T20:45:59.862+0000] {logging_mixin.py:190} INFO - [2025-03-08T20:45:59.862+0000] {dag.py:3239} INFO - Sync 1 DAGs
[2025-03-08T20:45:59.874+0000] {logging_mixin.py:190} INFO - [2025-03-08T20:45:59.873+0000] {dag.py:4180} INFO - Setting next_dagrun for example_python_operator to None, run_after=None
[2025-03-08T20:45:59.890+0000] {processor.py:208} INFO - Processing /home/airflow/.local/lib/python3.12/site-packages/airflow/example_dags/example_python_operator.py took 0.064 seconds
[2025-03-08T20:46:31.398+0000] {processor.py:186} INFO - Started process (PID=1799) to work on /home/airflow/.local/lib/python3.12/site-packages/airflow/example_dags/example_python_operator.py
[2025-03-08T20:46:31.399+0000] {processor.py:914} INFO - Processing file /home/airflow/.local/lib/python3.12/site-packages/airflow/example_dags/example_python_operator.py for tasks to queue
[2025-03-08T20:46:31.401+0000] {logging_mixin.py:190} INFO - [2025-03-08T20:46:31.401+0000] {dagbag.py:588} INFO - Filling up the DagBag from /home/airflow/.local/lib/python3.12/site-packages/airflow/example_dags/example_python_operator.py
[2025-03-08T20:46:31.418+0000] {processor.py:925} INFO - DAG(s) 'example_python_operator' retrieved from /home/airflow/.local/lib/python3.12/site-packages/airflow/example_dags/example_python_operator.py
[2025-03-08T20:46:31.437+0000] {logging_mixin.py:190} INFO - [2025-03-08T20:46:31.436+0000] {dag.py:3239} INFO - Sync 1 DAGs
[2025-03-08T20:46:31.450+0000] {logging_mixin.py:190} INFO - [2025-03-08T20:46:31.449+0000] {dag.py:4180} INFO - Setting next_dagrun for example_python_operator to None, run_after=None
[2025-03-08T20:46:31.465+0000] {processor.py:208} INFO - Processing /home/airflow/.local/lib/python3.12/site-packages/airflow/example_dags/example_python_operator.py took 0.073 seconds
[2025-03-08T20:47:01.934+0000] {processor.py:186} INFO - Started process (PID=1862) to work on /home/airflow/.local/lib/python3.12/site-packages/airflow/example_dags/example_python_operator.py
[2025-03-08T20:47:01.935+0000] {processor.py:914} INFO - Processing file /home/airflow/.local/lib/python3.12/site-packages/airflow/example_dags/example_python_operator.py for tasks to queue
[2025-03-08T20:47:01.937+0000] {logging_mixin.py:190} INFO - [2025-03-08T20:47:01.936+0000] {dagbag.py:588} INFO - Filling up the DagBag from /home/airflow/.local/lib/python3.12/site-packages/airflow/example_dags/example_python_operator.py
[2025-03-08T20:47:01.947+0000] {processor.py:925} INFO - DAG(s) 'example_python_operator' retrieved from /home/airflow/.local/lib/python3.12/site-packages/airflow/example_dags/example_python_operator.py
[2025-03-08T20:47:01.966+0000] {logging_mixin.py:190} INFO - [2025-03-08T20:47:01.966+0000] {dag.py:3239} INFO - Sync 1 DAGs
[2025-03-08T20:47:01.979+0000] {logging_mixin.py:190} INFO - [2025-03-08T20:47:01.979+0000] {dag.py:4180} INFO - Setting next_dagrun for example_python_operator to None, run_after=None
[2025-03-08T20:47:01.997+0000] {processor.py:208} INFO - Processing /home/airflow/.local/lib/python3.12/site-packages/airflow/example_dags/example_python_operator.py took 0.068 seconds
[2025-03-08T20:47:33.356+0000] {processor.py:186} INFO - Started process (PID=1925) to work on /home/airflow/.local/lib/python3.12/site-packages/airflow/example_dags/example_python_operator.py
[2025-03-08T20:47:33.356+0000] {processor.py:914} INFO - Processing file /home/airflow/.local/lib/python3.12/site-packages/airflow/example_dags/example_python_operator.py for tasks to queue
[2025-03-08T20:47:33.359+0000] {logging_mixin.py:190} INFO - [2025-03-08T20:47:33.358+0000] {dagbag.py:588} INFO - Filling up the DagBag from /home/airflow/.local/lib/python3.12/site-packages/airflow/example_dags/example_python_operator.py
[2025-03-08T20:47:33.369+0000] {processor.py:925} INFO - DAG(s) 'example_python_operator' retrieved from /home/airflow/.local/lib/python3.12/site-packages/airflow/example_dags/example_python_operator.py
[2025-03-08T20:47:33.387+0000] {logging_mixin.py:190} INFO - [2025-03-08T20:47:33.387+0000] {dag.py:3239} INFO - Sync 1 DAGs
[2025-03-08T20:47:33.400+0000] {logging_mixin.py:190} INFO - [2025-03-08T20:47:33.399+0000] {dag.py:4180} INFO - Setting next_dagrun for example_python_operator to None, run_after=None
[2025-03-08T20:47:33.415+0000] {processor.py:208} INFO - Processing /home/airflow/.local/lib/python3.12/site-packages/airflow/example_dags/example_python_operator.py took 0.064 seconds
[2025-03-08T20:48:04.645+0000] {processor.py:186} INFO - Started process (PID=1988) to work on /home/airflow/.local/lib/python3.12/site-packages/airflow/example_dags/example_python_operator.py
[2025-03-08T20:48:04.646+0000] {processor.py:914} INFO - Processing file /home/airflow/.local/lib/python3.12/site-packages/airflow/example_dags/example_python_operator.py for tasks to queue
[2025-03-08T20:48:04.648+0000] {logging_mixin.py:190} INFO - [2025-03-08T20:48:04.648+0000] {dagbag.py:588} INFO - Filling up the DagBag from /home/airflow/.local/lib/python3.12/site-packages/airflow/example_dags/example_python_operator.py
[2025-03-08T20:48:04.658+0000] {processor.py:925} INFO - DAG(s) 'example_python_operator' retrieved from /home/airflow/.local/lib/python3.12/site-packages/airflow/example_dags/example_python_operator.py
[2025-03-08T20:48:04.679+0000] {logging_mixin.py:190} INFO - [2025-03-08T20:48:04.678+0000] {dag.py:3239} INFO - Sync 1 DAGs
[2025-03-08T20:48:04.692+0000] {logging_mixin.py:190} INFO - [2025-03-08T20:48:04.691+0000] {dag.py:4180} INFO - Setting next_dagrun for example_python_operator to None, run_after=None
[2025-03-08T20:48:04.718+0000] {processor.py:208} INFO - Processing /home/airflow/.local/lib/python3.12/site-packages/airflow/example_dags/example_python_operator.py took 0.078 seconds
[2025-03-08T20:48:35.231+0000] {processor.py:186} INFO - Started process (PID=2051) to work on /home/airflow/.local/lib/python3.12/site-packages/airflow/example_dags/example_python_operator.py
[2025-03-08T20:48:35.231+0000] {processor.py:914} INFO - Processing file /home/airflow/.local/lib/python3.12/site-packages/airflow/example_dags/example_python_operator.py for tasks to queue
[2025-03-08T20:48:35.234+0000] {logging_mixin.py:190} INFO - [2025-03-08T20:48:35.233+0000] {dagbag.py:588} INFO - Filling up the DagBag from /home/airflow/.local/lib/python3.12/site-packages/airflow/example_dags/example_python_operator.py
[2025-03-08T20:48:35.245+0000] {processor.py:925} INFO - DAG(s) 'example_python_operator' retrieved from /home/airflow/.local/lib/python3.12/site-packages/airflow/example_dags/example_python_operator.py
[2025-03-08T20:48:35.265+0000] {logging_mixin.py:190} INFO - [2025-03-08T20:48:35.265+0000] {dag.py:3239} INFO - Sync 1 DAGs
[2025-03-08T20:48:35.279+0000] {logging_mixin.py:190} INFO - [2025-03-08T20:48:35.279+0000] {dag.py:4180} INFO - Setting next_dagrun for example_python_operator to None, run_after=None
[2025-03-08T20:48:35.295+0000] {processor.py:208} INFO - Processing /home/airflow/.local/lib/python3.12/site-packages/airflow/example_dags/example_python_operator.py took 0.070 seconds
[2025-03-08T20:49:06.596+0000] {processor.py:186} INFO - Started process (PID=2114) to work on /home/airflow/.local/lib/python3.12/site-packages/airflow/example_dags/example_python_operator.py
[2025-03-08T20:49:06.597+0000] {processor.py:914} INFO - Processing file /home/airflow/.local/lib/python3.12/site-packages/airflow/example_dags/example_python_operator.py for tasks to queue
[2025-03-08T20:49:06.599+0000] {logging_mixin.py:190} INFO - [2025-03-08T20:49:06.599+0000] {dagbag.py:588} INFO - Filling up the DagBag from /home/airflow/.local/lib/python3.12/site-packages/airflow/example_dags/example_python_operator.py
[2025-03-08T20:49:06.610+0000] {processor.py:925} INFO - DAG(s) 'example_python_operator' retrieved from /home/airflow/.local/lib/python3.12/site-packages/airflow/example_dags/example_python_operator.py
[2025-03-08T20:49:06.629+0000] {logging_mixin.py:190} INFO - [2025-03-08T20:49:06.628+0000] {dag.py:3239} INFO - Sync 1 DAGs
[2025-03-08T20:49:06.641+0000] {logging_mixin.py:190} INFO - [2025-03-08T20:49:06.641+0000] {dag.py:4180} INFO - Setting next_dagrun for example_python_operator to None, run_after=None
[2025-03-08T20:49:06.665+0000] {processor.py:208} INFO - Processing /home/airflow/.local/lib/python3.12/site-packages/airflow/example_dags/example_python_operator.py took 0.075 seconds
[2025-03-08T20:49:38.001+0000] {processor.py:186} INFO - Started process (PID=2177) to work on /home/airflow/.local/lib/python3.12/site-packages/airflow/example_dags/example_python_operator.py
[2025-03-08T20:49:38.002+0000] {processor.py:914} INFO - Processing file /home/airflow/.local/lib/python3.12/site-packages/airflow/example_dags/example_python_operator.py for tasks to queue
[2025-03-08T20:49:38.003+0000] {logging_mixin.py:190} INFO - [2025-03-08T20:49:38.003+0000] {dagbag.py:588} INFO - Filling up the DagBag from /home/airflow/.local/lib/python3.12/site-packages/airflow/example_dags/example_python_operator.py
[2025-03-08T20:49:38.014+0000] {processor.py:925} INFO - DAG(s) 'example_python_operator' retrieved from /home/airflow/.local/lib/python3.12/site-packages/airflow/example_dags/example_python_operator.py
[2025-03-08T20:49:38.033+0000] {logging_mixin.py:190} INFO - [2025-03-08T20:49:38.032+0000] {dag.py:3239} INFO - Sync 1 DAGs
[2025-03-08T20:49:38.045+0000] {logging_mixin.py:190} INFO - [2025-03-08T20:49:38.045+0000] {dag.py:4180} INFO - Setting next_dagrun for example_python_operator to None, run_after=None
[2025-03-08T20:49:38.060+0000] {processor.py:208} INFO - Processing /home/airflow/.local/lib/python3.12/site-packages/airflow/example_dags/example_python_operator.py took 0.065 seconds
[2025-03-08T20:50:08.882+0000] {processor.py:186} INFO - Started process (PID=2240) to work on /home/airflow/.local/lib/python3.12/site-packages/airflow/example_dags/example_python_operator.py
[2025-03-08T20:50:08.883+0000] {processor.py:914} INFO - Processing file /home/airflow/.local/lib/python3.12/site-packages/airflow/example_dags/example_python_operator.py for tasks to queue
[2025-03-08T20:50:08.885+0000] {logging_mixin.py:190} INFO - [2025-03-08T20:50:08.885+0000] {dagbag.py:588} INFO - Filling up the DagBag from /home/airflow/.local/lib/python3.12/site-packages/airflow/example_dags/example_python_operator.py
[2025-03-08T20:50:08.898+0000] {processor.py:925} INFO - DAG(s) 'example_python_operator' retrieved from /home/airflow/.local/lib/python3.12/site-packages/airflow/example_dags/example_python_operator.py
[2025-03-08T20:50:08.923+0000] {logging_mixin.py:190} INFO - [2025-03-08T20:50:08.922+0000] {dag.py:3239} INFO - Sync 1 DAGs
[2025-03-08T20:50:08.938+0000] {logging_mixin.py:190} INFO - [2025-03-08T20:50:08.938+0000] {dag.py:4180} INFO - Setting next_dagrun for example_python_operator to None, run_after=None
[2025-03-08T20:50:08.967+0000] {processor.py:208} INFO - Processing /home/airflow/.local/lib/python3.12/site-packages/airflow/example_dags/example_python_operator.py took 0.092 seconds
