[2025-03-08T20:32:30.153+0000] {processor.py:186} INFO - Started process (PID=72) to work on /home/airflow/.local/lib/python3.12/site-packages/airflow/example_dags/example_nested_branch_dag.py
[2025-03-08T20:32:30.154+0000] {processor.py:914} INFO - Processing file /home/airflow/.local/lib/python3.12/site-packages/airflow/example_dags/example_nested_branch_dag.py for tasks to queue
[2025-03-08T20:32:30.156+0000] {logging_mixin.py:190} INFO - [2025-03-08T20:32:30.156+0000] {dagbag.py:588} INFO - Filling up the DagBag from /home/airflow/.local/lib/python3.12/site-packages/airflow/example_dags/example_nested_branch_dag.py
[2025-03-08T20:32:30.170+0000] {processor.py:925} INFO - DAG(s) 'example_nested_branch_dag' retrieved from /home/airflow/.local/lib/python3.12/site-packages/airflow/example_dags/example_nested_branch_dag.py
[2025-03-08T20:32:30.284+0000] {logging_mixin.py:190} INFO - [2025-03-08T20:32:30.284+0000] {override.py:1912} INFO - Created Permission View: can edit on DAG:example_nested_branch_dag
[2025-03-08T20:32:30.293+0000] {logging_mixin.py:190} INFO - [2025-03-08T20:32:30.293+0000] {override.py:1912} INFO - Created Permission View: can read on DAG:example_nested_branch_dag
[2025-03-08T20:32:30.298+0000] {logging_mixin.py:190} INFO - [2025-03-08T20:32:30.298+0000] {override.py:1912} INFO - Created Permission View: can delete on DAG:example_nested_branch_dag
[2025-03-08T20:32:30.304+0000] {logging_mixin.py:190} INFO - [2025-03-08T20:32:30.304+0000] {override.py:1912} INFO - Created Permission View: can read on DAG Run:example_nested_branch_dag
[2025-03-08T20:32:30.310+0000] {logging_mixin.py:190} INFO - [2025-03-08T20:32:30.309+0000] {override.py:1912} INFO - Created Permission View: menu access on DAG Run:example_nested_branch_dag
[2025-03-08T20:32:30.316+0000] {logging_mixin.py:190} INFO - [2025-03-08T20:32:30.316+0000] {override.py:1912} INFO - Created Permission View: can create on DAG Run:example_nested_branch_dag
[2025-03-08T20:32:30.323+0000] {logging_mixin.py:190} INFO - [2025-03-08T20:32:30.323+0000] {override.py:1912} INFO - Created Permission View: can delete on DAG Run:example_nested_branch_dag
[2025-03-08T20:32:30.324+0000] {logging_mixin.py:190} INFO - [2025-03-08T20:32:30.323+0000] {dag.py:3239} INFO - Sync 1 DAGs
[2025-03-08T20:32:30.334+0000] {logging_mixin.py:190} INFO - [2025-03-08T20:32:30.334+0000] {dag.py:3262} INFO - Creating ORM DAG for example_nested_branch_dag
[2025-03-08T20:32:30.345+0000] {logging_mixin.py:190} INFO - [2025-03-08T20:32:30.345+0000] {dag.py:4180} INFO - Setting next_dagrun for example_nested_branch_dag to 2025-03-07 00:00:00+00:00, run_after=2025-03-08 00:00:00+00:00
[2025-03-08T20:32:30.360+0000] {processor.py:208} INFO - Processing /home/airflow/.local/lib/python3.12/site-packages/airflow/example_dags/example_nested_branch_dag.py took 0.213 seconds
[2025-03-08T20:33:00.448+0000] {processor.py:186} INFO - Started process (PID=135) to work on /home/airflow/.local/lib/python3.12/site-packages/airflow/example_dags/example_nested_branch_dag.py
[2025-03-08T20:33:00.449+0000] {processor.py:914} INFO - Processing file /home/airflow/.local/lib/python3.12/site-packages/airflow/example_dags/example_nested_branch_dag.py for tasks to queue
[2025-03-08T20:33:00.451+0000] {logging_mixin.py:190} INFO - [2025-03-08T20:33:00.451+0000] {dagbag.py:588} INFO - Filling up the DagBag from /home/airflow/.local/lib/python3.12/site-packages/airflow/example_dags/example_nested_branch_dag.py
[2025-03-08T20:33:00.461+0000] {processor.py:925} INFO - DAG(s) 'example_nested_branch_dag' retrieved from /home/airflow/.local/lib/python3.12/site-packages/airflow/example_dags/example_nested_branch_dag.py
[2025-03-08T20:33:00.481+0000] {logging_mixin.py:190} INFO - [2025-03-08T20:33:00.480+0000] {dag.py:3239} INFO - Sync 1 DAGs
[2025-03-08T20:33:00.501+0000] {logging_mixin.py:190} INFO - [2025-03-08T20:33:00.501+0000] {dag.py:4180} INFO - Setting next_dagrun for example_nested_branch_dag to 2025-03-07 00:00:00+00:00, run_after=2025-03-08 00:00:00+00:00
[2025-03-08T20:33:00.517+0000] {processor.py:208} INFO - Processing /home/airflow/.local/lib/python3.12/site-packages/airflow/example_dags/example_nested_branch_dag.py took 0.074 seconds
[2025-03-08T20:33:31.084+0000] {processor.py:186} INFO - Started process (PID=198) to work on /home/airflow/.local/lib/python3.12/site-packages/airflow/example_dags/example_nested_branch_dag.py
[2025-03-08T20:33:31.085+0000] {processor.py:914} INFO - Processing file /home/airflow/.local/lib/python3.12/site-packages/airflow/example_dags/example_nested_branch_dag.py for tasks to queue
[2025-03-08T20:33:31.087+0000] {logging_mixin.py:190} INFO - [2025-03-08T20:33:31.087+0000] {dagbag.py:588} INFO - Filling up the DagBag from /home/airflow/.local/lib/python3.12/site-packages/airflow/example_dags/example_nested_branch_dag.py
[2025-03-08T20:33:31.098+0000] {processor.py:925} INFO - DAG(s) 'example_nested_branch_dag' retrieved from /home/airflow/.local/lib/python3.12/site-packages/airflow/example_dags/example_nested_branch_dag.py
[2025-03-08T20:33:31.117+0000] {logging_mixin.py:190} INFO - [2025-03-08T20:33:31.117+0000] {dag.py:3239} INFO - Sync 1 DAGs
[2025-03-08T20:33:31.135+0000] {logging_mixin.py:190} INFO - [2025-03-08T20:33:31.135+0000] {dag.py:4180} INFO - Setting next_dagrun for example_nested_branch_dag to 2025-03-07 00:00:00+00:00, run_after=2025-03-08 00:00:00+00:00
[2025-03-08T20:33:31.152+0000] {processor.py:208} INFO - Processing /home/airflow/.local/lib/python3.12/site-packages/airflow/example_dags/example_nested_branch_dag.py took 0.073 seconds
[2025-03-08T20:34:01.992+0000] {processor.py:186} INFO - Started process (PID=261) to work on /home/airflow/.local/lib/python3.12/site-packages/airflow/example_dags/example_nested_branch_dag.py
[2025-03-08T20:34:01.993+0000] {processor.py:914} INFO - Processing file /home/airflow/.local/lib/python3.12/site-packages/airflow/example_dags/example_nested_branch_dag.py for tasks to queue
[2025-03-08T20:34:01.996+0000] {logging_mixin.py:190} INFO - [2025-03-08T20:34:01.996+0000] {dagbag.py:588} INFO - Filling up the DagBag from /home/airflow/.local/lib/python3.12/site-packages/airflow/example_dags/example_nested_branch_dag.py
[2025-03-08T20:34:02.011+0000] {processor.py:925} INFO - DAG(s) 'example_nested_branch_dag' retrieved from /home/airflow/.local/lib/python3.12/site-packages/airflow/example_dags/example_nested_branch_dag.py
[2025-03-08T20:34:02.032+0000] {logging_mixin.py:190} INFO - [2025-03-08T20:34:02.032+0000] {dag.py:3239} INFO - Sync 1 DAGs
[2025-03-08T20:34:02.056+0000] {logging_mixin.py:190} INFO - [2025-03-08T20:34:02.056+0000] {dag.py:4180} INFO - Setting next_dagrun for example_nested_branch_dag to 2025-03-07 00:00:00+00:00, run_after=2025-03-08 00:00:00+00:00
[2025-03-08T20:34:02.076+0000] {processor.py:208} INFO - Processing /home/airflow/.local/lib/python3.12/site-packages/airflow/example_dags/example_nested_branch_dag.py took 0.090 seconds
[2025-03-08T20:34:32.341+0000] {processor.py:186} INFO - Started process (PID=324) to work on /home/airflow/.local/lib/python3.12/site-packages/airflow/example_dags/example_nested_branch_dag.py
[2025-03-08T20:34:32.342+0000] {processor.py:914} INFO - Processing file /home/airflow/.local/lib/python3.12/site-packages/airflow/example_dags/example_nested_branch_dag.py for tasks to queue
[2025-03-08T20:34:32.345+0000] {logging_mixin.py:190} INFO - [2025-03-08T20:34:32.344+0000] {dagbag.py:588} INFO - Filling up the DagBag from /home/airflow/.local/lib/python3.12/site-packages/airflow/example_dags/example_nested_branch_dag.py
[2025-03-08T20:34:32.357+0000] {processor.py:925} INFO - DAG(s) 'example_nested_branch_dag' retrieved from /home/airflow/.local/lib/python3.12/site-packages/airflow/example_dags/example_nested_branch_dag.py
[2025-03-08T20:34:32.378+0000] {logging_mixin.py:190} INFO - [2025-03-08T20:34:32.378+0000] {dag.py:3239} INFO - Sync 1 DAGs
[2025-03-08T20:34:32.402+0000] {logging_mixin.py:190} INFO - [2025-03-08T20:34:32.402+0000] {dag.py:4180} INFO - Setting next_dagrun for example_nested_branch_dag to 2025-03-07 00:00:00+00:00, run_after=2025-03-08 00:00:00+00:00
[2025-03-08T20:34:32.421+0000] {processor.py:208} INFO - Processing /home/airflow/.local/lib/python3.12/site-packages/airflow/example_dags/example_nested_branch_dag.py took 0.085 seconds
[2025-03-08T20:35:03.049+0000] {processor.py:186} INFO - Started process (PID=387) to work on /home/airflow/.local/lib/python3.12/site-packages/airflow/example_dags/example_nested_branch_dag.py
[2025-03-08T20:35:03.049+0000] {processor.py:914} INFO - Processing file /home/airflow/.local/lib/python3.12/site-packages/airflow/example_dags/example_nested_branch_dag.py for tasks to queue
[2025-03-08T20:35:03.051+0000] {logging_mixin.py:190} INFO - [2025-03-08T20:35:03.051+0000] {dagbag.py:588} INFO - Filling up the DagBag from /home/airflow/.local/lib/python3.12/site-packages/airflow/example_dags/example_nested_branch_dag.py
[2025-03-08T20:35:03.061+0000] {processor.py:925} INFO - DAG(s) 'example_nested_branch_dag' retrieved from /home/airflow/.local/lib/python3.12/site-packages/airflow/example_dags/example_nested_branch_dag.py
[2025-03-08T20:35:03.079+0000] {logging_mixin.py:190} INFO - [2025-03-08T20:35:03.079+0000] {dag.py:3239} INFO - Sync 1 DAGs
[2025-03-08T20:35:03.101+0000] {logging_mixin.py:190} INFO - [2025-03-08T20:35:03.101+0000] {dag.py:4180} INFO - Setting next_dagrun for example_nested_branch_dag to 2025-03-07 00:00:00+00:00, run_after=2025-03-08 00:00:00+00:00
[2025-03-08T20:35:03.118+0000] {processor.py:208} INFO - Processing /home/airflow/.local/lib/python3.12/site-packages/airflow/example_dags/example_nested_branch_dag.py took 0.075 seconds
[2025-03-08T20:35:33.556+0000] {processor.py:186} INFO - Started process (PID=450) to work on /home/airflow/.local/lib/python3.12/site-packages/airflow/example_dags/example_nested_branch_dag.py
[2025-03-08T20:35:33.556+0000] {processor.py:914} INFO - Processing file /home/airflow/.local/lib/python3.12/site-packages/airflow/example_dags/example_nested_branch_dag.py for tasks to queue
[2025-03-08T20:35:33.558+0000] {logging_mixin.py:190} INFO - [2025-03-08T20:35:33.558+0000] {dagbag.py:588} INFO - Filling up the DagBag from /home/airflow/.local/lib/python3.12/site-packages/airflow/example_dags/example_nested_branch_dag.py
[2025-03-08T20:35:33.569+0000] {processor.py:925} INFO - DAG(s) 'example_nested_branch_dag' retrieved from /home/airflow/.local/lib/python3.12/site-packages/airflow/example_dags/example_nested_branch_dag.py
[2025-03-08T20:35:33.587+0000] {logging_mixin.py:190} INFO - [2025-03-08T20:35:33.587+0000] {dag.py:3239} INFO - Sync 1 DAGs
[2025-03-08T20:35:33.606+0000] {logging_mixin.py:190} INFO - [2025-03-08T20:35:33.606+0000] {dag.py:4180} INFO - Setting next_dagrun for example_nested_branch_dag to 2025-03-07 00:00:00+00:00, run_after=2025-03-08 00:00:00+00:00
[2025-03-08T20:35:33.622+0000] {processor.py:208} INFO - Processing /home/airflow/.local/lib/python3.12/site-packages/airflow/example_dags/example_nested_branch_dag.py took 0.072 seconds
[2025-03-08T20:36:04.225+0000] {processor.py:186} INFO - Started process (PID=513) to work on /home/airflow/.local/lib/python3.12/site-packages/airflow/example_dags/example_nested_branch_dag.py
[2025-03-08T20:36:04.226+0000] {processor.py:914} INFO - Processing file /home/airflow/.local/lib/python3.12/site-packages/airflow/example_dags/example_nested_branch_dag.py for tasks to queue
[2025-03-08T20:36:04.228+0000] {logging_mixin.py:190} INFO - [2025-03-08T20:36:04.227+0000] {dagbag.py:588} INFO - Filling up the DagBag from /home/airflow/.local/lib/python3.12/site-packages/airflow/example_dags/example_nested_branch_dag.py
[2025-03-08T20:36:04.237+0000] {processor.py:925} INFO - DAG(s) 'example_nested_branch_dag' retrieved from /home/airflow/.local/lib/python3.12/site-packages/airflow/example_dags/example_nested_branch_dag.py
[2025-03-08T20:36:04.255+0000] {logging_mixin.py:190} INFO - [2025-03-08T20:36:04.255+0000] {dag.py:3239} INFO - Sync 1 DAGs
[2025-03-08T20:36:04.278+0000] {logging_mixin.py:190} INFO - [2025-03-08T20:36:04.277+0000] {dag.py:4180} INFO - Setting next_dagrun for example_nested_branch_dag to 2025-03-07 00:00:00+00:00, run_after=2025-03-08 00:00:00+00:00
[2025-03-08T20:36:04.293+0000] {processor.py:208} INFO - Processing /home/airflow/.local/lib/python3.12/site-packages/airflow/example_dags/example_nested_branch_dag.py took 0.073 seconds
[2025-03-08T20:36:35.250+0000] {processor.py:186} INFO - Started process (PID=576) to work on /home/airflow/.local/lib/python3.12/site-packages/airflow/example_dags/example_nested_branch_dag.py
[2025-03-08T20:36:35.250+0000] {processor.py:914} INFO - Processing file /home/airflow/.local/lib/python3.12/site-packages/airflow/example_dags/example_nested_branch_dag.py for tasks to queue
[2025-03-08T20:36:35.253+0000] {logging_mixin.py:190} INFO - [2025-03-08T20:36:35.252+0000] {dagbag.py:588} INFO - Filling up the DagBag from /home/airflow/.local/lib/python3.12/site-packages/airflow/example_dags/example_nested_branch_dag.py
[2025-03-08T20:36:35.262+0000] {processor.py:925} INFO - DAG(s) 'example_nested_branch_dag' retrieved from /home/airflow/.local/lib/python3.12/site-packages/airflow/example_dags/example_nested_branch_dag.py
[2025-03-08T20:36:35.280+0000] {logging_mixin.py:190} INFO - [2025-03-08T20:36:35.280+0000] {dag.py:3239} INFO - Sync 1 DAGs
[2025-03-08T20:36:35.300+0000] {logging_mixin.py:190} INFO - [2025-03-08T20:36:35.300+0000] {dag.py:4180} INFO - Setting next_dagrun for example_nested_branch_dag to 2025-03-07 00:00:00+00:00, run_after=2025-03-08 00:00:00+00:00
[2025-03-08T20:36:35.317+0000] {processor.py:208} INFO - Processing /home/airflow/.local/lib/python3.12/site-packages/airflow/example_dags/example_nested_branch_dag.py took 0.072 seconds
[2025-03-08T20:37:06.259+0000] {processor.py:186} INFO - Started process (PID=639) to work on /home/airflow/.local/lib/python3.12/site-packages/airflow/example_dags/example_nested_branch_dag.py
[2025-03-08T20:37:06.259+0000] {processor.py:914} INFO - Processing file /home/airflow/.local/lib/python3.12/site-packages/airflow/example_dags/example_nested_branch_dag.py for tasks to queue
[2025-03-08T20:37:06.262+0000] {logging_mixin.py:190} INFO - [2025-03-08T20:37:06.261+0000] {dagbag.py:588} INFO - Filling up the DagBag from /home/airflow/.local/lib/python3.12/site-packages/airflow/example_dags/example_nested_branch_dag.py
[2025-03-08T20:37:06.272+0000] {processor.py:925} INFO - DAG(s) 'example_nested_branch_dag' retrieved from /home/airflow/.local/lib/python3.12/site-packages/airflow/example_dags/example_nested_branch_dag.py
[2025-03-08T20:37:06.292+0000] {logging_mixin.py:190} INFO - [2025-03-08T20:37:06.292+0000] {dag.py:3239} INFO - Sync 1 DAGs
[2025-03-08T20:37:06.315+0000] {logging_mixin.py:190} INFO - [2025-03-08T20:37:06.314+0000] {dag.py:4180} INFO - Setting next_dagrun for example_nested_branch_dag to 2025-03-07 00:00:00+00:00, run_after=2025-03-08 00:00:00+00:00
[2025-03-08T20:37:06.333+0000] {processor.py:208} INFO - Processing /home/airflow/.local/lib/python3.12/site-packages/airflow/example_dags/example_nested_branch_dag.py took 0.080 seconds
[2025-03-08T20:37:37.060+0000] {processor.py:186} INFO - Started process (PID=702) to work on /home/airflow/.local/lib/python3.12/site-packages/airflow/example_dags/example_nested_branch_dag.py
[2025-03-08T20:37:37.061+0000] {processor.py:914} INFO - Processing file /home/airflow/.local/lib/python3.12/site-packages/airflow/example_dags/example_nested_branch_dag.py for tasks to queue
[2025-03-08T20:37:37.062+0000] {logging_mixin.py:190} INFO - [2025-03-08T20:37:37.062+0000] {dagbag.py:588} INFO - Filling up the DagBag from /home/airflow/.local/lib/python3.12/site-packages/airflow/example_dags/example_nested_branch_dag.py
[2025-03-08T20:37:37.073+0000] {processor.py:925} INFO - DAG(s) 'example_nested_branch_dag' retrieved from /home/airflow/.local/lib/python3.12/site-packages/airflow/example_dags/example_nested_branch_dag.py
[2025-03-08T20:37:37.091+0000] {logging_mixin.py:190} INFO - [2025-03-08T20:37:37.091+0000] {dag.py:3239} INFO - Sync 1 DAGs
[2025-03-08T20:37:37.111+0000] {logging_mixin.py:190} INFO - [2025-03-08T20:37:37.110+0000] {dag.py:4180} INFO - Setting next_dagrun for example_nested_branch_dag to 2025-03-07 00:00:00+00:00, run_after=2025-03-08 00:00:00+00:00
[2025-03-08T20:37:37.126+0000] {processor.py:208} INFO - Processing /home/airflow/.local/lib/python3.12/site-packages/airflow/example_dags/example_nested_branch_dag.py took 0.072 seconds
[2025-03-08T20:38:07.264+0000] {processor.py:186} INFO - Started process (PID=765) to work on /home/airflow/.local/lib/python3.12/site-packages/airflow/example_dags/example_nested_branch_dag.py
[2025-03-08T20:38:07.265+0000] {processor.py:914} INFO - Processing file /home/airflow/.local/lib/python3.12/site-packages/airflow/example_dags/example_nested_branch_dag.py for tasks to queue
[2025-03-08T20:38:07.267+0000] {logging_mixin.py:190} INFO - [2025-03-08T20:38:07.266+0000] {dagbag.py:588} INFO - Filling up the DagBag from /home/airflow/.local/lib/python3.12/site-packages/airflow/example_dags/example_nested_branch_dag.py
[2025-03-08T20:38:07.277+0000] {processor.py:925} INFO - DAG(s) 'example_nested_branch_dag' retrieved from /home/airflow/.local/lib/python3.12/site-packages/airflow/example_dags/example_nested_branch_dag.py
[2025-03-08T20:38:07.300+0000] {logging_mixin.py:190} INFO - [2025-03-08T20:38:07.300+0000] {dag.py:3239} INFO - Sync 1 DAGs
[2025-03-08T20:38:07.324+0000] {logging_mixin.py:190} INFO - [2025-03-08T20:38:07.323+0000] {dag.py:4180} INFO - Setting next_dagrun for example_nested_branch_dag to 2025-03-07 00:00:00+00:00, run_after=2025-03-08 00:00:00+00:00
[2025-03-08T20:38:07.340+0000] {processor.py:208} INFO - Processing /home/airflow/.local/lib/python3.12/site-packages/airflow/example_dags/example_nested_branch_dag.py took 0.081 seconds
[2025-03-08T20:38:38.036+0000] {processor.py:186} INFO - Started process (PID=828) to work on /home/airflow/.local/lib/python3.12/site-packages/airflow/example_dags/example_nested_branch_dag.py
[2025-03-08T20:38:38.037+0000] {processor.py:914} INFO - Processing file /home/airflow/.local/lib/python3.12/site-packages/airflow/example_dags/example_nested_branch_dag.py for tasks to queue
[2025-03-08T20:38:38.039+0000] {logging_mixin.py:190} INFO - [2025-03-08T20:38:38.039+0000] {dagbag.py:588} INFO - Filling up the DagBag from /home/airflow/.local/lib/python3.12/site-packages/airflow/example_dags/example_nested_branch_dag.py
[2025-03-08T20:38:38.049+0000] {processor.py:925} INFO - DAG(s) 'example_nested_branch_dag' retrieved from /home/airflow/.local/lib/python3.12/site-packages/airflow/example_dags/example_nested_branch_dag.py
[2025-03-08T20:38:38.068+0000] {logging_mixin.py:190} INFO - [2025-03-08T20:38:38.068+0000] {dag.py:3239} INFO - Sync 1 DAGs
[2025-03-08T20:38:38.089+0000] {logging_mixin.py:190} INFO - [2025-03-08T20:38:38.089+0000] {dag.py:4180} INFO - Setting next_dagrun for example_nested_branch_dag to 2025-03-07 00:00:00+00:00, run_after=2025-03-08 00:00:00+00:00
[2025-03-08T20:38:38.105+0000] {processor.py:208} INFO - Processing /home/airflow/.local/lib/python3.12/site-packages/airflow/example_dags/example_nested_branch_dag.py took 0.073 seconds
[2025-03-08T20:39:08.381+0000] {processor.py:186} INFO - Started process (PID=891) to work on /home/airflow/.local/lib/python3.12/site-packages/airflow/example_dags/example_nested_branch_dag.py
[2025-03-08T20:39:08.381+0000] {processor.py:914} INFO - Processing file /home/airflow/.local/lib/python3.12/site-packages/airflow/example_dags/example_nested_branch_dag.py for tasks to queue
[2025-03-08T20:39:08.383+0000] {logging_mixin.py:190} INFO - [2025-03-08T20:39:08.383+0000] {dagbag.py:588} INFO - Filling up the DagBag from /home/airflow/.local/lib/python3.12/site-packages/airflow/example_dags/example_nested_branch_dag.py
[2025-03-08T20:39:08.393+0000] {processor.py:925} INFO - DAG(s) 'example_nested_branch_dag' retrieved from /home/airflow/.local/lib/python3.12/site-packages/airflow/example_dags/example_nested_branch_dag.py
[2025-03-08T20:39:08.411+0000] {logging_mixin.py:190} INFO - [2025-03-08T20:39:08.410+0000] {dag.py:3239} INFO - Sync 1 DAGs
[2025-03-08T20:39:08.431+0000] {logging_mixin.py:190} INFO - [2025-03-08T20:39:08.430+0000] {dag.py:4180} INFO - Setting next_dagrun for example_nested_branch_dag to 2025-03-07 00:00:00+00:00, run_after=2025-03-08 00:00:00+00:00
[2025-03-08T20:39:08.445+0000] {processor.py:208} INFO - Processing /home/airflow/.local/lib/python3.12/site-packages/airflow/example_dags/example_nested_branch_dag.py took 0.070 seconds
[2025-03-08T20:39:38.604+0000] {processor.py:186} INFO - Started process (PID=954) to work on /home/airflow/.local/lib/python3.12/site-packages/airflow/example_dags/example_nested_branch_dag.py
[2025-03-08T20:39:38.605+0000] {processor.py:914} INFO - Processing file /home/airflow/.local/lib/python3.12/site-packages/airflow/example_dags/example_nested_branch_dag.py for tasks to queue
[2025-03-08T20:39:38.607+0000] {logging_mixin.py:190} INFO - [2025-03-08T20:39:38.607+0000] {dagbag.py:588} INFO - Filling up the DagBag from /home/airflow/.local/lib/python3.12/site-packages/airflow/example_dags/example_nested_branch_dag.py
[2025-03-08T20:39:38.617+0000] {processor.py:925} INFO - DAG(s) 'example_nested_branch_dag' retrieved from /home/airflow/.local/lib/python3.12/site-packages/airflow/example_dags/example_nested_branch_dag.py
[2025-03-08T20:39:38.635+0000] {logging_mixin.py:190} INFO - [2025-03-08T20:39:38.634+0000] {dag.py:3239} INFO - Sync 1 DAGs
[2025-03-08T20:39:38.655+0000] {logging_mixin.py:190} INFO - [2025-03-08T20:39:38.654+0000] {dag.py:4180} INFO - Setting next_dagrun for example_nested_branch_dag to 2025-03-07 00:00:00+00:00, run_after=2025-03-08 00:00:00+00:00
[2025-03-08T20:39:38.670+0000] {processor.py:208} INFO - Processing /home/airflow/.local/lib/python3.12/site-packages/airflow/example_dags/example_nested_branch_dag.py took 0.071 seconds
[2025-03-08T20:40:09.281+0000] {processor.py:186} INFO - Started process (PID=1017) to work on /home/airflow/.local/lib/python3.12/site-packages/airflow/example_dags/example_nested_branch_dag.py
[2025-03-08T20:40:09.281+0000] {processor.py:914} INFO - Processing file /home/airflow/.local/lib/python3.12/site-packages/airflow/example_dags/example_nested_branch_dag.py for tasks to queue
[2025-03-08T20:40:09.283+0000] {logging_mixin.py:190} INFO - [2025-03-08T20:40:09.283+0000] {dagbag.py:588} INFO - Filling up the DagBag from /home/airflow/.local/lib/python3.12/site-packages/airflow/example_dags/example_nested_branch_dag.py
[2025-03-08T20:40:09.293+0000] {processor.py:925} INFO - DAG(s) 'example_nested_branch_dag' retrieved from /home/airflow/.local/lib/python3.12/site-packages/airflow/example_dags/example_nested_branch_dag.py
[2025-03-08T20:40:09.312+0000] {logging_mixin.py:190} INFO - [2025-03-08T20:40:09.311+0000] {dag.py:3239} INFO - Sync 1 DAGs
[2025-03-08T20:40:09.331+0000] {logging_mixin.py:190} INFO - [2025-03-08T20:40:09.331+0000] {dag.py:4180} INFO - Setting next_dagrun for example_nested_branch_dag to 2025-03-07 00:00:00+00:00, run_after=2025-03-08 00:00:00+00:00
[2025-03-08T20:40:09.347+0000] {processor.py:208} INFO - Processing /home/airflow/.local/lib/python3.12/site-packages/airflow/example_dags/example_nested_branch_dag.py took 0.072 seconds
[2025-03-08T20:40:39.879+0000] {processor.py:186} INFO - Started process (PID=1080) to work on /home/airflow/.local/lib/python3.12/site-packages/airflow/example_dags/example_nested_branch_dag.py
[2025-03-08T20:40:39.880+0000] {processor.py:914} INFO - Processing file /home/airflow/.local/lib/python3.12/site-packages/airflow/example_dags/example_nested_branch_dag.py for tasks to queue
[2025-03-08T20:40:39.882+0000] {logging_mixin.py:190} INFO - [2025-03-08T20:40:39.882+0000] {dagbag.py:588} INFO - Filling up the DagBag from /home/airflow/.local/lib/python3.12/site-packages/airflow/example_dags/example_nested_branch_dag.py
[2025-03-08T20:40:39.891+0000] {processor.py:925} INFO - DAG(s) 'example_nested_branch_dag' retrieved from /home/airflow/.local/lib/python3.12/site-packages/airflow/example_dags/example_nested_branch_dag.py
[2025-03-08T20:40:39.908+0000] {logging_mixin.py:190} INFO - [2025-03-08T20:40:39.908+0000] {dag.py:3239} INFO - Sync 1 DAGs
[2025-03-08T20:40:39.928+0000] {logging_mixin.py:190} INFO - [2025-03-08T20:40:39.928+0000] {dag.py:4180} INFO - Setting next_dagrun for example_nested_branch_dag to 2025-03-07 00:00:00+00:00, run_after=2025-03-08 00:00:00+00:00
[2025-03-08T20:40:39.952+0000] {processor.py:208} INFO - Processing /home/airflow/.local/lib/python3.12/site-packages/airflow/example_dags/example_nested_branch_dag.py took 0.078 seconds
[2025-03-08T20:41:10.216+0000] {processor.py:186} INFO - Started process (PID=1143) to work on /home/airflow/.local/lib/python3.12/site-packages/airflow/example_dags/example_nested_branch_dag.py
[2025-03-08T20:41:10.216+0000] {processor.py:914} INFO - Processing file /home/airflow/.local/lib/python3.12/site-packages/airflow/example_dags/example_nested_branch_dag.py for tasks to queue
[2025-03-08T20:41:10.218+0000] {logging_mixin.py:190} INFO - [2025-03-08T20:41:10.218+0000] {dagbag.py:588} INFO - Filling up the DagBag from /home/airflow/.local/lib/python3.12/site-packages/airflow/example_dags/example_nested_branch_dag.py
[2025-03-08T20:41:10.228+0000] {processor.py:925} INFO - DAG(s) 'example_nested_branch_dag' retrieved from /home/airflow/.local/lib/python3.12/site-packages/airflow/example_dags/example_nested_branch_dag.py
[2025-03-08T20:41:10.247+0000] {logging_mixin.py:190} INFO - [2025-03-08T20:41:10.246+0000] {dag.py:3239} INFO - Sync 1 DAGs
[2025-03-08T20:41:10.267+0000] {logging_mixin.py:190} INFO - [2025-03-08T20:41:10.266+0000] {dag.py:4180} INFO - Setting next_dagrun for example_nested_branch_dag to 2025-03-07 00:00:00+00:00, run_after=2025-03-08 00:00:00+00:00
[2025-03-08T20:41:10.283+0000] {processor.py:208} INFO - Processing /home/airflow/.local/lib/python3.12/site-packages/airflow/example_dags/example_nested_branch_dag.py took 0.072 seconds
[2025-03-08T20:41:40.456+0000] {processor.py:186} INFO - Started process (PID=1206) to work on /home/airflow/.local/lib/python3.12/site-packages/airflow/example_dags/example_nested_branch_dag.py
[2025-03-08T20:41:40.457+0000] {processor.py:914} INFO - Processing file /home/airflow/.local/lib/python3.12/site-packages/airflow/example_dags/example_nested_branch_dag.py for tasks to queue
[2025-03-08T20:41:40.459+0000] {logging_mixin.py:190} INFO - [2025-03-08T20:41:40.459+0000] {dagbag.py:588} INFO - Filling up the DagBag from /home/airflow/.local/lib/python3.12/site-packages/airflow/example_dags/example_nested_branch_dag.py
[2025-03-08T20:41:40.470+0000] {processor.py:925} INFO - DAG(s) 'example_nested_branch_dag' retrieved from /home/airflow/.local/lib/python3.12/site-packages/airflow/example_dags/example_nested_branch_dag.py
[2025-03-08T20:41:40.488+0000] {logging_mixin.py:190} INFO - [2025-03-08T20:41:40.488+0000] {dag.py:3239} INFO - Sync 1 DAGs
[2025-03-08T20:41:40.509+0000] {logging_mixin.py:190} INFO - [2025-03-08T20:41:40.509+0000] {dag.py:4180} INFO - Setting next_dagrun for example_nested_branch_dag to 2025-03-07 00:00:00+00:00, run_after=2025-03-08 00:00:00+00:00
[2025-03-08T20:41:40.524+0000] {processor.py:208} INFO - Processing /home/airflow/.local/lib/python3.12/site-packages/airflow/example_dags/example_nested_branch_dag.py took 0.073 seconds
[2025-03-08T20:42:10.963+0000] {processor.py:186} INFO - Started process (PID=1269) to work on /home/airflow/.local/lib/python3.12/site-packages/airflow/example_dags/example_nested_branch_dag.py
[2025-03-08T20:42:10.964+0000] {processor.py:914} INFO - Processing file /home/airflow/.local/lib/python3.12/site-packages/airflow/example_dags/example_nested_branch_dag.py for tasks to queue
[2025-03-08T20:42:10.966+0000] {logging_mixin.py:190} INFO - [2025-03-08T20:42:10.966+0000] {dagbag.py:588} INFO - Filling up the DagBag from /home/airflow/.local/lib/python3.12/site-packages/airflow/example_dags/example_nested_branch_dag.py
[2025-03-08T20:42:10.978+0000] {processor.py:925} INFO - DAG(s) 'example_nested_branch_dag' retrieved from /home/airflow/.local/lib/python3.12/site-packages/airflow/example_dags/example_nested_branch_dag.py
[2025-03-08T20:42:11.001+0000] {logging_mixin.py:190} INFO - [2025-03-08T20:42:11.001+0000] {dag.py:3239} INFO - Sync 1 DAGs
[2025-03-08T20:42:11.029+0000] {logging_mixin.py:190} INFO - [2025-03-08T20:42:11.028+0000] {dag.py:4180} INFO - Setting next_dagrun for example_nested_branch_dag to 2025-03-07 00:00:00+00:00, run_after=2025-03-08 00:00:00+00:00
[2025-03-08T20:42:11.048+0000] {processor.py:208} INFO - Processing /home/airflow/.local/lib/python3.12/site-packages/airflow/example_dags/example_nested_branch_dag.py took 0.091 seconds
[2025-03-08T20:42:41.370+0000] {processor.py:186} INFO - Started process (PID=1332) to work on /home/airflow/.local/lib/python3.12/site-packages/airflow/example_dags/example_nested_branch_dag.py
[2025-03-08T20:42:41.371+0000] {processor.py:914} INFO - Processing file /home/airflow/.local/lib/python3.12/site-packages/airflow/example_dags/example_nested_branch_dag.py for tasks to queue
[2025-03-08T20:42:41.373+0000] {logging_mixin.py:190} INFO - [2025-03-08T20:42:41.373+0000] {dagbag.py:588} INFO - Filling up the DagBag from /home/airflow/.local/lib/python3.12/site-packages/airflow/example_dags/example_nested_branch_dag.py
[2025-03-08T20:42:41.383+0000] {processor.py:925} INFO - DAG(s) 'example_nested_branch_dag' retrieved from /home/airflow/.local/lib/python3.12/site-packages/airflow/example_dags/example_nested_branch_dag.py
[2025-03-08T20:42:41.401+0000] {logging_mixin.py:190} INFO - [2025-03-08T20:42:41.401+0000] {dag.py:3239} INFO - Sync 1 DAGs
[2025-03-08T20:42:41.424+0000] {logging_mixin.py:190} INFO - [2025-03-08T20:42:41.424+0000] {dag.py:4180} INFO - Setting next_dagrun for example_nested_branch_dag to 2025-03-07 00:00:00+00:00, run_after=2025-03-08 00:00:00+00:00
[2025-03-08T20:42:41.441+0000] {processor.py:208} INFO - Processing /home/airflow/.local/lib/python3.12/site-packages/airflow/example_dags/example_nested_branch_dag.py took 0.077 seconds
[2025-03-08T20:43:12.308+0000] {processor.py:186} INFO - Started process (PID=1395) to work on /home/airflow/.local/lib/python3.12/site-packages/airflow/example_dags/example_nested_branch_dag.py
[2025-03-08T20:43:12.309+0000] {processor.py:914} INFO - Processing file /home/airflow/.local/lib/python3.12/site-packages/airflow/example_dags/example_nested_branch_dag.py for tasks to queue
[2025-03-08T20:43:12.311+0000] {logging_mixin.py:190} INFO - [2025-03-08T20:43:12.311+0000] {dagbag.py:588} INFO - Filling up the DagBag from /home/airflow/.local/lib/python3.12/site-packages/airflow/example_dags/example_nested_branch_dag.py
[2025-03-08T20:43:12.321+0000] {processor.py:925} INFO - DAG(s) 'example_nested_branch_dag' retrieved from /home/airflow/.local/lib/python3.12/site-packages/airflow/example_dags/example_nested_branch_dag.py
[2025-03-08T20:43:12.338+0000] {logging_mixin.py:190} INFO - [2025-03-08T20:43:12.338+0000] {dag.py:3239} INFO - Sync 1 DAGs
[2025-03-08T20:43:12.359+0000] {logging_mixin.py:190} INFO - [2025-03-08T20:43:12.358+0000] {dag.py:4180} INFO - Setting next_dagrun for example_nested_branch_dag to 2025-03-07 00:00:00+00:00, run_after=2025-03-08 00:00:00+00:00
[2025-03-08T20:43:12.374+0000] {processor.py:208} INFO - Processing /home/airflow/.local/lib/python3.12/site-packages/airflow/example_dags/example_nested_branch_dag.py took 0.071 seconds
[2025-03-08T20:43:42.764+0000] {processor.py:186} INFO - Started process (PID=1458) to work on /home/airflow/.local/lib/python3.12/site-packages/airflow/example_dags/example_nested_branch_dag.py
[2025-03-08T20:43:42.764+0000] {processor.py:914} INFO - Processing file /home/airflow/.local/lib/python3.12/site-packages/airflow/example_dags/example_nested_branch_dag.py for tasks to queue
[2025-03-08T20:43:42.767+0000] {logging_mixin.py:190} INFO - [2025-03-08T20:43:42.766+0000] {dagbag.py:588} INFO - Filling up the DagBag from /home/airflow/.local/lib/python3.12/site-packages/airflow/example_dags/example_nested_branch_dag.py
[2025-03-08T20:43:42.777+0000] {processor.py:925} INFO - DAG(s) 'example_nested_branch_dag' retrieved from /home/airflow/.local/lib/python3.12/site-packages/airflow/example_dags/example_nested_branch_dag.py
[2025-03-08T20:43:42.796+0000] {logging_mixin.py:190} INFO - [2025-03-08T20:43:42.796+0000] {dag.py:3239} INFO - Sync 1 DAGs
[2025-03-08T20:43:42.817+0000] {logging_mixin.py:190} INFO - [2025-03-08T20:43:42.817+0000] {dag.py:4180} INFO - Setting next_dagrun for example_nested_branch_dag to 2025-03-07 00:00:00+00:00, run_after=2025-03-08 00:00:00+00:00
[2025-03-08T20:43:42.833+0000] {processor.py:208} INFO - Processing /home/airflow/.local/lib/python3.12/site-packages/airflow/example_dags/example_nested_branch_dag.py took 0.074 seconds
[2025-03-08T20:44:13.213+0000] {processor.py:186} INFO - Started process (PID=1521) to work on /home/airflow/.local/lib/python3.12/site-packages/airflow/example_dags/example_nested_branch_dag.py
[2025-03-08T20:44:13.214+0000] {processor.py:914} INFO - Processing file /home/airflow/.local/lib/python3.12/site-packages/airflow/example_dags/example_nested_branch_dag.py for tasks to queue
[2025-03-08T20:44:13.216+0000] {logging_mixin.py:190} INFO - [2025-03-08T20:44:13.216+0000] {dagbag.py:588} INFO - Filling up the DagBag from /home/airflow/.local/lib/python3.12/site-packages/airflow/example_dags/example_nested_branch_dag.py
[2025-03-08T20:44:13.226+0000] {processor.py:925} INFO - DAG(s) 'example_nested_branch_dag' retrieved from /home/airflow/.local/lib/python3.12/site-packages/airflow/example_dags/example_nested_branch_dag.py
[2025-03-08T20:44:13.244+0000] {logging_mixin.py:190} INFO - [2025-03-08T20:44:13.243+0000] {dag.py:3239} INFO - Sync 1 DAGs
[2025-03-08T20:44:13.263+0000] {logging_mixin.py:190} INFO - [2025-03-08T20:44:13.263+0000] {dag.py:4180} INFO - Setting next_dagrun for example_nested_branch_dag to 2025-03-07 00:00:00+00:00, run_after=2025-03-08 00:00:00+00:00
[2025-03-08T20:44:13.279+0000] {processor.py:208} INFO - Processing /home/airflow/.local/lib/python3.12/site-packages/airflow/example_dags/example_nested_branch_dag.py took 0.071 seconds
[2025-03-08T20:44:45.008+0000] {processor.py:186} INFO - Started process (PID=1584) to work on /home/airflow/.local/lib/python3.12/site-packages/airflow/example_dags/example_nested_branch_dag.py
[2025-03-08T20:44:45.009+0000] {processor.py:914} INFO - Processing file /home/airflow/.local/lib/python3.12/site-packages/airflow/example_dags/example_nested_branch_dag.py for tasks to queue
[2025-03-08T20:44:45.011+0000] {logging_mixin.py:190} INFO - [2025-03-08T20:44:45.011+0000] {dagbag.py:588} INFO - Filling up the DagBag from /home/airflow/.local/lib/python3.12/site-packages/airflow/example_dags/example_nested_branch_dag.py
[2025-03-08T20:44:45.020+0000] {processor.py:925} INFO - DAG(s) 'example_nested_branch_dag' retrieved from /home/airflow/.local/lib/python3.12/site-packages/airflow/example_dags/example_nested_branch_dag.py
[2025-03-08T20:44:45.038+0000] {logging_mixin.py:190} INFO - [2025-03-08T20:44:45.038+0000] {dag.py:3239} INFO - Sync 1 DAGs
[2025-03-08T20:44:45.058+0000] {logging_mixin.py:190} INFO - [2025-03-08T20:44:45.058+0000] {dag.py:4180} INFO - Setting next_dagrun for example_nested_branch_dag to 2025-03-07 00:00:00+00:00, run_after=2025-03-08 00:00:00+00:00
[2025-03-08T20:44:45.074+0000] {processor.py:208} INFO - Processing /home/airflow/.local/lib/python3.12/site-packages/airflow/example_dags/example_nested_branch_dag.py took 0.070 seconds
[2025-03-08T20:45:15.491+0000] {processor.py:186} INFO - Started process (PID=1647) to work on /home/airflow/.local/lib/python3.12/site-packages/airflow/example_dags/example_nested_branch_dag.py
[2025-03-08T20:45:15.492+0000] {processor.py:914} INFO - Processing file /home/airflow/.local/lib/python3.12/site-packages/airflow/example_dags/example_nested_branch_dag.py for tasks to queue
[2025-03-08T20:45:15.494+0000] {logging_mixin.py:190} INFO - [2025-03-08T20:45:15.494+0000] {dagbag.py:588} INFO - Filling up the DagBag from /home/airflow/.local/lib/python3.12/site-packages/airflow/example_dags/example_nested_branch_dag.py
[2025-03-08T20:45:15.504+0000] {processor.py:925} INFO - DAG(s) 'example_nested_branch_dag' retrieved from /home/airflow/.local/lib/python3.12/site-packages/airflow/example_dags/example_nested_branch_dag.py
[2025-03-08T20:45:15.522+0000] {logging_mixin.py:190} INFO - [2025-03-08T20:45:15.522+0000] {dag.py:3239} INFO - Sync 1 DAGs
[2025-03-08T20:45:15.542+0000] {logging_mixin.py:190} INFO - [2025-03-08T20:45:15.541+0000] {dag.py:4180} INFO - Setting next_dagrun for example_nested_branch_dag to 2025-03-07 00:00:00+00:00, run_after=2025-03-08 00:00:00+00:00
[2025-03-08T20:45:15.557+0000] {processor.py:208} INFO - Processing /home/airflow/.local/lib/python3.12/site-packages/airflow/example_dags/example_nested_branch_dag.py took 0.071 seconds
[2025-03-08T20:45:46.044+0000] {processor.py:186} INFO - Started process (PID=1710) to work on /home/airflow/.local/lib/python3.12/site-packages/airflow/example_dags/example_nested_branch_dag.py
[2025-03-08T20:45:46.045+0000] {processor.py:914} INFO - Processing file /home/airflow/.local/lib/python3.12/site-packages/airflow/example_dags/example_nested_branch_dag.py for tasks to queue
[2025-03-08T20:45:46.047+0000] {logging_mixin.py:190} INFO - [2025-03-08T20:45:46.046+0000] {dagbag.py:588} INFO - Filling up the DagBag from /home/airflow/.local/lib/python3.12/site-packages/airflow/example_dags/example_nested_branch_dag.py
[2025-03-08T20:45:46.057+0000] {processor.py:925} INFO - DAG(s) 'example_nested_branch_dag' retrieved from /home/airflow/.local/lib/python3.12/site-packages/airflow/example_dags/example_nested_branch_dag.py
[2025-03-08T20:45:46.075+0000] {logging_mixin.py:190} INFO - [2025-03-08T20:45:46.074+0000] {dag.py:3239} INFO - Sync 1 DAGs
[2025-03-08T20:45:46.094+0000] {logging_mixin.py:190} INFO - [2025-03-08T20:45:46.094+0000] {dag.py:4180} INFO - Setting next_dagrun for example_nested_branch_dag to 2025-03-07 00:00:00+00:00, run_after=2025-03-08 00:00:00+00:00
[2025-03-08T20:45:46.110+0000] {processor.py:208} INFO - Processing /home/airflow/.local/lib/python3.12/site-packages/airflow/example_dags/example_nested_branch_dag.py took 0.071 seconds
[2025-03-08T20:46:16.472+0000] {processor.py:186} INFO - Started process (PID=1773) to work on /home/airflow/.local/lib/python3.12/site-packages/airflow/example_dags/example_nested_branch_dag.py
[2025-03-08T20:46:16.473+0000] {processor.py:914} INFO - Processing file /home/airflow/.local/lib/python3.12/site-packages/airflow/example_dags/example_nested_branch_dag.py for tasks to queue
[2025-03-08T20:46:16.475+0000] {logging_mixin.py:190} INFO - [2025-03-08T20:46:16.474+0000] {dagbag.py:588} INFO - Filling up the DagBag from /home/airflow/.local/lib/python3.12/site-packages/airflow/example_dags/example_nested_branch_dag.py
[2025-03-08T20:46:16.484+0000] {processor.py:925} INFO - DAG(s) 'example_nested_branch_dag' retrieved from /home/airflow/.local/lib/python3.12/site-packages/airflow/example_dags/example_nested_branch_dag.py
[2025-03-08T20:46:16.503+0000] {logging_mixin.py:190} INFO - [2025-03-08T20:46:16.502+0000] {dag.py:3239} INFO - Sync 1 DAGs
[2025-03-08T20:46:16.526+0000] {logging_mixin.py:190} INFO - [2025-03-08T20:46:16.526+0000] {dag.py:4180} INFO - Setting next_dagrun for example_nested_branch_dag to 2025-03-07 00:00:00+00:00, run_after=2025-03-08 00:00:00+00:00
[2025-03-08T20:46:16.546+0000] {processor.py:208} INFO - Processing /home/airflow/.local/lib/python3.12/site-packages/airflow/example_dags/example_nested_branch_dag.py took 0.079 seconds
[2025-03-08T20:46:47.324+0000] {processor.py:186} INFO - Started process (PID=1836) to work on /home/airflow/.local/lib/python3.12/site-packages/airflow/example_dags/example_nested_branch_dag.py
[2025-03-08T20:46:47.324+0000] {processor.py:914} INFO - Processing file /home/airflow/.local/lib/python3.12/site-packages/airflow/example_dags/example_nested_branch_dag.py for tasks to queue
[2025-03-08T20:46:47.327+0000] {logging_mixin.py:190} INFO - [2025-03-08T20:46:47.326+0000] {dagbag.py:588} INFO - Filling up the DagBag from /home/airflow/.local/lib/python3.12/site-packages/airflow/example_dags/example_nested_branch_dag.py
[2025-03-08T20:46:47.336+0000] {processor.py:925} INFO - DAG(s) 'example_nested_branch_dag' retrieved from /home/airflow/.local/lib/python3.12/site-packages/airflow/example_dags/example_nested_branch_dag.py
[2025-03-08T20:46:47.354+0000] {logging_mixin.py:190} INFO - [2025-03-08T20:46:47.354+0000] {dag.py:3239} INFO - Sync 1 DAGs
[2025-03-08T20:46:47.373+0000] {logging_mixin.py:190} INFO - [2025-03-08T20:46:47.373+0000] {dag.py:4180} INFO - Setting next_dagrun for example_nested_branch_dag to 2025-03-07 00:00:00+00:00, run_after=2025-03-08 00:00:00+00:00
[2025-03-08T20:46:47.391+0000] {processor.py:208} INFO - Processing /home/airflow/.local/lib/python3.12/site-packages/airflow/example_dags/example_nested_branch_dag.py took 0.072 seconds
[2025-03-08T20:47:17.712+0000] {processor.py:186} INFO - Started process (PID=1899) to work on /home/airflow/.local/lib/python3.12/site-packages/airflow/example_dags/example_nested_branch_dag.py
[2025-03-08T20:47:17.713+0000] {processor.py:914} INFO - Processing file /home/airflow/.local/lib/python3.12/site-packages/airflow/example_dags/example_nested_branch_dag.py for tasks to queue
[2025-03-08T20:47:17.715+0000] {logging_mixin.py:190} INFO - [2025-03-08T20:47:17.715+0000] {dagbag.py:588} INFO - Filling up the DagBag from /home/airflow/.local/lib/python3.12/site-packages/airflow/example_dags/example_nested_branch_dag.py
[2025-03-08T20:47:17.725+0000] {processor.py:925} INFO - DAG(s) 'example_nested_branch_dag' retrieved from /home/airflow/.local/lib/python3.12/site-packages/airflow/example_dags/example_nested_branch_dag.py
[2025-03-08T20:47:17.742+0000] {logging_mixin.py:190} INFO - [2025-03-08T20:47:17.741+0000] {dag.py:3239} INFO - Sync 1 DAGs
[2025-03-08T20:47:17.761+0000] {logging_mixin.py:190} INFO - [2025-03-08T20:47:17.760+0000] {dag.py:4180} INFO - Setting next_dagrun for example_nested_branch_dag to 2025-03-07 00:00:00+00:00, run_after=2025-03-08 00:00:00+00:00
[2025-03-08T20:47:17.777+0000] {processor.py:208} INFO - Processing /home/airflow/.local/lib/python3.12/site-packages/airflow/example_dags/example_nested_branch_dag.py took 0.071 seconds
[2025-03-08T20:47:47.896+0000] {processor.py:186} INFO - Started process (PID=1962) to work on /home/airflow/.local/lib/python3.12/site-packages/airflow/example_dags/example_nested_branch_dag.py
[2025-03-08T20:47:47.896+0000] {processor.py:914} INFO - Processing file /home/airflow/.local/lib/python3.12/site-packages/airflow/example_dags/example_nested_branch_dag.py for tasks to queue
[2025-03-08T20:47:47.898+0000] {logging_mixin.py:190} INFO - [2025-03-08T20:47:47.898+0000] {dagbag.py:588} INFO - Filling up the DagBag from /home/airflow/.local/lib/python3.12/site-packages/airflow/example_dags/example_nested_branch_dag.py
[2025-03-08T20:47:47.908+0000] {processor.py:925} INFO - DAG(s) 'example_nested_branch_dag' retrieved from /home/airflow/.local/lib/python3.12/site-packages/airflow/example_dags/example_nested_branch_dag.py
[2025-03-08T20:47:47.926+0000] {logging_mixin.py:190} INFO - [2025-03-08T20:47:47.925+0000] {dag.py:3239} INFO - Sync 1 DAGs
[2025-03-08T20:47:47.945+0000] {logging_mixin.py:190} INFO - [2025-03-08T20:47:47.944+0000] {dag.py:4180} INFO - Setting next_dagrun for example_nested_branch_dag to 2025-03-07 00:00:00+00:00, run_after=2025-03-08 00:00:00+00:00
[2025-03-08T20:47:47.961+0000] {processor.py:208} INFO - Processing /home/airflow/.local/lib/python3.12/site-packages/airflow/example_dags/example_nested_branch_dag.py took 0.071 seconds
[2025-03-08T20:48:18.478+0000] {processor.py:186} INFO - Started process (PID=2025) to work on /home/airflow/.local/lib/python3.12/site-packages/airflow/example_dags/example_nested_branch_dag.py
[2025-03-08T20:48:18.479+0000] {processor.py:914} INFO - Processing file /home/airflow/.local/lib/python3.12/site-packages/airflow/example_dags/example_nested_branch_dag.py for tasks to queue
[2025-03-08T20:48:18.481+0000] {logging_mixin.py:190} INFO - [2025-03-08T20:48:18.481+0000] {dagbag.py:588} INFO - Filling up the DagBag from /home/airflow/.local/lib/python3.12/site-packages/airflow/example_dags/example_nested_branch_dag.py
[2025-03-08T20:48:18.491+0000] {processor.py:925} INFO - DAG(s) 'example_nested_branch_dag' retrieved from /home/airflow/.local/lib/python3.12/site-packages/airflow/example_dags/example_nested_branch_dag.py
[2025-03-08T20:48:18.513+0000] {logging_mixin.py:190} INFO - [2025-03-08T20:48:18.512+0000] {dag.py:3239} INFO - Sync 1 DAGs
[2025-03-08T20:48:18.533+0000] {logging_mixin.py:190} INFO - [2025-03-08T20:48:18.533+0000] {dag.py:4180} INFO - Setting next_dagrun for example_nested_branch_dag to 2025-03-07 00:00:00+00:00, run_after=2025-03-08 00:00:00+00:00
[2025-03-08T20:48:18.549+0000] {processor.py:208} INFO - Processing /home/airflow/.local/lib/python3.12/site-packages/airflow/example_dags/example_nested_branch_dag.py took 0.076 seconds
[2025-03-08T20:48:48.840+0000] {processor.py:186} INFO - Started process (PID=2088) to work on /home/airflow/.local/lib/python3.12/site-packages/airflow/example_dags/example_nested_branch_dag.py
[2025-03-08T20:48:48.840+0000] {processor.py:914} INFO - Processing file /home/airflow/.local/lib/python3.12/site-packages/airflow/example_dags/example_nested_branch_dag.py for tasks to queue
[2025-03-08T20:48:48.842+0000] {logging_mixin.py:190} INFO - [2025-03-08T20:48:48.842+0000] {dagbag.py:588} INFO - Filling up the DagBag from /home/airflow/.local/lib/python3.12/site-packages/airflow/example_dags/example_nested_branch_dag.py
[2025-03-08T20:48:48.852+0000] {processor.py:925} INFO - DAG(s) 'example_nested_branch_dag' retrieved from /home/airflow/.local/lib/python3.12/site-packages/airflow/example_dags/example_nested_branch_dag.py
[2025-03-08T20:48:48.869+0000] {logging_mixin.py:190} INFO - [2025-03-08T20:48:48.869+0000] {dag.py:3239} INFO - Sync 1 DAGs
[2025-03-08T20:48:48.889+0000] {logging_mixin.py:190} INFO - [2025-03-08T20:48:48.888+0000] {dag.py:4180} INFO - Setting next_dagrun for example_nested_branch_dag to 2025-03-07 00:00:00+00:00, run_after=2025-03-08 00:00:00+00:00
[2025-03-08T20:48:48.907+0000] {processor.py:208} INFO - Processing /home/airflow/.local/lib/python3.12/site-packages/airflow/example_dags/example_nested_branch_dag.py took 0.072 seconds
[2025-03-08T20:49:19.102+0000] {processor.py:186} INFO - Started process (PID=2151) to work on /home/airflow/.local/lib/python3.12/site-packages/airflow/example_dags/example_nested_branch_dag.py
[2025-03-08T20:49:19.103+0000] {processor.py:914} INFO - Processing file /home/airflow/.local/lib/python3.12/site-packages/airflow/example_dags/example_nested_branch_dag.py for tasks to queue
[2025-03-08T20:49:19.105+0000] {logging_mixin.py:190} INFO - [2025-03-08T20:49:19.104+0000] {dagbag.py:588} INFO - Filling up the DagBag from /home/airflow/.local/lib/python3.12/site-packages/airflow/example_dags/example_nested_branch_dag.py
[2025-03-08T20:49:19.115+0000] {processor.py:925} INFO - DAG(s) 'example_nested_branch_dag' retrieved from /home/airflow/.local/lib/python3.12/site-packages/airflow/example_dags/example_nested_branch_dag.py
[2025-03-08T20:49:19.133+0000] {logging_mixin.py:190} INFO - [2025-03-08T20:49:19.133+0000] {dag.py:3239} INFO - Sync 1 DAGs
[2025-03-08T20:49:19.153+0000] {logging_mixin.py:190} INFO - [2025-03-08T20:49:19.153+0000] {dag.py:4180} INFO - Setting next_dagrun for example_nested_branch_dag to 2025-03-07 00:00:00+00:00, run_after=2025-03-08 00:00:00+00:00
[2025-03-08T20:49:19.172+0000] {processor.py:208} INFO - Processing /home/airflow/.local/lib/python3.12/site-packages/airflow/example_dags/example_nested_branch_dag.py took 0.075 seconds
[2025-03-08T20:49:49.929+0000] {processor.py:186} INFO - Started process (PID=2214) to work on /home/airflow/.local/lib/python3.12/site-packages/airflow/example_dags/example_nested_branch_dag.py
[2025-03-08T20:49:49.930+0000] {processor.py:914} INFO - Processing file /home/airflow/.local/lib/python3.12/site-packages/airflow/example_dags/example_nested_branch_dag.py for tasks to queue
[2025-03-08T20:49:49.932+0000] {logging_mixin.py:190} INFO - [2025-03-08T20:49:49.931+0000] {dagbag.py:588} INFO - Filling up the DagBag from /home/airflow/.local/lib/python3.12/site-packages/airflow/example_dags/example_nested_branch_dag.py
[2025-03-08T20:49:49.941+0000] {processor.py:925} INFO - DAG(s) 'example_nested_branch_dag' retrieved from /home/airflow/.local/lib/python3.12/site-packages/airflow/example_dags/example_nested_branch_dag.py
[2025-03-08T20:49:49.959+0000] {logging_mixin.py:190} INFO - [2025-03-08T20:49:49.959+0000] {dag.py:3239} INFO - Sync 1 DAGs
[2025-03-08T20:49:49.979+0000] {logging_mixin.py:190} INFO - [2025-03-08T20:49:49.978+0000] {dag.py:4180} INFO - Setting next_dagrun for example_nested_branch_dag to 2025-03-07 00:00:00+00:00, run_after=2025-03-08 00:00:00+00:00
[2025-03-08T20:49:49.997+0000] {processor.py:208} INFO - Processing /home/airflow/.local/lib/python3.12/site-packages/airflow/example_dags/example_nested_branch_dag.py took 0.073 seconds
[2025-03-08T20:50:20.137+0000] {processor.py:186} INFO - Started process (PID=2277) to work on /home/airflow/.local/lib/python3.12/site-packages/airflow/example_dags/example_nested_branch_dag.py
[2025-03-08T20:50:20.137+0000] {processor.py:914} INFO - Processing file /home/airflow/.local/lib/python3.12/site-packages/airflow/example_dags/example_nested_branch_dag.py for tasks to queue
[2025-03-08T20:50:20.139+0000] {logging_mixin.py:190} INFO - [2025-03-08T20:50:20.139+0000] {dagbag.py:588} INFO - Filling up the DagBag from /home/airflow/.local/lib/python3.12/site-packages/airflow/example_dags/example_nested_branch_dag.py
[2025-03-08T20:50:20.149+0000] {processor.py:925} INFO - DAG(s) 'example_nested_branch_dag' retrieved from /home/airflow/.local/lib/python3.12/site-packages/airflow/example_dags/example_nested_branch_dag.py
[2025-03-08T20:50:20.166+0000] {logging_mixin.py:190} INFO - [2025-03-08T20:50:20.166+0000] {dag.py:3239} INFO - Sync 1 DAGs
[2025-03-08T20:50:20.185+0000] {logging_mixin.py:190} INFO - [2025-03-08T20:50:20.185+0000] {dag.py:4180} INFO - Setting next_dagrun for example_nested_branch_dag to 2025-03-07 00:00:00+00:00, run_after=2025-03-08 00:00:00+00:00
[2025-03-08T20:50:20.201+0000] {processor.py:208} INFO - Processing /home/airflow/.local/lib/python3.12/site-packages/airflow/example_dags/example_nested_branch_dag.py took 0.069 seconds
