[2025-03-08T20:32:37.315+0000] {processor.py:186} INFO - Started process (PID=114) to work on /home/airflow/.local/lib/python3.12/site-packages/airflow/example_dags/example_branch_python_dop_operator_3.py
[2025-03-08T20:32:37.315+0000] {processor.py:914} INFO - Processing file /home/airflow/.local/lib/python3.12/site-packages/airflow/example_dags/example_branch_python_dop_operator_3.py for tasks to queue
[2025-03-08T20:32:37.317+0000] {logging_mixin.py:190} INFO - [2025-03-08T20:32:37.317+0000] {dagbag.py:588} INFO - Filling up the DagBag from /home/airflow/.local/lib/python3.12/site-packages/airflow/example_dags/example_branch_python_dop_operator_3.py
[2025-03-08T20:32:37.329+0000] {processor.py:925} INFO - DAG(s) 'example_branch_dop_operator_v3' retrieved from /home/airflow/.local/lib/python3.12/site-packages/airflow/example_dags/example_branch_python_dop_operator_3.py
[2025-03-08T20:32:37.414+0000] {logging_mixin.py:190} INFO - [2025-03-08T20:32:37.414+0000] {override.py:1912} INFO - Created Permission View: can edit on DAG:example_branch_dop_operator_v3
[2025-03-08T20:32:37.423+0000] {logging_mixin.py:190} INFO - [2025-03-08T20:32:37.423+0000] {override.py:1912} INFO - Created Permission View: can read on DAG:example_branch_dop_operator_v3
[2025-03-08T20:32:37.429+0000] {logging_mixin.py:190} INFO - [2025-03-08T20:32:37.429+0000] {override.py:1912} INFO - Created Permission View: can delete on DAG:example_branch_dop_operator_v3
[2025-03-08T20:32:37.435+0000] {logging_mixin.py:190} INFO - [2025-03-08T20:32:37.435+0000] {override.py:1912} INFO - Created Permission View: can read on DAG Run:example_branch_dop_operator_v3
[2025-03-08T20:32:37.440+0000] {logging_mixin.py:190} INFO - [2025-03-08T20:32:37.440+0000] {override.py:1912} INFO - Created Permission View: menu access on DAG Run:example_branch_dop_operator_v3
[2025-03-08T20:32:37.445+0000] {logging_mixin.py:190} INFO - [2025-03-08T20:32:37.445+0000] {override.py:1912} INFO - Created Permission View: can create on DAG Run:example_branch_dop_operator_v3
[2025-03-08T20:32:37.451+0000] {logging_mixin.py:190} INFO - [2025-03-08T20:32:37.451+0000] {override.py:1912} INFO - Created Permission View: can delete on DAG Run:example_branch_dop_operator_v3
[2025-03-08T20:32:37.452+0000] {logging_mixin.py:190} INFO - [2025-03-08T20:32:37.452+0000] {dag.py:3239} INFO - Sync 1 DAGs
[2025-03-08T20:32:37.463+0000] {logging_mixin.py:190} INFO - [2025-03-08T20:32:37.463+0000] {dag.py:3262} INFO - Creating ORM DAG for example_branch_dop_operator_v3
[2025-03-08T20:32:37.475+0000] {logging_mixin.py:190} INFO - [2025-03-08T20:32:37.474+0000] {dag.py:4180} INFO - Setting next_dagrun for example_branch_dop_operator_v3 to 2025-03-08 20:31:00+00:00, run_after=2025-03-08 20:32:00+00:00
[2025-03-08T20:32:37.490+0000] {processor.py:208} INFO - Processing /home/airflow/.local/lib/python3.12/site-packages/airflow/example_dags/example_branch_python_dop_operator_3.py took 0.180 seconds
[2025-03-08T20:33:07.816+0000] {processor.py:186} INFO - Started process (PID=176) to work on /home/airflow/.local/lib/python3.12/site-packages/airflow/example_dags/example_branch_python_dop_operator_3.py
[2025-03-08T20:33:07.816+0000] {processor.py:914} INFO - Processing file /home/airflow/.local/lib/python3.12/site-packages/airflow/example_dags/example_branch_python_dop_operator_3.py for tasks to queue
[2025-03-08T20:33:07.818+0000] {logging_mixin.py:190} INFO - [2025-03-08T20:33:07.818+0000] {dagbag.py:588} INFO - Filling up the DagBag from /home/airflow/.local/lib/python3.12/site-packages/airflow/example_dags/example_branch_python_dop_operator_3.py
[2025-03-08T20:33:07.827+0000] {processor.py:925} INFO - DAG(s) 'example_branch_dop_operator_v3' retrieved from /home/airflow/.local/lib/python3.12/site-packages/airflow/example_dags/example_branch_python_dop_operator_3.py
[2025-03-08T20:33:07.845+0000] {logging_mixin.py:190} INFO - [2025-03-08T20:33:07.845+0000] {dag.py:3239} INFO - Sync 1 DAGs
[2025-03-08T20:33:07.867+0000] {logging_mixin.py:190} INFO - [2025-03-08T20:33:07.867+0000] {dag.py:4180} INFO - Setting next_dagrun for example_branch_dop_operator_v3 to 2025-03-08 20:32:00+00:00, run_after=2025-03-08 20:33:00+00:00
[2025-03-08T20:33:07.883+0000] {processor.py:208} INFO - Processing /home/airflow/.local/lib/python3.12/site-packages/airflow/example_dags/example_branch_python_dop_operator_3.py took 0.072 seconds
[2025-03-08T20:33:38.250+0000] {processor.py:186} INFO - Started process (PID=238) to work on /home/airflow/.local/lib/python3.12/site-packages/airflow/example_dags/example_branch_python_dop_operator_3.py
[2025-03-08T20:33:38.251+0000] {processor.py:914} INFO - Processing file /home/airflow/.local/lib/python3.12/site-packages/airflow/example_dags/example_branch_python_dop_operator_3.py for tasks to queue
[2025-03-08T20:33:38.253+0000] {logging_mixin.py:190} INFO - [2025-03-08T20:33:38.253+0000] {dagbag.py:588} INFO - Filling up the DagBag from /home/airflow/.local/lib/python3.12/site-packages/airflow/example_dags/example_branch_python_dop_operator_3.py
[2025-03-08T20:33:38.262+0000] {processor.py:925} INFO - DAG(s) 'example_branch_dop_operator_v3' retrieved from /home/airflow/.local/lib/python3.12/site-packages/airflow/example_dags/example_branch_python_dop_operator_3.py
[2025-03-08T20:33:38.280+0000] {logging_mixin.py:190} INFO - [2025-03-08T20:33:38.279+0000] {dag.py:3239} INFO - Sync 1 DAGs
[2025-03-08T20:33:38.301+0000] {logging_mixin.py:190} INFO - [2025-03-08T20:33:38.301+0000] {dag.py:4180} INFO - Setting next_dagrun for example_branch_dop_operator_v3 to 2025-03-08 20:32:00+00:00, run_after=2025-03-08 20:33:00+00:00
[2025-03-08T20:33:38.318+0000] {processor.py:208} INFO - Processing /home/airflow/.local/lib/python3.12/site-packages/airflow/example_dags/example_branch_python_dop_operator_3.py took 0.073 seconds
[2025-03-08T20:34:08.583+0000] {processor.py:186} INFO - Started process (PID=301) to work on /home/airflow/.local/lib/python3.12/site-packages/airflow/example_dags/example_branch_python_dop_operator_3.py
[2025-03-08T20:34:08.604+0000] {processor.py:914} INFO - Processing file /home/airflow/.local/lib/python3.12/site-packages/airflow/example_dags/example_branch_python_dop_operator_3.py for tasks to queue
[2025-03-08T20:34:08.607+0000] {logging_mixin.py:190} INFO - [2025-03-08T20:34:08.607+0000] {dagbag.py:588} INFO - Filling up the DagBag from /home/airflow/.local/lib/python3.12/site-packages/airflow/example_dags/example_branch_python_dop_operator_3.py
[2025-03-08T20:34:08.622+0000] {processor.py:925} INFO - DAG(s) 'example_branch_dop_operator_v3' retrieved from /home/airflow/.local/lib/python3.12/site-packages/airflow/example_dags/example_branch_python_dop_operator_3.py
[2025-03-08T20:34:08.644+0000] {logging_mixin.py:190} INFO - [2025-03-08T20:34:08.643+0000] {dag.py:3239} INFO - Sync 1 DAGs
[2025-03-08T20:34:08.679+0000] {logging_mixin.py:190} INFO - [2025-03-08T20:34:08.679+0000] {dag.py:4180} INFO - Setting next_dagrun for example_branch_dop_operator_v3 to 2025-03-08 20:33:00+00:00, run_after=2025-03-08 20:34:00+00:00
[2025-03-08T20:34:08.701+0000] {processor.py:208} INFO - Processing /home/airflow/.local/lib/python3.12/site-packages/airflow/example_dags/example_branch_python_dop_operator_3.py took 0.123 seconds
[2025-03-08T20:34:39.639+0000] {processor.py:186} INFO - Started process (PID=365) to work on /home/airflow/.local/lib/python3.12/site-packages/airflow/example_dags/example_branch_python_dop_operator_3.py
[2025-03-08T20:34:39.640+0000] {processor.py:914} INFO - Processing file /home/airflow/.local/lib/python3.12/site-packages/airflow/example_dags/example_branch_python_dop_operator_3.py for tasks to queue
[2025-03-08T20:34:39.644+0000] {logging_mixin.py:190} INFO - [2025-03-08T20:34:39.644+0000] {dagbag.py:588} INFO - Filling up the DagBag from /home/airflow/.local/lib/python3.12/site-packages/airflow/example_dags/example_branch_python_dop_operator_3.py
[2025-03-08T20:34:39.660+0000] {processor.py:925} INFO - DAG(s) 'example_branch_dop_operator_v3' retrieved from /home/airflow/.local/lib/python3.12/site-packages/airflow/example_dags/example_branch_python_dop_operator_3.py
[2025-03-08T20:34:39.681+0000] {logging_mixin.py:190} INFO - [2025-03-08T20:34:39.681+0000] {dag.py:3239} INFO - Sync 1 DAGs
[2025-03-08T20:34:39.715+0000] {logging_mixin.py:190} INFO - [2025-03-08T20:34:39.714+0000] {dag.py:4180} INFO - Setting next_dagrun for example_branch_dop_operator_v3 to 2025-03-08 20:33:00+00:00, run_after=2025-03-08 20:34:00+00:00
[2025-03-08T20:34:39.738+0000] {processor.py:208} INFO - Processing /home/airflow/.local/lib/python3.12/site-packages/airflow/example_dags/example_branch_python_dop_operator_3.py took 0.105 seconds
[2025-03-08T20:35:10.046+0000] {processor.py:186} INFO - Started process (PID=428) to work on /home/airflow/.local/lib/python3.12/site-packages/airflow/example_dags/example_branch_python_dop_operator_3.py
[2025-03-08T20:35:10.046+0000] {processor.py:914} INFO - Processing file /home/airflow/.local/lib/python3.12/site-packages/airflow/example_dags/example_branch_python_dop_operator_3.py for tasks to queue
[2025-03-08T20:35:10.049+0000] {logging_mixin.py:190} INFO - [2025-03-08T20:35:10.049+0000] {dagbag.py:588} INFO - Filling up the DagBag from /home/airflow/.local/lib/python3.12/site-packages/airflow/example_dags/example_branch_python_dop_operator_3.py
[2025-03-08T20:35:10.058+0000] {processor.py:925} INFO - DAG(s) 'example_branch_dop_operator_v3' retrieved from /home/airflow/.local/lib/python3.12/site-packages/airflow/example_dags/example_branch_python_dop_operator_3.py
[2025-03-08T20:35:10.074+0000] {logging_mixin.py:190} INFO - [2025-03-08T20:35:10.073+0000] {dag.py:3239} INFO - Sync 1 DAGs
[2025-03-08T20:35:10.099+0000] {logging_mixin.py:190} INFO - [2025-03-08T20:35:10.099+0000] {dag.py:4180} INFO - Setting next_dagrun for example_branch_dop_operator_v3 to 2025-03-08 20:34:00+00:00, run_after=2025-03-08 20:35:00+00:00
[2025-03-08T20:35:10.116+0000] {processor.py:208} INFO - Processing /home/airflow/.local/lib/python3.12/site-packages/airflow/example_dags/example_branch_python_dop_operator_3.py took 0.076 seconds
[2025-03-08T20:35:40.286+0000] {processor.py:186} INFO - Started process (PID=489) to work on /home/airflow/.local/lib/python3.12/site-packages/airflow/example_dags/example_branch_python_dop_operator_3.py
[2025-03-08T20:35:40.287+0000] {processor.py:914} INFO - Processing file /home/airflow/.local/lib/python3.12/site-packages/airflow/example_dags/example_branch_python_dop_operator_3.py for tasks to queue
[2025-03-08T20:35:40.289+0000] {logging_mixin.py:190} INFO - [2025-03-08T20:35:40.289+0000] {dagbag.py:588} INFO - Filling up the DagBag from /home/airflow/.local/lib/python3.12/site-packages/airflow/example_dags/example_branch_python_dop_operator_3.py
[2025-03-08T20:35:40.297+0000] {processor.py:925} INFO - DAG(s) 'example_branch_dop_operator_v3' retrieved from /home/airflow/.local/lib/python3.12/site-packages/airflow/example_dags/example_branch_python_dop_operator_3.py
[2025-03-08T20:35:40.313+0000] {logging_mixin.py:190} INFO - [2025-03-08T20:35:40.313+0000] {dag.py:3239} INFO - Sync 1 DAGs
[2025-03-08T20:35:40.334+0000] {logging_mixin.py:190} INFO - [2025-03-08T20:35:40.333+0000] {dag.py:4180} INFO - Setting next_dagrun for example_branch_dop_operator_v3 to 2025-03-08 20:34:00+00:00, run_after=2025-03-08 20:35:00+00:00
[2025-03-08T20:35:40.354+0000] {processor.py:208} INFO - Processing /home/airflow/.local/lib/python3.12/site-packages/airflow/example_dags/example_branch_python_dop_operator_3.py took 0.072 seconds
[2025-03-08T20:36:10.650+0000] {processor.py:186} INFO - Started process (PID=552) to work on /home/airflow/.local/lib/python3.12/site-packages/airflow/example_dags/example_branch_python_dop_operator_3.py
[2025-03-08T20:36:10.651+0000] {processor.py:914} INFO - Processing file /home/airflow/.local/lib/python3.12/site-packages/airflow/example_dags/example_branch_python_dop_operator_3.py for tasks to queue
[2025-03-08T20:36:10.653+0000] {logging_mixin.py:190} INFO - [2025-03-08T20:36:10.653+0000] {dagbag.py:588} INFO - Filling up the DagBag from /home/airflow/.local/lib/python3.12/site-packages/airflow/example_dags/example_branch_python_dop_operator_3.py
[2025-03-08T20:36:10.662+0000] {processor.py:925} INFO - DAG(s) 'example_branch_dop_operator_v3' retrieved from /home/airflow/.local/lib/python3.12/site-packages/airflow/example_dags/example_branch_python_dop_operator_3.py
[2025-03-08T20:36:10.677+0000] {logging_mixin.py:190} INFO - [2025-03-08T20:36:10.677+0000] {dag.py:3239} INFO - Sync 1 DAGs
[2025-03-08T20:36:10.700+0000] {logging_mixin.py:190} INFO - [2025-03-08T20:36:10.700+0000] {dag.py:4180} INFO - Setting next_dagrun for example_branch_dop_operator_v3 to 2025-03-08 20:35:00+00:00, run_after=2025-03-08 20:36:00+00:00
[2025-03-08T20:36:10.717+0000] {processor.py:208} INFO - Processing /home/airflow/.local/lib/python3.12/site-packages/airflow/example_dags/example_branch_python_dop_operator_3.py took 0.072 seconds
[2025-03-08T20:36:42.151+0000] {processor.py:186} INFO - Started process (PID=615) to work on /home/airflow/.local/lib/python3.12/site-packages/airflow/example_dags/example_branch_python_dop_operator_3.py
[2025-03-08T20:36:42.152+0000] {processor.py:914} INFO - Processing file /home/airflow/.local/lib/python3.12/site-packages/airflow/example_dags/example_branch_python_dop_operator_3.py for tasks to queue
[2025-03-08T20:36:42.154+0000] {logging_mixin.py:190} INFO - [2025-03-08T20:36:42.154+0000] {dagbag.py:588} INFO - Filling up the DagBag from /home/airflow/.local/lib/python3.12/site-packages/airflow/example_dags/example_branch_python_dop_operator_3.py
[2025-03-08T20:36:42.163+0000] {processor.py:925} INFO - DAG(s) 'example_branch_dop_operator_v3' retrieved from /home/airflow/.local/lib/python3.12/site-packages/airflow/example_dags/example_branch_python_dop_operator_3.py
[2025-03-08T20:36:42.178+0000] {logging_mixin.py:190} INFO - [2025-03-08T20:36:42.178+0000] {dag.py:3239} INFO - Sync 1 DAGs
[2025-03-08T20:36:42.199+0000] {logging_mixin.py:190} INFO - [2025-03-08T20:36:42.199+0000] {dag.py:4180} INFO - Setting next_dagrun for example_branch_dop_operator_v3 to 2025-03-08 20:35:00+00:00, run_after=2025-03-08 20:36:00+00:00
[2025-03-08T20:36:42.215+0000] {processor.py:208} INFO - Processing /home/airflow/.local/lib/python3.12/site-packages/airflow/example_dags/example_branch_python_dop_operator_3.py took 0.069 seconds
[2025-03-08T20:37:13.272+0000] {processor.py:186} INFO - Started process (PID=678) to work on /home/airflow/.local/lib/python3.12/site-packages/airflow/example_dags/example_branch_python_dop_operator_3.py
[2025-03-08T20:37:13.273+0000] {processor.py:914} INFO - Processing file /home/airflow/.local/lib/python3.12/site-packages/airflow/example_dags/example_branch_python_dop_operator_3.py for tasks to queue
[2025-03-08T20:37:13.275+0000] {logging_mixin.py:190} INFO - [2025-03-08T20:37:13.275+0000] {dagbag.py:588} INFO - Filling up the DagBag from /home/airflow/.local/lib/python3.12/site-packages/airflow/example_dags/example_branch_python_dop_operator_3.py
[2025-03-08T20:37:13.286+0000] {processor.py:925} INFO - DAG(s) 'example_branch_dop_operator_v3' retrieved from /home/airflow/.local/lib/python3.12/site-packages/airflow/example_dags/example_branch_python_dop_operator_3.py
[2025-03-08T20:37:13.305+0000] {logging_mixin.py:190} INFO - [2025-03-08T20:37:13.305+0000] {dag.py:3239} INFO - Sync 1 DAGs
[2025-03-08T20:37:13.334+0000] {logging_mixin.py:190} INFO - [2025-03-08T20:37:13.334+0000] {dag.py:4180} INFO - Setting next_dagrun for example_branch_dop_operator_v3 to 2025-03-08 20:36:00+00:00, run_after=2025-03-08 20:37:00+00:00
[2025-03-08T20:37:13.354+0000] {processor.py:208} INFO - Processing /home/airflow/.local/lib/python3.12/site-packages/airflow/example_dags/example_branch_python_dop_operator_3.py took 0.089 seconds
[2025-03-08T20:37:43.829+0000] {processor.py:186} INFO - Started process (PID=742) to work on /home/airflow/.local/lib/python3.12/site-packages/airflow/example_dags/example_branch_python_dop_operator_3.py
[2025-03-08T20:37:43.830+0000] {processor.py:914} INFO - Processing file /home/airflow/.local/lib/python3.12/site-packages/airflow/example_dags/example_branch_python_dop_operator_3.py for tasks to queue
[2025-03-08T20:37:43.832+0000] {logging_mixin.py:190} INFO - [2025-03-08T20:37:43.832+0000] {dagbag.py:588} INFO - Filling up the DagBag from /home/airflow/.local/lib/python3.12/site-packages/airflow/example_dags/example_branch_python_dop_operator_3.py
[2025-03-08T20:37:43.842+0000] {processor.py:925} INFO - DAG(s) 'example_branch_dop_operator_v3' retrieved from /home/airflow/.local/lib/python3.12/site-packages/airflow/example_dags/example_branch_python_dop_operator_3.py
[2025-03-08T20:37:43.859+0000] {logging_mixin.py:190} INFO - [2025-03-08T20:37:43.858+0000] {dag.py:3239} INFO - Sync 1 DAGs
[2025-03-08T20:37:43.888+0000] {logging_mixin.py:190} INFO - [2025-03-08T20:37:43.887+0000] {dag.py:4180} INFO - Setting next_dagrun for example_branch_dop_operator_v3 to 2025-03-08 20:36:00+00:00, run_after=2025-03-08 20:37:00+00:00
[2025-03-08T20:37:43.909+0000] {processor.py:208} INFO - Processing /home/airflow/.local/lib/python3.12/site-packages/airflow/example_dags/example_branch_python_dop_operator_3.py took 0.086 seconds
[2025-03-08T20:38:15.075+0000] {processor.py:186} INFO - Started process (PID=805) to work on /home/airflow/.local/lib/python3.12/site-packages/airflow/example_dags/example_branch_python_dop_operator_3.py
[2025-03-08T20:38:15.076+0000] {processor.py:914} INFO - Processing file /home/airflow/.local/lib/python3.12/site-packages/airflow/example_dags/example_branch_python_dop_operator_3.py for tasks to queue
[2025-03-08T20:38:15.078+0000] {logging_mixin.py:190} INFO - [2025-03-08T20:38:15.078+0000] {dagbag.py:588} INFO - Filling up the DagBag from /home/airflow/.local/lib/python3.12/site-packages/airflow/example_dags/example_branch_python_dop_operator_3.py
[2025-03-08T20:38:15.088+0000] {processor.py:925} INFO - DAG(s) 'example_branch_dop_operator_v3' retrieved from /home/airflow/.local/lib/python3.12/site-packages/airflow/example_dags/example_branch_python_dop_operator_3.py
[2025-03-08T20:38:15.106+0000] {logging_mixin.py:190} INFO - [2025-03-08T20:38:15.105+0000] {dag.py:3239} INFO - Sync 1 DAGs
[2025-03-08T20:38:15.130+0000] {logging_mixin.py:190} INFO - [2025-03-08T20:38:15.130+0000] {dag.py:4180} INFO - Setting next_dagrun for example_branch_dop_operator_v3 to 2025-03-08 20:37:00+00:00, run_after=2025-03-08 20:38:00+00:00
[2025-03-08T20:38:15.148+0000] {processor.py:208} INFO - Processing /home/airflow/.local/lib/python3.12/site-packages/airflow/example_dags/example_branch_python_dop_operator_3.py took 0.078 seconds
[2025-03-08T20:38:45.531+0000] {processor.py:186} INFO - Started process (PID=867) to work on /home/airflow/.local/lib/python3.12/site-packages/airflow/example_dags/example_branch_python_dop_operator_3.py
[2025-03-08T20:38:45.532+0000] {processor.py:914} INFO - Processing file /home/airflow/.local/lib/python3.12/site-packages/airflow/example_dags/example_branch_python_dop_operator_3.py for tasks to queue
[2025-03-08T20:38:45.534+0000] {logging_mixin.py:190} INFO - [2025-03-08T20:38:45.533+0000] {dagbag.py:588} INFO - Filling up the DagBag from /home/airflow/.local/lib/python3.12/site-packages/airflow/example_dags/example_branch_python_dop_operator_3.py
[2025-03-08T20:38:45.542+0000] {processor.py:925} INFO - DAG(s) 'example_branch_dop_operator_v3' retrieved from /home/airflow/.local/lib/python3.12/site-packages/airflow/example_dags/example_branch_python_dop_operator_3.py
[2025-03-08T20:38:45.558+0000] {logging_mixin.py:190} INFO - [2025-03-08T20:38:45.557+0000] {dag.py:3239} INFO - Sync 1 DAGs
[2025-03-08T20:38:45.581+0000] {logging_mixin.py:190} INFO - [2025-03-08T20:38:45.580+0000] {dag.py:4180} INFO - Setting next_dagrun for example_branch_dop_operator_v3 to 2025-03-08 20:37:00+00:00, run_after=2025-03-08 20:38:00+00:00
[2025-03-08T20:38:45.598+0000] {processor.py:208} INFO - Processing /home/airflow/.local/lib/python3.12/site-packages/airflow/example_dags/example_branch_python_dop_operator_3.py took 0.072 seconds
[2025-03-08T20:39:17.243+0000] {processor.py:186} INFO - Started process (PID=930) to work on /home/airflow/.local/lib/python3.12/site-packages/airflow/example_dags/example_branch_python_dop_operator_3.py
[2025-03-08T20:39:17.244+0000] {processor.py:914} INFO - Processing file /home/airflow/.local/lib/python3.12/site-packages/airflow/example_dags/example_branch_python_dop_operator_3.py for tasks to queue
[2025-03-08T20:39:17.246+0000] {logging_mixin.py:190} INFO - [2025-03-08T20:39:17.246+0000] {dagbag.py:588} INFO - Filling up the DagBag from /home/airflow/.local/lib/python3.12/site-packages/airflow/example_dags/example_branch_python_dop_operator_3.py
[2025-03-08T20:39:17.255+0000] {processor.py:925} INFO - DAG(s) 'example_branch_dop_operator_v3' retrieved from /home/airflow/.local/lib/python3.12/site-packages/airflow/example_dags/example_branch_python_dop_operator_3.py
[2025-03-08T20:39:17.272+0000] {logging_mixin.py:190} INFO - [2025-03-08T20:39:17.272+0000] {dag.py:3239} INFO - Sync 1 DAGs
[2025-03-08T20:39:17.295+0000] {logging_mixin.py:190} INFO - [2025-03-08T20:39:17.295+0000] {dag.py:4180} INFO - Setting next_dagrun for example_branch_dop_operator_v3 to 2025-03-08 20:38:00+00:00, run_after=2025-03-08 20:39:00+00:00
[2025-03-08T20:39:17.312+0000] {processor.py:208} INFO - Processing /home/airflow/.local/lib/python3.12/site-packages/airflow/example_dags/example_branch_python_dop_operator_3.py took 0.074 seconds
[2025-03-08T20:39:48.403+0000] {processor.py:186} INFO - Started process (PID=993) to work on /home/airflow/.local/lib/python3.12/site-packages/airflow/example_dags/example_branch_python_dop_operator_3.py
[2025-03-08T20:39:48.403+0000] {processor.py:914} INFO - Processing file /home/airflow/.local/lib/python3.12/site-packages/airflow/example_dags/example_branch_python_dop_operator_3.py for tasks to queue
[2025-03-08T20:39:48.405+0000] {logging_mixin.py:190} INFO - [2025-03-08T20:39:48.405+0000] {dagbag.py:588} INFO - Filling up the DagBag from /home/airflow/.local/lib/python3.12/site-packages/airflow/example_dags/example_branch_python_dop_operator_3.py
[2025-03-08T20:39:48.413+0000] {processor.py:925} INFO - DAG(s) 'example_branch_dop_operator_v3' retrieved from /home/airflow/.local/lib/python3.12/site-packages/airflow/example_dags/example_branch_python_dop_operator_3.py
[2025-03-08T20:39:48.430+0000] {logging_mixin.py:190} INFO - [2025-03-08T20:39:48.430+0000] {dag.py:3239} INFO - Sync 1 DAGs
[2025-03-08T20:39:48.452+0000] {logging_mixin.py:190} INFO - [2025-03-08T20:39:48.452+0000] {dag.py:4180} INFO - Setting next_dagrun for example_branch_dop_operator_v3 to 2025-03-08 20:38:00+00:00, run_after=2025-03-08 20:39:00+00:00
[2025-03-08T20:39:48.469+0000] {processor.py:208} INFO - Processing /home/airflow/.local/lib/python3.12/site-packages/airflow/example_dags/example_branch_python_dop_operator_3.py took 0.071 seconds
[2025-03-08T20:40:18.978+0000] {processor.py:186} INFO - Started process (PID=1056) to work on /home/airflow/.local/lib/python3.12/site-packages/airflow/example_dags/example_branch_python_dop_operator_3.py
[2025-03-08T20:40:18.979+0000] {processor.py:914} INFO - Processing file /home/airflow/.local/lib/python3.12/site-packages/airflow/example_dags/example_branch_python_dop_operator_3.py for tasks to queue
[2025-03-08T20:40:18.981+0000] {logging_mixin.py:190} INFO - [2025-03-08T20:40:18.980+0000] {dagbag.py:588} INFO - Filling up the DagBag from /home/airflow/.local/lib/python3.12/site-packages/airflow/example_dags/example_branch_python_dop_operator_3.py
[2025-03-08T20:40:18.989+0000] {processor.py:925} INFO - DAG(s) 'example_branch_dop_operator_v3' retrieved from /home/airflow/.local/lib/python3.12/site-packages/airflow/example_dags/example_branch_python_dop_operator_3.py
[2025-03-08T20:40:19.006+0000] {logging_mixin.py:190} INFO - [2025-03-08T20:40:19.005+0000] {dag.py:3239} INFO - Sync 1 DAGs
[2025-03-08T20:40:19.027+0000] {logging_mixin.py:190} INFO - [2025-03-08T20:40:19.027+0000] {dag.py:4180} INFO - Setting next_dagrun for example_branch_dop_operator_v3 to 2025-03-08 20:39:00+00:00, run_after=2025-03-08 20:40:00+00:00
[2025-03-08T20:40:19.044+0000] {processor.py:208} INFO - Processing /home/airflow/.local/lib/python3.12/site-packages/airflow/example_dags/example_branch_python_dop_operator_3.py took 0.071 seconds
[2025-03-08T20:40:50.341+0000] {processor.py:186} INFO - Started process (PID=1119) to work on /home/airflow/.local/lib/python3.12/site-packages/airflow/example_dags/example_branch_python_dop_operator_3.py
[2025-03-08T20:40:50.342+0000] {processor.py:914} INFO - Processing file /home/airflow/.local/lib/python3.12/site-packages/airflow/example_dags/example_branch_python_dop_operator_3.py for tasks to queue
[2025-03-08T20:40:50.359+0000] {logging_mixin.py:190} INFO - [2025-03-08T20:40:50.359+0000] {dagbag.py:588} INFO - Filling up the DagBag from /home/airflow/.local/lib/python3.12/site-packages/airflow/example_dags/example_branch_python_dop_operator_3.py
[2025-03-08T20:40:50.369+0000] {processor.py:925} INFO - DAG(s) 'example_branch_dop_operator_v3' retrieved from /home/airflow/.local/lib/python3.12/site-packages/airflow/example_dags/example_branch_python_dop_operator_3.py
[2025-03-08T20:40:50.386+0000] {logging_mixin.py:190} INFO - [2025-03-08T20:40:50.386+0000] {dag.py:3239} INFO - Sync 1 DAGs
[2025-03-08T20:40:50.407+0000] {logging_mixin.py:190} INFO - [2025-03-08T20:40:50.407+0000] {dag.py:4180} INFO - Setting next_dagrun for example_branch_dop_operator_v3 to 2025-03-08 20:39:00+00:00, run_after=2025-03-08 20:40:00+00:00
[2025-03-08T20:40:50.423+0000] {processor.py:208} INFO - Processing /home/airflow/.local/lib/python3.12/site-packages/airflow/example_dags/example_branch_python_dop_operator_3.py took 0.087 seconds
[2025-03-08T20:41:22.031+0000] {processor.py:186} INFO - Started process (PID=1182) to work on /home/airflow/.local/lib/python3.12/site-packages/airflow/example_dags/example_branch_python_dop_operator_3.py
[2025-03-08T20:41:22.032+0000] {processor.py:914} INFO - Processing file /home/airflow/.local/lib/python3.12/site-packages/airflow/example_dags/example_branch_python_dop_operator_3.py for tasks to queue
[2025-03-08T20:41:22.034+0000] {logging_mixin.py:190} INFO - [2025-03-08T20:41:22.034+0000] {dagbag.py:588} INFO - Filling up the DagBag from /home/airflow/.local/lib/python3.12/site-packages/airflow/example_dags/example_branch_python_dop_operator_3.py
[2025-03-08T20:41:22.043+0000] {processor.py:925} INFO - DAG(s) 'example_branch_dop_operator_v3' retrieved from /home/airflow/.local/lib/python3.12/site-packages/airflow/example_dags/example_branch_python_dop_operator_3.py
[2025-03-08T20:41:22.059+0000] {logging_mixin.py:190} INFO - [2025-03-08T20:41:22.058+0000] {dag.py:3239} INFO - Sync 1 DAGs
[2025-03-08T20:41:22.079+0000] {logging_mixin.py:190} INFO - [2025-03-08T20:41:22.079+0000] {dag.py:4180} INFO - Setting next_dagrun for example_branch_dop_operator_v3 to 2025-03-08 20:40:00+00:00, run_after=2025-03-08 20:41:00+00:00
[2025-03-08T20:41:22.095+0000] {processor.py:208} INFO - Processing /home/airflow/.local/lib/python3.12/site-packages/airflow/example_dags/example_branch_python_dop_operator_3.py took 0.069 seconds
[2025-03-08T20:41:53.135+0000] {processor.py:186} INFO - Started process (PID=1245) to work on /home/airflow/.local/lib/python3.12/site-packages/airflow/example_dags/example_branch_python_dop_operator_3.py
[2025-03-08T20:41:53.136+0000] {processor.py:914} INFO - Processing file /home/airflow/.local/lib/python3.12/site-packages/airflow/example_dags/example_branch_python_dop_operator_3.py for tasks to queue
[2025-03-08T20:41:53.138+0000] {logging_mixin.py:190} INFO - [2025-03-08T20:41:53.138+0000] {dagbag.py:588} INFO - Filling up the DagBag from /home/airflow/.local/lib/python3.12/site-packages/airflow/example_dags/example_branch_python_dop_operator_3.py
[2025-03-08T20:41:53.147+0000] {processor.py:925} INFO - DAG(s) 'example_branch_dop_operator_v3' retrieved from /home/airflow/.local/lib/python3.12/site-packages/airflow/example_dags/example_branch_python_dop_operator_3.py
[2025-03-08T20:41:53.163+0000] {logging_mixin.py:190} INFO - [2025-03-08T20:41:53.162+0000] {dag.py:3239} INFO - Sync 1 DAGs
[2025-03-08T20:41:53.184+0000] {logging_mixin.py:190} INFO - [2025-03-08T20:41:53.184+0000] {dag.py:4180} INFO - Setting next_dagrun for example_branch_dop_operator_v3 to 2025-03-08 20:40:00+00:00, run_after=2025-03-08 20:41:00+00:00
[2025-03-08T20:41:53.200+0000] {processor.py:208} INFO - Processing /home/airflow/.local/lib/python3.12/site-packages/airflow/example_dags/example_branch_python_dop_operator_3.py took 0.069 seconds
[2025-03-08T20:42:23.956+0000] {processor.py:186} INFO - Started process (PID=1308) to work on /home/airflow/.local/lib/python3.12/site-packages/airflow/example_dags/example_branch_python_dop_operator_3.py
[2025-03-08T20:42:23.956+0000] {processor.py:914} INFO - Processing file /home/airflow/.local/lib/python3.12/site-packages/airflow/example_dags/example_branch_python_dop_operator_3.py for tasks to queue
[2025-03-08T20:42:23.958+0000] {logging_mixin.py:190} INFO - [2025-03-08T20:42:23.958+0000] {dagbag.py:588} INFO - Filling up the DagBag from /home/airflow/.local/lib/python3.12/site-packages/airflow/example_dags/example_branch_python_dop_operator_3.py
[2025-03-08T20:42:23.968+0000] {processor.py:925} INFO - DAG(s) 'example_branch_dop_operator_v3' retrieved from /home/airflow/.local/lib/python3.12/site-packages/airflow/example_dags/example_branch_python_dop_operator_3.py
[2025-03-08T20:42:23.983+0000] {logging_mixin.py:190} INFO - [2025-03-08T20:42:23.983+0000] {dag.py:3239} INFO - Sync 1 DAGs
[2025-03-08T20:42:24.005+0000] {logging_mixin.py:190} INFO - [2025-03-08T20:42:24.005+0000] {dag.py:4180} INFO - Setting next_dagrun for example_branch_dop_operator_v3 to 2025-03-08 20:41:00+00:00, run_after=2025-03-08 20:42:00+00:00
[2025-03-08T20:42:24.022+0000] {processor.py:208} INFO - Processing /home/airflow/.local/lib/python3.12/site-packages/airflow/example_dags/example_branch_python_dop_operator_3.py took 0.072 seconds
[2025-03-08T20:42:54.605+0000] {processor.py:186} INFO - Started process (PID=1371) to work on /home/airflow/.local/lib/python3.12/site-packages/airflow/example_dags/example_branch_python_dop_operator_3.py
[2025-03-08T20:42:54.605+0000] {processor.py:914} INFO - Processing file /home/airflow/.local/lib/python3.12/site-packages/airflow/example_dags/example_branch_python_dop_operator_3.py for tasks to queue
[2025-03-08T20:42:54.607+0000] {logging_mixin.py:190} INFO - [2025-03-08T20:42:54.607+0000] {dagbag.py:588} INFO - Filling up the DagBag from /home/airflow/.local/lib/python3.12/site-packages/airflow/example_dags/example_branch_python_dop_operator_3.py
[2025-03-08T20:42:54.617+0000] {processor.py:925} INFO - DAG(s) 'example_branch_dop_operator_v3' retrieved from /home/airflow/.local/lib/python3.12/site-packages/airflow/example_dags/example_branch_python_dop_operator_3.py
[2025-03-08T20:42:54.634+0000] {logging_mixin.py:190} INFO - [2025-03-08T20:42:54.634+0000] {dag.py:3239} INFO - Sync 1 DAGs
[2025-03-08T20:42:54.656+0000] {logging_mixin.py:190} INFO - [2025-03-08T20:42:54.656+0000] {dag.py:4180} INFO - Setting next_dagrun for example_branch_dop_operator_v3 to 2025-03-08 20:41:00+00:00, run_after=2025-03-08 20:42:00+00:00
[2025-03-08T20:42:54.675+0000] {processor.py:208} INFO - Processing /home/airflow/.local/lib/python3.12/site-packages/airflow/example_dags/example_branch_python_dop_operator_3.py took 0.076 seconds
[2025-03-08T20:43:25.014+0000] {processor.py:186} INFO - Started process (PID=1434) to work on /home/airflow/.local/lib/python3.12/site-packages/airflow/example_dags/example_branch_python_dop_operator_3.py
[2025-03-08T20:43:25.015+0000] {processor.py:914} INFO - Processing file /home/airflow/.local/lib/python3.12/site-packages/airflow/example_dags/example_branch_python_dop_operator_3.py for tasks to queue
[2025-03-08T20:43:25.017+0000] {logging_mixin.py:190} INFO - [2025-03-08T20:43:25.017+0000] {dagbag.py:588} INFO - Filling up the DagBag from /home/airflow/.local/lib/python3.12/site-packages/airflow/example_dags/example_branch_python_dop_operator_3.py
[2025-03-08T20:43:25.026+0000] {processor.py:925} INFO - DAG(s) 'example_branch_dop_operator_v3' retrieved from /home/airflow/.local/lib/python3.12/site-packages/airflow/example_dags/example_branch_python_dop_operator_3.py
[2025-03-08T20:43:25.042+0000] {logging_mixin.py:190} INFO - [2025-03-08T20:43:25.042+0000] {dag.py:3239} INFO - Sync 1 DAGs
[2025-03-08T20:43:25.063+0000] {logging_mixin.py:190} INFO - [2025-03-08T20:43:25.063+0000] {dag.py:4180} INFO - Setting next_dagrun for example_branch_dop_operator_v3 to 2025-03-08 20:42:00+00:00, run_after=2025-03-08 20:43:00+00:00
[2025-03-08T20:43:25.079+0000] {processor.py:208} INFO - Processing /home/airflow/.local/lib/python3.12/site-packages/airflow/example_dags/example_branch_python_dop_operator_3.py took 0.070 seconds
[2025-03-08T20:43:56.547+0000] {processor.py:186} INFO - Started process (PID=1497) to work on /home/airflow/.local/lib/python3.12/site-packages/airflow/example_dags/example_branch_python_dop_operator_3.py
[2025-03-08T20:43:56.548+0000] {processor.py:914} INFO - Processing file /home/airflow/.local/lib/python3.12/site-packages/airflow/example_dags/example_branch_python_dop_operator_3.py for tasks to queue
[2025-03-08T20:43:56.550+0000] {logging_mixin.py:190} INFO - [2025-03-08T20:43:56.550+0000] {dagbag.py:588} INFO - Filling up the DagBag from /home/airflow/.local/lib/python3.12/site-packages/airflow/example_dags/example_branch_python_dop_operator_3.py
[2025-03-08T20:43:56.559+0000] {processor.py:925} INFO - DAG(s) 'example_branch_dop_operator_v3' retrieved from /home/airflow/.local/lib/python3.12/site-packages/airflow/example_dags/example_branch_python_dop_operator_3.py
[2025-03-08T20:43:56.575+0000] {logging_mixin.py:190} INFO - [2025-03-08T20:43:56.575+0000] {dag.py:3239} INFO - Sync 1 DAGs
[2025-03-08T20:43:56.597+0000] {logging_mixin.py:190} INFO - [2025-03-08T20:43:56.596+0000] {dag.py:4180} INFO - Setting next_dagrun for example_branch_dop_operator_v3 to 2025-03-08 20:42:00+00:00, run_after=2025-03-08 20:43:00+00:00
[2025-03-08T20:43:56.614+0000] {processor.py:208} INFO - Processing /home/airflow/.local/lib/python3.12/site-packages/airflow/example_dags/example_branch_python_dop_operator_3.py took 0.072 seconds
[2025-03-08T20:44:27.385+0000] {processor.py:186} INFO - Started process (PID=1560) to work on /home/airflow/.local/lib/python3.12/site-packages/airflow/example_dags/example_branch_python_dop_operator_3.py
[2025-03-08T20:44:27.402+0000] {processor.py:914} INFO - Processing file /home/airflow/.local/lib/python3.12/site-packages/airflow/example_dags/example_branch_python_dop_operator_3.py for tasks to queue
[2025-03-08T20:44:27.405+0000] {logging_mixin.py:190} INFO - [2025-03-08T20:44:27.404+0000] {dagbag.py:588} INFO - Filling up the DagBag from /home/airflow/.local/lib/python3.12/site-packages/airflow/example_dags/example_branch_python_dop_operator_3.py
[2025-03-08T20:44:27.414+0000] {processor.py:925} INFO - DAG(s) 'example_branch_dop_operator_v3' retrieved from /home/airflow/.local/lib/python3.12/site-packages/airflow/example_dags/example_branch_python_dop_operator_3.py
[2025-03-08T20:44:27.430+0000] {logging_mixin.py:190} INFO - [2025-03-08T20:44:27.430+0000] {dag.py:3239} INFO - Sync 1 DAGs
[2025-03-08T20:44:27.451+0000] {logging_mixin.py:190} INFO - [2025-03-08T20:44:27.451+0000] {dag.py:4180} INFO - Setting next_dagrun for example_branch_dop_operator_v3 to 2025-03-08 20:43:00+00:00, run_after=2025-03-08 20:44:00+00:00
[2025-03-08T20:44:27.471+0000] {processor.py:208} INFO - Processing /home/airflow/.local/lib/python3.12/site-packages/airflow/example_dags/example_branch_python_dop_operator_3.py took 0.092 seconds
[2025-03-08T20:44:57.827+0000] {processor.py:186} INFO - Started process (PID=1623) to work on /home/airflow/.local/lib/python3.12/site-packages/airflow/example_dags/example_branch_python_dop_operator_3.py
[2025-03-08T20:44:57.828+0000] {processor.py:914} INFO - Processing file /home/airflow/.local/lib/python3.12/site-packages/airflow/example_dags/example_branch_python_dop_operator_3.py for tasks to queue
[2025-03-08T20:44:57.830+0000] {logging_mixin.py:190} INFO - [2025-03-08T20:44:57.830+0000] {dagbag.py:588} INFO - Filling up the DagBag from /home/airflow/.local/lib/python3.12/site-packages/airflow/example_dags/example_branch_python_dop_operator_3.py
[2025-03-08T20:44:57.840+0000] {processor.py:925} INFO - DAG(s) 'example_branch_dop_operator_v3' retrieved from /home/airflow/.local/lib/python3.12/site-packages/airflow/example_dags/example_branch_python_dop_operator_3.py
[2025-03-08T20:44:57.857+0000] {logging_mixin.py:190} INFO - [2025-03-08T20:44:57.856+0000] {dag.py:3239} INFO - Sync 1 DAGs
[2025-03-08T20:44:57.878+0000] {logging_mixin.py:190} INFO - [2025-03-08T20:44:57.878+0000] {dag.py:4180} INFO - Setting next_dagrun for example_branch_dop_operator_v3 to 2025-03-08 20:43:00+00:00, run_after=2025-03-08 20:44:00+00:00
[2025-03-08T20:44:57.897+0000] {processor.py:208} INFO - Processing /home/airflow/.local/lib/python3.12/site-packages/airflow/example_dags/example_branch_python_dop_operator_3.py took 0.075 seconds
[2025-03-08T20:45:29.358+0000] {processor.py:186} INFO - Started process (PID=1686) to work on /home/airflow/.local/lib/python3.12/site-packages/airflow/example_dags/example_branch_python_dop_operator_3.py
[2025-03-08T20:45:29.358+0000] {processor.py:914} INFO - Processing file /home/airflow/.local/lib/python3.12/site-packages/airflow/example_dags/example_branch_python_dop_operator_3.py for tasks to queue
[2025-03-08T20:45:29.360+0000] {logging_mixin.py:190} INFO - [2025-03-08T20:45:29.360+0000] {dagbag.py:588} INFO - Filling up the DagBag from /home/airflow/.local/lib/python3.12/site-packages/airflow/example_dags/example_branch_python_dop_operator_3.py
[2025-03-08T20:45:29.370+0000] {processor.py:925} INFO - DAG(s) 'example_branch_dop_operator_v3' retrieved from /home/airflow/.local/lib/python3.12/site-packages/airflow/example_dags/example_branch_python_dop_operator_3.py
[2025-03-08T20:45:29.385+0000] {logging_mixin.py:190} INFO - [2025-03-08T20:45:29.385+0000] {dag.py:3239} INFO - Sync 1 DAGs
[2025-03-08T20:45:29.408+0000] {logging_mixin.py:190} INFO - [2025-03-08T20:45:29.408+0000] {dag.py:4180} INFO - Setting next_dagrun for example_branch_dop_operator_v3 to 2025-03-08 20:44:00+00:00, run_after=2025-03-08 20:45:00+00:00
[2025-03-08T20:45:29.426+0000] {processor.py:208} INFO - Processing /home/airflow/.local/lib/python3.12/site-packages/airflow/example_dags/example_branch_python_dop_operator_3.py took 0.074 seconds
[2025-03-08T20:46:00.875+0000] {processor.py:186} INFO - Started process (PID=1749) to work on /home/airflow/.local/lib/python3.12/site-packages/airflow/example_dags/example_branch_python_dop_operator_3.py
[2025-03-08T20:46:00.876+0000] {processor.py:914} INFO - Processing file /home/airflow/.local/lib/python3.12/site-packages/airflow/example_dags/example_branch_python_dop_operator_3.py for tasks to queue
[2025-03-08T20:46:00.878+0000] {logging_mixin.py:190} INFO - [2025-03-08T20:46:00.877+0000] {dagbag.py:588} INFO - Filling up the DagBag from /home/airflow/.local/lib/python3.12/site-packages/airflow/example_dags/example_branch_python_dop_operator_3.py
[2025-03-08T20:46:00.887+0000] {processor.py:925} INFO - DAG(s) 'example_branch_dop_operator_v3' retrieved from /home/airflow/.local/lib/python3.12/site-packages/airflow/example_dags/example_branch_python_dop_operator_3.py
[2025-03-08T20:46:00.903+0000] {logging_mixin.py:190} INFO - [2025-03-08T20:46:00.902+0000] {dag.py:3239} INFO - Sync 1 DAGs
[2025-03-08T20:46:00.926+0000] {logging_mixin.py:190} INFO - [2025-03-08T20:46:00.926+0000] {dag.py:4180} INFO - Setting next_dagrun for example_branch_dop_operator_v3 to 2025-03-08 20:45:00+00:00, run_after=2025-03-08 20:46:00+00:00
[2025-03-08T20:46:00.956+0000] {processor.py:208} INFO - Processing /home/airflow/.local/lib/python3.12/site-packages/airflow/example_dags/example_branch_python_dop_operator_3.py took 0.086 seconds
[2025-03-08T20:46:32.658+0000] {processor.py:186} INFO - Started process (PID=1818) to work on /home/airflow/.local/lib/python3.12/site-packages/airflow/example_dags/example_branch_python_dop_operator_3.py
[2025-03-08T20:46:32.658+0000] {processor.py:914} INFO - Processing file /home/airflow/.local/lib/python3.12/site-packages/airflow/example_dags/example_branch_python_dop_operator_3.py for tasks to queue
[2025-03-08T20:46:32.661+0000] {logging_mixin.py:190} INFO - [2025-03-08T20:46:32.660+0000] {dagbag.py:588} INFO - Filling up the DagBag from /home/airflow/.local/lib/python3.12/site-packages/airflow/example_dags/example_branch_python_dop_operator_3.py
[2025-03-08T20:46:32.670+0000] {processor.py:925} INFO - DAG(s) 'example_branch_dop_operator_v3' retrieved from /home/airflow/.local/lib/python3.12/site-packages/airflow/example_dags/example_branch_python_dop_operator_3.py
[2025-03-08T20:46:32.686+0000] {logging_mixin.py:190} INFO - [2025-03-08T20:46:32.686+0000] {dag.py:3239} INFO - Sync 1 DAGs
[2025-03-08T20:46:32.709+0000] {logging_mixin.py:190} INFO - [2025-03-08T20:46:32.708+0000] {dag.py:4180} INFO - Setting next_dagrun for example_branch_dop_operator_v3 to 2025-03-08 20:45:00+00:00, run_after=2025-03-08 20:46:00+00:00
[2025-03-08T20:46:32.724+0000] {processor.py:208} INFO - Processing /home/airflow/.local/lib/python3.12/site-packages/airflow/example_dags/example_branch_python_dop_operator_3.py took 0.072 seconds
[2025-03-08T20:47:02.990+0000] {processor.py:186} INFO - Started process (PID=1881) to work on /home/airflow/.local/lib/python3.12/site-packages/airflow/example_dags/example_branch_python_dop_operator_3.py
[2025-03-08T20:47:02.991+0000] {processor.py:914} INFO - Processing file /home/airflow/.local/lib/python3.12/site-packages/airflow/example_dags/example_branch_python_dop_operator_3.py for tasks to queue
[2025-03-08T20:47:02.993+0000] {logging_mixin.py:190} INFO - [2025-03-08T20:47:02.993+0000] {dagbag.py:588} INFO - Filling up the DagBag from /home/airflow/.local/lib/python3.12/site-packages/airflow/example_dags/example_branch_python_dop_operator_3.py
[2025-03-08T20:47:03.002+0000] {processor.py:925} INFO - DAG(s) 'example_branch_dop_operator_v3' retrieved from /home/airflow/.local/lib/python3.12/site-packages/airflow/example_dags/example_branch_python_dop_operator_3.py
[2025-03-08T20:47:03.020+0000] {logging_mixin.py:190} INFO - [2025-03-08T20:47:03.020+0000] {dag.py:3239} INFO - Sync 1 DAGs
[2025-03-08T20:47:03.044+0000] {logging_mixin.py:190} INFO - [2025-03-08T20:47:03.043+0000] {dag.py:4180} INFO - Setting next_dagrun for example_branch_dop_operator_v3 to 2025-03-08 20:46:00+00:00, run_after=2025-03-08 20:47:00+00:00
[2025-03-08T20:47:03.064+0000] {processor.py:208} INFO - Processing /home/airflow/.local/lib/python3.12/site-packages/airflow/example_dags/example_branch_python_dop_operator_3.py took 0.080 seconds
[2025-03-08T20:47:34.572+0000] {processor.py:186} INFO - Started process (PID=1944) to work on /home/airflow/.local/lib/python3.12/site-packages/airflow/example_dags/example_branch_python_dop_operator_3.py
[2025-03-08T20:47:34.573+0000] {processor.py:914} INFO - Processing file /home/airflow/.local/lib/python3.12/site-packages/airflow/example_dags/example_branch_python_dop_operator_3.py for tasks to queue
[2025-03-08T20:47:34.576+0000] {logging_mixin.py:190} INFO - [2025-03-08T20:47:34.576+0000] {dagbag.py:588} INFO - Filling up the DagBag from /home/airflow/.local/lib/python3.12/site-packages/airflow/example_dags/example_branch_python_dop_operator_3.py
[2025-03-08T20:47:34.586+0000] {processor.py:925} INFO - DAG(s) 'example_branch_dop_operator_v3' retrieved from /home/airflow/.local/lib/python3.12/site-packages/airflow/example_dags/example_branch_python_dop_operator_3.py
[2025-03-08T20:47:34.606+0000] {logging_mixin.py:190} INFO - [2025-03-08T20:47:34.606+0000] {dag.py:3239} INFO - Sync 1 DAGs
[2025-03-08T20:47:34.629+0000] {logging_mixin.py:190} INFO - [2025-03-08T20:47:34.629+0000] {dag.py:4180} INFO - Setting next_dagrun for example_branch_dop_operator_v3 to 2025-03-08 20:46:00+00:00, run_after=2025-03-08 20:47:00+00:00
[2025-03-08T20:47:34.646+0000] {processor.py:208} INFO - Processing /home/airflow/.local/lib/python3.12/site-packages/airflow/example_dags/example_branch_python_dop_operator_3.py took 0.080 seconds
[2025-03-08T20:48:05.777+0000] {processor.py:186} INFO - Started process (PID=2007) to work on /home/airflow/.local/lib/python3.12/site-packages/airflow/example_dags/example_branch_python_dop_operator_3.py
[2025-03-08T20:48:05.777+0000] {processor.py:914} INFO - Processing file /home/airflow/.local/lib/python3.12/site-packages/airflow/example_dags/example_branch_python_dop_operator_3.py for tasks to queue
[2025-03-08T20:48:05.780+0000] {logging_mixin.py:190} INFO - [2025-03-08T20:48:05.779+0000] {dagbag.py:588} INFO - Filling up the DagBag from /home/airflow/.local/lib/python3.12/site-packages/airflow/example_dags/example_branch_python_dop_operator_3.py
[2025-03-08T20:48:05.789+0000] {processor.py:925} INFO - DAG(s) 'example_branch_dop_operator_v3' retrieved from /home/airflow/.local/lib/python3.12/site-packages/airflow/example_dags/example_branch_python_dop_operator_3.py
[2025-03-08T20:48:05.805+0000] {logging_mixin.py:190} INFO - [2025-03-08T20:48:05.805+0000] {dag.py:3239} INFO - Sync 1 DAGs
[2025-03-08T20:48:05.835+0000] {logging_mixin.py:190} INFO - [2025-03-08T20:48:05.834+0000] {dag.py:4180} INFO - Setting next_dagrun for example_branch_dop_operator_v3 to 2025-03-08 20:47:00+00:00, run_after=2025-03-08 20:48:00+00:00
[2025-03-08T20:48:05.854+0000] {processor.py:208} INFO - Processing /home/airflow/.local/lib/python3.12/site-packages/airflow/example_dags/example_branch_python_dop_operator_3.py took 0.083 seconds
[2025-03-08T20:48:36.255+0000] {processor.py:186} INFO - Started process (PID=2070) to work on /home/airflow/.local/lib/python3.12/site-packages/airflow/example_dags/example_branch_python_dop_operator_3.py
[2025-03-08T20:48:36.256+0000] {processor.py:914} INFO - Processing file /home/airflow/.local/lib/python3.12/site-packages/airflow/example_dags/example_branch_python_dop_operator_3.py for tasks to queue
[2025-03-08T20:48:36.258+0000] {logging_mixin.py:190} INFO - [2025-03-08T20:48:36.258+0000] {dagbag.py:588} INFO - Filling up the DagBag from /home/airflow/.local/lib/python3.12/site-packages/airflow/example_dags/example_branch_python_dop_operator_3.py
[2025-03-08T20:48:36.272+0000] {processor.py:925} INFO - DAG(s) 'example_branch_dop_operator_v3' retrieved from /home/airflow/.local/lib/python3.12/site-packages/airflow/example_dags/example_branch_python_dop_operator_3.py
[2025-03-08T20:48:36.290+0000] {logging_mixin.py:190} INFO - [2025-03-08T20:48:36.290+0000] {dag.py:3239} INFO - Sync 1 DAGs
[2025-03-08T20:48:36.320+0000] {logging_mixin.py:190} INFO - [2025-03-08T20:48:36.320+0000] {dag.py:4180} INFO - Setting next_dagrun for example_branch_dop_operator_v3 to 2025-03-08 20:47:00+00:00, run_after=2025-03-08 20:48:00+00:00
[2025-03-08T20:48:36.338+0000] {processor.py:208} INFO - Processing /home/airflow/.local/lib/python3.12/site-packages/airflow/example_dags/example_branch_python_dop_operator_3.py took 0.089 seconds
[2025-03-08T20:49:07.666+0000] {processor.py:186} INFO - Started process (PID=2133) to work on /home/airflow/.local/lib/python3.12/site-packages/airflow/example_dags/example_branch_python_dop_operator_3.py
[2025-03-08T20:49:07.667+0000] {processor.py:914} INFO - Processing file /home/airflow/.local/lib/python3.12/site-packages/airflow/example_dags/example_branch_python_dop_operator_3.py for tasks to queue
[2025-03-08T20:49:07.669+0000] {logging_mixin.py:190} INFO - [2025-03-08T20:49:07.668+0000] {dagbag.py:588} INFO - Filling up the DagBag from /home/airflow/.local/lib/python3.12/site-packages/airflow/example_dags/example_branch_python_dop_operator_3.py
[2025-03-08T20:49:07.680+0000] {processor.py:925} INFO - DAG(s) 'example_branch_dop_operator_v3' retrieved from /home/airflow/.local/lib/python3.12/site-packages/airflow/example_dags/example_branch_python_dop_operator_3.py
[2025-03-08T20:49:07.697+0000] {logging_mixin.py:190} INFO - [2025-03-08T20:49:07.696+0000] {dag.py:3239} INFO - Sync 1 DAGs
[2025-03-08T20:49:07.717+0000] {logging_mixin.py:190} INFO - [2025-03-08T20:49:07.717+0000] {dag.py:4180} INFO - Setting next_dagrun for example_branch_dop_operator_v3 to 2025-03-08 20:48:00+00:00, run_after=2025-03-08 20:49:00+00:00
[2025-03-08T20:49:07.735+0000] {processor.py:208} INFO - Processing /home/airflow/.local/lib/python3.12/site-packages/airflow/example_dags/example_branch_python_dop_operator_3.py took 0.075 seconds
[2025-03-08T20:49:39.227+0000] {processor.py:186} INFO - Started process (PID=2196) to work on /home/airflow/.local/lib/python3.12/site-packages/airflow/example_dags/example_branch_python_dop_operator_3.py
[2025-03-08T20:49:39.228+0000] {processor.py:914} INFO - Processing file /home/airflow/.local/lib/python3.12/site-packages/airflow/example_dags/example_branch_python_dop_operator_3.py for tasks to queue
[2025-03-08T20:49:39.233+0000] {logging_mixin.py:190} INFO - [2025-03-08T20:49:39.232+0000] {dagbag.py:588} INFO - Filling up the DagBag from /home/airflow/.local/lib/python3.12/site-packages/airflow/example_dags/example_branch_python_dop_operator_3.py
[2025-03-08T20:49:39.247+0000] {processor.py:925} INFO - DAG(s) 'example_branch_dop_operator_v3' retrieved from /home/airflow/.local/lib/python3.12/site-packages/airflow/example_dags/example_branch_python_dop_operator_3.py
[2025-03-08T20:49:39.269+0000] {logging_mixin.py:190} INFO - [2025-03-08T20:49:39.269+0000] {dag.py:3239} INFO - Sync 1 DAGs
[2025-03-08T20:49:39.292+0000] {logging_mixin.py:190} INFO - [2025-03-08T20:49:39.292+0000] {dag.py:4180} INFO - Setting next_dagrun for example_branch_dop_operator_v3 to 2025-03-08 20:48:00+00:00, run_after=2025-03-08 20:49:00+00:00
[2025-03-08T20:49:39.310+0000] {processor.py:208} INFO - Processing /home/airflow/.local/lib/python3.12/site-packages/airflow/example_dags/example_branch_python_dop_operator_3.py took 0.089 seconds
[2025-03-08T20:50:10.249+0000] {processor.py:186} INFO - Started process (PID=2259) to work on /home/airflow/.local/lib/python3.12/site-packages/airflow/example_dags/example_branch_python_dop_operator_3.py
[2025-03-08T20:50:10.250+0000] {processor.py:914} INFO - Processing file /home/airflow/.local/lib/python3.12/site-packages/airflow/example_dags/example_branch_python_dop_operator_3.py for tasks to queue
[2025-03-08T20:50:10.253+0000] {logging_mixin.py:190} INFO - [2025-03-08T20:50:10.252+0000] {dagbag.py:588} INFO - Filling up the DagBag from /home/airflow/.local/lib/python3.12/site-packages/airflow/example_dags/example_branch_python_dop_operator_3.py
[2025-03-08T20:50:10.264+0000] {processor.py:925} INFO - DAG(s) 'example_branch_dop_operator_v3' retrieved from /home/airflow/.local/lib/python3.12/site-packages/airflow/example_dags/example_branch_python_dop_operator_3.py
[2025-03-08T20:50:10.285+0000] {logging_mixin.py:190} INFO - [2025-03-08T20:50:10.285+0000] {dag.py:3239} INFO - Sync 1 DAGs
[2025-03-08T20:50:10.312+0000] {logging_mixin.py:190} INFO - [2025-03-08T20:50:10.312+0000] {dag.py:4180} INFO - Setting next_dagrun for example_branch_dop_operator_v3 to 2025-03-08 20:49:00+00:00, run_after=2025-03-08 20:50:00+00:00
[2025-03-08T20:50:10.336+0000] {processor.py:208} INFO - Processing /home/airflow/.local/lib/python3.12/site-packages/airflow/example_dags/example_branch_python_dop_operator_3.py took 0.093 seconds
