[2025-03-08T20:32:33.033+0000] {processor.py:186} INFO - Started process (PID=82) to work on /home/airflow/.local/lib/python3.12/site-packages/airflow/example_dags/example_branch_datetime_operator.py
[2025-03-08T20:32:33.034+0000] {processor.py:914} INFO - Processing file /home/airflow/.local/lib/python3.12/site-packages/airflow/example_dags/example_branch_datetime_operator.py for tasks to queue
[2025-03-08T20:32:33.036+0000] {logging_mixin.py:190} INFO - [2025-03-08T20:32:33.036+0000] {dagbag.py:588} INFO - Filling up the DagBag from /home/airflow/.local/lib/python3.12/site-packages/airflow/example_dags/example_branch_datetime_operator.py
[2025-03-08T20:32:33.049+0000] {processor.py:925} INFO - DAG(s) 'example_branch_datetime_operator_3', 'example_branch_datetime_operator_2', 'example_branch_datetime_operator' retrieved from /home/airflow/.local/lib/python3.12/site-packages/airflow/example_dags/example_branch_datetime_operator.py
[2025-03-08T20:32:33.143+0000] {logging_mixin.py:190} INFO - [2025-03-08T20:32:33.143+0000] {override.py:1912} INFO - Created Permission View: can edit on DAG:example_branch_datetime_operator_3
[2025-03-08T20:32:33.155+0000] {logging_mixin.py:190} INFO - [2025-03-08T20:32:33.155+0000] {override.py:1912} INFO - Created Permission View: can read on DAG:example_branch_datetime_operator_3
[2025-03-08T20:32:33.165+0000] {logging_mixin.py:190} INFO - [2025-03-08T20:32:33.164+0000] {override.py:1912} INFO - Created Permission View: can delete on DAG:example_branch_datetime_operator_3
[2025-03-08T20:32:33.173+0000] {logging_mixin.py:190} INFO - [2025-03-08T20:32:33.173+0000] {override.py:1912} INFO - Created Permission View: can read on DAG Run:example_branch_datetime_operator_3
[2025-03-08T20:32:33.179+0000] {logging_mixin.py:190} INFO - [2025-03-08T20:32:33.179+0000] {override.py:1912} INFO - Created Permission View: menu access on DAG Run:example_branch_datetime_operator_3
[2025-03-08T20:32:33.184+0000] {logging_mixin.py:190} INFO - [2025-03-08T20:32:33.184+0000] {override.py:1912} INFO - Created Permission View: can create on DAG Run:example_branch_datetime_operator_3
[2025-03-08T20:32:33.189+0000] {logging_mixin.py:190} INFO - [2025-03-08T20:32:33.189+0000] {override.py:1912} INFO - Created Permission View: can delete on DAG Run:example_branch_datetime_operator_3
[2025-03-08T20:32:33.199+0000] {logging_mixin.py:190} INFO - [2025-03-08T20:32:33.199+0000] {override.py:1912} INFO - Created Permission View: can edit on DAG:example_branch_datetime_operator_2
[2025-03-08T20:32:33.204+0000] {logging_mixin.py:190} INFO - [2025-03-08T20:32:33.204+0000] {override.py:1912} INFO - Created Permission View: can read on DAG:example_branch_datetime_operator_2
[2025-03-08T20:32:33.209+0000] {logging_mixin.py:190} INFO - [2025-03-08T20:32:33.209+0000] {override.py:1912} INFO - Created Permission View: can delete on DAG:example_branch_datetime_operator_2
[2025-03-08T20:32:33.214+0000] {logging_mixin.py:190} INFO - [2025-03-08T20:32:33.214+0000] {override.py:1912} INFO - Created Permission View: can read on DAG Run:example_branch_datetime_operator_2
[2025-03-08T20:32:33.220+0000] {logging_mixin.py:190} INFO - [2025-03-08T20:32:33.220+0000] {override.py:1912} INFO - Created Permission View: menu access on DAG Run:example_branch_datetime_operator_2
[2025-03-08T20:32:33.226+0000] {logging_mixin.py:190} INFO - [2025-03-08T20:32:33.225+0000] {override.py:1912} INFO - Created Permission View: can create on DAG Run:example_branch_datetime_operator_2
[2025-03-08T20:32:33.231+0000] {logging_mixin.py:190} INFO - [2025-03-08T20:32:33.230+0000] {override.py:1912} INFO - Created Permission View: can delete on DAG Run:example_branch_datetime_operator_2
[2025-03-08T20:32:33.240+0000] {logging_mixin.py:190} INFO - [2025-03-08T20:32:33.239+0000] {override.py:1912} INFO - Created Permission View: can edit on DAG:example_branch_datetime_operator
[2025-03-08T20:32:33.244+0000] {logging_mixin.py:190} INFO - [2025-03-08T20:32:33.244+0000] {override.py:1912} INFO - Created Permission View: can read on DAG:example_branch_datetime_operator
[2025-03-08T20:32:33.248+0000] {logging_mixin.py:190} INFO - [2025-03-08T20:32:33.248+0000] {override.py:1912} INFO - Created Permission View: can delete on DAG:example_branch_datetime_operator
[2025-03-08T20:32:33.253+0000] {logging_mixin.py:190} INFO - [2025-03-08T20:32:33.253+0000] {override.py:1912} INFO - Created Permission View: can read on DAG Run:example_branch_datetime_operator
[2025-03-08T20:32:33.258+0000] {logging_mixin.py:190} INFO - [2025-03-08T20:32:33.258+0000] {override.py:1912} INFO - Created Permission View: menu access on DAG Run:example_branch_datetime_operator
[2025-03-08T20:32:33.263+0000] {logging_mixin.py:190} INFO - [2025-03-08T20:32:33.263+0000] {override.py:1912} INFO - Created Permission View: can create on DAG Run:example_branch_datetime_operator
[2025-03-08T20:32:33.267+0000] {logging_mixin.py:190} INFO - [2025-03-08T20:32:33.267+0000] {override.py:1912} INFO - Created Permission View: can delete on DAG Run:example_branch_datetime_operator
[2025-03-08T20:32:33.268+0000] {logging_mixin.py:190} INFO - [2025-03-08T20:32:33.268+0000] {dag.py:3239} INFO - Sync 3 DAGs
[2025-03-08T20:32:33.279+0000] {logging_mixin.py:190} INFO - [2025-03-08T20:32:33.279+0000] {dag.py:3262} INFO - Creating ORM DAG for example_branch_datetime_operator_2
[2025-03-08T20:32:33.280+0000] {logging_mixin.py:190} INFO - [2025-03-08T20:32:33.279+0000] {dag.py:3262} INFO - Creating ORM DAG for example_branch_datetime_operator
[2025-03-08T20:32:33.280+0000] {logging_mixin.py:190} INFO - [2025-03-08T20:32:33.280+0000] {dag.py:3262} INFO - Creating ORM DAG for example_branch_datetime_operator_3
[2025-03-08T20:32:33.289+0000] {logging_mixin.py:190} INFO - [2025-03-08T20:32:33.288+0000] {dag.py:4180} INFO - Setting next_dagrun for example_branch_datetime_operator to 2025-03-07 00:00:00+00:00, run_after=2025-03-08 00:00:00+00:00
[2025-03-08T20:32:33.290+0000] {logging_mixin.py:190} INFO - [2025-03-08T20:32:33.290+0000] {dag.py:4180} INFO - Setting next_dagrun for example_branch_datetime_operator_2 to 2025-03-07 00:00:00+00:00, run_after=2025-03-08 00:00:00+00:00
[2025-03-08T20:32:33.292+0000] {logging_mixin.py:190} INFO - [2025-03-08T20:32:33.292+0000] {dag.py:4180} INFO - Setting next_dagrun for example_branch_datetime_operator_3 to 2025-03-07 00:00:00+00:00, run_after=2025-03-08 00:00:00+00:00
[2025-03-08T20:32:33.307+0000] {processor.py:208} INFO - Processing /home/airflow/.local/lib/python3.12/site-packages/airflow/example_dags/example_branch_datetime_operator.py took 0.280 seconds
[2025-03-08T20:33:03.464+0000] {processor.py:186} INFO - Started process (PID=145) to work on /home/airflow/.local/lib/python3.12/site-packages/airflow/example_dags/example_branch_datetime_operator.py
[2025-03-08T20:33:03.465+0000] {processor.py:914} INFO - Processing file /home/airflow/.local/lib/python3.12/site-packages/airflow/example_dags/example_branch_datetime_operator.py for tasks to queue
[2025-03-08T20:33:03.468+0000] {logging_mixin.py:190} INFO - [2025-03-08T20:33:03.468+0000] {dagbag.py:588} INFO - Filling up the DagBag from /home/airflow/.local/lib/python3.12/site-packages/airflow/example_dags/example_branch_datetime_operator.py
[2025-03-08T20:33:03.479+0000] {processor.py:925} INFO - DAG(s) 'example_branch_datetime_operator_2', 'example_branch_datetime_operator_3', 'example_branch_datetime_operator' retrieved from /home/airflow/.local/lib/python3.12/site-packages/airflow/example_dags/example_branch_datetime_operator.py
[2025-03-08T20:33:03.507+0000] {logging_mixin.py:190} INFO - [2025-03-08T20:33:03.506+0000] {dag.py:3239} INFO - Sync 3 DAGs
[2025-03-08T20:33:03.531+0000] {logging_mixin.py:190} INFO - [2025-03-08T20:33:03.531+0000] {dag.py:4180} INFO - Setting next_dagrun for example_branch_datetime_operator to 2025-03-07 00:00:00+00:00, run_after=2025-03-08 00:00:00+00:00
[2025-03-08T20:33:03.536+0000] {logging_mixin.py:190} INFO - [2025-03-08T20:33:03.536+0000] {dag.py:4180} INFO - Setting next_dagrun for example_branch_datetime_operator_2 to 2025-03-07 00:00:00+00:00, run_after=2025-03-08 00:00:00+00:00
[2025-03-08T20:33:03.539+0000] {logging_mixin.py:190} INFO - [2025-03-08T20:33:03.538+0000] {dag.py:4180} INFO - Setting next_dagrun for example_branch_datetime_operator_3 to 2025-03-07 00:00:00+00:00, run_after=2025-03-08 00:00:00+00:00
[2025-03-08T20:33:03.554+0000] {processor.py:208} INFO - Processing /home/airflow/.local/lib/python3.12/site-packages/airflow/example_dags/example_branch_datetime_operator.py took 0.095 seconds
[2025-03-08T20:33:33.713+0000] {processor.py:186} INFO - Started process (PID=207) to work on /home/airflow/.local/lib/python3.12/site-packages/airflow/example_dags/example_branch_datetime_operator.py
[2025-03-08T20:33:33.714+0000] {processor.py:914} INFO - Processing file /home/airflow/.local/lib/python3.12/site-packages/airflow/example_dags/example_branch_datetime_operator.py for tasks to queue
[2025-03-08T20:33:33.716+0000] {logging_mixin.py:190} INFO - [2025-03-08T20:33:33.716+0000] {dagbag.py:588} INFO - Filling up the DagBag from /home/airflow/.local/lib/python3.12/site-packages/airflow/example_dags/example_branch_datetime_operator.py
[2025-03-08T20:33:33.729+0000] {processor.py:925} INFO - DAG(s) 'example_branch_datetime_operator', 'example_branch_datetime_operator_2', 'example_branch_datetime_operator_3' retrieved from /home/airflow/.local/lib/python3.12/site-packages/airflow/example_dags/example_branch_datetime_operator.py
[2025-03-08T20:33:33.757+0000] {logging_mixin.py:190} INFO - [2025-03-08T20:33:33.757+0000] {dag.py:3239} INFO - Sync 3 DAGs
[2025-03-08T20:33:33.784+0000] {logging_mixin.py:190} INFO - [2025-03-08T20:33:33.784+0000] {dag.py:4180} INFO - Setting next_dagrun for example_branch_datetime_operator to 2025-03-07 00:00:00+00:00, run_after=2025-03-08 00:00:00+00:00
[2025-03-08T20:33:33.789+0000] {logging_mixin.py:190} INFO - [2025-03-08T20:33:33.789+0000] {dag.py:4180} INFO - Setting next_dagrun for example_branch_datetime_operator_2 to 2025-03-07 00:00:00+00:00, run_after=2025-03-08 00:00:00+00:00
[2025-03-08T20:33:33.792+0000] {logging_mixin.py:190} INFO - [2025-03-08T20:33:33.791+0000] {dag.py:4180} INFO - Setting next_dagrun for example_branch_datetime_operator_3 to 2025-03-07 00:00:00+00:00, run_after=2025-03-08 00:00:00+00:00
[2025-03-08T20:33:33.808+0000] {processor.py:208} INFO - Processing /home/airflow/.local/lib/python3.12/site-packages/airflow/example_dags/example_branch_datetime_operator.py took 0.101 seconds
[2025-03-08T20:34:04.540+0000] {processor.py:186} INFO - Started process (PID=270) to work on /home/airflow/.local/lib/python3.12/site-packages/airflow/example_dags/example_branch_datetime_operator.py
[2025-03-08T20:34:04.541+0000] {processor.py:914} INFO - Processing file /home/airflow/.local/lib/python3.12/site-packages/airflow/example_dags/example_branch_datetime_operator.py for tasks to queue
[2025-03-08T20:34:04.543+0000] {logging_mixin.py:190} INFO - [2025-03-08T20:34:04.543+0000] {dagbag.py:588} INFO - Filling up the DagBag from /home/airflow/.local/lib/python3.12/site-packages/airflow/example_dags/example_branch_datetime_operator.py
[2025-03-08T20:34:04.560+0000] {processor.py:925} INFO - DAG(s) 'example_branch_datetime_operator', 'example_branch_datetime_operator_2', 'example_branch_datetime_operator_3' retrieved from /home/airflow/.local/lib/python3.12/site-packages/airflow/example_dags/example_branch_datetime_operator.py
[2025-03-08T20:34:04.590+0000] {logging_mixin.py:190} INFO - [2025-03-08T20:34:04.590+0000] {dag.py:3239} INFO - Sync 3 DAGs
[2025-03-08T20:34:04.616+0000] {logging_mixin.py:190} INFO - [2025-03-08T20:34:04.616+0000] {dag.py:4180} INFO - Setting next_dagrun for example_branch_datetime_operator to 2025-03-07 00:00:00+00:00, run_after=2025-03-08 00:00:00+00:00
[2025-03-08T20:34:04.620+0000] {logging_mixin.py:190} INFO - [2025-03-08T20:34:04.620+0000] {dag.py:4180} INFO - Setting next_dagrun for example_branch_datetime_operator_2 to 2025-03-07 00:00:00+00:00, run_after=2025-03-08 00:00:00+00:00
[2025-03-08T20:34:04.623+0000] {logging_mixin.py:190} INFO - [2025-03-08T20:34:04.622+0000] {dag.py:4180} INFO - Setting next_dagrun for example_branch_datetime_operator_3 to 2025-03-07 00:00:00+00:00, run_after=2025-03-08 00:00:00+00:00
[2025-03-08T20:34:04.637+0000] {processor.py:208} INFO - Processing /home/airflow/.local/lib/python3.12/site-packages/airflow/example_dags/example_branch_datetime_operator.py took 0.102 seconds
[2025-03-08T20:34:34.730+0000] {processor.py:186} INFO - Started process (PID=332) to work on /home/airflow/.local/lib/python3.12/site-packages/airflow/example_dags/example_branch_datetime_operator.py
[2025-03-08T20:34:34.732+0000] {processor.py:914} INFO - Processing file /home/airflow/.local/lib/python3.12/site-packages/airflow/example_dags/example_branch_datetime_operator.py for tasks to queue
[2025-03-08T20:34:34.736+0000] {logging_mixin.py:190} INFO - [2025-03-08T20:34:34.735+0000] {dagbag.py:588} INFO - Filling up the DagBag from /home/airflow/.local/lib/python3.12/site-packages/airflow/example_dags/example_branch_datetime_operator.py
[2025-03-08T20:34:34.750+0000] {processor.py:925} INFO - DAG(s) 'example_branch_datetime_operator', 'example_branch_datetime_operator_2', 'example_branch_datetime_operator_3' retrieved from /home/airflow/.local/lib/python3.12/site-packages/airflow/example_dags/example_branch_datetime_operator.py
[2025-03-08T20:34:34.778+0000] {logging_mixin.py:190} INFO - [2025-03-08T20:34:34.777+0000] {dag.py:3239} INFO - Sync 3 DAGs
[2025-03-08T20:34:34.802+0000] {logging_mixin.py:190} INFO - [2025-03-08T20:34:34.802+0000] {dag.py:4180} INFO - Setting next_dagrun for example_branch_datetime_operator to 2025-03-07 00:00:00+00:00, run_after=2025-03-08 00:00:00+00:00
[2025-03-08T20:34:34.809+0000] {logging_mixin.py:190} INFO - [2025-03-08T20:34:34.809+0000] {dag.py:4180} INFO - Setting next_dagrun for example_branch_datetime_operator_2 to 2025-03-07 00:00:00+00:00, run_after=2025-03-08 00:00:00+00:00
[2025-03-08T20:34:34.813+0000] {logging_mixin.py:190} INFO - [2025-03-08T20:34:34.813+0000] {dag.py:4180} INFO - Setting next_dagrun for example_branch_datetime_operator_3 to 2025-03-07 00:00:00+00:00, run_after=2025-03-08 00:00:00+00:00
[2025-03-08T20:34:34.832+0000] {processor.py:208} INFO - Processing /home/airflow/.local/lib/python3.12/site-packages/airflow/example_dags/example_branch_datetime_operator.py took 0.110 seconds
[2025-03-08T20:35:05.442+0000] {processor.py:186} INFO - Started process (PID=395) to work on /home/airflow/.local/lib/python3.12/site-packages/airflow/example_dags/example_branch_datetime_operator.py
[2025-03-08T20:35:05.442+0000] {processor.py:914} INFO - Processing file /home/airflow/.local/lib/python3.12/site-packages/airflow/example_dags/example_branch_datetime_operator.py for tasks to queue
[2025-03-08T20:35:05.444+0000] {logging_mixin.py:190} INFO - [2025-03-08T20:35:05.444+0000] {dagbag.py:588} INFO - Filling up the DagBag from /home/airflow/.local/lib/python3.12/site-packages/airflow/example_dags/example_branch_datetime_operator.py
[2025-03-08T20:35:05.454+0000] {processor.py:925} INFO - DAG(s) 'example_branch_datetime_operator_3', 'example_branch_datetime_operator', 'example_branch_datetime_operator_2' retrieved from /home/airflow/.local/lib/python3.12/site-packages/airflow/example_dags/example_branch_datetime_operator.py
[2025-03-08T20:35:05.480+0000] {logging_mixin.py:190} INFO - [2025-03-08T20:35:05.479+0000] {dag.py:3239} INFO - Sync 3 DAGs
[2025-03-08T20:35:05.500+0000] {logging_mixin.py:190} INFO - [2025-03-08T20:35:05.500+0000] {dag.py:4180} INFO - Setting next_dagrun for example_branch_datetime_operator to 2025-03-07 00:00:00+00:00, run_after=2025-03-08 00:00:00+00:00
[2025-03-08T20:35:05.505+0000] {logging_mixin.py:190} INFO - [2025-03-08T20:35:05.505+0000] {dag.py:4180} INFO - Setting next_dagrun for example_branch_datetime_operator_2 to 2025-03-07 00:00:00+00:00, run_after=2025-03-08 00:00:00+00:00
[2025-03-08T20:35:05.507+0000] {logging_mixin.py:190} INFO - [2025-03-08T20:35:05.507+0000] {dag.py:4180} INFO - Setting next_dagrun for example_branch_datetime_operator_3 to 2025-03-07 00:00:00+00:00, run_after=2025-03-08 00:00:00+00:00
[2025-03-08T20:35:05.520+0000] {processor.py:208} INFO - Processing /home/airflow/.local/lib/python3.12/site-packages/airflow/example_dags/example_branch_datetime_operator.py took 0.084 seconds
[2025-03-08T20:35:35.928+0000] {processor.py:186} INFO - Started process (PID=458) to work on /home/airflow/.local/lib/python3.12/site-packages/airflow/example_dags/example_branch_datetime_operator.py
[2025-03-08T20:35:35.929+0000] {processor.py:914} INFO - Processing file /home/airflow/.local/lib/python3.12/site-packages/airflow/example_dags/example_branch_datetime_operator.py for tasks to queue
[2025-03-08T20:35:35.931+0000] {logging_mixin.py:190} INFO - [2025-03-08T20:35:35.931+0000] {dagbag.py:588} INFO - Filling up the DagBag from /home/airflow/.local/lib/python3.12/site-packages/airflow/example_dags/example_branch_datetime_operator.py
[2025-03-08T20:35:35.942+0000] {processor.py:925} INFO - DAG(s) 'example_branch_datetime_operator_2', 'example_branch_datetime_operator_3', 'example_branch_datetime_operator' retrieved from /home/airflow/.local/lib/python3.12/site-packages/airflow/example_dags/example_branch_datetime_operator.py
[2025-03-08T20:35:35.964+0000] {logging_mixin.py:190} INFO - [2025-03-08T20:35:35.964+0000] {dag.py:3239} INFO - Sync 3 DAGs
[2025-03-08T20:35:35.983+0000] {logging_mixin.py:190} INFO - [2025-03-08T20:35:35.983+0000] {dag.py:4180} INFO - Setting next_dagrun for example_branch_datetime_operator to 2025-03-07 00:00:00+00:00, run_after=2025-03-08 00:00:00+00:00
[2025-03-08T20:35:35.988+0000] {logging_mixin.py:190} INFO - [2025-03-08T20:35:35.987+0000] {dag.py:4180} INFO - Setting next_dagrun for example_branch_datetime_operator_2 to 2025-03-07 00:00:00+00:00, run_after=2025-03-08 00:00:00+00:00
[2025-03-08T20:35:35.990+0000] {logging_mixin.py:190} INFO - [2025-03-08T20:35:35.990+0000] {dag.py:4180} INFO - Setting next_dagrun for example_branch_datetime_operator_3 to 2025-03-07 00:00:00+00:00, run_after=2025-03-08 00:00:00+00:00
[2025-03-08T20:35:36.002+0000] {processor.py:208} INFO - Processing /home/airflow/.local/lib/python3.12/site-packages/airflow/example_dags/example_branch_datetime_operator.py took 0.079 seconds
[2025-03-08T20:36:06.691+0000] {processor.py:186} INFO - Started process (PID=521) to work on /home/airflow/.local/lib/python3.12/site-packages/airflow/example_dags/example_branch_datetime_operator.py
[2025-03-08T20:36:06.692+0000] {processor.py:914} INFO - Processing file /home/airflow/.local/lib/python3.12/site-packages/airflow/example_dags/example_branch_datetime_operator.py for tasks to queue
[2025-03-08T20:36:06.694+0000] {logging_mixin.py:190} INFO - [2025-03-08T20:36:06.694+0000] {dagbag.py:588} INFO - Filling up the DagBag from /home/airflow/.local/lib/python3.12/site-packages/airflow/example_dags/example_branch_datetime_operator.py
[2025-03-08T20:36:06.704+0000] {processor.py:925} INFO - DAG(s) 'example_branch_datetime_operator_3', 'example_branch_datetime_operator', 'example_branch_datetime_operator_2' retrieved from /home/airflow/.local/lib/python3.12/site-packages/airflow/example_dags/example_branch_datetime_operator.py
[2025-03-08T20:36:06.724+0000] {logging_mixin.py:190} INFO - [2025-03-08T20:36:06.724+0000] {dag.py:3239} INFO - Sync 3 DAGs
[2025-03-08T20:36:06.743+0000] {logging_mixin.py:190} INFO - [2025-03-08T20:36:06.743+0000] {dag.py:4180} INFO - Setting next_dagrun for example_branch_datetime_operator to 2025-03-07 00:00:00+00:00, run_after=2025-03-08 00:00:00+00:00
[2025-03-08T20:36:06.748+0000] {logging_mixin.py:190} INFO - [2025-03-08T20:36:06.747+0000] {dag.py:4180} INFO - Setting next_dagrun for example_branch_datetime_operator_2 to 2025-03-07 00:00:00+00:00, run_after=2025-03-08 00:00:00+00:00
[2025-03-08T20:36:06.750+0000] {logging_mixin.py:190} INFO - [2025-03-08T20:36:06.750+0000] {dag.py:4180} INFO - Setting next_dagrun for example_branch_datetime_operator_3 to 2025-03-07 00:00:00+00:00, run_after=2025-03-08 00:00:00+00:00
[2025-03-08T20:36:06.765+0000] {processor.py:208} INFO - Processing /home/airflow/.local/lib/python3.12/site-packages/airflow/example_dags/example_branch_datetime_operator.py took 0.079 seconds
[2025-03-08T20:36:36.795+0000] {processor.py:186} INFO - Started process (PID=584) to work on /home/airflow/.local/lib/python3.12/site-packages/airflow/example_dags/example_branch_datetime_operator.py
[2025-03-08T20:36:36.796+0000] {processor.py:914} INFO - Processing file /home/airflow/.local/lib/python3.12/site-packages/airflow/example_dags/example_branch_datetime_operator.py for tasks to queue
[2025-03-08T20:36:36.798+0000] {logging_mixin.py:190} INFO - [2025-03-08T20:36:36.798+0000] {dagbag.py:588} INFO - Filling up the DagBag from /home/airflow/.local/lib/python3.12/site-packages/airflow/example_dags/example_branch_datetime_operator.py
[2025-03-08T20:36:36.808+0000] {processor.py:925} INFO - DAG(s) 'example_branch_datetime_operator_2', 'example_branch_datetime_operator', 'example_branch_datetime_operator_3' retrieved from /home/airflow/.local/lib/python3.12/site-packages/airflow/example_dags/example_branch_datetime_operator.py
[2025-03-08T20:36:36.830+0000] {logging_mixin.py:190} INFO - [2025-03-08T20:36:36.830+0000] {dag.py:3239} INFO - Sync 3 DAGs
[2025-03-08T20:36:36.849+0000] {logging_mixin.py:190} INFO - [2025-03-08T20:36:36.849+0000] {dag.py:4180} INFO - Setting next_dagrun for example_branch_datetime_operator to 2025-03-07 00:00:00+00:00, run_after=2025-03-08 00:00:00+00:00
[2025-03-08T20:36:36.853+0000] {logging_mixin.py:190} INFO - [2025-03-08T20:36:36.853+0000] {dag.py:4180} INFO - Setting next_dagrun for example_branch_datetime_operator_2 to 2025-03-07 00:00:00+00:00, run_after=2025-03-08 00:00:00+00:00
[2025-03-08T20:36:36.855+0000] {logging_mixin.py:190} INFO - [2025-03-08T20:36:36.855+0000] {dag.py:4180} INFO - Setting next_dagrun for example_branch_datetime_operator_3 to 2025-03-07 00:00:00+00:00, run_after=2025-03-08 00:00:00+00:00
[2025-03-08T20:36:36.869+0000] {processor.py:208} INFO - Processing /home/airflow/.local/lib/python3.12/site-packages/airflow/example_dags/example_branch_datetime_operator.py took 0.079 seconds
[2025-03-08T20:37:07.638+0000] {processor.py:186} INFO - Started process (PID=647) to work on /home/airflow/.local/lib/python3.12/site-packages/airflow/example_dags/example_branch_datetime_operator.py
[2025-03-08T20:37:07.639+0000] {processor.py:914} INFO - Processing file /home/airflow/.local/lib/python3.12/site-packages/airflow/example_dags/example_branch_datetime_operator.py for tasks to queue
[2025-03-08T20:37:07.641+0000] {logging_mixin.py:190} INFO - [2025-03-08T20:37:07.640+0000] {dagbag.py:588} INFO - Filling up the DagBag from /home/airflow/.local/lib/python3.12/site-packages/airflow/example_dags/example_branch_datetime_operator.py
[2025-03-08T20:37:07.651+0000] {processor.py:925} INFO - DAG(s) 'example_branch_datetime_operator_3', 'example_branch_datetime_operator', 'example_branch_datetime_operator_2' retrieved from /home/airflow/.local/lib/python3.12/site-packages/airflow/example_dags/example_branch_datetime_operator.py
[2025-03-08T20:37:07.672+0000] {logging_mixin.py:190} INFO - [2025-03-08T20:37:07.672+0000] {dag.py:3239} INFO - Sync 3 DAGs
[2025-03-08T20:37:07.693+0000] {logging_mixin.py:190} INFO - [2025-03-08T20:37:07.692+0000] {dag.py:4180} INFO - Setting next_dagrun for example_branch_datetime_operator to 2025-03-07 00:00:00+00:00, run_after=2025-03-08 00:00:00+00:00
[2025-03-08T20:37:07.697+0000] {logging_mixin.py:190} INFO - [2025-03-08T20:37:07.697+0000] {dag.py:4180} INFO - Setting next_dagrun for example_branch_datetime_operator_2 to 2025-03-07 00:00:00+00:00, run_after=2025-03-08 00:00:00+00:00
[2025-03-08T20:37:07.699+0000] {logging_mixin.py:190} INFO - [2025-03-08T20:37:07.699+0000] {dag.py:4180} INFO - Setting next_dagrun for example_branch_datetime_operator_3 to 2025-03-07 00:00:00+00:00, run_after=2025-03-08 00:00:00+00:00
[2025-03-08T20:37:07.715+0000] {processor.py:208} INFO - Processing /home/airflow/.local/lib/python3.12/site-packages/airflow/example_dags/example_branch_datetime_operator.py took 0.082 seconds
[2025-03-08T20:37:38.532+0000] {processor.py:186} INFO - Started process (PID=710) to work on /home/airflow/.local/lib/python3.12/site-packages/airflow/example_dags/example_branch_datetime_operator.py
[2025-03-08T20:37:38.532+0000] {processor.py:914} INFO - Processing file /home/airflow/.local/lib/python3.12/site-packages/airflow/example_dags/example_branch_datetime_operator.py for tasks to queue
[2025-03-08T20:37:38.534+0000] {logging_mixin.py:190} INFO - [2025-03-08T20:37:38.534+0000] {dagbag.py:588} INFO - Filling up the DagBag from /home/airflow/.local/lib/python3.12/site-packages/airflow/example_dags/example_branch_datetime_operator.py
[2025-03-08T20:37:38.544+0000] {processor.py:925} INFO - DAG(s) 'example_branch_datetime_operator_3', 'example_branch_datetime_operator_2', 'example_branch_datetime_operator' retrieved from /home/airflow/.local/lib/python3.12/site-packages/airflow/example_dags/example_branch_datetime_operator.py
[2025-03-08T20:37:38.570+0000] {logging_mixin.py:190} INFO - [2025-03-08T20:37:38.570+0000] {dag.py:3239} INFO - Sync 3 DAGs
[2025-03-08T20:37:38.595+0000] {logging_mixin.py:190} INFO - [2025-03-08T20:37:38.595+0000] {dag.py:4180} INFO - Setting next_dagrun for example_branch_datetime_operator to 2025-03-07 00:00:00+00:00, run_after=2025-03-08 00:00:00+00:00
[2025-03-08T20:37:38.600+0000] {logging_mixin.py:190} INFO - [2025-03-08T20:37:38.600+0000] {dag.py:4180} INFO - Setting next_dagrun for example_branch_datetime_operator_2 to 2025-03-07 00:00:00+00:00, run_after=2025-03-08 00:00:00+00:00
[2025-03-08T20:37:38.604+0000] {logging_mixin.py:190} INFO - [2025-03-08T20:37:38.604+0000] {dag.py:4180} INFO - Setting next_dagrun for example_branch_datetime_operator_3 to 2025-03-07 00:00:00+00:00, run_after=2025-03-08 00:00:00+00:00
[2025-03-08T20:37:38.619+0000] {processor.py:208} INFO - Processing /home/airflow/.local/lib/python3.12/site-packages/airflow/example_dags/example_branch_datetime_operator.py took 0.092 seconds
[2025-03-08T20:38:08.751+0000] {processor.py:186} INFO - Started process (PID=773) to work on /home/airflow/.local/lib/python3.12/site-packages/airflow/example_dags/example_branch_datetime_operator.py
[2025-03-08T20:38:08.751+0000] {processor.py:914} INFO - Processing file /home/airflow/.local/lib/python3.12/site-packages/airflow/example_dags/example_branch_datetime_operator.py for tasks to queue
[2025-03-08T20:38:08.754+0000] {logging_mixin.py:190} INFO - [2025-03-08T20:38:08.754+0000] {dagbag.py:588} INFO - Filling up the DagBag from /home/airflow/.local/lib/python3.12/site-packages/airflow/example_dags/example_branch_datetime_operator.py
[2025-03-08T20:38:08.765+0000] {processor.py:925} INFO - DAG(s) 'example_branch_datetime_operator_2', 'example_branch_datetime_operator_3', 'example_branch_datetime_operator' retrieved from /home/airflow/.local/lib/python3.12/site-packages/airflow/example_dags/example_branch_datetime_operator.py
[2025-03-08T20:38:08.789+0000] {logging_mixin.py:190} INFO - [2025-03-08T20:38:08.788+0000] {dag.py:3239} INFO - Sync 3 DAGs
[2025-03-08T20:38:08.810+0000] {logging_mixin.py:190} INFO - [2025-03-08T20:38:08.810+0000] {dag.py:4180} INFO - Setting next_dagrun for example_branch_datetime_operator to 2025-03-07 00:00:00+00:00, run_after=2025-03-08 00:00:00+00:00
[2025-03-08T20:38:08.815+0000] {logging_mixin.py:190} INFO - [2025-03-08T20:38:08.815+0000] {dag.py:4180} INFO - Setting next_dagrun for example_branch_datetime_operator_2 to 2025-03-07 00:00:00+00:00, run_after=2025-03-08 00:00:00+00:00
[2025-03-08T20:38:08.818+0000] {logging_mixin.py:190} INFO - [2025-03-08T20:38:08.818+0000] {dag.py:4180} INFO - Setting next_dagrun for example_branch_datetime_operator_3 to 2025-03-07 00:00:00+00:00, run_after=2025-03-08 00:00:00+00:00
[2025-03-08T20:38:08.835+0000] {processor.py:208} INFO - Processing /home/airflow/.local/lib/python3.12/site-packages/airflow/example_dags/example_branch_datetime_operator.py took 0.089 seconds
[2025-03-08T20:38:39.493+0000] {processor.py:186} INFO - Started process (PID=836) to work on /home/airflow/.local/lib/python3.12/site-packages/airflow/example_dags/example_branch_datetime_operator.py
[2025-03-08T20:38:39.493+0000] {processor.py:914} INFO - Processing file /home/airflow/.local/lib/python3.12/site-packages/airflow/example_dags/example_branch_datetime_operator.py for tasks to queue
[2025-03-08T20:38:39.496+0000] {logging_mixin.py:190} INFO - [2025-03-08T20:38:39.495+0000] {dagbag.py:588} INFO - Filling up the DagBag from /home/airflow/.local/lib/python3.12/site-packages/airflow/example_dags/example_branch_datetime_operator.py
[2025-03-08T20:38:39.505+0000] {processor.py:925} INFO - DAG(s) 'example_branch_datetime_operator_2', 'example_branch_datetime_operator', 'example_branch_datetime_operator_3' retrieved from /home/airflow/.local/lib/python3.12/site-packages/airflow/example_dags/example_branch_datetime_operator.py
[2025-03-08T20:38:39.530+0000] {logging_mixin.py:190} INFO - [2025-03-08T20:38:39.529+0000] {dag.py:3239} INFO - Sync 3 DAGs
[2025-03-08T20:38:39.552+0000] {logging_mixin.py:190} INFO - [2025-03-08T20:38:39.552+0000] {dag.py:4180} INFO - Setting next_dagrun for example_branch_datetime_operator to 2025-03-07 00:00:00+00:00, run_after=2025-03-08 00:00:00+00:00
[2025-03-08T20:38:39.557+0000] {logging_mixin.py:190} INFO - [2025-03-08T20:38:39.556+0000] {dag.py:4180} INFO - Setting next_dagrun for example_branch_datetime_operator_2 to 2025-03-07 00:00:00+00:00, run_after=2025-03-08 00:00:00+00:00
[2025-03-08T20:38:39.559+0000] {logging_mixin.py:190} INFO - [2025-03-08T20:38:39.559+0000] {dag.py:4180} INFO - Setting next_dagrun for example_branch_datetime_operator_3 to 2025-03-07 00:00:00+00:00, run_after=2025-03-08 00:00:00+00:00
[2025-03-08T20:38:39.576+0000] {processor.py:208} INFO - Processing /home/airflow/.local/lib/python3.12/site-packages/airflow/example_dags/example_branch_datetime_operator.py took 0.088 seconds
[2025-03-08T20:39:09.828+0000] {processor.py:186} INFO - Started process (PID=899) to work on /home/airflow/.local/lib/python3.12/site-packages/airflow/example_dags/example_branch_datetime_operator.py
[2025-03-08T20:39:09.828+0000] {processor.py:914} INFO - Processing file /home/airflow/.local/lib/python3.12/site-packages/airflow/example_dags/example_branch_datetime_operator.py for tasks to queue
[2025-03-08T20:39:09.830+0000] {logging_mixin.py:190} INFO - [2025-03-08T20:39:09.830+0000] {dagbag.py:588} INFO - Filling up the DagBag from /home/airflow/.local/lib/python3.12/site-packages/airflow/example_dags/example_branch_datetime_operator.py
[2025-03-08T20:39:09.841+0000] {processor.py:925} INFO - DAG(s) 'example_branch_datetime_operator_2', 'example_branch_datetime_operator_3', 'example_branch_datetime_operator' retrieved from /home/airflow/.local/lib/python3.12/site-packages/airflow/example_dags/example_branch_datetime_operator.py
[2025-03-08T20:39:09.864+0000] {logging_mixin.py:190} INFO - [2025-03-08T20:39:09.863+0000] {dag.py:3239} INFO - Sync 3 DAGs
[2025-03-08T20:39:09.884+0000] {logging_mixin.py:190} INFO - [2025-03-08T20:39:09.884+0000] {dag.py:4180} INFO - Setting next_dagrun for example_branch_datetime_operator to 2025-03-07 00:00:00+00:00, run_after=2025-03-08 00:00:00+00:00
[2025-03-08T20:39:09.888+0000] {logging_mixin.py:190} INFO - [2025-03-08T20:39:09.888+0000] {dag.py:4180} INFO - Setting next_dagrun for example_branch_datetime_operator_2 to 2025-03-07 00:00:00+00:00, run_after=2025-03-08 00:00:00+00:00
[2025-03-08T20:39:09.891+0000] {logging_mixin.py:190} INFO - [2025-03-08T20:39:09.891+0000] {dag.py:4180} INFO - Setting next_dagrun for example_branch_datetime_operator_3 to 2025-03-07 00:00:00+00:00, run_after=2025-03-08 00:00:00+00:00
[2025-03-08T20:39:09.906+0000] {processor.py:208} INFO - Processing /home/airflow/.local/lib/python3.12/site-packages/airflow/example_dags/example_branch_datetime_operator.py took 0.084 seconds
[2025-03-08T20:39:40.043+0000] {processor.py:186} INFO - Started process (PID=962) to work on /home/airflow/.local/lib/python3.12/site-packages/airflow/example_dags/example_branch_datetime_operator.py
[2025-03-08T20:39:40.043+0000] {processor.py:914} INFO - Processing file /home/airflow/.local/lib/python3.12/site-packages/airflow/example_dags/example_branch_datetime_operator.py for tasks to queue
[2025-03-08T20:39:40.046+0000] {logging_mixin.py:190} INFO - [2025-03-08T20:39:40.045+0000] {dagbag.py:588} INFO - Filling up the DagBag from /home/airflow/.local/lib/python3.12/site-packages/airflow/example_dags/example_branch_datetime_operator.py
[2025-03-08T20:39:40.055+0000] {processor.py:925} INFO - DAG(s) 'example_branch_datetime_operator', 'example_branch_datetime_operator_2', 'example_branch_datetime_operator_3' retrieved from /home/airflow/.local/lib/python3.12/site-packages/airflow/example_dags/example_branch_datetime_operator.py
[2025-03-08T20:39:40.077+0000] {logging_mixin.py:190} INFO - [2025-03-08T20:39:40.076+0000] {dag.py:3239} INFO - Sync 3 DAGs
[2025-03-08T20:39:40.096+0000] {logging_mixin.py:190} INFO - [2025-03-08T20:39:40.095+0000] {dag.py:4180} INFO - Setting next_dagrun for example_branch_datetime_operator to 2025-03-07 00:00:00+00:00, run_after=2025-03-08 00:00:00+00:00
[2025-03-08T20:39:40.100+0000] {logging_mixin.py:190} INFO - [2025-03-08T20:39:40.100+0000] {dag.py:4180} INFO - Setting next_dagrun for example_branch_datetime_operator_2 to 2025-03-07 00:00:00+00:00, run_after=2025-03-08 00:00:00+00:00
[2025-03-08T20:39:40.102+0000] {logging_mixin.py:190} INFO - [2025-03-08T20:39:40.102+0000] {dag.py:4180} INFO - Setting next_dagrun for example_branch_datetime_operator_3 to 2025-03-07 00:00:00+00:00, run_after=2025-03-08 00:00:00+00:00
[2025-03-08T20:39:40.116+0000] {processor.py:208} INFO - Processing /home/airflow/.local/lib/python3.12/site-packages/airflow/example_dags/example_branch_datetime_operator.py took 0.078 seconds
[2025-03-08T20:40:10.735+0000] {processor.py:186} INFO - Started process (PID=1025) to work on /home/airflow/.local/lib/python3.12/site-packages/airflow/example_dags/example_branch_datetime_operator.py
[2025-03-08T20:40:10.736+0000] {processor.py:914} INFO - Processing file /home/airflow/.local/lib/python3.12/site-packages/airflow/example_dags/example_branch_datetime_operator.py for tasks to queue
[2025-03-08T20:40:10.739+0000] {logging_mixin.py:190} INFO - [2025-03-08T20:40:10.739+0000] {dagbag.py:588} INFO - Filling up the DagBag from /home/airflow/.local/lib/python3.12/site-packages/airflow/example_dags/example_branch_datetime_operator.py
[2025-03-08T20:40:10.751+0000] {processor.py:925} INFO - DAG(s) 'example_branch_datetime_operator', 'example_branch_datetime_operator_3', 'example_branch_datetime_operator_2' retrieved from /home/airflow/.local/lib/python3.12/site-packages/airflow/example_dags/example_branch_datetime_operator.py
[2025-03-08T20:40:10.779+0000] {logging_mixin.py:190} INFO - [2025-03-08T20:40:10.779+0000] {dag.py:3239} INFO - Sync 3 DAGs
[2025-03-08T20:40:10.799+0000] {logging_mixin.py:190} INFO - [2025-03-08T20:40:10.799+0000] {dag.py:4180} INFO - Setting next_dagrun for example_branch_datetime_operator to 2025-03-07 00:00:00+00:00, run_after=2025-03-08 00:00:00+00:00
[2025-03-08T20:40:10.803+0000] {logging_mixin.py:190} INFO - [2025-03-08T20:40:10.803+0000] {dag.py:4180} INFO - Setting next_dagrun for example_branch_datetime_operator_2 to 2025-03-07 00:00:00+00:00, run_after=2025-03-08 00:00:00+00:00
[2025-03-08T20:40:10.805+0000] {logging_mixin.py:190} INFO - [2025-03-08T20:40:10.805+0000] {dag.py:4180} INFO - Setting next_dagrun for example_branch_datetime_operator_3 to 2025-03-07 00:00:00+00:00, run_after=2025-03-08 00:00:00+00:00
[2025-03-08T20:40:10.818+0000] {processor.py:208} INFO - Processing /home/airflow/.local/lib/python3.12/site-packages/airflow/example_dags/example_branch_datetime_operator.py took 0.088 seconds
[2025-03-08T20:40:41.178+0000] {processor.py:186} INFO - Started process (PID=1088) to work on /home/airflow/.local/lib/python3.12/site-packages/airflow/example_dags/example_branch_datetime_operator.py
[2025-03-08T20:40:41.179+0000] {processor.py:914} INFO - Processing file /home/airflow/.local/lib/python3.12/site-packages/airflow/example_dags/example_branch_datetime_operator.py for tasks to queue
[2025-03-08T20:40:41.181+0000] {logging_mixin.py:190} INFO - [2025-03-08T20:40:41.181+0000] {dagbag.py:588} INFO - Filling up the DagBag from /home/airflow/.local/lib/python3.12/site-packages/airflow/example_dags/example_branch_datetime_operator.py
[2025-03-08T20:40:41.192+0000] {processor.py:925} INFO - DAG(s) 'example_branch_datetime_operator_2', 'example_branch_datetime_operator_3', 'example_branch_datetime_operator' retrieved from /home/airflow/.local/lib/python3.12/site-packages/airflow/example_dags/example_branch_datetime_operator.py
[2025-03-08T20:40:41.214+0000] {logging_mixin.py:190} INFO - [2025-03-08T20:40:41.213+0000] {dag.py:3239} INFO - Sync 3 DAGs
[2025-03-08T20:40:41.235+0000] {logging_mixin.py:190} INFO - [2025-03-08T20:40:41.234+0000] {dag.py:4180} INFO - Setting next_dagrun for example_branch_datetime_operator to 2025-03-07 00:00:00+00:00, run_after=2025-03-08 00:00:00+00:00
[2025-03-08T20:40:41.239+0000] {logging_mixin.py:190} INFO - [2025-03-08T20:40:41.239+0000] {dag.py:4180} INFO - Setting next_dagrun for example_branch_datetime_operator_2 to 2025-03-07 00:00:00+00:00, run_after=2025-03-08 00:00:00+00:00
[2025-03-08T20:40:41.241+0000] {logging_mixin.py:190} INFO - [2025-03-08T20:40:41.241+0000] {dag.py:4180} INFO - Setting next_dagrun for example_branch_datetime_operator_3 to 2025-03-07 00:00:00+00:00, run_after=2025-03-08 00:00:00+00:00
[2025-03-08T20:40:41.254+0000] {processor.py:208} INFO - Processing /home/airflow/.local/lib/python3.12/site-packages/airflow/example_dags/example_branch_datetime_operator.py took 0.082 seconds
[2025-03-08T20:41:11.709+0000] {processor.py:186} INFO - Started process (PID=1151) to work on /home/airflow/.local/lib/python3.12/site-packages/airflow/example_dags/example_branch_datetime_operator.py
[2025-03-08T20:41:11.710+0000] {processor.py:914} INFO - Processing file /home/airflow/.local/lib/python3.12/site-packages/airflow/example_dags/example_branch_datetime_operator.py for tasks to queue
[2025-03-08T20:41:11.712+0000] {logging_mixin.py:190} INFO - [2025-03-08T20:41:11.712+0000] {dagbag.py:588} INFO - Filling up the DagBag from /home/airflow/.local/lib/python3.12/site-packages/airflow/example_dags/example_branch_datetime_operator.py
[2025-03-08T20:41:11.722+0000] {processor.py:925} INFO - DAG(s) 'example_branch_datetime_operator_2', 'example_branch_datetime_operator_3', 'example_branch_datetime_operator' retrieved from /home/airflow/.local/lib/python3.12/site-packages/airflow/example_dags/example_branch_datetime_operator.py
[2025-03-08T20:41:11.743+0000] {logging_mixin.py:190} INFO - [2025-03-08T20:41:11.743+0000] {dag.py:3239} INFO - Sync 3 DAGs
[2025-03-08T20:41:11.764+0000] {logging_mixin.py:190} INFO - [2025-03-08T20:41:11.764+0000] {dag.py:4180} INFO - Setting next_dagrun for example_branch_datetime_operator to 2025-03-07 00:00:00+00:00, run_after=2025-03-08 00:00:00+00:00
[2025-03-08T20:41:11.769+0000] {logging_mixin.py:190} INFO - [2025-03-08T20:41:11.769+0000] {dag.py:4180} INFO - Setting next_dagrun for example_branch_datetime_operator_2 to 2025-03-07 00:00:00+00:00, run_after=2025-03-08 00:00:00+00:00
[2025-03-08T20:41:11.772+0000] {logging_mixin.py:190} INFO - [2025-03-08T20:41:11.771+0000] {dag.py:4180} INFO - Setting next_dagrun for example_branch_datetime_operator_3 to 2025-03-07 00:00:00+00:00, run_after=2025-03-08 00:00:00+00:00
[2025-03-08T20:41:11.785+0000] {processor.py:208} INFO - Processing /home/airflow/.local/lib/python3.12/site-packages/airflow/example_dags/example_branch_datetime_operator.py took 0.081 seconds
[2025-03-08T20:41:41.824+0000] {processor.py:186} INFO - Started process (PID=1214) to work on /home/airflow/.local/lib/python3.12/site-packages/airflow/example_dags/example_branch_datetime_operator.py
[2025-03-08T20:41:41.825+0000] {processor.py:914} INFO - Processing file /home/airflow/.local/lib/python3.12/site-packages/airflow/example_dags/example_branch_datetime_operator.py for tasks to queue
[2025-03-08T20:41:41.827+0000] {logging_mixin.py:190} INFO - [2025-03-08T20:41:41.827+0000] {dagbag.py:588} INFO - Filling up the DagBag from /home/airflow/.local/lib/python3.12/site-packages/airflow/example_dags/example_branch_datetime_operator.py
[2025-03-08T20:41:41.838+0000] {processor.py:925} INFO - DAG(s) 'example_branch_datetime_operator_3', 'example_branch_datetime_operator_2', 'example_branch_datetime_operator' retrieved from /home/airflow/.local/lib/python3.12/site-packages/airflow/example_dags/example_branch_datetime_operator.py
[2025-03-08T20:41:41.859+0000] {logging_mixin.py:190} INFO - [2025-03-08T20:41:41.858+0000] {dag.py:3239} INFO - Sync 3 DAGs
[2025-03-08T20:41:41.879+0000] {logging_mixin.py:190} INFO - [2025-03-08T20:41:41.878+0000] {dag.py:4180} INFO - Setting next_dagrun for example_branch_datetime_operator to 2025-03-07 00:00:00+00:00, run_after=2025-03-08 00:00:00+00:00
[2025-03-08T20:41:41.883+0000] {logging_mixin.py:190} INFO - [2025-03-08T20:41:41.883+0000] {dag.py:4180} INFO - Setting next_dagrun for example_branch_datetime_operator_2 to 2025-03-07 00:00:00+00:00, run_after=2025-03-08 00:00:00+00:00
[2025-03-08T20:41:41.886+0000] {logging_mixin.py:190} INFO - [2025-03-08T20:41:41.886+0000] {dag.py:4180} INFO - Setting next_dagrun for example_branch_datetime_operator_3 to 2025-03-07 00:00:00+00:00, run_after=2025-03-08 00:00:00+00:00
[2025-03-08T20:41:41.900+0000] {processor.py:208} INFO - Processing /home/airflow/.local/lib/python3.12/site-packages/airflow/example_dags/example_branch_datetime_operator.py took 0.080 seconds
[2025-03-08T20:42:12.428+0000] {processor.py:186} INFO - Started process (PID=1277) to work on /home/airflow/.local/lib/python3.12/site-packages/airflow/example_dags/example_branch_datetime_operator.py
[2025-03-08T20:42:12.429+0000] {processor.py:914} INFO - Processing file /home/airflow/.local/lib/python3.12/site-packages/airflow/example_dags/example_branch_datetime_operator.py for tasks to queue
[2025-03-08T20:42:12.432+0000] {logging_mixin.py:190} INFO - [2025-03-08T20:42:12.431+0000] {dagbag.py:588} INFO - Filling up the DagBag from /home/airflow/.local/lib/python3.12/site-packages/airflow/example_dags/example_branch_datetime_operator.py
[2025-03-08T20:42:12.442+0000] {processor.py:925} INFO - DAG(s) 'example_branch_datetime_operator_2', 'example_branch_datetime_operator', 'example_branch_datetime_operator_3' retrieved from /home/airflow/.local/lib/python3.12/site-packages/airflow/example_dags/example_branch_datetime_operator.py
[2025-03-08T20:42:12.463+0000] {logging_mixin.py:190} INFO - [2025-03-08T20:42:12.463+0000] {dag.py:3239} INFO - Sync 3 DAGs
[2025-03-08T20:42:12.487+0000] {logging_mixin.py:190} INFO - [2025-03-08T20:42:12.487+0000] {dag.py:4180} INFO - Setting next_dagrun for example_branch_datetime_operator to 2025-03-07 00:00:00+00:00, run_after=2025-03-08 00:00:00+00:00
[2025-03-08T20:42:12.492+0000] {logging_mixin.py:190} INFO - [2025-03-08T20:42:12.491+0000] {dag.py:4180} INFO - Setting next_dagrun for example_branch_datetime_operator_2 to 2025-03-07 00:00:00+00:00, run_after=2025-03-08 00:00:00+00:00
[2025-03-08T20:42:12.494+0000] {logging_mixin.py:190} INFO - [2025-03-08T20:42:12.494+0000] {dag.py:4180} INFO - Setting next_dagrun for example_branch_datetime_operator_3 to 2025-03-07 00:00:00+00:00, run_after=2025-03-08 00:00:00+00:00
[2025-03-08T20:42:12.509+0000] {processor.py:208} INFO - Processing /home/airflow/.local/lib/python3.12/site-packages/airflow/example_dags/example_branch_datetime_operator.py took 0.086 seconds
[2025-03-08T20:42:43.053+0000] {processor.py:186} INFO - Started process (PID=1340) to work on /home/airflow/.local/lib/python3.12/site-packages/airflow/example_dags/example_branch_datetime_operator.py
[2025-03-08T20:42:43.054+0000] {processor.py:914} INFO - Processing file /home/airflow/.local/lib/python3.12/site-packages/airflow/example_dags/example_branch_datetime_operator.py for tasks to queue
[2025-03-08T20:42:43.056+0000] {logging_mixin.py:190} INFO - [2025-03-08T20:42:43.056+0000] {dagbag.py:588} INFO - Filling up the DagBag from /home/airflow/.local/lib/python3.12/site-packages/airflow/example_dags/example_branch_datetime_operator.py
[2025-03-08T20:42:43.067+0000] {processor.py:925} INFO - DAG(s) 'example_branch_datetime_operator_3', 'example_branch_datetime_operator', 'example_branch_datetime_operator_2' retrieved from /home/airflow/.local/lib/python3.12/site-packages/airflow/example_dags/example_branch_datetime_operator.py
[2025-03-08T20:42:43.091+0000] {logging_mixin.py:190} INFO - [2025-03-08T20:42:43.091+0000] {dag.py:3239} INFO - Sync 3 DAGs
[2025-03-08T20:42:43.114+0000] {logging_mixin.py:190} INFO - [2025-03-08T20:42:43.114+0000] {dag.py:4180} INFO - Setting next_dagrun for example_branch_datetime_operator to 2025-03-07 00:00:00+00:00, run_after=2025-03-08 00:00:00+00:00
[2025-03-08T20:42:43.119+0000] {logging_mixin.py:190} INFO - [2025-03-08T20:42:43.119+0000] {dag.py:4180} INFO - Setting next_dagrun for example_branch_datetime_operator_2 to 2025-03-07 00:00:00+00:00, run_after=2025-03-08 00:00:00+00:00
[2025-03-08T20:42:43.122+0000] {logging_mixin.py:190} INFO - [2025-03-08T20:42:43.122+0000] {dag.py:4180} INFO - Setting next_dagrun for example_branch_datetime_operator_3 to 2025-03-07 00:00:00+00:00, run_after=2025-03-08 00:00:00+00:00
[2025-03-08T20:42:43.138+0000] {processor.py:208} INFO - Processing /home/airflow/.local/lib/python3.12/site-packages/airflow/example_dags/example_branch_datetime_operator.py took 0.091 seconds
[2025-03-08T20:43:13.794+0000] {processor.py:186} INFO - Started process (PID=1403) to work on /home/airflow/.local/lib/python3.12/site-packages/airflow/example_dags/example_branch_datetime_operator.py
[2025-03-08T20:43:13.795+0000] {processor.py:914} INFO - Processing file /home/airflow/.local/lib/python3.12/site-packages/airflow/example_dags/example_branch_datetime_operator.py for tasks to queue
[2025-03-08T20:43:13.798+0000] {logging_mixin.py:190} INFO - [2025-03-08T20:43:13.797+0000] {dagbag.py:588} INFO - Filling up the DagBag from /home/airflow/.local/lib/python3.12/site-packages/airflow/example_dags/example_branch_datetime_operator.py
[2025-03-08T20:43:13.812+0000] {processor.py:925} INFO - DAG(s) 'example_branch_datetime_operator', 'example_branch_datetime_operator_2', 'example_branch_datetime_operator_3' retrieved from /home/airflow/.local/lib/python3.12/site-packages/airflow/example_dags/example_branch_datetime_operator.py
[2025-03-08T20:43:13.836+0000] {logging_mixin.py:190} INFO - [2025-03-08T20:43:13.836+0000] {dag.py:3239} INFO - Sync 3 DAGs
[2025-03-08T20:43:13.856+0000] {logging_mixin.py:190} INFO - [2025-03-08T20:43:13.856+0000] {dag.py:4180} INFO - Setting next_dagrun for example_branch_datetime_operator to 2025-03-07 00:00:00+00:00, run_after=2025-03-08 00:00:00+00:00
[2025-03-08T20:43:13.861+0000] {logging_mixin.py:190} INFO - [2025-03-08T20:43:13.860+0000] {dag.py:4180} INFO - Setting next_dagrun for example_branch_datetime_operator_2 to 2025-03-07 00:00:00+00:00, run_after=2025-03-08 00:00:00+00:00
[2025-03-08T20:43:13.863+0000] {logging_mixin.py:190} INFO - [2025-03-08T20:43:13.863+0000] {dag.py:4180} INFO - Setting next_dagrun for example_branch_datetime_operator_3 to 2025-03-07 00:00:00+00:00, run_after=2025-03-08 00:00:00+00:00
[2025-03-08T20:43:13.878+0000] {processor.py:208} INFO - Processing /home/airflow/.local/lib/python3.12/site-packages/airflow/example_dags/example_branch_datetime_operator.py took 0.089 seconds
[2025-03-08T20:43:44.216+0000] {processor.py:186} INFO - Started process (PID=1466) to work on /home/airflow/.local/lib/python3.12/site-packages/airflow/example_dags/example_branch_datetime_operator.py
[2025-03-08T20:43:44.217+0000] {processor.py:914} INFO - Processing file /home/airflow/.local/lib/python3.12/site-packages/airflow/example_dags/example_branch_datetime_operator.py for tasks to queue
[2025-03-08T20:43:44.219+0000] {logging_mixin.py:190} INFO - [2025-03-08T20:43:44.218+0000] {dagbag.py:588} INFO - Filling up the DagBag from /home/airflow/.local/lib/python3.12/site-packages/airflow/example_dags/example_branch_datetime_operator.py
[2025-03-08T20:43:44.228+0000] {processor.py:925} INFO - DAG(s) 'example_branch_datetime_operator_3', 'example_branch_datetime_operator', 'example_branch_datetime_operator_2' retrieved from /home/airflow/.local/lib/python3.12/site-packages/airflow/example_dags/example_branch_datetime_operator.py
[2025-03-08T20:43:44.251+0000] {logging_mixin.py:190} INFO - [2025-03-08T20:43:44.251+0000] {dag.py:3239} INFO - Sync 3 DAGs
[2025-03-08T20:43:44.272+0000] {logging_mixin.py:190} INFO - [2025-03-08T20:43:44.272+0000] {dag.py:4180} INFO - Setting next_dagrun for example_branch_datetime_operator to 2025-03-07 00:00:00+00:00, run_after=2025-03-08 00:00:00+00:00
[2025-03-08T20:43:44.276+0000] {logging_mixin.py:190} INFO - [2025-03-08T20:43:44.276+0000] {dag.py:4180} INFO - Setting next_dagrun for example_branch_datetime_operator_2 to 2025-03-07 00:00:00+00:00, run_after=2025-03-08 00:00:00+00:00
[2025-03-08T20:43:44.279+0000] {logging_mixin.py:190} INFO - [2025-03-08T20:43:44.279+0000] {dag.py:4180} INFO - Setting next_dagrun for example_branch_datetime_operator_3 to 2025-03-07 00:00:00+00:00, run_after=2025-03-08 00:00:00+00:00
[2025-03-08T20:43:44.295+0000] {processor.py:208} INFO - Processing /home/airflow/.local/lib/python3.12/site-packages/airflow/example_dags/example_branch_datetime_operator.py took 0.084 seconds
[2025-03-08T20:44:14.774+0000] {processor.py:186} INFO - Started process (PID=1529) to work on /home/airflow/.local/lib/python3.12/site-packages/airflow/example_dags/example_branch_datetime_operator.py
[2025-03-08T20:44:14.775+0000] {processor.py:914} INFO - Processing file /home/airflow/.local/lib/python3.12/site-packages/airflow/example_dags/example_branch_datetime_operator.py for tasks to queue
[2025-03-08T20:44:14.780+0000] {logging_mixin.py:190} INFO - [2025-03-08T20:44:14.779+0000] {dagbag.py:588} INFO - Filling up the DagBag from /home/airflow/.local/lib/python3.12/site-packages/airflow/example_dags/example_branch_datetime_operator.py
[2025-03-08T20:44:14.791+0000] {processor.py:925} INFO - DAG(s) 'example_branch_datetime_operator_2', 'example_branch_datetime_operator_3', 'example_branch_datetime_operator' retrieved from /home/airflow/.local/lib/python3.12/site-packages/airflow/example_dags/example_branch_datetime_operator.py
[2025-03-08T20:44:14.816+0000] {logging_mixin.py:190} INFO - [2025-03-08T20:44:14.815+0000] {dag.py:3239} INFO - Sync 3 DAGs
[2025-03-08T20:44:14.838+0000] {logging_mixin.py:190} INFO - [2025-03-08T20:44:14.838+0000] {dag.py:4180} INFO - Setting next_dagrun for example_branch_datetime_operator to 2025-03-07 00:00:00+00:00, run_after=2025-03-08 00:00:00+00:00
[2025-03-08T20:44:14.843+0000] {logging_mixin.py:190} INFO - [2025-03-08T20:44:14.842+0000] {dag.py:4180} INFO - Setting next_dagrun for example_branch_datetime_operator_2 to 2025-03-07 00:00:00+00:00, run_after=2025-03-08 00:00:00+00:00
[2025-03-08T20:44:14.845+0000] {logging_mixin.py:190} INFO - [2025-03-08T20:44:14.844+0000] {dag.py:4180} INFO - Setting next_dagrun for example_branch_datetime_operator_3 to 2025-03-07 00:00:00+00:00, run_after=2025-03-08 00:00:00+00:00
[2025-03-08T20:44:14.857+0000] {processor.py:208} INFO - Processing /home/airflow/.local/lib/python3.12/site-packages/airflow/example_dags/example_branch_datetime_operator.py took 0.090 seconds
[2025-03-08T20:44:45.470+0000] {processor.py:186} INFO - Started process (PID=1592) to work on /home/airflow/.local/lib/python3.12/site-packages/airflow/example_dags/example_branch_datetime_operator.py
[2025-03-08T20:44:45.470+0000] {processor.py:914} INFO - Processing file /home/airflow/.local/lib/python3.12/site-packages/airflow/example_dags/example_branch_datetime_operator.py for tasks to queue
[2025-03-08T20:44:45.472+0000] {logging_mixin.py:190} INFO - [2025-03-08T20:44:45.472+0000] {dagbag.py:588} INFO - Filling up the DagBag from /home/airflow/.local/lib/python3.12/site-packages/airflow/example_dags/example_branch_datetime_operator.py
[2025-03-08T20:44:45.484+0000] {processor.py:925} INFO - DAG(s) 'example_branch_datetime_operator_3', 'example_branch_datetime_operator', 'example_branch_datetime_operator_2' retrieved from /home/airflow/.local/lib/python3.12/site-packages/airflow/example_dags/example_branch_datetime_operator.py
[2025-03-08T20:44:45.507+0000] {logging_mixin.py:190} INFO - [2025-03-08T20:44:45.507+0000] {dag.py:3239} INFO - Sync 3 DAGs
[2025-03-08T20:44:45.528+0000] {logging_mixin.py:190} INFO - [2025-03-08T20:44:45.528+0000] {dag.py:4180} INFO - Setting next_dagrun for example_branch_datetime_operator to 2025-03-07 00:00:00+00:00, run_after=2025-03-08 00:00:00+00:00
[2025-03-08T20:44:45.533+0000] {logging_mixin.py:190} INFO - [2025-03-08T20:44:45.532+0000] {dag.py:4180} INFO - Setting next_dagrun for example_branch_datetime_operator_2 to 2025-03-07 00:00:00+00:00, run_after=2025-03-08 00:00:00+00:00
[2025-03-08T20:44:45.535+0000] {logging_mixin.py:190} INFO - [2025-03-08T20:44:45.535+0000] {dag.py:4180} INFO - Setting next_dagrun for example_branch_datetime_operator_3 to 2025-03-07 00:00:00+00:00, run_after=2025-03-08 00:00:00+00:00
[2025-03-08T20:44:45.549+0000] {processor.py:208} INFO - Processing /home/airflow/.local/lib/python3.12/site-packages/airflow/example_dags/example_branch_datetime_operator.py took 0.085 seconds
[2025-03-08T20:45:15.958+0000] {processor.py:186} INFO - Started process (PID=1655) to work on /home/airflow/.local/lib/python3.12/site-packages/airflow/example_dags/example_branch_datetime_operator.py
[2025-03-08T20:45:15.959+0000] {processor.py:914} INFO - Processing file /home/airflow/.local/lib/python3.12/site-packages/airflow/example_dags/example_branch_datetime_operator.py for tasks to queue
[2025-03-08T20:45:15.961+0000] {logging_mixin.py:190} INFO - [2025-03-08T20:45:15.961+0000] {dagbag.py:588} INFO - Filling up the DagBag from /home/airflow/.local/lib/python3.12/site-packages/airflow/example_dags/example_branch_datetime_operator.py
[2025-03-08T20:45:15.971+0000] {processor.py:925} INFO - DAG(s) 'example_branch_datetime_operator', 'example_branch_datetime_operator_2', 'example_branch_datetime_operator_3' retrieved from /home/airflow/.local/lib/python3.12/site-packages/airflow/example_dags/example_branch_datetime_operator.py
[2025-03-08T20:45:15.994+0000] {logging_mixin.py:190} INFO - [2025-03-08T20:45:15.994+0000] {dag.py:3239} INFO - Sync 3 DAGs
[2025-03-08T20:45:16.014+0000] {logging_mixin.py:190} INFO - [2025-03-08T20:45:16.013+0000] {dag.py:4180} INFO - Setting next_dagrun for example_branch_datetime_operator to 2025-03-07 00:00:00+00:00, run_after=2025-03-08 00:00:00+00:00
[2025-03-08T20:45:16.018+0000] {logging_mixin.py:190} INFO - [2025-03-08T20:45:16.018+0000] {dag.py:4180} INFO - Setting next_dagrun for example_branch_datetime_operator_2 to 2025-03-07 00:00:00+00:00, run_after=2025-03-08 00:00:00+00:00
[2025-03-08T20:45:16.021+0000] {logging_mixin.py:190} INFO - [2025-03-08T20:45:16.021+0000] {dag.py:4180} INFO - Setting next_dagrun for example_branch_datetime_operator_3 to 2025-03-07 00:00:00+00:00, run_after=2025-03-08 00:00:00+00:00
[2025-03-08T20:45:16.034+0000] {processor.py:208} INFO - Processing /home/airflow/.local/lib/python3.12/site-packages/airflow/example_dags/example_branch_datetime_operator.py took 0.081 seconds
[2025-03-08T20:45:46.503+0000] {processor.py:186} INFO - Started process (PID=1718) to work on /home/airflow/.local/lib/python3.12/site-packages/airflow/example_dags/example_branch_datetime_operator.py
[2025-03-08T20:45:46.504+0000] {processor.py:914} INFO - Processing file /home/airflow/.local/lib/python3.12/site-packages/airflow/example_dags/example_branch_datetime_operator.py for tasks to queue
[2025-03-08T20:45:46.506+0000] {logging_mixin.py:190} INFO - [2025-03-08T20:45:46.505+0000] {dagbag.py:588} INFO - Filling up the DagBag from /home/airflow/.local/lib/python3.12/site-packages/airflow/example_dags/example_branch_datetime_operator.py
[2025-03-08T20:45:46.516+0000] {processor.py:925} INFO - DAG(s) 'example_branch_datetime_operator', 'example_branch_datetime_operator_3', 'example_branch_datetime_operator_2' retrieved from /home/airflow/.local/lib/python3.12/site-packages/airflow/example_dags/example_branch_datetime_operator.py
[2025-03-08T20:45:46.544+0000] {logging_mixin.py:190} INFO - [2025-03-08T20:45:46.544+0000] {dag.py:3239} INFO - Sync 3 DAGs
[2025-03-08T20:45:46.565+0000] {logging_mixin.py:190} INFO - [2025-03-08T20:45:46.564+0000] {dag.py:4180} INFO - Setting next_dagrun for example_branch_datetime_operator to 2025-03-07 00:00:00+00:00, run_after=2025-03-08 00:00:00+00:00
[2025-03-08T20:45:46.569+0000] {logging_mixin.py:190} INFO - [2025-03-08T20:45:46.569+0000] {dag.py:4180} INFO - Setting next_dagrun for example_branch_datetime_operator_2 to 2025-03-07 00:00:00+00:00, run_after=2025-03-08 00:00:00+00:00
[2025-03-08T20:45:46.571+0000] {logging_mixin.py:190} INFO - [2025-03-08T20:45:46.571+0000] {dag.py:4180} INFO - Setting next_dagrun for example_branch_datetime_operator_3 to 2025-03-07 00:00:00+00:00, run_after=2025-03-08 00:00:00+00:00
[2025-03-08T20:45:46.585+0000] {processor.py:208} INFO - Processing /home/airflow/.local/lib/python3.12/site-packages/airflow/example_dags/example_branch_datetime_operator.py took 0.087 seconds
[2025-03-08T20:46:16.936+0000] {processor.py:186} INFO - Started process (PID=1781) to work on /home/airflow/.local/lib/python3.12/site-packages/airflow/example_dags/example_branch_datetime_operator.py
[2025-03-08T20:46:16.937+0000] {processor.py:914} INFO - Processing file /home/airflow/.local/lib/python3.12/site-packages/airflow/example_dags/example_branch_datetime_operator.py for tasks to queue
[2025-03-08T20:46:16.939+0000] {logging_mixin.py:190} INFO - [2025-03-08T20:46:16.939+0000] {dagbag.py:588} INFO - Filling up the DagBag from /home/airflow/.local/lib/python3.12/site-packages/airflow/example_dags/example_branch_datetime_operator.py
[2025-03-08T20:46:16.949+0000] {processor.py:925} INFO - DAG(s) 'example_branch_datetime_operator_2', 'example_branch_datetime_operator', 'example_branch_datetime_operator_3' retrieved from /home/airflow/.local/lib/python3.12/site-packages/airflow/example_dags/example_branch_datetime_operator.py
[2025-03-08T20:46:16.970+0000] {logging_mixin.py:190} INFO - [2025-03-08T20:46:16.970+0000] {dag.py:3239} INFO - Sync 3 DAGs
[2025-03-08T20:46:16.992+0000] {logging_mixin.py:190} INFO - [2025-03-08T20:46:16.991+0000] {dag.py:4180} INFO - Setting next_dagrun for example_branch_datetime_operator to 2025-03-07 00:00:00+00:00, run_after=2025-03-08 00:00:00+00:00
[2025-03-08T20:46:16.996+0000] {logging_mixin.py:190} INFO - [2025-03-08T20:46:16.996+0000] {dag.py:4180} INFO - Setting next_dagrun for example_branch_datetime_operator_2 to 2025-03-07 00:00:00+00:00, run_after=2025-03-08 00:00:00+00:00
[2025-03-08T20:46:16.999+0000] {logging_mixin.py:190} INFO - [2025-03-08T20:46:16.998+0000] {dag.py:4180} INFO - Setting next_dagrun for example_branch_datetime_operator_3 to 2025-03-07 00:00:00+00:00, run_after=2025-03-08 00:00:00+00:00
[2025-03-08T20:46:17.010+0000] {processor.py:208} INFO - Processing /home/airflow/.local/lib/python3.12/site-packages/airflow/example_dags/example_branch_datetime_operator.py took 0.079 seconds
[2025-03-08T20:46:47.789+0000] {processor.py:186} INFO - Started process (PID=1844) to work on /home/airflow/.local/lib/python3.12/site-packages/airflow/example_dags/example_branch_datetime_operator.py
[2025-03-08T20:46:47.790+0000] {processor.py:914} INFO - Processing file /home/airflow/.local/lib/python3.12/site-packages/airflow/example_dags/example_branch_datetime_operator.py for tasks to queue
[2025-03-08T20:46:47.792+0000] {logging_mixin.py:190} INFO - [2025-03-08T20:46:47.791+0000] {dagbag.py:588} INFO - Filling up the DagBag from /home/airflow/.local/lib/python3.12/site-packages/airflow/example_dags/example_branch_datetime_operator.py
[2025-03-08T20:46:47.802+0000] {processor.py:925} INFO - DAG(s) 'example_branch_datetime_operator_2', 'example_branch_datetime_operator_3', 'example_branch_datetime_operator' retrieved from /home/airflow/.local/lib/python3.12/site-packages/airflow/example_dags/example_branch_datetime_operator.py
[2025-03-08T20:46:47.823+0000] {logging_mixin.py:190} INFO - [2025-03-08T20:46:47.823+0000] {dag.py:3239} INFO - Sync 3 DAGs
[2025-03-08T20:46:47.844+0000] {logging_mixin.py:190} INFO - [2025-03-08T20:46:47.843+0000] {dag.py:4180} INFO - Setting next_dagrun for example_branch_datetime_operator to 2025-03-07 00:00:00+00:00, run_after=2025-03-08 00:00:00+00:00
[2025-03-08T20:46:47.848+0000] {logging_mixin.py:190} INFO - [2025-03-08T20:46:47.848+0000] {dag.py:4180} INFO - Setting next_dagrun for example_branch_datetime_operator_2 to 2025-03-07 00:00:00+00:00, run_after=2025-03-08 00:00:00+00:00
[2025-03-08T20:46:47.850+0000] {logging_mixin.py:190} INFO - [2025-03-08T20:46:47.850+0000] {dag.py:4180} INFO - Setting next_dagrun for example_branch_datetime_operator_3 to 2025-03-07 00:00:00+00:00, run_after=2025-03-08 00:00:00+00:00
[2025-03-08T20:46:47.865+0000] {processor.py:208} INFO - Processing /home/airflow/.local/lib/python3.12/site-packages/airflow/example_dags/example_branch_datetime_operator.py took 0.081 seconds
[2025-03-08T20:47:18.152+0000] {processor.py:186} INFO - Started process (PID=1907) to work on /home/airflow/.local/lib/python3.12/site-packages/airflow/example_dags/example_branch_datetime_operator.py
[2025-03-08T20:47:18.152+0000] {processor.py:914} INFO - Processing file /home/airflow/.local/lib/python3.12/site-packages/airflow/example_dags/example_branch_datetime_operator.py for tasks to queue
[2025-03-08T20:47:18.154+0000] {logging_mixin.py:190} INFO - [2025-03-08T20:47:18.154+0000] {dagbag.py:588} INFO - Filling up the DagBag from /home/airflow/.local/lib/python3.12/site-packages/airflow/example_dags/example_branch_datetime_operator.py
[2025-03-08T20:47:18.166+0000] {processor.py:925} INFO - DAG(s) 'example_branch_datetime_operator_2', 'example_branch_datetime_operator_3', 'example_branch_datetime_operator' retrieved from /home/airflow/.local/lib/python3.12/site-packages/airflow/example_dags/example_branch_datetime_operator.py
[2025-03-08T20:47:18.189+0000] {logging_mixin.py:190} INFO - [2025-03-08T20:47:18.188+0000] {dag.py:3239} INFO - Sync 3 DAGs
[2025-03-08T20:47:18.209+0000] {logging_mixin.py:190} INFO - [2025-03-08T20:47:18.208+0000] {dag.py:4180} INFO - Setting next_dagrun for example_branch_datetime_operator to 2025-03-07 00:00:00+00:00, run_after=2025-03-08 00:00:00+00:00
[2025-03-08T20:47:18.212+0000] {logging_mixin.py:190} INFO - [2025-03-08T20:47:18.212+0000] {dag.py:4180} INFO - Setting next_dagrun for example_branch_datetime_operator_2 to 2025-03-07 00:00:00+00:00, run_after=2025-03-08 00:00:00+00:00
[2025-03-08T20:47:18.215+0000] {logging_mixin.py:190} INFO - [2025-03-08T20:47:18.214+0000] {dag.py:4180} INFO - Setting next_dagrun for example_branch_datetime_operator_3 to 2025-03-07 00:00:00+00:00, run_after=2025-03-08 00:00:00+00:00
[2025-03-08T20:47:18.229+0000] {processor.py:208} INFO - Processing /home/airflow/.local/lib/python3.12/site-packages/airflow/example_dags/example_branch_datetime_operator.py took 0.082 seconds
[2025-03-08T20:47:48.341+0000] {processor.py:186} INFO - Started process (PID=1970) to work on /home/airflow/.local/lib/python3.12/site-packages/airflow/example_dags/example_branch_datetime_operator.py
[2025-03-08T20:47:48.342+0000] {processor.py:914} INFO - Processing file /home/airflow/.local/lib/python3.12/site-packages/airflow/example_dags/example_branch_datetime_operator.py for tasks to queue
[2025-03-08T20:47:48.344+0000] {logging_mixin.py:190} INFO - [2025-03-08T20:47:48.344+0000] {dagbag.py:588} INFO - Filling up the DagBag from /home/airflow/.local/lib/python3.12/site-packages/airflow/example_dags/example_branch_datetime_operator.py
[2025-03-08T20:47:48.354+0000] {processor.py:925} INFO - DAG(s) 'example_branch_datetime_operator_3', 'example_branch_datetime_operator', 'example_branch_datetime_operator_2' retrieved from /home/airflow/.local/lib/python3.12/site-packages/airflow/example_dags/example_branch_datetime_operator.py
[2025-03-08T20:47:48.376+0000] {logging_mixin.py:190} INFO - [2025-03-08T20:47:48.375+0000] {dag.py:3239} INFO - Sync 3 DAGs
[2025-03-08T20:47:48.396+0000] {logging_mixin.py:190} INFO - [2025-03-08T20:47:48.396+0000] {dag.py:4180} INFO - Setting next_dagrun for example_branch_datetime_operator to 2025-03-07 00:00:00+00:00, run_after=2025-03-08 00:00:00+00:00
[2025-03-08T20:47:48.400+0000] {logging_mixin.py:190} INFO - [2025-03-08T20:47:48.400+0000] {dag.py:4180} INFO - Setting next_dagrun for example_branch_datetime_operator_2 to 2025-03-07 00:00:00+00:00, run_after=2025-03-08 00:00:00+00:00
[2025-03-08T20:47:48.403+0000] {logging_mixin.py:190} INFO - [2025-03-08T20:47:48.402+0000] {dag.py:4180} INFO - Setting next_dagrun for example_branch_datetime_operator_3 to 2025-03-07 00:00:00+00:00, run_after=2025-03-08 00:00:00+00:00
[2025-03-08T20:47:48.418+0000] {processor.py:208} INFO - Processing /home/airflow/.local/lib/python3.12/site-packages/airflow/example_dags/example_branch_datetime_operator.py took 0.082 seconds
[2025-03-08T20:48:18.988+0000] {processor.py:186} INFO - Started process (PID=2033) to work on /home/airflow/.local/lib/python3.12/site-packages/airflow/example_dags/example_branch_datetime_operator.py
[2025-03-08T20:48:18.989+0000] {processor.py:914} INFO - Processing file /home/airflow/.local/lib/python3.12/site-packages/airflow/example_dags/example_branch_datetime_operator.py for tasks to queue
[2025-03-08T20:48:18.991+0000] {logging_mixin.py:190} INFO - [2025-03-08T20:48:18.991+0000] {dagbag.py:588} INFO - Filling up the DagBag from /home/airflow/.local/lib/python3.12/site-packages/airflow/example_dags/example_branch_datetime_operator.py
[2025-03-08T20:48:19.001+0000] {processor.py:925} INFO - DAG(s) 'example_branch_datetime_operator', 'example_branch_datetime_operator_2', 'example_branch_datetime_operator_3' retrieved from /home/airflow/.local/lib/python3.12/site-packages/airflow/example_dags/example_branch_datetime_operator.py
[2025-03-08T20:48:19.021+0000] {logging_mixin.py:190} INFO - [2025-03-08T20:48:19.021+0000] {dag.py:3239} INFO - Sync 3 DAGs
[2025-03-08T20:48:19.041+0000] {logging_mixin.py:190} INFO - [2025-03-08T20:48:19.040+0000] {dag.py:4180} INFO - Setting next_dagrun for example_branch_datetime_operator to 2025-03-07 00:00:00+00:00, run_after=2025-03-08 00:00:00+00:00
[2025-03-08T20:48:19.046+0000] {logging_mixin.py:190} INFO - [2025-03-08T20:48:19.045+0000] {dag.py:4180} INFO - Setting next_dagrun for example_branch_datetime_operator_2 to 2025-03-07 00:00:00+00:00, run_after=2025-03-08 00:00:00+00:00
[2025-03-08T20:48:19.048+0000] {logging_mixin.py:190} INFO - [2025-03-08T20:48:19.048+0000] {dag.py:4180} INFO - Setting next_dagrun for example_branch_datetime_operator_3 to 2025-03-07 00:00:00+00:00, run_after=2025-03-08 00:00:00+00:00
[2025-03-08T20:48:19.063+0000] {processor.py:208} INFO - Processing /home/airflow/.local/lib/python3.12/site-packages/airflow/example_dags/example_branch_datetime_operator.py took 0.080 seconds
[2025-03-08T20:48:49.303+0000] {processor.py:186} INFO - Started process (PID=2096) to work on /home/airflow/.local/lib/python3.12/site-packages/airflow/example_dags/example_branch_datetime_operator.py
[2025-03-08T20:48:49.304+0000] {processor.py:914} INFO - Processing file /home/airflow/.local/lib/python3.12/site-packages/airflow/example_dags/example_branch_datetime_operator.py for tasks to queue
[2025-03-08T20:48:49.306+0000] {logging_mixin.py:190} INFO - [2025-03-08T20:48:49.306+0000] {dagbag.py:588} INFO - Filling up the DagBag from /home/airflow/.local/lib/python3.12/site-packages/airflow/example_dags/example_branch_datetime_operator.py
[2025-03-08T20:48:49.316+0000] {processor.py:925} INFO - DAG(s) 'example_branch_datetime_operator_3', 'example_branch_datetime_operator', 'example_branch_datetime_operator_2' retrieved from /home/airflow/.local/lib/python3.12/site-packages/airflow/example_dags/example_branch_datetime_operator.py
[2025-03-08T20:48:49.339+0000] {logging_mixin.py:190} INFO - [2025-03-08T20:48:49.339+0000] {dag.py:3239} INFO - Sync 3 DAGs
[2025-03-08T20:48:49.359+0000] {logging_mixin.py:190} INFO - [2025-03-08T20:48:49.359+0000] {dag.py:4180} INFO - Setting next_dagrun for example_branch_datetime_operator to 2025-03-07 00:00:00+00:00, run_after=2025-03-08 00:00:00+00:00
[2025-03-08T20:48:49.364+0000] {logging_mixin.py:190} INFO - [2025-03-08T20:48:49.363+0000] {dag.py:4180} INFO - Setting next_dagrun for example_branch_datetime_operator_2 to 2025-03-07 00:00:00+00:00, run_after=2025-03-08 00:00:00+00:00
[2025-03-08T20:48:49.366+0000] {logging_mixin.py:190} INFO - [2025-03-08T20:48:49.365+0000] {dag.py:4180} INFO - Setting next_dagrun for example_branch_datetime_operator_3 to 2025-03-07 00:00:00+00:00, run_after=2025-03-08 00:00:00+00:00
[2025-03-08T20:48:49.379+0000] {processor.py:208} INFO - Processing /home/airflow/.local/lib/python3.12/site-packages/airflow/example_dags/example_branch_datetime_operator.py took 0.081 seconds
[2025-03-08T20:49:19.601+0000] {processor.py:186} INFO - Started process (PID=2159) to work on /home/airflow/.local/lib/python3.12/site-packages/airflow/example_dags/example_branch_datetime_operator.py
[2025-03-08T20:49:19.602+0000] {processor.py:914} INFO - Processing file /home/airflow/.local/lib/python3.12/site-packages/airflow/example_dags/example_branch_datetime_operator.py for tasks to queue
[2025-03-08T20:49:19.604+0000] {logging_mixin.py:190} INFO - [2025-03-08T20:49:19.604+0000] {dagbag.py:588} INFO - Filling up the DagBag from /home/airflow/.local/lib/python3.12/site-packages/airflow/example_dags/example_branch_datetime_operator.py
[2025-03-08T20:49:19.614+0000] {processor.py:925} INFO - DAG(s) 'example_branch_datetime_operator_3', 'example_branch_datetime_operator_2', 'example_branch_datetime_operator' retrieved from /home/airflow/.local/lib/python3.12/site-packages/airflow/example_dags/example_branch_datetime_operator.py
[2025-03-08T20:49:19.639+0000] {logging_mixin.py:190} INFO - [2025-03-08T20:49:19.638+0000] {dag.py:3239} INFO - Sync 3 DAGs
[2025-03-08T20:49:19.660+0000] {logging_mixin.py:190} INFO - [2025-03-08T20:49:19.660+0000] {dag.py:4180} INFO - Setting next_dagrun for example_branch_datetime_operator to 2025-03-07 00:00:00+00:00, run_after=2025-03-08 00:00:00+00:00
[2025-03-08T20:49:19.664+0000] {logging_mixin.py:190} INFO - [2025-03-08T20:49:19.664+0000] {dag.py:4180} INFO - Setting next_dagrun for example_branch_datetime_operator_2 to 2025-03-07 00:00:00+00:00, run_after=2025-03-08 00:00:00+00:00
[2025-03-08T20:49:19.666+0000] {logging_mixin.py:190} INFO - [2025-03-08T20:49:19.666+0000] {dag.py:4180} INFO - Setting next_dagrun for example_branch_datetime_operator_3 to 2025-03-07 00:00:00+00:00, run_after=2025-03-08 00:00:00+00:00
[2025-03-08T20:49:19.683+0000] {processor.py:208} INFO - Processing /home/airflow/.local/lib/python3.12/site-packages/airflow/example_dags/example_branch_datetime_operator.py took 0.087 seconds
[2025-03-08T20:49:50.394+0000] {processor.py:186} INFO - Started process (PID=2222) to work on /home/airflow/.local/lib/python3.12/site-packages/airflow/example_dags/example_branch_datetime_operator.py
[2025-03-08T20:49:50.394+0000] {processor.py:914} INFO - Processing file /home/airflow/.local/lib/python3.12/site-packages/airflow/example_dags/example_branch_datetime_operator.py for tasks to queue
[2025-03-08T20:49:50.396+0000] {logging_mixin.py:190} INFO - [2025-03-08T20:49:50.396+0000] {dagbag.py:588} INFO - Filling up the DagBag from /home/airflow/.local/lib/python3.12/site-packages/airflow/example_dags/example_branch_datetime_operator.py
[2025-03-08T20:49:50.407+0000] {processor.py:925} INFO - DAG(s) 'example_branch_datetime_operator', 'example_branch_datetime_operator_2', 'example_branch_datetime_operator_3' retrieved from /home/airflow/.local/lib/python3.12/site-packages/airflow/example_dags/example_branch_datetime_operator.py
[2025-03-08T20:49:50.431+0000] {logging_mixin.py:190} INFO - [2025-03-08T20:49:50.430+0000] {dag.py:3239} INFO - Sync 3 DAGs
[2025-03-08T20:49:50.453+0000] {logging_mixin.py:190} INFO - [2025-03-08T20:49:50.453+0000] {dag.py:4180} INFO - Setting next_dagrun for example_branch_datetime_operator to 2025-03-07 00:00:00+00:00, run_after=2025-03-08 00:00:00+00:00
[2025-03-08T20:49:50.457+0000] {logging_mixin.py:190} INFO - [2025-03-08T20:49:50.457+0000] {dag.py:4180} INFO - Setting next_dagrun for example_branch_datetime_operator_2 to 2025-03-07 00:00:00+00:00, run_after=2025-03-08 00:00:00+00:00
[2025-03-08T20:49:50.460+0000] {logging_mixin.py:190} INFO - [2025-03-08T20:49:50.460+0000] {dag.py:4180} INFO - Setting next_dagrun for example_branch_datetime_operator_3 to 2025-03-07 00:00:00+00:00, run_after=2025-03-08 00:00:00+00:00
[2025-03-08T20:49:50.480+0000] {processor.py:208} INFO - Processing /home/airflow/.local/lib/python3.12/site-packages/airflow/example_dags/example_branch_datetime_operator.py took 0.092 seconds
[2025-03-08T20:50:20.601+0000] {processor.py:186} INFO - Started process (PID=2285) to work on /home/airflow/.local/lib/python3.12/site-packages/airflow/example_dags/example_branch_datetime_operator.py
[2025-03-08T20:50:20.601+0000] {processor.py:914} INFO - Processing file /home/airflow/.local/lib/python3.12/site-packages/airflow/example_dags/example_branch_datetime_operator.py for tasks to queue
[2025-03-08T20:50:20.603+0000] {logging_mixin.py:190} INFO - [2025-03-08T20:50:20.603+0000] {dagbag.py:588} INFO - Filling up the DagBag from /home/airflow/.local/lib/python3.12/site-packages/airflow/example_dags/example_branch_datetime_operator.py
[2025-03-08T20:50:20.614+0000] {processor.py:925} INFO - DAG(s) 'example_branch_datetime_operator_3', 'example_branch_datetime_operator_2', 'example_branch_datetime_operator' retrieved from /home/airflow/.local/lib/python3.12/site-packages/airflow/example_dags/example_branch_datetime_operator.py
[2025-03-08T20:50:20.636+0000] {logging_mixin.py:190} INFO - [2025-03-08T20:50:20.636+0000] {dag.py:3239} INFO - Sync 3 DAGs
[2025-03-08T20:50:20.661+0000] {logging_mixin.py:190} INFO - [2025-03-08T20:50:20.661+0000] {dag.py:4180} INFO - Setting next_dagrun for example_branch_datetime_operator to 2025-03-07 00:00:00+00:00, run_after=2025-03-08 00:00:00+00:00
[2025-03-08T20:50:20.666+0000] {logging_mixin.py:190} INFO - [2025-03-08T20:50:20.666+0000] {dag.py:4180} INFO - Setting next_dagrun for example_branch_datetime_operator_2 to 2025-03-07 00:00:00+00:00, run_after=2025-03-08 00:00:00+00:00
[2025-03-08T20:50:20.669+0000] {logging_mixin.py:190} INFO - [2025-03-08T20:50:20.669+0000] {dag.py:4180} INFO - Setting next_dagrun for example_branch_datetime_operator_3 to 2025-03-07 00:00:00+00:00, run_after=2025-03-08 00:00:00+00:00
[2025-03-08T20:50:20.683+0000] {processor.py:208} INFO - Processing /home/airflow/.local/lib/python3.12/site-packages/airflow/example_dags/example_branch_datetime_operator.py took 0.089 seconds
