[2025-03-08T20:32:34.939+0000] {processor.py:186} INFO - Started process (PID=96) to work on /home/airflow/.local/lib/python3.12/site-packages/airflow/example_dags/tutorial_objectstorage.py
[2025-03-08T20:32:34.940+0000] {processor.py:914} INFO - Processing file /home/airflow/.local/lib/python3.12/site-packages/airflow/example_dags/tutorial_objectstorage.py for tasks to queue
[2025-03-08T20:32:34.942+0000] {logging_mixin.py:190} INFO - [2025-03-08T20:32:34.941+0000] {dagbag.py:588} INFO - Filling up the DagBag from /home/airflow/.local/lib/python3.12/site-packages/airflow/example_dags/tutorial_objectstorage.py
[2025-03-08T20:32:34.950+0000] {processor.py:925} INFO - DAG(s) 'tutorial_objectstorage' retrieved from /home/airflow/.local/lib/python3.12/site-packages/airflow/example_dags/tutorial_objectstorage.py
[2025-03-08T20:32:35.035+0000] {logging_mixin.py:190} INFO - [2025-03-08T20:32:35.035+0000] {override.py:1912} INFO - Created Permission View: can edit on DAG:tutorial_objectstorage
[2025-03-08T20:32:35.045+0000] {logging_mixin.py:190} INFO - [2025-03-08T20:32:35.045+0000] {override.py:1912} INFO - Created Permission View: can read on DAG:tutorial_objectstorage
[2025-03-08T20:32:35.051+0000] {logging_mixin.py:190} INFO - [2025-03-08T20:32:35.050+0000] {override.py:1912} INFO - Created Permission View: can delete on DAG:tutorial_objectstorage
[2025-03-08T20:32:35.056+0000] {logging_mixin.py:190} INFO - [2025-03-08T20:32:35.056+0000] {override.py:1912} INFO - Created Permission View: can read on DAG Run:tutorial_objectstorage
[2025-03-08T20:32:35.061+0000] {logging_mixin.py:190} INFO - [2025-03-08T20:32:35.061+0000] {override.py:1912} INFO - Created Permission View: menu access on DAG Run:tutorial_objectstorage
[2025-03-08T20:32:35.066+0000] {logging_mixin.py:190} INFO - [2025-03-08T20:32:35.066+0000] {override.py:1912} INFO - Created Permission View: can create on DAG Run:tutorial_objectstorage
[2025-03-08T20:32:35.071+0000] {logging_mixin.py:190} INFO - [2025-03-08T20:32:35.071+0000] {override.py:1912} INFO - Created Permission View: can delete on DAG Run:tutorial_objectstorage
[2025-03-08T20:32:35.071+0000] {logging_mixin.py:190} INFO - [2025-03-08T20:32:35.071+0000] {dag.py:3239} INFO - Sync 1 DAGs
[2025-03-08T20:32:35.082+0000] {logging_mixin.py:190} INFO - [2025-03-08T20:32:35.082+0000] {dag.py:3262} INFO - Creating ORM DAG for tutorial_objectstorage
[2025-03-08T20:32:35.083+0000] {logging_mixin.py:190} INFO - [2025-03-08T20:32:35.083+0000] {dag.py:4180} INFO - Setting next_dagrun for tutorial_objectstorage to None, run_after=None
[2025-03-08T20:32:35.096+0000] {processor.py:208} INFO - Processing /home/airflow/.local/lib/python3.12/site-packages/airflow/example_dags/tutorial_objectstorage.py took 0.162 seconds
[2025-03-08T20:33:05.746+0000] {processor.py:186} INFO - Started process (PID=159) to work on /home/airflow/.local/lib/python3.12/site-packages/airflow/example_dags/tutorial_objectstorage.py
[2025-03-08T20:33:05.747+0000] {processor.py:914} INFO - Processing file /home/airflow/.local/lib/python3.12/site-packages/airflow/example_dags/tutorial_objectstorage.py for tasks to queue
[2025-03-08T20:33:05.749+0000] {logging_mixin.py:190} INFO - [2025-03-08T20:33:05.748+0000] {dagbag.py:588} INFO - Filling up the DagBag from /home/airflow/.local/lib/python3.12/site-packages/airflow/example_dags/tutorial_objectstorage.py
[2025-03-08T20:33:05.756+0000] {processor.py:925} INFO - DAG(s) 'tutorial_objectstorage' retrieved from /home/airflow/.local/lib/python3.12/site-packages/airflow/example_dags/tutorial_objectstorage.py
[2025-03-08T20:33:05.774+0000] {logging_mixin.py:190} INFO - [2025-03-08T20:33:05.774+0000] {dag.py:3239} INFO - Sync 1 DAGs
[2025-03-08T20:33:05.788+0000] {logging_mixin.py:190} INFO - [2025-03-08T20:33:05.787+0000] {dag.py:4180} INFO - Setting next_dagrun for tutorial_objectstorage to None, run_after=None
[2025-03-08T20:33:05.803+0000] {processor.py:208} INFO - Processing /home/airflow/.local/lib/python3.12/site-packages/airflow/example_dags/tutorial_objectstorage.py took 0.062 seconds
[2025-03-08T20:33:36.045+0000] {processor.py:186} INFO - Started process (PID=221) to work on /home/airflow/.local/lib/python3.12/site-packages/airflow/example_dags/tutorial_objectstorage.py
[2025-03-08T20:33:36.046+0000] {processor.py:914} INFO - Processing file /home/airflow/.local/lib/python3.12/site-packages/airflow/example_dags/tutorial_objectstorage.py for tasks to queue
[2025-03-08T20:33:36.048+0000] {logging_mixin.py:190} INFO - [2025-03-08T20:33:36.047+0000] {dagbag.py:588} INFO - Filling up the DagBag from /home/airflow/.local/lib/python3.12/site-packages/airflow/example_dags/tutorial_objectstorage.py
[2025-03-08T20:33:36.056+0000] {processor.py:925} INFO - DAG(s) 'tutorial_objectstorage' retrieved from /home/airflow/.local/lib/python3.12/site-packages/airflow/example_dags/tutorial_objectstorage.py
[2025-03-08T20:33:36.074+0000] {logging_mixin.py:190} INFO - [2025-03-08T20:33:36.073+0000] {dag.py:3239} INFO - Sync 1 DAGs
[2025-03-08T20:33:36.087+0000] {logging_mixin.py:190} INFO - [2025-03-08T20:33:36.087+0000] {dag.py:4180} INFO - Setting next_dagrun for tutorial_objectstorage to None, run_after=None
[2025-03-08T20:33:36.106+0000] {processor.py:208} INFO - Processing /home/airflow/.local/lib/python3.12/site-packages/airflow/example_dags/tutorial_objectstorage.py took 0.066 seconds
[2025-03-08T20:34:07.003+0000] {processor.py:186} INFO - Started process (PID=284) to work on /home/airflow/.local/lib/python3.12/site-packages/airflow/example_dags/tutorial_objectstorage.py
[2025-03-08T20:34:07.004+0000] {processor.py:914} INFO - Processing file /home/airflow/.local/lib/python3.12/site-packages/airflow/example_dags/tutorial_objectstorage.py for tasks to queue
[2025-03-08T20:34:07.006+0000] {logging_mixin.py:190} INFO - [2025-03-08T20:34:07.005+0000] {dagbag.py:588} INFO - Filling up the DagBag from /home/airflow/.local/lib/python3.12/site-packages/airflow/example_dags/tutorial_objectstorage.py
[2025-03-08T20:34:07.014+0000] {processor.py:925} INFO - DAG(s) 'tutorial_objectstorage' retrieved from /home/airflow/.local/lib/python3.12/site-packages/airflow/example_dags/tutorial_objectstorage.py
[2025-03-08T20:34:07.044+0000] {logging_mixin.py:190} INFO - [2025-03-08T20:34:07.044+0000] {dag.py:3239} INFO - Sync 1 DAGs
[2025-03-08T20:34:07.067+0000] {logging_mixin.py:190} INFO - [2025-03-08T20:34:07.067+0000] {dag.py:4180} INFO - Setting next_dagrun for tutorial_objectstorage to None, run_after=None
[2025-03-08T20:34:07.089+0000] {processor.py:208} INFO - Processing /home/airflow/.local/lib/python3.12/site-packages/airflow/example_dags/tutorial_objectstorage.py took 0.093 seconds
[2025-03-08T20:34:37.176+0000] {processor.py:186} INFO - Started process (PID=347) to work on /home/airflow/.local/lib/python3.12/site-packages/airflow/example_dags/tutorial_objectstorage.py
[2025-03-08T20:34:37.177+0000] {processor.py:914} INFO - Processing file /home/airflow/.local/lib/python3.12/site-packages/airflow/example_dags/tutorial_objectstorage.py for tasks to queue
[2025-03-08T20:34:37.179+0000] {logging_mixin.py:190} INFO - [2025-03-08T20:34:37.179+0000] {dagbag.py:588} INFO - Filling up the DagBag from /home/airflow/.local/lib/python3.12/site-packages/airflow/example_dags/tutorial_objectstorage.py
[2025-03-08T20:34:37.190+0000] {processor.py:925} INFO - DAG(s) 'tutorial_objectstorage' retrieved from /home/airflow/.local/lib/python3.12/site-packages/airflow/example_dags/tutorial_objectstorage.py
[2025-03-08T20:34:37.206+0000] {logging_mixin.py:190} INFO - [2025-03-08T20:34:37.206+0000] {dag.py:3239} INFO - Sync 1 DAGs
[2025-03-08T20:34:37.218+0000] {logging_mixin.py:190} INFO - [2025-03-08T20:34:37.217+0000] {dag.py:4180} INFO - Setting next_dagrun for tutorial_objectstorage to None, run_after=None
[2025-03-08T20:34:37.235+0000] {processor.py:208} INFO - Processing /home/airflow/.local/lib/python3.12/site-packages/airflow/example_dags/tutorial_objectstorage.py took 0.065 seconds
[2025-03-08T20:35:08.007+0000] {processor.py:186} INFO - Started process (PID=410) to work on /home/airflow/.local/lib/python3.12/site-packages/airflow/example_dags/tutorial_objectstorage.py
[2025-03-08T20:35:08.008+0000] {processor.py:914} INFO - Processing file /home/airflow/.local/lib/python3.12/site-packages/airflow/example_dags/tutorial_objectstorage.py for tasks to queue
[2025-03-08T20:35:08.010+0000] {logging_mixin.py:190} INFO - [2025-03-08T20:35:08.010+0000] {dagbag.py:588} INFO - Filling up the DagBag from /home/airflow/.local/lib/python3.12/site-packages/airflow/example_dags/tutorial_objectstorage.py
[2025-03-08T20:35:08.019+0000] {processor.py:925} INFO - DAG(s) 'tutorial_objectstorage' retrieved from /home/airflow/.local/lib/python3.12/site-packages/airflow/example_dags/tutorial_objectstorage.py
[2025-03-08T20:35:08.035+0000] {logging_mixin.py:190} INFO - [2025-03-08T20:35:08.034+0000] {dag.py:3239} INFO - Sync 1 DAGs
[2025-03-08T20:35:08.047+0000] {logging_mixin.py:190} INFO - [2025-03-08T20:35:08.046+0000] {dag.py:4180} INFO - Setting next_dagrun for tutorial_objectstorage to None, run_after=None
[2025-03-08T20:35:08.063+0000] {processor.py:208} INFO - Processing /home/airflow/.local/lib/python3.12/site-packages/airflow/example_dags/tutorial_objectstorage.py took 0.061 seconds
[2025-03-08T20:35:39.417+0000] {processor.py:186} INFO - Started process (PID=473) to work on /home/airflow/.local/lib/python3.12/site-packages/airflow/example_dags/tutorial_objectstorage.py
[2025-03-08T20:35:39.418+0000] {processor.py:914} INFO - Processing file /home/airflow/.local/lib/python3.12/site-packages/airflow/example_dags/tutorial_objectstorage.py for tasks to queue
[2025-03-08T20:35:39.420+0000] {logging_mixin.py:190} INFO - [2025-03-08T20:35:39.419+0000] {dagbag.py:588} INFO - Filling up the DagBag from /home/airflow/.local/lib/python3.12/site-packages/airflow/example_dags/tutorial_objectstorage.py
[2025-03-08T20:35:39.427+0000] {processor.py:925} INFO - DAG(s) 'tutorial_objectstorage' retrieved from /home/airflow/.local/lib/python3.12/site-packages/airflow/example_dags/tutorial_objectstorage.py
[2025-03-08T20:35:39.443+0000] {logging_mixin.py:190} INFO - [2025-03-08T20:35:39.443+0000] {dag.py:3239} INFO - Sync 1 DAGs
[2025-03-08T20:35:39.454+0000] {logging_mixin.py:190} INFO - [2025-03-08T20:35:39.454+0000] {dag.py:4180} INFO - Setting next_dagrun for tutorial_objectstorage to None, run_after=None
[2025-03-08T20:35:39.474+0000] {processor.py:208} INFO - Processing /home/airflow/.local/lib/python3.12/site-packages/airflow/example_dags/tutorial_objectstorage.py took 0.062 seconds
[2025-03-08T20:36:09.895+0000] {processor.py:186} INFO - Started process (PID=536) to work on /home/airflow/.local/lib/python3.12/site-packages/airflow/example_dags/tutorial_objectstorage.py
[2025-03-08T20:36:09.896+0000] {processor.py:914} INFO - Processing file /home/airflow/.local/lib/python3.12/site-packages/airflow/example_dags/tutorial_objectstorage.py for tasks to queue
[2025-03-08T20:36:09.898+0000] {logging_mixin.py:190} INFO - [2025-03-08T20:36:09.897+0000] {dagbag.py:588} INFO - Filling up the DagBag from /home/airflow/.local/lib/python3.12/site-packages/airflow/example_dags/tutorial_objectstorage.py
[2025-03-08T20:36:09.906+0000] {processor.py:925} INFO - DAG(s) 'tutorial_objectstorage' retrieved from /home/airflow/.local/lib/python3.12/site-packages/airflow/example_dags/tutorial_objectstorage.py
[2025-03-08T20:36:09.921+0000] {logging_mixin.py:190} INFO - [2025-03-08T20:36:09.921+0000] {dag.py:3239} INFO - Sync 1 DAGs
[2025-03-08T20:36:09.933+0000] {logging_mixin.py:190} INFO - [2025-03-08T20:36:09.933+0000] {dag.py:4180} INFO - Setting next_dagrun for tutorial_objectstorage to None, run_after=None
[2025-03-08T20:36:09.948+0000] {processor.py:208} INFO - Processing /home/airflow/.local/lib/python3.12/site-packages/airflow/example_dags/tutorial_objectstorage.py took 0.059 seconds
[2025-03-08T20:36:41.136+0000] {processor.py:186} INFO - Started process (PID=599) to work on /home/airflow/.local/lib/python3.12/site-packages/airflow/example_dags/tutorial_objectstorage.py
[2025-03-08T20:36:41.137+0000] {processor.py:914} INFO - Processing file /home/airflow/.local/lib/python3.12/site-packages/airflow/example_dags/tutorial_objectstorage.py for tasks to queue
[2025-03-08T20:36:41.139+0000] {logging_mixin.py:190} INFO - [2025-03-08T20:36:41.138+0000] {dagbag.py:588} INFO - Filling up the DagBag from /home/airflow/.local/lib/python3.12/site-packages/airflow/example_dags/tutorial_objectstorage.py
[2025-03-08T20:36:41.146+0000] {processor.py:925} INFO - DAG(s) 'tutorial_objectstorage' retrieved from /home/airflow/.local/lib/python3.12/site-packages/airflow/example_dags/tutorial_objectstorage.py
[2025-03-08T20:36:41.161+0000] {logging_mixin.py:190} INFO - [2025-03-08T20:36:41.161+0000] {dag.py:3239} INFO - Sync 1 DAGs
[2025-03-08T20:36:41.173+0000] {logging_mixin.py:190} INFO - [2025-03-08T20:36:41.173+0000] {dag.py:4180} INFO - Setting next_dagrun for tutorial_objectstorage to None, run_after=None
[2025-03-08T20:36:41.190+0000] {processor.py:208} INFO - Processing /home/airflow/.local/lib/python3.12/site-packages/airflow/example_dags/tutorial_objectstorage.py took 0.059 seconds
[2025-03-08T20:37:12.301+0000] {processor.py:186} INFO - Started process (PID=662) to work on /home/airflow/.local/lib/python3.12/site-packages/airflow/example_dags/tutorial_objectstorage.py
[2025-03-08T20:37:12.302+0000] {processor.py:914} INFO - Processing file /home/airflow/.local/lib/python3.12/site-packages/airflow/example_dags/tutorial_objectstorage.py for tasks to queue
[2025-03-08T20:37:12.306+0000] {logging_mixin.py:190} INFO - [2025-03-08T20:37:12.305+0000] {dagbag.py:588} INFO - Filling up the DagBag from /home/airflow/.local/lib/python3.12/site-packages/airflow/example_dags/tutorial_objectstorage.py
[2025-03-08T20:37:12.315+0000] {processor.py:925} INFO - DAG(s) 'tutorial_objectstorage' retrieved from /home/airflow/.local/lib/python3.12/site-packages/airflow/example_dags/tutorial_objectstorage.py
[2025-03-08T20:37:12.333+0000] {logging_mixin.py:190} INFO - [2025-03-08T20:37:12.333+0000] {dag.py:3239} INFO - Sync 1 DAGs
[2025-03-08T20:37:12.347+0000] {logging_mixin.py:190} INFO - [2025-03-08T20:37:12.347+0000] {dag.py:4180} INFO - Setting next_dagrun for tutorial_objectstorage to None, run_after=None
[2025-03-08T20:37:12.368+0000] {processor.py:208} INFO - Processing /home/airflow/.local/lib/python3.12/site-packages/airflow/example_dags/tutorial_objectstorage.py took 0.072 seconds
[2025-03-08T20:37:42.970+0000] {processor.py:186} INFO - Started process (PID=725) to work on /home/airflow/.local/lib/python3.12/site-packages/airflow/example_dags/tutorial_objectstorage.py
[2025-03-08T20:37:42.971+0000] {processor.py:914} INFO - Processing file /home/airflow/.local/lib/python3.12/site-packages/airflow/example_dags/tutorial_objectstorage.py for tasks to queue
[2025-03-08T20:37:42.973+0000] {logging_mixin.py:190} INFO - [2025-03-08T20:37:42.973+0000] {dagbag.py:588} INFO - Filling up the DagBag from /home/airflow/.local/lib/python3.12/site-packages/airflow/example_dags/tutorial_objectstorage.py
[2025-03-08T20:37:42.982+0000] {processor.py:925} INFO - DAG(s) 'tutorial_objectstorage' retrieved from /home/airflow/.local/lib/python3.12/site-packages/airflow/example_dags/tutorial_objectstorage.py
[2025-03-08T20:37:42.999+0000] {logging_mixin.py:190} INFO - [2025-03-08T20:37:42.999+0000] {dag.py:3239} INFO - Sync 1 DAGs
[2025-03-08T20:37:43.013+0000] {logging_mixin.py:190} INFO - [2025-03-08T20:37:43.012+0000] {dag.py:4180} INFO - Setting next_dagrun for tutorial_objectstorage to None, run_after=None
[2025-03-08T20:37:43.031+0000] {processor.py:208} INFO - Processing /home/airflow/.local/lib/python3.12/site-packages/airflow/example_dags/tutorial_objectstorage.py took 0.067 seconds
[2025-03-08T20:38:14.056+0000] {processor.py:186} INFO - Started process (PID=788) to work on /home/airflow/.local/lib/python3.12/site-packages/airflow/example_dags/tutorial_objectstorage.py
[2025-03-08T20:38:14.056+0000] {processor.py:914} INFO - Processing file /home/airflow/.local/lib/python3.12/site-packages/airflow/example_dags/tutorial_objectstorage.py for tasks to queue
[2025-03-08T20:38:14.059+0000] {logging_mixin.py:190} INFO - [2025-03-08T20:38:14.058+0000] {dagbag.py:588} INFO - Filling up the DagBag from /home/airflow/.local/lib/python3.12/site-packages/airflow/example_dags/tutorial_objectstorage.py
[2025-03-08T20:38:14.068+0000] {processor.py:925} INFO - DAG(s) 'tutorial_objectstorage' retrieved from /home/airflow/.local/lib/python3.12/site-packages/airflow/example_dags/tutorial_objectstorage.py
[2025-03-08T20:38:14.086+0000] {logging_mixin.py:190} INFO - [2025-03-08T20:38:14.085+0000] {dag.py:3239} INFO - Sync 1 DAGs
[2025-03-08T20:38:14.098+0000] {logging_mixin.py:190} INFO - [2025-03-08T20:38:14.098+0000] {dag.py:4180} INFO - Setting next_dagrun for tutorial_objectstorage to None, run_after=None
[2025-03-08T20:38:14.117+0000] {processor.py:208} INFO - Processing /home/airflow/.local/lib/python3.12/site-packages/airflow/example_dags/tutorial_objectstorage.py took 0.067 seconds
[2025-03-08T20:38:44.771+0000] {processor.py:186} INFO - Started process (PID=851) to work on /home/airflow/.local/lib/python3.12/site-packages/airflow/example_dags/tutorial_objectstorage.py
[2025-03-08T20:38:44.772+0000] {processor.py:914} INFO - Processing file /home/airflow/.local/lib/python3.12/site-packages/airflow/example_dags/tutorial_objectstorage.py for tasks to queue
[2025-03-08T20:38:44.774+0000] {logging_mixin.py:190} INFO - [2025-03-08T20:38:44.774+0000] {dagbag.py:588} INFO - Filling up the DagBag from /home/airflow/.local/lib/python3.12/site-packages/airflow/example_dags/tutorial_objectstorage.py
[2025-03-08T20:38:44.782+0000] {processor.py:925} INFO - DAG(s) 'tutorial_objectstorage' retrieved from /home/airflow/.local/lib/python3.12/site-packages/airflow/example_dags/tutorial_objectstorage.py
[2025-03-08T20:38:44.800+0000] {logging_mixin.py:190} INFO - [2025-03-08T20:38:44.800+0000] {dag.py:3239} INFO - Sync 1 DAGs
[2025-03-08T20:38:44.812+0000] {logging_mixin.py:190} INFO - [2025-03-08T20:38:44.812+0000] {dag.py:4180} INFO - Setting next_dagrun for tutorial_objectstorage to None, run_after=None
[2025-03-08T20:38:44.829+0000] {processor.py:208} INFO - Processing /home/airflow/.local/lib/python3.12/site-packages/airflow/example_dags/tutorial_objectstorage.py took 0.063 seconds
[2025-03-08T20:39:16.275+0000] {processor.py:186} INFO - Started process (PID=914) to work on /home/airflow/.local/lib/python3.12/site-packages/airflow/example_dags/tutorial_objectstorage.py
[2025-03-08T20:39:16.276+0000] {processor.py:914} INFO - Processing file /home/airflow/.local/lib/python3.12/site-packages/airflow/example_dags/tutorial_objectstorage.py for tasks to queue
[2025-03-08T20:39:16.278+0000] {logging_mixin.py:190} INFO - [2025-03-08T20:39:16.278+0000] {dagbag.py:588} INFO - Filling up the DagBag from /home/airflow/.local/lib/python3.12/site-packages/airflow/example_dags/tutorial_objectstorage.py
[2025-03-08T20:39:16.286+0000] {processor.py:925} INFO - DAG(s) 'tutorial_objectstorage' retrieved from /home/airflow/.local/lib/python3.12/site-packages/airflow/example_dags/tutorial_objectstorage.py
[2025-03-08T20:39:16.303+0000] {logging_mixin.py:190} INFO - [2025-03-08T20:39:16.302+0000] {dag.py:3239} INFO - Sync 1 DAGs
[2025-03-08T20:39:16.314+0000] {logging_mixin.py:190} INFO - [2025-03-08T20:39:16.314+0000] {dag.py:4180} INFO - Setting next_dagrun for tutorial_objectstorage to None, run_after=None
[2025-03-08T20:39:16.331+0000] {processor.py:208} INFO - Processing /home/airflow/.local/lib/python3.12/site-packages/airflow/example_dags/tutorial_objectstorage.py took 0.061 seconds
[2025-03-08T20:39:47.448+0000] {processor.py:186} INFO - Started process (PID=977) to work on /home/airflow/.local/lib/python3.12/site-packages/airflow/example_dags/tutorial_objectstorage.py
[2025-03-08T20:39:47.449+0000] {processor.py:914} INFO - Processing file /home/airflow/.local/lib/python3.12/site-packages/airflow/example_dags/tutorial_objectstorage.py for tasks to queue
[2025-03-08T20:39:47.451+0000] {logging_mixin.py:190} INFO - [2025-03-08T20:39:47.451+0000] {dagbag.py:588} INFO - Filling up the DagBag from /home/airflow/.local/lib/python3.12/site-packages/airflow/example_dags/tutorial_objectstorage.py
[2025-03-08T20:39:47.459+0000] {processor.py:925} INFO - DAG(s) 'tutorial_objectstorage' retrieved from /home/airflow/.local/lib/python3.12/site-packages/airflow/example_dags/tutorial_objectstorage.py
[2025-03-08T20:39:47.483+0000] {logging_mixin.py:190} INFO - [2025-03-08T20:39:47.483+0000] {dag.py:3239} INFO - Sync 1 DAGs
[2025-03-08T20:39:47.498+0000] {logging_mixin.py:190} INFO - [2025-03-08T20:39:47.498+0000] {dag.py:4180} INFO - Setting next_dagrun for tutorial_objectstorage to None, run_after=None
[2025-03-08T20:39:47.517+0000] {processor.py:208} INFO - Processing /home/airflow/.local/lib/python3.12/site-packages/airflow/example_dags/tutorial_objectstorage.py took 0.074 seconds
[2025-03-08T20:40:18.128+0000] {processor.py:186} INFO - Started process (PID=1040) to work on /home/airflow/.local/lib/python3.12/site-packages/airflow/example_dags/tutorial_objectstorage.py
[2025-03-08T20:40:18.129+0000] {processor.py:914} INFO - Processing file /home/airflow/.local/lib/python3.12/site-packages/airflow/example_dags/tutorial_objectstorage.py for tasks to queue
[2025-03-08T20:40:18.131+0000] {logging_mixin.py:190} INFO - [2025-03-08T20:40:18.130+0000] {dagbag.py:588} INFO - Filling up the DagBag from /home/airflow/.local/lib/python3.12/site-packages/airflow/example_dags/tutorial_objectstorage.py
[2025-03-08T20:40:18.138+0000] {processor.py:925} INFO - DAG(s) 'tutorial_objectstorage' retrieved from /home/airflow/.local/lib/python3.12/site-packages/airflow/example_dags/tutorial_objectstorage.py
[2025-03-08T20:40:18.155+0000] {logging_mixin.py:190} INFO - [2025-03-08T20:40:18.155+0000] {dag.py:3239} INFO - Sync 1 DAGs
[2025-03-08T20:40:18.166+0000] {logging_mixin.py:190} INFO - [2025-03-08T20:40:18.166+0000] {dag.py:4180} INFO - Setting next_dagrun for tutorial_objectstorage to None, run_after=None
[2025-03-08T20:40:18.182+0000] {processor.py:208} INFO - Processing /home/airflow/.local/lib/python3.12/site-packages/airflow/example_dags/tutorial_objectstorage.py took 0.059 seconds
[2025-03-08T20:40:49.457+0000] {processor.py:186} INFO - Started process (PID=1103) to work on /home/airflow/.local/lib/python3.12/site-packages/airflow/example_dags/tutorial_objectstorage.py
[2025-03-08T20:40:49.458+0000] {processor.py:914} INFO - Processing file /home/airflow/.local/lib/python3.12/site-packages/airflow/example_dags/tutorial_objectstorage.py for tasks to queue
[2025-03-08T20:40:49.460+0000] {logging_mixin.py:190} INFO - [2025-03-08T20:40:49.459+0000] {dagbag.py:588} INFO - Filling up the DagBag from /home/airflow/.local/lib/python3.12/site-packages/airflow/example_dags/tutorial_objectstorage.py
[2025-03-08T20:40:49.468+0000] {processor.py:925} INFO - DAG(s) 'tutorial_objectstorage' retrieved from /home/airflow/.local/lib/python3.12/site-packages/airflow/example_dags/tutorial_objectstorage.py
[2025-03-08T20:40:49.486+0000] {logging_mixin.py:190} INFO - [2025-03-08T20:40:49.486+0000] {dag.py:3239} INFO - Sync 1 DAGs
[2025-03-08T20:40:49.498+0000] {logging_mixin.py:190} INFO - [2025-03-08T20:40:49.498+0000] {dag.py:4180} INFO - Setting next_dagrun for tutorial_objectstorage to None, run_after=None
[2025-03-08T20:40:49.515+0000] {processor.py:208} INFO - Processing /home/airflow/.local/lib/python3.12/site-packages/airflow/example_dags/tutorial_objectstorage.py took 0.063 seconds
[2025-03-08T20:41:21.101+0000] {processor.py:186} INFO - Started process (PID=1166) to work on /home/airflow/.local/lib/python3.12/site-packages/airflow/example_dags/tutorial_objectstorage.py
[2025-03-08T20:41:21.101+0000] {processor.py:914} INFO - Processing file /home/airflow/.local/lib/python3.12/site-packages/airflow/example_dags/tutorial_objectstorage.py for tasks to queue
[2025-03-08T20:41:21.103+0000] {logging_mixin.py:190} INFO - [2025-03-08T20:41:21.103+0000] {dagbag.py:588} INFO - Filling up the DagBag from /home/airflow/.local/lib/python3.12/site-packages/airflow/example_dags/tutorial_objectstorage.py
[2025-03-08T20:41:21.111+0000] {processor.py:925} INFO - DAG(s) 'tutorial_objectstorage' retrieved from /home/airflow/.local/lib/python3.12/site-packages/airflow/example_dags/tutorial_objectstorage.py
[2025-03-08T20:41:21.127+0000] {logging_mixin.py:190} INFO - [2025-03-08T20:41:21.127+0000] {dag.py:3239} INFO - Sync 1 DAGs
[2025-03-08T20:41:21.139+0000] {logging_mixin.py:190} INFO - [2025-03-08T20:41:21.139+0000] {dag.py:4180} INFO - Setting next_dagrun for tutorial_objectstorage to None, run_after=None
[2025-03-08T20:41:21.154+0000] {processor.py:208} INFO - Processing /home/airflow/.local/lib/python3.12/site-packages/airflow/example_dags/tutorial_objectstorage.py took 0.059 seconds
[2025-03-08T20:41:52.213+0000] {processor.py:186} INFO - Started process (PID=1229) to work on /home/airflow/.local/lib/python3.12/site-packages/airflow/example_dags/tutorial_objectstorage.py
[2025-03-08T20:41:52.213+0000] {processor.py:914} INFO - Processing file /home/airflow/.local/lib/python3.12/site-packages/airflow/example_dags/tutorial_objectstorage.py for tasks to queue
[2025-03-08T20:41:52.215+0000] {logging_mixin.py:190} INFO - [2025-03-08T20:41:52.215+0000] {dagbag.py:588} INFO - Filling up the DagBag from /home/airflow/.local/lib/python3.12/site-packages/airflow/example_dags/tutorial_objectstorage.py
[2025-03-08T20:41:52.223+0000] {processor.py:925} INFO - DAG(s) 'tutorial_objectstorage' retrieved from /home/airflow/.local/lib/python3.12/site-packages/airflow/example_dags/tutorial_objectstorage.py
[2025-03-08T20:41:52.238+0000] {logging_mixin.py:190} INFO - [2025-03-08T20:41:52.238+0000] {dag.py:3239} INFO - Sync 1 DAGs
[2025-03-08T20:41:52.251+0000] {logging_mixin.py:190} INFO - [2025-03-08T20:41:52.251+0000] {dag.py:4180} INFO - Setting next_dagrun for tutorial_objectstorage to None, run_after=None
[2025-03-08T20:41:52.268+0000] {processor.py:208} INFO - Processing /home/airflow/.local/lib/python3.12/site-packages/airflow/example_dags/tutorial_objectstorage.py took 0.060 seconds
[2025-03-08T20:42:22.963+0000] {processor.py:186} INFO - Started process (PID=1292) to work on /home/airflow/.local/lib/python3.12/site-packages/airflow/example_dags/tutorial_objectstorage.py
[2025-03-08T20:42:22.964+0000] {processor.py:914} INFO - Processing file /home/airflow/.local/lib/python3.12/site-packages/airflow/example_dags/tutorial_objectstorage.py for tasks to queue
[2025-03-08T20:42:22.966+0000] {logging_mixin.py:190} INFO - [2025-03-08T20:42:22.965+0000] {dagbag.py:588} INFO - Filling up the DagBag from /home/airflow/.local/lib/python3.12/site-packages/airflow/example_dags/tutorial_objectstorage.py
[2025-03-08T20:42:22.974+0000] {processor.py:925} INFO - DAG(s) 'tutorial_objectstorage' retrieved from /home/airflow/.local/lib/python3.12/site-packages/airflow/example_dags/tutorial_objectstorage.py
[2025-03-08T20:42:22.992+0000] {logging_mixin.py:190} INFO - [2025-03-08T20:42:22.991+0000] {dag.py:3239} INFO - Sync 1 DAGs
[2025-03-08T20:42:23.004+0000] {logging_mixin.py:190} INFO - [2025-03-08T20:42:23.004+0000] {dag.py:4180} INFO - Setting next_dagrun for tutorial_objectstorage to None, run_after=None
[2025-03-08T20:42:23.022+0000] {processor.py:208} INFO - Processing /home/airflow/.local/lib/python3.12/site-packages/airflow/example_dags/tutorial_objectstorage.py took 0.064 seconds
[2025-03-08T20:42:53.566+0000] {processor.py:186} INFO - Started process (PID=1355) to work on /home/airflow/.local/lib/python3.12/site-packages/airflow/example_dags/tutorial_objectstorage.py
[2025-03-08T20:42:53.567+0000] {processor.py:914} INFO - Processing file /home/airflow/.local/lib/python3.12/site-packages/airflow/example_dags/tutorial_objectstorage.py for tasks to queue
[2025-03-08T20:42:53.569+0000] {logging_mixin.py:190} INFO - [2025-03-08T20:42:53.569+0000] {dagbag.py:588} INFO - Filling up the DagBag from /home/airflow/.local/lib/python3.12/site-packages/airflow/example_dags/tutorial_objectstorage.py
[2025-03-08T20:42:53.580+0000] {processor.py:925} INFO - DAG(s) 'tutorial_objectstorage' retrieved from /home/airflow/.local/lib/python3.12/site-packages/airflow/example_dags/tutorial_objectstorage.py
[2025-03-08T20:42:53.603+0000] {logging_mixin.py:190} INFO - [2025-03-08T20:42:53.603+0000] {dag.py:3239} INFO - Sync 1 DAGs
[2025-03-08T20:42:53.622+0000] {logging_mixin.py:190} INFO - [2025-03-08T20:42:53.622+0000] {dag.py:4180} INFO - Setting next_dagrun for tutorial_objectstorage to None, run_after=None
[2025-03-08T20:42:53.639+0000] {processor.py:208} INFO - Processing /home/airflow/.local/lib/python3.12/site-packages/airflow/example_dags/tutorial_objectstorage.py took 0.080 seconds
[2025-03-08T20:43:24.137+0000] {processor.py:186} INFO - Started process (PID=1418) to work on /home/airflow/.local/lib/python3.12/site-packages/airflow/example_dags/tutorial_objectstorage.py
[2025-03-08T20:43:24.138+0000] {processor.py:914} INFO - Processing file /home/airflow/.local/lib/python3.12/site-packages/airflow/example_dags/tutorial_objectstorage.py for tasks to queue
[2025-03-08T20:43:24.140+0000] {logging_mixin.py:190} INFO - [2025-03-08T20:43:24.140+0000] {dagbag.py:588} INFO - Filling up the DagBag from /home/airflow/.local/lib/python3.12/site-packages/airflow/example_dags/tutorial_objectstorage.py
[2025-03-08T20:43:24.148+0000] {processor.py:925} INFO - DAG(s) 'tutorial_objectstorage' retrieved from /home/airflow/.local/lib/python3.12/site-packages/airflow/example_dags/tutorial_objectstorage.py
[2025-03-08T20:43:24.164+0000] {logging_mixin.py:190} INFO - [2025-03-08T20:43:24.164+0000] {dag.py:3239} INFO - Sync 1 DAGs
[2025-03-08T20:43:24.177+0000] {logging_mixin.py:190} INFO - [2025-03-08T20:43:24.176+0000] {dag.py:4180} INFO - Setting next_dagrun for tutorial_objectstorage to None, run_after=None
[2025-03-08T20:43:24.193+0000] {processor.py:208} INFO - Processing /home/airflow/.local/lib/python3.12/site-packages/airflow/example_dags/tutorial_objectstorage.py took 0.061 seconds
[2025-03-08T20:43:55.637+0000] {processor.py:186} INFO - Started process (PID=1481) to work on /home/airflow/.local/lib/python3.12/site-packages/airflow/example_dags/tutorial_objectstorage.py
[2025-03-08T20:43:55.638+0000] {processor.py:914} INFO - Processing file /home/airflow/.local/lib/python3.12/site-packages/airflow/example_dags/tutorial_objectstorage.py for tasks to queue
[2025-03-08T20:43:55.641+0000] {logging_mixin.py:190} INFO - [2025-03-08T20:43:55.641+0000] {dagbag.py:588} INFO - Filling up the DagBag from /home/airflow/.local/lib/python3.12/site-packages/airflow/example_dags/tutorial_objectstorage.py
[2025-03-08T20:43:55.650+0000] {processor.py:925} INFO - DAG(s) 'tutorial_objectstorage' retrieved from /home/airflow/.local/lib/python3.12/site-packages/airflow/example_dags/tutorial_objectstorage.py
[2025-03-08T20:43:55.667+0000] {logging_mixin.py:190} INFO - [2025-03-08T20:43:55.667+0000] {dag.py:3239} INFO - Sync 1 DAGs
[2025-03-08T20:43:55.679+0000] {logging_mixin.py:190} INFO - [2025-03-08T20:43:55.679+0000] {dag.py:4180} INFO - Setting next_dagrun for tutorial_objectstorage to None, run_after=None
[2025-03-08T20:43:55.696+0000] {processor.py:208} INFO - Processing /home/airflow/.local/lib/python3.12/site-packages/airflow/example_dags/tutorial_objectstorage.py took 0.065 seconds
[2025-03-08T20:44:26.374+0000] {processor.py:186} INFO - Started process (PID=1544) to work on /home/airflow/.local/lib/python3.12/site-packages/airflow/example_dags/tutorial_objectstorage.py
[2025-03-08T20:44:26.375+0000] {processor.py:914} INFO - Processing file /home/airflow/.local/lib/python3.12/site-packages/airflow/example_dags/tutorial_objectstorage.py for tasks to queue
[2025-03-08T20:44:26.377+0000] {logging_mixin.py:190} INFO - [2025-03-08T20:44:26.377+0000] {dagbag.py:588} INFO - Filling up the DagBag from /home/airflow/.local/lib/python3.12/site-packages/airflow/example_dags/tutorial_objectstorage.py
[2025-03-08T20:44:26.385+0000] {processor.py:925} INFO - DAG(s) 'tutorial_objectstorage' retrieved from /home/airflow/.local/lib/python3.12/site-packages/airflow/example_dags/tutorial_objectstorage.py
[2025-03-08T20:44:26.401+0000] {logging_mixin.py:190} INFO - [2025-03-08T20:44:26.401+0000] {dag.py:3239} INFO - Sync 1 DAGs
[2025-03-08T20:44:26.413+0000] {logging_mixin.py:190} INFO - [2025-03-08T20:44:26.412+0000] {dag.py:4180} INFO - Setting next_dagrun for tutorial_objectstorage to None, run_after=None
[2025-03-08T20:44:26.428+0000] {processor.py:208} INFO - Processing /home/airflow/.local/lib/python3.12/site-packages/airflow/example_dags/tutorial_objectstorage.py took 0.059 seconds
[2025-03-08T20:44:57.026+0000] {processor.py:186} INFO - Started process (PID=1607) to work on /home/airflow/.local/lib/python3.12/site-packages/airflow/example_dags/tutorial_objectstorage.py
[2025-03-08T20:44:57.026+0000] {processor.py:914} INFO - Processing file /home/airflow/.local/lib/python3.12/site-packages/airflow/example_dags/tutorial_objectstorage.py for tasks to queue
[2025-03-08T20:44:57.028+0000] {logging_mixin.py:190} INFO - [2025-03-08T20:44:57.028+0000] {dagbag.py:588} INFO - Filling up the DagBag from /home/airflow/.local/lib/python3.12/site-packages/airflow/example_dags/tutorial_objectstorage.py
[2025-03-08T20:44:57.036+0000] {processor.py:925} INFO - DAG(s) 'tutorial_objectstorage' retrieved from /home/airflow/.local/lib/python3.12/site-packages/airflow/example_dags/tutorial_objectstorage.py
[2025-03-08T20:44:57.053+0000] {logging_mixin.py:190} INFO - [2025-03-08T20:44:57.052+0000] {dag.py:3239} INFO - Sync 1 DAGs
[2025-03-08T20:44:57.065+0000] {logging_mixin.py:190} INFO - [2025-03-08T20:44:57.065+0000] {dag.py:4180} INFO - Setting next_dagrun for tutorial_objectstorage to None, run_after=None
[2025-03-08T20:44:57.081+0000] {processor.py:208} INFO - Processing /home/airflow/.local/lib/python3.12/site-packages/airflow/example_dags/tutorial_objectstorage.py took 0.061 seconds
[2025-03-08T20:45:28.493+0000] {processor.py:186} INFO - Started process (PID=1670) to work on /home/airflow/.local/lib/python3.12/site-packages/airflow/example_dags/tutorial_objectstorage.py
[2025-03-08T20:45:28.494+0000] {processor.py:914} INFO - Processing file /home/airflow/.local/lib/python3.12/site-packages/airflow/example_dags/tutorial_objectstorage.py for tasks to queue
[2025-03-08T20:45:28.496+0000] {logging_mixin.py:190} INFO - [2025-03-08T20:45:28.496+0000] {dagbag.py:588} INFO - Filling up the DagBag from /home/airflow/.local/lib/python3.12/site-packages/airflow/example_dags/tutorial_objectstorage.py
[2025-03-08T20:45:28.504+0000] {processor.py:925} INFO - DAG(s) 'tutorial_objectstorage' retrieved from /home/airflow/.local/lib/python3.12/site-packages/airflow/example_dags/tutorial_objectstorage.py
[2025-03-08T20:45:28.521+0000] {logging_mixin.py:190} INFO - [2025-03-08T20:45:28.521+0000] {dag.py:3239} INFO - Sync 1 DAGs
[2025-03-08T20:45:28.533+0000] {logging_mixin.py:190} INFO - [2025-03-08T20:45:28.533+0000] {dag.py:4180} INFO - Setting next_dagrun for tutorial_objectstorage to None, run_after=None
[2025-03-08T20:45:28.549+0000] {processor.py:208} INFO - Processing /home/airflow/.local/lib/python3.12/site-packages/airflow/example_dags/tutorial_objectstorage.py took 0.062 seconds
[2025-03-08T20:45:59.942+0000] {processor.py:186} INFO - Started process (PID=1733) to work on /home/airflow/.local/lib/python3.12/site-packages/airflow/example_dags/tutorial_objectstorage.py
[2025-03-08T20:45:59.943+0000] {processor.py:914} INFO - Processing file /home/airflow/.local/lib/python3.12/site-packages/airflow/example_dags/tutorial_objectstorage.py for tasks to queue
[2025-03-08T20:45:59.945+0000] {logging_mixin.py:190} INFO - [2025-03-08T20:45:59.944+0000] {dagbag.py:588} INFO - Filling up the DagBag from /home/airflow/.local/lib/python3.12/site-packages/airflow/example_dags/tutorial_objectstorage.py
[2025-03-08T20:45:59.952+0000] {processor.py:925} INFO - DAG(s) 'tutorial_objectstorage' retrieved from /home/airflow/.local/lib/python3.12/site-packages/airflow/example_dags/tutorial_objectstorage.py
[2025-03-08T20:45:59.968+0000] {logging_mixin.py:190} INFO - [2025-03-08T20:45:59.968+0000] {dag.py:3239} INFO - Sync 1 DAGs
[2025-03-08T20:45:59.980+0000] {logging_mixin.py:190} INFO - [2025-03-08T20:45:59.980+0000] {dag.py:4180} INFO - Setting next_dagrun for tutorial_objectstorage to None, run_after=None
[2025-03-08T20:45:59.995+0000] {processor.py:208} INFO - Processing /home/airflow/.local/lib/python3.12/site-packages/airflow/example_dags/tutorial_objectstorage.py took 0.058 seconds
[2025-03-08T20:46:31.609+0000] {processor.py:186} INFO - Started process (PID=1802) to work on /home/airflow/.local/lib/python3.12/site-packages/airflow/example_dags/tutorial_objectstorage.py
[2025-03-08T20:46:31.610+0000] {processor.py:914} INFO - Processing file /home/airflow/.local/lib/python3.12/site-packages/airflow/example_dags/tutorial_objectstorage.py for tasks to queue
[2025-03-08T20:46:31.612+0000] {logging_mixin.py:190} INFO - [2025-03-08T20:46:31.611+0000] {dagbag.py:588} INFO - Filling up the DagBag from /home/airflow/.local/lib/python3.12/site-packages/airflow/example_dags/tutorial_objectstorage.py
[2025-03-08T20:46:31.620+0000] {processor.py:925} INFO - DAG(s) 'tutorial_objectstorage' retrieved from /home/airflow/.local/lib/python3.12/site-packages/airflow/example_dags/tutorial_objectstorage.py
[2025-03-08T20:46:31.641+0000] {logging_mixin.py:190} INFO - [2025-03-08T20:46:31.640+0000] {dag.py:3239} INFO - Sync 1 DAGs
[2025-03-08T20:46:31.656+0000] {logging_mixin.py:190} INFO - [2025-03-08T20:46:31.656+0000] {dag.py:4180} INFO - Setting next_dagrun for tutorial_objectstorage to None, run_after=None
[2025-03-08T20:46:31.675+0000] {processor.py:208} INFO - Processing /home/airflow/.local/lib/python3.12/site-packages/airflow/example_dags/tutorial_objectstorage.py took 0.071 seconds
[2025-03-08T20:47:02.072+0000] {processor.py:186} INFO - Started process (PID=1865) to work on /home/airflow/.local/lib/python3.12/site-packages/airflow/example_dags/tutorial_objectstorage.py
[2025-03-08T20:47:02.073+0000] {processor.py:914} INFO - Processing file /home/airflow/.local/lib/python3.12/site-packages/airflow/example_dags/tutorial_objectstorage.py for tasks to queue
[2025-03-08T20:47:02.075+0000] {logging_mixin.py:190} INFO - [2025-03-08T20:47:02.074+0000] {dagbag.py:588} INFO - Filling up the DagBag from /home/airflow/.local/lib/python3.12/site-packages/airflow/example_dags/tutorial_objectstorage.py
[2025-03-08T20:47:02.083+0000] {processor.py:925} INFO - DAG(s) 'tutorial_objectstorage' retrieved from /home/airflow/.local/lib/python3.12/site-packages/airflow/example_dags/tutorial_objectstorage.py
[2025-03-08T20:47:02.099+0000] {logging_mixin.py:190} INFO - [2025-03-08T20:47:02.099+0000] {dag.py:3239} INFO - Sync 1 DAGs
[2025-03-08T20:47:02.111+0000] {logging_mixin.py:190} INFO - [2025-03-08T20:47:02.111+0000] {dag.py:4180} INFO - Setting next_dagrun for tutorial_objectstorage to None, run_after=None
[2025-03-08T20:47:02.129+0000] {processor.py:208} INFO - Processing /home/airflow/.local/lib/python3.12/site-packages/airflow/example_dags/tutorial_objectstorage.py took 0.062 seconds
[2025-03-08T20:47:33.541+0000] {processor.py:186} INFO - Started process (PID=1928) to work on /home/airflow/.local/lib/python3.12/site-packages/airflow/example_dags/tutorial_objectstorage.py
[2025-03-08T20:47:33.541+0000] {processor.py:914} INFO - Processing file /home/airflow/.local/lib/python3.12/site-packages/airflow/example_dags/tutorial_objectstorage.py for tasks to queue
[2025-03-08T20:47:33.544+0000] {logging_mixin.py:190} INFO - [2025-03-08T20:47:33.543+0000] {dagbag.py:588} INFO - Filling up the DagBag from /home/airflow/.local/lib/python3.12/site-packages/airflow/example_dags/tutorial_objectstorage.py
[2025-03-08T20:47:33.552+0000] {processor.py:925} INFO - DAG(s) 'tutorial_objectstorage' retrieved from /home/airflow/.local/lib/python3.12/site-packages/airflow/example_dags/tutorial_objectstorage.py
[2025-03-08T20:47:33.570+0000] {logging_mixin.py:190} INFO - [2025-03-08T20:47:33.569+0000] {dag.py:3239} INFO - Sync 1 DAGs
[2025-03-08T20:47:33.583+0000] {logging_mixin.py:190} INFO - [2025-03-08T20:47:33.582+0000] {dag.py:4180} INFO - Setting next_dagrun for tutorial_objectstorage to None, run_after=None
[2025-03-08T20:47:33.599+0000] {processor.py:208} INFO - Processing /home/airflow/.local/lib/python3.12/site-packages/airflow/example_dags/tutorial_objectstorage.py took 0.064 seconds
[2025-03-08T20:48:04.838+0000] {processor.py:186} INFO - Started process (PID=1991) to work on /home/airflow/.local/lib/python3.12/site-packages/airflow/example_dags/tutorial_objectstorage.py
[2025-03-08T20:48:04.839+0000] {processor.py:914} INFO - Processing file /home/airflow/.local/lib/python3.12/site-packages/airflow/example_dags/tutorial_objectstorage.py for tasks to queue
[2025-03-08T20:48:04.841+0000] {logging_mixin.py:190} INFO - [2025-03-08T20:48:04.841+0000] {dagbag.py:588} INFO - Filling up the DagBag from /home/airflow/.local/lib/python3.12/site-packages/airflow/example_dags/tutorial_objectstorage.py
[2025-03-08T20:48:04.850+0000] {processor.py:925} INFO - DAG(s) 'tutorial_objectstorage' retrieved from /home/airflow/.local/lib/python3.12/site-packages/airflow/example_dags/tutorial_objectstorage.py
[2025-03-08T20:48:04.866+0000] {logging_mixin.py:190} INFO - [2025-03-08T20:48:04.866+0000] {dag.py:3239} INFO - Sync 1 DAGs
[2025-03-08T20:48:04.878+0000] {logging_mixin.py:190} INFO - [2025-03-08T20:48:04.878+0000] {dag.py:4180} INFO - Setting next_dagrun for tutorial_objectstorage to None, run_after=None
[2025-03-08T20:48:04.894+0000] {processor.py:208} INFO - Processing /home/airflow/.local/lib/python3.12/site-packages/airflow/example_dags/tutorial_objectstorage.py took 0.061 seconds
[2025-03-08T20:48:35.364+0000] {processor.py:186} INFO - Started process (PID=2054) to work on /home/airflow/.local/lib/python3.12/site-packages/airflow/example_dags/tutorial_objectstorage.py
[2025-03-08T20:48:35.365+0000] {processor.py:914} INFO - Processing file /home/airflow/.local/lib/python3.12/site-packages/airflow/example_dags/tutorial_objectstorage.py for tasks to queue
[2025-03-08T20:48:35.367+0000] {logging_mixin.py:190} INFO - [2025-03-08T20:48:35.367+0000] {dagbag.py:588} INFO - Filling up the DagBag from /home/airflow/.local/lib/python3.12/site-packages/airflow/example_dags/tutorial_objectstorage.py
[2025-03-08T20:48:35.377+0000] {processor.py:925} INFO - DAG(s) 'tutorial_objectstorage' retrieved from /home/airflow/.local/lib/python3.12/site-packages/airflow/example_dags/tutorial_objectstorage.py
[2025-03-08T20:48:35.394+0000] {logging_mixin.py:190} INFO - [2025-03-08T20:48:35.394+0000] {dag.py:3239} INFO - Sync 1 DAGs
[2025-03-08T20:48:35.407+0000] {logging_mixin.py:190} INFO - [2025-03-08T20:48:35.407+0000] {dag.py:4180} INFO - Setting next_dagrun for tutorial_objectstorage to None, run_after=None
[2025-03-08T20:48:35.425+0000] {processor.py:208} INFO - Processing /home/airflow/.local/lib/python3.12/site-packages/airflow/example_dags/tutorial_objectstorage.py took 0.067 seconds
[2025-03-08T20:49:06.734+0000] {processor.py:186} INFO - Started process (PID=2117) to work on /home/airflow/.local/lib/python3.12/site-packages/airflow/example_dags/tutorial_objectstorage.py
[2025-03-08T20:49:06.735+0000] {processor.py:914} INFO - Processing file /home/airflow/.local/lib/python3.12/site-packages/airflow/example_dags/tutorial_objectstorage.py for tasks to queue
[2025-03-08T20:49:06.737+0000] {logging_mixin.py:190} INFO - [2025-03-08T20:49:06.737+0000] {dagbag.py:588} INFO - Filling up the DagBag from /home/airflow/.local/lib/python3.12/site-packages/airflow/example_dags/tutorial_objectstorage.py
[2025-03-08T20:49:06.746+0000] {processor.py:925} INFO - DAG(s) 'tutorial_objectstorage' retrieved from /home/airflow/.local/lib/python3.12/site-packages/airflow/example_dags/tutorial_objectstorage.py
[2025-03-08T20:49:06.770+0000] {logging_mixin.py:190} INFO - [2025-03-08T20:49:06.769+0000] {dag.py:3239} INFO - Sync 1 DAGs
[2025-03-08T20:49:06.786+0000] {logging_mixin.py:190} INFO - [2025-03-08T20:49:06.786+0000] {dag.py:4180} INFO - Setting next_dagrun for tutorial_objectstorage to None, run_after=None
[2025-03-08T20:49:06.802+0000] {processor.py:208} INFO - Processing /home/airflow/.local/lib/python3.12/site-packages/airflow/example_dags/tutorial_objectstorage.py took 0.074 seconds
[2025-03-08T20:49:38.188+0000] {processor.py:186} INFO - Started process (PID=2180) to work on /home/airflow/.local/lib/python3.12/site-packages/airflow/example_dags/tutorial_objectstorage.py
[2025-03-08T20:49:38.189+0000] {processor.py:914} INFO - Processing file /home/airflow/.local/lib/python3.12/site-packages/airflow/example_dags/tutorial_objectstorage.py for tasks to queue
[2025-03-08T20:49:38.191+0000] {logging_mixin.py:190} INFO - [2025-03-08T20:49:38.190+0000] {dagbag.py:588} INFO - Filling up the DagBag from /home/airflow/.local/lib/python3.12/site-packages/airflow/example_dags/tutorial_objectstorage.py
[2025-03-08T20:49:38.199+0000] {processor.py:925} INFO - DAG(s) 'tutorial_objectstorage' retrieved from /home/airflow/.local/lib/python3.12/site-packages/airflow/example_dags/tutorial_objectstorage.py
[2025-03-08T20:49:38.214+0000] {logging_mixin.py:190} INFO - [2025-03-08T20:49:38.214+0000] {dag.py:3239} INFO - Sync 1 DAGs
[2025-03-08T20:49:38.226+0000] {logging_mixin.py:190} INFO - [2025-03-08T20:49:38.226+0000] {dag.py:4180} INFO - Setting next_dagrun for tutorial_objectstorage to None, run_after=None
[2025-03-08T20:49:38.247+0000] {processor.py:208} INFO - Processing /home/airflow/.local/lib/python3.12/site-packages/airflow/example_dags/tutorial_objectstorage.py took 0.064 seconds
[2025-03-08T20:50:09.144+0000] {processor.py:186} INFO - Started process (PID=2243) to work on /home/airflow/.local/lib/python3.12/site-packages/airflow/example_dags/tutorial_objectstorage.py
[2025-03-08T20:50:09.145+0000] {processor.py:914} INFO - Processing file /home/airflow/.local/lib/python3.12/site-packages/airflow/example_dags/tutorial_objectstorage.py for tasks to queue
[2025-03-08T20:50:09.147+0000] {logging_mixin.py:190} INFO - [2025-03-08T20:50:09.147+0000] {dagbag.py:588} INFO - Filling up the DagBag from /home/airflow/.local/lib/python3.12/site-packages/airflow/example_dags/tutorial_objectstorage.py
[2025-03-08T20:50:09.156+0000] {processor.py:925} INFO - DAG(s) 'tutorial_objectstorage' retrieved from /home/airflow/.local/lib/python3.12/site-packages/airflow/example_dags/tutorial_objectstorage.py
[2025-03-08T20:50:09.175+0000] {logging_mixin.py:190} INFO - [2025-03-08T20:50:09.175+0000] {dag.py:3239} INFO - Sync 1 DAGs
[2025-03-08T20:50:09.189+0000] {logging_mixin.py:190} INFO - [2025-03-08T20:50:09.189+0000] {dag.py:4180} INFO - Setting next_dagrun for tutorial_objectstorage to None, run_after=None
[2025-03-08T20:50:09.209+0000] {processor.py:208} INFO - Processing /home/airflow/.local/lib/python3.12/site-packages/airflow/example_dags/tutorial_objectstorage.py took 0.071 seconds
