[2025-03-08T20:32:35.450+0000] {processor.py:186} INFO - Started process (PID=100) to work on /home/airflow/.local/lib/python3.12/site-packages/airflow/example_dags/tutorial.py
[2025-03-08T20:32:35.451+0000] {processor.py:914} INFO - Processing file /home/airflow/.local/lib/python3.12/site-packages/airflow/example_dags/tutorial.py for tasks to queue
[2025-03-08T20:32:35.453+0000] {logging_mixin.py:190} INFO - [2025-03-08T20:32:35.452+0000] {dagbag.py:588} INFO - Filling up the DagBag from /home/airflow/.local/lib/python3.12/site-packages/airflow/example_dags/tutorial.py
[2025-03-08T20:32:35.460+0000] {processor.py:925} INFO - DAG(s) 'tutorial' retrieved from /home/airflow/.local/lib/python3.12/site-packages/airflow/example_dags/tutorial.py
[2025-03-08T20:32:35.555+0000] {logging_mixin.py:190} INFO - [2025-03-08T20:32:35.553+0000] {override.py:1912} INFO - Created Permission View: can edit on DAG:tutorial
[2025-03-08T20:32:35.567+0000] {logging_mixin.py:190} INFO - [2025-03-08T20:32:35.566+0000] {override.py:1912} INFO - Created Permission View: can read on DAG:tutorial
[2025-03-08T20:32:35.572+0000] {logging_mixin.py:190} INFO - [2025-03-08T20:32:35.572+0000] {override.py:1912} INFO - Created Permission View: can delete on DAG:tutorial
[2025-03-08T20:32:35.579+0000] {logging_mixin.py:190} INFO - [2025-03-08T20:32:35.578+0000] {override.py:1912} INFO - Created Permission View: can read on DAG Run:tutorial
[2025-03-08T20:32:35.584+0000] {logging_mixin.py:190} INFO - [2025-03-08T20:32:35.584+0000] {override.py:1912} INFO - Created Permission View: menu access on DAG Run:tutorial
[2025-03-08T20:32:35.589+0000] {logging_mixin.py:190} INFO - [2025-03-08T20:32:35.589+0000] {override.py:1912} INFO - Created Permission View: can create on DAG Run:tutorial
[2025-03-08T20:32:35.594+0000] {logging_mixin.py:190} INFO - [2025-03-08T20:32:35.594+0000] {override.py:1912} INFO - Created Permission View: can delete on DAG Run:tutorial
[2025-03-08T20:32:35.594+0000] {logging_mixin.py:190} INFO - [2025-03-08T20:32:35.594+0000] {dag.py:3239} INFO - Sync 1 DAGs
[2025-03-08T20:32:35.604+0000] {logging_mixin.py:190} INFO - [2025-03-08T20:32:35.604+0000] {dag.py:3262} INFO - Creating ORM DAG for tutorial
[2025-03-08T20:32:35.612+0000] {logging_mixin.py:190} INFO - [2025-03-08T20:32:35.612+0000] {dag.py:4180} INFO - Setting next_dagrun for tutorial to 2025-03-07 00:00:00+00:00, run_after=2025-03-08 00:00:00+00:00
[2025-03-08T20:32:35.625+0000] {processor.py:208} INFO - Processing /home/airflow/.local/lib/python3.12/site-packages/airflow/example_dags/tutorial.py took 0.180 seconds
[2025-03-08T20:33:06.094+0000] {processor.py:186} INFO - Started process (PID=163) to work on /home/airflow/.local/lib/python3.12/site-packages/airflow/example_dags/tutorial.py
[2025-03-08T20:33:06.094+0000] {processor.py:914} INFO - Processing file /home/airflow/.local/lib/python3.12/site-packages/airflow/example_dags/tutorial.py for tasks to queue
[2025-03-08T20:33:06.096+0000] {logging_mixin.py:190} INFO - [2025-03-08T20:33:06.096+0000] {dagbag.py:588} INFO - Filling up the DagBag from /home/airflow/.local/lib/python3.12/site-packages/airflow/example_dags/tutorial.py
[2025-03-08T20:33:06.103+0000] {processor.py:925} INFO - DAG(s) 'tutorial' retrieved from /home/airflow/.local/lib/python3.12/site-packages/airflow/example_dags/tutorial.py
[2025-03-08T20:33:06.121+0000] {logging_mixin.py:190} INFO - [2025-03-08T20:33:06.121+0000] {dag.py:3239} INFO - Sync 1 DAGs
[2025-03-08T20:33:06.142+0000] {logging_mixin.py:190} INFO - [2025-03-08T20:33:06.142+0000] {dag.py:4180} INFO - Setting next_dagrun for tutorial to 2025-03-07 00:00:00+00:00, run_after=2025-03-08 00:00:00+00:00
[2025-03-08T20:33:06.157+0000] {processor.py:208} INFO - Processing /home/airflow/.local/lib/python3.12/site-packages/airflow/example_dags/tutorial.py took 0.068 seconds
[2025-03-08T20:33:36.428+0000] {processor.py:186} INFO - Started process (PID=226) to work on /home/airflow/.local/lib/python3.12/site-packages/airflow/example_dags/tutorial.py
[2025-03-08T20:33:36.428+0000] {processor.py:914} INFO - Processing file /home/airflow/.local/lib/python3.12/site-packages/airflow/example_dags/tutorial.py for tasks to queue
[2025-03-08T20:33:36.430+0000] {logging_mixin.py:190} INFO - [2025-03-08T20:33:36.430+0000] {dagbag.py:588} INFO - Filling up the DagBag from /home/airflow/.local/lib/python3.12/site-packages/airflow/example_dags/tutorial.py
[2025-03-08T20:33:36.437+0000] {processor.py:925} INFO - DAG(s) 'tutorial' retrieved from /home/airflow/.local/lib/python3.12/site-packages/airflow/example_dags/tutorial.py
[2025-03-08T20:33:36.454+0000] {logging_mixin.py:190} INFO - [2025-03-08T20:33:36.454+0000] {dag.py:3239} INFO - Sync 1 DAGs
[2025-03-08T20:33:36.482+0000] {logging_mixin.py:190} INFO - [2025-03-08T20:33:36.482+0000] {dag.py:4180} INFO - Setting next_dagrun for tutorial to 2025-03-07 00:00:00+00:00, run_after=2025-03-08 00:00:00+00:00
[2025-03-08T20:33:36.501+0000] {processor.py:208} INFO - Processing /home/airflow/.local/lib/python3.12/site-packages/airflow/example_dags/tutorial.py took 0.078 seconds
[2025-03-08T20:34:07.353+0000] {processor.py:186} INFO - Started process (PID=288) to work on /home/airflow/.local/lib/python3.12/site-packages/airflow/example_dags/tutorial.py
[2025-03-08T20:34:07.354+0000] {processor.py:914} INFO - Processing file /home/airflow/.local/lib/python3.12/site-packages/airflow/example_dags/tutorial.py for tasks to queue
[2025-03-08T20:34:07.357+0000] {logging_mixin.py:190} INFO - [2025-03-08T20:34:07.357+0000] {dagbag.py:588} INFO - Filling up the DagBag from /home/airflow/.local/lib/python3.12/site-packages/airflow/example_dags/tutorial.py
[2025-03-08T20:34:07.367+0000] {processor.py:925} INFO - DAG(s) 'tutorial' retrieved from /home/airflow/.local/lib/python3.12/site-packages/airflow/example_dags/tutorial.py
[2025-03-08T20:34:07.390+0000] {logging_mixin.py:190} INFO - [2025-03-08T20:34:07.389+0000] {dag.py:3239} INFO - Sync 1 DAGs
[2025-03-08T20:34:07.416+0000] {logging_mixin.py:190} INFO - [2025-03-08T20:34:07.416+0000] {dag.py:4180} INFO - Setting next_dagrun for tutorial to 2025-03-07 00:00:00+00:00, run_after=2025-03-08 00:00:00+00:00
[2025-03-08T20:34:07.438+0000] {processor.py:208} INFO - Processing /home/airflow/.local/lib/python3.12/site-packages/airflow/example_dags/tutorial.py took 0.091 seconds
[2025-03-08T20:34:37.496+0000] {processor.py:186} INFO - Started process (PID=351) to work on /home/airflow/.local/lib/python3.12/site-packages/airflow/example_dags/tutorial.py
[2025-03-08T20:34:37.497+0000] {processor.py:914} INFO - Processing file /home/airflow/.local/lib/python3.12/site-packages/airflow/example_dags/tutorial.py for tasks to queue
[2025-03-08T20:34:37.504+0000] {logging_mixin.py:190} INFO - [2025-03-08T20:34:37.503+0000] {dagbag.py:588} INFO - Filling up the DagBag from /home/airflow/.local/lib/python3.12/site-packages/airflow/example_dags/tutorial.py
[2025-03-08T20:34:37.531+0000] {processor.py:925} INFO - DAG(s) 'tutorial' retrieved from /home/airflow/.local/lib/python3.12/site-packages/airflow/example_dags/tutorial.py
[2025-03-08T20:34:37.549+0000] {logging_mixin.py:190} INFO - [2025-03-08T20:34:37.548+0000] {dag.py:3239} INFO - Sync 1 DAGs
[2025-03-08T20:34:37.568+0000] {logging_mixin.py:190} INFO - [2025-03-08T20:34:37.568+0000] {dag.py:4180} INFO - Setting next_dagrun for tutorial to 2025-03-07 00:00:00+00:00, run_after=2025-03-08 00:00:00+00:00
[2025-03-08T20:34:37.585+0000] {processor.py:208} INFO - Processing /home/airflow/.local/lib/python3.12/site-packages/airflow/example_dags/tutorial.py took 0.106 seconds
[2025-03-08T20:35:08.178+0000] {processor.py:186} INFO - Started process (PID=414) to work on /home/airflow/.local/lib/python3.12/site-packages/airflow/example_dags/tutorial.py
[2025-03-08T20:35:08.179+0000] {processor.py:914} INFO - Processing file /home/airflow/.local/lib/python3.12/site-packages/airflow/example_dags/tutorial.py for tasks to queue
[2025-03-08T20:35:08.181+0000] {logging_mixin.py:190} INFO - [2025-03-08T20:35:08.181+0000] {dagbag.py:588} INFO - Filling up the DagBag from /home/airflow/.local/lib/python3.12/site-packages/airflow/example_dags/tutorial.py
[2025-03-08T20:35:08.190+0000] {processor.py:925} INFO - DAG(s) 'tutorial' retrieved from /home/airflow/.local/lib/python3.12/site-packages/airflow/example_dags/tutorial.py
[2025-03-08T20:35:08.207+0000] {logging_mixin.py:190} INFO - [2025-03-08T20:35:08.206+0000] {dag.py:3239} INFO - Sync 1 DAGs
[2025-03-08T20:35:08.228+0000] {logging_mixin.py:190} INFO - [2025-03-08T20:35:08.227+0000] {dag.py:4180} INFO - Setting next_dagrun for tutorial to 2025-03-07 00:00:00+00:00, run_after=2025-03-08 00:00:00+00:00
[2025-03-08T20:35:08.244+0000] {processor.py:208} INFO - Processing /home/airflow/.local/lib/python3.12/site-packages/airflow/example_dags/tutorial.py took 0.072 seconds
[2025-03-08T20:35:39.596+0000] {processor.py:186} INFO - Started process (PID=477) to work on /home/airflow/.local/lib/python3.12/site-packages/airflow/example_dags/tutorial.py
[2025-03-08T20:35:39.597+0000] {processor.py:914} INFO - Processing file /home/airflow/.local/lib/python3.12/site-packages/airflow/example_dags/tutorial.py for tasks to queue
[2025-03-08T20:35:39.599+0000] {logging_mixin.py:190} INFO - [2025-03-08T20:35:39.599+0000] {dagbag.py:588} INFO - Filling up the DagBag from /home/airflow/.local/lib/python3.12/site-packages/airflow/example_dags/tutorial.py
[2025-03-08T20:35:39.609+0000] {processor.py:925} INFO - DAG(s) 'tutorial' retrieved from /home/airflow/.local/lib/python3.12/site-packages/airflow/example_dags/tutorial.py
[2025-03-08T20:35:39.625+0000] {logging_mixin.py:190} INFO - [2025-03-08T20:35:39.625+0000] {dag.py:3239} INFO - Sync 1 DAGs
[2025-03-08T20:35:39.645+0000] {logging_mixin.py:190} INFO - [2025-03-08T20:35:39.645+0000] {dag.py:4180} INFO - Setting next_dagrun for tutorial to 2025-03-07 00:00:00+00:00, run_after=2025-03-08 00:00:00+00:00
[2025-03-08T20:35:39.663+0000] {processor.py:208} INFO - Processing /home/airflow/.local/lib/python3.12/site-packages/airflow/example_dags/tutorial.py took 0.074 seconds
[2025-03-08T20:36:10.059+0000] {processor.py:186} INFO - Started process (PID=540) to work on /home/airflow/.local/lib/python3.12/site-packages/airflow/example_dags/tutorial.py
[2025-03-08T20:36:10.059+0000] {processor.py:914} INFO - Processing file /home/airflow/.local/lib/python3.12/site-packages/airflow/example_dags/tutorial.py for tasks to queue
[2025-03-08T20:36:10.062+0000] {logging_mixin.py:190} INFO - [2025-03-08T20:36:10.062+0000] {dagbag.py:588} INFO - Filling up the DagBag from /home/airflow/.local/lib/python3.12/site-packages/airflow/example_dags/tutorial.py
[2025-03-08T20:36:10.070+0000] {processor.py:925} INFO - DAG(s) 'tutorial' retrieved from /home/airflow/.local/lib/python3.12/site-packages/airflow/example_dags/tutorial.py
[2025-03-08T20:36:10.088+0000] {logging_mixin.py:190} INFO - [2025-03-08T20:36:10.088+0000] {dag.py:3239} INFO - Sync 1 DAGs
[2025-03-08T20:36:10.114+0000] {logging_mixin.py:190} INFO - [2025-03-08T20:36:10.113+0000] {dag.py:4180} INFO - Setting next_dagrun for tutorial to 2025-03-07 00:00:00+00:00, run_after=2025-03-08 00:00:00+00:00
[2025-03-08T20:36:10.132+0000] {processor.py:208} INFO - Processing /home/airflow/.local/lib/python3.12/site-packages/airflow/example_dags/tutorial.py took 0.079 seconds
[2025-03-08T20:36:41.432+0000] {processor.py:186} INFO - Started process (PID=603) to work on /home/airflow/.local/lib/python3.12/site-packages/airflow/example_dags/tutorial.py
[2025-03-08T20:36:41.432+0000] {processor.py:914} INFO - Processing file /home/airflow/.local/lib/python3.12/site-packages/airflow/example_dags/tutorial.py for tasks to queue
[2025-03-08T20:36:41.434+0000] {logging_mixin.py:190} INFO - [2025-03-08T20:36:41.433+0000] {dagbag.py:588} INFO - Filling up the DagBag from /home/airflow/.local/lib/python3.12/site-packages/airflow/example_dags/tutorial.py
[2025-03-08T20:36:41.441+0000] {processor.py:925} INFO - DAG(s) 'tutorial' retrieved from /home/airflow/.local/lib/python3.12/site-packages/airflow/example_dags/tutorial.py
[2025-03-08T20:36:41.457+0000] {logging_mixin.py:190} INFO - [2025-03-08T20:36:41.457+0000] {dag.py:3239} INFO - Sync 1 DAGs
[2025-03-08T20:36:41.483+0000] {logging_mixin.py:190} INFO - [2025-03-08T20:36:41.483+0000] {dag.py:4180} INFO - Setting next_dagrun for tutorial to 2025-03-07 00:00:00+00:00, run_after=2025-03-08 00:00:00+00:00
[2025-03-08T20:36:41.503+0000] {processor.py:208} INFO - Processing /home/airflow/.local/lib/python3.12/site-packages/airflow/example_dags/tutorial.py took 0.078 seconds
[2025-03-08T20:37:12.501+0000] {processor.py:186} INFO - Started process (PID=666) to work on /home/airflow/.local/lib/python3.12/site-packages/airflow/example_dags/tutorial.py
[2025-03-08T20:37:12.502+0000] {processor.py:914} INFO - Processing file /home/airflow/.local/lib/python3.12/site-packages/airflow/example_dags/tutorial.py for tasks to queue
[2025-03-08T20:37:12.504+0000] {logging_mixin.py:190} INFO - [2025-03-08T20:37:12.504+0000] {dagbag.py:588} INFO - Filling up the DagBag from /home/airflow/.local/lib/python3.12/site-packages/airflow/example_dags/tutorial.py
[2025-03-08T20:37:12.512+0000] {processor.py:925} INFO - DAG(s) 'tutorial' retrieved from /home/airflow/.local/lib/python3.12/site-packages/airflow/example_dags/tutorial.py
[2025-03-08T20:37:12.530+0000] {logging_mixin.py:190} INFO - [2025-03-08T20:37:12.530+0000] {dag.py:3239} INFO - Sync 1 DAGs
[2025-03-08T20:37:12.553+0000] {logging_mixin.py:190} INFO - [2025-03-08T20:37:12.553+0000] {dag.py:4180} INFO - Setting next_dagrun for tutorial to 2025-03-07 00:00:00+00:00, run_after=2025-03-08 00:00:00+00:00
[2025-03-08T20:37:12.572+0000] {processor.py:208} INFO - Processing /home/airflow/.local/lib/python3.12/site-packages/airflow/example_dags/tutorial.py took 0.078 seconds
[2025-03-08T20:37:43.165+0000] {processor.py:186} INFO - Started process (PID=729) to work on /home/airflow/.local/lib/python3.12/site-packages/airflow/example_dags/tutorial.py
[2025-03-08T20:37:43.166+0000] {processor.py:914} INFO - Processing file /home/airflow/.local/lib/python3.12/site-packages/airflow/example_dags/tutorial.py for tasks to queue
[2025-03-08T20:37:43.169+0000] {logging_mixin.py:190} INFO - [2025-03-08T20:37:43.168+0000] {dagbag.py:588} INFO - Filling up the DagBag from /home/airflow/.local/lib/python3.12/site-packages/airflow/example_dags/tutorial.py
[2025-03-08T20:37:43.176+0000] {processor.py:925} INFO - DAG(s) 'tutorial' retrieved from /home/airflow/.local/lib/python3.12/site-packages/airflow/example_dags/tutorial.py
[2025-03-08T20:37:43.193+0000] {logging_mixin.py:190} INFO - [2025-03-08T20:37:43.193+0000] {dag.py:3239} INFO - Sync 1 DAGs
[2025-03-08T20:37:43.214+0000] {logging_mixin.py:190} INFO - [2025-03-08T20:37:43.214+0000] {dag.py:4180} INFO - Setting next_dagrun for tutorial to 2025-03-07 00:00:00+00:00, run_after=2025-03-08 00:00:00+00:00
[2025-03-08T20:37:43.234+0000] {processor.py:208} INFO - Processing /home/airflow/.local/lib/python3.12/site-packages/airflow/example_dags/tutorial.py took 0.074 seconds
[2025-03-08T20:38:14.334+0000] {processor.py:186} INFO - Started process (PID=792) to work on /home/airflow/.local/lib/python3.12/site-packages/airflow/example_dags/tutorial.py
[2025-03-08T20:38:14.334+0000] {processor.py:914} INFO - Processing file /home/airflow/.local/lib/python3.12/site-packages/airflow/example_dags/tutorial.py for tasks to queue
[2025-03-08T20:38:14.337+0000] {logging_mixin.py:190} INFO - [2025-03-08T20:38:14.336+0000] {dagbag.py:588} INFO - Filling up the DagBag from /home/airflow/.local/lib/python3.12/site-packages/airflow/example_dags/tutorial.py
[2025-03-08T20:38:14.344+0000] {processor.py:925} INFO - DAG(s) 'tutorial' retrieved from /home/airflow/.local/lib/python3.12/site-packages/airflow/example_dags/tutorial.py
[2025-03-08T20:38:14.361+0000] {logging_mixin.py:190} INFO - [2025-03-08T20:38:14.361+0000] {dag.py:3239} INFO - Sync 1 DAGs
[2025-03-08T20:38:14.382+0000] {logging_mixin.py:190} INFO - [2025-03-08T20:38:14.382+0000] {dag.py:4180} INFO - Setting next_dagrun for tutorial to 2025-03-07 00:00:00+00:00, run_after=2025-03-08 00:00:00+00:00
[2025-03-08T20:38:14.399+0000] {processor.py:208} INFO - Processing /home/airflow/.local/lib/python3.12/site-packages/airflow/example_dags/tutorial.py took 0.071 seconds
[2025-03-08T20:38:44.953+0000] {processor.py:186} INFO - Started process (PID=855) to work on /home/airflow/.local/lib/python3.12/site-packages/airflow/example_dags/tutorial.py
[2025-03-08T20:38:44.954+0000] {processor.py:914} INFO - Processing file /home/airflow/.local/lib/python3.12/site-packages/airflow/example_dags/tutorial.py for tasks to queue
[2025-03-08T20:38:44.956+0000] {logging_mixin.py:190} INFO - [2025-03-08T20:38:44.956+0000] {dagbag.py:588} INFO - Filling up the DagBag from /home/airflow/.local/lib/python3.12/site-packages/airflow/example_dags/tutorial.py
[2025-03-08T20:38:44.964+0000] {processor.py:925} INFO - DAG(s) 'tutorial' retrieved from /home/airflow/.local/lib/python3.12/site-packages/airflow/example_dags/tutorial.py
[2025-03-08T20:38:44.981+0000] {logging_mixin.py:190} INFO - [2025-03-08T20:38:44.981+0000] {dag.py:3239} INFO - Sync 1 DAGs
[2025-03-08T20:38:45.001+0000] {logging_mixin.py:190} INFO - [2025-03-08T20:38:45.001+0000] {dag.py:4180} INFO - Setting next_dagrun for tutorial to 2025-03-07 00:00:00+00:00, run_after=2025-03-08 00:00:00+00:00
[2025-03-08T20:38:45.017+0000] {processor.py:208} INFO - Processing /home/airflow/.local/lib/python3.12/site-packages/airflow/example_dags/tutorial.py took 0.069 seconds
[2025-03-08T20:39:16.538+0000] {processor.py:186} INFO - Started process (PID=918) to work on /home/airflow/.local/lib/python3.12/site-packages/airflow/example_dags/tutorial.py
[2025-03-08T20:39:16.539+0000] {processor.py:914} INFO - Processing file /home/airflow/.local/lib/python3.12/site-packages/airflow/example_dags/tutorial.py for tasks to queue
[2025-03-08T20:39:16.540+0000] {logging_mixin.py:190} INFO - [2025-03-08T20:39:16.540+0000] {dagbag.py:588} INFO - Filling up the DagBag from /home/airflow/.local/lib/python3.12/site-packages/airflow/example_dags/tutorial.py
[2025-03-08T20:39:16.547+0000] {processor.py:925} INFO - DAG(s) 'tutorial' retrieved from /home/airflow/.local/lib/python3.12/site-packages/airflow/example_dags/tutorial.py
[2025-03-08T20:39:16.563+0000] {logging_mixin.py:190} INFO - [2025-03-08T20:39:16.563+0000] {dag.py:3239} INFO - Sync 1 DAGs
[2025-03-08T20:39:16.584+0000] {logging_mixin.py:190} INFO - [2025-03-08T20:39:16.583+0000] {dag.py:4180} INFO - Setting next_dagrun for tutorial to 2025-03-07 00:00:00+00:00, run_after=2025-03-08 00:00:00+00:00
[2025-03-08T20:39:16.600+0000] {processor.py:208} INFO - Processing /home/airflow/.local/lib/python3.12/site-packages/airflow/example_dags/tutorial.py took 0.068 seconds
[2025-03-08T20:39:47.728+0000] {processor.py:186} INFO - Started process (PID=981) to work on /home/airflow/.local/lib/python3.12/site-packages/airflow/example_dags/tutorial.py
[2025-03-08T20:39:47.728+0000] {processor.py:914} INFO - Processing file /home/airflow/.local/lib/python3.12/site-packages/airflow/example_dags/tutorial.py for tasks to queue
[2025-03-08T20:39:47.730+0000] {logging_mixin.py:190} INFO - [2025-03-08T20:39:47.730+0000] {dagbag.py:588} INFO - Filling up the DagBag from /home/airflow/.local/lib/python3.12/site-packages/airflow/example_dags/tutorial.py
[2025-03-08T20:39:47.737+0000] {processor.py:925} INFO - DAG(s) 'tutorial' retrieved from /home/airflow/.local/lib/python3.12/site-packages/airflow/example_dags/tutorial.py
[2025-03-08T20:39:47.754+0000] {logging_mixin.py:190} INFO - [2025-03-08T20:39:47.754+0000] {dag.py:3239} INFO - Sync 1 DAGs
[2025-03-08T20:39:47.773+0000] {logging_mixin.py:190} INFO - [2025-03-08T20:39:47.772+0000] {dag.py:4180} INFO - Setting next_dagrun for tutorial to 2025-03-07 00:00:00+00:00, run_after=2025-03-08 00:00:00+00:00
[2025-03-08T20:39:47.789+0000] {processor.py:208} INFO - Processing /home/airflow/.local/lib/python3.12/site-packages/airflow/example_dags/tutorial.py took 0.067 seconds
[2025-03-08T20:40:18.299+0000] {processor.py:186} INFO - Started process (PID=1044) to work on /home/airflow/.local/lib/python3.12/site-packages/airflow/example_dags/tutorial.py
[2025-03-08T20:40:18.300+0000] {processor.py:914} INFO - Processing file /home/airflow/.local/lib/python3.12/site-packages/airflow/example_dags/tutorial.py for tasks to queue
[2025-03-08T20:40:18.301+0000] {logging_mixin.py:190} INFO - [2025-03-08T20:40:18.301+0000] {dagbag.py:588} INFO - Filling up the DagBag from /home/airflow/.local/lib/python3.12/site-packages/airflow/example_dags/tutorial.py
[2025-03-08T20:40:18.308+0000] {processor.py:925} INFO - DAG(s) 'tutorial' retrieved from /home/airflow/.local/lib/python3.12/site-packages/airflow/example_dags/tutorial.py
[2025-03-08T20:40:18.324+0000] {logging_mixin.py:190} INFO - [2025-03-08T20:40:18.324+0000] {dag.py:3239} INFO - Sync 1 DAGs
[2025-03-08T20:40:18.343+0000] {logging_mixin.py:190} INFO - [2025-03-08T20:40:18.343+0000] {dag.py:4180} INFO - Setting next_dagrun for tutorial to 2025-03-07 00:00:00+00:00, run_after=2025-03-08 00:00:00+00:00
[2025-03-08T20:40:18.358+0000] {processor.py:208} INFO - Processing /home/airflow/.local/lib/python3.12/site-packages/airflow/example_dags/tutorial.py took 0.064 seconds
[2025-03-08T20:40:49.712+0000] {processor.py:186} INFO - Started process (PID=1107) to work on /home/airflow/.local/lib/python3.12/site-packages/airflow/example_dags/tutorial.py
[2025-03-08T20:40:49.712+0000] {processor.py:914} INFO - Processing file /home/airflow/.local/lib/python3.12/site-packages/airflow/example_dags/tutorial.py for tasks to queue
[2025-03-08T20:40:49.714+0000] {logging_mixin.py:190} INFO - [2025-03-08T20:40:49.714+0000] {dagbag.py:588} INFO - Filling up the DagBag from /home/airflow/.local/lib/python3.12/site-packages/airflow/example_dags/tutorial.py
[2025-03-08T20:40:49.721+0000] {processor.py:925} INFO - DAG(s) 'tutorial' retrieved from /home/airflow/.local/lib/python3.12/site-packages/airflow/example_dags/tutorial.py
[2025-03-08T20:40:49.739+0000] {logging_mixin.py:190} INFO - [2025-03-08T20:40:49.739+0000] {dag.py:3239} INFO - Sync 1 DAGs
[2025-03-08T20:40:49.759+0000] {logging_mixin.py:190} INFO - [2025-03-08T20:40:49.758+0000] {dag.py:4180} INFO - Setting next_dagrun for tutorial to 2025-03-07 00:00:00+00:00, run_after=2025-03-08 00:00:00+00:00
[2025-03-08T20:40:49.775+0000] {processor.py:208} INFO - Processing /home/airflow/.local/lib/python3.12/site-packages/airflow/example_dags/tutorial.py took 0.069 seconds
[2025-03-08T20:41:21.358+0000] {processor.py:186} INFO - Started process (PID=1170) to work on /home/airflow/.local/lib/python3.12/site-packages/airflow/example_dags/tutorial.py
[2025-03-08T20:41:21.359+0000] {processor.py:914} INFO - Processing file /home/airflow/.local/lib/python3.12/site-packages/airflow/example_dags/tutorial.py for tasks to queue
[2025-03-08T20:41:21.361+0000] {logging_mixin.py:190} INFO - [2025-03-08T20:41:21.361+0000] {dagbag.py:588} INFO - Filling up the DagBag from /home/airflow/.local/lib/python3.12/site-packages/airflow/example_dags/tutorial.py
[2025-03-08T20:41:21.368+0000] {processor.py:925} INFO - DAG(s) 'tutorial' retrieved from /home/airflow/.local/lib/python3.12/site-packages/airflow/example_dags/tutorial.py
[2025-03-08T20:41:21.384+0000] {logging_mixin.py:190} INFO - [2025-03-08T20:41:21.384+0000] {dag.py:3239} INFO - Sync 1 DAGs
[2025-03-08T20:41:21.403+0000] {logging_mixin.py:190} INFO - [2025-03-08T20:41:21.403+0000] {dag.py:4180} INFO - Setting next_dagrun for tutorial to 2025-03-07 00:00:00+00:00, run_after=2025-03-08 00:00:00+00:00
[2025-03-08T20:41:21.419+0000] {processor.py:208} INFO - Processing /home/airflow/.local/lib/python3.12/site-packages/airflow/example_dags/tutorial.py took 0.066 seconds
[2025-03-08T20:41:52.474+0000] {processor.py:186} INFO - Started process (PID=1233) to work on /home/airflow/.local/lib/python3.12/site-packages/airflow/example_dags/tutorial.py
[2025-03-08T20:41:52.475+0000] {processor.py:914} INFO - Processing file /home/airflow/.local/lib/python3.12/site-packages/airflow/example_dags/tutorial.py for tasks to queue
[2025-03-08T20:41:52.477+0000] {logging_mixin.py:190} INFO - [2025-03-08T20:41:52.477+0000] {dagbag.py:588} INFO - Filling up the DagBag from /home/airflow/.local/lib/python3.12/site-packages/airflow/example_dags/tutorial.py
[2025-03-08T20:41:52.485+0000] {processor.py:925} INFO - DAG(s) 'tutorial' retrieved from /home/airflow/.local/lib/python3.12/site-packages/airflow/example_dags/tutorial.py
[2025-03-08T20:41:52.502+0000] {logging_mixin.py:190} INFO - [2025-03-08T20:41:52.502+0000] {dag.py:3239} INFO - Sync 1 DAGs
[2025-03-08T20:41:52.522+0000] {logging_mixin.py:190} INFO - [2025-03-08T20:41:52.522+0000] {dag.py:4180} INFO - Setting next_dagrun for tutorial to 2025-03-07 00:00:00+00:00, run_after=2025-03-08 00:00:00+00:00
[2025-03-08T20:41:52.538+0000] {processor.py:208} INFO - Processing /home/airflow/.local/lib/python3.12/site-packages/airflow/example_dags/tutorial.py took 0.071 seconds
[2025-03-08T20:42:23.222+0000] {processor.py:186} INFO - Started process (PID=1296) to work on /home/airflow/.local/lib/python3.12/site-packages/airflow/example_dags/tutorial.py
[2025-03-08T20:42:23.222+0000] {processor.py:914} INFO - Processing file /home/airflow/.local/lib/python3.12/site-packages/airflow/example_dags/tutorial.py for tasks to queue
[2025-03-08T20:42:23.225+0000] {logging_mixin.py:190} INFO - [2025-03-08T20:42:23.224+0000] {dagbag.py:588} INFO - Filling up the DagBag from /home/airflow/.local/lib/python3.12/site-packages/airflow/example_dags/tutorial.py
[2025-03-08T20:42:23.233+0000] {processor.py:925} INFO - DAG(s) 'tutorial' retrieved from /home/airflow/.local/lib/python3.12/site-packages/airflow/example_dags/tutorial.py
[2025-03-08T20:42:23.249+0000] {logging_mixin.py:190} INFO - [2025-03-08T20:42:23.249+0000] {dag.py:3239} INFO - Sync 1 DAGs
[2025-03-08T20:42:23.268+0000] {logging_mixin.py:190} INFO - [2025-03-08T20:42:23.268+0000] {dag.py:4180} INFO - Setting next_dagrun for tutorial to 2025-03-07 00:00:00+00:00, run_after=2025-03-08 00:00:00+00:00
[2025-03-08T20:42:23.284+0000] {processor.py:208} INFO - Processing /home/airflow/.local/lib/python3.12/site-packages/airflow/example_dags/tutorial.py took 0.068 seconds
[2025-03-08T20:42:53.844+0000] {processor.py:186} INFO - Started process (PID=1359) to work on /home/airflow/.local/lib/python3.12/site-packages/airflow/example_dags/tutorial.py
[2025-03-08T20:42:53.845+0000] {processor.py:914} INFO - Processing file /home/airflow/.local/lib/python3.12/site-packages/airflow/example_dags/tutorial.py for tasks to queue
[2025-03-08T20:42:53.847+0000] {logging_mixin.py:190} INFO - [2025-03-08T20:42:53.847+0000] {dagbag.py:588} INFO - Filling up the DagBag from /home/airflow/.local/lib/python3.12/site-packages/airflow/example_dags/tutorial.py
[2025-03-08T20:42:53.854+0000] {processor.py:925} INFO - DAG(s) 'tutorial' retrieved from /home/airflow/.local/lib/python3.12/site-packages/airflow/example_dags/tutorial.py
[2025-03-08T20:42:53.870+0000] {logging_mixin.py:190} INFO - [2025-03-08T20:42:53.870+0000] {dag.py:3239} INFO - Sync 1 DAGs
[2025-03-08T20:42:53.889+0000] {logging_mixin.py:190} INFO - [2025-03-08T20:42:53.889+0000] {dag.py:4180} INFO - Setting next_dagrun for tutorial to 2025-03-07 00:00:00+00:00, run_after=2025-03-08 00:00:00+00:00
[2025-03-08T20:42:53.905+0000] {processor.py:208} INFO - Processing /home/airflow/.local/lib/python3.12/site-packages/airflow/example_dags/tutorial.py took 0.067 seconds
[2025-03-08T20:43:24.306+0000] {processor.py:186} INFO - Started process (PID=1422) to work on /home/airflow/.local/lib/python3.12/site-packages/airflow/example_dags/tutorial.py
[2025-03-08T20:43:24.307+0000] {processor.py:914} INFO - Processing file /home/airflow/.local/lib/python3.12/site-packages/airflow/example_dags/tutorial.py for tasks to queue
[2025-03-08T20:43:24.309+0000] {logging_mixin.py:190} INFO - [2025-03-08T20:43:24.309+0000] {dagbag.py:588} INFO - Filling up the DagBag from /home/airflow/.local/lib/python3.12/site-packages/airflow/example_dags/tutorial.py
[2025-03-08T20:43:24.316+0000] {processor.py:925} INFO - DAG(s) 'tutorial' retrieved from /home/airflow/.local/lib/python3.12/site-packages/airflow/example_dags/tutorial.py
[2025-03-08T20:43:24.331+0000] {logging_mixin.py:190} INFO - [2025-03-08T20:43:24.331+0000] {dag.py:3239} INFO - Sync 1 DAGs
[2025-03-08T20:43:24.351+0000] {logging_mixin.py:190} INFO - [2025-03-08T20:43:24.351+0000] {dag.py:4180} INFO - Setting next_dagrun for tutorial to 2025-03-07 00:00:00+00:00, run_after=2025-03-08 00:00:00+00:00
[2025-03-08T20:43:24.366+0000] {processor.py:208} INFO - Processing /home/airflow/.local/lib/python3.12/site-packages/airflow/example_dags/tutorial.py took 0.065 seconds
[2025-03-08T20:43:55.906+0000] {processor.py:186} INFO - Started process (PID=1485) to work on /home/airflow/.local/lib/python3.12/site-packages/airflow/example_dags/tutorial.py
[2025-03-08T20:43:55.907+0000] {processor.py:914} INFO - Processing file /home/airflow/.local/lib/python3.12/site-packages/airflow/example_dags/tutorial.py for tasks to queue
[2025-03-08T20:43:55.909+0000] {logging_mixin.py:190} INFO - [2025-03-08T20:43:55.909+0000] {dagbag.py:588} INFO - Filling up the DagBag from /home/airflow/.local/lib/python3.12/site-packages/airflow/example_dags/tutorial.py
[2025-03-08T20:43:55.916+0000] {processor.py:925} INFO - DAG(s) 'tutorial' retrieved from /home/airflow/.local/lib/python3.12/site-packages/airflow/example_dags/tutorial.py
[2025-03-08T20:43:55.932+0000] {logging_mixin.py:190} INFO - [2025-03-08T20:43:55.932+0000] {dag.py:3239} INFO - Sync 1 DAGs
[2025-03-08T20:43:55.951+0000] {logging_mixin.py:190} INFO - [2025-03-08T20:43:55.951+0000] {dag.py:4180} INFO - Setting next_dagrun for tutorial to 2025-03-07 00:00:00+00:00, run_after=2025-03-08 00:00:00+00:00
[2025-03-08T20:43:55.966+0000] {processor.py:208} INFO - Processing /home/airflow/.local/lib/python3.12/site-packages/airflow/example_dags/tutorial.py took 0.065 seconds
[2025-03-08T20:44:26.638+0000] {processor.py:186} INFO - Started process (PID=1548) to work on /home/airflow/.local/lib/python3.12/site-packages/airflow/example_dags/tutorial.py
[2025-03-08T20:44:26.639+0000] {processor.py:914} INFO - Processing file /home/airflow/.local/lib/python3.12/site-packages/airflow/example_dags/tutorial.py for tasks to queue
[2025-03-08T20:44:26.641+0000] {logging_mixin.py:190} INFO - [2025-03-08T20:44:26.641+0000] {dagbag.py:588} INFO - Filling up the DagBag from /home/airflow/.local/lib/python3.12/site-packages/airflow/example_dags/tutorial.py
[2025-03-08T20:44:26.648+0000] {processor.py:925} INFO - DAG(s) 'tutorial' retrieved from /home/airflow/.local/lib/python3.12/site-packages/airflow/example_dags/tutorial.py
[2025-03-08T20:44:26.665+0000] {logging_mixin.py:190} INFO - [2025-03-08T20:44:26.665+0000] {dag.py:3239} INFO - Sync 1 DAGs
[2025-03-08T20:44:26.683+0000] {logging_mixin.py:190} INFO - [2025-03-08T20:44:26.683+0000] {dag.py:4180} INFO - Setting next_dagrun for tutorial to 2025-03-07 00:00:00+00:00, run_after=2025-03-08 00:00:00+00:00
[2025-03-08T20:44:26.701+0000] {processor.py:208} INFO - Processing /home/airflow/.local/lib/python3.12/site-packages/airflow/example_dags/tutorial.py took 0.067 seconds
[2025-03-08T20:44:57.194+0000] {processor.py:186} INFO - Started process (PID=1611) to work on /home/airflow/.local/lib/python3.12/site-packages/airflow/example_dags/tutorial.py
[2025-03-08T20:44:57.195+0000] {processor.py:914} INFO - Processing file /home/airflow/.local/lib/python3.12/site-packages/airflow/example_dags/tutorial.py for tasks to queue
[2025-03-08T20:44:57.197+0000] {logging_mixin.py:190} INFO - [2025-03-08T20:44:57.197+0000] {dagbag.py:588} INFO - Filling up the DagBag from /home/airflow/.local/lib/python3.12/site-packages/airflow/example_dags/tutorial.py
[2025-03-08T20:44:57.204+0000] {processor.py:925} INFO - DAG(s) 'tutorial' retrieved from /home/airflow/.local/lib/python3.12/site-packages/airflow/example_dags/tutorial.py
[2025-03-08T20:44:57.222+0000] {logging_mixin.py:190} INFO - [2025-03-08T20:44:57.221+0000] {dag.py:3239} INFO - Sync 1 DAGs
[2025-03-08T20:44:57.242+0000] {logging_mixin.py:190} INFO - [2025-03-08T20:44:57.242+0000] {dag.py:4180} INFO - Setting next_dagrun for tutorial to 2025-03-07 00:00:00+00:00, run_after=2025-03-08 00:00:00+00:00
[2025-03-08T20:44:57.258+0000] {processor.py:208} INFO - Processing /home/airflow/.local/lib/python3.12/site-packages/airflow/example_dags/tutorial.py took 0.069 seconds
[2025-03-08T20:45:28.673+0000] {processor.py:186} INFO - Started process (PID=1674) to work on /home/airflow/.local/lib/python3.12/site-packages/airflow/example_dags/tutorial.py
[2025-03-08T20:45:28.673+0000] {processor.py:914} INFO - Processing file /home/airflow/.local/lib/python3.12/site-packages/airflow/example_dags/tutorial.py for tasks to queue
[2025-03-08T20:45:28.676+0000] {logging_mixin.py:190} INFO - [2025-03-08T20:45:28.675+0000] {dagbag.py:588} INFO - Filling up the DagBag from /home/airflow/.local/lib/python3.12/site-packages/airflow/example_dags/tutorial.py
[2025-03-08T20:45:28.684+0000] {processor.py:925} INFO - DAG(s) 'tutorial' retrieved from /home/airflow/.local/lib/python3.12/site-packages/airflow/example_dags/tutorial.py
[2025-03-08T20:45:28.701+0000] {logging_mixin.py:190} INFO - [2025-03-08T20:45:28.701+0000] {dag.py:3239} INFO - Sync 1 DAGs
[2025-03-08T20:45:28.720+0000] {logging_mixin.py:190} INFO - [2025-03-08T20:45:28.720+0000] {dag.py:4180} INFO - Setting next_dagrun for tutorial to 2025-03-07 00:00:00+00:00, run_after=2025-03-08 00:00:00+00:00
[2025-03-08T20:45:28.737+0000] {processor.py:208} INFO - Processing /home/airflow/.local/lib/python3.12/site-packages/airflow/example_dags/tutorial.py took 0.070 seconds
[2025-03-08T20:46:00.197+0000] {processor.py:186} INFO - Started process (PID=1737) to work on /home/airflow/.local/lib/python3.12/site-packages/airflow/example_dags/tutorial.py
[2025-03-08T20:46:00.198+0000] {processor.py:914} INFO - Processing file /home/airflow/.local/lib/python3.12/site-packages/airflow/example_dags/tutorial.py for tasks to queue
[2025-03-08T20:46:00.200+0000] {logging_mixin.py:190} INFO - [2025-03-08T20:46:00.200+0000] {dagbag.py:588} INFO - Filling up the DagBag from /home/airflow/.local/lib/python3.12/site-packages/airflow/example_dags/tutorial.py
[2025-03-08T20:46:00.207+0000] {processor.py:925} INFO - DAG(s) 'tutorial' retrieved from /home/airflow/.local/lib/python3.12/site-packages/airflow/example_dags/tutorial.py
[2025-03-08T20:46:00.223+0000] {logging_mixin.py:190} INFO - [2025-03-08T20:46:00.223+0000] {dag.py:3239} INFO - Sync 1 DAGs
[2025-03-08T20:46:00.242+0000] {logging_mixin.py:190} INFO - [2025-03-08T20:46:00.242+0000] {dag.py:4180} INFO - Setting next_dagrun for tutorial to 2025-03-07 00:00:00+00:00, run_after=2025-03-08 00:00:00+00:00
[2025-03-08T20:46:00.258+0000] {processor.py:208} INFO - Processing /home/airflow/.local/lib/python3.12/site-packages/airflow/example_dags/tutorial.py took 0.066 seconds
[2025-03-08T20:46:31.883+0000] {processor.py:186} INFO - Started process (PID=1806) to work on /home/airflow/.local/lib/python3.12/site-packages/airflow/example_dags/tutorial.py
[2025-03-08T20:46:31.884+0000] {processor.py:914} INFO - Processing file /home/airflow/.local/lib/python3.12/site-packages/airflow/example_dags/tutorial.py for tasks to queue
[2025-03-08T20:46:31.886+0000] {logging_mixin.py:190} INFO - [2025-03-08T20:46:31.886+0000] {dagbag.py:588} INFO - Filling up the DagBag from /home/airflow/.local/lib/python3.12/site-packages/airflow/example_dags/tutorial.py
[2025-03-08T20:46:31.896+0000] {processor.py:925} INFO - DAG(s) 'tutorial' retrieved from /home/airflow/.local/lib/python3.12/site-packages/airflow/example_dags/tutorial.py
[2025-03-08T20:46:31.915+0000] {logging_mixin.py:190} INFO - [2025-03-08T20:46:31.915+0000] {dag.py:3239} INFO - Sync 1 DAGs
[2025-03-08T20:46:31.938+0000] {logging_mixin.py:190} INFO - [2025-03-08T20:46:31.938+0000] {dag.py:4180} INFO - Setting next_dagrun for tutorial to 2025-03-07 00:00:00+00:00, run_after=2025-03-08 00:00:00+00:00
[2025-03-08T20:46:31.956+0000] {processor.py:208} INFO - Processing /home/airflow/.local/lib/python3.12/site-packages/airflow/example_dags/tutorial.py took 0.078 seconds
[2025-03-08T20:47:02.248+0000] {processor.py:186} INFO - Started process (PID=1869) to work on /home/airflow/.local/lib/python3.12/site-packages/airflow/example_dags/tutorial.py
[2025-03-08T20:47:02.249+0000] {processor.py:914} INFO - Processing file /home/airflow/.local/lib/python3.12/site-packages/airflow/example_dags/tutorial.py for tasks to queue
[2025-03-08T20:47:02.252+0000] {logging_mixin.py:190} INFO - [2025-03-08T20:47:02.251+0000] {dagbag.py:588} INFO - Filling up the DagBag from /home/airflow/.local/lib/python3.12/site-packages/airflow/example_dags/tutorial.py
[2025-03-08T20:47:02.261+0000] {processor.py:925} INFO - DAG(s) 'tutorial' retrieved from /home/airflow/.local/lib/python3.12/site-packages/airflow/example_dags/tutorial.py
[2025-03-08T20:47:02.279+0000] {logging_mixin.py:190} INFO - [2025-03-08T20:47:02.279+0000] {dag.py:3239} INFO - Sync 1 DAGs
[2025-03-08T20:47:02.300+0000] {logging_mixin.py:190} INFO - [2025-03-08T20:47:02.300+0000] {dag.py:4180} INFO - Setting next_dagrun for tutorial to 2025-03-07 00:00:00+00:00, run_after=2025-03-08 00:00:00+00:00
[2025-03-08T20:47:02.323+0000] {processor.py:208} INFO - Processing /home/airflow/.local/lib/python3.12/site-packages/airflow/example_dags/tutorial.py took 0.081 seconds
[2025-03-08T20:47:33.832+0000] {processor.py:186} INFO - Started process (PID=1932) to work on /home/airflow/.local/lib/python3.12/site-packages/airflow/example_dags/tutorial.py
[2025-03-08T20:47:33.832+0000] {processor.py:914} INFO - Processing file /home/airflow/.local/lib/python3.12/site-packages/airflow/example_dags/tutorial.py for tasks to queue
[2025-03-08T20:47:33.834+0000] {logging_mixin.py:190} INFO - [2025-03-08T20:47:33.834+0000] {dagbag.py:588} INFO - Filling up the DagBag from /home/airflow/.local/lib/python3.12/site-packages/airflow/example_dags/tutorial.py
[2025-03-08T20:47:33.841+0000] {processor.py:925} INFO - DAG(s) 'tutorial' retrieved from /home/airflow/.local/lib/python3.12/site-packages/airflow/example_dags/tutorial.py
[2025-03-08T20:47:33.856+0000] {logging_mixin.py:190} INFO - [2025-03-08T20:47:33.855+0000] {dag.py:3239} INFO - Sync 1 DAGs
[2025-03-08T20:47:33.875+0000] {logging_mixin.py:190} INFO - [2025-03-08T20:47:33.875+0000] {dag.py:4180} INFO - Setting next_dagrun for tutorial to 2025-03-07 00:00:00+00:00, run_after=2025-03-08 00:00:00+00:00
[2025-03-08T20:47:33.891+0000] {processor.py:208} INFO - Processing /home/airflow/.local/lib/python3.12/site-packages/airflow/example_dags/tutorial.py took 0.064 seconds
[2025-03-08T20:48:05.023+0000] {processor.py:186} INFO - Started process (PID=1995) to work on /home/airflow/.local/lib/python3.12/site-packages/airflow/example_dags/tutorial.py
[2025-03-08T20:48:05.023+0000] {processor.py:914} INFO - Processing file /home/airflow/.local/lib/python3.12/site-packages/airflow/example_dags/tutorial.py for tasks to queue
[2025-03-08T20:48:05.025+0000] {logging_mixin.py:190} INFO - [2025-03-08T20:48:05.025+0000] {dagbag.py:588} INFO - Filling up the DagBag from /home/airflow/.local/lib/python3.12/site-packages/airflow/example_dags/tutorial.py
[2025-03-08T20:48:05.032+0000] {processor.py:925} INFO - DAG(s) 'tutorial' retrieved from /home/airflow/.local/lib/python3.12/site-packages/airflow/example_dags/tutorial.py
[2025-03-08T20:48:05.047+0000] {logging_mixin.py:190} INFO - [2025-03-08T20:48:05.047+0000] {dag.py:3239} INFO - Sync 1 DAGs
[2025-03-08T20:48:05.068+0000] {logging_mixin.py:190} INFO - [2025-03-08T20:48:05.067+0000] {dag.py:4180} INFO - Setting next_dagrun for tutorial to 2025-03-07 00:00:00+00:00, run_after=2025-03-08 00:00:00+00:00
[2025-03-08T20:48:05.083+0000] {processor.py:208} INFO - Processing /home/airflow/.local/lib/python3.12/site-packages/airflow/example_dags/tutorial.py took 0.065 seconds
[2025-03-08T20:48:35.553+0000] {processor.py:186} INFO - Started process (PID=2058) to work on /home/airflow/.local/lib/python3.12/site-packages/airflow/example_dags/tutorial.py
[2025-03-08T20:48:35.554+0000] {processor.py:914} INFO - Processing file /home/airflow/.local/lib/python3.12/site-packages/airflow/example_dags/tutorial.py for tasks to queue
[2025-03-08T20:48:35.557+0000] {logging_mixin.py:190} INFO - [2025-03-08T20:48:35.556+0000] {dagbag.py:588} INFO - Filling up the DagBag from /home/airflow/.local/lib/python3.12/site-packages/airflow/example_dags/tutorial.py
[2025-03-08T20:48:35.566+0000] {processor.py:925} INFO - DAG(s) 'tutorial' retrieved from /home/airflow/.local/lib/python3.12/site-packages/airflow/example_dags/tutorial.py
[2025-03-08T20:48:35.584+0000] {logging_mixin.py:190} INFO - [2025-03-08T20:48:35.584+0000] {dag.py:3239} INFO - Sync 1 DAGs
[2025-03-08T20:48:35.607+0000] {logging_mixin.py:190} INFO - [2025-03-08T20:48:35.607+0000] {dag.py:4180} INFO - Setting next_dagrun for tutorial to 2025-03-07 00:00:00+00:00, run_after=2025-03-08 00:00:00+00:00
[2025-03-08T20:48:35.627+0000] {processor.py:208} INFO - Processing /home/airflow/.local/lib/python3.12/site-packages/airflow/example_dags/tutorial.py took 0.080 seconds
[2025-03-08T20:49:06.932+0000] {processor.py:186} INFO - Started process (PID=2121) to work on /home/airflow/.local/lib/python3.12/site-packages/airflow/example_dags/tutorial.py
[2025-03-08T20:49:06.932+0000] {processor.py:914} INFO - Processing file /home/airflow/.local/lib/python3.12/site-packages/airflow/example_dags/tutorial.py for tasks to queue
[2025-03-08T20:49:06.935+0000] {logging_mixin.py:190} INFO - [2025-03-08T20:49:06.934+0000] {dagbag.py:588} INFO - Filling up the DagBag from /home/airflow/.local/lib/python3.12/site-packages/airflow/example_dags/tutorial.py
[2025-03-08T20:49:06.942+0000] {processor.py:925} INFO - DAG(s) 'tutorial' retrieved from /home/airflow/.local/lib/python3.12/site-packages/airflow/example_dags/tutorial.py
[2025-03-08T20:49:06.960+0000] {logging_mixin.py:190} INFO - [2025-03-08T20:49:06.959+0000] {dag.py:3239} INFO - Sync 1 DAGs
[2025-03-08T20:49:06.983+0000] {logging_mixin.py:190} INFO - [2025-03-08T20:49:06.983+0000] {dag.py:4180} INFO - Setting next_dagrun for tutorial to 2025-03-07 00:00:00+00:00, run_after=2025-03-08 00:00:00+00:00
[2025-03-08T20:49:07.001+0000] {processor.py:208} INFO - Processing /home/airflow/.local/lib/python3.12/site-packages/airflow/example_dags/tutorial.py took 0.076 seconds
[2025-03-08T20:49:38.473+0000] {processor.py:186} INFO - Started process (PID=2184) to work on /home/airflow/.local/lib/python3.12/site-packages/airflow/example_dags/tutorial.py
[2025-03-08T20:49:38.474+0000] {processor.py:914} INFO - Processing file /home/airflow/.local/lib/python3.12/site-packages/airflow/example_dags/tutorial.py for tasks to queue
[2025-03-08T20:49:38.476+0000] {logging_mixin.py:190} INFO - [2025-03-08T20:49:38.476+0000] {dagbag.py:588} INFO - Filling up the DagBag from /home/airflow/.local/lib/python3.12/site-packages/airflow/example_dags/tutorial.py
[2025-03-08T20:49:38.483+0000] {processor.py:925} INFO - DAG(s) 'tutorial' retrieved from /home/airflow/.local/lib/python3.12/site-packages/airflow/example_dags/tutorial.py
[2025-03-08T20:49:38.501+0000] {logging_mixin.py:190} INFO - [2025-03-08T20:49:38.500+0000] {dag.py:3239} INFO - Sync 1 DAGs
[2025-03-08T20:49:38.520+0000] {logging_mixin.py:190} INFO - [2025-03-08T20:49:38.520+0000] {dag.py:4180} INFO - Setting next_dagrun for tutorial to 2025-03-07 00:00:00+00:00, run_after=2025-03-08 00:00:00+00:00
[2025-03-08T20:49:38.537+0000] {processor.py:208} INFO - Processing /home/airflow/.local/lib/python3.12/site-packages/airflow/example_dags/tutorial.py took 0.070 seconds
[2025-03-08T20:50:09.441+0000] {processor.py:186} INFO - Started process (PID=2247) to work on /home/airflow/.local/lib/python3.12/site-packages/airflow/example_dags/tutorial.py
[2025-03-08T20:50:09.442+0000] {processor.py:914} INFO - Processing file /home/airflow/.local/lib/python3.12/site-packages/airflow/example_dags/tutorial.py for tasks to queue
[2025-03-08T20:50:09.444+0000] {logging_mixin.py:190} INFO - [2025-03-08T20:50:09.444+0000] {dagbag.py:588} INFO - Filling up the DagBag from /home/airflow/.local/lib/python3.12/site-packages/airflow/example_dags/tutorial.py
[2025-03-08T20:50:09.452+0000] {processor.py:925} INFO - DAG(s) 'tutorial' retrieved from /home/airflow/.local/lib/python3.12/site-packages/airflow/example_dags/tutorial.py
[2025-03-08T20:50:09.471+0000] {logging_mixin.py:190} INFO - [2025-03-08T20:50:09.470+0000] {dag.py:3239} INFO - Sync 1 DAGs
[2025-03-08T20:50:09.492+0000] {logging_mixin.py:190} INFO - [2025-03-08T20:50:09.491+0000] {dag.py:4180} INFO - Setting next_dagrun for tutorial to 2025-03-07 00:00:00+00:00, run_after=2025-03-08 00:00:00+00:00
[2025-03-08T20:50:09.507+0000] {processor.py:208} INFO - Processing /home/airflow/.local/lib/python3.12/site-packages/airflow/example_dags/tutorial.py took 0.071 seconds
